[2023-11-02T23:26:25.165+0000] {processor.py:157} INFO - Started process (PID=38) to work on /home/airflow/.local/lib/python3.8/site-packages/airflow/example_dags/example_kubernetes_executor.py
[2023-11-02T23:26:25.166+0000] {processor.py:829} INFO - Processing file /home/airflow/.local/lib/python3.8/site-packages/airflow/example_dags/example_kubernetes_executor.py for tasks to queue
[2023-11-02T23:26:25.169+0000] {logging_mixin.py:151} INFO - [2023-11-02T23:26:25.168+0000] {dagbag.py:536} INFO - Filling up the DagBag from /home/airflow/.local/lib/python3.8/site-packages/airflow/example_dags/example_kubernetes_executor.py
[2023-11-02T23:26:25.189+0000] {processor.py:839} INFO - DAG(s) dict_keys(['example_kubernetes_executor']) retrieved from /home/airflow/.local/lib/python3.8/site-packages/airflow/example_dags/example_kubernetes_executor.py
[2023-11-02T23:26:25.228+0000] {logging_mixin.py:151} INFO - [2023-11-02T23:26:25.227+0000] {dag.py:2941} INFO - Sync 1 DAGs
[2023-11-02T23:26:25.257+0000] {logging_mixin.py:151} INFO - [2023-11-02T23:26:25.256+0000] {dag.py:3722} INFO - Setting next_dagrun for example_kubernetes_executor to None, run_after=None
[2023-11-02T23:26:25.293+0000] {processor.py:179} INFO - Processing /home/airflow/.local/lib/python3.8/site-packages/airflow/example_dags/example_kubernetes_executor.py took 0.131 seconds
[2023-11-02T23:26:55.633+0000] {processor.py:157} INFO - Started process (PID=91) to work on /home/airflow/.local/lib/python3.8/site-packages/airflow/example_dags/example_kubernetes_executor.py
[2023-11-02T23:26:55.635+0000] {processor.py:829} INFO - Processing file /home/airflow/.local/lib/python3.8/site-packages/airflow/example_dags/example_kubernetes_executor.py for tasks to queue
[2023-11-02T23:26:55.637+0000] {logging_mixin.py:151} INFO - [2023-11-02T23:26:55.637+0000] {dagbag.py:536} INFO - Filling up the DagBag from /home/airflow/.local/lib/python3.8/site-packages/airflow/example_dags/example_kubernetes_executor.py
[2023-11-02T23:26:55.652+0000] {processor.py:839} INFO - DAG(s) dict_keys(['example_kubernetes_executor']) retrieved from /home/airflow/.local/lib/python3.8/site-packages/airflow/example_dags/example_kubernetes_executor.py
[2023-11-02T23:26:55.698+0000] {logging_mixin.py:151} INFO - [2023-11-02T23:26:55.697+0000] {dag.py:2941} INFO - Sync 1 DAGs
[2023-11-02T23:26:55.711+0000] {logging_mixin.py:151} INFO - [2023-11-02T23:26:55.710+0000] {dag.py:3722} INFO - Setting next_dagrun for example_kubernetes_executor to None, run_after=None
[2023-11-02T23:26:55.736+0000] {processor.py:179} INFO - Processing /home/airflow/.local/lib/python3.8/site-packages/airflow/example_dags/example_kubernetes_executor.py took 0.107 seconds
[2023-11-02T23:27:26.153+0000] {processor.py:157} INFO - Started process (PID=145) to work on /home/airflow/.local/lib/python3.8/site-packages/airflow/example_dags/example_kubernetes_executor.py
[2023-11-02T23:27:26.155+0000] {processor.py:829} INFO - Processing file /home/airflow/.local/lib/python3.8/site-packages/airflow/example_dags/example_kubernetes_executor.py for tasks to queue
[2023-11-02T23:27:26.158+0000] {logging_mixin.py:151} INFO - [2023-11-02T23:27:26.157+0000] {dagbag.py:536} INFO - Filling up the DagBag from /home/airflow/.local/lib/python3.8/site-packages/airflow/example_dags/example_kubernetes_executor.py
[2023-11-02T23:27:26.173+0000] {processor.py:839} INFO - DAG(s) dict_keys(['example_kubernetes_executor']) retrieved from /home/airflow/.local/lib/python3.8/site-packages/airflow/example_dags/example_kubernetes_executor.py
[2023-11-02T23:27:26.219+0000] {logging_mixin.py:151} INFO - [2023-11-02T23:27:26.219+0000] {dag.py:2941} INFO - Sync 1 DAGs
[2023-11-02T23:27:26.234+0000] {logging_mixin.py:151} INFO - [2023-11-02T23:27:26.234+0000] {dag.py:3722} INFO - Setting next_dagrun for example_kubernetes_executor to None, run_after=None
[2023-11-02T23:27:26.263+0000] {processor.py:179} INFO - Processing /home/airflow/.local/lib/python3.8/site-packages/airflow/example_dags/example_kubernetes_executor.py took 0.113 seconds
[2023-11-02T23:27:56.359+0000] {processor.py:157} INFO - Started process (PID=199) to work on /home/airflow/.local/lib/python3.8/site-packages/airflow/example_dags/example_kubernetes_executor.py
[2023-11-02T23:27:56.360+0000] {processor.py:829} INFO - Processing file /home/airflow/.local/lib/python3.8/site-packages/airflow/example_dags/example_kubernetes_executor.py for tasks to queue
[2023-11-02T23:27:56.362+0000] {logging_mixin.py:151} INFO - [2023-11-02T23:27:56.362+0000] {dagbag.py:536} INFO - Filling up the DagBag from /home/airflow/.local/lib/python3.8/site-packages/airflow/example_dags/example_kubernetes_executor.py
[2023-11-02T23:27:56.377+0000] {processor.py:839} INFO - DAG(s) dict_keys(['example_kubernetes_executor']) retrieved from /home/airflow/.local/lib/python3.8/site-packages/airflow/example_dags/example_kubernetes_executor.py
[2023-11-02T23:27:56.419+0000] {logging_mixin.py:151} INFO - [2023-11-02T23:27:56.419+0000] {dag.py:2941} INFO - Sync 1 DAGs
[2023-11-02T23:27:56.433+0000] {logging_mixin.py:151} INFO - [2023-11-02T23:27:56.432+0000] {dag.py:3722} INFO - Setting next_dagrun for example_kubernetes_executor to None, run_after=None
[2023-11-02T23:27:56.464+0000] {processor.py:179} INFO - Processing /home/airflow/.local/lib/python3.8/site-packages/airflow/example_dags/example_kubernetes_executor.py took 0.108 seconds
[2023-11-02T23:28:26.570+0000] {processor.py:157} INFO - Started process (PID=252) to work on /home/airflow/.local/lib/python3.8/site-packages/airflow/example_dags/example_kubernetes_executor.py
[2023-11-02T23:28:26.572+0000] {processor.py:829} INFO - Processing file /home/airflow/.local/lib/python3.8/site-packages/airflow/example_dags/example_kubernetes_executor.py for tasks to queue
[2023-11-02T23:28:26.574+0000] {logging_mixin.py:151} INFO - [2023-11-02T23:28:26.573+0000] {dagbag.py:536} INFO - Filling up the DagBag from /home/airflow/.local/lib/python3.8/site-packages/airflow/example_dags/example_kubernetes_executor.py
[2023-11-02T23:28:26.588+0000] {processor.py:839} INFO - DAG(s) dict_keys(['example_kubernetes_executor']) retrieved from /home/airflow/.local/lib/python3.8/site-packages/airflow/example_dags/example_kubernetes_executor.py
[2023-11-02T23:28:26.631+0000] {logging_mixin.py:151} INFO - [2023-11-02T23:28:26.631+0000] {dag.py:2941} INFO - Sync 1 DAGs
[2023-11-02T23:28:26.645+0000] {logging_mixin.py:151} INFO - [2023-11-02T23:28:26.645+0000] {dag.py:3722} INFO - Setting next_dagrun for example_kubernetes_executor to None, run_after=None
[2023-11-02T23:28:26.671+0000] {processor.py:179} INFO - Processing /home/airflow/.local/lib/python3.8/site-packages/airflow/example_dags/example_kubernetes_executor.py took 0.104 seconds
[2023-11-02T23:28:56.783+0000] {processor.py:157} INFO - Started process (PID=306) to work on /home/airflow/.local/lib/python3.8/site-packages/airflow/example_dags/example_kubernetes_executor.py
[2023-11-02T23:28:56.784+0000] {processor.py:829} INFO - Processing file /home/airflow/.local/lib/python3.8/site-packages/airflow/example_dags/example_kubernetes_executor.py for tasks to queue
[2023-11-02T23:28:56.787+0000] {logging_mixin.py:151} INFO - [2023-11-02T23:28:56.786+0000] {dagbag.py:536} INFO - Filling up the DagBag from /home/airflow/.local/lib/python3.8/site-packages/airflow/example_dags/example_kubernetes_executor.py
[2023-11-02T23:28:56.821+0000] {processor.py:839} INFO - DAG(s) dict_keys(['example_kubernetes_executor']) retrieved from /home/airflow/.local/lib/python3.8/site-packages/airflow/example_dags/example_kubernetes_executor.py
[2023-11-02T23:28:56.864+0000] {logging_mixin.py:151} INFO - [2023-11-02T23:28:56.863+0000] {dag.py:2941} INFO - Sync 1 DAGs
[2023-11-02T23:28:56.876+0000] {logging_mixin.py:151} INFO - [2023-11-02T23:28:56.876+0000] {dag.py:3722} INFO - Setting next_dagrun for example_kubernetes_executor to None, run_after=None
[2023-11-02T23:28:56.903+0000] {processor.py:179} INFO - Processing /home/airflow/.local/lib/python3.8/site-packages/airflow/example_dags/example_kubernetes_executor.py took 0.124 seconds
[2023-11-02T23:29:26.975+0000] {processor.py:157} INFO - Started process (PID=360) to work on /home/airflow/.local/lib/python3.8/site-packages/airflow/example_dags/example_kubernetes_executor.py
[2023-11-02T23:29:26.977+0000] {processor.py:829} INFO - Processing file /home/airflow/.local/lib/python3.8/site-packages/airflow/example_dags/example_kubernetes_executor.py for tasks to queue
[2023-11-02T23:29:26.979+0000] {logging_mixin.py:151} INFO - [2023-11-02T23:29:26.978+0000] {dagbag.py:536} INFO - Filling up the DagBag from /home/airflow/.local/lib/python3.8/site-packages/airflow/example_dags/example_kubernetes_executor.py
[2023-11-02T23:29:26.993+0000] {processor.py:839} INFO - DAG(s) dict_keys(['example_kubernetes_executor']) retrieved from /home/airflow/.local/lib/python3.8/site-packages/airflow/example_dags/example_kubernetes_executor.py
[2023-11-02T23:29:27.040+0000] {logging_mixin.py:151} INFO - [2023-11-02T23:29:27.040+0000] {dag.py:2941} INFO - Sync 1 DAGs
[2023-11-02T23:29:27.056+0000] {logging_mixin.py:151} INFO - [2023-11-02T23:29:27.056+0000] {dag.py:3722} INFO - Setting next_dagrun for example_kubernetes_executor to None, run_after=None
[2023-11-02T23:29:27.086+0000] {processor.py:179} INFO - Processing /home/airflow/.local/lib/python3.8/site-packages/airflow/example_dags/example_kubernetes_executor.py took 0.114 seconds
[2023-11-02T23:29:57.586+0000] {processor.py:157} INFO - Started process (PID=414) to work on /home/airflow/.local/lib/python3.8/site-packages/airflow/example_dags/example_kubernetes_executor.py
[2023-11-02T23:29:57.587+0000] {processor.py:829} INFO - Processing file /home/airflow/.local/lib/python3.8/site-packages/airflow/example_dags/example_kubernetes_executor.py for tasks to queue
[2023-11-02T23:29:57.589+0000] {logging_mixin.py:151} INFO - [2023-11-02T23:29:57.588+0000] {dagbag.py:536} INFO - Filling up the DagBag from /home/airflow/.local/lib/python3.8/site-packages/airflow/example_dags/example_kubernetes_executor.py
[2023-11-02T23:29:57.609+0000] {processor.py:839} INFO - DAG(s) dict_keys(['example_kubernetes_executor']) retrieved from /home/airflow/.local/lib/python3.8/site-packages/airflow/example_dags/example_kubernetes_executor.py
[2023-11-02T23:29:57.673+0000] {logging_mixin.py:151} INFO - [2023-11-02T23:29:57.673+0000] {dag.py:2941} INFO - Sync 1 DAGs
[2023-11-02T23:29:57.690+0000] {logging_mixin.py:151} INFO - [2023-11-02T23:29:57.689+0000] {dag.py:3722} INFO - Setting next_dagrun for example_kubernetes_executor to None, run_after=None
[2023-11-02T23:29:57.723+0000] {processor.py:179} INFO - Processing /home/airflow/.local/lib/python3.8/site-packages/airflow/example_dags/example_kubernetes_executor.py took 0.141 seconds
[2023-11-02T23:30:28.340+0000] {processor.py:157} INFO - Started process (PID=468) to work on /home/airflow/.local/lib/python3.8/site-packages/airflow/example_dags/example_kubernetes_executor.py
[2023-11-02T23:30:28.342+0000] {processor.py:829} INFO - Processing file /home/airflow/.local/lib/python3.8/site-packages/airflow/example_dags/example_kubernetes_executor.py for tasks to queue
[2023-11-02T23:30:28.344+0000] {logging_mixin.py:151} INFO - [2023-11-02T23:30:28.344+0000] {dagbag.py:536} INFO - Filling up the DagBag from /home/airflow/.local/lib/python3.8/site-packages/airflow/example_dags/example_kubernetes_executor.py
[2023-11-02T23:30:28.360+0000] {processor.py:839} INFO - DAG(s) dict_keys(['example_kubernetes_executor']) retrieved from /home/airflow/.local/lib/python3.8/site-packages/airflow/example_dags/example_kubernetes_executor.py
[2023-11-02T23:30:28.409+0000] {logging_mixin.py:151} INFO - [2023-11-02T23:30:28.409+0000] {dag.py:2941} INFO - Sync 1 DAGs
[2023-11-02T23:30:28.425+0000] {logging_mixin.py:151} INFO - [2023-11-02T23:30:28.424+0000] {dag.py:3722} INFO - Setting next_dagrun for example_kubernetes_executor to None, run_after=None
[2023-11-02T23:30:28.462+0000] {processor.py:179} INFO - Processing /home/airflow/.local/lib/python3.8/site-packages/airflow/example_dags/example_kubernetes_executor.py took 0.126 seconds
[2023-11-02T23:30:59.142+0000] {processor.py:157} INFO - Started process (PID=522) to work on /home/airflow/.local/lib/python3.8/site-packages/airflow/example_dags/example_kubernetes_executor.py
[2023-11-02T23:30:59.144+0000] {processor.py:829} INFO - Processing file /home/airflow/.local/lib/python3.8/site-packages/airflow/example_dags/example_kubernetes_executor.py for tasks to queue
[2023-11-02T23:30:59.146+0000] {logging_mixin.py:151} INFO - [2023-11-02T23:30:59.146+0000] {dagbag.py:536} INFO - Filling up the DagBag from /home/airflow/.local/lib/python3.8/site-packages/airflow/example_dags/example_kubernetes_executor.py
[2023-11-02T23:30:59.170+0000] {processor.py:839} INFO - DAG(s) dict_keys(['example_kubernetes_executor']) retrieved from /home/airflow/.local/lib/python3.8/site-packages/airflow/example_dags/example_kubernetes_executor.py
[2023-11-02T23:30:59.248+0000] {logging_mixin.py:151} INFO - [2023-11-02T23:30:59.248+0000] {dag.py:2941} INFO - Sync 1 DAGs
[2023-11-02T23:30:59.269+0000] {logging_mixin.py:151} INFO - [2023-11-02T23:30:59.269+0000] {dag.py:3722} INFO - Setting next_dagrun for example_kubernetes_executor to None, run_after=None
[2023-11-02T23:30:59.301+0000] {processor.py:179} INFO - Processing /home/airflow/.local/lib/python3.8/site-packages/airflow/example_dags/example_kubernetes_executor.py took 0.163 seconds
[2023-11-02T23:31:30.216+0000] {processor.py:157} INFO - Started process (PID=575) to work on /home/airflow/.local/lib/python3.8/site-packages/airflow/example_dags/example_kubernetes_executor.py
[2023-11-02T23:31:30.218+0000] {processor.py:829} INFO - Processing file /home/airflow/.local/lib/python3.8/site-packages/airflow/example_dags/example_kubernetes_executor.py for tasks to queue
[2023-11-02T23:31:30.220+0000] {logging_mixin.py:151} INFO - [2023-11-02T23:31:30.220+0000] {dagbag.py:536} INFO - Filling up the DagBag from /home/airflow/.local/lib/python3.8/site-packages/airflow/example_dags/example_kubernetes_executor.py
[2023-11-02T23:31:30.236+0000] {processor.py:839} INFO - DAG(s) dict_keys(['example_kubernetes_executor']) retrieved from /home/airflow/.local/lib/python3.8/site-packages/airflow/example_dags/example_kubernetes_executor.py
[2023-11-02T23:31:30.294+0000] {logging_mixin.py:151} INFO - [2023-11-02T23:31:30.293+0000] {dag.py:2941} INFO - Sync 1 DAGs
[2023-11-02T23:31:30.313+0000] {logging_mixin.py:151} INFO - [2023-11-02T23:31:30.313+0000] {dag.py:3722} INFO - Setting next_dagrun for example_kubernetes_executor to None, run_after=None
[2023-11-02T23:31:30.346+0000] {processor.py:179} INFO - Processing /home/airflow/.local/lib/python3.8/site-packages/airflow/example_dags/example_kubernetes_executor.py took 0.134 seconds
[2023-11-02T23:32:01.061+0000] {processor.py:157} INFO - Started process (PID=629) to work on /home/airflow/.local/lib/python3.8/site-packages/airflow/example_dags/example_kubernetes_executor.py
[2023-11-02T23:32:01.063+0000] {processor.py:829} INFO - Processing file /home/airflow/.local/lib/python3.8/site-packages/airflow/example_dags/example_kubernetes_executor.py for tasks to queue
[2023-11-02T23:32:01.065+0000] {logging_mixin.py:151} INFO - [2023-11-02T23:32:01.064+0000] {dagbag.py:536} INFO - Filling up the DagBag from /home/airflow/.local/lib/python3.8/site-packages/airflow/example_dags/example_kubernetes_executor.py
[2023-11-02T23:32:01.080+0000] {processor.py:839} INFO - DAG(s) dict_keys(['example_kubernetes_executor']) retrieved from /home/airflow/.local/lib/python3.8/site-packages/airflow/example_dags/example_kubernetes_executor.py
[2023-11-02T23:32:01.128+0000] {logging_mixin.py:151} INFO - [2023-11-02T23:32:01.128+0000] {dag.py:2941} INFO - Sync 1 DAGs
[2023-11-02T23:32:01.142+0000] {logging_mixin.py:151} INFO - [2023-11-02T23:32:01.142+0000] {dag.py:3722} INFO - Setting next_dagrun for example_kubernetes_executor to None, run_after=None
[2023-11-02T23:32:01.173+0000] {processor.py:179} INFO - Processing /home/airflow/.local/lib/python3.8/site-packages/airflow/example_dags/example_kubernetes_executor.py took 0.115 seconds
[2023-11-02T23:32:31.651+0000] {processor.py:157} INFO - Started process (PID=683) to work on /home/airflow/.local/lib/python3.8/site-packages/airflow/example_dags/example_kubernetes_executor.py
[2023-11-02T23:32:31.653+0000] {processor.py:829} INFO - Processing file /home/airflow/.local/lib/python3.8/site-packages/airflow/example_dags/example_kubernetes_executor.py for tasks to queue
[2023-11-02T23:32:31.656+0000] {logging_mixin.py:151} INFO - [2023-11-02T23:32:31.655+0000] {dagbag.py:536} INFO - Filling up the DagBag from /home/airflow/.local/lib/python3.8/site-packages/airflow/example_dags/example_kubernetes_executor.py
[2023-11-02T23:32:31.676+0000] {processor.py:839} INFO - DAG(s) dict_keys(['example_kubernetes_executor']) retrieved from /home/airflow/.local/lib/python3.8/site-packages/airflow/example_dags/example_kubernetes_executor.py
[2023-11-02T23:32:31.778+0000] {logging_mixin.py:151} INFO - [2023-11-02T23:32:31.776+0000] {dag.py:2941} INFO - Sync 1 DAGs
[2023-11-02T23:32:31.804+0000] {logging_mixin.py:151} INFO - [2023-11-02T23:32:31.804+0000] {dag.py:3722} INFO - Setting next_dagrun for example_kubernetes_executor to None, run_after=None
[2023-11-02T23:32:31.844+0000] {processor.py:179} INFO - Processing /home/airflow/.local/lib/python3.8/site-packages/airflow/example_dags/example_kubernetes_executor.py took 0.198 seconds
[2023-11-02T23:33:01.981+0000] {processor.py:157} INFO - Started process (PID=736) to work on /home/airflow/.local/lib/python3.8/site-packages/airflow/example_dags/example_kubernetes_executor.py
[2023-11-02T23:33:01.983+0000] {processor.py:829} INFO - Processing file /home/airflow/.local/lib/python3.8/site-packages/airflow/example_dags/example_kubernetes_executor.py for tasks to queue
[2023-11-02T23:33:01.985+0000] {logging_mixin.py:151} INFO - [2023-11-02T23:33:01.984+0000] {dagbag.py:536} INFO - Filling up the DagBag from /home/airflow/.local/lib/python3.8/site-packages/airflow/example_dags/example_kubernetes_executor.py
[2023-11-02T23:33:02.002+0000] {processor.py:839} INFO - DAG(s) dict_keys(['example_kubernetes_executor']) retrieved from /home/airflow/.local/lib/python3.8/site-packages/airflow/example_dags/example_kubernetes_executor.py
[2023-11-02T23:33:02.049+0000] {logging_mixin.py:151} INFO - [2023-11-02T23:33:02.049+0000] {dag.py:2941} INFO - Sync 1 DAGs
[2023-11-02T23:33:02.064+0000] {logging_mixin.py:151} INFO - [2023-11-02T23:33:02.063+0000] {dag.py:3722} INFO - Setting next_dagrun for example_kubernetes_executor to None, run_after=None
[2023-11-02T23:33:02.092+0000] {processor.py:179} INFO - Processing /home/airflow/.local/lib/python3.8/site-packages/airflow/example_dags/example_kubernetes_executor.py took 0.114 seconds
[2023-11-02T23:33:32.224+0000] {processor.py:157} INFO - Started process (PID=790) to work on /home/airflow/.local/lib/python3.8/site-packages/airflow/example_dags/example_kubernetes_executor.py
[2023-11-02T23:33:32.225+0000] {processor.py:829} INFO - Processing file /home/airflow/.local/lib/python3.8/site-packages/airflow/example_dags/example_kubernetes_executor.py for tasks to queue
[2023-11-02T23:33:32.229+0000] {logging_mixin.py:151} INFO - [2023-11-02T23:33:32.227+0000] {dagbag.py:536} INFO - Filling up the DagBag from /home/airflow/.local/lib/python3.8/site-packages/airflow/example_dags/example_kubernetes_executor.py
[2023-11-02T23:33:32.246+0000] {processor.py:839} INFO - DAG(s) dict_keys(['example_kubernetes_executor']) retrieved from /home/airflow/.local/lib/python3.8/site-packages/airflow/example_dags/example_kubernetes_executor.py
[2023-11-02T23:33:32.292+0000] {logging_mixin.py:151} INFO - [2023-11-02T23:33:32.291+0000] {dag.py:2941} INFO - Sync 1 DAGs
[2023-11-02T23:33:32.311+0000] {logging_mixin.py:151} INFO - [2023-11-02T23:33:32.311+0000] {dag.py:3722} INFO - Setting next_dagrun for example_kubernetes_executor to None, run_after=None
[2023-11-02T23:33:32.337+0000] {processor.py:179} INFO - Processing /home/airflow/.local/lib/python3.8/site-packages/airflow/example_dags/example_kubernetes_executor.py took 0.116 seconds
[2023-11-02T23:34:02.713+0000] {processor.py:157} INFO - Started process (PID=844) to work on /home/airflow/.local/lib/python3.8/site-packages/airflow/example_dags/example_kubernetes_executor.py
[2023-11-02T23:34:02.714+0000] {processor.py:829} INFO - Processing file /home/airflow/.local/lib/python3.8/site-packages/airflow/example_dags/example_kubernetes_executor.py for tasks to queue
[2023-11-02T23:34:02.716+0000] {logging_mixin.py:151} INFO - [2023-11-02T23:34:02.716+0000] {dagbag.py:536} INFO - Filling up the DagBag from /home/airflow/.local/lib/python3.8/site-packages/airflow/example_dags/example_kubernetes_executor.py
[2023-11-02T23:34:02.732+0000] {processor.py:839} INFO - DAG(s) dict_keys(['example_kubernetes_executor']) retrieved from /home/airflow/.local/lib/python3.8/site-packages/airflow/example_dags/example_kubernetes_executor.py
[2023-11-02T23:34:02.779+0000] {logging_mixin.py:151} INFO - [2023-11-02T23:34:02.778+0000] {dag.py:2941} INFO - Sync 1 DAGs
[2023-11-02T23:34:02.796+0000] {logging_mixin.py:151} INFO - [2023-11-02T23:34:02.796+0000] {dag.py:3722} INFO - Setting next_dagrun for example_kubernetes_executor to None, run_after=None
[2023-11-02T23:34:02.824+0000] {processor.py:179} INFO - Processing /home/airflow/.local/lib/python3.8/site-packages/airflow/example_dags/example_kubernetes_executor.py took 0.115 seconds
[2023-11-02T23:34:33.317+0000] {processor.py:157} INFO - Started process (PID=897) to work on /home/airflow/.local/lib/python3.8/site-packages/airflow/example_dags/example_kubernetes_executor.py
[2023-11-02T23:34:33.318+0000] {processor.py:829} INFO - Processing file /home/airflow/.local/lib/python3.8/site-packages/airflow/example_dags/example_kubernetes_executor.py for tasks to queue
[2023-11-02T23:34:33.320+0000] {logging_mixin.py:151} INFO - [2023-11-02T23:34:33.320+0000] {dagbag.py:536} INFO - Filling up the DagBag from /home/airflow/.local/lib/python3.8/site-packages/airflow/example_dags/example_kubernetes_executor.py
[2023-11-02T23:34:33.336+0000] {processor.py:839} INFO - DAG(s) dict_keys(['example_kubernetes_executor']) retrieved from /home/airflow/.local/lib/python3.8/site-packages/airflow/example_dags/example_kubernetes_executor.py
[2023-11-02T23:34:33.383+0000] {logging_mixin.py:151} INFO - [2023-11-02T23:34:33.383+0000] {dag.py:2941} INFO - Sync 1 DAGs
[2023-11-02T23:34:33.398+0000] {logging_mixin.py:151} INFO - [2023-11-02T23:34:33.398+0000] {dag.py:3722} INFO - Setting next_dagrun for example_kubernetes_executor to None, run_after=None
[2023-11-02T23:34:33.426+0000] {processor.py:179} INFO - Processing /home/airflow/.local/lib/python3.8/site-packages/airflow/example_dags/example_kubernetes_executor.py took 0.114 seconds
[2023-11-02T23:35:03.993+0000] {processor.py:157} INFO - Started process (PID=950) to work on /home/airflow/.local/lib/python3.8/site-packages/airflow/example_dags/example_kubernetes_executor.py
[2023-11-02T23:35:03.994+0000] {processor.py:829} INFO - Processing file /home/airflow/.local/lib/python3.8/site-packages/airflow/example_dags/example_kubernetes_executor.py for tasks to queue
[2023-11-02T23:35:03.996+0000] {logging_mixin.py:151} INFO - [2023-11-02T23:35:03.996+0000] {dagbag.py:536} INFO - Filling up the DagBag from /home/airflow/.local/lib/python3.8/site-packages/airflow/example_dags/example_kubernetes_executor.py
[2023-11-02T23:35:04.016+0000] {processor.py:839} INFO - DAG(s) dict_keys(['example_kubernetes_executor']) retrieved from /home/airflow/.local/lib/python3.8/site-packages/airflow/example_dags/example_kubernetes_executor.py
[2023-11-02T23:35:04.063+0000] {logging_mixin.py:151} INFO - [2023-11-02T23:35:04.062+0000] {dag.py:2941} INFO - Sync 1 DAGs
[2023-11-02T23:35:04.077+0000] {logging_mixin.py:151} INFO - [2023-11-02T23:35:04.077+0000] {dag.py:3722} INFO - Setting next_dagrun for example_kubernetes_executor to None, run_after=None
[2023-11-02T23:35:04.107+0000] {processor.py:179} INFO - Processing /home/airflow/.local/lib/python3.8/site-packages/airflow/example_dags/example_kubernetes_executor.py took 0.118 seconds
[2023-11-02T23:35:34.588+0000] {processor.py:157} INFO - Started process (PID=1004) to work on /home/airflow/.local/lib/python3.8/site-packages/airflow/example_dags/example_kubernetes_executor.py
[2023-11-02T23:35:34.589+0000] {processor.py:829} INFO - Processing file /home/airflow/.local/lib/python3.8/site-packages/airflow/example_dags/example_kubernetes_executor.py for tasks to queue
[2023-11-02T23:35:34.591+0000] {logging_mixin.py:151} INFO - [2023-11-02T23:35:34.591+0000] {dagbag.py:536} INFO - Filling up the DagBag from /home/airflow/.local/lib/python3.8/site-packages/airflow/example_dags/example_kubernetes_executor.py
[2023-11-02T23:35:34.607+0000] {processor.py:839} INFO - DAG(s) dict_keys(['example_kubernetes_executor']) retrieved from /home/airflow/.local/lib/python3.8/site-packages/airflow/example_dags/example_kubernetes_executor.py
[2023-11-02T23:35:34.650+0000] {logging_mixin.py:151} INFO - [2023-11-02T23:35:34.650+0000] {dag.py:2941} INFO - Sync 1 DAGs
[2023-11-02T23:35:34.667+0000] {logging_mixin.py:151} INFO - [2023-11-02T23:35:34.667+0000] {dag.py:3722} INFO - Setting next_dagrun for example_kubernetes_executor to None, run_after=None
[2023-11-02T23:35:34.875+0000] {processor.py:179} INFO - Processing /home/airflow/.local/lib/python3.8/site-packages/airflow/example_dags/example_kubernetes_executor.py took 0.291 seconds
[2023-11-02T23:36:05.329+0000] {processor.py:157} INFO - Started process (PID=1058) to work on /home/airflow/.local/lib/python3.8/site-packages/airflow/example_dags/example_kubernetes_executor.py
[2023-11-02T23:36:05.330+0000] {processor.py:829} INFO - Processing file /home/airflow/.local/lib/python3.8/site-packages/airflow/example_dags/example_kubernetes_executor.py for tasks to queue
[2023-11-02T23:36:05.332+0000] {logging_mixin.py:151} INFO - [2023-11-02T23:36:05.332+0000] {dagbag.py:536} INFO - Filling up the DagBag from /home/airflow/.local/lib/python3.8/site-packages/airflow/example_dags/example_kubernetes_executor.py
[2023-11-02T23:36:05.349+0000] {processor.py:839} INFO - DAG(s) dict_keys(['example_kubernetes_executor']) retrieved from /home/airflow/.local/lib/python3.8/site-packages/airflow/example_dags/example_kubernetes_executor.py
[2023-11-02T23:36:05.397+0000] {logging_mixin.py:151} INFO - [2023-11-02T23:36:05.397+0000] {dag.py:2941} INFO - Sync 1 DAGs
[2023-11-02T23:36:05.412+0000] {logging_mixin.py:151} INFO - [2023-11-02T23:36:05.412+0000] {dag.py:3722} INFO - Setting next_dagrun for example_kubernetes_executor to None, run_after=None
[2023-11-02T23:36:05.442+0000] {processor.py:179} INFO - Processing /home/airflow/.local/lib/python3.8/site-packages/airflow/example_dags/example_kubernetes_executor.py took 0.116 seconds
[2023-11-02T23:36:35.497+0000] {processor.py:157} INFO - Started process (PID=1112) to work on /home/airflow/.local/lib/python3.8/site-packages/airflow/example_dags/example_kubernetes_executor.py
[2023-11-02T23:36:35.499+0000] {processor.py:829} INFO - Processing file /home/airflow/.local/lib/python3.8/site-packages/airflow/example_dags/example_kubernetes_executor.py for tasks to queue
[2023-11-02T23:36:35.502+0000] {logging_mixin.py:151} INFO - [2023-11-02T23:36:35.502+0000] {dagbag.py:536} INFO - Filling up the DagBag from /home/airflow/.local/lib/python3.8/site-packages/airflow/example_dags/example_kubernetes_executor.py
[2023-11-02T23:36:35.518+0000] {processor.py:839} INFO - DAG(s) dict_keys(['example_kubernetes_executor']) retrieved from /home/airflow/.local/lib/python3.8/site-packages/airflow/example_dags/example_kubernetes_executor.py
[2023-11-02T23:36:35.567+0000] {logging_mixin.py:151} INFO - [2023-11-02T23:36:35.567+0000] {dag.py:2941} INFO - Sync 1 DAGs
[2023-11-02T23:36:35.581+0000] {logging_mixin.py:151} INFO - [2023-11-02T23:36:35.581+0000] {dag.py:3722} INFO - Setting next_dagrun for example_kubernetes_executor to None, run_after=None
[2023-11-02T23:36:35.604+0000] {processor.py:179} INFO - Processing /home/airflow/.local/lib/python3.8/site-packages/airflow/example_dags/example_kubernetes_executor.py took 0.110 seconds
[2023-11-02T23:37:06.523+0000] {processor.py:157} INFO - Started process (PID=1167) to work on /home/airflow/.local/lib/python3.8/site-packages/airflow/example_dags/example_kubernetes_executor.py
[2023-11-02T23:37:06.524+0000] {processor.py:829} INFO - Processing file /home/airflow/.local/lib/python3.8/site-packages/airflow/example_dags/example_kubernetes_executor.py for tasks to queue
[2023-11-02T23:37:06.527+0000] {logging_mixin.py:151} INFO - [2023-11-02T23:37:06.526+0000] {dagbag.py:536} INFO - Filling up the DagBag from /home/airflow/.local/lib/python3.8/site-packages/airflow/example_dags/example_kubernetes_executor.py
[2023-11-02T23:37:06.546+0000] {processor.py:839} INFO - DAG(s) dict_keys(['example_kubernetes_executor']) retrieved from /home/airflow/.local/lib/python3.8/site-packages/airflow/example_dags/example_kubernetes_executor.py
[2023-11-02T23:37:06.772+0000] {logging_mixin.py:151} INFO - [2023-11-02T23:37:06.772+0000] {dag.py:2941} INFO - Sync 1 DAGs
[2023-11-02T23:37:06.786+0000] {logging_mixin.py:151} INFO - [2023-11-02T23:37:06.786+0000] {dag.py:3722} INFO - Setting next_dagrun for example_kubernetes_executor to None, run_after=None
[2023-11-02T23:37:06.812+0000] {processor.py:179} INFO - Processing /home/airflow/.local/lib/python3.8/site-packages/airflow/example_dags/example_kubernetes_executor.py took 0.295 seconds
[2023-11-02T23:37:36.902+0000] {processor.py:157} INFO - Started process (PID=1221) to work on /home/airflow/.local/lib/python3.8/site-packages/airflow/example_dags/example_kubernetes_executor.py
[2023-11-02T23:37:36.903+0000] {processor.py:829} INFO - Processing file /home/airflow/.local/lib/python3.8/site-packages/airflow/example_dags/example_kubernetes_executor.py for tasks to queue
[2023-11-02T23:37:36.905+0000] {logging_mixin.py:151} INFO - [2023-11-02T23:37:36.905+0000] {dagbag.py:536} INFO - Filling up the DagBag from /home/airflow/.local/lib/python3.8/site-packages/airflow/example_dags/example_kubernetes_executor.py
[2023-11-02T23:37:36.922+0000] {processor.py:839} INFO - DAG(s) dict_keys(['example_kubernetes_executor']) retrieved from /home/airflow/.local/lib/python3.8/site-packages/airflow/example_dags/example_kubernetes_executor.py
[2023-11-02T23:37:36.967+0000] {logging_mixin.py:151} INFO - [2023-11-02T23:37:36.967+0000] {dag.py:2941} INFO - Sync 1 DAGs
[2023-11-02T23:37:36.983+0000] {logging_mixin.py:151} INFO - [2023-11-02T23:37:36.983+0000] {dag.py:3722} INFO - Setting next_dagrun for example_kubernetes_executor to None, run_after=None
[2023-11-02T23:37:37.183+0000] {processor.py:179} INFO - Processing /home/airflow/.local/lib/python3.8/site-packages/airflow/example_dags/example_kubernetes_executor.py took 0.285 seconds
[2023-11-02T23:38:07.293+0000] {processor.py:157} INFO - Started process (PID=1276) to work on /home/airflow/.local/lib/python3.8/site-packages/airflow/example_dags/example_kubernetes_executor.py
[2023-11-02T23:38:07.294+0000] {processor.py:829} INFO - Processing file /home/airflow/.local/lib/python3.8/site-packages/airflow/example_dags/example_kubernetes_executor.py for tasks to queue
[2023-11-02T23:38:07.298+0000] {logging_mixin.py:151} INFO - [2023-11-02T23:38:07.298+0000] {dagbag.py:536} INFO - Filling up the DagBag from /home/airflow/.local/lib/python3.8/site-packages/airflow/example_dags/example_kubernetes_executor.py
[2023-11-02T23:38:07.327+0000] {processor.py:839} INFO - DAG(s) dict_keys(['example_kubernetes_executor']) retrieved from /home/airflow/.local/lib/python3.8/site-packages/airflow/example_dags/example_kubernetes_executor.py
[2023-11-02T23:38:07.380+0000] {logging_mixin.py:151} INFO - [2023-11-02T23:38:07.380+0000] {dag.py:2941} INFO - Sync 1 DAGs
[2023-11-02T23:38:07.402+0000] {logging_mixin.py:151} INFO - [2023-11-02T23:38:07.402+0000] {dag.py:3722} INFO - Setting next_dagrun for example_kubernetes_executor to None, run_after=None
[2023-11-02T23:38:07.434+0000] {processor.py:179} INFO - Processing /home/airflow/.local/lib/python3.8/site-packages/airflow/example_dags/example_kubernetes_executor.py took 0.147 seconds
[2023-11-02T23:38:37.977+0000] {processor.py:157} INFO - Started process (PID=1330) to work on /home/airflow/.local/lib/python3.8/site-packages/airflow/example_dags/example_kubernetes_executor.py
[2023-11-02T23:38:37.978+0000] {processor.py:829} INFO - Processing file /home/airflow/.local/lib/python3.8/site-packages/airflow/example_dags/example_kubernetes_executor.py for tasks to queue
[2023-11-02T23:38:37.981+0000] {logging_mixin.py:151} INFO - [2023-11-02T23:38:37.980+0000] {dagbag.py:536} INFO - Filling up the DagBag from /home/airflow/.local/lib/python3.8/site-packages/airflow/example_dags/example_kubernetes_executor.py
[2023-11-02T23:38:37.996+0000] {processor.py:839} INFO - DAG(s) dict_keys(['example_kubernetes_executor']) retrieved from /home/airflow/.local/lib/python3.8/site-packages/airflow/example_dags/example_kubernetes_executor.py
[2023-11-02T23:38:38.202+0000] {logging_mixin.py:151} INFO - [2023-11-02T23:38:38.201+0000] {dag.py:2941} INFO - Sync 1 DAGs
[2023-11-02T23:38:38.215+0000] {logging_mixin.py:151} INFO - [2023-11-02T23:38:38.215+0000] {dag.py:3722} INFO - Setting next_dagrun for example_kubernetes_executor to None, run_after=None
[2023-11-02T23:38:38.243+0000] {processor.py:179} INFO - Processing /home/airflow/.local/lib/python3.8/site-packages/airflow/example_dags/example_kubernetes_executor.py took 0.269 seconds
[2023-11-02T23:39:08.411+0000] {processor.py:157} INFO - Started process (PID=1384) to work on /home/airflow/.local/lib/python3.8/site-packages/airflow/example_dags/example_kubernetes_executor.py
[2023-11-02T23:39:08.415+0000] {processor.py:829} INFO - Processing file /home/airflow/.local/lib/python3.8/site-packages/airflow/example_dags/example_kubernetes_executor.py for tasks to queue
[2023-11-02T23:39:08.428+0000] {logging_mixin.py:151} INFO - [2023-11-02T23:39:08.428+0000] {dagbag.py:536} INFO - Filling up the DagBag from /home/airflow/.local/lib/python3.8/site-packages/airflow/example_dags/example_kubernetes_executor.py
[2023-11-02T23:39:08.444+0000] {processor.py:839} INFO - DAG(s) dict_keys(['example_kubernetes_executor']) retrieved from /home/airflow/.local/lib/python3.8/site-packages/airflow/example_dags/example_kubernetes_executor.py
[2023-11-02T23:39:08.496+0000] {logging_mixin.py:151} INFO - [2023-11-02T23:39:08.495+0000] {dag.py:2941} INFO - Sync 1 DAGs
[2023-11-02T23:39:08.671+0000] {logging_mixin.py:151} INFO - [2023-11-02T23:39:08.670+0000] {dag.py:3722} INFO - Setting next_dagrun for example_kubernetes_executor to None, run_after=None
[2023-11-02T23:39:08.698+0000] {processor.py:179} INFO - Processing /home/airflow/.local/lib/python3.8/site-packages/airflow/example_dags/example_kubernetes_executor.py took 0.296 seconds
[2023-11-02T23:39:39.076+0000] {processor.py:157} INFO - Started process (PID=1438) to work on /home/airflow/.local/lib/python3.8/site-packages/airflow/example_dags/example_kubernetes_executor.py
[2023-11-02T23:39:39.077+0000] {processor.py:829} INFO - Processing file /home/airflow/.local/lib/python3.8/site-packages/airflow/example_dags/example_kubernetes_executor.py for tasks to queue
[2023-11-02T23:39:39.079+0000] {logging_mixin.py:151} INFO - [2023-11-02T23:39:39.079+0000] {dagbag.py:536} INFO - Filling up the DagBag from /home/airflow/.local/lib/python3.8/site-packages/airflow/example_dags/example_kubernetes_executor.py
[2023-11-02T23:39:39.095+0000] {processor.py:839} INFO - DAG(s) dict_keys(['example_kubernetes_executor']) retrieved from /home/airflow/.local/lib/python3.8/site-packages/airflow/example_dags/example_kubernetes_executor.py
[2023-11-02T23:39:39.145+0000] {logging_mixin.py:151} INFO - [2023-11-02T23:39:39.144+0000] {dag.py:2941} INFO - Sync 1 DAGs
[2023-11-02T23:39:39.159+0000] {logging_mixin.py:151} INFO - [2023-11-02T23:39:39.159+0000] {dag.py:3722} INFO - Setting next_dagrun for example_kubernetes_executor to None, run_after=None
[2023-11-02T23:39:39.192+0000] {processor.py:179} INFO - Processing /home/airflow/.local/lib/python3.8/site-packages/airflow/example_dags/example_kubernetes_executor.py took 0.120 seconds
[2023-11-02T23:40:10.374+0000] {processor.py:157} INFO - Started process (PID=1491) to work on /home/airflow/.local/lib/python3.8/site-packages/airflow/example_dags/example_kubernetes_executor.py
[2023-11-02T23:40:10.376+0000] {processor.py:829} INFO - Processing file /home/airflow/.local/lib/python3.8/site-packages/airflow/example_dags/example_kubernetes_executor.py for tasks to queue
[2023-11-02T23:40:10.378+0000] {logging_mixin.py:151} INFO - [2023-11-02T23:40:10.378+0000] {dagbag.py:536} INFO - Filling up the DagBag from /home/airflow/.local/lib/python3.8/site-packages/airflow/example_dags/example_kubernetes_executor.py
[2023-11-02T23:40:10.398+0000] {processor.py:839} INFO - DAG(s) dict_keys(['example_kubernetes_executor']) retrieved from /home/airflow/.local/lib/python3.8/site-packages/airflow/example_dags/example_kubernetes_executor.py
[2023-11-02T23:40:10.458+0000] {logging_mixin.py:151} INFO - [2023-11-02T23:40:10.458+0000] {dag.py:2941} INFO - Sync 1 DAGs
[2023-11-02T23:40:10.479+0000] {logging_mixin.py:151} INFO - [2023-11-02T23:40:10.479+0000] {dag.py:3722} INFO - Setting next_dagrun for example_kubernetes_executor to None, run_after=None
[2023-11-02T23:40:10.542+0000] {processor.py:179} INFO - Processing /home/airflow/.local/lib/python3.8/site-packages/airflow/example_dags/example_kubernetes_executor.py took 0.171 seconds
[2023-11-02T23:40:41.298+0000] {processor.py:157} INFO - Started process (PID=1551) to work on /home/airflow/.local/lib/python3.8/site-packages/airflow/example_dags/example_kubernetes_executor.py
[2023-11-02T23:40:41.299+0000] {processor.py:829} INFO - Processing file /home/airflow/.local/lib/python3.8/site-packages/airflow/example_dags/example_kubernetes_executor.py for tasks to queue
[2023-11-02T23:40:41.302+0000] {logging_mixin.py:151} INFO - [2023-11-02T23:40:41.301+0000] {dagbag.py:536} INFO - Filling up the DagBag from /home/airflow/.local/lib/python3.8/site-packages/airflow/example_dags/example_kubernetes_executor.py
[2023-11-02T23:40:41.318+0000] {processor.py:839} INFO - DAG(s) dict_keys(['example_kubernetes_executor']) retrieved from /home/airflow/.local/lib/python3.8/site-packages/airflow/example_dags/example_kubernetes_executor.py
[2023-11-02T23:40:41.618+0000] {logging_mixin.py:151} INFO - [2023-11-02T23:40:41.617+0000] {dag.py:2941} INFO - Sync 1 DAGs
[2023-11-02T23:40:41.631+0000] {logging_mixin.py:151} INFO - [2023-11-02T23:40:41.631+0000] {dag.py:3722} INFO - Setting next_dagrun for example_kubernetes_executor to None, run_after=None
[2023-11-02T23:40:41.668+0000] {processor.py:179} INFO - Processing /home/airflow/.local/lib/python3.8/site-packages/airflow/example_dags/example_kubernetes_executor.py took 0.374 seconds
[2023-11-02T23:41:12.524+0000] {processor.py:157} INFO - Started process (PID=1605) to work on /home/airflow/.local/lib/python3.8/site-packages/airflow/example_dags/example_kubernetes_executor.py
[2023-11-02T23:41:12.525+0000] {processor.py:829} INFO - Processing file /home/airflow/.local/lib/python3.8/site-packages/airflow/example_dags/example_kubernetes_executor.py for tasks to queue
[2023-11-02T23:41:12.527+0000] {logging_mixin.py:151} INFO - [2023-11-02T23:41:12.527+0000] {dagbag.py:536} INFO - Filling up the DagBag from /home/airflow/.local/lib/python3.8/site-packages/airflow/example_dags/example_kubernetes_executor.py
[2023-11-02T23:41:12.543+0000] {processor.py:839} INFO - DAG(s) dict_keys(['example_kubernetes_executor']) retrieved from /home/airflow/.local/lib/python3.8/site-packages/airflow/example_dags/example_kubernetes_executor.py
[2023-11-02T23:41:12.594+0000] {logging_mixin.py:151} INFO - [2023-11-02T23:41:12.594+0000] {dag.py:2941} INFO - Sync 1 DAGs
[2023-11-02T23:41:12.611+0000] {logging_mixin.py:151} INFO - [2023-11-02T23:41:12.611+0000] {dag.py:3722} INFO - Setting next_dagrun for example_kubernetes_executor to None, run_after=None
[2023-11-02T23:41:12.635+0000] {processor.py:179} INFO - Processing /home/airflow/.local/lib/python3.8/site-packages/airflow/example_dags/example_kubernetes_executor.py took 0.115 seconds
[2023-11-02T23:41:42.698+0000] {processor.py:157} INFO - Started process (PID=1659) to work on /home/airflow/.local/lib/python3.8/site-packages/airflow/example_dags/example_kubernetes_executor.py
[2023-11-02T23:41:42.699+0000] {processor.py:829} INFO - Processing file /home/airflow/.local/lib/python3.8/site-packages/airflow/example_dags/example_kubernetes_executor.py for tasks to queue
[2023-11-02T23:41:42.702+0000] {logging_mixin.py:151} INFO - [2023-11-02T23:41:42.702+0000] {dagbag.py:536} INFO - Filling up the DagBag from /home/airflow/.local/lib/python3.8/site-packages/airflow/example_dags/example_kubernetes_executor.py
[2023-11-02T23:41:42.715+0000] {processor.py:839} INFO - DAG(s) dict_keys(['example_kubernetes_executor']) retrieved from /home/airflow/.local/lib/python3.8/site-packages/airflow/example_dags/example_kubernetes_executor.py
[2023-11-02T23:41:42.758+0000] {logging_mixin.py:151} INFO - [2023-11-02T23:41:42.757+0000] {dag.py:2941} INFO - Sync 1 DAGs
[2023-11-02T23:41:42.771+0000] {logging_mixin.py:151} INFO - [2023-11-02T23:41:42.770+0000] {dag.py:3722} INFO - Setting next_dagrun for example_kubernetes_executor to None, run_after=None
[2023-11-02T23:41:42.796+0000] {processor.py:179} INFO - Processing /home/airflow/.local/lib/python3.8/site-packages/airflow/example_dags/example_kubernetes_executor.py took 0.102 seconds
[2023-11-02T23:42:12.904+0000] {processor.py:157} INFO - Started process (PID=1713) to work on /home/airflow/.local/lib/python3.8/site-packages/airflow/example_dags/example_kubernetes_executor.py
[2023-11-02T23:42:12.905+0000] {processor.py:829} INFO - Processing file /home/airflow/.local/lib/python3.8/site-packages/airflow/example_dags/example_kubernetes_executor.py for tasks to queue
[2023-11-02T23:42:12.907+0000] {logging_mixin.py:151} INFO - [2023-11-02T23:42:12.907+0000] {dagbag.py:536} INFO - Filling up the DagBag from /home/airflow/.local/lib/python3.8/site-packages/airflow/example_dags/example_kubernetes_executor.py
[2023-11-02T23:42:12.929+0000] {processor.py:839} INFO - DAG(s) dict_keys(['example_kubernetes_executor']) retrieved from /home/airflow/.local/lib/python3.8/site-packages/airflow/example_dags/example_kubernetes_executor.py
[2023-11-02T23:42:12.977+0000] {logging_mixin.py:151} INFO - [2023-11-02T23:42:12.977+0000] {dag.py:2941} INFO - Sync 1 DAGs
[2023-11-02T23:42:12.992+0000] {logging_mixin.py:151} INFO - [2023-11-02T23:42:12.991+0000] {dag.py:3722} INFO - Setting next_dagrun for example_kubernetes_executor to None, run_after=None
[2023-11-02T23:42:13.024+0000] {processor.py:179} INFO - Processing /home/airflow/.local/lib/python3.8/site-packages/airflow/example_dags/example_kubernetes_executor.py took 0.124 seconds
[2023-11-02T23:42:43.140+0000] {processor.py:157} INFO - Started process (PID=1767) to work on /home/airflow/.local/lib/python3.8/site-packages/airflow/example_dags/example_kubernetes_executor.py
[2023-11-02T23:42:43.141+0000] {processor.py:829} INFO - Processing file /home/airflow/.local/lib/python3.8/site-packages/airflow/example_dags/example_kubernetes_executor.py for tasks to queue
[2023-11-02T23:42:43.144+0000] {logging_mixin.py:151} INFO - [2023-11-02T23:42:43.143+0000] {dagbag.py:536} INFO - Filling up the DagBag from /home/airflow/.local/lib/python3.8/site-packages/airflow/example_dags/example_kubernetes_executor.py
[2023-11-02T23:42:43.160+0000] {processor.py:839} INFO - DAG(s) dict_keys(['example_kubernetes_executor']) retrieved from /home/airflow/.local/lib/python3.8/site-packages/airflow/example_dags/example_kubernetes_executor.py
[2023-11-02T23:42:43.208+0000] {logging_mixin.py:151} INFO - [2023-11-02T23:42:43.208+0000] {dag.py:2941} INFO - Sync 1 DAGs
[2023-11-02T23:42:43.221+0000] {logging_mixin.py:151} INFO - [2023-11-02T23:42:43.221+0000] {dag.py:3722} INFO - Setting next_dagrun for example_kubernetes_executor to None, run_after=None
[2023-11-02T23:42:43.244+0000] {processor.py:179} INFO - Processing /home/airflow/.local/lib/python3.8/site-packages/airflow/example_dags/example_kubernetes_executor.py took 0.109 seconds
[2023-11-02T23:43:13.360+0000] {processor.py:157} INFO - Started process (PID=1821) to work on /home/airflow/.local/lib/python3.8/site-packages/airflow/example_dags/example_kubernetes_executor.py
[2023-11-02T23:43:13.361+0000] {processor.py:829} INFO - Processing file /home/airflow/.local/lib/python3.8/site-packages/airflow/example_dags/example_kubernetes_executor.py for tasks to queue
[2023-11-02T23:43:13.364+0000] {logging_mixin.py:151} INFO - [2023-11-02T23:43:13.363+0000] {dagbag.py:536} INFO - Filling up the DagBag from /home/airflow/.local/lib/python3.8/site-packages/airflow/example_dags/example_kubernetes_executor.py
[2023-11-02T23:43:13.381+0000] {processor.py:839} INFO - DAG(s) dict_keys(['example_kubernetes_executor']) retrieved from /home/airflow/.local/lib/python3.8/site-packages/airflow/example_dags/example_kubernetes_executor.py
[2023-11-02T23:43:13.430+0000] {logging_mixin.py:151} INFO - [2023-11-02T23:43:13.430+0000] {dag.py:2941} INFO - Sync 1 DAGs
[2023-11-02T23:43:13.449+0000] {logging_mixin.py:151} INFO - [2023-11-02T23:43:13.448+0000] {dag.py:3722} INFO - Setting next_dagrun for example_kubernetes_executor to None, run_after=None
[2023-11-02T23:43:13.505+0000] {processor.py:179} INFO - Processing /home/airflow/.local/lib/python3.8/site-packages/airflow/example_dags/example_kubernetes_executor.py took 0.148 seconds
[2023-11-02T23:43:43.674+0000] {processor.py:157} INFO - Started process (PID=1876) to work on /home/airflow/.local/lib/python3.8/site-packages/airflow/example_dags/example_kubernetes_executor.py
[2023-11-02T23:43:43.675+0000] {processor.py:829} INFO - Processing file /home/airflow/.local/lib/python3.8/site-packages/airflow/example_dags/example_kubernetes_executor.py for tasks to queue
[2023-11-02T23:43:43.678+0000] {logging_mixin.py:151} INFO - [2023-11-02T23:43:43.677+0000] {dagbag.py:536} INFO - Filling up the DagBag from /home/airflow/.local/lib/python3.8/site-packages/airflow/example_dags/example_kubernetes_executor.py
[2023-11-02T23:43:43.691+0000] {processor.py:839} INFO - DAG(s) dict_keys(['example_kubernetes_executor']) retrieved from /home/airflow/.local/lib/python3.8/site-packages/airflow/example_dags/example_kubernetes_executor.py
[2023-11-02T23:43:43.730+0000] {logging_mixin.py:151} INFO - [2023-11-02T23:43:43.730+0000] {dag.py:2941} INFO - Sync 1 DAGs
[2023-11-02T23:43:43.742+0000] {logging_mixin.py:151} INFO - [2023-11-02T23:43:43.742+0000] {dag.py:3722} INFO - Setting next_dagrun for example_kubernetes_executor to None, run_after=None
[2023-11-02T23:43:43.769+0000] {processor.py:179} INFO - Processing /home/airflow/.local/lib/python3.8/site-packages/airflow/example_dags/example_kubernetes_executor.py took 0.098 seconds
[2023-11-02T23:44:13.908+0000] {processor.py:157} INFO - Started process (PID=1929) to work on /home/airflow/.local/lib/python3.8/site-packages/airflow/example_dags/example_kubernetes_executor.py
[2023-11-02T23:44:13.910+0000] {processor.py:829} INFO - Processing file /home/airflow/.local/lib/python3.8/site-packages/airflow/example_dags/example_kubernetes_executor.py for tasks to queue
[2023-11-02T23:44:13.914+0000] {logging_mixin.py:151} INFO - [2023-11-02T23:44:13.913+0000] {dagbag.py:536} INFO - Filling up the DagBag from /home/airflow/.local/lib/python3.8/site-packages/airflow/example_dags/example_kubernetes_executor.py
[2023-11-02T23:44:13.934+0000] {processor.py:839} INFO - DAG(s) dict_keys(['example_kubernetes_executor']) retrieved from /home/airflow/.local/lib/python3.8/site-packages/airflow/example_dags/example_kubernetes_executor.py
[2023-11-02T23:44:13.990+0000] {logging_mixin.py:151} INFO - [2023-11-02T23:44:13.990+0000] {dag.py:2941} INFO - Sync 1 DAGs
[2023-11-02T23:44:14.005+0000] {logging_mixin.py:151} INFO - [2023-11-02T23:44:14.005+0000] {dag.py:3722} INFO - Setting next_dagrun for example_kubernetes_executor to None, run_after=None
[2023-11-02T23:44:14.041+0000] {processor.py:179} INFO - Processing /home/airflow/.local/lib/python3.8/site-packages/airflow/example_dags/example_kubernetes_executor.py took 0.139 seconds
[2023-11-02T23:44:44.213+0000] {processor.py:157} INFO - Started process (PID=1983) to work on /home/airflow/.local/lib/python3.8/site-packages/airflow/example_dags/example_kubernetes_executor.py
[2023-11-02T23:44:44.214+0000] {processor.py:829} INFO - Processing file /home/airflow/.local/lib/python3.8/site-packages/airflow/example_dags/example_kubernetes_executor.py for tasks to queue
[2023-11-02T23:44:44.217+0000] {logging_mixin.py:151} INFO - [2023-11-02T23:44:44.216+0000] {dagbag.py:536} INFO - Filling up the DagBag from /home/airflow/.local/lib/python3.8/site-packages/airflow/example_dags/example_kubernetes_executor.py
[2023-11-02T23:44:44.230+0000] {processor.py:839} INFO - DAG(s) dict_keys(['example_kubernetes_executor']) retrieved from /home/airflow/.local/lib/python3.8/site-packages/airflow/example_dags/example_kubernetes_executor.py
[2023-11-02T23:44:44.271+0000] {logging_mixin.py:151} INFO - [2023-11-02T23:44:44.271+0000] {dag.py:2941} INFO - Sync 1 DAGs
[2023-11-02T23:44:44.284+0000] {logging_mixin.py:151} INFO - [2023-11-02T23:44:44.284+0000] {dag.py:3722} INFO - Setting next_dagrun for example_kubernetes_executor to None, run_after=None
[2023-11-02T23:44:44.314+0000] {processor.py:179} INFO - Processing /home/airflow/.local/lib/python3.8/site-packages/airflow/example_dags/example_kubernetes_executor.py took 0.104 seconds
[2023-11-02T23:45:14.519+0000] {processor.py:157} INFO - Started process (PID=2037) to work on /home/airflow/.local/lib/python3.8/site-packages/airflow/example_dags/example_kubernetes_executor.py
[2023-11-02T23:45:14.520+0000] {processor.py:829} INFO - Processing file /home/airflow/.local/lib/python3.8/site-packages/airflow/example_dags/example_kubernetes_executor.py for tasks to queue
[2023-11-02T23:45:14.523+0000] {logging_mixin.py:151} INFO - [2023-11-02T23:45:14.523+0000] {dagbag.py:536} INFO - Filling up the DagBag from /home/airflow/.local/lib/python3.8/site-packages/airflow/example_dags/example_kubernetes_executor.py
[2023-11-02T23:45:14.540+0000] {processor.py:839} INFO - DAG(s) dict_keys(['example_kubernetes_executor']) retrieved from /home/airflow/.local/lib/python3.8/site-packages/airflow/example_dags/example_kubernetes_executor.py
[2023-11-02T23:45:14.603+0000] {logging_mixin.py:151} INFO - [2023-11-02T23:45:14.603+0000] {dag.py:2941} INFO - Sync 1 DAGs
[2023-11-02T23:45:14.619+0000] {logging_mixin.py:151} INFO - [2023-11-02T23:45:14.618+0000] {dag.py:3722} INFO - Setting next_dagrun for example_kubernetes_executor to None, run_after=None
[2023-11-02T23:45:14.648+0000] {processor.py:179} INFO - Processing /home/airflow/.local/lib/python3.8/site-packages/airflow/example_dags/example_kubernetes_executor.py took 0.134 seconds
[2023-11-02T23:45:44.949+0000] {processor.py:157} INFO - Started process (PID=2091) to work on /home/airflow/.local/lib/python3.8/site-packages/airflow/example_dags/example_kubernetes_executor.py
[2023-11-02T23:45:44.949+0000] {processor.py:829} INFO - Processing file /home/airflow/.local/lib/python3.8/site-packages/airflow/example_dags/example_kubernetes_executor.py for tasks to queue
[2023-11-02T23:45:44.952+0000] {logging_mixin.py:151} INFO - [2023-11-02T23:45:44.952+0000] {dagbag.py:536} INFO - Filling up the DagBag from /home/airflow/.local/lib/python3.8/site-packages/airflow/example_dags/example_kubernetes_executor.py
[2023-11-02T23:45:44.966+0000] {processor.py:839} INFO - DAG(s) dict_keys(['example_kubernetes_executor']) retrieved from /home/airflow/.local/lib/python3.8/site-packages/airflow/example_dags/example_kubernetes_executor.py
[2023-11-02T23:45:45.014+0000] {logging_mixin.py:151} INFO - [2023-11-02T23:45:45.013+0000] {dag.py:2941} INFO - Sync 1 DAGs
[2023-11-02T23:45:45.027+0000] {logging_mixin.py:151} INFO - [2023-11-02T23:45:45.027+0000] {dag.py:3722} INFO - Setting next_dagrun for example_kubernetes_executor to None, run_after=None
[2023-11-02T23:45:45.053+0000] {processor.py:179} INFO - Processing /home/airflow/.local/lib/python3.8/site-packages/airflow/example_dags/example_kubernetes_executor.py took 0.108 seconds
[2023-11-02T23:46:15.231+0000] {processor.py:157} INFO - Started process (PID=2145) to work on /home/airflow/.local/lib/python3.8/site-packages/airflow/example_dags/example_kubernetes_executor.py
[2023-11-02T23:46:15.233+0000] {processor.py:829} INFO - Processing file /home/airflow/.local/lib/python3.8/site-packages/airflow/example_dags/example_kubernetes_executor.py for tasks to queue
[2023-11-02T23:46:15.235+0000] {logging_mixin.py:151} INFO - [2023-11-02T23:46:15.235+0000] {dagbag.py:536} INFO - Filling up the DagBag from /home/airflow/.local/lib/python3.8/site-packages/airflow/example_dags/example_kubernetes_executor.py
[2023-11-02T23:46:15.251+0000] {processor.py:839} INFO - DAG(s) dict_keys(['example_kubernetes_executor']) retrieved from /home/airflow/.local/lib/python3.8/site-packages/airflow/example_dags/example_kubernetes_executor.py
[2023-11-02T23:46:15.307+0000] {logging_mixin.py:151} INFO - [2023-11-02T23:46:15.307+0000] {dag.py:2941} INFO - Sync 1 DAGs
[2023-11-02T23:46:15.321+0000] {logging_mixin.py:151} INFO - [2023-11-02T23:46:15.321+0000] {dag.py:3722} INFO - Setting next_dagrun for example_kubernetes_executor to None, run_after=None
[2023-11-02T23:46:15.347+0000] {processor.py:179} INFO - Processing /home/airflow/.local/lib/python3.8/site-packages/airflow/example_dags/example_kubernetes_executor.py took 0.122 seconds
[2023-11-02T23:46:45.411+0000] {processor.py:157} INFO - Started process (PID=2199) to work on /home/airflow/.local/lib/python3.8/site-packages/airflow/example_dags/example_kubernetes_executor.py
[2023-11-02T23:46:45.413+0000] {processor.py:829} INFO - Processing file /home/airflow/.local/lib/python3.8/site-packages/airflow/example_dags/example_kubernetes_executor.py for tasks to queue
[2023-11-02T23:46:45.415+0000] {logging_mixin.py:151} INFO - [2023-11-02T23:46:45.415+0000] {dagbag.py:536} INFO - Filling up the DagBag from /home/airflow/.local/lib/python3.8/site-packages/airflow/example_dags/example_kubernetes_executor.py
[2023-11-02T23:46:45.430+0000] {processor.py:839} INFO - DAG(s) dict_keys(['example_kubernetes_executor']) retrieved from /home/airflow/.local/lib/python3.8/site-packages/airflow/example_dags/example_kubernetes_executor.py
[2023-11-02T23:46:45.474+0000] {logging_mixin.py:151} INFO - [2023-11-02T23:46:45.473+0000] {dag.py:2941} INFO - Sync 1 DAGs
[2023-11-02T23:46:45.487+0000] {logging_mixin.py:151} INFO - [2023-11-02T23:46:45.487+0000] {dag.py:3722} INFO - Setting next_dagrun for example_kubernetes_executor to None, run_after=None
[2023-11-02T23:46:45.515+0000] {processor.py:179} INFO - Processing /home/airflow/.local/lib/python3.8/site-packages/airflow/example_dags/example_kubernetes_executor.py took 0.108 seconds
[2023-11-02T23:47:15.651+0000] {processor.py:157} INFO - Started process (PID=2252) to work on /home/airflow/.local/lib/python3.8/site-packages/airflow/example_dags/example_kubernetes_executor.py
[2023-11-02T23:47:15.652+0000] {processor.py:829} INFO - Processing file /home/airflow/.local/lib/python3.8/site-packages/airflow/example_dags/example_kubernetes_executor.py for tasks to queue
[2023-11-02T23:47:15.655+0000] {logging_mixin.py:151} INFO - [2023-11-02T23:47:15.654+0000] {dagbag.py:536} INFO - Filling up the DagBag from /home/airflow/.local/lib/python3.8/site-packages/airflow/example_dags/example_kubernetes_executor.py
[2023-11-02T23:47:15.672+0000] {processor.py:839} INFO - DAG(s) dict_keys(['example_kubernetes_executor']) retrieved from /home/airflow/.local/lib/python3.8/site-packages/airflow/example_dags/example_kubernetes_executor.py
[2023-11-02T23:47:15.719+0000] {logging_mixin.py:151} INFO - [2023-11-02T23:47:15.719+0000] {dag.py:2941} INFO - Sync 1 DAGs
[2023-11-02T23:47:15.732+0000] {logging_mixin.py:151} INFO - [2023-11-02T23:47:15.732+0000] {dag.py:3722} INFO - Setting next_dagrun for example_kubernetes_executor to None, run_after=None
[2023-11-02T23:47:15.766+0000] {processor.py:179} INFO - Processing /home/airflow/.local/lib/python3.8/site-packages/airflow/example_dags/example_kubernetes_executor.py took 0.119 seconds
[2023-11-02T23:47:45.843+0000] {processor.py:157} INFO - Started process (PID=2306) to work on /home/airflow/.local/lib/python3.8/site-packages/airflow/example_dags/example_kubernetes_executor.py
[2023-11-02T23:47:45.844+0000] {processor.py:829} INFO - Processing file /home/airflow/.local/lib/python3.8/site-packages/airflow/example_dags/example_kubernetes_executor.py for tasks to queue
[2023-11-02T23:47:45.847+0000] {logging_mixin.py:151} INFO - [2023-11-02T23:47:45.847+0000] {dagbag.py:536} INFO - Filling up the DagBag from /home/airflow/.local/lib/python3.8/site-packages/airflow/example_dags/example_kubernetes_executor.py
[2023-11-02T23:47:45.862+0000] {processor.py:839} INFO - DAG(s) dict_keys(['example_kubernetes_executor']) retrieved from /home/airflow/.local/lib/python3.8/site-packages/airflow/example_dags/example_kubernetes_executor.py
[2023-11-02T23:47:45.908+0000] {logging_mixin.py:151} INFO - [2023-11-02T23:47:45.908+0000] {dag.py:2941} INFO - Sync 1 DAGs
[2023-11-02T23:47:45.923+0000] {logging_mixin.py:151} INFO - [2023-11-02T23:47:45.922+0000] {dag.py:3722} INFO - Setting next_dagrun for example_kubernetes_executor to None, run_after=None
[2023-11-02T23:47:45.953+0000] {processor.py:179} INFO - Processing /home/airflow/.local/lib/python3.8/site-packages/airflow/example_dags/example_kubernetes_executor.py took 0.114 seconds
[2023-11-02T23:48:57.713+0000] {processor.py:157} INFO - Started process (PID=37) to work on /home/airflow/.local/lib/python3.8/site-packages/airflow/example_dags/example_kubernetes_executor.py
[2023-11-02T23:48:57.726+0000] {processor.py:829} INFO - Processing file /home/airflow/.local/lib/python3.8/site-packages/airflow/example_dags/example_kubernetes_executor.py for tasks to queue
[2023-11-02T23:48:57.729+0000] {logging_mixin.py:151} INFO - [2023-11-02T23:48:57.728+0000] {dagbag.py:536} INFO - Filling up the DagBag from /home/airflow/.local/lib/python3.8/site-packages/airflow/example_dags/example_kubernetes_executor.py
[2023-11-02T23:48:57.755+0000] {processor.py:839} INFO - DAG(s) dict_keys(['example_kubernetes_executor']) retrieved from /home/airflow/.local/lib/python3.8/site-packages/airflow/example_dags/example_kubernetes_executor.py
[2023-11-02T23:48:57.785+0000] {logging_mixin.py:151} INFO - [2023-11-02T23:48:57.785+0000] {dag.py:2941} INFO - Sync 1 DAGs
[2023-11-02T23:48:57.804+0000] {logging_mixin.py:151} INFO - [2023-11-02T23:48:57.804+0000] {dag.py:3722} INFO - Setting next_dagrun for example_kubernetes_executor to None, run_after=None
[2023-11-02T23:48:57.837+0000] {processor.py:179} INFO - Processing /home/airflow/.local/lib/python3.8/site-packages/airflow/example_dags/example_kubernetes_executor.py took 0.127 seconds
[2023-11-02T23:49:28.019+0000] {processor.py:157} INFO - Started process (PID=91) to work on /home/airflow/.local/lib/python3.8/site-packages/airflow/example_dags/example_kubernetes_executor.py
[2023-11-02T23:49:28.020+0000] {processor.py:829} INFO - Processing file /home/airflow/.local/lib/python3.8/site-packages/airflow/example_dags/example_kubernetes_executor.py for tasks to queue
[2023-11-02T23:49:28.022+0000] {logging_mixin.py:151} INFO - [2023-11-02T23:49:28.022+0000] {dagbag.py:536} INFO - Filling up the DagBag from /home/airflow/.local/lib/python3.8/site-packages/airflow/example_dags/example_kubernetes_executor.py
[2023-11-02T23:49:28.036+0000] {processor.py:839} INFO - DAG(s) dict_keys(['example_kubernetes_executor']) retrieved from /home/airflow/.local/lib/python3.8/site-packages/airflow/example_dags/example_kubernetes_executor.py
[2023-11-02T23:49:28.077+0000] {logging_mixin.py:151} INFO - [2023-11-02T23:49:28.076+0000] {dag.py:2941} INFO - Sync 1 DAGs
[2023-11-02T23:49:28.090+0000] {logging_mixin.py:151} INFO - [2023-11-02T23:49:28.090+0000] {dag.py:3722} INFO - Setting next_dagrun for example_kubernetes_executor to None, run_after=None
[2023-11-02T23:49:28.112+0000] {processor.py:179} INFO - Processing /home/airflow/.local/lib/python3.8/site-packages/airflow/example_dags/example_kubernetes_executor.py took 0.096 seconds
[2023-11-02T23:49:58.240+0000] {processor.py:157} INFO - Started process (PID=145) to work on /home/airflow/.local/lib/python3.8/site-packages/airflow/example_dags/example_kubernetes_executor.py
[2023-11-02T23:49:58.241+0000] {processor.py:829} INFO - Processing file /home/airflow/.local/lib/python3.8/site-packages/airflow/example_dags/example_kubernetes_executor.py for tasks to queue
[2023-11-02T23:49:58.243+0000] {logging_mixin.py:151} INFO - [2023-11-02T23:49:58.243+0000] {dagbag.py:536} INFO - Filling up the DagBag from /home/airflow/.local/lib/python3.8/site-packages/airflow/example_dags/example_kubernetes_executor.py
[2023-11-02T23:49:58.257+0000] {processor.py:839} INFO - DAG(s) dict_keys(['example_kubernetes_executor']) retrieved from /home/airflow/.local/lib/python3.8/site-packages/airflow/example_dags/example_kubernetes_executor.py
[2023-11-02T23:49:58.300+0000] {logging_mixin.py:151} INFO - [2023-11-02T23:49:58.300+0000] {dag.py:2941} INFO - Sync 1 DAGs
[2023-11-02T23:49:58.318+0000] {logging_mixin.py:151} INFO - [2023-11-02T23:49:58.318+0000] {dag.py:3722} INFO - Setting next_dagrun for example_kubernetes_executor to None, run_after=None
[2023-11-02T23:49:58.346+0000] {processor.py:179} INFO - Processing /home/airflow/.local/lib/python3.8/site-packages/airflow/example_dags/example_kubernetes_executor.py took 0.109 seconds
[2023-11-02T23:50:28.709+0000] {processor.py:157} INFO - Started process (PID=199) to work on /home/airflow/.local/lib/python3.8/site-packages/airflow/example_dags/example_kubernetes_executor.py
[2023-11-02T23:50:28.710+0000] {processor.py:829} INFO - Processing file /home/airflow/.local/lib/python3.8/site-packages/airflow/example_dags/example_kubernetes_executor.py for tasks to queue
[2023-11-02T23:50:28.712+0000] {logging_mixin.py:151} INFO - [2023-11-02T23:50:28.712+0000] {dagbag.py:536} INFO - Filling up the DagBag from /home/airflow/.local/lib/python3.8/site-packages/airflow/example_dags/example_kubernetes_executor.py
[2023-11-02T23:50:28.727+0000] {processor.py:839} INFO - DAG(s) dict_keys(['example_kubernetes_executor']) retrieved from /home/airflow/.local/lib/python3.8/site-packages/airflow/example_dags/example_kubernetes_executor.py
[2023-11-02T23:50:28.771+0000] {logging_mixin.py:151} INFO - [2023-11-02T23:50:28.771+0000] {dag.py:2941} INFO - Sync 1 DAGs
[2023-11-02T23:50:28.785+0000] {logging_mixin.py:151} INFO - [2023-11-02T23:50:28.784+0000] {dag.py:3722} INFO - Setting next_dagrun for example_kubernetes_executor to None, run_after=None
[2023-11-02T23:50:28.814+0000] {processor.py:179} INFO - Processing /home/airflow/.local/lib/python3.8/site-packages/airflow/example_dags/example_kubernetes_executor.py took 0.108 seconds
[2023-11-02T23:50:59.136+0000] {processor.py:157} INFO - Started process (PID=253) to work on /home/airflow/.local/lib/python3.8/site-packages/airflow/example_dags/example_kubernetes_executor.py
[2023-11-02T23:50:59.138+0000] {processor.py:829} INFO - Processing file /home/airflow/.local/lib/python3.8/site-packages/airflow/example_dags/example_kubernetes_executor.py for tasks to queue
[2023-11-02T23:50:59.140+0000] {logging_mixin.py:151} INFO - [2023-11-02T23:50:59.139+0000] {dagbag.py:536} INFO - Filling up the DagBag from /home/airflow/.local/lib/python3.8/site-packages/airflow/example_dags/example_kubernetes_executor.py
[2023-11-02T23:50:59.155+0000] {processor.py:839} INFO - DAG(s) dict_keys(['example_kubernetes_executor']) retrieved from /home/airflow/.local/lib/python3.8/site-packages/airflow/example_dags/example_kubernetes_executor.py
[2023-11-02T23:50:59.202+0000] {logging_mixin.py:151} INFO - [2023-11-02T23:50:59.201+0000] {dag.py:2941} INFO - Sync 1 DAGs
[2023-11-02T23:50:59.217+0000] {logging_mixin.py:151} INFO - [2023-11-02T23:50:59.217+0000] {dag.py:3722} INFO - Setting next_dagrun for example_kubernetes_executor to None, run_after=None
[2023-11-02T23:50:59.247+0000] {processor.py:179} INFO - Processing /home/airflow/.local/lib/python3.8/site-packages/airflow/example_dags/example_kubernetes_executor.py took 0.114 seconds
[2023-11-02T23:51:29.432+0000] {processor.py:157} INFO - Started process (PID=307) to work on /home/airflow/.local/lib/python3.8/site-packages/airflow/example_dags/example_kubernetes_executor.py
[2023-11-02T23:51:29.433+0000] {processor.py:829} INFO - Processing file /home/airflow/.local/lib/python3.8/site-packages/airflow/example_dags/example_kubernetes_executor.py for tasks to queue
[2023-11-02T23:51:29.435+0000] {logging_mixin.py:151} INFO - [2023-11-02T23:51:29.435+0000] {dagbag.py:536} INFO - Filling up the DagBag from /home/airflow/.local/lib/python3.8/site-packages/airflow/example_dags/example_kubernetes_executor.py
[2023-11-02T23:51:29.452+0000] {processor.py:839} INFO - DAG(s) dict_keys(['example_kubernetes_executor']) retrieved from /home/airflow/.local/lib/python3.8/site-packages/airflow/example_dags/example_kubernetes_executor.py
[2023-11-02T23:51:29.505+0000] {logging_mixin.py:151} INFO - [2023-11-02T23:51:29.504+0000] {dag.py:2941} INFO - Sync 1 DAGs
[2023-11-02T23:51:29.530+0000] {logging_mixin.py:151} INFO - [2023-11-02T23:51:29.528+0000] {dag.py:3722} INFO - Setting next_dagrun for example_kubernetes_executor to None, run_after=None
[2023-11-02T23:51:29.556+0000] {processor.py:179} INFO - Processing /home/airflow/.local/lib/python3.8/site-packages/airflow/example_dags/example_kubernetes_executor.py took 0.128 seconds
[2023-11-02T23:51:59.706+0000] {processor.py:157} INFO - Started process (PID=361) to work on /home/airflow/.local/lib/python3.8/site-packages/airflow/example_dags/example_kubernetes_executor.py
[2023-11-02T23:51:59.707+0000] {processor.py:829} INFO - Processing file /home/airflow/.local/lib/python3.8/site-packages/airflow/example_dags/example_kubernetes_executor.py for tasks to queue
[2023-11-02T23:51:59.710+0000] {logging_mixin.py:151} INFO - [2023-11-02T23:51:59.709+0000] {dagbag.py:536} INFO - Filling up the DagBag from /home/airflow/.local/lib/python3.8/site-packages/airflow/example_dags/example_kubernetes_executor.py
[2023-11-02T23:51:59.731+0000] {processor.py:839} INFO - DAG(s) dict_keys(['example_kubernetes_executor']) retrieved from /home/airflow/.local/lib/python3.8/site-packages/airflow/example_dags/example_kubernetes_executor.py
[2023-11-02T23:51:59.779+0000] {logging_mixin.py:151} INFO - [2023-11-02T23:51:59.779+0000] {dag.py:2941} INFO - Sync 1 DAGs
[2023-11-02T23:51:59.795+0000] {logging_mixin.py:151} INFO - [2023-11-02T23:51:59.794+0000] {dag.py:3722} INFO - Setting next_dagrun for example_kubernetes_executor to None, run_after=None
[2023-11-02T23:51:59.841+0000] {processor.py:179} INFO - Processing /home/airflow/.local/lib/python3.8/site-packages/airflow/example_dags/example_kubernetes_executor.py took 0.138 seconds
[2023-11-02T23:52:29.922+0000] {processor.py:157} INFO - Started process (PID=415) to work on /home/airflow/.local/lib/python3.8/site-packages/airflow/example_dags/example_kubernetes_executor.py
[2023-11-02T23:52:29.923+0000] {processor.py:829} INFO - Processing file /home/airflow/.local/lib/python3.8/site-packages/airflow/example_dags/example_kubernetes_executor.py for tasks to queue
[2023-11-02T23:52:29.925+0000] {logging_mixin.py:151} INFO - [2023-11-02T23:52:29.925+0000] {dagbag.py:536} INFO - Filling up the DagBag from /home/airflow/.local/lib/python3.8/site-packages/airflow/example_dags/example_kubernetes_executor.py
[2023-11-02T23:52:29.943+0000] {processor.py:839} INFO - DAG(s) dict_keys(['example_kubernetes_executor']) retrieved from /home/airflow/.local/lib/python3.8/site-packages/airflow/example_dags/example_kubernetes_executor.py
[2023-11-02T23:52:29.998+0000] {logging_mixin.py:151} INFO - [2023-11-02T23:52:29.997+0000] {dag.py:2941} INFO - Sync 1 DAGs
[2023-11-02T23:52:30.011+0000] {logging_mixin.py:151} INFO - [2023-11-02T23:52:30.010+0000] {dag.py:3722} INFO - Setting next_dagrun for example_kubernetes_executor to None, run_after=None
[2023-11-02T23:52:30.032+0000] {processor.py:179} INFO - Processing /home/airflow/.local/lib/python3.8/site-packages/airflow/example_dags/example_kubernetes_executor.py took 0.114 seconds
[2023-11-02T23:53:00.180+0000] {processor.py:157} INFO - Started process (PID=469) to work on /home/airflow/.local/lib/python3.8/site-packages/airflow/example_dags/example_kubernetes_executor.py
[2023-11-02T23:53:00.182+0000] {processor.py:829} INFO - Processing file /home/airflow/.local/lib/python3.8/site-packages/airflow/example_dags/example_kubernetes_executor.py for tasks to queue
[2023-11-02T23:53:00.185+0000] {logging_mixin.py:151} INFO - [2023-11-02T23:53:00.184+0000] {dagbag.py:536} INFO - Filling up the DagBag from /home/airflow/.local/lib/python3.8/site-packages/airflow/example_dags/example_kubernetes_executor.py
[2023-11-02T23:53:00.199+0000] {processor.py:839} INFO - DAG(s) dict_keys(['example_kubernetes_executor']) retrieved from /home/airflow/.local/lib/python3.8/site-packages/airflow/example_dags/example_kubernetes_executor.py
[2023-11-02T23:53:00.271+0000] {logging_mixin.py:151} INFO - [2023-11-02T23:53:00.271+0000] {dag.py:2941} INFO - Sync 1 DAGs
[2023-11-02T23:53:00.290+0000] {logging_mixin.py:151} INFO - [2023-11-02T23:53:00.290+0000] {dag.py:3722} INFO - Setting next_dagrun for example_kubernetes_executor to None, run_after=None
[2023-11-02T23:53:00.330+0000] {processor.py:179} INFO - Processing /home/airflow/.local/lib/python3.8/site-packages/airflow/example_dags/example_kubernetes_executor.py took 0.153 seconds
[2023-11-02T23:53:30.431+0000] {processor.py:157} INFO - Started process (PID=523) to work on /home/airflow/.local/lib/python3.8/site-packages/airflow/example_dags/example_kubernetes_executor.py
[2023-11-02T23:53:30.432+0000] {processor.py:829} INFO - Processing file /home/airflow/.local/lib/python3.8/site-packages/airflow/example_dags/example_kubernetes_executor.py for tasks to queue
[2023-11-02T23:53:30.434+0000] {logging_mixin.py:151} INFO - [2023-11-02T23:53:30.433+0000] {dagbag.py:536} INFO - Filling up the DagBag from /home/airflow/.local/lib/python3.8/site-packages/airflow/example_dags/example_kubernetes_executor.py
[2023-11-02T23:53:30.448+0000] {processor.py:839} INFO - DAG(s) dict_keys(['example_kubernetes_executor']) retrieved from /home/airflow/.local/lib/python3.8/site-packages/airflow/example_dags/example_kubernetes_executor.py
[2023-11-02T23:53:30.491+0000] {logging_mixin.py:151} INFO - [2023-11-02T23:53:30.491+0000] {dag.py:2941} INFO - Sync 1 DAGs
[2023-11-02T23:53:30.506+0000] {logging_mixin.py:151} INFO - [2023-11-02T23:53:30.506+0000] {dag.py:3722} INFO - Setting next_dagrun for example_kubernetes_executor to None, run_after=None
[2023-11-02T23:53:30.533+0000] {processor.py:179} INFO - Processing /home/airflow/.local/lib/python3.8/site-packages/airflow/example_dags/example_kubernetes_executor.py took 0.105 seconds
[2023-11-02T23:54:00.660+0000] {processor.py:157} INFO - Started process (PID=577) to work on /home/airflow/.local/lib/python3.8/site-packages/airflow/example_dags/example_kubernetes_executor.py
[2023-11-02T23:54:00.662+0000] {processor.py:829} INFO - Processing file /home/airflow/.local/lib/python3.8/site-packages/airflow/example_dags/example_kubernetes_executor.py for tasks to queue
[2023-11-02T23:54:00.664+0000] {logging_mixin.py:151} INFO - [2023-11-02T23:54:00.663+0000] {dagbag.py:536} INFO - Filling up the DagBag from /home/airflow/.local/lib/python3.8/site-packages/airflow/example_dags/example_kubernetes_executor.py
[2023-11-02T23:54:00.677+0000] {processor.py:839} INFO - DAG(s) dict_keys(['example_kubernetes_executor']) retrieved from /home/airflow/.local/lib/python3.8/site-packages/airflow/example_dags/example_kubernetes_executor.py
[2023-11-02T23:54:00.721+0000] {logging_mixin.py:151} INFO - [2023-11-02T23:54:00.721+0000] {dag.py:2941} INFO - Sync 1 DAGs
[2023-11-02T23:54:00.735+0000] {logging_mixin.py:151} INFO - [2023-11-02T23:54:00.735+0000] {dag.py:3722} INFO - Setting next_dagrun for example_kubernetes_executor to None, run_after=None
[2023-11-02T23:54:00.760+0000] {processor.py:179} INFO - Processing /home/airflow/.local/lib/python3.8/site-packages/airflow/example_dags/example_kubernetes_executor.py took 0.104 seconds
[2023-11-02T23:54:30.990+0000] {processor.py:157} INFO - Started process (PID=632) to work on /home/airflow/.local/lib/python3.8/site-packages/airflow/example_dags/example_kubernetes_executor.py
[2023-11-02T23:54:30.992+0000] {processor.py:829} INFO - Processing file /home/airflow/.local/lib/python3.8/site-packages/airflow/example_dags/example_kubernetes_executor.py for tasks to queue
[2023-11-02T23:54:30.994+0000] {logging_mixin.py:151} INFO - [2023-11-02T23:54:30.993+0000] {dagbag.py:536} INFO - Filling up the DagBag from /home/airflow/.local/lib/python3.8/site-packages/airflow/example_dags/example_kubernetes_executor.py
[2023-11-02T23:54:31.008+0000] {processor.py:839} INFO - DAG(s) dict_keys(['example_kubernetes_executor']) retrieved from /home/airflow/.local/lib/python3.8/site-packages/airflow/example_dags/example_kubernetes_executor.py
[2023-11-02T23:54:31.052+0000] {logging_mixin.py:151} INFO - [2023-11-02T23:54:31.052+0000] {dag.py:2941} INFO - Sync 1 DAGs
[2023-11-02T23:54:31.067+0000] {logging_mixin.py:151} INFO - [2023-11-02T23:54:31.066+0000] {dag.py:3722} INFO - Setting next_dagrun for example_kubernetes_executor to None, run_after=None
[2023-11-02T23:54:31.100+0000] {processor.py:179} INFO - Processing /home/airflow/.local/lib/python3.8/site-packages/airflow/example_dags/example_kubernetes_executor.py took 0.114 seconds
[2023-11-02T23:55:01.375+0000] {processor.py:157} INFO - Started process (PID=685) to work on /home/airflow/.local/lib/python3.8/site-packages/airflow/example_dags/example_kubernetes_executor.py
[2023-11-02T23:55:01.377+0000] {processor.py:829} INFO - Processing file /home/airflow/.local/lib/python3.8/site-packages/airflow/example_dags/example_kubernetes_executor.py for tasks to queue
[2023-11-02T23:55:01.379+0000] {logging_mixin.py:151} INFO - [2023-11-02T23:55:01.379+0000] {dagbag.py:536} INFO - Filling up the DagBag from /home/airflow/.local/lib/python3.8/site-packages/airflow/example_dags/example_kubernetes_executor.py
[2023-11-02T23:55:01.395+0000] {processor.py:839} INFO - DAG(s) dict_keys(['example_kubernetes_executor']) retrieved from /home/airflow/.local/lib/python3.8/site-packages/airflow/example_dags/example_kubernetes_executor.py
[2023-11-02T23:55:01.495+0000] {logging_mixin.py:151} INFO - [2023-11-02T23:55:01.494+0000] {dag.py:2941} INFO - Sync 1 DAGs
[2023-11-02T23:55:01.525+0000] {logging_mixin.py:151} INFO - [2023-11-02T23:55:01.524+0000] {dag.py:3722} INFO - Setting next_dagrun for example_kubernetes_executor to None, run_after=None
[2023-11-02T23:55:01.585+0000] {processor.py:179} INFO - Processing /home/airflow/.local/lib/python3.8/site-packages/airflow/example_dags/example_kubernetes_executor.py took 0.213 seconds
[2023-11-02T23:55:31.723+0000] {processor.py:157} INFO - Started process (PID=739) to work on /home/airflow/.local/lib/python3.8/site-packages/airflow/example_dags/example_kubernetes_executor.py
[2023-11-02T23:55:31.724+0000] {processor.py:829} INFO - Processing file /home/airflow/.local/lib/python3.8/site-packages/airflow/example_dags/example_kubernetes_executor.py for tasks to queue
[2023-11-02T23:55:31.726+0000] {logging_mixin.py:151} INFO - [2023-11-02T23:55:31.725+0000] {dagbag.py:536} INFO - Filling up the DagBag from /home/airflow/.local/lib/python3.8/site-packages/airflow/example_dags/example_kubernetes_executor.py
[2023-11-02T23:55:31.738+0000] {processor.py:839} INFO - DAG(s) dict_keys(['example_kubernetes_executor']) retrieved from /home/airflow/.local/lib/python3.8/site-packages/airflow/example_dags/example_kubernetes_executor.py
[2023-11-02T23:55:31.782+0000] {logging_mixin.py:151} INFO - [2023-11-02T23:55:31.781+0000] {dag.py:2941} INFO - Sync 1 DAGs
[2023-11-02T23:55:31.796+0000] {logging_mixin.py:151} INFO - [2023-11-02T23:55:31.795+0000] {dag.py:3722} INFO - Setting next_dagrun for example_kubernetes_executor to None, run_after=None
[2023-11-02T23:55:31.825+0000] {processor.py:179} INFO - Processing /home/airflow/.local/lib/python3.8/site-packages/airflow/example_dags/example_kubernetes_executor.py took 0.105 seconds
[2023-11-02T23:56:02.098+0000] {processor.py:157} INFO - Started process (PID=793) to work on /home/airflow/.local/lib/python3.8/site-packages/airflow/example_dags/example_kubernetes_executor.py
[2023-11-02T23:56:02.101+0000] {processor.py:829} INFO - Processing file /home/airflow/.local/lib/python3.8/site-packages/airflow/example_dags/example_kubernetes_executor.py for tasks to queue
[2023-11-02T23:56:02.104+0000] {logging_mixin.py:151} INFO - [2023-11-02T23:56:02.104+0000] {dagbag.py:536} INFO - Filling up the DagBag from /home/airflow/.local/lib/python3.8/site-packages/airflow/example_dags/example_kubernetes_executor.py
[2023-11-02T23:56:02.123+0000] {processor.py:839} INFO - DAG(s) dict_keys(['example_kubernetes_executor']) retrieved from /home/airflow/.local/lib/python3.8/site-packages/airflow/example_dags/example_kubernetes_executor.py
[2023-11-02T23:56:02.176+0000] {logging_mixin.py:151} INFO - [2023-11-02T23:56:02.175+0000] {dag.py:2941} INFO - Sync 1 DAGs
[2023-11-02T23:56:02.194+0000] {logging_mixin.py:151} INFO - [2023-11-02T23:56:02.193+0000] {dag.py:3722} INFO - Setting next_dagrun for example_kubernetes_executor to None, run_after=None
[2023-11-02T23:56:02.224+0000] {processor.py:179} INFO - Processing /home/airflow/.local/lib/python3.8/site-packages/airflow/example_dags/example_kubernetes_executor.py took 0.130 seconds
[2023-11-02T23:56:32.357+0000] {processor.py:157} INFO - Started process (PID=847) to work on /home/airflow/.local/lib/python3.8/site-packages/airflow/example_dags/example_kubernetes_executor.py
[2023-11-02T23:56:32.359+0000] {processor.py:829} INFO - Processing file /home/airflow/.local/lib/python3.8/site-packages/airflow/example_dags/example_kubernetes_executor.py for tasks to queue
[2023-11-02T23:56:32.361+0000] {logging_mixin.py:151} INFO - [2023-11-02T23:56:32.361+0000] {dagbag.py:536} INFO - Filling up the DagBag from /home/airflow/.local/lib/python3.8/site-packages/airflow/example_dags/example_kubernetes_executor.py
[2023-11-02T23:56:32.378+0000] {processor.py:839} INFO - DAG(s) dict_keys(['example_kubernetes_executor']) retrieved from /home/airflow/.local/lib/python3.8/site-packages/airflow/example_dags/example_kubernetes_executor.py
[2023-11-02T23:56:32.424+0000] {logging_mixin.py:151} INFO - [2023-11-02T23:56:32.424+0000] {dag.py:2941} INFO - Sync 1 DAGs
[2023-11-02T23:56:32.440+0000] {logging_mixin.py:151} INFO - [2023-11-02T23:56:32.439+0000] {dag.py:3722} INFO - Setting next_dagrun for example_kubernetes_executor to None, run_after=None
[2023-11-02T23:56:32.474+0000] {processor.py:179} INFO - Processing /home/airflow/.local/lib/python3.8/site-packages/airflow/example_dags/example_kubernetes_executor.py took 0.120 seconds
[2023-11-02T23:57:02.635+0000] {processor.py:157} INFO - Started process (PID=901) to work on /home/airflow/.local/lib/python3.8/site-packages/airflow/example_dags/example_kubernetes_executor.py
[2023-11-02T23:57:02.636+0000] {processor.py:829} INFO - Processing file /home/airflow/.local/lib/python3.8/site-packages/airflow/example_dags/example_kubernetes_executor.py for tasks to queue
[2023-11-02T23:57:02.639+0000] {logging_mixin.py:151} INFO - [2023-11-02T23:57:02.638+0000] {dagbag.py:536} INFO - Filling up the DagBag from /home/airflow/.local/lib/python3.8/site-packages/airflow/example_dags/example_kubernetes_executor.py
[2023-11-02T23:57:02.655+0000] {processor.py:839} INFO - DAG(s) dict_keys(['example_kubernetes_executor']) retrieved from /home/airflow/.local/lib/python3.8/site-packages/airflow/example_dags/example_kubernetes_executor.py
[2023-11-02T23:57:02.705+0000] {logging_mixin.py:151} INFO - [2023-11-02T23:57:02.705+0000] {dag.py:2941} INFO - Sync 1 DAGs
[2023-11-02T23:57:02.719+0000] {logging_mixin.py:151} INFO - [2023-11-02T23:57:02.719+0000] {dag.py:3722} INFO - Setting next_dagrun for example_kubernetes_executor to None, run_after=None
[2023-11-02T23:57:02.749+0000] {processor.py:179} INFO - Processing /home/airflow/.local/lib/python3.8/site-packages/airflow/example_dags/example_kubernetes_executor.py took 0.118 seconds
[2023-11-02T23:57:33.061+0000] {processor.py:157} INFO - Started process (PID=955) to work on /home/airflow/.local/lib/python3.8/site-packages/airflow/example_dags/example_kubernetes_executor.py
[2023-11-02T23:57:33.062+0000] {processor.py:829} INFO - Processing file /home/airflow/.local/lib/python3.8/site-packages/airflow/example_dags/example_kubernetes_executor.py for tasks to queue
[2023-11-02T23:57:33.064+0000] {logging_mixin.py:151} INFO - [2023-11-02T23:57:33.064+0000] {dagbag.py:536} INFO - Filling up the DagBag from /home/airflow/.local/lib/python3.8/site-packages/airflow/example_dags/example_kubernetes_executor.py
[2023-11-02T23:57:33.080+0000] {processor.py:839} INFO - DAG(s) dict_keys(['example_kubernetes_executor']) retrieved from /home/airflow/.local/lib/python3.8/site-packages/airflow/example_dags/example_kubernetes_executor.py
[2023-11-02T23:57:33.127+0000] {logging_mixin.py:151} INFO - [2023-11-02T23:57:33.127+0000] {dag.py:2941} INFO - Sync 1 DAGs
[2023-11-02T23:57:33.141+0000] {logging_mixin.py:151} INFO - [2023-11-02T23:57:33.141+0000] {dag.py:3722} INFO - Setting next_dagrun for example_kubernetes_executor to None, run_after=None
[2023-11-02T23:57:33.172+0000] {processor.py:179} INFO - Processing /home/airflow/.local/lib/python3.8/site-packages/airflow/example_dags/example_kubernetes_executor.py took 0.115 seconds
[2023-11-02T23:58:03.446+0000] {processor.py:157} INFO - Started process (PID=1009) to work on /home/airflow/.local/lib/python3.8/site-packages/airflow/example_dags/example_kubernetes_executor.py
[2023-11-02T23:58:03.447+0000] {processor.py:829} INFO - Processing file /home/airflow/.local/lib/python3.8/site-packages/airflow/example_dags/example_kubernetes_executor.py for tasks to queue
[2023-11-02T23:58:03.449+0000] {logging_mixin.py:151} INFO - [2023-11-02T23:58:03.449+0000] {dagbag.py:536} INFO - Filling up the DagBag from /home/airflow/.local/lib/python3.8/site-packages/airflow/example_dags/example_kubernetes_executor.py
[2023-11-02T23:58:03.464+0000] {processor.py:839} INFO - DAG(s) dict_keys(['example_kubernetes_executor']) retrieved from /home/airflow/.local/lib/python3.8/site-packages/airflow/example_dags/example_kubernetes_executor.py
[2023-11-02T23:58:03.508+0000] {logging_mixin.py:151} INFO - [2023-11-02T23:58:03.507+0000] {dag.py:2941} INFO - Sync 1 DAGs
[2023-11-02T23:58:03.523+0000] {logging_mixin.py:151} INFO - [2023-11-02T23:58:03.523+0000] {dag.py:3722} INFO - Setting next_dagrun for example_kubernetes_executor to None, run_after=None
[2023-11-02T23:58:03.552+0000] {processor.py:179} INFO - Processing /home/airflow/.local/lib/python3.8/site-packages/airflow/example_dags/example_kubernetes_executor.py took 0.111 seconds
[2023-11-02T23:58:34.040+0000] {processor.py:157} INFO - Started process (PID=1063) to work on /home/airflow/.local/lib/python3.8/site-packages/airflow/example_dags/example_kubernetes_executor.py
[2023-11-02T23:58:34.042+0000] {processor.py:829} INFO - Processing file /home/airflow/.local/lib/python3.8/site-packages/airflow/example_dags/example_kubernetes_executor.py for tasks to queue
[2023-11-02T23:58:34.044+0000] {logging_mixin.py:151} INFO - [2023-11-02T23:58:34.044+0000] {dagbag.py:536} INFO - Filling up the DagBag from /home/airflow/.local/lib/python3.8/site-packages/airflow/example_dags/example_kubernetes_executor.py
[2023-11-02T23:58:34.060+0000] {processor.py:839} INFO - DAG(s) dict_keys(['example_kubernetes_executor']) retrieved from /home/airflow/.local/lib/python3.8/site-packages/airflow/example_dags/example_kubernetes_executor.py
[2023-11-02T23:58:34.110+0000] {logging_mixin.py:151} INFO - [2023-11-02T23:58:34.109+0000] {dag.py:2941} INFO - Sync 1 DAGs
[2023-11-02T23:58:34.126+0000] {logging_mixin.py:151} INFO - [2023-11-02T23:58:34.125+0000] {dag.py:3722} INFO - Setting next_dagrun for example_kubernetes_executor to None, run_after=None
[2023-11-02T23:58:34.157+0000] {processor.py:179} INFO - Processing /home/airflow/.local/lib/python3.8/site-packages/airflow/example_dags/example_kubernetes_executor.py took 0.120 seconds
[2023-11-02T23:59:04.524+0000] {processor.py:157} INFO - Started process (PID=1117) to work on /home/airflow/.local/lib/python3.8/site-packages/airflow/example_dags/example_kubernetes_executor.py
[2023-11-02T23:59:04.525+0000] {processor.py:829} INFO - Processing file /home/airflow/.local/lib/python3.8/site-packages/airflow/example_dags/example_kubernetes_executor.py for tasks to queue
[2023-11-02T23:59:04.527+0000] {logging_mixin.py:151} INFO - [2023-11-02T23:59:04.527+0000] {dagbag.py:536} INFO - Filling up the DagBag from /home/airflow/.local/lib/python3.8/site-packages/airflow/example_dags/example_kubernetes_executor.py
[2023-11-02T23:59:04.544+0000] {processor.py:839} INFO - DAG(s) dict_keys(['example_kubernetes_executor']) retrieved from /home/airflow/.local/lib/python3.8/site-packages/airflow/example_dags/example_kubernetes_executor.py
[2023-11-02T23:59:04.595+0000] {logging_mixin.py:151} INFO - [2023-11-02T23:59:04.594+0000] {dag.py:2941} INFO - Sync 1 DAGs
[2023-11-02T23:59:04.613+0000] {logging_mixin.py:151} INFO - [2023-11-02T23:59:04.612+0000] {dag.py:3722} INFO - Setting next_dagrun for example_kubernetes_executor to None, run_after=None
[2023-11-02T23:59:04.654+0000] {processor.py:179} INFO - Processing /home/airflow/.local/lib/python3.8/site-packages/airflow/example_dags/example_kubernetes_executor.py took 0.134 seconds
[2023-11-02T23:59:35.000+0000] {processor.py:157} INFO - Started process (PID=1171) to work on /home/airflow/.local/lib/python3.8/site-packages/airflow/example_dags/example_kubernetes_executor.py
[2023-11-02T23:59:35.001+0000] {processor.py:829} INFO - Processing file /home/airflow/.local/lib/python3.8/site-packages/airflow/example_dags/example_kubernetes_executor.py for tasks to queue
[2023-11-02T23:59:35.003+0000] {logging_mixin.py:151} INFO - [2023-11-02T23:59:35.003+0000] {dagbag.py:536} INFO - Filling up the DagBag from /home/airflow/.local/lib/python3.8/site-packages/airflow/example_dags/example_kubernetes_executor.py
[2023-11-02T23:59:35.020+0000] {processor.py:839} INFO - DAG(s) dict_keys(['example_kubernetes_executor']) retrieved from /home/airflow/.local/lib/python3.8/site-packages/airflow/example_dags/example_kubernetes_executor.py
[2023-11-02T23:59:35.067+0000] {logging_mixin.py:151} INFO - [2023-11-02T23:59:35.067+0000] {dag.py:2941} INFO - Sync 1 DAGs
[2023-11-02T23:59:35.083+0000] {logging_mixin.py:151} INFO - [2023-11-02T23:59:35.082+0000] {dag.py:3722} INFO - Setting next_dagrun for example_kubernetes_executor to None, run_after=None
[2023-11-02T23:59:35.114+0000] {processor.py:179} INFO - Processing /home/airflow/.local/lib/python3.8/site-packages/airflow/example_dags/example_kubernetes_executor.py took 0.118 seconds
