[2023-11-02T23:26:25.741+0000] {processor.py:157} INFO - Started process (PID=45) to work on /home/airflow/.local/lib/python3.8/site-packages/airflow/example_dags/example_setup_teardown.py
[2023-11-02T23:26:25.742+0000] {processor.py:829} INFO - Processing file /home/airflow/.local/lib/python3.8/site-packages/airflow/example_dags/example_setup_teardown.py for tasks to queue
[2023-11-02T23:26:25.745+0000] {logging_mixin.py:151} INFO - [2023-11-02T23:26:25.745+0000] {dagbag.py:536} INFO - Filling up the DagBag from /home/airflow/.local/lib/python3.8/site-packages/airflow/example_dags/example_setup_teardown.py
[2023-11-02T23:26:25.754+0000] {processor.py:839} INFO - DAG(s) dict_keys(['example_setup_teardown']) retrieved from /home/airflow/.local/lib/python3.8/site-packages/airflow/example_dags/example_setup_teardown.py
[2023-11-02T23:26:25.778+0000] {logging_mixin.py:151} INFO - [2023-11-02T23:26:25.778+0000] {dag.py:2941} INFO - Sync 1 DAGs
[2023-11-02T23:26:25.837+0000] {logging_mixin.py:151} INFO - [2023-11-02T23:26:25.836+0000] {dag.py:3722} INFO - Setting next_dagrun for example_setup_teardown to 2023-11-01T23:26:25.836529+00:00, run_after=2023-11-02T23:26:25.836529+00:00
[2023-11-02T23:26:25.908+0000] {processor.py:179} INFO - Processing /home/airflow/.local/lib/python3.8/site-packages/airflow/example_dags/example_setup_teardown.py took 0.170 seconds
[2023-11-02T23:26:56.028+0000] {processor.py:157} INFO - Started process (PID=98) to work on /home/airflow/.local/lib/python3.8/site-packages/airflow/example_dags/example_setup_teardown.py
[2023-11-02T23:26:56.030+0000] {processor.py:829} INFO - Processing file /home/airflow/.local/lib/python3.8/site-packages/airflow/example_dags/example_setup_teardown.py for tasks to queue
[2023-11-02T23:26:56.032+0000] {logging_mixin.py:151} INFO - [2023-11-02T23:26:56.032+0000] {dagbag.py:536} INFO - Filling up the DagBag from /home/airflow/.local/lib/python3.8/site-packages/airflow/example_dags/example_setup_teardown.py
[2023-11-02T23:26:56.039+0000] {processor.py:839} INFO - DAG(s) dict_keys(['example_setup_teardown']) retrieved from /home/airflow/.local/lib/python3.8/site-packages/airflow/example_dags/example_setup_teardown.py
[2023-11-02T23:26:56.066+0000] {logging_mixin.py:151} INFO - [2023-11-02T23:26:56.065+0000] {dag.py:2941} INFO - Sync 1 DAGs
[2023-11-02T23:26:56.096+0000] {logging_mixin.py:151} INFO - [2023-11-02T23:26:56.095+0000] {dag.py:3722} INFO - Setting next_dagrun for example_setup_teardown to 2023-11-01T23:26:56.095552+00:00, run_after=2023-11-02T23:26:56.095552+00:00
[2023-11-02T23:26:56.124+0000] {processor.py:179} INFO - Processing /home/airflow/.local/lib/python3.8/site-packages/airflow/example_dags/example_setup_teardown.py took 0.099 seconds
[2023-11-02T23:27:26.617+0000] {processor.py:157} INFO - Started process (PID=152) to work on /home/airflow/.local/lib/python3.8/site-packages/airflow/example_dags/example_setup_teardown.py
[2023-11-02T23:27:26.618+0000] {processor.py:829} INFO - Processing file /home/airflow/.local/lib/python3.8/site-packages/airflow/example_dags/example_setup_teardown.py for tasks to queue
[2023-11-02T23:27:26.620+0000] {logging_mixin.py:151} INFO - [2023-11-02T23:27:26.620+0000] {dagbag.py:536} INFO - Filling up the DagBag from /home/airflow/.local/lib/python3.8/site-packages/airflow/example_dags/example_setup_teardown.py
[2023-11-02T23:27:26.628+0000] {processor.py:839} INFO - DAG(s) dict_keys(['example_setup_teardown']) retrieved from /home/airflow/.local/lib/python3.8/site-packages/airflow/example_dags/example_setup_teardown.py
[2023-11-02T23:27:26.655+0000] {logging_mixin.py:151} INFO - [2023-11-02T23:27:26.655+0000] {dag.py:2941} INFO - Sync 1 DAGs
[2023-11-02T23:27:26.684+0000] {logging_mixin.py:151} INFO - [2023-11-02T23:27:26.684+0000] {dag.py:3722} INFO - Setting next_dagrun for example_setup_teardown to 2023-11-01T23:27:26.684031+00:00, run_after=2023-11-02T23:27:26.684031+00:00
[2023-11-02T23:27:26.713+0000] {processor.py:179} INFO - Processing /home/airflow/.local/lib/python3.8/site-packages/airflow/example_dags/example_setup_teardown.py took 0.099 seconds
[2023-11-02T23:27:56.816+0000] {processor.py:157} INFO - Started process (PID=206) to work on /home/airflow/.local/lib/python3.8/site-packages/airflow/example_dags/example_setup_teardown.py
[2023-11-02T23:27:56.818+0000] {processor.py:829} INFO - Processing file /home/airflow/.local/lib/python3.8/site-packages/airflow/example_dags/example_setup_teardown.py for tasks to queue
[2023-11-02T23:27:56.820+0000] {logging_mixin.py:151} INFO - [2023-11-02T23:27:56.820+0000] {dagbag.py:536} INFO - Filling up the DagBag from /home/airflow/.local/lib/python3.8/site-packages/airflow/example_dags/example_setup_teardown.py
[2023-11-02T23:27:56.828+0000] {processor.py:839} INFO - DAG(s) dict_keys(['example_setup_teardown']) retrieved from /home/airflow/.local/lib/python3.8/site-packages/airflow/example_dags/example_setup_teardown.py
[2023-11-02T23:27:56.857+0000] {logging_mixin.py:151} INFO - [2023-11-02T23:27:56.857+0000] {dag.py:2941} INFO - Sync 1 DAGs
[2023-11-02T23:27:56.884+0000] {logging_mixin.py:151} INFO - [2023-11-02T23:27:56.884+0000] {dag.py:3722} INFO - Setting next_dagrun for example_setup_teardown to 2023-11-01T23:27:56.883878+00:00, run_after=2023-11-02T23:27:56.883878+00:00
[2023-11-02T23:27:56.911+0000] {processor.py:179} INFO - Processing /home/airflow/.local/lib/python3.8/site-packages/airflow/example_dags/example_setup_teardown.py took 0.098 seconds
[2023-11-02T23:28:26.976+0000] {processor.py:157} INFO - Started process (PID=259) to work on /home/airflow/.local/lib/python3.8/site-packages/airflow/example_dags/example_setup_teardown.py
[2023-11-02T23:28:26.978+0000] {processor.py:829} INFO - Processing file /home/airflow/.local/lib/python3.8/site-packages/airflow/example_dags/example_setup_teardown.py for tasks to queue
[2023-11-02T23:28:26.980+0000] {logging_mixin.py:151} INFO - [2023-11-02T23:28:26.979+0000] {dagbag.py:536} INFO - Filling up the DagBag from /home/airflow/.local/lib/python3.8/site-packages/airflow/example_dags/example_setup_teardown.py
[2023-11-02T23:28:26.987+0000] {processor.py:839} INFO - DAG(s) dict_keys(['example_setup_teardown']) retrieved from /home/airflow/.local/lib/python3.8/site-packages/airflow/example_dags/example_setup_teardown.py
[2023-11-02T23:28:27.011+0000] {logging_mixin.py:151} INFO - [2023-11-02T23:28:27.011+0000] {dag.py:2941} INFO - Sync 1 DAGs
[2023-11-02T23:28:27.036+0000] {logging_mixin.py:151} INFO - [2023-11-02T23:28:27.036+0000] {dag.py:3722} INFO - Setting next_dagrun for example_setup_teardown to 2023-11-01T23:28:27.036502+00:00, run_after=2023-11-02T23:28:27.036502+00:00
[2023-11-02T23:28:27.063+0000] {processor.py:179} INFO - Processing /home/airflow/.local/lib/python3.8/site-packages/airflow/example_dags/example_setup_teardown.py took 0.091 seconds
[2023-11-02T23:28:57.231+0000] {processor.py:157} INFO - Started process (PID=313) to work on /home/airflow/.local/lib/python3.8/site-packages/airflow/example_dags/example_setup_teardown.py
[2023-11-02T23:28:57.232+0000] {processor.py:829} INFO - Processing file /home/airflow/.local/lib/python3.8/site-packages/airflow/example_dags/example_setup_teardown.py for tasks to queue
[2023-11-02T23:28:57.235+0000] {logging_mixin.py:151} INFO - [2023-11-02T23:28:57.234+0000] {dagbag.py:536} INFO - Filling up the DagBag from /home/airflow/.local/lib/python3.8/site-packages/airflow/example_dags/example_setup_teardown.py
[2023-11-02T23:28:57.242+0000] {processor.py:839} INFO - DAG(s) dict_keys(['example_setup_teardown']) retrieved from /home/airflow/.local/lib/python3.8/site-packages/airflow/example_dags/example_setup_teardown.py
[2023-11-02T23:28:57.268+0000] {logging_mixin.py:151} INFO - [2023-11-02T23:28:57.267+0000] {dag.py:2941} INFO - Sync 1 DAGs
[2023-11-02T23:28:57.294+0000] {logging_mixin.py:151} INFO - [2023-11-02T23:28:57.294+0000] {dag.py:3722} INFO - Setting next_dagrun for example_setup_teardown to 2023-11-01T23:28:57.293753+00:00, run_after=2023-11-02T23:28:57.293753+00:00
[2023-11-02T23:28:57.322+0000] {processor.py:179} INFO - Processing /home/airflow/.local/lib/python3.8/site-packages/airflow/example_dags/example_setup_teardown.py took 0.094 seconds
[2023-11-02T23:29:27.446+0000] {processor.py:157} INFO - Started process (PID=367) to work on /home/airflow/.local/lib/python3.8/site-packages/airflow/example_dags/example_setup_teardown.py
[2023-11-02T23:29:27.448+0000] {processor.py:829} INFO - Processing file /home/airflow/.local/lib/python3.8/site-packages/airflow/example_dags/example_setup_teardown.py for tasks to queue
[2023-11-02T23:29:27.451+0000] {logging_mixin.py:151} INFO - [2023-11-02T23:29:27.450+0000] {dagbag.py:536} INFO - Filling up the DagBag from /home/airflow/.local/lib/python3.8/site-packages/airflow/example_dags/example_setup_teardown.py
[2023-11-02T23:29:27.458+0000] {processor.py:839} INFO - DAG(s) dict_keys(['example_setup_teardown']) retrieved from /home/airflow/.local/lib/python3.8/site-packages/airflow/example_dags/example_setup_teardown.py
[2023-11-02T23:29:27.486+0000] {logging_mixin.py:151} INFO - [2023-11-02T23:29:27.486+0000] {dag.py:2941} INFO - Sync 1 DAGs
[2023-11-02T23:29:27.511+0000] {logging_mixin.py:151} INFO - [2023-11-02T23:29:27.511+0000] {dag.py:3722} INFO - Setting next_dagrun for example_setup_teardown to 2023-11-01T23:29:27.511026+00:00, run_after=2023-11-02T23:29:27.511026+00:00
[2023-11-02T23:29:27.540+0000] {processor.py:179} INFO - Processing /home/airflow/.local/lib/python3.8/site-packages/airflow/example_dags/example_setup_teardown.py took 0.097 seconds
[2023-11-02T23:29:58.127+0000] {processor.py:157} INFO - Started process (PID=421) to work on /home/airflow/.local/lib/python3.8/site-packages/airflow/example_dags/example_setup_teardown.py
[2023-11-02T23:29:58.128+0000] {processor.py:829} INFO - Processing file /home/airflow/.local/lib/python3.8/site-packages/airflow/example_dags/example_setup_teardown.py for tasks to queue
[2023-11-02T23:29:58.131+0000] {logging_mixin.py:151} INFO - [2023-11-02T23:29:58.130+0000] {dagbag.py:536} INFO - Filling up the DagBag from /home/airflow/.local/lib/python3.8/site-packages/airflow/example_dags/example_setup_teardown.py
[2023-11-02T23:29:58.140+0000] {processor.py:839} INFO - DAG(s) dict_keys(['example_setup_teardown']) retrieved from /home/airflow/.local/lib/python3.8/site-packages/airflow/example_dags/example_setup_teardown.py
[2023-11-02T23:29:58.168+0000] {logging_mixin.py:151} INFO - [2023-11-02T23:29:58.167+0000] {dag.py:2941} INFO - Sync 1 DAGs
[2023-11-02T23:29:58.194+0000] {logging_mixin.py:151} INFO - [2023-11-02T23:29:58.193+0000] {dag.py:3722} INFO - Setting next_dagrun for example_setup_teardown to 2023-11-01T23:29:58.193627+00:00, run_after=2023-11-02T23:29:58.193627+00:00
[2023-11-02T23:29:58.224+0000] {processor.py:179} INFO - Processing /home/airflow/.local/lib/python3.8/site-packages/airflow/example_dags/example_setup_teardown.py took 0.100 seconds
[2023-11-02T23:30:28.922+0000] {processor.py:157} INFO - Started process (PID=475) to work on /home/airflow/.local/lib/python3.8/site-packages/airflow/example_dags/example_setup_teardown.py
[2023-11-02T23:30:28.924+0000] {processor.py:829} INFO - Processing file /home/airflow/.local/lib/python3.8/site-packages/airflow/example_dags/example_setup_teardown.py for tasks to queue
[2023-11-02T23:30:28.926+0000] {logging_mixin.py:151} INFO - [2023-11-02T23:30:28.926+0000] {dagbag.py:536} INFO - Filling up the DagBag from /home/airflow/.local/lib/python3.8/site-packages/airflow/example_dags/example_setup_teardown.py
[2023-11-02T23:30:28.935+0000] {processor.py:839} INFO - DAG(s) dict_keys(['example_setup_teardown']) retrieved from /home/airflow/.local/lib/python3.8/site-packages/airflow/example_dags/example_setup_teardown.py
[2023-11-02T23:30:28.962+0000] {logging_mixin.py:151} INFO - [2023-11-02T23:30:28.962+0000] {dag.py:2941} INFO - Sync 1 DAGs
[2023-11-02T23:30:28.987+0000] {logging_mixin.py:151} INFO - [2023-11-02T23:30:28.987+0000] {dag.py:3722} INFO - Setting next_dagrun for example_setup_teardown to 2023-11-01T23:30:28.987215+00:00, run_after=2023-11-02T23:30:28.987215+00:00
[2023-11-02T23:30:29.015+0000] {processor.py:179} INFO - Processing /home/airflow/.local/lib/python3.8/site-packages/airflow/example_dags/example_setup_teardown.py took 0.096 seconds
[2023-11-02T23:30:59.753+0000] {processor.py:157} INFO - Started process (PID=529) to work on /home/airflow/.local/lib/python3.8/site-packages/airflow/example_dags/example_setup_teardown.py
[2023-11-02T23:30:59.755+0000] {processor.py:829} INFO - Processing file /home/airflow/.local/lib/python3.8/site-packages/airflow/example_dags/example_setup_teardown.py for tasks to queue
[2023-11-02T23:30:59.757+0000] {logging_mixin.py:151} INFO - [2023-11-02T23:30:59.757+0000] {dagbag.py:536} INFO - Filling up the DagBag from /home/airflow/.local/lib/python3.8/site-packages/airflow/example_dags/example_setup_teardown.py
[2023-11-02T23:30:59.772+0000] {processor.py:839} INFO - DAG(s) dict_keys(['example_setup_teardown']) retrieved from /home/airflow/.local/lib/python3.8/site-packages/airflow/example_dags/example_setup_teardown.py
[2023-11-02T23:30:59.808+0000] {logging_mixin.py:151} INFO - [2023-11-02T23:30:59.807+0000] {dag.py:2941} INFO - Sync 1 DAGs
[2023-11-02T23:30:59.843+0000] {logging_mixin.py:151} INFO - [2023-11-02T23:30:59.842+0000] {dag.py:3722} INFO - Setting next_dagrun for example_setup_teardown to 2023-11-01T23:30:59.841969+00:00, run_after=2023-11-02T23:30:59.841969+00:00
[2023-11-02T23:30:59.877+0000] {processor.py:179} INFO - Processing /home/airflow/.local/lib/python3.8/site-packages/airflow/example_dags/example_setup_teardown.py took 0.130 seconds
[2023-11-02T23:31:30.793+0000] {processor.py:157} INFO - Started process (PID=582) to work on /home/airflow/.local/lib/python3.8/site-packages/airflow/example_dags/example_setup_teardown.py
[2023-11-02T23:31:30.794+0000] {processor.py:829} INFO - Processing file /home/airflow/.local/lib/python3.8/site-packages/airflow/example_dags/example_setup_teardown.py for tasks to queue
[2023-11-02T23:31:30.797+0000] {logging_mixin.py:151} INFO - [2023-11-02T23:31:30.796+0000] {dagbag.py:536} INFO - Filling up the DagBag from /home/airflow/.local/lib/python3.8/site-packages/airflow/example_dags/example_setup_teardown.py
[2023-11-02T23:31:30.806+0000] {processor.py:839} INFO - DAG(s) dict_keys(['example_setup_teardown']) retrieved from /home/airflow/.local/lib/python3.8/site-packages/airflow/example_dags/example_setup_teardown.py
[2023-11-02T23:31:30.851+0000] {logging_mixin.py:151} INFO - [2023-11-02T23:31:30.850+0000] {dag.py:2941} INFO - Sync 1 DAGs
[2023-11-02T23:31:30.878+0000] {logging_mixin.py:151} INFO - [2023-11-02T23:31:30.878+0000] {dag.py:3722} INFO - Setting next_dagrun for example_setup_teardown to 2023-11-01T23:31:30.877731+00:00, run_after=2023-11-02T23:31:30.877731+00:00
[2023-11-02T23:31:30.909+0000] {processor.py:179} INFO - Processing /home/airflow/.local/lib/python3.8/site-packages/airflow/example_dags/example_setup_teardown.py took 0.121 seconds
[2023-11-02T23:32:01.655+0000] {processor.py:157} INFO - Started process (PID=636) to work on /home/airflow/.local/lib/python3.8/site-packages/airflow/example_dags/example_setup_teardown.py
[2023-11-02T23:32:01.656+0000] {processor.py:829} INFO - Processing file /home/airflow/.local/lib/python3.8/site-packages/airflow/example_dags/example_setup_teardown.py for tasks to queue
[2023-11-02T23:32:01.658+0000] {logging_mixin.py:151} INFO - [2023-11-02T23:32:01.658+0000] {dagbag.py:536} INFO - Filling up the DagBag from /home/airflow/.local/lib/python3.8/site-packages/airflow/example_dags/example_setup_teardown.py
[2023-11-02T23:32:01.664+0000] {processor.py:839} INFO - DAG(s) dict_keys(['example_setup_teardown']) retrieved from /home/airflow/.local/lib/python3.8/site-packages/airflow/example_dags/example_setup_teardown.py
[2023-11-02T23:32:01.691+0000] {logging_mixin.py:151} INFO - [2023-11-02T23:32:01.691+0000] {dag.py:2941} INFO - Sync 1 DAGs
[2023-11-02T23:32:01.719+0000] {logging_mixin.py:151} INFO - [2023-11-02T23:32:01.718+0000] {dag.py:3722} INFO - Setting next_dagrun for example_setup_teardown to 2023-11-01T23:32:01.718327+00:00, run_after=2023-11-02T23:32:01.718327+00:00
[2023-11-02T23:32:01.741+0000] {processor.py:179} INFO - Processing /home/airflow/.local/lib/python3.8/site-packages/airflow/example_dags/example_setup_teardown.py took 0.090 seconds
[2023-11-02T23:32:32.431+0000] {processor.py:157} INFO - Started process (PID=690) to work on /home/airflow/.local/lib/python3.8/site-packages/airflow/example_dags/example_setup_teardown.py
[2023-11-02T23:32:32.432+0000] {processor.py:829} INFO - Processing file /home/airflow/.local/lib/python3.8/site-packages/airflow/example_dags/example_setup_teardown.py for tasks to queue
[2023-11-02T23:32:32.435+0000] {logging_mixin.py:151} INFO - [2023-11-02T23:32:32.434+0000] {dagbag.py:536} INFO - Filling up the DagBag from /home/airflow/.local/lib/python3.8/site-packages/airflow/example_dags/example_setup_teardown.py
[2023-11-02T23:32:32.442+0000] {processor.py:839} INFO - DAG(s) dict_keys(['example_setup_teardown']) retrieved from /home/airflow/.local/lib/python3.8/site-packages/airflow/example_dags/example_setup_teardown.py
[2023-11-02T23:32:32.471+0000] {logging_mixin.py:151} INFO - [2023-11-02T23:32:32.470+0000] {dag.py:2941} INFO - Sync 1 DAGs
[2023-11-02T23:32:32.498+0000] {logging_mixin.py:151} INFO - [2023-11-02T23:32:32.497+0000] {dag.py:3722} INFO - Setting next_dagrun for example_setup_teardown to 2023-11-01T23:32:32.497559+00:00, run_after=2023-11-02T23:32:32.497559+00:00
[2023-11-02T23:32:32.529+0000] {processor.py:179} INFO - Processing /home/airflow/.local/lib/python3.8/site-packages/airflow/example_dags/example_setup_teardown.py took 0.101 seconds
[2023-11-02T23:33:02.573+0000] {processor.py:157} INFO - Started process (PID=743) to work on /home/airflow/.local/lib/python3.8/site-packages/airflow/example_dags/example_setup_teardown.py
[2023-11-02T23:33:02.575+0000] {processor.py:829} INFO - Processing file /home/airflow/.local/lib/python3.8/site-packages/airflow/example_dags/example_setup_teardown.py for tasks to queue
[2023-11-02T23:33:02.577+0000] {logging_mixin.py:151} INFO - [2023-11-02T23:33:02.576+0000] {dagbag.py:536} INFO - Filling up the DagBag from /home/airflow/.local/lib/python3.8/site-packages/airflow/example_dags/example_setup_teardown.py
[2023-11-02T23:33:02.585+0000] {processor.py:839} INFO - DAG(s) dict_keys(['example_setup_teardown']) retrieved from /home/airflow/.local/lib/python3.8/site-packages/airflow/example_dags/example_setup_teardown.py
[2023-11-02T23:33:02.612+0000] {logging_mixin.py:151} INFO - [2023-11-02T23:33:02.612+0000] {dag.py:2941} INFO - Sync 1 DAGs
[2023-11-02T23:33:02.638+0000] {logging_mixin.py:151} INFO - [2023-11-02T23:33:02.638+0000] {dag.py:3722} INFO - Setting next_dagrun for example_setup_teardown to 2023-11-01T23:33:02.638221+00:00, run_after=2023-11-02T23:33:02.638221+00:00
[2023-11-02T23:33:02.669+0000] {processor.py:179} INFO - Processing /home/airflow/.local/lib/python3.8/site-packages/airflow/example_dags/example_setup_teardown.py took 0.099 seconds
[2023-11-02T23:33:32.726+0000] {processor.py:157} INFO - Started process (PID=797) to work on /home/airflow/.local/lib/python3.8/site-packages/airflow/example_dags/example_setup_teardown.py
[2023-11-02T23:33:32.727+0000] {processor.py:829} INFO - Processing file /home/airflow/.local/lib/python3.8/site-packages/airflow/example_dags/example_setup_teardown.py for tasks to queue
[2023-11-02T23:33:32.729+0000] {logging_mixin.py:151} INFO - [2023-11-02T23:33:32.729+0000] {dagbag.py:536} INFO - Filling up the DagBag from /home/airflow/.local/lib/python3.8/site-packages/airflow/example_dags/example_setup_teardown.py
[2023-11-02T23:33:32.737+0000] {processor.py:839} INFO - DAG(s) dict_keys(['example_setup_teardown']) retrieved from /home/airflow/.local/lib/python3.8/site-packages/airflow/example_dags/example_setup_teardown.py
[2023-11-02T23:33:32.770+0000] {logging_mixin.py:151} INFO - [2023-11-02T23:33:32.770+0000] {dag.py:2941} INFO - Sync 1 DAGs
[2023-11-02T23:33:32.804+0000] {logging_mixin.py:151} INFO - [2023-11-02T23:33:32.804+0000] {dag.py:3722} INFO - Setting next_dagrun for example_setup_teardown to 2023-11-01T23:33:32.804050+00:00, run_after=2023-11-02T23:33:32.804050+00:00
[2023-11-02T23:33:32.837+0000] {processor.py:179} INFO - Processing /home/airflow/.local/lib/python3.8/site-packages/airflow/example_dags/example_setup_teardown.py took 0.114 seconds
[2023-11-02T23:34:03.216+0000] {processor.py:157} INFO - Started process (PID=851) to work on /home/airflow/.local/lib/python3.8/site-packages/airflow/example_dags/example_setup_teardown.py
[2023-11-02T23:34:03.217+0000] {processor.py:829} INFO - Processing file /home/airflow/.local/lib/python3.8/site-packages/airflow/example_dags/example_setup_teardown.py for tasks to queue
[2023-11-02T23:34:03.220+0000] {logging_mixin.py:151} INFO - [2023-11-02T23:34:03.219+0000] {dagbag.py:536} INFO - Filling up the DagBag from /home/airflow/.local/lib/python3.8/site-packages/airflow/example_dags/example_setup_teardown.py
[2023-11-02T23:34:03.227+0000] {processor.py:839} INFO - DAG(s) dict_keys(['example_setup_teardown']) retrieved from /home/airflow/.local/lib/python3.8/site-packages/airflow/example_dags/example_setup_teardown.py
[2023-11-02T23:34:03.253+0000] {logging_mixin.py:151} INFO - [2023-11-02T23:34:03.253+0000] {dag.py:2941} INFO - Sync 1 DAGs
[2023-11-02T23:34:03.276+0000] {logging_mixin.py:151} INFO - [2023-11-02T23:34:03.276+0000] {dag.py:3722} INFO - Setting next_dagrun for example_setup_teardown to 2023-11-01T23:34:03.276405+00:00, run_after=2023-11-02T23:34:03.276405+00:00
[2023-11-02T23:34:03.309+0000] {processor.py:179} INFO - Processing /home/airflow/.local/lib/python3.8/site-packages/airflow/example_dags/example_setup_teardown.py took 0.097 seconds
[2023-11-02T23:34:33.803+0000] {processor.py:157} INFO - Started process (PID=904) to work on /home/airflow/.local/lib/python3.8/site-packages/airflow/example_dags/example_setup_teardown.py
[2023-11-02T23:34:33.804+0000] {processor.py:829} INFO - Processing file /home/airflow/.local/lib/python3.8/site-packages/airflow/example_dags/example_setup_teardown.py for tasks to queue
[2023-11-02T23:34:33.806+0000] {logging_mixin.py:151} INFO - [2023-11-02T23:34:33.806+0000] {dagbag.py:536} INFO - Filling up the DagBag from /home/airflow/.local/lib/python3.8/site-packages/airflow/example_dags/example_setup_teardown.py
[2023-11-02T23:34:33.813+0000] {processor.py:839} INFO - DAG(s) dict_keys(['example_setup_teardown']) retrieved from /home/airflow/.local/lib/python3.8/site-packages/airflow/example_dags/example_setup_teardown.py
[2023-11-02T23:34:33.841+0000] {logging_mixin.py:151} INFO - [2023-11-02T23:34:33.840+0000] {dag.py:2941} INFO - Sync 1 DAGs
[2023-11-02T23:34:33.868+0000] {logging_mixin.py:151} INFO - [2023-11-02T23:34:33.867+0000] {dag.py:3722} INFO - Setting next_dagrun for example_setup_teardown to 2023-11-01T23:34:33.867629+00:00, run_after=2023-11-02T23:34:33.867629+00:00
[2023-11-02T23:34:33.898+0000] {processor.py:179} INFO - Processing /home/airflow/.local/lib/python3.8/site-packages/airflow/example_dags/example_setup_teardown.py took 0.099 seconds
[2023-11-02T23:35:04.548+0000] {processor.py:157} INFO - Started process (PID=957) to work on /home/airflow/.local/lib/python3.8/site-packages/airflow/example_dags/example_setup_teardown.py
[2023-11-02T23:35:04.549+0000] {processor.py:829} INFO - Processing file /home/airflow/.local/lib/python3.8/site-packages/airflow/example_dags/example_setup_teardown.py for tasks to queue
[2023-11-02T23:35:04.551+0000] {logging_mixin.py:151} INFO - [2023-11-02T23:35:04.551+0000] {dagbag.py:536} INFO - Filling up the DagBag from /home/airflow/.local/lib/python3.8/site-packages/airflow/example_dags/example_setup_teardown.py
[2023-11-02T23:35:04.559+0000] {processor.py:839} INFO - DAG(s) dict_keys(['example_setup_teardown']) retrieved from /home/airflow/.local/lib/python3.8/site-packages/airflow/example_dags/example_setup_teardown.py
[2023-11-02T23:35:04.583+0000] {logging_mixin.py:151} INFO - [2023-11-02T23:35:04.582+0000] {dag.py:2941} INFO - Sync 1 DAGs
[2023-11-02T23:35:04.605+0000] {logging_mixin.py:151} INFO - [2023-11-02T23:35:04.604+0000] {dag.py:3722} INFO - Setting next_dagrun for example_setup_teardown to 2023-11-01T23:35:04.604686+00:00, run_after=2023-11-02T23:35:04.604686+00:00
[2023-11-02T23:35:04.639+0000] {processor.py:179} INFO - Processing /home/airflow/.local/lib/python3.8/site-packages/airflow/example_dags/example_setup_teardown.py took 0.094 seconds
[2023-11-02T23:35:35.140+0000] {processor.py:157} INFO - Started process (PID=1011) to work on /home/airflow/.local/lib/python3.8/site-packages/airflow/example_dags/example_setup_teardown.py
[2023-11-02T23:35:35.142+0000] {processor.py:829} INFO - Processing file /home/airflow/.local/lib/python3.8/site-packages/airflow/example_dags/example_setup_teardown.py for tasks to queue
[2023-11-02T23:35:35.144+0000] {logging_mixin.py:151} INFO - [2023-11-02T23:35:35.144+0000] {dagbag.py:536} INFO - Filling up the DagBag from /home/airflow/.local/lib/python3.8/site-packages/airflow/example_dags/example_setup_teardown.py
[2023-11-02T23:35:35.152+0000] {processor.py:839} INFO - DAG(s) dict_keys(['example_setup_teardown']) retrieved from /home/airflow/.local/lib/python3.8/site-packages/airflow/example_dags/example_setup_teardown.py
[2023-11-02T23:35:35.180+0000] {logging_mixin.py:151} INFO - [2023-11-02T23:35:35.180+0000] {dag.py:2941} INFO - Sync 1 DAGs
[2023-11-02T23:35:35.207+0000] {logging_mixin.py:151} INFO - [2023-11-02T23:35:35.207+0000] {dag.py:3722} INFO - Setting next_dagrun for example_setup_teardown to 2023-11-01T23:35:35.207106+00:00, run_after=2023-11-02T23:35:35.207106+00:00
[2023-11-02T23:35:35.236+0000] {processor.py:179} INFO - Processing /home/airflow/.local/lib/python3.8/site-packages/airflow/example_dags/example_setup_teardown.py took 0.100 seconds
[2023-11-02T23:36:05.873+0000] {processor.py:157} INFO - Started process (PID=1065) to work on /home/airflow/.local/lib/python3.8/site-packages/airflow/example_dags/example_setup_teardown.py
[2023-11-02T23:36:05.874+0000] {processor.py:829} INFO - Processing file /home/airflow/.local/lib/python3.8/site-packages/airflow/example_dags/example_setup_teardown.py for tasks to queue
[2023-11-02T23:36:05.877+0000] {logging_mixin.py:151} INFO - [2023-11-02T23:36:05.877+0000] {dagbag.py:536} INFO - Filling up the DagBag from /home/airflow/.local/lib/python3.8/site-packages/airflow/example_dags/example_setup_teardown.py
[2023-11-02T23:36:05.889+0000] {processor.py:839} INFO - DAG(s) dict_keys(['example_setup_teardown']) retrieved from /home/airflow/.local/lib/python3.8/site-packages/airflow/example_dags/example_setup_teardown.py
[2023-11-02T23:36:05.925+0000] {logging_mixin.py:151} INFO - [2023-11-02T23:36:05.925+0000] {dag.py:2941} INFO - Sync 1 DAGs
[2023-11-02T23:36:05.964+0000] {logging_mixin.py:151} INFO - [2023-11-02T23:36:05.964+0000] {dag.py:3722} INFO - Setting next_dagrun for example_setup_teardown to 2023-11-01T23:36:05.963915+00:00, run_after=2023-11-02T23:36:05.963915+00:00
[2023-11-02T23:36:05.993+0000] {processor.py:179} INFO - Processing /home/airflow/.local/lib/python3.8/site-packages/airflow/example_dags/example_setup_teardown.py took 0.129 seconds
[2023-11-02T23:36:36.111+0000] {processor.py:157} INFO - Started process (PID=1119) to work on /home/airflow/.local/lib/python3.8/site-packages/airflow/example_dags/example_setup_teardown.py
[2023-11-02T23:36:36.113+0000] {processor.py:829} INFO - Processing file /home/airflow/.local/lib/python3.8/site-packages/airflow/example_dags/example_setup_teardown.py for tasks to queue
[2023-11-02T23:36:36.116+0000] {logging_mixin.py:151} INFO - [2023-11-02T23:36:36.115+0000] {dagbag.py:536} INFO - Filling up the DagBag from /home/airflow/.local/lib/python3.8/site-packages/airflow/example_dags/example_setup_teardown.py
[2023-11-02T23:36:36.131+0000] {processor.py:839} INFO - DAG(s) dict_keys(['example_setup_teardown']) retrieved from /home/airflow/.local/lib/python3.8/site-packages/airflow/example_dags/example_setup_teardown.py
[2023-11-02T23:36:36.204+0000] {logging_mixin.py:151} INFO - [2023-11-02T23:36:36.204+0000] {dag.py:2941} INFO - Sync 1 DAGs
[2023-11-02T23:36:36.228+0000] {logging_mixin.py:151} INFO - [2023-11-02T23:36:36.228+0000] {dag.py:3722} INFO - Setting next_dagrun for example_setup_teardown to 2023-11-01T23:36:36.228466+00:00, run_after=2023-11-02T23:36:36.228466+00:00
[2023-11-02T23:36:36.255+0000] {processor.py:179} INFO - Processing /home/airflow/.local/lib/python3.8/site-packages/airflow/example_dags/example_setup_teardown.py took 0.148 seconds
[2023-11-02T23:37:07.704+0000] {processor.py:157} INFO - Started process (PID=1174) to work on /home/airflow/.local/lib/python3.8/site-packages/airflow/example_dags/example_setup_teardown.py
[2023-11-02T23:37:07.705+0000] {processor.py:829} INFO - Processing file /home/airflow/.local/lib/python3.8/site-packages/airflow/example_dags/example_setup_teardown.py for tasks to queue
[2023-11-02T23:37:07.708+0000] {logging_mixin.py:151} INFO - [2023-11-02T23:37:07.707+0000] {dagbag.py:536} INFO - Filling up the DagBag from /home/airflow/.local/lib/python3.8/site-packages/airflow/example_dags/example_setup_teardown.py
[2023-11-02T23:37:07.715+0000] {processor.py:839} INFO - DAG(s) dict_keys(['example_setup_teardown']) retrieved from /home/airflow/.local/lib/python3.8/site-packages/airflow/example_dags/example_setup_teardown.py
[2023-11-02T23:37:07.746+0000] {logging_mixin.py:151} INFO - [2023-11-02T23:37:07.745+0000] {dag.py:2941} INFO - Sync 1 DAGs
[2023-11-02T23:37:07.934+0000] {logging_mixin.py:151} INFO - [2023-11-02T23:37:07.933+0000] {dag.py:3722} INFO - Setting next_dagrun for example_setup_teardown to 2023-11-01T23:37:07.933723+00:00, run_after=2023-11-02T23:37:07.933723+00:00
[2023-11-02T23:37:07.962+0000] {processor.py:179} INFO - Processing /home/airflow/.local/lib/python3.8/site-packages/airflow/example_dags/example_setup_teardown.py took 0.262 seconds
[2023-11-02T23:37:38.478+0000] {processor.py:157} INFO - Started process (PID=1228) to work on /home/airflow/.local/lib/python3.8/site-packages/airflow/example_dags/example_setup_teardown.py
[2023-11-02T23:37:38.479+0000] {processor.py:829} INFO - Processing file /home/airflow/.local/lib/python3.8/site-packages/airflow/example_dags/example_setup_teardown.py for tasks to queue
[2023-11-02T23:37:38.481+0000] {logging_mixin.py:151} INFO - [2023-11-02T23:37:38.481+0000] {dagbag.py:536} INFO - Filling up the DagBag from /home/airflow/.local/lib/python3.8/site-packages/airflow/example_dags/example_setup_teardown.py
[2023-11-02T23:37:38.489+0000] {processor.py:839} INFO - DAG(s) dict_keys(['example_setup_teardown']) retrieved from /home/airflow/.local/lib/python3.8/site-packages/airflow/example_dags/example_setup_teardown.py
[2023-11-02T23:37:38.518+0000] {logging_mixin.py:151} INFO - [2023-11-02T23:37:38.517+0000] {dag.py:2941} INFO - Sync 1 DAGs
[2023-11-02T23:37:38.546+0000] {logging_mixin.py:151} INFO - [2023-11-02T23:37:38.546+0000] {dag.py:3722} INFO - Setting next_dagrun for example_setup_teardown to 2023-11-01T23:37:38.545951+00:00, run_after=2023-11-02T23:37:38.545951+00:00
[2023-11-02T23:37:38.575+0000] {processor.py:179} INFO - Processing /home/airflow/.local/lib/python3.8/site-packages/airflow/example_dags/example_setup_teardown.py took 0.101 seconds
[2023-11-02T23:38:08.818+0000] {processor.py:157} INFO - Started process (PID=1283) to work on /home/airflow/.local/lib/python3.8/site-packages/airflow/example_dags/example_setup_teardown.py
[2023-11-02T23:38:08.820+0000] {processor.py:829} INFO - Processing file /home/airflow/.local/lib/python3.8/site-packages/airflow/example_dags/example_setup_teardown.py for tasks to queue
[2023-11-02T23:38:08.823+0000] {logging_mixin.py:151} INFO - [2023-11-02T23:38:08.822+0000] {dagbag.py:536} INFO - Filling up the DagBag from /home/airflow/.local/lib/python3.8/site-packages/airflow/example_dags/example_setup_teardown.py
[2023-11-02T23:38:08.832+0000] {processor.py:839} INFO - DAG(s) dict_keys(['example_setup_teardown']) retrieved from /home/airflow/.local/lib/python3.8/site-packages/airflow/example_dags/example_setup_teardown.py
[2023-11-02T23:38:08.876+0000] {logging_mixin.py:151} INFO - [2023-11-02T23:38:08.876+0000] {dag.py:2941} INFO - Sync 1 DAGs
[2023-11-02T23:38:08.915+0000] {logging_mixin.py:151} INFO - [2023-11-02T23:38:08.914+0000] {dag.py:3722} INFO - Setting next_dagrun for example_setup_teardown to 2023-11-01T23:38:08.914469+00:00, run_after=2023-11-02T23:38:08.914469+00:00
[2023-11-02T23:38:08.946+0000] {processor.py:179} INFO - Processing /home/airflow/.local/lib/python3.8/site-packages/airflow/example_dags/example_setup_teardown.py took 0.134 seconds
[2023-11-02T23:38:39.722+0000] {processor.py:157} INFO - Started process (PID=1337) to work on /home/airflow/.local/lib/python3.8/site-packages/airflow/example_dags/example_setup_teardown.py
[2023-11-02T23:38:39.723+0000] {processor.py:829} INFO - Processing file /home/airflow/.local/lib/python3.8/site-packages/airflow/example_dags/example_setup_teardown.py for tasks to queue
[2023-11-02T23:38:39.725+0000] {logging_mixin.py:151} INFO - [2023-11-02T23:38:39.725+0000] {dagbag.py:536} INFO - Filling up the DagBag from /home/airflow/.local/lib/python3.8/site-packages/airflow/example_dags/example_setup_teardown.py
[2023-11-02T23:38:39.734+0000] {processor.py:839} INFO - DAG(s) dict_keys(['example_setup_teardown']) retrieved from /home/airflow/.local/lib/python3.8/site-packages/airflow/example_dags/example_setup_teardown.py
[2023-11-02T23:38:40.051+0000] {logging_mixin.py:151} INFO - [2023-11-02T23:38:40.051+0000] {dag.py:2941} INFO - Sync 1 DAGs
[2023-11-02T23:38:40.115+0000] {logging_mixin.py:151} INFO - [2023-11-02T23:38:40.115+0000] {dag.py:3722} INFO - Setting next_dagrun for example_setup_teardown to 2023-11-01T23:38:40.114928+00:00, run_after=2023-11-02T23:38:40.114928+00:00
[2023-11-02T23:38:40.159+0000] {processor.py:179} INFO - Processing /home/airflow/.local/lib/python3.8/site-packages/airflow/example_dags/example_setup_teardown.py took 0.442 seconds
[2023-11-02T23:39:10.454+0000] {processor.py:157} INFO - Started process (PID=1398) to work on /home/airflow/.local/lib/python3.8/site-packages/airflow/example_dags/example_setup_teardown.py
[2023-11-02T23:39:10.455+0000] {processor.py:829} INFO - Processing file /home/airflow/.local/lib/python3.8/site-packages/airflow/example_dags/example_setup_teardown.py for tasks to queue
[2023-11-02T23:39:10.458+0000] {logging_mixin.py:151} INFO - [2023-11-02T23:39:10.458+0000] {dagbag.py:536} INFO - Filling up the DagBag from /home/airflow/.local/lib/python3.8/site-packages/airflow/example_dags/example_setup_teardown.py
[2023-11-02T23:39:10.467+0000] {processor.py:839} INFO - DAG(s) dict_keys(['example_setup_teardown']) retrieved from /home/airflow/.local/lib/python3.8/site-packages/airflow/example_dags/example_setup_teardown.py
[2023-11-02T23:39:10.496+0000] {logging_mixin.py:151} INFO - [2023-11-02T23:39:10.495+0000] {dag.py:2941} INFO - Sync 1 DAGs
[2023-11-02T23:39:10.530+0000] {logging_mixin.py:151} INFO - [2023-11-02T23:39:10.529+0000] {dag.py:3722} INFO - Setting next_dagrun for example_setup_teardown to 2023-11-01T23:39:10.528703+00:00, run_after=2023-11-02T23:39:10.528703+00:00
[2023-11-02T23:39:10.714+0000] {processor.py:179} INFO - Processing /home/airflow/.local/lib/python3.8/site-packages/airflow/example_dags/example_setup_teardown.py took 0.264 seconds
[2023-11-02T23:39:41.570+0000] {processor.py:157} INFO - Started process (PID=1451) to work on /home/airflow/.local/lib/python3.8/site-packages/airflow/example_dags/example_setup_teardown.py
[2023-11-02T23:39:41.572+0000] {processor.py:829} INFO - Processing file /home/airflow/.local/lib/python3.8/site-packages/airflow/example_dags/example_setup_teardown.py for tasks to queue
[2023-11-02T23:39:41.574+0000] {logging_mixin.py:151} INFO - [2023-11-02T23:39:41.574+0000] {dagbag.py:536} INFO - Filling up the DagBag from /home/airflow/.local/lib/python3.8/site-packages/airflow/example_dags/example_setup_teardown.py
[2023-11-02T23:39:41.581+0000] {processor.py:839} INFO - DAG(s) dict_keys(['example_setup_teardown']) retrieved from /home/airflow/.local/lib/python3.8/site-packages/airflow/example_dags/example_setup_teardown.py
[2023-11-02T23:39:41.609+0000] {logging_mixin.py:151} INFO - [2023-11-02T23:39:41.608+0000] {dag.py:2941} INFO - Sync 1 DAGs
[2023-11-02T23:39:41.636+0000] {logging_mixin.py:151} INFO - [2023-11-02T23:39:41.636+0000] {dag.py:3722} INFO - Setting next_dagrun for example_setup_teardown to 2023-11-01T23:39:41.635957+00:00, run_after=2023-11-02T23:39:41.635957+00:00
[2023-11-02T23:39:41.663+0000] {processor.py:179} INFO - Processing /home/airflow/.local/lib/python3.8/site-packages/airflow/example_dags/example_setup_teardown.py took 0.097 seconds
[2023-11-02T23:40:12.052+0000] {processor.py:157} INFO - Started process (PID=1504) to work on /home/airflow/.local/lib/python3.8/site-packages/airflow/example_dags/example_setup_teardown.py
[2023-11-02T23:40:12.053+0000] {processor.py:829} INFO - Processing file /home/airflow/.local/lib/python3.8/site-packages/airflow/example_dags/example_setup_teardown.py for tasks to queue
[2023-11-02T23:40:12.056+0000] {logging_mixin.py:151} INFO - [2023-11-02T23:40:12.056+0000] {dagbag.py:536} INFO - Filling up the DagBag from /home/airflow/.local/lib/python3.8/site-packages/airflow/example_dags/example_setup_teardown.py
[2023-11-02T23:40:12.063+0000] {processor.py:839} INFO - DAG(s) dict_keys(['example_setup_teardown']) retrieved from /home/airflow/.local/lib/python3.8/site-packages/airflow/example_dags/example_setup_teardown.py
[2023-11-02T23:40:12.091+0000] {logging_mixin.py:151} INFO - [2023-11-02T23:40:12.091+0000] {dag.py:2941} INFO - Sync 1 DAGs
[2023-11-02T23:40:12.118+0000] {logging_mixin.py:151} INFO - [2023-11-02T23:40:12.118+0000] {dag.py:3722} INFO - Setting next_dagrun for example_setup_teardown to 2023-11-01T23:40:12.118170+00:00, run_after=2023-11-02T23:40:12.118170+00:00
[2023-11-02T23:40:12.148+0000] {processor.py:179} INFO - Processing /home/airflow/.local/lib/python3.8/site-packages/airflow/example_dags/example_setup_teardown.py took 0.099 seconds
[2023-11-02T23:40:42.539+0000] {processor.py:157} INFO - Started process (PID=1558) to work on /home/airflow/.local/lib/python3.8/site-packages/airflow/example_dags/example_setup_teardown.py
[2023-11-02T23:40:42.540+0000] {processor.py:829} INFO - Processing file /home/airflow/.local/lib/python3.8/site-packages/airflow/example_dags/example_setup_teardown.py for tasks to queue
[2023-11-02T23:40:42.542+0000] {logging_mixin.py:151} INFO - [2023-11-02T23:40:42.542+0000] {dagbag.py:536} INFO - Filling up the DagBag from /home/airflow/.local/lib/python3.8/site-packages/airflow/example_dags/example_setup_teardown.py
[2023-11-02T23:40:42.550+0000] {processor.py:839} INFO - DAG(s) dict_keys(['example_setup_teardown']) retrieved from /home/airflow/.local/lib/python3.8/site-packages/airflow/example_dags/example_setup_teardown.py
[2023-11-02T23:40:42.578+0000] {logging_mixin.py:151} INFO - [2023-11-02T23:40:42.577+0000] {dag.py:2941} INFO - Sync 1 DAGs
[2023-11-02T23:40:42.776+0000] {logging_mixin.py:151} INFO - [2023-11-02T23:40:42.776+0000] {dag.py:3722} INFO - Setting next_dagrun for example_setup_teardown to 2023-11-01T23:40:42.776076+00:00, run_after=2023-11-02T23:40:42.776076+00:00
[2023-11-02T23:40:42.809+0000] {processor.py:179} INFO - Processing /home/airflow/.local/lib/python3.8/site-packages/airflow/example_dags/example_setup_teardown.py took 0.273 seconds
[2023-11-02T23:41:13.011+0000] {processor.py:157} INFO - Started process (PID=1612) to work on /home/airflow/.local/lib/python3.8/site-packages/airflow/example_dags/example_setup_teardown.py
[2023-11-02T23:41:13.014+0000] {processor.py:829} INFO - Processing file /home/airflow/.local/lib/python3.8/site-packages/airflow/example_dags/example_setup_teardown.py for tasks to queue
[2023-11-02T23:41:13.019+0000] {logging_mixin.py:151} INFO - [2023-11-02T23:41:13.019+0000] {dagbag.py:536} INFO - Filling up the DagBag from /home/airflow/.local/lib/python3.8/site-packages/airflow/example_dags/example_setup_teardown.py
[2023-11-02T23:41:13.027+0000] {processor.py:839} INFO - DAG(s) dict_keys(['example_setup_teardown']) retrieved from /home/airflow/.local/lib/python3.8/site-packages/airflow/example_dags/example_setup_teardown.py
[2023-11-02T23:41:13.052+0000] {logging_mixin.py:151} INFO - [2023-11-02T23:41:13.052+0000] {dag.py:2941} INFO - Sync 1 DAGs
[2023-11-02T23:41:13.075+0000] {logging_mixin.py:151} INFO - [2023-11-02T23:41:13.074+0000] {dag.py:3722} INFO - Setting next_dagrun for example_setup_teardown to 2023-11-01T23:41:13.074691+00:00, run_after=2023-11-02T23:41:13.074691+00:00
[2023-11-02T23:41:13.103+0000] {processor.py:179} INFO - Processing /home/airflow/.local/lib/python3.8/site-packages/airflow/example_dags/example_setup_teardown.py took 0.096 seconds
[2023-11-02T23:41:43.262+0000] {processor.py:157} INFO - Started process (PID=1666) to work on /home/airflow/.local/lib/python3.8/site-packages/airflow/example_dags/example_setup_teardown.py
[2023-11-02T23:41:43.264+0000] {processor.py:829} INFO - Processing file /home/airflow/.local/lib/python3.8/site-packages/airflow/example_dags/example_setup_teardown.py for tasks to queue
[2023-11-02T23:41:43.266+0000] {logging_mixin.py:151} INFO - [2023-11-02T23:41:43.266+0000] {dagbag.py:536} INFO - Filling up the DagBag from /home/airflow/.local/lib/python3.8/site-packages/airflow/example_dags/example_setup_teardown.py
[2023-11-02T23:41:43.273+0000] {processor.py:839} INFO - DAG(s) dict_keys(['example_setup_teardown']) retrieved from /home/airflow/.local/lib/python3.8/site-packages/airflow/example_dags/example_setup_teardown.py
[2023-11-02T23:41:43.301+0000] {logging_mixin.py:151} INFO - [2023-11-02T23:41:43.301+0000] {dag.py:2941} INFO - Sync 1 DAGs
[2023-11-02T23:41:43.326+0000] {logging_mixin.py:151} INFO - [2023-11-02T23:41:43.326+0000] {dag.py:3722} INFO - Setting next_dagrun for example_setup_teardown to 2023-11-01T23:41:43.325710+00:00, run_after=2023-11-02T23:41:43.325710+00:00
[2023-11-02T23:41:43.354+0000] {processor.py:179} INFO - Processing /home/airflow/.local/lib/python3.8/site-packages/airflow/example_dags/example_setup_teardown.py took 0.095 seconds
[2023-11-02T23:42:13.472+0000] {processor.py:157} INFO - Started process (PID=1720) to work on /home/airflow/.local/lib/python3.8/site-packages/airflow/example_dags/example_setup_teardown.py
[2023-11-02T23:42:13.473+0000] {processor.py:829} INFO - Processing file /home/airflow/.local/lib/python3.8/site-packages/airflow/example_dags/example_setup_teardown.py for tasks to queue
[2023-11-02T23:42:13.475+0000] {logging_mixin.py:151} INFO - [2023-11-02T23:42:13.475+0000] {dagbag.py:536} INFO - Filling up the DagBag from /home/airflow/.local/lib/python3.8/site-packages/airflow/example_dags/example_setup_teardown.py
[2023-11-02T23:42:13.483+0000] {processor.py:839} INFO - DAG(s) dict_keys(['example_setup_teardown']) retrieved from /home/airflow/.local/lib/python3.8/site-packages/airflow/example_dags/example_setup_teardown.py
[2023-11-02T23:42:13.510+0000] {logging_mixin.py:151} INFO - [2023-11-02T23:42:13.509+0000] {dag.py:2941} INFO - Sync 1 DAGs
[2023-11-02T23:42:13.534+0000] {logging_mixin.py:151} INFO - [2023-11-02T23:42:13.534+0000] {dag.py:3722} INFO - Setting next_dagrun for example_setup_teardown to 2023-11-01T23:42:13.533822+00:00, run_after=2023-11-02T23:42:13.533822+00:00
[2023-11-02T23:42:13.563+0000] {processor.py:179} INFO - Processing /home/airflow/.local/lib/python3.8/site-packages/airflow/example_dags/example_setup_teardown.py took 0.095 seconds
[2023-11-02T23:42:43.711+0000] {processor.py:157} INFO - Started process (PID=1774) to work on /home/airflow/.local/lib/python3.8/site-packages/airflow/example_dags/example_setup_teardown.py
[2023-11-02T23:42:43.713+0000] {processor.py:829} INFO - Processing file /home/airflow/.local/lib/python3.8/site-packages/airflow/example_dags/example_setup_teardown.py for tasks to queue
[2023-11-02T23:42:43.715+0000] {logging_mixin.py:151} INFO - [2023-11-02T23:42:43.715+0000] {dagbag.py:536} INFO - Filling up the DagBag from /home/airflow/.local/lib/python3.8/site-packages/airflow/example_dags/example_setup_teardown.py
[2023-11-02T23:42:43.723+0000] {processor.py:839} INFO - DAG(s) dict_keys(['example_setup_teardown']) retrieved from /home/airflow/.local/lib/python3.8/site-packages/airflow/example_dags/example_setup_teardown.py
[2023-11-02T23:42:43.751+0000] {logging_mixin.py:151} INFO - [2023-11-02T23:42:43.751+0000] {dag.py:2941} INFO - Sync 1 DAGs
[2023-11-02T23:42:43.777+0000] {logging_mixin.py:151} INFO - [2023-11-02T23:42:43.777+0000] {dag.py:3722} INFO - Setting next_dagrun for example_setup_teardown to 2023-11-01T23:42:43.776850+00:00, run_after=2023-11-02T23:42:43.776850+00:00
[2023-11-02T23:42:43.804+0000] {processor.py:179} INFO - Processing /home/airflow/.local/lib/python3.8/site-packages/airflow/example_dags/example_setup_teardown.py took 0.097 seconds
[2023-11-02T23:43:13.887+0000] {processor.py:157} INFO - Started process (PID=1828) to work on /home/airflow/.local/lib/python3.8/site-packages/airflow/example_dags/example_setup_teardown.py
[2023-11-02T23:43:13.888+0000] {processor.py:829} INFO - Processing file /home/airflow/.local/lib/python3.8/site-packages/airflow/example_dags/example_setup_teardown.py for tasks to queue
[2023-11-02T23:43:13.891+0000] {logging_mixin.py:151} INFO - [2023-11-02T23:43:13.890+0000] {dagbag.py:536} INFO - Filling up the DagBag from /home/airflow/.local/lib/python3.8/site-packages/airflow/example_dags/example_setup_teardown.py
[2023-11-02T23:43:13.897+0000] {processor.py:839} INFO - DAG(s) dict_keys(['example_setup_teardown']) retrieved from /home/airflow/.local/lib/python3.8/site-packages/airflow/example_dags/example_setup_teardown.py
[2023-11-02T23:43:13.922+0000] {logging_mixin.py:151} INFO - [2023-11-02T23:43:13.922+0000] {dag.py:2941} INFO - Sync 1 DAGs
[2023-11-02T23:43:13.946+0000] {logging_mixin.py:151} INFO - [2023-11-02T23:43:13.946+0000] {dag.py:3722} INFO - Setting next_dagrun for example_setup_teardown to 2023-11-01T23:43:13.945601+00:00, run_after=2023-11-02T23:43:13.945601+00:00
[2023-11-02T23:43:13.973+0000] {processor.py:179} INFO - Processing /home/airflow/.local/lib/python3.8/site-packages/airflow/example_dags/example_setup_teardown.py took 0.089 seconds
[2023-11-02T23:43:44.096+0000] {processor.py:157} INFO - Started process (PID=1882) to work on /home/airflow/.local/lib/python3.8/site-packages/airflow/example_dags/example_setup_teardown.py
[2023-11-02T23:43:44.097+0000] {processor.py:829} INFO - Processing file /home/airflow/.local/lib/python3.8/site-packages/airflow/example_dags/example_setup_teardown.py for tasks to queue
[2023-11-02T23:43:44.100+0000] {logging_mixin.py:151} INFO - [2023-11-02T23:43:44.099+0000] {dagbag.py:536} INFO - Filling up the DagBag from /home/airflow/.local/lib/python3.8/site-packages/airflow/example_dags/example_setup_teardown.py
[2023-11-02T23:43:44.107+0000] {processor.py:839} INFO - DAG(s) dict_keys(['example_setup_teardown']) retrieved from /home/airflow/.local/lib/python3.8/site-packages/airflow/example_dags/example_setup_teardown.py
[2023-11-02T23:43:44.133+0000] {logging_mixin.py:151} INFO - [2023-11-02T23:43:44.132+0000] {dag.py:2941} INFO - Sync 1 DAGs
[2023-11-02T23:43:44.158+0000] {logging_mixin.py:151} INFO - [2023-11-02T23:43:44.157+0000] {dag.py:3722} INFO - Setting next_dagrun for example_setup_teardown to 2023-11-01T23:43:44.157556+00:00, run_after=2023-11-02T23:43:44.157556+00:00
[2023-11-02T23:43:44.183+0000] {processor.py:179} INFO - Processing /home/airflow/.local/lib/python3.8/site-packages/airflow/example_dags/example_setup_teardown.py took 0.090 seconds
[2023-11-02T23:44:14.495+0000] {processor.py:157} INFO - Started process (PID=1936) to work on /home/airflow/.local/lib/python3.8/site-packages/airflow/example_dags/example_setup_teardown.py
[2023-11-02T23:44:14.496+0000] {processor.py:829} INFO - Processing file /home/airflow/.local/lib/python3.8/site-packages/airflow/example_dags/example_setup_teardown.py for tasks to queue
[2023-11-02T23:44:14.499+0000] {logging_mixin.py:151} INFO - [2023-11-02T23:44:14.498+0000] {dagbag.py:536} INFO - Filling up the DagBag from /home/airflow/.local/lib/python3.8/site-packages/airflow/example_dags/example_setup_teardown.py
[2023-11-02T23:44:14.506+0000] {processor.py:839} INFO - DAG(s) dict_keys(['example_setup_teardown']) retrieved from /home/airflow/.local/lib/python3.8/site-packages/airflow/example_dags/example_setup_teardown.py
[2023-11-02T23:44:14.534+0000] {logging_mixin.py:151} INFO - [2023-11-02T23:44:14.533+0000] {dag.py:2941} INFO - Sync 1 DAGs
[2023-11-02T23:44:14.568+0000] {logging_mixin.py:151} INFO - [2023-11-02T23:44:14.568+0000] {dag.py:3722} INFO - Setting next_dagrun for example_setup_teardown to 2023-11-01T23:44:14.568526+00:00, run_after=2023-11-02T23:44:14.568526+00:00
[2023-11-02T23:44:14.602+0000] {processor.py:179} INFO - Processing /home/airflow/.local/lib/python3.8/site-packages/airflow/example_dags/example_setup_teardown.py took 0.110 seconds
[2023-11-02T23:44:44.722+0000] {processor.py:157} INFO - Started process (PID=1990) to work on /home/airflow/.local/lib/python3.8/site-packages/airflow/example_dags/example_setup_teardown.py
[2023-11-02T23:44:44.723+0000] {processor.py:829} INFO - Processing file /home/airflow/.local/lib/python3.8/site-packages/airflow/example_dags/example_setup_teardown.py for tasks to queue
[2023-11-02T23:44:44.726+0000] {logging_mixin.py:151} INFO - [2023-11-02T23:44:44.726+0000] {dagbag.py:536} INFO - Filling up the DagBag from /home/airflow/.local/lib/python3.8/site-packages/airflow/example_dags/example_setup_teardown.py
[2023-11-02T23:44:44.734+0000] {processor.py:839} INFO - DAG(s) dict_keys(['example_setup_teardown']) retrieved from /home/airflow/.local/lib/python3.8/site-packages/airflow/example_dags/example_setup_teardown.py
[2023-11-02T23:44:44.774+0000] {logging_mixin.py:151} INFO - [2023-11-02T23:44:44.773+0000] {dag.py:2941} INFO - Sync 1 DAGs
[2023-11-02T23:44:44.804+0000] {logging_mixin.py:151} INFO - [2023-11-02T23:44:44.804+0000] {dag.py:3722} INFO - Setting next_dagrun for example_setup_teardown to 2023-11-01T23:44:44.804124+00:00, run_after=2023-11-02T23:44:44.804124+00:00
[2023-11-02T23:44:44.831+0000] {processor.py:179} INFO - Processing /home/airflow/.local/lib/python3.8/site-packages/airflow/example_dags/example_setup_teardown.py took 0.113 seconds
[2023-11-02T23:45:15.203+0000] {processor.py:157} INFO - Started process (PID=2044) to work on /home/airflow/.local/lib/python3.8/site-packages/airflow/example_dags/example_setup_teardown.py
[2023-11-02T23:45:15.205+0000] {processor.py:829} INFO - Processing file /home/airflow/.local/lib/python3.8/site-packages/airflow/example_dags/example_setup_teardown.py for tasks to queue
[2023-11-02T23:45:15.214+0000] {logging_mixin.py:151} INFO - [2023-11-02T23:45:15.214+0000] {dagbag.py:536} INFO - Filling up the DagBag from /home/airflow/.local/lib/python3.8/site-packages/airflow/example_dags/example_setup_teardown.py
[2023-11-02T23:45:15.226+0000] {processor.py:839} INFO - DAG(s) dict_keys(['example_setup_teardown']) retrieved from /home/airflow/.local/lib/python3.8/site-packages/airflow/example_dags/example_setup_teardown.py
[2023-11-02T23:45:15.256+0000] {logging_mixin.py:151} INFO - [2023-11-02T23:45:15.256+0000] {dag.py:2941} INFO - Sync 1 DAGs
[2023-11-02T23:45:15.281+0000] {logging_mixin.py:151} INFO - [2023-11-02T23:45:15.281+0000] {dag.py:3722} INFO - Setting next_dagrun for example_setup_teardown to 2023-11-01T23:45:15.281322+00:00, run_after=2023-11-02T23:45:15.281322+00:00
[2023-11-02T23:45:15.313+0000] {processor.py:179} INFO - Processing /home/airflow/.local/lib/python3.8/site-packages/airflow/example_dags/example_setup_teardown.py took 0.113 seconds
[2023-11-02T23:45:45.410+0000] {processor.py:157} INFO - Started process (PID=2098) to work on /home/airflow/.local/lib/python3.8/site-packages/airflow/example_dags/example_setup_teardown.py
[2023-11-02T23:45:45.411+0000] {processor.py:829} INFO - Processing file /home/airflow/.local/lib/python3.8/site-packages/airflow/example_dags/example_setup_teardown.py for tasks to queue
[2023-11-02T23:45:45.413+0000] {logging_mixin.py:151} INFO - [2023-11-02T23:45:45.413+0000] {dagbag.py:536} INFO - Filling up the DagBag from /home/airflow/.local/lib/python3.8/site-packages/airflow/example_dags/example_setup_teardown.py
[2023-11-02T23:45:45.421+0000] {processor.py:839} INFO - DAG(s) dict_keys(['example_setup_teardown']) retrieved from /home/airflow/.local/lib/python3.8/site-packages/airflow/example_dags/example_setup_teardown.py
[2023-11-02T23:45:45.451+0000] {logging_mixin.py:151} INFO - [2023-11-02T23:45:45.451+0000] {dag.py:2941} INFO - Sync 1 DAGs
[2023-11-02T23:45:45.484+0000] {logging_mixin.py:151} INFO - [2023-11-02T23:45:45.483+0000] {dag.py:3722} INFO - Setting next_dagrun for example_setup_teardown to 2023-11-01T23:45:45.483536+00:00, run_after=2023-11-02T23:45:45.483536+00:00
[2023-11-02T23:45:45.524+0000] {processor.py:179} INFO - Processing /home/airflow/.local/lib/python3.8/site-packages/airflow/example_dags/example_setup_teardown.py took 0.118 seconds
[2023-11-02T23:46:15.693+0000] {processor.py:157} INFO - Started process (PID=2152) to work on /home/airflow/.local/lib/python3.8/site-packages/airflow/example_dags/example_setup_teardown.py
[2023-11-02T23:46:15.694+0000] {processor.py:829} INFO - Processing file /home/airflow/.local/lib/python3.8/site-packages/airflow/example_dags/example_setup_teardown.py for tasks to queue
[2023-11-02T23:46:15.697+0000] {logging_mixin.py:151} INFO - [2023-11-02T23:46:15.696+0000] {dagbag.py:536} INFO - Filling up the DagBag from /home/airflow/.local/lib/python3.8/site-packages/airflow/example_dags/example_setup_teardown.py
[2023-11-02T23:46:15.704+0000] {processor.py:839} INFO - DAG(s) dict_keys(['example_setup_teardown']) retrieved from /home/airflow/.local/lib/python3.8/site-packages/airflow/example_dags/example_setup_teardown.py
[2023-11-02T23:46:15.736+0000] {logging_mixin.py:151} INFO - [2023-11-02T23:46:15.736+0000] {dag.py:2941} INFO - Sync 1 DAGs
[2023-11-02T23:46:15.761+0000] {logging_mixin.py:151} INFO - [2023-11-02T23:46:15.761+0000] {dag.py:3722} INFO - Setting next_dagrun for example_setup_teardown to 2023-11-01T23:46:15.761134+00:00, run_after=2023-11-02T23:46:15.761134+00:00
[2023-11-02T23:46:15.784+0000] {processor.py:179} INFO - Processing /home/airflow/.local/lib/python3.8/site-packages/airflow/example_dags/example_setup_teardown.py took 0.095 seconds
[2023-11-02T23:46:45.895+0000] {processor.py:157} INFO - Started process (PID=2206) to work on /home/airflow/.local/lib/python3.8/site-packages/airflow/example_dags/example_setup_teardown.py
[2023-11-02T23:46:45.898+0000] {processor.py:829} INFO - Processing file /home/airflow/.local/lib/python3.8/site-packages/airflow/example_dags/example_setup_teardown.py for tasks to queue
[2023-11-02T23:46:45.900+0000] {logging_mixin.py:151} INFO - [2023-11-02T23:46:45.900+0000] {dagbag.py:536} INFO - Filling up the DagBag from /home/airflow/.local/lib/python3.8/site-packages/airflow/example_dags/example_setup_teardown.py
[2023-11-02T23:46:45.909+0000] {processor.py:839} INFO - DAG(s) dict_keys(['example_setup_teardown']) retrieved from /home/airflow/.local/lib/python3.8/site-packages/airflow/example_dags/example_setup_teardown.py
[2023-11-02T23:46:45.940+0000] {logging_mixin.py:151} INFO - [2023-11-02T23:46:45.940+0000] {dag.py:2941} INFO - Sync 1 DAGs
[2023-11-02T23:46:45.967+0000] {logging_mixin.py:151} INFO - [2023-11-02T23:46:45.966+0000] {dag.py:3722} INFO - Setting next_dagrun for example_setup_teardown to 2023-11-01T23:46:45.966516+00:00, run_after=2023-11-02T23:46:45.966516+00:00
[2023-11-02T23:46:45.996+0000] {processor.py:179} INFO - Processing /home/airflow/.local/lib/python3.8/site-packages/airflow/example_dags/example_setup_teardown.py took 0.104 seconds
[2023-11-02T23:47:16.232+0000] {processor.py:157} INFO - Started process (PID=2259) to work on /home/airflow/.local/lib/python3.8/site-packages/airflow/example_dags/example_setup_teardown.py
[2023-11-02T23:47:16.233+0000] {processor.py:829} INFO - Processing file /home/airflow/.local/lib/python3.8/site-packages/airflow/example_dags/example_setup_teardown.py for tasks to queue
[2023-11-02T23:47:16.236+0000] {logging_mixin.py:151} INFO - [2023-11-02T23:47:16.236+0000] {dagbag.py:536} INFO - Filling up the DagBag from /home/airflow/.local/lib/python3.8/site-packages/airflow/example_dags/example_setup_teardown.py
[2023-11-02T23:47:16.244+0000] {processor.py:839} INFO - DAG(s) dict_keys(['example_setup_teardown']) retrieved from /home/airflow/.local/lib/python3.8/site-packages/airflow/example_dags/example_setup_teardown.py
[2023-11-02T23:47:16.271+0000] {logging_mixin.py:151} INFO - [2023-11-02T23:47:16.271+0000] {dag.py:2941} INFO - Sync 1 DAGs
[2023-11-02T23:47:16.298+0000] {logging_mixin.py:151} INFO - [2023-11-02T23:47:16.298+0000] {dag.py:3722} INFO - Setting next_dagrun for example_setup_teardown to 2023-11-01T23:47:16.297952+00:00, run_after=2023-11-02T23:47:16.297952+00:00
[2023-11-02T23:47:16.325+0000] {processor.py:179} INFO - Processing /home/airflow/.local/lib/python3.8/site-packages/airflow/example_dags/example_setup_teardown.py took 0.096 seconds
[2023-11-02T23:47:46.634+0000] {processor.py:157} INFO - Started process (PID=2313) to work on /home/airflow/.local/lib/python3.8/site-packages/airflow/example_dags/example_setup_teardown.py
[2023-11-02T23:47:46.635+0000] {processor.py:829} INFO - Processing file /home/airflow/.local/lib/python3.8/site-packages/airflow/example_dags/example_setup_teardown.py for tasks to queue
[2023-11-02T23:47:46.637+0000] {logging_mixin.py:151} INFO - [2023-11-02T23:47:46.637+0000] {dagbag.py:536} INFO - Filling up the DagBag from /home/airflow/.local/lib/python3.8/site-packages/airflow/example_dags/example_setup_teardown.py
[2023-11-02T23:47:46.647+0000] {processor.py:839} INFO - DAG(s) dict_keys(['example_setup_teardown']) retrieved from /home/airflow/.local/lib/python3.8/site-packages/airflow/example_dags/example_setup_teardown.py
[2023-11-02T23:47:46.676+0000] {logging_mixin.py:151} INFO - [2023-11-02T23:47:46.676+0000] {dag.py:2941} INFO - Sync 1 DAGs
[2023-11-02T23:47:46.705+0000] {logging_mixin.py:151} INFO - [2023-11-02T23:47:46.705+0000] {dag.py:3722} INFO - Setting next_dagrun for example_setup_teardown to 2023-11-01T23:47:46.704986+00:00, run_after=2023-11-02T23:47:46.704986+00:00
[2023-11-02T23:47:46.733+0000] {processor.py:179} INFO - Processing /home/airflow/.local/lib/python3.8/site-packages/airflow/example_dags/example_setup_teardown.py took 0.103 seconds
[2023-11-02T23:48:58.327+0000] {processor.py:157} INFO - Started process (PID=44) to work on /home/airflow/.local/lib/python3.8/site-packages/airflow/example_dags/example_setup_teardown.py
[2023-11-02T23:48:58.329+0000] {processor.py:829} INFO - Processing file /home/airflow/.local/lib/python3.8/site-packages/airflow/example_dags/example_setup_teardown.py for tasks to queue
[2023-11-02T23:48:58.333+0000] {logging_mixin.py:151} INFO - [2023-11-02T23:48:58.332+0000] {dagbag.py:536} INFO - Filling up the DagBag from /home/airflow/.local/lib/python3.8/site-packages/airflow/example_dags/example_setup_teardown.py
[2023-11-02T23:48:58.346+0000] {processor.py:839} INFO - DAG(s) dict_keys(['example_setup_teardown']) retrieved from /home/airflow/.local/lib/python3.8/site-packages/airflow/example_dags/example_setup_teardown.py
[2023-11-02T23:48:58.373+0000] {logging_mixin.py:151} INFO - [2023-11-02T23:48:58.365+0000] {dag.py:2941} INFO - Sync 1 DAGs
[2023-11-02T23:48:58.417+0000] {logging_mixin.py:151} INFO - [2023-11-02T23:48:58.416+0000] {dag.py:3722} INFO - Setting next_dagrun for example_setup_teardown to 2023-11-01T23:48:58.416606+00:00, run_after=2023-11-02T23:48:58.416606+00:00
[2023-11-02T23:48:58.454+0000] {processor.py:179} INFO - Processing /home/airflow/.local/lib/python3.8/site-packages/airflow/example_dags/example_setup_teardown.py took 0.133 seconds
[2023-11-02T23:49:28.477+0000] {processor.py:157} INFO - Started process (PID=98) to work on /home/airflow/.local/lib/python3.8/site-packages/airflow/example_dags/example_setup_teardown.py
[2023-11-02T23:49:28.479+0000] {processor.py:829} INFO - Processing file /home/airflow/.local/lib/python3.8/site-packages/airflow/example_dags/example_setup_teardown.py for tasks to queue
[2023-11-02T23:49:28.481+0000] {logging_mixin.py:151} INFO - [2023-11-02T23:49:28.480+0000] {dagbag.py:536} INFO - Filling up the DagBag from /home/airflow/.local/lib/python3.8/site-packages/airflow/example_dags/example_setup_teardown.py
[2023-11-02T23:49:28.489+0000] {processor.py:839} INFO - DAG(s) dict_keys(['example_setup_teardown']) retrieved from /home/airflow/.local/lib/python3.8/site-packages/airflow/example_dags/example_setup_teardown.py
[2023-11-02T23:49:28.513+0000] {logging_mixin.py:151} INFO - [2023-11-02T23:49:28.512+0000] {dag.py:2941} INFO - Sync 1 DAGs
[2023-11-02T23:49:28.537+0000] {logging_mixin.py:151} INFO - [2023-11-02T23:49:28.537+0000] {dag.py:3722} INFO - Setting next_dagrun for example_setup_teardown to 2023-11-01T23:49:28.536900+00:00, run_after=2023-11-02T23:49:28.536900+00:00
[2023-11-02T23:49:28.563+0000] {processor.py:179} INFO - Processing /home/airflow/.local/lib/python3.8/site-packages/airflow/example_dags/example_setup_teardown.py took 0.089 seconds
[2023-11-02T23:49:58.651+0000] {processor.py:157} INFO - Started process (PID=152) to work on /home/airflow/.local/lib/python3.8/site-packages/airflow/example_dags/example_setup_teardown.py
[2023-11-02T23:49:58.652+0000] {processor.py:829} INFO - Processing file /home/airflow/.local/lib/python3.8/site-packages/airflow/example_dags/example_setup_teardown.py for tasks to queue
[2023-11-02T23:49:58.655+0000] {logging_mixin.py:151} INFO - [2023-11-02T23:49:58.654+0000] {dagbag.py:536} INFO - Filling up the DagBag from /home/airflow/.local/lib/python3.8/site-packages/airflow/example_dags/example_setup_teardown.py
[2023-11-02T23:49:58.662+0000] {processor.py:839} INFO - DAG(s) dict_keys(['example_setup_teardown']) retrieved from /home/airflow/.local/lib/python3.8/site-packages/airflow/example_dags/example_setup_teardown.py
[2023-11-02T23:49:58.688+0000] {logging_mixin.py:151} INFO - [2023-11-02T23:49:58.688+0000] {dag.py:2941} INFO - Sync 1 DAGs
[2023-11-02T23:49:58.715+0000] {logging_mixin.py:151} INFO - [2023-11-02T23:49:58.715+0000] {dag.py:3722} INFO - Setting next_dagrun for example_setup_teardown to 2023-11-01T23:49:58.715186+00:00, run_after=2023-11-02T23:49:58.715186+00:00
[2023-11-02T23:49:58.747+0000] {processor.py:179} INFO - Processing /home/airflow/.local/lib/python3.8/site-packages/airflow/example_dags/example_setup_teardown.py took 0.099 seconds
[2023-11-02T23:50:29.152+0000] {processor.py:157} INFO - Started process (PID=206) to work on /home/airflow/.local/lib/python3.8/site-packages/airflow/example_dags/example_setup_teardown.py
[2023-11-02T23:50:29.153+0000] {processor.py:829} INFO - Processing file /home/airflow/.local/lib/python3.8/site-packages/airflow/example_dags/example_setup_teardown.py for tasks to queue
[2023-11-02T23:50:29.155+0000] {logging_mixin.py:151} INFO - [2023-11-02T23:50:29.155+0000] {dagbag.py:536} INFO - Filling up the DagBag from /home/airflow/.local/lib/python3.8/site-packages/airflow/example_dags/example_setup_teardown.py
[2023-11-02T23:50:29.164+0000] {processor.py:839} INFO - DAG(s) dict_keys(['example_setup_teardown']) retrieved from /home/airflow/.local/lib/python3.8/site-packages/airflow/example_dags/example_setup_teardown.py
[2023-11-02T23:50:29.191+0000] {logging_mixin.py:151} INFO - [2023-11-02T23:50:29.191+0000] {dag.py:2941} INFO - Sync 1 DAGs
[2023-11-02T23:50:29.215+0000] {logging_mixin.py:151} INFO - [2023-11-02T23:50:29.215+0000] {dag.py:3722} INFO - Setting next_dagrun for example_setup_teardown to 2023-11-01T23:50:29.215037+00:00, run_after=2023-11-02T23:50:29.215037+00:00
[2023-11-02T23:50:29.243+0000] {processor.py:179} INFO - Processing /home/airflow/.local/lib/python3.8/site-packages/airflow/example_dags/example_setup_teardown.py took 0.096 seconds
[2023-11-02T23:50:59.564+0000] {processor.py:157} INFO - Started process (PID=260) to work on /home/airflow/.local/lib/python3.8/site-packages/airflow/example_dags/example_setup_teardown.py
[2023-11-02T23:50:59.565+0000] {processor.py:829} INFO - Processing file /home/airflow/.local/lib/python3.8/site-packages/airflow/example_dags/example_setup_teardown.py for tasks to queue
[2023-11-02T23:50:59.567+0000] {logging_mixin.py:151} INFO - [2023-11-02T23:50:59.567+0000] {dagbag.py:536} INFO - Filling up the DagBag from /home/airflow/.local/lib/python3.8/site-packages/airflow/example_dags/example_setup_teardown.py
[2023-11-02T23:50:59.574+0000] {processor.py:839} INFO - DAG(s) dict_keys(['example_setup_teardown']) retrieved from /home/airflow/.local/lib/python3.8/site-packages/airflow/example_dags/example_setup_teardown.py
[2023-11-02T23:50:59.603+0000] {logging_mixin.py:151} INFO - [2023-11-02T23:50:59.603+0000] {dag.py:2941} INFO - Sync 1 DAGs
[2023-11-02T23:50:59.629+0000] {logging_mixin.py:151} INFO - [2023-11-02T23:50:59.629+0000] {dag.py:3722} INFO - Setting next_dagrun for example_setup_teardown to 2023-11-01T23:50:59.629041+00:00, run_after=2023-11-02T23:50:59.629041+00:00
[2023-11-02T23:50:59.658+0000] {processor.py:179} INFO - Processing /home/airflow/.local/lib/python3.8/site-packages/airflow/example_dags/example_setup_teardown.py took 0.097 seconds
[2023-11-02T23:51:29.918+0000] {processor.py:157} INFO - Started process (PID=314) to work on /home/airflow/.local/lib/python3.8/site-packages/airflow/example_dags/example_setup_teardown.py
[2023-11-02T23:51:29.919+0000] {processor.py:829} INFO - Processing file /home/airflow/.local/lib/python3.8/site-packages/airflow/example_dags/example_setup_teardown.py for tasks to queue
[2023-11-02T23:51:29.921+0000] {logging_mixin.py:151} INFO - [2023-11-02T23:51:29.921+0000] {dagbag.py:536} INFO - Filling up the DagBag from /home/airflow/.local/lib/python3.8/site-packages/airflow/example_dags/example_setup_teardown.py
[2023-11-02T23:51:29.929+0000] {processor.py:839} INFO - DAG(s) dict_keys(['example_setup_teardown']) retrieved from /home/airflow/.local/lib/python3.8/site-packages/airflow/example_dags/example_setup_teardown.py
[2023-11-02T23:51:29.957+0000] {logging_mixin.py:151} INFO - [2023-11-02T23:51:29.957+0000] {dag.py:2941} INFO - Sync 1 DAGs
[2023-11-02T23:51:29.984+0000] {logging_mixin.py:151} INFO - [2023-11-02T23:51:29.982+0000] {dag.py:3722} INFO - Setting next_dagrun for example_setup_teardown to 2023-11-01T23:51:29.982593+00:00, run_after=2023-11-02T23:51:29.982593+00:00
[2023-11-02T23:51:30.010+0000] {processor.py:179} INFO - Processing /home/airflow/.local/lib/python3.8/site-packages/airflow/example_dags/example_setup_teardown.py took 0.095 seconds
[2023-11-02T23:52:00.225+0000] {processor.py:157} INFO - Started process (PID=368) to work on /home/airflow/.local/lib/python3.8/site-packages/airflow/example_dags/example_setup_teardown.py
[2023-11-02T23:52:00.226+0000] {processor.py:829} INFO - Processing file /home/airflow/.local/lib/python3.8/site-packages/airflow/example_dags/example_setup_teardown.py for tasks to queue
[2023-11-02T23:52:00.228+0000] {logging_mixin.py:151} INFO - [2023-11-02T23:52:00.228+0000] {dagbag.py:536} INFO - Filling up the DagBag from /home/airflow/.local/lib/python3.8/site-packages/airflow/example_dags/example_setup_teardown.py
[2023-11-02T23:52:00.235+0000] {processor.py:839} INFO - DAG(s) dict_keys(['example_setup_teardown']) retrieved from /home/airflow/.local/lib/python3.8/site-packages/airflow/example_dags/example_setup_teardown.py
[2023-11-02T23:52:00.262+0000] {logging_mixin.py:151} INFO - [2023-11-02T23:52:00.261+0000] {dag.py:2941} INFO - Sync 1 DAGs
[2023-11-02T23:52:00.286+0000] {logging_mixin.py:151} INFO - [2023-11-02T23:52:00.286+0000] {dag.py:3722} INFO - Setting next_dagrun for example_setup_teardown to 2023-11-01T23:52:00.286323+00:00, run_after=2023-11-02T23:52:00.286323+00:00
[2023-11-02T23:52:00.313+0000] {processor.py:179} INFO - Processing /home/airflow/.local/lib/python3.8/site-packages/airflow/example_dags/example_setup_teardown.py took 0.092 seconds
[2023-11-02T23:52:30.359+0000] {processor.py:157} INFO - Started process (PID=422) to work on /home/airflow/.local/lib/python3.8/site-packages/airflow/example_dags/example_setup_teardown.py
[2023-11-02T23:52:30.359+0000] {processor.py:829} INFO - Processing file /home/airflow/.local/lib/python3.8/site-packages/airflow/example_dags/example_setup_teardown.py for tasks to queue
[2023-11-02T23:52:30.361+0000] {logging_mixin.py:151} INFO - [2023-11-02T23:52:30.361+0000] {dagbag.py:536} INFO - Filling up the DagBag from /home/airflow/.local/lib/python3.8/site-packages/airflow/example_dags/example_setup_teardown.py
[2023-11-02T23:52:30.368+0000] {processor.py:839} INFO - DAG(s) dict_keys(['example_setup_teardown']) retrieved from /home/airflow/.local/lib/python3.8/site-packages/airflow/example_dags/example_setup_teardown.py
[2023-11-02T23:52:30.396+0000] {logging_mixin.py:151} INFO - [2023-11-02T23:52:30.395+0000] {dag.py:2941} INFO - Sync 1 DAGs
[2023-11-02T23:52:30.420+0000] {logging_mixin.py:151} INFO - [2023-11-02T23:52:30.420+0000] {dag.py:3722} INFO - Setting next_dagrun for example_setup_teardown to 2023-11-01T23:52:30.420098+00:00, run_after=2023-11-02T23:52:30.420098+00:00
[2023-11-02T23:52:30.445+0000] {processor.py:179} INFO - Processing /home/airflow/.local/lib/python3.8/site-packages/airflow/example_dags/example_setup_teardown.py took 0.090 seconds
[2023-11-02T23:53:00.665+0000] {processor.py:157} INFO - Started process (PID=476) to work on /home/airflow/.local/lib/python3.8/site-packages/airflow/example_dags/example_setup_teardown.py
[2023-11-02T23:53:00.666+0000] {processor.py:829} INFO - Processing file /home/airflow/.local/lib/python3.8/site-packages/airflow/example_dags/example_setup_teardown.py for tasks to queue
[2023-11-02T23:53:00.669+0000] {logging_mixin.py:151} INFO - [2023-11-02T23:53:00.668+0000] {dagbag.py:536} INFO - Filling up the DagBag from /home/airflow/.local/lib/python3.8/site-packages/airflow/example_dags/example_setup_teardown.py
[2023-11-02T23:53:00.675+0000] {processor.py:839} INFO - DAG(s) dict_keys(['example_setup_teardown']) retrieved from /home/airflow/.local/lib/python3.8/site-packages/airflow/example_dags/example_setup_teardown.py
[2023-11-02T23:53:00.699+0000] {logging_mixin.py:151} INFO - [2023-11-02T23:53:00.698+0000] {dag.py:2941} INFO - Sync 1 DAGs
[2023-11-02T23:53:00.726+0000] {logging_mixin.py:151} INFO - [2023-11-02T23:53:00.726+0000] {dag.py:3722} INFO - Setting next_dagrun for example_setup_teardown to 2023-11-01T23:53:00.725884+00:00, run_after=2023-11-02T23:53:00.725884+00:00
[2023-11-02T23:53:00.753+0000] {processor.py:179} INFO - Processing /home/airflow/.local/lib/python3.8/site-packages/airflow/example_dags/example_setup_teardown.py took 0.092 seconds
[2023-11-02T23:53:30.890+0000] {processor.py:157} INFO - Started process (PID=530) to work on /home/airflow/.local/lib/python3.8/site-packages/airflow/example_dags/example_setup_teardown.py
[2023-11-02T23:53:30.891+0000] {processor.py:829} INFO - Processing file /home/airflow/.local/lib/python3.8/site-packages/airflow/example_dags/example_setup_teardown.py for tasks to queue
[2023-11-02T23:53:30.893+0000] {logging_mixin.py:151} INFO - [2023-11-02T23:53:30.892+0000] {dagbag.py:536} INFO - Filling up the DagBag from /home/airflow/.local/lib/python3.8/site-packages/airflow/example_dags/example_setup_teardown.py
[2023-11-02T23:53:30.900+0000] {processor.py:839} INFO - DAG(s) dict_keys(['example_setup_teardown']) retrieved from /home/airflow/.local/lib/python3.8/site-packages/airflow/example_dags/example_setup_teardown.py
[2023-11-02T23:53:30.931+0000] {logging_mixin.py:151} INFO - [2023-11-02T23:53:30.930+0000] {dag.py:2941} INFO - Sync 1 DAGs
[2023-11-02T23:53:30.957+0000] {logging_mixin.py:151} INFO - [2023-11-02T23:53:30.956+0000] {dag.py:3722} INFO - Setting next_dagrun for example_setup_teardown to 2023-11-01T23:53:30.956611+00:00, run_after=2023-11-02T23:53:30.956611+00:00
[2023-11-02T23:53:30.984+0000] {processor.py:179} INFO - Processing /home/airflow/.local/lib/python3.8/site-packages/airflow/example_dags/example_setup_teardown.py took 0.097 seconds
[2023-11-02T23:54:01.171+0000] {processor.py:157} INFO - Started process (PID=584) to work on /home/airflow/.local/lib/python3.8/site-packages/airflow/example_dags/example_setup_teardown.py
[2023-11-02T23:54:01.172+0000] {processor.py:829} INFO - Processing file /home/airflow/.local/lib/python3.8/site-packages/airflow/example_dags/example_setup_teardown.py for tasks to queue
[2023-11-02T23:54:01.175+0000] {logging_mixin.py:151} INFO - [2023-11-02T23:54:01.175+0000] {dagbag.py:536} INFO - Filling up the DagBag from /home/airflow/.local/lib/python3.8/site-packages/airflow/example_dags/example_setup_teardown.py
[2023-11-02T23:54:01.182+0000] {processor.py:839} INFO - DAG(s) dict_keys(['example_setup_teardown']) retrieved from /home/airflow/.local/lib/python3.8/site-packages/airflow/example_dags/example_setup_teardown.py
[2023-11-02T23:54:01.207+0000] {logging_mixin.py:151} INFO - [2023-11-02T23:54:01.207+0000] {dag.py:2941} INFO - Sync 1 DAGs
[2023-11-02T23:54:01.234+0000] {logging_mixin.py:151} INFO - [2023-11-02T23:54:01.234+0000] {dag.py:3722} INFO - Setting next_dagrun for example_setup_teardown to 2023-11-01T23:54:01.234366+00:00, run_after=2023-11-02T23:54:01.234366+00:00
[2023-11-02T23:54:01.260+0000] {processor.py:179} INFO - Processing /home/airflow/.local/lib/python3.8/site-packages/airflow/example_dags/example_setup_teardown.py took 0.093 seconds
[2023-11-02T23:54:31.487+0000] {processor.py:157} INFO - Started process (PID=639) to work on /home/airflow/.local/lib/python3.8/site-packages/airflow/example_dags/example_setup_teardown.py
[2023-11-02T23:54:31.490+0000] {processor.py:829} INFO - Processing file /home/airflow/.local/lib/python3.8/site-packages/airflow/example_dags/example_setup_teardown.py for tasks to queue
[2023-11-02T23:54:31.493+0000] {logging_mixin.py:151} INFO - [2023-11-02T23:54:31.492+0000] {dagbag.py:536} INFO - Filling up the DagBag from /home/airflow/.local/lib/python3.8/site-packages/airflow/example_dags/example_setup_teardown.py
[2023-11-02T23:54:31.500+0000] {processor.py:839} INFO - DAG(s) dict_keys(['example_setup_teardown']) retrieved from /home/airflow/.local/lib/python3.8/site-packages/airflow/example_dags/example_setup_teardown.py
[2023-11-02T23:54:31.527+0000] {logging_mixin.py:151} INFO - [2023-11-02T23:54:31.527+0000] {dag.py:2941} INFO - Sync 1 DAGs
[2023-11-02T23:54:31.555+0000] {logging_mixin.py:151} INFO - [2023-11-02T23:54:31.555+0000] {dag.py:3722} INFO - Setting next_dagrun for example_setup_teardown to 2023-11-01T23:54:31.555318+00:00, run_after=2023-11-02T23:54:31.555318+00:00
[2023-11-02T23:54:31.583+0000] {processor.py:179} INFO - Processing /home/airflow/.local/lib/python3.8/site-packages/airflow/example_dags/example_setup_teardown.py took 0.101 seconds
[2023-11-02T23:55:02.095+0000] {processor.py:157} INFO - Started process (PID=692) to work on /home/airflow/.local/lib/python3.8/site-packages/airflow/example_dags/example_setup_teardown.py
[2023-11-02T23:55:02.097+0000] {processor.py:829} INFO - Processing file /home/airflow/.local/lib/python3.8/site-packages/airflow/example_dags/example_setup_teardown.py for tasks to queue
[2023-11-02T23:55:02.099+0000] {logging_mixin.py:151} INFO - [2023-11-02T23:55:02.099+0000] {dagbag.py:536} INFO - Filling up the DagBag from /home/airflow/.local/lib/python3.8/site-packages/airflow/example_dags/example_setup_teardown.py
[2023-11-02T23:55:02.108+0000] {processor.py:839} INFO - DAG(s) dict_keys(['example_setup_teardown']) retrieved from /home/airflow/.local/lib/python3.8/site-packages/airflow/example_dags/example_setup_teardown.py
[2023-11-02T23:55:02.139+0000] {logging_mixin.py:151} INFO - [2023-11-02T23:55:02.138+0000] {dag.py:2941} INFO - Sync 1 DAGs
[2023-11-02T23:55:02.165+0000] {logging_mixin.py:151} INFO - [2023-11-02T23:55:02.165+0000] {dag.py:3722} INFO - Setting next_dagrun for example_setup_teardown to 2023-11-01T23:55:02.165099+00:00, run_after=2023-11-02T23:55:02.165099+00:00
[2023-11-02T23:55:02.190+0000] {processor.py:179} INFO - Processing /home/airflow/.local/lib/python3.8/site-packages/airflow/example_dags/example_setup_teardown.py took 0.099 seconds
[2023-11-02T23:55:32.330+0000] {processor.py:157} INFO - Started process (PID=746) to work on /home/airflow/.local/lib/python3.8/site-packages/airflow/example_dags/example_setup_teardown.py
[2023-11-02T23:55:32.331+0000] {processor.py:829} INFO - Processing file /home/airflow/.local/lib/python3.8/site-packages/airflow/example_dags/example_setup_teardown.py for tasks to queue
[2023-11-02T23:55:32.333+0000] {logging_mixin.py:151} INFO - [2023-11-02T23:55:32.333+0000] {dagbag.py:536} INFO - Filling up the DagBag from /home/airflow/.local/lib/python3.8/site-packages/airflow/example_dags/example_setup_teardown.py
[2023-11-02T23:55:32.341+0000] {processor.py:839} INFO - DAG(s) dict_keys(['example_setup_teardown']) retrieved from /home/airflow/.local/lib/python3.8/site-packages/airflow/example_dags/example_setup_teardown.py
[2023-11-02T23:55:32.374+0000] {logging_mixin.py:151} INFO - [2023-11-02T23:55:32.374+0000] {dag.py:2941} INFO - Sync 1 DAGs
[2023-11-02T23:55:32.400+0000] {logging_mixin.py:151} INFO - [2023-11-02T23:55:32.400+0000] {dag.py:3722} INFO - Setting next_dagrun for example_setup_teardown to 2023-11-01T23:55:32.400470+00:00, run_after=2023-11-02T23:55:32.400470+00:00
[2023-11-02T23:55:32.432+0000] {processor.py:179} INFO - Processing /home/airflow/.local/lib/python3.8/site-packages/airflow/example_dags/example_setup_teardown.py took 0.106 seconds
[2023-11-02T23:56:02.759+0000] {processor.py:157} INFO - Started process (PID=800) to work on /home/airflow/.local/lib/python3.8/site-packages/airflow/example_dags/example_setup_teardown.py
[2023-11-02T23:56:02.762+0000] {processor.py:829} INFO - Processing file /home/airflow/.local/lib/python3.8/site-packages/airflow/example_dags/example_setup_teardown.py for tasks to queue
[2023-11-02T23:56:02.764+0000] {logging_mixin.py:151} INFO - [2023-11-02T23:56:02.764+0000] {dagbag.py:536} INFO - Filling up the DagBag from /home/airflow/.local/lib/python3.8/site-packages/airflow/example_dags/example_setup_teardown.py
[2023-11-02T23:56:02.771+0000] {processor.py:839} INFO - DAG(s) dict_keys(['example_setup_teardown']) retrieved from /home/airflow/.local/lib/python3.8/site-packages/airflow/example_dags/example_setup_teardown.py
[2023-11-02T23:56:02.802+0000] {logging_mixin.py:151} INFO - [2023-11-02T23:56:02.802+0000] {dag.py:2941} INFO - Sync 1 DAGs
[2023-11-02T23:56:02.831+0000] {logging_mixin.py:151} INFO - [2023-11-02T23:56:02.831+0000] {dag.py:3722} INFO - Setting next_dagrun for example_setup_teardown to 2023-11-01T23:56:02.830824+00:00, run_after=2023-11-02T23:56:02.830824+00:00
[2023-11-02T23:56:02.861+0000] {processor.py:179} INFO - Processing /home/airflow/.local/lib/python3.8/site-packages/airflow/example_dags/example_setup_teardown.py took 0.106 seconds
[2023-11-02T23:56:33.830+0000] {processor.py:157} INFO - Started process (PID=854) to work on /home/airflow/.local/lib/python3.8/site-packages/airflow/example_dags/example_setup_teardown.py
[2023-11-02T23:56:33.832+0000] {processor.py:829} INFO - Processing file /home/airflow/.local/lib/python3.8/site-packages/airflow/example_dags/example_setup_teardown.py for tasks to queue
[2023-11-02T23:56:33.834+0000] {logging_mixin.py:151} INFO - [2023-11-02T23:56:33.834+0000] {dagbag.py:536} INFO - Filling up the DagBag from /home/airflow/.local/lib/python3.8/site-packages/airflow/example_dags/example_setup_teardown.py
[2023-11-02T23:56:33.841+0000] {processor.py:839} INFO - DAG(s) dict_keys(['example_setup_teardown']) retrieved from /home/airflow/.local/lib/python3.8/site-packages/airflow/example_dags/example_setup_teardown.py
[2023-11-02T23:56:33.867+0000] {logging_mixin.py:151} INFO - [2023-11-02T23:56:33.867+0000] {dag.py:2941} INFO - Sync 1 DAGs
[2023-11-02T23:56:33.893+0000] {logging_mixin.py:151} INFO - [2023-11-02T23:56:33.893+0000] {dag.py:3722} INFO - Setting next_dagrun for example_setup_teardown to 2023-11-01T23:56:33.892860+00:00, run_after=2023-11-02T23:56:33.892860+00:00
[2023-11-02T23:56:33.917+0000] {processor.py:179} INFO - Processing /home/airflow/.local/lib/python3.8/site-packages/airflow/example_dags/example_setup_teardown.py took 0.090 seconds
[2023-11-02T23:57:04.140+0000] {processor.py:157} INFO - Started process (PID=908) to work on /home/airflow/.local/lib/python3.8/site-packages/airflow/example_dags/example_setup_teardown.py
[2023-11-02T23:57:04.141+0000] {processor.py:829} INFO - Processing file /home/airflow/.local/lib/python3.8/site-packages/airflow/example_dags/example_setup_teardown.py for tasks to queue
[2023-11-02T23:57:04.145+0000] {logging_mixin.py:151} INFO - [2023-11-02T23:57:04.145+0000] {dagbag.py:536} INFO - Filling up the DagBag from /home/airflow/.local/lib/python3.8/site-packages/airflow/example_dags/example_setup_teardown.py
[2023-11-02T23:57:04.152+0000] {processor.py:839} INFO - DAG(s) dict_keys(['example_setup_teardown']) retrieved from /home/airflow/.local/lib/python3.8/site-packages/airflow/example_dags/example_setup_teardown.py
[2023-11-02T23:57:04.179+0000] {logging_mixin.py:151} INFO - [2023-11-02T23:57:04.178+0000] {dag.py:2941} INFO - Sync 1 DAGs
[2023-11-02T23:57:04.208+0000] {logging_mixin.py:151} INFO - [2023-11-02T23:57:04.208+0000] {dag.py:3722} INFO - Setting next_dagrun for example_setup_teardown to 2023-11-01T23:57:04.207942+00:00, run_after=2023-11-02T23:57:04.207942+00:00
[2023-11-02T23:57:04.238+0000] {processor.py:179} INFO - Processing /home/airflow/.local/lib/python3.8/site-packages/airflow/example_dags/example_setup_teardown.py took 0.102 seconds
[2023-11-02T23:57:34.567+0000] {processor.py:157} INFO - Started process (PID=962) to work on /home/airflow/.local/lib/python3.8/site-packages/airflow/example_dags/example_setup_teardown.py
[2023-11-02T23:57:34.568+0000] {processor.py:829} INFO - Processing file /home/airflow/.local/lib/python3.8/site-packages/airflow/example_dags/example_setup_teardown.py for tasks to queue
[2023-11-02T23:57:34.570+0000] {logging_mixin.py:151} INFO - [2023-11-02T23:57:34.570+0000] {dagbag.py:536} INFO - Filling up the DagBag from /home/airflow/.local/lib/python3.8/site-packages/airflow/example_dags/example_setup_teardown.py
[2023-11-02T23:57:34.579+0000] {processor.py:839} INFO - DAG(s) dict_keys(['example_setup_teardown']) retrieved from /home/airflow/.local/lib/python3.8/site-packages/airflow/example_dags/example_setup_teardown.py
[2023-11-02T23:57:34.607+0000] {logging_mixin.py:151} INFO - [2023-11-02T23:57:34.607+0000] {dag.py:2941} INFO - Sync 1 DAGs
[2023-11-02T23:57:34.634+0000] {logging_mixin.py:151} INFO - [2023-11-02T23:57:34.634+0000] {dag.py:3722} INFO - Setting next_dagrun for example_setup_teardown to 2023-11-01T23:57:34.633851+00:00, run_after=2023-11-02T23:57:34.633851+00:00
[2023-11-02T23:57:34.663+0000] {processor.py:179} INFO - Processing /home/airflow/.local/lib/python3.8/site-packages/airflow/example_dags/example_setup_teardown.py took 0.100 seconds
[2023-11-02T23:58:04.950+0000] {processor.py:157} INFO - Started process (PID=1016) to work on /home/airflow/.local/lib/python3.8/site-packages/airflow/example_dags/example_setup_teardown.py
[2023-11-02T23:58:04.951+0000] {processor.py:829} INFO - Processing file /home/airflow/.local/lib/python3.8/site-packages/airflow/example_dags/example_setup_teardown.py for tasks to queue
[2023-11-02T23:58:04.952+0000] {logging_mixin.py:151} INFO - [2023-11-02T23:58:04.952+0000] {dagbag.py:536} INFO - Filling up the DagBag from /home/airflow/.local/lib/python3.8/site-packages/airflow/example_dags/example_setup_teardown.py
[2023-11-02T23:58:04.958+0000] {processor.py:839} INFO - DAG(s) dict_keys(['example_setup_teardown']) retrieved from /home/airflow/.local/lib/python3.8/site-packages/airflow/example_dags/example_setup_teardown.py
[2023-11-02T23:58:04.987+0000] {logging_mixin.py:151} INFO - [2023-11-02T23:58:04.986+0000] {dag.py:2941} INFO - Sync 1 DAGs
[2023-11-02T23:58:05.015+0000] {logging_mixin.py:151} INFO - [2023-11-02T23:58:05.014+0000] {dag.py:3722} INFO - Setting next_dagrun for example_setup_teardown to 2023-11-01T23:58:05.014631+00:00, run_after=2023-11-02T23:58:05.014631+00:00
[2023-11-02T23:58:05.046+0000] {processor.py:179} INFO - Processing /home/airflow/.local/lib/python3.8/site-packages/airflow/example_dags/example_setup_teardown.py took 0.099 seconds
[2023-11-02T23:58:35.518+0000] {processor.py:157} INFO - Started process (PID=1070) to work on /home/airflow/.local/lib/python3.8/site-packages/airflow/example_dags/example_setup_teardown.py
[2023-11-02T23:58:35.520+0000] {processor.py:829} INFO - Processing file /home/airflow/.local/lib/python3.8/site-packages/airflow/example_dags/example_setup_teardown.py for tasks to queue
[2023-11-02T23:58:35.522+0000] {logging_mixin.py:151} INFO - [2023-11-02T23:58:35.522+0000] {dagbag.py:536} INFO - Filling up the DagBag from /home/airflow/.local/lib/python3.8/site-packages/airflow/example_dags/example_setup_teardown.py
[2023-11-02T23:58:35.530+0000] {processor.py:839} INFO - DAG(s) dict_keys(['example_setup_teardown']) retrieved from /home/airflow/.local/lib/python3.8/site-packages/airflow/example_dags/example_setup_teardown.py
[2023-11-02T23:58:35.556+0000] {logging_mixin.py:151} INFO - [2023-11-02T23:58:35.556+0000] {dag.py:2941} INFO - Sync 1 DAGs
[2023-11-02T23:58:35.582+0000] {logging_mixin.py:151} INFO - [2023-11-02T23:58:35.582+0000] {dag.py:3722} INFO - Setting next_dagrun for example_setup_teardown to 2023-11-01T23:58:35.582270+00:00, run_after=2023-11-02T23:58:35.582270+00:00
[2023-11-02T23:58:35.614+0000] {processor.py:179} INFO - Processing /home/airflow/.local/lib/python3.8/site-packages/airflow/example_dags/example_setup_teardown.py took 0.100 seconds
[2023-11-02T23:59:06.062+0000] {processor.py:157} INFO - Started process (PID=1124) to work on /home/airflow/.local/lib/python3.8/site-packages/airflow/example_dags/example_setup_teardown.py
[2023-11-02T23:59:06.063+0000] {processor.py:829} INFO - Processing file /home/airflow/.local/lib/python3.8/site-packages/airflow/example_dags/example_setup_teardown.py for tasks to queue
[2023-11-02T23:59:06.065+0000] {logging_mixin.py:151} INFO - [2023-11-02T23:59:06.065+0000] {dagbag.py:536} INFO - Filling up the DagBag from /home/airflow/.local/lib/python3.8/site-packages/airflow/example_dags/example_setup_teardown.py
[2023-11-02T23:59:06.073+0000] {processor.py:839} INFO - DAG(s) dict_keys(['example_setup_teardown']) retrieved from /home/airflow/.local/lib/python3.8/site-packages/airflow/example_dags/example_setup_teardown.py
[2023-11-02T23:59:06.101+0000] {logging_mixin.py:151} INFO - [2023-11-02T23:59:06.101+0000] {dag.py:2941} INFO - Sync 1 DAGs
[2023-11-02T23:59:06.135+0000] {logging_mixin.py:151} INFO - [2023-11-02T23:59:06.135+0000] {dag.py:3722} INFO - Setting next_dagrun for example_setup_teardown to 2023-11-01T23:59:06.135202+00:00, run_after=2023-11-02T23:59:06.135202+00:00
[2023-11-02T23:59:06.170+0000] {processor.py:179} INFO - Processing /home/airflow/.local/lib/python3.8/site-packages/airflow/example_dags/example_setup_teardown.py took 0.112 seconds
[2023-11-02T23:59:36.523+0000] {processor.py:157} INFO - Started process (PID=1178) to work on /home/airflow/.local/lib/python3.8/site-packages/airflow/example_dags/example_setup_teardown.py
[2023-11-02T23:59:36.525+0000] {processor.py:829} INFO - Processing file /home/airflow/.local/lib/python3.8/site-packages/airflow/example_dags/example_setup_teardown.py for tasks to queue
[2023-11-02T23:59:36.528+0000] {logging_mixin.py:151} INFO - [2023-11-02T23:59:36.528+0000] {dagbag.py:536} INFO - Filling up the DagBag from /home/airflow/.local/lib/python3.8/site-packages/airflow/example_dags/example_setup_teardown.py
[2023-11-02T23:59:36.537+0000] {processor.py:839} INFO - DAG(s) dict_keys(['example_setup_teardown']) retrieved from /home/airflow/.local/lib/python3.8/site-packages/airflow/example_dags/example_setup_teardown.py
[2023-11-02T23:59:36.568+0000] {logging_mixin.py:151} INFO - [2023-11-02T23:59:36.568+0000] {dag.py:2941} INFO - Sync 1 DAGs
[2023-11-02T23:59:36.598+0000] {logging_mixin.py:151} INFO - [2023-11-02T23:59:36.598+0000] {dag.py:3722} INFO - Setting next_dagrun for example_setup_teardown to 2023-11-01T23:59:36.597809+00:00, run_after=2023-11-02T23:59:36.597809+00:00
[2023-11-02T23:59:36.630+0000] {processor.py:179} INFO - Processing /home/airflow/.local/lib/python3.8/site-packages/airflow/example_dags/example_setup_teardown.py took 0.110 seconds
