[2023-11-02T23:26:28.131+0000] {processor.py:157} INFO - Started process (PID=69) to work on /home/airflow/.local/lib/python3.8/site-packages/airflow/example_dags/example_complex.py
[2023-11-02T23:26:28.134+0000] {processor.py:829} INFO - Processing file /home/airflow/.local/lib/python3.8/site-packages/airflow/example_dags/example_complex.py for tasks to queue
[2023-11-02T23:26:28.137+0000] {logging_mixin.py:151} INFO - [2023-11-02T23:26:28.136+0000] {dagbag.py:536} INFO - Filling up the DagBag from /home/airflow/.local/lib/python3.8/site-packages/airflow/example_dags/example_complex.py
[2023-11-02T23:26:28.156+0000] {processor.py:839} INFO - DAG(s) dict_keys(['example_complex']) retrieved from /home/airflow/.local/lib/python3.8/site-packages/airflow/example_dags/example_complex.py
[2023-11-02T23:26:28.180+0000] {logging_mixin.py:151} INFO - [2023-11-02T23:26:28.179+0000] {dag.py:2941} INFO - Sync 1 DAGs
[2023-11-02T23:26:28.201+0000] {logging_mixin.py:151} INFO - [2023-11-02T23:26:28.201+0000] {dag.py:3722} INFO - Setting next_dagrun for example_complex to None, run_after=None
[2023-11-02T23:26:28.251+0000] {processor.py:179} INFO - Processing /home/airflow/.local/lib/python3.8/site-packages/airflow/example_dags/example_complex.py took 0.125 seconds
[2023-11-02T23:26:59.116+0000] {processor.py:157} INFO - Started process (PID=122) to work on /home/airflow/.local/lib/python3.8/site-packages/airflow/example_dags/example_complex.py
[2023-11-02T23:26:59.121+0000] {processor.py:829} INFO - Processing file /home/airflow/.local/lib/python3.8/site-packages/airflow/example_dags/example_complex.py for tasks to queue
[2023-11-02T23:26:59.125+0000] {logging_mixin.py:151} INFO - [2023-11-02T23:26:59.124+0000] {dagbag.py:536} INFO - Filling up the DagBag from /home/airflow/.local/lib/python3.8/site-packages/airflow/example_dags/example_complex.py
[2023-11-02T23:26:59.164+0000] {processor.py:839} INFO - DAG(s) dict_keys(['example_complex']) retrieved from /home/airflow/.local/lib/python3.8/site-packages/airflow/example_dags/example_complex.py
[2023-11-02T23:26:59.224+0000] {logging_mixin.py:151} INFO - [2023-11-02T23:26:59.224+0000] {dag.py:2941} INFO - Sync 1 DAGs
[2023-11-02T23:26:59.241+0000] {logging_mixin.py:151} INFO - [2023-11-02T23:26:59.241+0000] {dag.py:3722} INFO - Setting next_dagrun for example_complex to None, run_after=None
[2023-11-02T23:26:59.270+0000] {processor.py:179} INFO - Processing /home/airflow/.local/lib/python3.8/site-packages/airflow/example_dags/example_complex.py took 0.161 seconds
[2023-11-02T23:27:29.354+0000] {processor.py:157} INFO - Started process (PID=176) to work on /home/airflow/.local/lib/python3.8/site-packages/airflow/example_dags/example_complex.py
[2023-11-02T23:27:29.356+0000] {processor.py:829} INFO - Processing file /home/airflow/.local/lib/python3.8/site-packages/airflow/example_dags/example_complex.py for tasks to queue
[2023-11-02T23:27:29.358+0000] {logging_mixin.py:151} INFO - [2023-11-02T23:27:29.358+0000] {dagbag.py:536} INFO - Filling up the DagBag from /home/airflow/.local/lib/python3.8/site-packages/airflow/example_dags/example_complex.py
[2023-11-02T23:27:29.375+0000] {processor.py:839} INFO - DAG(s) dict_keys(['example_complex']) retrieved from /home/airflow/.local/lib/python3.8/site-packages/airflow/example_dags/example_complex.py
[2023-11-02T23:27:29.426+0000] {logging_mixin.py:151} INFO - [2023-11-02T23:27:29.426+0000] {dag.py:2941} INFO - Sync 1 DAGs
[2023-11-02T23:27:29.459+0000] {logging_mixin.py:151} INFO - [2023-11-02T23:27:29.458+0000] {dag.py:3722} INFO - Setting next_dagrun for example_complex to None, run_after=None
[2023-11-02T23:27:29.502+0000] {processor.py:179} INFO - Processing /home/airflow/.local/lib/python3.8/site-packages/airflow/example_dags/example_complex.py took 0.151 seconds
[2023-11-02T23:28:00.404+0000] {processor.py:157} INFO - Started process (PID=230) to work on /home/airflow/.local/lib/python3.8/site-packages/airflow/example_dags/example_complex.py
[2023-11-02T23:28:00.405+0000] {processor.py:829} INFO - Processing file /home/airflow/.local/lib/python3.8/site-packages/airflow/example_dags/example_complex.py for tasks to queue
[2023-11-02T23:28:00.408+0000] {logging_mixin.py:151} INFO - [2023-11-02T23:28:00.408+0000] {dagbag.py:536} INFO - Filling up the DagBag from /home/airflow/.local/lib/python3.8/site-packages/airflow/example_dags/example_complex.py
[2023-11-02T23:28:00.419+0000] {processor.py:839} INFO - DAG(s) dict_keys(['example_complex']) retrieved from /home/airflow/.local/lib/python3.8/site-packages/airflow/example_dags/example_complex.py
[2023-11-02T23:28:00.456+0000] {logging_mixin.py:151} INFO - [2023-11-02T23:28:00.456+0000] {dag.py:2941} INFO - Sync 1 DAGs
[2023-11-02T23:28:00.471+0000] {logging_mixin.py:151} INFO - [2023-11-02T23:28:00.471+0000] {dag.py:3722} INFO - Setting next_dagrun for example_complex to None, run_after=None
[2023-11-02T23:28:00.502+0000] {processor.py:179} INFO - Processing /home/airflow/.local/lib/python3.8/site-packages/airflow/example_dags/example_complex.py took 0.102 seconds
[2023-11-02T23:28:30.582+0000] {processor.py:157} INFO - Started process (PID=283) to work on /home/airflow/.local/lib/python3.8/site-packages/airflow/example_dags/example_complex.py
[2023-11-02T23:28:30.584+0000] {processor.py:829} INFO - Processing file /home/airflow/.local/lib/python3.8/site-packages/airflow/example_dags/example_complex.py for tasks to queue
[2023-11-02T23:28:30.586+0000] {logging_mixin.py:151} INFO - [2023-11-02T23:28:30.586+0000] {dagbag.py:536} INFO - Filling up the DagBag from /home/airflow/.local/lib/python3.8/site-packages/airflow/example_dags/example_complex.py
[2023-11-02T23:28:30.597+0000] {processor.py:839} INFO - DAG(s) dict_keys(['example_complex']) retrieved from /home/airflow/.local/lib/python3.8/site-packages/airflow/example_dags/example_complex.py
[2023-11-02T23:28:30.634+0000] {logging_mixin.py:151} INFO - [2023-11-02T23:28:30.634+0000] {dag.py:2941} INFO - Sync 1 DAGs
[2023-11-02T23:28:30.648+0000] {logging_mixin.py:151} INFO - [2023-11-02T23:28:30.648+0000] {dag.py:3722} INFO - Setting next_dagrun for example_complex to None, run_after=None
[2023-11-02T23:28:30.679+0000] {processor.py:179} INFO - Processing /home/airflow/.local/lib/python3.8/site-packages/airflow/example_dags/example_complex.py took 0.100 seconds
[2023-11-02T23:29:00.732+0000] {processor.py:157} INFO - Started process (PID=337) to work on /home/airflow/.local/lib/python3.8/site-packages/airflow/example_dags/example_complex.py
[2023-11-02T23:29:00.733+0000] {processor.py:829} INFO - Processing file /home/airflow/.local/lib/python3.8/site-packages/airflow/example_dags/example_complex.py for tasks to queue
[2023-11-02T23:29:00.735+0000] {logging_mixin.py:151} INFO - [2023-11-02T23:29:00.735+0000] {dagbag.py:536} INFO - Filling up the DagBag from /home/airflow/.local/lib/python3.8/site-packages/airflow/example_dags/example_complex.py
[2023-11-02T23:29:00.746+0000] {processor.py:839} INFO - DAG(s) dict_keys(['example_complex']) retrieved from /home/airflow/.local/lib/python3.8/site-packages/airflow/example_dags/example_complex.py
[2023-11-02T23:29:00.781+0000] {logging_mixin.py:151} INFO - [2023-11-02T23:29:00.780+0000] {dag.py:2941} INFO - Sync 1 DAGs
[2023-11-02T23:29:00.794+0000] {logging_mixin.py:151} INFO - [2023-11-02T23:29:00.793+0000] {dag.py:3722} INFO - Setting next_dagrun for example_complex to None, run_after=None
[2023-11-02T23:29:00.822+0000] {processor.py:179} INFO - Processing /home/airflow/.local/lib/python3.8/site-packages/airflow/example_dags/example_complex.py took 0.093 seconds
[2023-11-02T23:29:31.056+0000] {processor.py:157} INFO - Started process (PID=391) to work on /home/airflow/.local/lib/python3.8/site-packages/airflow/example_dags/example_complex.py
[2023-11-02T23:29:31.056+0000] {processor.py:829} INFO - Processing file /home/airflow/.local/lib/python3.8/site-packages/airflow/example_dags/example_complex.py for tasks to queue
[2023-11-02T23:29:31.058+0000] {logging_mixin.py:151} INFO - [2023-11-02T23:29:31.058+0000] {dagbag.py:536} INFO - Filling up the DagBag from /home/airflow/.local/lib/python3.8/site-packages/airflow/example_dags/example_complex.py
[2023-11-02T23:29:31.069+0000] {processor.py:839} INFO - DAG(s) dict_keys(['example_complex']) retrieved from /home/airflow/.local/lib/python3.8/site-packages/airflow/example_dags/example_complex.py
[2023-11-02T23:29:31.106+0000] {logging_mixin.py:151} INFO - [2023-11-02T23:29:31.106+0000] {dag.py:2941} INFO - Sync 1 DAGs
[2023-11-02T23:29:31.121+0000] {logging_mixin.py:151} INFO - [2023-11-02T23:29:31.121+0000] {dag.py:3722} INFO - Setting next_dagrun for example_complex to None, run_after=None
[2023-11-02T23:29:31.146+0000] {processor.py:179} INFO - Processing /home/airflow/.local/lib/python3.8/site-packages/airflow/example_dags/example_complex.py took 0.094 seconds
[2023-11-02T23:30:01.707+0000] {processor.py:157} INFO - Started process (PID=445) to work on /home/airflow/.local/lib/python3.8/site-packages/airflow/example_dags/example_complex.py
[2023-11-02T23:30:01.709+0000] {processor.py:829} INFO - Processing file /home/airflow/.local/lib/python3.8/site-packages/airflow/example_dags/example_complex.py for tasks to queue
[2023-11-02T23:30:01.711+0000] {logging_mixin.py:151} INFO - [2023-11-02T23:30:01.711+0000] {dagbag.py:536} INFO - Filling up the DagBag from /home/airflow/.local/lib/python3.8/site-packages/airflow/example_dags/example_complex.py
[2023-11-02T23:30:01.722+0000] {processor.py:839} INFO - DAG(s) dict_keys(['example_complex']) retrieved from /home/airflow/.local/lib/python3.8/site-packages/airflow/example_dags/example_complex.py
[2023-11-02T23:30:01.760+0000] {logging_mixin.py:151} INFO - [2023-11-02T23:30:01.760+0000] {dag.py:2941} INFO - Sync 1 DAGs
[2023-11-02T23:30:01.775+0000] {logging_mixin.py:151} INFO - [2023-11-02T23:30:01.775+0000] {dag.py:3722} INFO - Setting next_dagrun for example_complex to None, run_after=None
[2023-11-02T23:30:01.811+0000] {processor.py:179} INFO - Processing /home/airflow/.local/lib/python3.8/site-packages/airflow/example_dags/example_complex.py took 0.107 seconds
[2023-11-02T23:30:32.677+0000] {processor.py:157} INFO - Started process (PID=499) to work on /home/airflow/.local/lib/python3.8/site-packages/airflow/example_dags/example_complex.py
[2023-11-02T23:30:32.679+0000] {processor.py:829} INFO - Processing file /home/airflow/.local/lib/python3.8/site-packages/airflow/example_dags/example_complex.py for tasks to queue
[2023-11-02T23:30:32.681+0000] {logging_mixin.py:151} INFO - [2023-11-02T23:30:32.681+0000] {dagbag.py:536} INFO - Filling up the DagBag from /home/airflow/.local/lib/python3.8/site-packages/airflow/example_dags/example_complex.py
[2023-11-02T23:30:32.694+0000] {processor.py:839} INFO - DAG(s) dict_keys(['example_complex']) retrieved from /home/airflow/.local/lib/python3.8/site-packages/airflow/example_dags/example_complex.py
[2023-11-02T23:30:32.735+0000] {logging_mixin.py:151} INFO - [2023-11-02T23:30:32.734+0000] {dag.py:2941} INFO - Sync 1 DAGs
[2023-11-02T23:30:32.755+0000] {logging_mixin.py:151} INFO - [2023-11-02T23:30:32.755+0000] {dag.py:3722} INFO - Setting next_dagrun for example_complex to None, run_after=None
[2023-11-02T23:30:32.786+0000] {processor.py:179} INFO - Processing /home/airflow/.local/lib/python3.8/site-packages/airflow/example_dags/example_complex.py took 0.115 seconds
[2023-11-02T23:31:03.173+0000] {processor.py:157} INFO - Started process (PID=553) to work on /home/airflow/.local/lib/python3.8/site-packages/airflow/example_dags/example_complex.py
[2023-11-02T23:31:03.174+0000] {processor.py:829} INFO - Processing file /home/airflow/.local/lib/python3.8/site-packages/airflow/example_dags/example_complex.py for tasks to queue
[2023-11-02T23:31:03.177+0000] {logging_mixin.py:151} INFO - [2023-11-02T23:31:03.176+0000] {dagbag.py:536} INFO - Filling up the DagBag from /home/airflow/.local/lib/python3.8/site-packages/airflow/example_dags/example_complex.py
[2023-11-02T23:31:03.191+0000] {processor.py:839} INFO - DAG(s) dict_keys(['example_complex']) retrieved from /home/airflow/.local/lib/python3.8/site-packages/airflow/example_dags/example_complex.py
[2023-11-02T23:31:03.269+0000] {logging_mixin.py:151} INFO - [2023-11-02T23:31:03.268+0000] {dag.py:2941} INFO - Sync 1 DAGs
[2023-11-02T23:31:03.319+0000] {logging_mixin.py:151} INFO - [2023-11-02T23:31:03.319+0000] {dag.py:3722} INFO - Setting next_dagrun for example_complex to None, run_after=None
[2023-11-02T23:31:03.360+0000] {processor.py:179} INFO - Processing /home/airflow/.local/lib/python3.8/site-packages/airflow/example_dags/example_complex.py took 0.191 seconds
[2023-11-02T23:31:33.710+0000] {processor.py:157} INFO - Started process (PID=606) to work on /home/airflow/.local/lib/python3.8/site-packages/airflow/example_dags/example_complex.py
[2023-11-02T23:31:33.712+0000] {processor.py:829} INFO - Processing file /home/airflow/.local/lib/python3.8/site-packages/airflow/example_dags/example_complex.py for tasks to queue
[2023-11-02T23:31:33.715+0000] {logging_mixin.py:151} INFO - [2023-11-02T23:31:33.714+0000] {dagbag.py:536} INFO - Filling up the DagBag from /home/airflow/.local/lib/python3.8/site-packages/airflow/example_dags/example_complex.py
[2023-11-02T23:31:33.730+0000] {processor.py:839} INFO - DAG(s) dict_keys(['example_complex']) retrieved from /home/airflow/.local/lib/python3.8/site-packages/airflow/example_dags/example_complex.py
[2023-11-02T23:31:33.774+0000] {logging_mixin.py:151} INFO - [2023-11-02T23:31:33.774+0000] {dag.py:2941} INFO - Sync 1 DAGs
[2023-11-02T23:31:33.795+0000] {logging_mixin.py:151} INFO - [2023-11-02T23:31:33.794+0000] {dag.py:3722} INFO - Setting next_dagrun for example_complex to None, run_after=None
[2023-11-02T23:31:33.824+0000] {processor.py:179} INFO - Processing /home/airflow/.local/lib/python3.8/site-packages/airflow/example_dags/example_complex.py took 0.117 seconds
[2023-11-02T23:32:05.533+0000] {processor.py:157} INFO - Started process (PID=660) to work on /home/airflow/.local/lib/python3.8/site-packages/airflow/example_dags/example_complex.py
[2023-11-02T23:32:05.535+0000] {processor.py:829} INFO - Processing file /home/airflow/.local/lib/python3.8/site-packages/airflow/example_dags/example_complex.py for tasks to queue
[2023-11-02T23:32:05.537+0000] {logging_mixin.py:151} INFO - [2023-11-02T23:32:05.537+0000] {dagbag.py:536} INFO - Filling up the DagBag from /home/airflow/.local/lib/python3.8/site-packages/airflow/example_dags/example_complex.py
[2023-11-02T23:32:05.550+0000] {processor.py:839} INFO - DAG(s) dict_keys(['example_complex']) retrieved from /home/airflow/.local/lib/python3.8/site-packages/airflow/example_dags/example_complex.py
[2023-11-02T23:32:05.596+0000] {logging_mixin.py:151} INFO - [2023-11-02T23:32:05.595+0000] {dag.py:2941} INFO - Sync 1 DAGs
[2023-11-02T23:32:05.612+0000] {logging_mixin.py:151} INFO - [2023-11-02T23:32:05.612+0000] {dag.py:3722} INFO - Setting next_dagrun for example_complex to None, run_after=None
[2023-11-02T23:32:05.658+0000] {processor.py:179} INFO - Processing /home/airflow/.local/lib/python3.8/site-packages/airflow/example_dags/example_complex.py took 0.129 seconds
[2023-11-02T23:32:36.701+0000] {processor.py:157} INFO - Started process (PID=714) to work on /home/airflow/.local/lib/python3.8/site-packages/airflow/example_dags/example_complex.py
[2023-11-02T23:32:36.708+0000] {processor.py:829} INFO - Processing file /home/airflow/.local/lib/python3.8/site-packages/airflow/example_dags/example_complex.py for tasks to queue
[2023-11-02T23:32:36.710+0000] {logging_mixin.py:151} INFO - [2023-11-02T23:32:36.710+0000] {dagbag.py:536} INFO - Filling up the DagBag from /home/airflow/.local/lib/python3.8/site-packages/airflow/example_dags/example_complex.py
[2023-11-02T23:32:36.740+0000] {processor.py:839} INFO - DAG(s) dict_keys(['example_complex']) retrieved from /home/airflow/.local/lib/python3.8/site-packages/airflow/example_dags/example_complex.py
[2023-11-02T23:32:36.780+0000] {logging_mixin.py:151} INFO - [2023-11-02T23:32:36.780+0000] {dag.py:2941} INFO - Sync 1 DAGs
[2023-11-02T23:32:36.808+0000] {logging_mixin.py:151} INFO - [2023-11-02T23:32:36.806+0000] {dag.py:3722} INFO - Setting next_dagrun for example_complex to None, run_after=None
[2023-11-02T23:32:36.913+0000] {processor.py:179} INFO - Processing /home/airflow/.local/lib/python3.8/site-packages/airflow/example_dags/example_complex.py took 0.233 seconds
[2023-11-02T23:33:07.220+0000] {processor.py:157} INFO - Started process (PID=767) to work on /home/airflow/.local/lib/python3.8/site-packages/airflow/example_dags/example_complex.py
[2023-11-02T23:33:07.221+0000] {processor.py:829} INFO - Processing file /home/airflow/.local/lib/python3.8/site-packages/airflow/example_dags/example_complex.py for tasks to queue
[2023-11-02T23:33:07.223+0000] {logging_mixin.py:151} INFO - [2023-11-02T23:33:07.223+0000] {dagbag.py:536} INFO - Filling up the DagBag from /home/airflow/.local/lib/python3.8/site-packages/airflow/example_dags/example_complex.py
[2023-11-02T23:33:07.234+0000] {processor.py:839} INFO - DAG(s) dict_keys(['example_complex']) retrieved from /home/airflow/.local/lib/python3.8/site-packages/airflow/example_dags/example_complex.py
[2023-11-02T23:33:07.270+0000] {logging_mixin.py:151} INFO - [2023-11-02T23:33:07.270+0000] {dag.py:2941} INFO - Sync 1 DAGs
[2023-11-02T23:33:07.283+0000] {logging_mixin.py:151} INFO - [2023-11-02T23:33:07.283+0000] {dag.py:3722} INFO - Setting next_dagrun for example_complex to None, run_after=None
[2023-11-02T23:33:07.324+0000] {processor.py:179} INFO - Processing /home/airflow/.local/lib/python3.8/site-packages/airflow/example_dags/example_complex.py took 0.107 seconds
[2023-11-02T23:33:37.471+0000] {processor.py:157} INFO - Started process (PID=821) to work on /home/airflow/.local/lib/python3.8/site-packages/airflow/example_dags/example_complex.py
[2023-11-02T23:33:37.472+0000] {processor.py:829} INFO - Processing file /home/airflow/.local/lib/python3.8/site-packages/airflow/example_dags/example_complex.py for tasks to queue
[2023-11-02T23:33:37.474+0000] {logging_mixin.py:151} INFO - [2023-11-02T23:33:37.474+0000] {dagbag.py:536} INFO - Filling up the DagBag from /home/airflow/.local/lib/python3.8/site-packages/airflow/example_dags/example_complex.py
[2023-11-02T23:33:37.485+0000] {processor.py:839} INFO - DAG(s) dict_keys(['example_complex']) retrieved from /home/airflow/.local/lib/python3.8/site-packages/airflow/example_dags/example_complex.py
[2023-11-02T23:33:37.522+0000] {logging_mixin.py:151} INFO - [2023-11-02T23:33:37.521+0000] {dag.py:2941} INFO - Sync 1 DAGs
[2023-11-02T23:33:37.536+0000] {logging_mixin.py:151} INFO - [2023-11-02T23:33:37.536+0000] {dag.py:3722} INFO - Setting next_dagrun for example_complex to None, run_after=None
[2023-11-02T23:33:37.566+0000] {processor.py:179} INFO - Processing /home/airflow/.local/lib/python3.8/site-packages/airflow/example_dags/example_complex.py took 0.098 seconds
[2023-11-02T23:34:07.737+0000] {processor.py:157} INFO - Started process (PID=875) to work on /home/airflow/.local/lib/python3.8/site-packages/airflow/example_dags/example_complex.py
[2023-11-02T23:34:07.738+0000] {processor.py:829} INFO - Processing file /home/airflow/.local/lib/python3.8/site-packages/airflow/example_dags/example_complex.py for tasks to queue
[2023-11-02T23:34:07.740+0000] {logging_mixin.py:151} INFO - [2023-11-02T23:34:07.740+0000] {dagbag.py:536} INFO - Filling up the DagBag from /home/airflow/.local/lib/python3.8/site-packages/airflow/example_dags/example_complex.py
[2023-11-02T23:34:07.751+0000] {processor.py:839} INFO - DAG(s) dict_keys(['example_complex']) retrieved from /home/airflow/.local/lib/python3.8/site-packages/airflow/example_dags/example_complex.py
[2023-11-02T23:34:07.783+0000] {logging_mixin.py:151} INFO - [2023-11-02T23:34:07.782+0000] {dag.py:2941} INFO - Sync 1 DAGs
[2023-11-02T23:34:07.797+0000] {logging_mixin.py:151} INFO - [2023-11-02T23:34:07.796+0000] {dag.py:3722} INFO - Setting next_dagrun for example_complex to None, run_after=None
[2023-11-02T23:34:07.826+0000] {processor.py:179} INFO - Processing /home/airflow/.local/lib/python3.8/site-packages/airflow/example_dags/example_complex.py took 0.092 seconds
[2023-11-02T23:34:38.371+0000] {processor.py:157} INFO - Started process (PID=928) to work on /home/airflow/.local/lib/python3.8/site-packages/airflow/example_dags/example_complex.py
[2023-11-02T23:34:38.372+0000] {processor.py:829} INFO - Processing file /home/airflow/.local/lib/python3.8/site-packages/airflow/example_dags/example_complex.py for tasks to queue
[2023-11-02T23:34:38.375+0000] {logging_mixin.py:151} INFO - [2023-11-02T23:34:38.374+0000] {dagbag.py:536} INFO - Filling up the DagBag from /home/airflow/.local/lib/python3.8/site-packages/airflow/example_dags/example_complex.py
[2023-11-02T23:34:38.385+0000] {processor.py:839} INFO - DAG(s) dict_keys(['example_complex']) retrieved from /home/airflow/.local/lib/python3.8/site-packages/airflow/example_dags/example_complex.py
[2023-11-02T23:34:38.423+0000] {logging_mixin.py:151} INFO - [2023-11-02T23:34:38.422+0000] {dag.py:2941} INFO - Sync 1 DAGs
[2023-11-02T23:34:38.437+0000] {logging_mixin.py:151} INFO - [2023-11-02T23:34:38.437+0000] {dag.py:3722} INFO - Setting next_dagrun for example_complex to None, run_after=None
[2023-11-02T23:34:38.468+0000] {processor.py:179} INFO - Processing /home/airflow/.local/lib/python3.8/site-packages/airflow/example_dags/example_complex.py took 0.100 seconds
[2023-11-02T23:35:09.171+0000] {processor.py:157} INFO - Started process (PID=981) to work on /home/airflow/.local/lib/python3.8/site-packages/airflow/example_dags/example_complex.py
[2023-11-02T23:35:09.172+0000] {processor.py:829} INFO - Processing file /home/airflow/.local/lib/python3.8/site-packages/airflow/example_dags/example_complex.py for tasks to queue
[2023-11-02T23:35:09.174+0000] {logging_mixin.py:151} INFO - [2023-11-02T23:35:09.174+0000] {dagbag.py:536} INFO - Filling up the DagBag from /home/airflow/.local/lib/python3.8/site-packages/airflow/example_dags/example_complex.py
[2023-11-02T23:35:09.185+0000] {processor.py:839} INFO - DAG(s) dict_keys(['example_complex']) retrieved from /home/airflow/.local/lib/python3.8/site-packages/airflow/example_dags/example_complex.py
[2023-11-02T23:35:09.222+0000] {logging_mixin.py:151} INFO - [2023-11-02T23:35:09.222+0000] {dag.py:2941} INFO - Sync 1 DAGs
[2023-11-02T23:35:09.236+0000] {logging_mixin.py:151} INFO - [2023-11-02T23:35:09.236+0000] {dag.py:3722} INFO - Setting next_dagrun for example_complex to None, run_after=None
[2023-11-02T23:35:09.267+0000] {processor.py:179} INFO - Processing /home/airflow/.local/lib/python3.8/site-packages/airflow/example_dags/example_complex.py took 0.099 seconds
[2023-11-02T23:35:40.967+0000] {processor.py:157} INFO - Started process (PID=1042) to work on /home/airflow/.local/lib/python3.8/site-packages/airflow/example_dags/example_complex.py
[2023-11-02T23:35:40.968+0000] {processor.py:829} INFO - Processing file /home/airflow/.local/lib/python3.8/site-packages/airflow/example_dags/example_complex.py for tasks to queue
[2023-11-02T23:35:40.970+0000] {logging_mixin.py:151} INFO - [2023-11-02T23:35:40.970+0000] {dagbag.py:536} INFO - Filling up the DagBag from /home/airflow/.local/lib/python3.8/site-packages/airflow/example_dags/example_complex.py
[2023-11-02T23:35:40.982+0000] {processor.py:839} INFO - DAG(s) dict_keys(['example_complex']) retrieved from /home/airflow/.local/lib/python3.8/site-packages/airflow/example_dags/example_complex.py
[2023-11-02T23:35:41.020+0000] {logging_mixin.py:151} INFO - [2023-11-02T23:35:41.019+0000] {dag.py:2941} INFO - Sync 1 DAGs
[2023-11-02T23:35:41.036+0000] {logging_mixin.py:151} INFO - [2023-11-02T23:35:41.036+0000] {dag.py:3722} INFO - Setting next_dagrun for example_complex to None, run_after=None
[2023-11-02T23:35:41.089+0000] {processor.py:179} INFO - Processing /home/airflow/.local/lib/python3.8/site-packages/airflow/example_dags/example_complex.py took 0.127 seconds
[2023-11-02T23:36:12.061+0000] {processor.py:157} INFO - Started process (PID=1096) to work on /home/airflow/.local/lib/python3.8/site-packages/airflow/example_dags/example_complex.py
[2023-11-02T23:36:12.062+0000] {processor.py:829} INFO - Processing file /home/airflow/.local/lib/python3.8/site-packages/airflow/example_dags/example_complex.py for tasks to queue
[2023-11-02T23:36:12.064+0000] {logging_mixin.py:151} INFO - [2023-11-02T23:36:12.064+0000] {dagbag.py:536} INFO - Filling up the DagBag from /home/airflow/.local/lib/python3.8/site-packages/airflow/example_dags/example_complex.py
[2023-11-02T23:36:12.075+0000] {processor.py:839} INFO - DAG(s) dict_keys(['example_complex']) retrieved from /home/airflow/.local/lib/python3.8/site-packages/airflow/example_dags/example_complex.py
[2023-11-02T23:36:12.116+0000] {logging_mixin.py:151} INFO - [2023-11-02T23:36:12.115+0000] {dag.py:2941} INFO - Sync 1 DAGs
[2023-11-02T23:36:12.131+0000] {logging_mixin.py:151} INFO - [2023-11-02T23:36:12.130+0000] {dag.py:3722} INFO - Setting next_dagrun for example_complex to None, run_after=None
[2023-11-02T23:36:12.163+0000] {processor.py:179} INFO - Processing /home/airflow/.local/lib/python3.8/site-packages/airflow/example_dags/example_complex.py took 0.105 seconds
[2023-11-02T23:36:42.868+0000] {processor.py:157} INFO - Started process (PID=1151) to work on /home/airflow/.local/lib/python3.8/site-packages/airflow/example_dags/example_complex.py
[2023-11-02T23:36:42.870+0000] {processor.py:829} INFO - Processing file /home/airflow/.local/lib/python3.8/site-packages/airflow/example_dags/example_complex.py for tasks to queue
[2023-11-02T23:36:42.872+0000] {logging_mixin.py:151} INFO - [2023-11-02T23:36:42.872+0000] {dagbag.py:536} INFO - Filling up the DagBag from /home/airflow/.local/lib/python3.8/site-packages/airflow/example_dags/example_complex.py
[2023-11-02T23:36:42.884+0000] {processor.py:839} INFO - DAG(s) dict_keys(['example_complex']) retrieved from /home/airflow/.local/lib/python3.8/site-packages/airflow/example_dags/example_complex.py
[2023-11-02T23:36:42.921+0000] {logging_mixin.py:151} INFO - [2023-11-02T23:36:42.921+0000] {dag.py:2941} INFO - Sync 1 DAGs
[2023-11-02T23:36:42.935+0000] {logging_mixin.py:151} INFO - [2023-11-02T23:36:42.935+0000] {dag.py:3722} INFO - Setting next_dagrun for example_complex to None, run_after=None
[2023-11-02T23:36:42.966+0000] {processor.py:179} INFO - Processing /home/airflow/.local/lib/python3.8/site-packages/airflow/example_dags/example_complex.py took 0.101 seconds
[2023-11-02T23:37:13.579+0000] {processor.py:157} INFO - Started process (PID=1205) to work on /home/airflow/.local/lib/python3.8/site-packages/airflow/example_dags/example_complex.py
[2023-11-02T23:37:13.580+0000] {processor.py:829} INFO - Processing file /home/airflow/.local/lib/python3.8/site-packages/airflow/example_dags/example_complex.py for tasks to queue
[2023-11-02T23:37:13.583+0000] {logging_mixin.py:151} INFO - [2023-11-02T23:37:13.583+0000] {dagbag.py:536} INFO - Filling up the DagBag from /home/airflow/.local/lib/python3.8/site-packages/airflow/example_dags/example_complex.py
[2023-11-02T23:37:13.595+0000] {processor.py:839} INFO - DAG(s) dict_keys(['example_complex']) retrieved from /home/airflow/.local/lib/python3.8/site-packages/airflow/example_dags/example_complex.py
[2023-11-02T23:37:13.632+0000] {logging_mixin.py:151} INFO - [2023-11-02T23:37:13.631+0000] {dag.py:2941} INFO - Sync 1 DAGs
[2023-11-02T23:37:13.651+0000] {logging_mixin.py:151} INFO - [2023-11-02T23:37:13.650+0000] {dag.py:3722} INFO - Setting next_dagrun for example_complex to None, run_after=None
[2023-11-02T23:37:13.680+0000] {processor.py:179} INFO - Processing /home/airflow/.local/lib/python3.8/site-packages/airflow/example_dags/example_complex.py took 0.104 seconds
[2023-11-02T23:37:44.364+0000] {processor.py:157} INFO - Started process (PID=1260) to work on /home/airflow/.local/lib/python3.8/site-packages/airflow/example_dags/example_complex.py
[2023-11-02T23:37:44.365+0000] {processor.py:829} INFO - Processing file /home/airflow/.local/lib/python3.8/site-packages/airflow/example_dags/example_complex.py for tasks to queue
[2023-11-02T23:37:44.368+0000] {logging_mixin.py:151} INFO - [2023-11-02T23:37:44.368+0000] {dagbag.py:536} INFO - Filling up the DagBag from /home/airflow/.local/lib/python3.8/site-packages/airflow/example_dags/example_complex.py
[2023-11-02T23:37:44.379+0000] {processor.py:839} INFO - DAG(s) dict_keys(['example_complex']) retrieved from /home/airflow/.local/lib/python3.8/site-packages/airflow/example_dags/example_complex.py
[2023-11-02T23:37:44.417+0000] {logging_mixin.py:151} INFO - [2023-11-02T23:37:44.417+0000] {dag.py:2941} INFO - Sync 1 DAGs
[2023-11-02T23:37:44.603+0000] {logging_mixin.py:151} INFO - [2023-11-02T23:37:44.602+0000] {dag.py:3722} INFO - Setting next_dagrun for example_complex to None, run_after=None
[2023-11-02T23:37:44.638+0000] {processor.py:179} INFO - Processing /home/airflow/.local/lib/python3.8/site-packages/airflow/example_dags/example_complex.py took 0.278 seconds
[2023-11-02T23:38:15.255+0000] {processor.py:157} INFO - Started process (PID=1314) to work on /home/airflow/.local/lib/python3.8/site-packages/airflow/example_dags/example_complex.py
[2023-11-02T23:38:15.256+0000] {processor.py:829} INFO - Processing file /home/airflow/.local/lib/python3.8/site-packages/airflow/example_dags/example_complex.py for tasks to queue
[2023-11-02T23:38:15.259+0000] {logging_mixin.py:151} INFO - [2023-11-02T23:38:15.258+0000] {dagbag.py:536} INFO - Filling up the DagBag from /home/airflow/.local/lib/python3.8/site-packages/airflow/example_dags/example_complex.py
[2023-11-02T23:38:15.277+0000] {processor.py:839} INFO - DAG(s) dict_keys(['example_complex']) retrieved from /home/airflow/.local/lib/python3.8/site-packages/airflow/example_dags/example_complex.py
[2023-11-02T23:38:15.321+0000] {logging_mixin.py:151} INFO - [2023-11-02T23:38:15.320+0000] {dag.py:2941} INFO - Sync 1 DAGs
[2023-11-02T23:38:15.342+0000] {logging_mixin.py:151} INFO - [2023-11-02T23:38:15.341+0000] {dag.py:3722} INFO - Setting next_dagrun for example_complex to None, run_after=None
[2023-11-02T23:38:15.381+0000] {processor.py:179} INFO - Processing /home/airflow/.local/lib/python3.8/site-packages/airflow/example_dags/example_complex.py took 0.130 seconds
[2023-11-02T23:38:45.762+0000] {processor.py:157} INFO - Started process (PID=1367) to work on /home/airflow/.local/lib/python3.8/site-packages/airflow/example_dags/example_complex.py
[2023-11-02T23:38:45.763+0000] {processor.py:829} INFO - Processing file /home/airflow/.local/lib/python3.8/site-packages/airflow/example_dags/example_complex.py for tasks to queue
[2023-11-02T23:38:45.766+0000] {logging_mixin.py:151} INFO - [2023-11-02T23:38:45.765+0000] {dagbag.py:536} INFO - Filling up the DagBag from /home/airflow/.local/lib/python3.8/site-packages/airflow/example_dags/example_complex.py
[2023-11-02T23:38:45.778+0000] {processor.py:839} INFO - DAG(s) dict_keys(['example_complex']) retrieved from /home/airflow/.local/lib/python3.8/site-packages/airflow/example_dags/example_complex.py
[2023-11-02T23:38:45.815+0000] {logging_mixin.py:151} INFO - [2023-11-02T23:38:45.815+0000] {dag.py:2941} INFO - Sync 1 DAGs
[2023-11-02T23:38:45.831+0000] {logging_mixin.py:151} INFO - [2023-11-02T23:38:45.831+0000] {dag.py:3722} INFO - Setting next_dagrun for example_complex to None, run_after=None
[2023-11-02T23:38:45.859+0000] {processor.py:179} INFO - Processing /home/airflow/.local/lib/python3.8/site-packages/airflow/example_dags/example_complex.py took 0.101 seconds
[2023-11-02T23:39:16.431+0000] {processor.py:157} INFO - Started process (PID=1422) to work on /home/airflow/.local/lib/python3.8/site-packages/airflow/example_dags/example_complex.py
[2023-11-02T23:39:16.431+0000] {processor.py:829} INFO - Processing file /home/airflow/.local/lib/python3.8/site-packages/airflow/example_dags/example_complex.py for tasks to queue
[2023-11-02T23:39:16.434+0000] {logging_mixin.py:151} INFO - [2023-11-02T23:39:16.433+0000] {dagbag.py:536} INFO - Filling up the DagBag from /home/airflow/.local/lib/python3.8/site-packages/airflow/example_dags/example_complex.py
[2023-11-02T23:39:16.445+0000] {processor.py:839} INFO - DAG(s) dict_keys(['example_complex']) retrieved from /home/airflow/.local/lib/python3.8/site-packages/airflow/example_dags/example_complex.py
[2023-11-02T23:39:16.650+0000] {logging_mixin.py:151} INFO - [2023-11-02T23:39:16.649+0000] {dag.py:2941} INFO - Sync 1 DAGs
[2023-11-02T23:39:16.662+0000] {logging_mixin.py:151} INFO - [2023-11-02T23:39:16.661+0000] {dag.py:3722} INFO - Setting next_dagrun for example_complex to None, run_after=None
[2023-11-02T23:39:16.686+0000] {processor.py:179} INFO - Processing /home/airflow/.local/lib/python3.8/site-packages/airflow/example_dags/example_complex.py took 0.259 seconds
[2023-11-02T23:39:47.014+0000] {processor.py:157} INFO - Started process (PID=1475) to work on /home/airflow/.local/lib/python3.8/site-packages/airflow/example_dags/example_complex.py
[2023-11-02T23:39:47.016+0000] {processor.py:829} INFO - Processing file /home/airflow/.local/lib/python3.8/site-packages/airflow/example_dags/example_complex.py for tasks to queue
[2023-11-02T23:39:47.019+0000] {logging_mixin.py:151} INFO - [2023-11-02T23:39:47.018+0000] {dagbag.py:536} INFO - Filling up the DagBag from /home/airflow/.local/lib/python3.8/site-packages/airflow/example_dags/example_complex.py
[2023-11-02T23:39:47.032+0000] {processor.py:839} INFO - DAG(s) dict_keys(['example_complex']) retrieved from /home/airflow/.local/lib/python3.8/site-packages/airflow/example_dags/example_complex.py
[2023-11-02T23:39:47.116+0000] {logging_mixin.py:151} INFO - [2023-11-02T23:39:47.116+0000] {dag.py:2941} INFO - Sync 1 DAGs
[2023-11-02T23:39:47.135+0000] {logging_mixin.py:151} INFO - [2023-11-02T23:39:47.135+0000] {dag.py:3722} INFO - Setting next_dagrun for example_complex to None, run_after=None
[2023-11-02T23:39:47.369+0000] {processor.py:179} INFO - Processing /home/airflow/.local/lib/python3.8/site-packages/airflow/example_dags/example_complex.py took 0.358 seconds
[2023-11-02T23:40:17.608+0000] {processor.py:157} INFO - Started process (PID=1528) to work on /home/airflow/.local/lib/python3.8/site-packages/airflow/example_dags/example_complex.py
[2023-11-02T23:40:17.610+0000] {processor.py:829} INFO - Processing file /home/airflow/.local/lib/python3.8/site-packages/airflow/example_dags/example_complex.py for tasks to queue
[2023-11-02T23:40:17.612+0000] {logging_mixin.py:151} INFO - [2023-11-02T23:40:17.612+0000] {dagbag.py:536} INFO - Filling up the DagBag from /home/airflow/.local/lib/python3.8/site-packages/airflow/example_dags/example_complex.py
[2023-11-02T23:40:17.628+0000] {processor.py:839} INFO - DAG(s) dict_keys(['example_complex']) retrieved from /home/airflow/.local/lib/python3.8/site-packages/airflow/example_dags/example_complex.py
[2023-11-02T23:40:17.670+0000] {logging_mixin.py:151} INFO - [2023-11-02T23:40:17.670+0000] {dag.py:2941} INFO - Sync 1 DAGs
[2023-11-02T23:40:17.687+0000] {logging_mixin.py:151} INFO - [2023-11-02T23:40:17.687+0000] {dag.py:3722} INFO - Setting next_dagrun for example_complex to None, run_after=None
[2023-11-02T23:40:17.716+0000] {processor.py:179} INFO - Processing /home/airflow/.local/lib/python3.8/site-packages/airflow/example_dags/example_complex.py took 0.113 seconds
[2023-11-02T23:40:48.738+0000] {processor.py:157} INFO - Started process (PID=1582) to work on /home/airflow/.local/lib/python3.8/site-packages/airflow/example_dags/example_complex.py
[2023-11-02T23:40:48.740+0000] {processor.py:829} INFO - Processing file /home/airflow/.local/lib/python3.8/site-packages/airflow/example_dags/example_complex.py for tasks to queue
[2023-11-02T23:40:48.742+0000] {logging_mixin.py:151} INFO - [2023-11-02T23:40:48.742+0000] {dagbag.py:536} INFO - Filling up the DagBag from /home/airflow/.local/lib/python3.8/site-packages/airflow/example_dags/example_complex.py
[2023-11-02T23:40:48.926+0000] {processor.py:839} INFO - DAG(s) dict_keys(['example_complex']) retrieved from /home/airflow/.local/lib/python3.8/site-packages/airflow/example_dags/example_complex.py
[2023-11-02T23:40:48.963+0000] {logging_mixin.py:151} INFO - [2023-11-02T23:40:48.963+0000] {dag.py:2941} INFO - Sync 1 DAGs
[2023-11-02T23:40:48.977+0000] {logging_mixin.py:151} INFO - [2023-11-02T23:40:48.976+0000] {dag.py:3722} INFO - Setting next_dagrun for example_complex to None, run_after=None
[2023-11-02T23:40:49.000+0000] {processor.py:179} INFO - Processing /home/airflow/.local/lib/python3.8/site-packages/airflow/example_dags/example_complex.py took 0.265 seconds
[2023-11-02T23:41:19.532+0000] {processor.py:157} INFO - Started process (PID=1636) to work on /home/airflow/.local/lib/python3.8/site-packages/airflow/example_dags/example_complex.py
[2023-11-02T23:41:19.533+0000] {processor.py:829} INFO - Processing file /home/airflow/.local/lib/python3.8/site-packages/airflow/example_dags/example_complex.py for tasks to queue
[2023-11-02T23:41:19.536+0000] {logging_mixin.py:151} INFO - [2023-11-02T23:41:19.536+0000] {dagbag.py:536} INFO - Filling up the DagBag from /home/airflow/.local/lib/python3.8/site-packages/airflow/example_dags/example_complex.py
[2023-11-02T23:41:19.548+0000] {processor.py:839} INFO - DAG(s) dict_keys(['example_complex']) retrieved from /home/airflow/.local/lib/python3.8/site-packages/airflow/example_dags/example_complex.py
[2023-11-02T23:41:19.583+0000] {logging_mixin.py:151} INFO - [2023-11-02T23:41:19.582+0000] {dag.py:2941} INFO - Sync 1 DAGs
[2023-11-02T23:41:19.596+0000] {logging_mixin.py:151} INFO - [2023-11-02T23:41:19.596+0000] {dag.py:3722} INFO - Setting next_dagrun for example_complex to None, run_after=None
[2023-11-02T23:41:19.624+0000] {processor.py:179} INFO - Processing /home/airflow/.local/lib/python3.8/site-packages/airflow/example_dags/example_complex.py took 0.095 seconds
[2023-11-02T23:41:49.714+0000] {processor.py:157} INFO - Started process (PID=1690) to work on /home/airflow/.local/lib/python3.8/site-packages/airflow/example_dags/example_complex.py
[2023-11-02T23:41:49.715+0000] {processor.py:829} INFO - Processing file /home/airflow/.local/lib/python3.8/site-packages/airflow/example_dags/example_complex.py for tasks to queue
[2023-11-02T23:41:49.718+0000] {logging_mixin.py:151} INFO - [2023-11-02T23:41:49.718+0000] {dagbag.py:536} INFO - Filling up the DagBag from /home/airflow/.local/lib/python3.8/site-packages/airflow/example_dags/example_complex.py
[2023-11-02T23:41:49.730+0000] {processor.py:839} INFO - DAG(s) dict_keys(['example_complex']) retrieved from /home/airflow/.local/lib/python3.8/site-packages/airflow/example_dags/example_complex.py
[2023-11-02T23:41:49.764+0000] {logging_mixin.py:151} INFO - [2023-11-02T23:41:49.763+0000] {dag.py:2941} INFO - Sync 1 DAGs
[2023-11-02T23:41:49.778+0000] {logging_mixin.py:151} INFO - [2023-11-02T23:41:49.778+0000] {dag.py:3722} INFO - Setting next_dagrun for example_complex to None, run_after=None
[2023-11-02T23:41:49.807+0000] {processor.py:179} INFO - Processing /home/airflow/.local/lib/python3.8/site-packages/airflow/example_dags/example_complex.py took 0.097 seconds
[2023-11-02T23:42:19.996+0000] {processor.py:157} INFO - Started process (PID=1744) to work on /home/airflow/.local/lib/python3.8/site-packages/airflow/example_dags/example_complex.py
[2023-11-02T23:42:19.997+0000] {processor.py:829} INFO - Processing file /home/airflow/.local/lib/python3.8/site-packages/airflow/example_dags/example_complex.py for tasks to queue
[2023-11-02T23:42:19.999+0000] {logging_mixin.py:151} INFO - [2023-11-02T23:42:19.999+0000] {dagbag.py:536} INFO - Filling up the DagBag from /home/airflow/.local/lib/python3.8/site-packages/airflow/example_dags/example_complex.py
[2023-11-02T23:42:20.013+0000] {processor.py:839} INFO - DAG(s) dict_keys(['example_complex']) retrieved from /home/airflow/.local/lib/python3.8/site-packages/airflow/example_dags/example_complex.py
[2023-11-02T23:42:20.049+0000] {logging_mixin.py:151} INFO - [2023-11-02T23:42:20.049+0000] {dag.py:2941} INFO - Sync 1 DAGs
[2023-11-02T23:42:20.064+0000] {logging_mixin.py:151} INFO - [2023-11-02T23:42:20.064+0000] {dag.py:3722} INFO - Setting next_dagrun for example_complex to None, run_after=None
[2023-11-02T23:42:20.093+0000] {processor.py:179} INFO - Processing /home/airflow/.local/lib/python3.8/site-packages/airflow/example_dags/example_complex.py took 0.101 seconds
[2023-11-02T23:42:50.226+0000] {processor.py:157} INFO - Started process (PID=1798) to work on /home/airflow/.local/lib/python3.8/site-packages/airflow/example_dags/example_complex.py
[2023-11-02T23:42:50.228+0000] {processor.py:829} INFO - Processing file /home/airflow/.local/lib/python3.8/site-packages/airflow/example_dags/example_complex.py for tasks to queue
[2023-11-02T23:42:50.230+0000] {logging_mixin.py:151} INFO - [2023-11-02T23:42:50.230+0000] {dagbag.py:536} INFO - Filling up the DagBag from /home/airflow/.local/lib/python3.8/site-packages/airflow/example_dags/example_complex.py
[2023-11-02T23:42:50.241+0000] {processor.py:839} INFO - DAG(s) dict_keys(['example_complex']) retrieved from /home/airflow/.local/lib/python3.8/site-packages/airflow/example_dags/example_complex.py
[2023-11-02T23:42:50.283+0000] {logging_mixin.py:151} INFO - [2023-11-02T23:42:50.283+0000] {dag.py:2941} INFO - Sync 1 DAGs
[2023-11-02T23:42:50.301+0000] {logging_mixin.py:151} INFO - [2023-11-02T23:42:50.301+0000] {dag.py:3722} INFO - Setting next_dagrun for example_complex to None, run_after=None
[2023-11-02T23:42:50.332+0000] {processor.py:179} INFO - Processing /home/airflow/.local/lib/python3.8/site-packages/airflow/example_dags/example_complex.py took 0.109 seconds
[2023-11-02T23:43:20.512+0000] {processor.py:157} INFO - Started process (PID=1851) to work on /home/airflow/.local/lib/python3.8/site-packages/airflow/example_dags/example_complex.py
[2023-11-02T23:43:20.514+0000] {processor.py:829} INFO - Processing file /home/airflow/.local/lib/python3.8/site-packages/airflow/example_dags/example_complex.py for tasks to queue
[2023-11-02T23:43:20.516+0000] {logging_mixin.py:151} INFO - [2023-11-02T23:43:20.516+0000] {dagbag.py:536} INFO - Filling up the DagBag from /home/airflow/.local/lib/python3.8/site-packages/airflow/example_dags/example_complex.py
[2023-11-02T23:43:20.529+0000] {processor.py:839} INFO - DAG(s) dict_keys(['example_complex']) retrieved from /home/airflow/.local/lib/python3.8/site-packages/airflow/example_dags/example_complex.py
[2023-11-02T23:43:20.579+0000] {logging_mixin.py:151} INFO - [2023-11-02T23:43:20.579+0000] {dag.py:2941} INFO - Sync 1 DAGs
[2023-11-02T23:43:20.608+0000] {logging_mixin.py:151} INFO - [2023-11-02T23:43:20.608+0000] {dag.py:3722} INFO - Setting next_dagrun for example_complex to None, run_after=None
[2023-11-02T23:43:20.639+0000] {processor.py:179} INFO - Processing /home/airflow/.local/lib/python3.8/site-packages/airflow/example_dags/example_complex.py took 0.131 seconds
[2023-11-02T23:43:50.678+0000] {processor.py:157} INFO - Started process (PID=1905) to work on /home/airflow/.local/lib/python3.8/site-packages/airflow/example_dags/example_complex.py
[2023-11-02T23:43:50.679+0000] {processor.py:829} INFO - Processing file /home/airflow/.local/lib/python3.8/site-packages/airflow/example_dags/example_complex.py for tasks to queue
[2023-11-02T23:43:50.681+0000] {logging_mixin.py:151} INFO - [2023-11-02T23:43:50.681+0000] {dagbag.py:536} INFO - Filling up the DagBag from /home/airflow/.local/lib/python3.8/site-packages/airflow/example_dags/example_complex.py
[2023-11-02T23:43:50.691+0000] {processor.py:839} INFO - DAG(s) dict_keys(['example_complex']) retrieved from /home/airflow/.local/lib/python3.8/site-packages/airflow/example_dags/example_complex.py
[2023-11-02T23:43:50.723+0000] {logging_mixin.py:151} INFO - [2023-11-02T23:43:50.723+0000] {dag.py:2941} INFO - Sync 1 DAGs
[2023-11-02T23:43:50.737+0000] {logging_mixin.py:151} INFO - [2023-11-02T23:43:50.736+0000] {dag.py:3722} INFO - Setting next_dagrun for example_complex to None, run_after=None
[2023-11-02T23:43:50.762+0000] {processor.py:179} INFO - Processing /home/airflow/.local/lib/python3.8/site-packages/airflow/example_dags/example_complex.py took 0.088 seconds
[2023-11-02T23:44:20.893+0000] {processor.py:157} INFO - Started process (PID=1959) to work on /home/airflow/.local/lib/python3.8/site-packages/airflow/example_dags/example_complex.py
[2023-11-02T23:44:20.894+0000] {processor.py:829} INFO - Processing file /home/airflow/.local/lib/python3.8/site-packages/airflow/example_dags/example_complex.py for tasks to queue
[2023-11-02T23:44:20.897+0000] {logging_mixin.py:151} INFO - [2023-11-02T23:44:20.897+0000] {dagbag.py:536} INFO - Filling up the DagBag from /home/airflow/.local/lib/python3.8/site-packages/airflow/example_dags/example_complex.py
[2023-11-02T23:44:20.909+0000] {processor.py:839} INFO - DAG(s) dict_keys(['example_complex']) retrieved from /home/airflow/.local/lib/python3.8/site-packages/airflow/example_dags/example_complex.py
[2023-11-02T23:44:20.943+0000] {logging_mixin.py:151} INFO - [2023-11-02T23:44:20.943+0000] {dag.py:2941} INFO - Sync 1 DAGs
[2023-11-02T23:44:20.956+0000] {logging_mixin.py:151} INFO - [2023-11-02T23:44:20.955+0000] {dag.py:3722} INFO - Setting next_dagrun for example_complex to None, run_after=None
[2023-11-02T23:44:20.982+0000] {processor.py:179} INFO - Processing /home/airflow/.local/lib/python3.8/site-packages/airflow/example_dags/example_complex.py took 0.092 seconds
[2023-11-02T23:44:51.194+0000] {processor.py:157} INFO - Started process (PID=2013) to work on /home/airflow/.local/lib/python3.8/site-packages/airflow/example_dags/example_complex.py
[2023-11-02T23:44:51.195+0000] {processor.py:829} INFO - Processing file /home/airflow/.local/lib/python3.8/site-packages/airflow/example_dags/example_complex.py for tasks to queue
[2023-11-02T23:44:51.198+0000] {logging_mixin.py:151} INFO - [2023-11-02T23:44:51.197+0000] {dagbag.py:536} INFO - Filling up the DagBag from /home/airflow/.local/lib/python3.8/site-packages/airflow/example_dags/example_complex.py
[2023-11-02T23:44:51.208+0000] {processor.py:839} INFO - DAG(s) dict_keys(['example_complex']) retrieved from /home/airflow/.local/lib/python3.8/site-packages/airflow/example_dags/example_complex.py
[2023-11-02T23:44:51.243+0000] {logging_mixin.py:151} INFO - [2023-11-02T23:44:51.243+0000] {dag.py:2941} INFO - Sync 1 DAGs
[2023-11-02T23:44:51.256+0000] {logging_mixin.py:151} INFO - [2023-11-02T23:44:51.256+0000] {dag.py:3722} INFO - Setting next_dagrun for example_complex to None, run_after=None
[2023-11-02T23:44:51.285+0000] {processor.py:179} INFO - Processing /home/airflow/.local/lib/python3.8/site-packages/airflow/example_dags/example_complex.py took 0.094 seconds
[2023-11-02T23:45:21.781+0000] {processor.py:157} INFO - Started process (PID=2068) to work on /home/airflow/.local/lib/python3.8/site-packages/airflow/example_dags/example_complex.py
[2023-11-02T23:45:21.782+0000] {processor.py:829} INFO - Processing file /home/airflow/.local/lib/python3.8/site-packages/airflow/example_dags/example_complex.py for tasks to queue
[2023-11-02T23:45:21.784+0000] {logging_mixin.py:151} INFO - [2023-11-02T23:45:21.784+0000] {dagbag.py:536} INFO - Filling up the DagBag from /home/airflow/.local/lib/python3.8/site-packages/airflow/example_dags/example_complex.py
[2023-11-02T23:45:21.800+0000] {processor.py:839} INFO - DAG(s) dict_keys(['example_complex']) retrieved from /home/airflow/.local/lib/python3.8/site-packages/airflow/example_dags/example_complex.py
[2023-11-02T23:45:21.837+0000] {logging_mixin.py:151} INFO - [2023-11-02T23:45:21.837+0000] {dag.py:2941} INFO - Sync 1 DAGs
[2023-11-02T23:45:21.853+0000] {logging_mixin.py:151} INFO - [2023-11-02T23:45:21.853+0000] {dag.py:3722} INFO - Setting next_dagrun for example_complex to None, run_after=None
[2023-11-02T23:45:21.882+0000] {processor.py:179} INFO - Processing /home/airflow/.local/lib/python3.8/site-packages/airflow/example_dags/example_complex.py took 0.107 seconds
[2023-11-02T23:45:52.008+0000] {processor.py:157} INFO - Started process (PID=2121) to work on /home/airflow/.local/lib/python3.8/site-packages/airflow/example_dags/example_complex.py
[2023-11-02T23:45:52.010+0000] {processor.py:829} INFO - Processing file /home/airflow/.local/lib/python3.8/site-packages/airflow/example_dags/example_complex.py for tasks to queue
[2023-11-02T23:45:52.012+0000] {logging_mixin.py:151} INFO - [2023-11-02T23:45:52.012+0000] {dagbag.py:536} INFO - Filling up the DagBag from /home/airflow/.local/lib/python3.8/site-packages/airflow/example_dags/example_complex.py
[2023-11-02T23:45:52.023+0000] {processor.py:839} INFO - DAG(s) dict_keys(['example_complex']) retrieved from /home/airflow/.local/lib/python3.8/site-packages/airflow/example_dags/example_complex.py
[2023-11-02T23:45:52.058+0000] {logging_mixin.py:151} INFO - [2023-11-02T23:45:52.058+0000] {dag.py:2941} INFO - Sync 1 DAGs
[2023-11-02T23:45:52.071+0000] {logging_mixin.py:151} INFO - [2023-11-02T23:45:52.071+0000] {dag.py:3722} INFO - Setting next_dagrun for example_complex to None, run_after=None
[2023-11-02T23:45:52.101+0000] {processor.py:179} INFO - Processing /home/airflow/.local/lib/python3.8/site-packages/airflow/example_dags/example_complex.py took 0.097 seconds
[2023-11-02T23:46:22.215+0000] {processor.py:157} INFO - Started process (PID=2175) to work on /home/airflow/.local/lib/python3.8/site-packages/airflow/example_dags/example_complex.py
[2023-11-02T23:46:22.216+0000] {processor.py:829} INFO - Processing file /home/airflow/.local/lib/python3.8/site-packages/airflow/example_dags/example_complex.py for tasks to queue
[2023-11-02T23:46:22.219+0000] {logging_mixin.py:151} INFO - [2023-11-02T23:46:22.218+0000] {dagbag.py:536} INFO - Filling up the DagBag from /home/airflow/.local/lib/python3.8/site-packages/airflow/example_dags/example_complex.py
[2023-11-02T23:46:22.230+0000] {processor.py:839} INFO - DAG(s) dict_keys(['example_complex']) retrieved from /home/airflow/.local/lib/python3.8/site-packages/airflow/example_dags/example_complex.py
[2023-11-02T23:46:22.265+0000] {logging_mixin.py:151} INFO - [2023-11-02T23:46:22.265+0000] {dag.py:2941} INFO - Sync 1 DAGs
[2023-11-02T23:46:22.278+0000] {logging_mixin.py:151} INFO - [2023-11-02T23:46:22.278+0000] {dag.py:3722} INFO - Setting next_dagrun for example_complex to None, run_after=None
[2023-11-02T23:46:22.310+0000] {processor.py:179} INFO - Processing /home/airflow/.local/lib/python3.8/site-packages/airflow/example_dags/example_complex.py took 0.098 seconds
[2023-11-02T23:46:52.458+0000] {processor.py:157} INFO - Started process (PID=2229) to work on /home/airflow/.local/lib/python3.8/site-packages/airflow/example_dags/example_complex.py
[2023-11-02T23:46:52.459+0000] {processor.py:829} INFO - Processing file /home/airflow/.local/lib/python3.8/site-packages/airflow/example_dags/example_complex.py for tasks to queue
[2023-11-02T23:46:52.461+0000] {logging_mixin.py:151} INFO - [2023-11-02T23:46:52.461+0000] {dagbag.py:536} INFO - Filling up the DagBag from /home/airflow/.local/lib/python3.8/site-packages/airflow/example_dags/example_complex.py
[2023-11-02T23:46:52.473+0000] {processor.py:839} INFO - DAG(s) dict_keys(['example_complex']) retrieved from /home/airflow/.local/lib/python3.8/site-packages/airflow/example_dags/example_complex.py
[2023-11-02T23:46:52.512+0000] {logging_mixin.py:151} INFO - [2023-11-02T23:46:52.511+0000] {dag.py:2941} INFO - Sync 1 DAGs
[2023-11-02T23:46:52.526+0000] {logging_mixin.py:151} INFO - [2023-11-02T23:46:52.526+0000] {dag.py:3722} INFO - Setting next_dagrun for example_complex to None, run_after=None
[2023-11-02T23:46:52.556+0000] {processor.py:179} INFO - Processing /home/airflow/.local/lib/python3.8/site-packages/airflow/example_dags/example_complex.py took 0.102 seconds
[2023-11-02T23:47:22.762+0000] {processor.py:157} INFO - Started process (PID=2282) to work on /home/airflow/.local/lib/python3.8/site-packages/airflow/example_dags/example_complex.py
[2023-11-02T23:47:22.764+0000] {processor.py:829} INFO - Processing file /home/airflow/.local/lib/python3.8/site-packages/airflow/example_dags/example_complex.py for tasks to queue
[2023-11-02T23:47:22.766+0000] {logging_mixin.py:151} INFO - [2023-11-02T23:47:22.766+0000] {dagbag.py:536} INFO - Filling up the DagBag from /home/airflow/.local/lib/python3.8/site-packages/airflow/example_dags/example_complex.py
[2023-11-02T23:47:22.778+0000] {processor.py:839} INFO - DAG(s) dict_keys(['example_complex']) retrieved from /home/airflow/.local/lib/python3.8/site-packages/airflow/example_dags/example_complex.py
[2023-11-02T23:47:22.814+0000] {logging_mixin.py:151} INFO - [2023-11-02T23:47:22.814+0000] {dag.py:2941} INFO - Sync 1 DAGs
[2023-11-02T23:47:22.828+0000] {logging_mixin.py:151} INFO - [2023-11-02T23:47:22.828+0000] {dag.py:3722} INFO - Setting next_dagrun for example_complex to None, run_after=None
[2023-11-02T23:47:22.859+0000] {processor.py:179} INFO - Processing /home/airflow/.local/lib/python3.8/site-packages/airflow/example_dags/example_complex.py took 0.100 seconds
[2023-11-02T23:47:52.979+0000] {processor.py:157} INFO - Started process (PID=2336) to work on /home/airflow/.local/lib/python3.8/site-packages/airflow/example_dags/example_complex.py
[2023-11-02T23:47:52.981+0000] {processor.py:829} INFO - Processing file /home/airflow/.local/lib/python3.8/site-packages/airflow/example_dags/example_complex.py for tasks to queue
[2023-11-02T23:47:52.983+0000] {logging_mixin.py:151} INFO - [2023-11-02T23:47:52.983+0000] {dagbag.py:536} INFO - Filling up the DagBag from /home/airflow/.local/lib/python3.8/site-packages/airflow/example_dags/example_complex.py
[2023-11-02T23:47:52.996+0000] {processor.py:839} INFO - DAG(s) dict_keys(['example_complex']) retrieved from /home/airflow/.local/lib/python3.8/site-packages/airflow/example_dags/example_complex.py
[2023-11-02T23:47:53.037+0000] {logging_mixin.py:151} INFO - [2023-11-02T23:47:53.036+0000] {dag.py:2941} INFO - Sync 1 DAGs
[2023-11-02T23:47:53.051+0000] {logging_mixin.py:151} INFO - [2023-11-02T23:47:53.051+0000] {dag.py:3722} INFO - Setting next_dagrun for example_complex to None, run_after=None
[2023-11-02T23:47:53.085+0000] {processor.py:179} INFO - Processing /home/airflow/.local/lib/python3.8/site-packages/airflow/example_dags/example_complex.py took 0.110 seconds
[2023-11-02T23:49:00.851+0000] {processor.py:157} INFO - Started process (PID=68) to work on /home/airflow/.local/lib/python3.8/site-packages/airflow/example_dags/example_complex.py
[2023-11-02T23:49:00.852+0000] {processor.py:829} INFO - Processing file /home/airflow/.local/lib/python3.8/site-packages/airflow/example_dags/example_complex.py for tasks to queue
[2023-11-02T23:49:00.855+0000] {logging_mixin.py:151} INFO - [2023-11-02T23:49:00.855+0000] {dagbag.py:536} INFO - Filling up the DagBag from /home/airflow/.local/lib/python3.8/site-packages/airflow/example_dags/example_complex.py
[2023-11-02T23:49:00.869+0000] {processor.py:839} INFO - DAG(s) dict_keys(['example_complex']) retrieved from /home/airflow/.local/lib/python3.8/site-packages/airflow/example_dags/example_complex.py
[2023-11-02T23:49:00.890+0000] {logging_mixin.py:151} INFO - [2023-11-02T23:49:00.890+0000] {dag.py:2941} INFO - Sync 1 DAGs
[2023-11-02T23:49:00.908+0000] {logging_mixin.py:151} INFO - [2023-11-02T23:49:00.907+0000] {dag.py:3722} INFO - Setting next_dagrun for example_complex to None, run_after=None
[2023-11-02T23:49:00.940+0000] {processor.py:179} INFO - Processing /home/airflow/.local/lib/python3.8/site-packages/airflow/example_dags/example_complex.py took 0.092 seconds
[2023-11-02T23:49:31.181+0000] {processor.py:157} INFO - Started process (PID=122) to work on /home/airflow/.local/lib/python3.8/site-packages/airflow/example_dags/example_complex.py
[2023-11-02T23:49:31.182+0000] {processor.py:829} INFO - Processing file /home/airflow/.local/lib/python3.8/site-packages/airflow/example_dags/example_complex.py for tasks to queue
[2023-11-02T23:49:31.184+0000] {logging_mixin.py:151} INFO - [2023-11-02T23:49:31.184+0000] {dagbag.py:536} INFO - Filling up the DagBag from /home/airflow/.local/lib/python3.8/site-packages/airflow/example_dags/example_complex.py
[2023-11-02T23:49:31.196+0000] {processor.py:839} INFO - DAG(s) dict_keys(['example_complex']) retrieved from /home/airflow/.local/lib/python3.8/site-packages/airflow/example_dags/example_complex.py
[2023-11-02T23:49:31.238+0000] {logging_mixin.py:151} INFO - [2023-11-02T23:49:31.237+0000] {dag.py:2941} INFO - Sync 1 DAGs
[2023-11-02T23:49:31.253+0000] {logging_mixin.py:151} INFO - [2023-11-02T23:49:31.253+0000] {dag.py:3722} INFO - Setting next_dagrun for example_complex to None, run_after=None
[2023-11-02T23:49:31.285+0000] {processor.py:179} INFO - Processing /home/airflow/.local/lib/python3.8/site-packages/airflow/example_dags/example_complex.py took 0.108 seconds
[2023-11-02T23:50:01.384+0000] {processor.py:157} INFO - Started process (PID=176) to work on /home/airflow/.local/lib/python3.8/site-packages/airflow/example_dags/example_complex.py
[2023-11-02T23:50:01.385+0000] {processor.py:829} INFO - Processing file /home/airflow/.local/lib/python3.8/site-packages/airflow/example_dags/example_complex.py for tasks to queue
[2023-11-02T23:50:01.388+0000] {logging_mixin.py:151} INFO - [2023-11-02T23:50:01.387+0000] {dagbag.py:536} INFO - Filling up the DagBag from /home/airflow/.local/lib/python3.8/site-packages/airflow/example_dags/example_complex.py
[2023-11-02T23:50:01.399+0000] {processor.py:839} INFO - DAG(s) dict_keys(['example_complex']) retrieved from /home/airflow/.local/lib/python3.8/site-packages/airflow/example_dags/example_complex.py
[2023-11-02T23:50:01.433+0000] {logging_mixin.py:151} INFO - [2023-11-02T23:50:01.432+0000] {dag.py:2941} INFO - Sync 1 DAGs
[2023-11-02T23:50:01.448+0000] {logging_mixin.py:151} INFO - [2023-11-02T23:50:01.447+0000] {dag.py:3722} INFO - Setting next_dagrun for example_complex to None, run_after=None
[2023-11-02T23:50:01.471+0000] {processor.py:179} INFO - Processing /home/airflow/.local/lib/python3.8/site-packages/airflow/example_dags/example_complex.py took 0.090 seconds
[2023-11-02T23:50:31.698+0000] {processor.py:157} INFO - Started process (PID=230) to work on /home/airflow/.local/lib/python3.8/site-packages/airflow/example_dags/example_complex.py
[2023-11-02T23:50:31.699+0000] {processor.py:829} INFO - Processing file /home/airflow/.local/lib/python3.8/site-packages/airflow/example_dags/example_complex.py for tasks to queue
[2023-11-02T23:50:31.701+0000] {logging_mixin.py:151} INFO - [2023-11-02T23:50:31.701+0000] {dagbag.py:536} INFO - Filling up the DagBag from /home/airflow/.local/lib/python3.8/site-packages/airflow/example_dags/example_complex.py
[2023-11-02T23:50:31.712+0000] {processor.py:839} INFO - DAG(s) dict_keys(['example_complex']) retrieved from /home/airflow/.local/lib/python3.8/site-packages/airflow/example_dags/example_complex.py
[2023-11-02T23:50:31.744+0000] {logging_mixin.py:151} INFO - [2023-11-02T23:50:31.744+0000] {dag.py:2941} INFO - Sync 1 DAGs
[2023-11-02T23:50:31.758+0000] {logging_mixin.py:151} INFO - [2023-11-02T23:50:31.758+0000] {dag.py:3722} INFO - Setting next_dagrun for example_complex to None, run_after=None
[2023-11-02T23:50:31.786+0000] {processor.py:179} INFO - Processing /home/airflow/.local/lib/python3.8/site-packages/airflow/example_dags/example_complex.py took 0.091 seconds
[2023-11-02T23:51:02.241+0000] {processor.py:157} INFO - Started process (PID=284) to work on /home/airflow/.local/lib/python3.8/site-packages/airflow/example_dags/example_complex.py
[2023-11-02T23:51:02.243+0000] {processor.py:829} INFO - Processing file /home/airflow/.local/lib/python3.8/site-packages/airflow/example_dags/example_complex.py for tasks to queue
[2023-11-02T23:51:02.245+0000] {logging_mixin.py:151} INFO - [2023-11-02T23:51:02.244+0000] {dagbag.py:536} INFO - Filling up the DagBag from /home/airflow/.local/lib/python3.8/site-packages/airflow/example_dags/example_complex.py
[2023-11-02T23:51:02.257+0000] {processor.py:839} INFO - DAG(s) dict_keys(['example_complex']) retrieved from /home/airflow/.local/lib/python3.8/site-packages/airflow/example_dags/example_complex.py
[2023-11-02T23:51:02.294+0000] {logging_mixin.py:151} INFO - [2023-11-02T23:51:02.294+0000] {dag.py:2941} INFO - Sync 1 DAGs
[2023-11-02T23:51:02.310+0000] {logging_mixin.py:151} INFO - [2023-11-02T23:51:02.309+0000] {dag.py:3722} INFO - Setting next_dagrun for example_complex to None, run_after=None
[2023-11-02T23:51:02.337+0000] {processor.py:179} INFO - Processing /home/airflow/.local/lib/python3.8/site-packages/airflow/example_dags/example_complex.py took 0.099 seconds
[2023-11-02T23:51:32.474+0000] {processor.py:157} INFO - Started process (PID=338) to work on /home/airflow/.local/lib/python3.8/site-packages/airflow/example_dags/example_complex.py
[2023-11-02T23:51:32.475+0000] {processor.py:829} INFO - Processing file /home/airflow/.local/lib/python3.8/site-packages/airflow/example_dags/example_complex.py for tasks to queue
[2023-11-02T23:51:32.477+0000] {logging_mixin.py:151} INFO - [2023-11-02T23:51:32.476+0000] {dagbag.py:536} INFO - Filling up the DagBag from /home/airflow/.local/lib/python3.8/site-packages/airflow/example_dags/example_complex.py
[2023-11-02T23:51:32.487+0000] {processor.py:839} INFO - DAG(s) dict_keys(['example_complex']) retrieved from /home/airflow/.local/lib/python3.8/site-packages/airflow/example_dags/example_complex.py
[2023-11-02T23:51:32.522+0000] {logging_mixin.py:151} INFO - [2023-11-02T23:51:32.522+0000] {dag.py:2941} INFO - Sync 1 DAGs
[2023-11-02T23:51:32.537+0000] {logging_mixin.py:151} INFO - [2023-11-02T23:51:32.537+0000] {dag.py:3722} INFO - Setting next_dagrun for example_complex to None, run_after=None
[2023-11-02T23:51:32.571+0000] {processor.py:179} INFO - Processing /home/airflow/.local/lib/python3.8/site-packages/airflow/example_dags/example_complex.py took 0.100 seconds
[2023-11-02T23:52:02.699+0000] {processor.py:157} INFO - Started process (PID=392) to work on /home/airflow/.local/lib/python3.8/site-packages/airflow/example_dags/example_complex.py
[2023-11-02T23:52:02.700+0000] {processor.py:829} INFO - Processing file /home/airflow/.local/lib/python3.8/site-packages/airflow/example_dags/example_complex.py for tasks to queue
[2023-11-02T23:52:02.702+0000] {logging_mixin.py:151} INFO - [2023-11-02T23:52:02.702+0000] {dagbag.py:536} INFO - Filling up the DagBag from /home/airflow/.local/lib/python3.8/site-packages/airflow/example_dags/example_complex.py
[2023-11-02T23:52:02.712+0000] {processor.py:839} INFO - DAG(s) dict_keys(['example_complex']) retrieved from /home/airflow/.local/lib/python3.8/site-packages/airflow/example_dags/example_complex.py
[2023-11-02T23:52:02.750+0000] {logging_mixin.py:151} INFO - [2023-11-02T23:52:02.750+0000] {dag.py:2941} INFO - Sync 1 DAGs
[2023-11-02T23:52:02.767+0000] {logging_mixin.py:151} INFO - [2023-11-02T23:52:02.767+0000] {dag.py:3722} INFO - Setting next_dagrun for example_complex to None, run_after=None
[2023-11-02T23:52:02.802+0000] {processor.py:179} INFO - Processing /home/airflow/.local/lib/python3.8/site-packages/airflow/example_dags/example_complex.py took 0.107 seconds
[2023-11-02T23:52:33.005+0000] {processor.py:157} INFO - Started process (PID=446) to work on /home/airflow/.local/lib/python3.8/site-packages/airflow/example_dags/example_complex.py
[2023-11-02T23:52:33.006+0000] {processor.py:829} INFO - Processing file /home/airflow/.local/lib/python3.8/site-packages/airflow/example_dags/example_complex.py for tasks to queue
[2023-11-02T23:52:33.008+0000] {logging_mixin.py:151} INFO - [2023-11-02T23:52:33.008+0000] {dagbag.py:536} INFO - Filling up the DagBag from /home/airflow/.local/lib/python3.8/site-packages/airflow/example_dags/example_complex.py
[2023-11-02T23:52:33.019+0000] {processor.py:839} INFO - DAG(s) dict_keys(['example_complex']) retrieved from /home/airflow/.local/lib/python3.8/site-packages/airflow/example_dags/example_complex.py
[2023-11-02T23:52:33.056+0000] {logging_mixin.py:151} INFO - [2023-11-02T23:52:33.056+0000] {dag.py:2941} INFO - Sync 1 DAGs
[2023-11-02T23:52:33.074+0000] {logging_mixin.py:151} INFO - [2023-11-02T23:52:33.073+0000] {dag.py:3722} INFO - Setting next_dagrun for example_complex to None, run_after=None
[2023-11-02T23:52:33.107+0000] {processor.py:179} INFO - Processing /home/airflow/.local/lib/python3.8/site-packages/airflow/example_dags/example_complex.py took 0.105 seconds
[2023-11-02T23:53:03.156+0000] {processor.py:157} INFO - Started process (PID=500) to work on /home/airflow/.local/lib/python3.8/site-packages/airflow/example_dags/example_complex.py
[2023-11-02T23:53:03.157+0000] {processor.py:829} INFO - Processing file /home/airflow/.local/lib/python3.8/site-packages/airflow/example_dags/example_complex.py for tasks to queue
[2023-11-02T23:53:03.159+0000] {logging_mixin.py:151} INFO - [2023-11-02T23:53:03.159+0000] {dagbag.py:536} INFO - Filling up the DagBag from /home/airflow/.local/lib/python3.8/site-packages/airflow/example_dags/example_complex.py
[2023-11-02T23:53:03.170+0000] {processor.py:839} INFO - DAG(s) dict_keys(['example_complex']) retrieved from /home/airflow/.local/lib/python3.8/site-packages/airflow/example_dags/example_complex.py
[2023-11-02T23:53:03.204+0000] {logging_mixin.py:151} INFO - [2023-11-02T23:53:03.204+0000] {dag.py:2941} INFO - Sync 1 DAGs
[2023-11-02T23:53:03.218+0000] {logging_mixin.py:151} INFO - [2023-11-02T23:53:03.218+0000] {dag.py:3722} INFO - Setting next_dagrun for example_complex to None, run_after=None
[2023-11-02T23:53:03.245+0000] {processor.py:179} INFO - Processing /home/airflow/.local/lib/python3.8/site-packages/airflow/example_dags/example_complex.py took 0.093 seconds
[2023-11-02T23:53:33.456+0000] {processor.py:157} INFO - Started process (PID=553) to work on /home/airflow/.local/lib/python3.8/site-packages/airflow/example_dags/example_complex.py
[2023-11-02T23:53:33.457+0000] {processor.py:829} INFO - Processing file /home/airflow/.local/lib/python3.8/site-packages/airflow/example_dags/example_complex.py for tasks to queue
[2023-11-02T23:53:33.459+0000] {logging_mixin.py:151} INFO - [2023-11-02T23:53:33.459+0000] {dagbag.py:536} INFO - Filling up the DagBag from /home/airflow/.local/lib/python3.8/site-packages/airflow/example_dags/example_complex.py
[2023-11-02T23:53:33.471+0000] {processor.py:839} INFO - DAG(s) dict_keys(['example_complex']) retrieved from /home/airflow/.local/lib/python3.8/site-packages/airflow/example_dags/example_complex.py
[2023-11-02T23:53:33.505+0000] {logging_mixin.py:151} INFO - [2023-11-02T23:53:33.504+0000] {dag.py:2941} INFO - Sync 1 DAGs
[2023-11-02T23:53:33.519+0000] {logging_mixin.py:151} INFO - [2023-11-02T23:53:33.519+0000] {dag.py:3722} INFO - Setting next_dagrun for example_complex to None, run_after=None
[2023-11-02T23:53:33.545+0000] {processor.py:179} INFO - Processing /home/airflow/.local/lib/python3.8/site-packages/airflow/example_dags/example_complex.py took 0.093 seconds
[2023-11-02T23:54:03.616+0000] {processor.py:157} INFO - Started process (PID=606) to work on /home/airflow/.local/lib/python3.8/site-packages/airflow/example_dags/example_complex.py
[2023-11-02T23:54:03.617+0000] {processor.py:829} INFO - Processing file /home/airflow/.local/lib/python3.8/site-packages/airflow/example_dags/example_complex.py for tasks to queue
[2023-11-02T23:54:03.620+0000] {logging_mixin.py:151} INFO - [2023-11-02T23:54:03.619+0000] {dagbag.py:536} INFO - Filling up the DagBag from /home/airflow/.local/lib/python3.8/site-packages/airflow/example_dags/example_complex.py
[2023-11-02T23:54:03.631+0000] {processor.py:839} INFO - DAG(s) dict_keys(['example_complex']) retrieved from /home/airflow/.local/lib/python3.8/site-packages/airflow/example_dags/example_complex.py
[2023-11-02T23:54:03.665+0000] {logging_mixin.py:151} INFO - [2023-11-02T23:54:03.665+0000] {dag.py:2941} INFO - Sync 1 DAGs
[2023-11-02T23:54:03.679+0000] {logging_mixin.py:151} INFO - [2023-11-02T23:54:03.679+0000] {dag.py:3722} INFO - Setting next_dagrun for example_complex to None, run_after=None
[2023-11-02T23:54:03.705+0000] {processor.py:179} INFO - Processing /home/airflow/.local/lib/python3.8/site-packages/airflow/example_dags/example_complex.py took 0.093 seconds
[2023-11-02T23:54:33.996+0000] {processor.py:157} INFO - Started process (PID=662) to work on /home/airflow/.local/lib/python3.8/site-packages/airflow/example_dags/example_complex.py
[2023-11-02T23:54:33.997+0000] {processor.py:829} INFO - Processing file /home/airflow/.local/lib/python3.8/site-packages/airflow/example_dags/example_complex.py for tasks to queue
[2023-11-02T23:54:33.999+0000] {logging_mixin.py:151} INFO - [2023-11-02T23:54:33.999+0000] {dagbag.py:536} INFO - Filling up the DagBag from /home/airflow/.local/lib/python3.8/site-packages/airflow/example_dags/example_complex.py
[2023-11-02T23:54:34.009+0000] {processor.py:839} INFO - DAG(s) dict_keys(['example_complex']) retrieved from /home/airflow/.local/lib/python3.8/site-packages/airflow/example_dags/example_complex.py
[2023-11-02T23:54:34.044+0000] {logging_mixin.py:151} INFO - [2023-11-02T23:54:34.044+0000] {dag.py:2941} INFO - Sync 1 DAGs
[2023-11-02T23:54:34.059+0000] {logging_mixin.py:151} INFO - [2023-11-02T23:54:34.059+0000] {dag.py:3722} INFO - Setting next_dagrun for example_complex to None, run_after=None
[2023-11-02T23:54:34.087+0000] {processor.py:179} INFO - Processing /home/airflow/.local/lib/python3.8/site-packages/airflow/example_dags/example_complex.py took 0.095 seconds
[2023-11-02T23:55:05.214+0000] {processor.py:157} INFO - Started process (PID=716) to work on /home/airflow/.local/lib/python3.8/site-packages/airflow/example_dags/example_complex.py
[2023-11-02T23:55:05.215+0000] {processor.py:829} INFO - Processing file /home/airflow/.local/lib/python3.8/site-packages/airflow/example_dags/example_complex.py for tasks to queue
[2023-11-02T23:55:05.218+0000] {logging_mixin.py:151} INFO - [2023-11-02T23:55:05.217+0000] {dagbag.py:536} INFO - Filling up the DagBag from /home/airflow/.local/lib/python3.8/site-packages/airflow/example_dags/example_complex.py
[2023-11-02T23:55:05.228+0000] {processor.py:839} INFO - DAG(s) dict_keys(['example_complex']) retrieved from /home/airflow/.local/lib/python3.8/site-packages/airflow/example_dags/example_complex.py
[2023-11-02T23:55:05.264+0000] {logging_mixin.py:151} INFO - [2023-11-02T23:55:05.264+0000] {dag.py:2941} INFO - Sync 1 DAGs
[2023-11-02T23:55:05.279+0000] {logging_mixin.py:151} INFO - [2023-11-02T23:55:05.279+0000] {dag.py:3722} INFO - Setting next_dagrun for example_complex to None, run_after=None
[2023-11-02T23:55:05.308+0000] {processor.py:179} INFO - Processing /home/airflow/.local/lib/python3.8/site-packages/airflow/example_dags/example_complex.py took 0.097 seconds
[2023-11-02T23:55:36.296+0000] {processor.py:157} INFO - Started process (PID=770) to work on /home/airflow/.local/lib/python3.8/site-packages/airflow/example_dags/example_complex.py
[2023-11-02T23:55:36.297+0000] {processor.py:829} INFO - Processing file /home/airflow/.local/lib/python3.8/site-packages/airflow/example_dags/example_complex.py for tasks to queue
[2023-11-02T23:55:36.299+0000] {logging_mixin.py:151} INFO - [2023-11-02T23:55:36.299+0000] {dagbag.py:536} INFO - Filling up the DagBag from /home/airflow/.local/lib/python3.8/site-packages/airflow/example_dags/example_complex.py
[2023-11-02T23:55:36.309+0000] {processor.py:839} INFO - DAG(s) dict_keys(['example_complex']) retrieved from /home/airflow/.local/lib/python3.8/site-packages/airflow/example_dags/example_complex.py
[2023-11-02T23:55:36.347+0000] {logging_mixin.py:151} INFO - [2023-11-02T23:55:36.346+0000] {dag.py:2941} INFO - Sync 1 DAGs
[2023-11-02T23:55:36.361+0000] {logging_mixin.py:151} INFO - [2023-11-02T23:55:36.361+0000] {dag.py:3722} INFO - Setting next_dagrun for example_complex to None, run_after=None
[2023-11-02T23:55:36.391+0000] {processor.py:179} INFO - Processing /home/airflow/.local/lib/python3.8/site-packages/airflow/example_dags/example_complex.py took 0.098 seconds
[2023-11-02T23:56:06.526+0000] {processor.py:157} INFO - Started process (PID=824) to work on /home/airflow/.local/lib/python3.8/site-packages/airflow/example_dags/example_complex.py
[2023-11-02T23:56:06.528+0000] {processor.py:829} INFO - Processing file /home/airflow/.local/lib/python3.8/site-packages/airflow/example_dags/example_complex.py for tasks to queue
[2023-11-02T23:56:06.530+0000] {logging_mixin.py:151} INFO - [2023-11-02T23:56:06.530+0000] {dagbag.py:536} INFO - Filling up the DagBag from /home/airflow/.local/lib/python3.8/site-packages/airflow/example_dags/example_complex.py
[2023-11-02T23:56:06.541+0000] {processor.py:839} INFO - DAG(s) dict_keys(['example_complex']) retrieved from /home/airflow/.local/lib/python3.8/site-packages/airflow/example_dags/example_complex.py
[2023-11-02T23:56:06.584+0000] {logging_mixin.py:151} INFO - [2023-11-02T23:56:06.584+0000] {dag.py:2941} INFO - Sync 1 DAGs
[2023-11-02T23:56:06.600+0000] {logging_mixin.py:151} INFO - [2023-11-02T23:56:06.600+0000] {dag.py:3722} INFO - Setting next_dagrun for example_complex to None, run_after=None
[2023-11-02T23:56:06.630+0000] {processor.py:179} INFO - Processing /home/airflow/.local/lib/python3.8/site-packages/airflow/example_dags/example_complex.py took 0.108 seconds
[2023-11-02T23:56:37.320+0000] {processor.py:157} INFO - Started process (PID=878) to work on /home/airflow/.local/lib/python3.8/site-packages/airflow/example_dags/example_complex.py
[2023-11-02T23:56:37.321+0000] {processor.py:829} INFO - Processing file /home/airflow/.local/lib/python3.8/site-packages/airflow/example_dags/example_complex.py for tasks to queue
[2023-11-02T23:56:37.323+0000] {logging_mixin.py:151} INFO - [2023-11-02T23:56:37.323+0000] {dagbag.py:536} INFO - Filling up the DagBag from /home/airflow/.local/lib/python3.8/site-packages/airflow/example_dags/example_complex.py
[2023-11-02T23:56:37.335+0000] {processor.py:839} INFO - DAG(s) dict_keys(['example_complex']) retrieved from /home/airflow/.local/lib/python3.8/site-packages/airflow/example_dags/example_complex.py
[2023-11-02T23:56:37.372+0000] {logging_mixin.py:151} INFO - [2023-11-02T23:56:37.372+0000] {dag.py:2941} INFO - Sync 1 DAGs
[2023-11-02T23:56:37.388+0000] {logging_mixin.py:151} INFO - [2023-11-02T23:56:37.388+0000] {dag.py:3722} INFO - Setting next_dagrun for example_complex to None, run_after=None
[2023-11-02T23:56:37.419+0000] {processor.py:179} INFO - Processing /home/airflow/.local/lib/python3.8/site-packages/airflow/example_dags/example_complex.py took 0.103 seconds
[2023-11-02T23:57:07.863+0000] {processor.py:157} INFO - Started process (PID=932) to work on /home/airflow/.local/lib/python3.8/site-packages/airflow/example_dags/example_complex.py
[2023-11-02T23:57:07.863+0000] {processor.py:829} INFO - Processing file /home/airflow/.local/lib/python3.8/site-packages/airflow/example_dags/example_complex.py for tasks to queue
[2023-11-02T23:57:07.866+0000] {logging_mixin.py:151} INFO - [2023-11-02T23:57:07.865+0000] {dagbag.py:536} INFO - Filling up the DagBag from /home/airflow/.local/lib/python3.8/site-packages/airflow/example_dags/example_complex.py
[2023-11-02T23:57:07.878+0000] {processor.py:839} INFO - DAG(s) dict_keys(['example_complex']) retrieved from /home/airflow/.local/lib/python3.8/site-packages/airflow/example_dags/example_complex.py
[2023-11-02T23:57:07.920+0000] {logging_mixin.py:151} INFO - [2023-11-02T23:57:07.920+0000] {dag.py:2941} INFO - Sync 1 DAGs
[2023-11-02T23:57:07.937+0000] {logging_mixin.py:151} INFO - [2023-11-02T23:57:07.937+0000] {dag.py:3722} INFO - Setting next_dagrun for example_complex to None, run_after=None
[2023-11-02T23:57:07.970+0000] {processor.py:179} INFO - Processing /home/airflow/.local/lib/python3.8/site-packages/airflow/example_dags/example_complex.py took 0.111 seconds
[2023-11-02T23:57:38.323+0000] {processor.py:157} INFO - Started process (PID=986) to work on /home/airflow/.local/lib/python3.8/site-packages/airflow/example_dags/example_complex.py
[2023-11-02T23:57:38.325+0000] {processor.py:829} INFO - Processing file /home/airflow/.local/lib/python3.8/site-packages/airflow/example_dags/example_complex.py for tasks to queue
[2023-11-02T23:57:38.327+0000] {logging_mixin.py:151} INFO - [2023-11-02T23:57:38.327+0000] {dagbag.py:536} INFO - Filling up the DagBag from /home/airflow/.local/lib/python3.8/site-packages/airflow/example_dags/example_complex.py
[2023-11-02T23:57:38.341+0000] {processor.py:839} INFO - DAG(s) dict_keys(['example_complex']) retrieved from /home/airflow/.local/lib/python3.8/site-packages/airflow/example_dags/example_complex.py
[2023-11-02T23:57:38.383+0000] {logging_mixin.py:151} INFO - [2023-11-02T23:57:38.383+0000] {dag.py:2941} INFO - Sync 1 DAGs
[2023-11-02T23:57:38.400+0000] {logging_mixin.py:151} INFO - [2023-11-02T23:57:38.400+0000] {dag.py:3722} INFO - Setting next_dagrun for example_complex to None, run_after=None
[2023-11-02T23:57:38.425+0000] {processor.py:179} INFO - Processing /home/airflow/.local/lib/python3.8/site-packages/airflow/example_dags/example_complex.py took 0.105 seconds
[2023-11-02T23:58:08.710+0000] {processor.py:157} INFO - Started process (PID=1040) to work on /home/airflow/.local/lib/python3.8/site-packages/airflow/example_dags/example_complex.py
[2023-11-02T23:58:08.711+0000] {processor.py:829} INFO - Processing file /home/airflow/.local/lib/python3.8/site-packages/airflow/example_dags/example_complex.py for tasks to queue
[2023-11-02T23:58:08.714+0000] {logging_mixin.py:151} INFO - [2023-11-02T23:58:08.714+0000] {dagbag.py:536} INFO - Filling up the DagBag from /home/airflow/.local/lib/python3.8/site-packages/airflow/example_dags/example_complex.py
[2023-11-02T23:58:08.725+0000] {processor.py:839} INFO - DAG(s) dict_keys(['example_complex']) retrieved from /home/airflow/.local/lib/python3.8/site-packages/airflow/example_dags/example_complex.py
[2023-11-02T23:58:08.764+0000] {logging_mixin.py:151} INFO - [2023-11-02T23:58:08.764+0000] {dag.py:2941} INFO - Sync 1 DAGs
[2023-11-02T23:58:08.781+0000] {logging_mixin.py:151} INFO - [2023-11-02T23:58:08.781+0000] {dag.py:3722} INFO - Setting next_dagrun for example_complex to None, run_after=None
[2023-11-02T23:58:08.811+0000] {processor.py:179} INFO - Processing /home/airflow/.local/lib/python3.8/site-packages/airflow/example_dags/example_complex.py took 0.104 seconds
[2023-11-02T23:58:39.263+0000] {processor.py:157} INFO - Started process (PID=1094) to work on /home/airflow/.local/lib/python3.8/site-packages/airflow/example_dags/example_complex.py
[2023-11-02T23:58:39.265+0000] {processor.py:829} INFO - Processing file /home/airflow/.local/lib/python3.8/site-packages/airflow/example_dags/example_complex.py for tasks to queue
[2023-11-02T23:58:39.267+0000] {logging_mixin.py:151} INFO - [2023-11-02T23:58:39.267+0000] {dagbag.py:536} INFO - Filling up the DagBag from /home/airflow/.local/lib/python3.8/site-packages/airflow/example_dags/example_complex.py
[2023-11-02T23:58:39.279+0000] {processor.py:839} INFO - DAG(s) dict_keys(['example_complex']) retrieved from /home/airflow/.local/lib/python3.8/site-packages/airflow/example_dags/example_complex.py
[2023-11-02T23:58:39.318+0000] {logging_mixin.py:151} INFO - [2023-11-02T23:58:39.318+0000] {dag.py:2941} INFO - Sync 1 DAGs
[2023-11-02T23:58:39.335+0000] {logging_mixin.py:151} INFO - [2023-11-02T23:58:39.335+0000] {dag.py:3722} INFO - Setting next_dagrun for example_complex to None, run_after=None
[2023-11-02T23:58:39.364+0000] {processor.py:179} INFO - Processing /home/airflow/.local/lib/python3.8/site-packages/airflow/example_dags/example_complex.py took 0.105 seconds
[2023-11-02T23:59:09.781+0000] {processor.py:157} INFO - Started process (PID=1148) to work on /home/airflow/.local/lib/python3.8/site-packages/airflow/example_dags/example_complex.py
[2023-11-02T23:59:09.781+0000] {processor.py:829} INFO - Processing file /home/airflow/.local/lib/python3.8/site-packages/airflow/example_dags/example_complex.py for tasks to queue
[2023-11-02T23:59:09.784+0000] {logging_mixin.py:151} INFO - [2023-11-02T23:59:09.783+0000] {dagbag.py:536} INFO - Filling up the DagBag from /home/airflow/.local/lib/python3.8/site-packages/airflow/example_dags/example_complex.py
[2023-11-02T23:59:09.795+0000] {processor.py:839} INFO - DAG(s) dict_keys(['example_complex']) retrieved from /home/airflow/.local/lib/python3.8/site-packages/airflow/example_dags/example_complex.py
[2023-11-02T23:59:09.837+0000] {logging_mixin.py:151} INFO - [2023-11-02T23:59:09.837+0000] {dag.py:2941} INFO - Sync 1 DAGs
[2023-11-02T23:59:09.858+0000] {logging_mixin.py:151} INFO - [2023-11-02T23:59:09.858+0000] {dag.py:3722} INFO - Setting next_dagrun for example_complex to None, run_after=None
[2023-11-02T23:59:09.894+0000] {processor.py:179} INFO - Processing /home/airflow/.local/lib/python3.8/site-packages/airflow/example_dags/example_complex.py took 0.117 seconds
[2023-11-02T23:59:40.233+0000] {processor.py:157} INFO - Started process (PID=1202) to work on /home/airflow/.local/lib/python3.8/site-packages/airflow/example_dags/example_complex.py
[2023-11-02T23:59:40.235+0000] {processor.py:829} INFO - Processing file /home/airflow/.local/lib/python3.8/site-packages/airflow/example_dags/example_complex.py for tasks to queue
[2023-11-02T23:59:40.238+0000] {logging_mixin.py:151} INFO - [2023-11-02T23:59:40.238+0000] {dagbag.py:536} INFO - Filling up the DagBag from /home/airflow/.local/lib/python3.8/site-packages/airflow/example_dags/example_complex.py
[2023-11-02T23:59:40.250+0000] {processor.py:839} INFO - DAG(s) dict_keys(['example_complex']) retrieved from /home/airflow/.local/lib/python3.8/site-packages/airflow/example_dags/example_complex.py
[2023-11-02T23:59:40.289+0000] {logging_mixin.py:151} INFO - [2023-11-02T23:59:40.288+0000] {dag.py:2941} INFO - Sync 1 DAGs
[2023-11-02T23:59:40.305+0000] {logging_mixin.py:151} INFO - [2023-11-02T23:59:40.304+0000] {dag.py:3722} INFO - Setting next_dagrun for example_complex to None, run_after=None
[2023-11-02T23:59:40.334+0000] {processor.py:179} INFO - Processing /home/airflow/.local/lib/python3.8/site-packages/airflow/example_dags/example_complex.py took 0.106 seconds
