[2023-11-02T23:26:25.497+0000] {processor.py:157} INFO - Started process (PID=42) to work on /home/airflow/.local/lib/python3.8/site-packages/airflow/example_dags/example_time_delta_sensor_async.py
[2023-11-02T23:26:25.498+0000] {processor.py:829} INFO - Processing file /home/airflow/.local/lib/python3.8/site-packages/airflow/example_dags/example_time_delta_sensor_async.py for tasks to queue
[2023-11-02T23:26:25.501+0000] {logging_mixin.py:151} INFO - [2023-11-02T23:26:25.501+0000] {dagbag.py:536} INFO - Filling up the DagBag from /home/airflow/.local/lib/python3.8/site-packages/airflow/example_dags/example_time_delta_sensor_async.py
[2023-11-02T23:26:25.511+0000] {processor.py:839} INFO - DAG(s) dict_keys(['example_time_delta_sensor_async']) retrieved from /home/airflow/.local/lib/python3.8/site-packages/airflow/example_dags/example_time_delta_sensor_async.py
[2023-11-02T23:26:25.533+0000] {logging_mixin.py:151} INFO - [2023-11-02T23:26:25.533+0000] {dag.py:2941} INFO - Sync 1 DAGs
[2023-11-02T23:26:25.558+0000] {logging_mixin.py:151} INFO - [2023-11-02T23:26:25.558+0000] {dag.py:3722} INFO - Setting next_dagrun for example_time_delta_sensor_async to None, run_after=None
[2023-11-02T23:26:25.608+0000] {processor.py:179} INFO - Processing /home/airflow/.local/lib/python3.8/site-packages/airflow/example_dags/example_time_delta_sensor_async.py took 0.115 seconds
[2023-11-02T23:26:55.887+0000] {processor.py:157} INFO - Started process (PID=95) to work on /home/airflow/.local/lib/python3.8/site-packages/airflow/example_dags/example_time_delta_sensor_async.py
[2023-11-02T23:26:55.888+0000] {processor.py:829} INFO - Processing file /home/airflow/.local/lib/python3.8/site-packages/airflow/example_dags/example_time_delta_sensor_async.py for tasks to queue
[2023-11-02T23:26:55.891+0000] {logging_mixin.py:151} INFO - [2023-11-02T23:26:55.890+0000] {dagbag.py:536} INFO - Filling up the DagBag from /home/airflow/.local/lib/python3.8/site-packages/airflow/example_dags/example_time_delta_sensor_async.py
[2023-11-02T23:26:55.898+0000] {processor.py:839} INFO - DAG(s) dict_keys(['example_time_delta_sensor_async']) retrieved from /home/airflow/.local/lib/python3.8/site-packages/airflow/example_dags/example_time_delta_sensor_async.py
[2023-11-02T23:26:55.924+0000] {logging_mixin.py:151} INFO - [2023-11-02T23:26:55.923+0000] {dag.py:2941} INFO - Sync 1 DAGs
[2023-11-02T23:26:55.938+0000] {logging_mixin.py:151} INFO - [2023-11-02T23:26:55.938+0000] {dag.py:3722} INFO - Setting next_dagrun for example_time_delta_sensor_async to None, run_after=None
[2023-11-02T23:26:55.965+0000] {processor.py:179} INFO - Processing /home/airflow/.local/lib/python3.8/site-packages/airflow/example_dags/example_time_delta_sensor_async.py took 0.082 seconds
[2023-11-02T23:27:26.423+0000] {processor.py:157} INFO - Started process (PID=149) to work on /home/airflow/.local/lib/python3.8/site-packages/airflow/example_dags/example_time_delta_sensor_async.py
[2023-11-02T23:27:26.424+0000] {processor.py:829} INFO - Processing file /home/airflow/.local/lib/python3.8/site-packages/airflow/example_dags/example_time_delta_sensor_async.py for tasks to queue
[2023-11-02T23:27:26.426+0000] {logging_mixin.py:151} INFO - [2023-11-02T23:27:26.426+0000] {dagbag.py:536} INFO - Filling up the DagBag from /home/airflow/.local/lib/python3.8/site-packages/airflow/example_dags/example_time_delta_sensor_async.py
[2023-11-02T23:27:26.431+0000] {processor.py:839} INFO - DAG(s) dict_keys(['example_time_delta_sensor_async']) retrieved from /home/airflow/.local/lib/python3.8/site-packages/airflow/example_dags/example_time_delta_sensor_async.py
[2023-11-02T23:27:26.461+0000] {logging_mixin.py:151} INFO - [2023-11-02T23:27:26.461+0000] {dag.py:2941} INFO - Sync 1 DAGs
[2023-11-02T23:27:26.475+0000] {logging_mixin.py:151} INFO - [2023-11-02T23:27:26.475+0000] {dag.py:3722} INFO - Setting next_dagrun for example_time_delta_sensor_async to None, run_after=None
[2023-11-02T23:27:26.503+0000] {processor.py:179} INFO - Processing /home/airflow/.local/lib/python3.8/site-packages/airflow/example_dags/example_time_delta_sensor_async.py took 0.083 seconds
[2023-11-02T23:27:56.624+0000] {processor.py:157} INFO - Started process (PID=203) to work on /home/airflow/.local/lib/python3.8/site-packages/airflow/example_dags/example_time_delta_sensor_async.py
[2023-11-02T23:27:56.626+0000] {processor.py:829} INFO - Processing file /home/airflow/.local/lib/python3.8/site-packages/airflow/example_dags/example_time_delta_sensor_async.py for tasks to queue
[2023-11-02T23:27:56.628+0000] {logging_mixin.py:151} INFO - [2023-11-02T23:27:56.627+0000] {dagbag.py:536} INFO - Filling up the DagBag from /home/airflow/.local/lib/python3.8/site-packages/airflow/example_dags/example_time_delta_sensor_async.py
[2023-11-02T23:27:56.633+0000] {processor.py:839} INFO - DAG(s) dict_keys(['example_time_delta_sensor_async']) retrieved from /home/airflow/.local/lib/python3.8/site-packages/airflow/example_dags/example_time_delta_sensor_async.py
[2023-11-02T23:27:56.660+0000] {logging_mixin.py:151} INFO - [2023-11-02T23:27:56.660+0000] {dag.py:2941} INFO - Sync 1 DAGs
[2023-11-02T23:27:56.675+0000] {logging_mixin.py:151} INFO - [2023-11-02T23:27:56.675+0000] {dag.py:3722} INFO - Setting next_dagrun for example_time_delta_sensor_async to None, run_after=None
[2023-11-02T23:27:56.715+0000] {processor.py:179} INFO - Processing /home/airflow/.local/lib/python3.8/site-packages/airflow/example_dags/example_time_delta_sensor_async.py took 0.094 seconds
[2023-11-02T23:28:26.824+0000] {processor.py:157} INFO - Started process (PID=256) to work on /home/airflow/.local/lib/python3.8/site-packages/airflow/example_dags/example_time_delta_sensor_async.py
[2023-11-02T23:28:26.826+0000] {processor.py:829} INFO - Processing file /home/airflow/.local/lib/python3.8/site-packages/airflow/example_dags/example_time_delta_sensor_async.py for tasks to queue
[2023-11-02T23:28:26.828+0000] {logging_mixin.py:151} INFO - [2023-11-02T23:28:26.827+0000] {dagbag.py:536} INFO - Filling up the DagBag from /home/airflow/.local/lib/python3.8/site-packages/airflow/example_dags/example_time_delta_sensor_async.py
[2023-11-02T23:28:26.833+0000] {processor.py:839} INFO - DAG(s) dict_keys(['example_time_delta_sensor_async']) retrieved from /home/airflow/.local/lib/python3.8/site-packages/airflow/example_dags/example_time_delta_sensor_async.py
[2023-11-02T23:28:26.858+0000] {logging_mixin.py:151} INFO - [2023-11-02T23:28:26.858+0000] {dag.py:2941} INFO - Sync 1 DAGs
[2023-11-02T23:28:26.872+0000] {logging_mixin.py:151} INFO - [2023-11-02T23:28:26.872+0000] {dag.py:3722} INFO - Setting next_dagrun for example_time_delta_sensor_async to None, run_after=None
[2023-11-02T23:28:26.903+0000] {processor.py:179} INFO - Processing /home/airflow/.local/lib/python3.8/site-packages/airflow/example_dags/example_time_delta_sensor_async.py took 0.082 seconds
[2023-11-02T23:28:57.055+0000] {processor.py:157} INFO - Started process (PID=310) to work on /home/airflow/.local/lib/python3.8/site-packages/airflow/example_dags/example_time_delta_sensor_async.py
[2023-11-02T23:28:57.056+0000] {processor.py:829} INFO - Processing file /home/airflow/.local/lib/python3.8/site-packages/airflow/example_dags/example_time_delta_sensor_async.py for tasks to queue
[2023-11-02T23:28:57.058+0000] {logging_mixin.py:151} INFO - [2023-11-02T23:28:57.058+0000] {dagbag.py:536} INFO - Filling up the DagBag from /home/airflow/.local/lib/python3.8/site-packages/airflow/example_dags/example_time_delta_sensor_async.py
[2023-11-02T23:28:57.063+0000] {processor.py:839} INFO - DAG(s) dict_keys(['example_time_delta_sensor_async']) retrieved from /home/airflow/.local/lib/python3.8/site-packages/airflow/example_dags/example_time_delta_sensor_async.py
[2023-11-02T23:28:57.087+0000] {logging_mixin.py:151} INFO - [2023-11-02T23:28:57.086+0000] {dag.py:2941} INFO - Sync 1 DAGs
[2023-11-02T23:28:57.100+0000] {logging_mixin.py:151} INFO - [2023-11-02T23:28:57.100+0000] {dag.py:3722} INFO - Setting next_dagrun for example_time_delta_sensor_async to None, run_after=None
[2023-11-02T23:28:57.127+0000] {processor.py:179} INFO - Processing /home/airflow/.local/lib/python3.8/site-packages/airflow/example_dags/example_time_delta_sensor_async.py took 0.076 seconds
[2023-11-02T23:29:27.240+0000] {processor.py:157} INFO - Started process (PID=364) to work on /home/airflow/.local/lib/python3.8/site-packages/airflow/example_dags/example_time_delta_sensor_async.py
[2023-11-02T23:29:27.242+0000] {processor.py:829} INFO - Processing file /home/airflow/.local/lib/python3.8/site-packages/airflow/example_dags/example_time_delta_sensor_async.py for tasks to queue
[2023-11-02T23:29:27.244+0000] {logging_mixin.py:151} INFO - [2023-11-02T23:29:27.243+0000] {dagbag.py:536} INFO - Filling up the DagBag from /home/airflow/.local/lib/python3.8/site-packages/airflow/example_dags/example_time_delta_sensor_async.py
[2023-11-02T23:29:27.249+0000] {processor.py:839} INFO - DAG(s) dict_keys(['example_time_delta_sensor_async']) retrieved from /home/airflow/.local/lib/python3.8/site-packages/airflow/example_dags/example_time_delta_sensor_async.py
[2023-11-02T23:29:27.277+0000] {logging_mixin.py:151} INFO - [2023-11-02T23:29:27.277+0000] {dag.py:2941} INFO - Sync 1 DAGs
[2023-11-02T23:29:27.292+0000] {logging_mixin.py:151} INFO - [2023-11-02T23:29:27.292+0000] {dag.py:3722} INFO - Setting next_dagrun for example_time_delta_sensor_async to None, run_after=None
[2023-11-02T23:29:27.316+0000] {processor.py:179} INFO - Processing /home/airflow/.local/lib/python3.8/site-packages/airflow/example_dags/example_time_delta_sensor_async.py took 0.080 seconds
[2023-11-02T23:29:57.888+0000] {processor.py:157} INFO - Started process (PID=418) to work on /home/airflow/.local/lib/python3.8/site-packages/airflow/example_dags/example_time_delta_sensor_async.py
[2023-11-02T23:29:57.888+0000] {processor.py:829} INFO - Processing file /home/airflow/.local/lib/python3.8/site-packages/airflow/example_dags/example_time_delta_sensor_async.py for tasks to queue
[2023-11-02T23:29:57.891+0000] {logging_mixin.py:151} INFO - [2023-11-02T23:29:57.891+0000] {dagbag.py:536} INFO - Filling up the DagBag from /home/airflow/.local/lib/python3.8/site-packages/airflow/example_dags/example_time_delta_sensor_async.py
[2023-11-02T23:29:57.897+0000] {processor.py:839} INFO - DAG(s) dict_keys(['example_time_delta_sensor_async']) retrieved from /home/airflow/.local/lib/python3.8/site-packages/airflow/example_dags/example_time_delta_sensor_async.py
[2023-11-02T23:29:57.934+0000] {logging_mixin.py:151} INFO - [2023-11-02T23:29:57.934+0000] {dag.py:2941} INFO - Sync 1 DAGs
[2023-11-02T23:29:57.957+0000] {logging_mixin.py:151} INFO - [2023-11-02T23:29:57.957+0000] {dag.py:3722} INFO - Setting next_dagrun for example_time_delta_sensor_async to None, run_after=None
[2023-11-02T23:29:57.994+0000] {processor.py:179} INFO - Processing /home/airflow/.local/lib/python3.8/site-packages/airflow/example_dags/example_time_delta_sensor_async.py took 0.112 seconds
[2023-11-02T23:30:28.682+0000] {processor.py:157} INFO - Started process (PID=472) to work on /home/airflow/.local/lib/python3.8/site-packages/airflow/example_dags/example_time_delta_sensor_async.py
[2023-11-02T23:30:28.683+0000] {processor.py:829} INFO - Processing file /home/airflow/.local/lib/python3.8/site-packages/airflow/example_dags/example_time_delta_sensor_async.py for tasks to queue
[2023-11-02T23:30:28.686+0000] {logging_mixin.py:151} INFO - [2023-11-02T23:30:28.686+0000] {dagbag.py:536} INFO - Filling up the DagBag from /home/airflow/.local/lib/python3.8/site-packages/airflow/example_dags/example_time_delta_sensor_async.py
[2023-11-02T23:30:28.692+0000] {processor.py:839} INFO - DAG(s) dict_keys(['example_time_delta_sensor_async']) retrieved from /home/airflow/.local/lib/python3.8/site-packages/airflow/example_dags/example_time_delta_sensor_async.py
[2023-11-02T23:30:28.723+0000] {logging_mixin.py:151} INFO - [2023-11-02T23:30:28.723+0000] {dag.py:2941} INFO - Sync 1 DAGs
[2023-11-02T23:30:28.742+0000] {logging_mixin.py:151} INFO - [2023-11-02T23:30:28.742+0000] {dag.py:3722} INFO - Setting next_dagrun for example_time_delta_sensor_async to None, run_after=None
[2023-11-02T23:30:28.771+0000] {processor.py:179} INFO - Processing /home/airflow/.local/lib/python3.8/site-packages/airflow/example_dags/example_time_delta_sensor_async.py took 0.094 seconds
[2023-11-02T23:30:59.503+0000] {processor.py:157} INFO - Started process (PID=526) to work on /home/airflow/.local/lib/python3.8/site-packages/airflow/example_dags/example_time_delta_sensor_async.py
[2023-11-02T23:30:59.504+0000] {processor.py:829} INFO - Processing file /home/airflow/.local/lib/python3.8/site-packages/airflow/example_dags/example_time_delta_sensor_async.py for tasks to queue
[2023-11-02T23:30:59.507+0000] {logging_mixin.py:151} INFO - [2023-11-02T23:30:59.507+0000] {dagbag.py:536} INFO - Filling up the DagBag from /home/airflow/.local/lib/python3.8/site-packages/airflow/example_dags/example_time_delta_sensor_async.py
[2023-11-02T23:30:59.515+0000] {processor.py:839} INFO - DAG(s) dict_keys(['example_time_delta_sensor_async']) retrieved from /home/airflow/.local/lib/python3.8/site-packages/airflow/example_dags/example_time_delta_sensor_async.py
[2023-11-02T23:30:59.571+0000] {logging_mixin.py:151} INFO - [2023-11-02T23:30:59.571+0000] {dag.py:2941} INFO - Sync 1 DAGs
[2023-11-02T23:30:59.592+0000] {logging_mixin.py:151} INFO - [2023-11-02T23:30:59.592+0000] {dag.py:3722} INFO - Setting next_dagrun for example_time_delta_sensor_async to None, run_after=None
[2023-11-02T23:30:59.638+0000] {processor.py:179} INFO - Processing /home/airflow/.local/lib/python3.8/site-packages/airflow/example_dags/example_time_delta_sensor_async.py took 0.139 seconds
[2023-11-02T23:31:30.619+0000] {processor.py:157} INFO - Started process (PID=579) to work on /home/airflow/.local/lib/python3.8/site-packages/airflow/example_dags/example_time_delta_sensor_async.py
[2023-11-02T23:31:30.621+0000] {processor.py:829} INFO - Processing file /home/airflow/.local/lib/python3.8/site-packages/airflow/example_dags/example_time_delta_sensor_async.py for tasks to queue
[2023-11-02T23:31:30.623+0000] {logging_mixin.py:151} INFO - [2023-11-02T23:31:30.623+0000] {dagbag.py:536} INFO - Filling up the DagBag from /home/airflow/.local/lib/python3.8/site-packages/airflow/example_dags/example_time_delta_sensor_async.py
[2023-11-02T23:31:30.629+0000] {processor.py:839} INFO - DAG(s) dict_keys(['example_time_delta_sensor_async']) retrieved from /home/airflow/.local/lib/python3.8/site-packages/airflow/example_dags/example_time_delta_sensor_async.py
[2023-11-02T23:31:30.654+0000] {logging_mixin.py:151} INFO - [2023-11-02T23:31:30.654+0000] {dag.py:2941} INFO - Sync 1 DAGs
[2023-11-02T23:31:30.669+0000] {logging_mixin.py:151} INFO - [2023-11-02T23:31:30.669+0000] {dag.py:3722} INFO - Setting next_dagrun for example_time_delta_sensor_async to None, run_after=None
[2023-11-02T23:31:30.707+0000] {processor.py:179} INFO - Processing /home/airflow/.local/lib/python3.8/site-packages/airflow/example_dags/example_time_delta_sensor_async.py took 0.092 seconds
[2023-11-02T23:32:01.424+0000] {processor.py:157} INFO - Started process (PID=633) to work on /home/airflow/.local/lib/python3.8/site-packages/airflow/example_dags/example_time_delta_sensor_async.py
[2023-11-02T23:32:01.425+0000] {processor.py:829} INFO - Processing file /home/airflow/.local/lib/python3.8/site-packages/airflow/example_dags/example_time_delta_sensor_async.py for tasks to queue
[2023-11-02T23:32:01.432+0000] {logging_mixin.py:151} INFO - [2023-11-02T23:32:01.432+0000] {dagbag.py:536} INFO - Filling up the DagBag from /home/airflow/.local/lib/python3.8/site-packages/airflow/example_dags/example_time_delta_sensor_async.py
[2023-11-02T23:32:01.437+0000] {processor.py:839} INFO - DAG(s) dict_keys(['example_time_delta_sensor_async']) retrieved from /home/airflow/.local/lib/python3.8/site-packages/airflow/example_dags/example_time_delta_sensor_async.py
[2023-11-02T23:32:01.466+0000] {logging_mixin.py:151} INFO - [2023-11-02T23:32:01.466+0000] {dag.py:2941} INFO - Sync 1 DAGs
[2023-11-02T23:32:01.484+0000] {logging_mixin.py:151} INFO - [2023-11-02T23:32:01.483+0000] {dag.py:3722} INFO - Setting next_dagrun for example_time_delta_sensor_async to None, run_after=None
[2023-11-02T23:32:01.510+0000] {processor.py:179} INFO - Processing /home/airflow/.local/lib/python3.8/site-packages/airflow/example_dags/example_time_delta_sensor_async.py took 0.090 seconds
[2023-11-02T23:32:32.183+0000] {processor.py:157} INFO - Started process (PID=687) to work on /home/airflow/.local/lib/python3.8/site-packages/airflow/example_dags/example_time_delta_sensor_async.py
[2023-11-02T23:32:32.185+0000] {processor.py:829} INFO - Processing file /home/airflow/.local/lib/python3.8/site-packages/airflow/example_dags/example_time_delta_sensor_async.py for tasks to queue
[2023-11-02T23:32:32.188+0000] {logging_mixin.py:151} INFO - [2023-11-02T23:32:32.187+0000] {dagbag.py:536} INFO - Filling up the DagBag from /home/airflow/.local/lib/python3.8/site-packages/airflow/example_dags/example_time_delta_sensor_async.py
[2023-11-02T23:32:32.195+0000] {processor.py:839} INFO - DAG(s) dict_keys(['example_time_delta_sensor_async']) retrieved from /home/airflow/.local/lib/python3.8/site-packages/airflow/example_dags/example_time_delta_sensor_async.py
[2023-11-02T23:32:32.223+0000] {logging_mixin.py:151} INFO - [2023-11-02T23:32:32.223+0000] {dag.py:2941} INFO - Sync 1 DAGs
[2023-11-02T23:32:32.240+0000] {logging_mixin.py:151} INFO - [2023-11-02T23:32:32.240+0000] {dag.py:3722} INFO - Setting next_dagrun for example_time_delta_sensor_async to None, run_after=None
[2023-11-02T23:32:32.271+0000] {processor.py:179} INFO - Processing /home/airflow/.local/lib/python3.8/site-packages/airflow/example_dags/example_time_delta_sensor_async.py took 0.092 seconds
[2023-11-02T23:33:02.353+0000] {processor.py:157} INFO - Started process (PID=740) to work on /home/airflow/.local/lib/python3.8/site-packages/airflow/example_dags/example_time_delta_sensor_async.py
[2023-11-02T23:33:02.355+0000] {processor.py:829} INFO - Processing file /home/airflow/.local/lib/python3.8/site-packages/airflow/example_dags/example_time_delta_sensor_async.py for tasks to queue
[2023-11-02T23:33:02.357+0000] {logging_mixin.py:151} INFO - [2023-11-02T23:33:02.356+0000] {dagbag.py:536} INFO - Filling up the DagBag from /home/airflow/.local/lib/python3.8/site-packages/airflow/example_dags/example_time_delta_sensor_async.py
[2023-11-02T23:33:02.363+0000] {processor.py:839} INFO - DAG(s) dict_keys(['example_time_delta_sensor_async']) retrieved from /home/airflow/.local/lib/python3.8/site-packages/airflow/example_dags/example_time_delta_sensor_async.py
[2023-11-02T23:33:02.390+0000] {logging_mixin.py:151} INFO - [2023-11-02T23:33:02.390+0000] {dag.py:2941} INFO - Sync 1 DAGs
[2023-11-02T23:33:02.404+0000] {logging_mixin.py:151} INFO - [2023-11-02T23:33:02.404+0000] {dag.py:3722} INFO - Setting next_dagrun for example_time_delta_sensor_async to None, run_after=None
[2023-11-02T23:33:02.433+0000] {processor.py:179} INFO - Processing /home/airflow/.local/lib/python3.8/site-packages/airflow/example_dags/example_time_delta_sensor_async.py took 0.083 seconds
[2023-11-02T23:33:32.578+0000] {processor.py:157} INFO - Started process (PID=794) to work on /home/airflow/.local/lib/python3.8/site-packages/airflow/example_dags/example_time_delta_sensor_async.py
[2023-11-02T23:33:32.579+0000] {processor.py:829} INFO - Processing file /home/airflow/.local/lib/python3.8/site-packages/airflow/example_dags/example_time_delta_sensor_async.py for tasks to queue
[2023-11-02T23:33:32.582+0000] {logging_mixin.py:151} INFO - [2023-11-02T23:33:32.581+0000] {dagbag.py:536} INFO - Filling up the DagBag from /home/airflow/.local/lib/python3.8/site-packages/airflow/example_dags/example_time_delta_sensor_async.py
[2023-11-02T23:33:32.589+0000] {processor.py:839} INFO - DAG(s) dict_keys(['example_time_delta_sensor_async']) retrieved from /home/airflow/.local/lib/python3.8/site-packages/airflow/example_dags/example_time_delta_sensor_async.py
[2023-11-02T23:33:32.616+0000] {logging_mixin.py:151} INFO - [2023-11-02T23:33:32.616+0000] {dag.py:2941} INFO - Sync 1 DAGs
[2023-11-02T23:33:32.631+0000] {logging_mixin.py:151} INFO - [2023-11-02T23:33:32.631+0000] {dag.py:3722} INFO - Setting next_dagrun for example_time_delta_sensor_async to None, run_after=None
[2023-11-02T23:33:32.655+0000] {processor.py:179} INFO - Processing /home/airflow/.local/lib/python3.8/site-packages/airflow/example_dags/example_time_delta_sensor_async.py took 0.082 seconds
[2023-11-02T23:34:03.071+0000] {processor.py:157} INFO - Started process (PID=848) to work on /home/airflow/.local/lib/python3.8/site-packages/airflow/example_dags/example_time_delta_sensor_async.py
[2023-11-02T23:34:03.072+0000] {processor.py:829} INFO - Processing file /home/airflow/.local/lib/python3.8/site-packages/airflow/example_dags/example_time_delta_sensor_async.py for tasks to queue
[2023-11-02T23:34:03.075+0000] {logging_mixin.py:151} INFO - [2023-11-02T23:34:03.075+0000] {dagbag.py:536} INFO - Filling up the DagBag from /home/airflow/.local/lib/python3.8/site-packages/airflow/example_dags/example_time_delta_sensor_async.py
[2023-11-02T23:34:03.081+0000] {processor.py:839} INFO - DAG(s) dict_keys(['example_time_delta_sensor_async']) retrieved from /home/airflow/.local/lib/python3.8/site-packages/airflow/example_dags/example_time_delta_sensor_async.py
[2023-11-02T23:34:03.108+0000] {logging_mixin.py:151} INFO - [2023-11-02T23:34:03.108+0000] {dag.py:2941} INFO - Sync 1 DAGs
[2023-11-02T23:34:03.123+0000] {logging_mixin.py:151} INFO - [2023-11-02T23:34:03.123+0000] {dag.py:3722} INFO - Setting next_dagrun for example_time_delta_sensor_async to None, run_after=None
[2023-11-02T23:34:03.150+0000] {processor.py:179} INFO - Processing /home/airflow/.local/lib/python3.8/site-packages/airflow/example_dags/example_time_delta_sensor_async.py took 0.083 seconds
[2023-11-02T23:34:33.670+0000] {processor.py:157} INFO - Started process (PID=901) to work on /home/airflow/.local/lib/python3.8/site-packages/airflow/example_dags/example_time_delta_sensor_async.py
[2023-11-02T23:34:33.671+0000] {processor.py:829} INFO - Processing file /home/airflow/.local/lib/python3.8/site-packages/airflow/example_dags/example_time_delta_sensor_async.py for tasks to queue
[2023-11-02T23:34:33.674+0000] {logging_mixin.py:151} INFO - [2023-11-02T23:34:33.673+0000] {dagbag.py:536} INFO - Filling up the DagBag from /home/airflow/.local/lib/python3.8/site-packages/airflow/example_dags/example_time_delta_sensor_async.py
[2023-11-02T23:34:33.679+0000] {processor.py:839} INFO - DAG(s) dict_keys(['example_time_delta_sensor_async']) retrieved from /home/airflow/.local/lib/python3.8/site-packages/airflow/example_dags/example_time_delta_sensor_async.py
[2023-11-02T23:34:33.705+0000] {logging_mixin.py:151} INFO - [2023-11-02T23:34:33.705+0000] {dag.py:2941} INFO - Sync 1 DAGs
[2023-11-02T23:34:33.720+0000] {logging_mixin.py:151} INFO - [2023-11-02T23:34:33.719+0000] {dag.py:3722} INFO - Setting next_dagrun for example_time_delta_sensor_async to None, run_after=None
[2023-11-02T23:34:33.748+0000] {processor.py:179} INFO - Processing /home/airflow/.local/lib/python3.8/site-packages/airflow/example_dags/example_time_delta_sensor_async.py took 0.080 seconds
[2023-11-02T23:35:04.390+0000] {processor.py:157} INFO - Started process (PID=954) to work on /home/airflow/.local/lib/python3.8/site-packages/airflow/example_dags/example_time_delta_sensor_async.py
[2023-11-02T23:35:04.392+0000] {processor.py:829} INFO - Processing file /home/airflow/.local/lib/python3.8/site-packages/airflow/example_dags/example_time_delta_sensor_async.py for tasks to queue
[2023-11-02T23:35:04.394+0000] {logging_mixin.py:151} INFO - [2023-11-02T23:35:04.394+0000] {dagbag.py:536} INFO - Filling up the DagBag from /home/airflow/.local/lib/python3.8/site-packages/airflow/example_dags/example_time_delta_sensor_async.py
[2023-11-02T23:35:04.400+0000] {processor.py:839} INFO - DAG(s) dict_keys(['example_time_delta_sensor_async']) retrieved from /home/airflow/.local/lib/python3.8/site-packages/airflow/example_dags/example_time_delta_sensor_async.py
[2023-11-02T23:35:04.433+0000] {logging_mixin.py:151} INFO - [2023-11-02T23:35:04.432+0000] {dag.py:2941} INFO - Sync 1 DAGs
[2023-11-02T23:35:04.452+0000] {logging_mixin.py:151} INFO - [2023-11-02T23:35:04.452+0000] {dag.py:3722} INFO - Setting next_dagrun for example_time_delta_sensor_async to None, run_after=None
[2023-11-02T23:35:04.484+0000] {processor.py:179} INFO - Processing /home/airflow/.local/lib/python3.8/site-packages/airflow/example_dags/example_time_delta_sensor_async.py took 0.097 seconds
[2023-11-02T23:35:35.010+0000] {processor.py:157} INFO - Started process (PID=1008) to work on /home/airflow/.local/lib/python3.8/site-packages/airflow/example_dags/example_time_delta_sensor_async.py
[2023-11-02T23:35:35.011+0000] {processor.py:829} INFO - Processing file /home/airflow/.local/lib/python3.8/site-packages/airflow/example_dags/example_time_delta_sensor_async.py for tasks to queue
[2023-11-02T23:35:35.013+0000] {logging_mixin.py:151} INFO - [2023-11-02T23:35:35.013+0000] {dagbag.py:536} INFO - Filling up the DagBag from /home/airflow/.local/lib/python3.8/site-packages/airflow/example_dags/example_time_delta_sensor_async.py
[2023-11-02T23:35:35.019+0000] {processor.py:839} INFO - DAG(s) dict_keys(['example_time_delta_sensor_async']) retrieved from /home/airflow/.local/lib/python3.8/site-packages/airflow/example_dags/example_time_delta_sensor_async.py
[2023-11-02T23:35:35.042+0000] {logging_mixin.py:151} INFO - [2023-11-02T23:35:35.041+0000] {dag.py:2941} INFO - Sync 1 DAGs
[2023-11-02T23:35:35.056+0000] {logging_mixin.py:151} INFO - [2023-11-02T23:35:35.055+0000] {dag.py:3722} INFO - Setting next_dagrun for example_time_delta_sensor_async to None, run_after=None
[2023-11-02T23:35:35.078+0000] {processor.py:179} INFO - Processing /home/airflow/.local/lib/python3.8/site-packages/airflow/example_dags/example_time_delta_sensor_async.py took 0.072 seconds
[2023-11-02T23:36:05.689+0000] {processor.py:157} INFO - Started process (PID=1062) to work on /home/airflow/.local/lib/python3.8/site-packages/airflow/example_dags/example_time_delta_sensor_async.py
[2023-11-02T23:36:05.690+0000] {processor.py:829} INFO - Processing file /home/airflow/.local/lib/python3.8/site-packages/airflow/example_dags/example_time_delta_sensor_async.py for tasks to queue
[2023-11-02T23:36:05.692+0000] {logging_mixin.py:151} INFO - [2023-11-02T23:36:05.692+0000] {dagbag.py:536} INFO - Filling up the DagBag from /home/airflow/.local/lib/python3.8/site-packages/airflow/example_dags/example_time_delta_sensor_async.py
[2023-11-02T23:36:05.697+0000] {processor.py:839} INFO - DAG(s) dict_keys(['example_time_delta_sensor_async']) retrieved from /home/airflow/.local/lib/python3.8/site-packages/airflow/example_dags/example_time_delta_sensor_async.py
[2023-11-02T23:36:05.724+0000] {logging_mixin.py:151} INFO - [2023-11-02T23:36:05.724+0000] {dag.py:2941} INFO - Sync 1 DAGs
[2023-11-02T23:36:05.740+0000] {logging_mixin.py:151} INFO - [2023-11-02T23:36:05.740+0000] {dag.py:3722} INFO - Setting next_dagrun for example_time_delta_sensor_async to None, run_after=None
[2023-11-02T23:36:05.768+0000] {processor.py:179} INFO - Processing /home/airflow/.local/lib/python3.8/site-packages/airflow/example_dags/example_time_delta_sensor_async.py took 0.083 seconds
[2023-11-02T23:36:35.852+0000] {processor.py:157} INFO - Started process (PID=1116) to work on /home/airflow/.local/lib/python3.8/site-packages/airflow/example_dags/example_time_delta_sensor_async.py
[2023-11-02T23:36:35.854+0000] {processor.py:829} INFO - Processing file /home/airflow/.local/lib/python3.8/site-packages/airflow/example_dags/example_time_delta_sensor_async.py for tasks to queue
[2023-11-02T23:36:35.856+0000] {logging_mixin.py:151} INFO - [2023-11-02T23:36:35.855+0000] {dagbag.py:536} INFO - Filling up the DagBag from /home/airflow/.local/lib/python3.8/site-packages/airflow/example_dags/example_time_delta_sensor_async.py
[2023-11-02T23:36:35.861+0000] {processor.py:839} INFO - DAG(s) dict_keys(['example_time_delta_sensor_async']) retrieved from /home/airflow/.local/lib/python3.8/site-packages/airflow/example_dags/example_time_delta_sensor_async.py
[2023-11-02T23:36:35.889+0000] {logging_mixin.py:151} INFO - [2023-11-02T23:36:35.888+0000] {dag.py:2941} INFO - Sync 1 DAGs
[2023-11-02T23:36:35.904+0000] {logging_mixin.py:151} INFO - [2023-11-02T23:36:35.904+0000] {dag.py:3722} INFO - Setting next_dagrun for example_time_delta_sensor_async to None, run_after=None
[2023-11-02T23:36:35.937+0000] {processor.py:179} INFO - Processing /home/airflow/.local/lib/python3.8/site-packages/airflow/example_dags/example_time_delta_sensor_async.py took 0.088 seconds
[2023-11-02T23:37:07.388+0000] {processor.py:157} INFO - Started process (PID=1171) to work on /home/airflow/.local/lib/python3.8/site-packages/airflow/example_dags/example_time_delta_sensor_async.py
[2023-11-02T23:37:07.390+0000] {processor.py:829} INFO - Processing file /home/airflow/.local/lib/python3.8/site-packages/airflow/example_dags/example_time_delta_sensor_async.py for tasks to queue
[2023-11-02T23:37:07.392+0000] {logging_mixin.py:151} INFO - [2023-11-02T23:37:07.392+0000] {dagbag.py:536} INFO - Filling up the DagBag from /home/airflow/.local/lib/python3.8/site-packages/airflow/example_dags/example_time_delta_sensor_async.py
[2023-11-02T23:37:07.397+0000] {processor.py:839} INFO - DAG(s) dict_keys(['example_time_delta_sensor_async']) retrieved from /home/airflow/.local/lib/python3.8/site-packages/airflow/example_dags/example_time_delta_sensor_async.py
[2023-11-02T23:37:07.423+0000] {logging_mixin.py:151} INFO - [2023-11-02T23:37:07.423+0000] {dag.py:2941} INFO - Sync 1 DAGs
[2023-11-02T23:37:07.437+0000] {logging_mixin.py:151} INFO - [2023-11-02T23:37:07.437+0000] {dag.py:3722} INFO - Setting next_dagrun for example_time_delta_sensor_async to None, run_after=None
[2023-11-02T23:37:07.634+0000] {processor.py:179} INFO - Processing /home/airflow/.local/lib/python3.8/site-packages/airflow/example_dags/example_time_delta_sensor_async.py took 0.249 seconds
[2023-11-02T23:37:38.337+0000] {processor.py:157} INFO - Started process (PID=1225) to work on /home/airflow/.local/lib/python3.8/site-packages/airflow/example_dags/example_time_delta_sensor_async.py
[2023-11-02T23:37:38.338+0000] {processor.py:829} INFO - Processing file /home/airflow/.local/lib/python3.8/site-packages/airflow/example_dags/example_time_delta_sensor_async.py for tasks to queue
[2023-11-02T23:37:38.341+0000] {logging_mixin.py:151} INFO - [2023-11-02T23:37:38.340+0000] {dagbag.py:536} INFO - Filling up the DagBag from /home/airflow/.local/lib/python3.8/site-packages/airflow/example_dags/example_time_delta_sensor_async.py
[2023-11-02T23:37:38.346+0000] {processor.py:839} INFO - DAG(s) dict_keys(['example_time_delta_sensor_async']) retrieved from /home/airflow/.local/lib/python3.8/site-packages/airflow/example_dags/example_time_delta_sensor_async.py
[2023-11-02T23:37:38.374+0000] {logging_mixin.py:151} INFO - [2023-11-02T23:37:38.373+0000] {dag.py:2941} INFO - Sync 1 DAGs
[2023-11-02T23:37:38.388+0000] {logging_mixin.py:151} INFO - [2023-11-02T23:37:38.388+0000] {dag.py:3722} INFO - Setting next_dagrun for example_time_delta_sensor_async to None, run_after=None
[2023-11-02T23:37:38.415+0000] {processor.py:179} INFO - Processing /home/airflow/.local/lib/python3.8/site-packages/airflow/example_dags/example_time_delta_sensor_async.py took 0.082 seconds
[2023-11-02T23:38:08.639+0000] {processor.py:157} INFO - Started process (PID=1280) to work on /home/airflow/.local/lib/python3.8/site-packages/airflow/example_dags/example_time_delta_sensor_async.py
[2023-11-02T23:38:08.640+0000] {processor.py:829} INFO - Processing file /home/airflow/.local/lib/python3.8/site-packages/airflow/example_dags/example_time_delta_sensor_async.py for tasks to queue
[2023-11-02T23:38:08.643+0000] {logging_mixin.py:151} INFO - [2023-11-02T23:38:08.642+0000] {dagbag.py:536} INFO - Filling up the DagBag from /home/airflow/.local/lib/python3.8/site-packages/airflow/example_dags/example_time_delta_sensor_async.py
[2023-11-02T23:38:08.648+0000] {processor.py:839} INFO - DAG(s) dict_keys(['example_time_delta_sensor_async']) retrieved from /home/airflow/.local/lib/python3.8/site-packages/airflow/example_dags/example_time_delta_sensor_async.py
[2023-11-02T23:38:08.679+0000] {logging_mixin.py:151} INFO - [2023-11-02T23:38:08.679+0000] {dag.py:2941} INFO - Sync 1 DAGs
[2023-11-02T23:38:08.697+0000] {logging_mixin.py:151} INFO - [2023-11-02T23:38:08.697+0000] {dag.py:3722} INFO - Setting next_dagrun for example_time_delta_sensor_async to None, run_after=None
[2023-11-02T23:38:08.730+0000] {processor.py:179} INFO - Processing /home/airflow/.local/lib/python3.8/site-packages/airflow/example_dags/example_time_delta_sensor_async.py took 0.101 seconds
[2023-11-02T23:38:39.325+0000] {processor.py:157} INFO - Started process (PID=1334) to work on /home/airflow/.local/lib/python3.8/site-packages/airflow/example_dags/example_time_delta_sensor_async.py
[2023-11-02T23:38:39.327+0000] {processor.py:829} INFO - Processing file /home/airflow/.local/lib/python3.8/site-packages/airflow/example_dags/example_time_delta_sensor_async.py for tasks to queue
[2023-11-02T23:38:39.330+0000] {logging_mixin.py:151} INFO - [2023-11-02T23:38:39.330+0000] {dagbag.py:536} INFO - Filling up the DagBag from /home/airflow/.local/lib/python3.8/site-packages/airflow/example_dags/example_time_delta_sensor_async.py
[2023-11-02T23:38:39.338+0000] {processor.py:839} INFO - DAG(s) dict_keys(['example_time_delta_sensor_async']) retrieved from /home/airflow/.local/lib/python3.8/site-packages/airflow/example_dags/example_time_delta_sensor_async.py
[2023-11-02T23:38:39.364+0000] {logging_mixin.py:151} INFO - [2023-11-02T23:38:39.364+0000] {dag.py:2941} INFO - Sync 1 DAGs
[2023-11-02T23:38:39.617+0000] {logging_mixin.py:151} INFO - [2023-11-02T23:38:39.617+0000] {dag.py:3722} INFO - Setting next_dagrun for example_time_delta_sensor_async to None, run_after=None
[2023-11-02T23:38:39.643+0000] {processor.py:179} INFO - Processing /home/airflow/.local/lib/python3.8/site-packages/airflow/example_dags/example_time_delta_sensor_async.py took 0.322 seconds
[2023-11-02T23:39:09.851+0000] {processor.py:157} INFO - Started process (PID=1388) to work on /home/airflow/.local/lib/python3.8/site-packages/airflow/example_dags/example_time_delta_sensor_async.py
[2023-11-02T23:39:09.852+0000] {processor.py:829} INFO - Processing file /home/airflow/.local/lib/python3.8/site-packages/airflow/example_dags/example_time_delta_sensor_async.py for tasks to queue
[2023-11-02T23:39:09.855+0000] {logging_mixin.py:151} INFO - [2023-11-02T23:39:09.855+0000] {dagbag.py:536} INFO - Filling up the DagBag from /home/airflow/.local/lib/python3.8/site-packages/airflow/example_dags/example_time_delta_sensor_async.py
[2023-11-02T23:39:09.860+0000] {processor.py:839} INFO - DAG(s) dict_keys(['example_time_delta_sensor_async']) retrieved from /home/airflow/.local/lib/python3.8/site-packages/airflow/example_dags/example_time_delta_sensor_async.py
[2023-11-02T23:39:09.889+0000] {logging_mixin.py:151} INFO - [2023-11-02T23:39:09.889+0000] {dag.py:2941} INFO - Sync 1 DAGs
[2023-11-02T23:39:09.904+0000] {logging_mixin.py:151} INFO - [2023-11-02T23:39:09.904+0000] {dag.py:3722} INFO - Setting next_dagrun for example_time_delta_sensor_async to None, run_after=None
[2023-11-02T23:39:09.949+0000] {processor.py:179} INFO - Processing /home/airflow/.local/lib/python3.8/site-packages/airflow/example_dags/example_time_delta_sensor_async.py took 0.101 seconds
[2023-11-02T23:39:40.386+0000] {processor.py:157} INFO - Started process (PID=1442) to work on /home/airflow/.local/lib/python3.8/site-packages/airflow/example_dags/example_time_delta_sensor_async.py
[2023-11-02T23:39:40.390+0000] {processor.py:829} INFO - Processing file /home/airflow/.local/lib/python3.8/site-packages/airflow/example_dags/example_time_delta_sensor_async.py for tasks to queue
[2023-11-02T23:39:40.393+0000] {logging_mixin.py:151} INFO - [2023-11-02T23:39:40.392+0000] {dagbag.py:536} INFO - Filling up the DagBag from /home/airflow/.local/lib/python3.8/site-packages/airflow/example_dags/example_time_delta_sensor_async.py
[2023-11-02T23:39:40.399+0000] {processor.py:839} INFO - DAG(s) dict_keys(['example_time_delta_sensor_async']) retrieved from /home/airflow/.local/lib/python3.8/site-packages/airflow/example_dags/example_time_delta_sensor_async.py
[2023-11-02T23:39:40.428+0000] {logging_mixin.py:151} INFO - [2023-11-02T23:39:40.428+0000] {dag.py:2941} INFO - Sync 1 DAGs
[2023-11-02T23:39:40.452+0000] {logging_mixin.py:151} INFO - [2023-11-02T23:39:40.449+0000] {dag.py:3722} INFO - Setting next_dagrun for example_time_delta_sensor_async to None, run_after=None
[2023-11-02T23:39:40.485+0000] {processor.py:179} INFO - Processing /home/airflow/.local/lib/python3.8/site-packages/airflow/example_dags/example_time_delta_sensor_async.py took 0.105 seconds
[2023-11-02T23:40:10.831+0000] {processor.py:157} INFO - Started process (PID=1501) to work on /home/airflow/.local/lib/python3.8/site-packages/airflow/example_dags/example_time_delta_sensor_async.py
[2023-11-02T23:40:10.831+0000] {processor.py:829} INFO - Processing file /home/airflow/.local/lib/python3.8/site-packages/airflow/example_dags/example_time_delta_sensor_async.py for tasks to queue
[2023-11-02T23:40:10.834+0000] {logging_mixin.py:151} INFO - [2023-11-02T23:40:10.833+0000] {dagbag.py:536} INFO - Filling up the DagBag from /home/airflow/.local/lib/python3.8/site-packages/airflow/example_dags/example_time_delta_sensor_async.py
[2023-11-02T23:40:10.839+0000] {processor.py:839} INFO - DAG(s) dict_keys(['example_time_delta_sensor_async']) retrieved from /home/airflow/.local/lib/python3.8/site-packages/airflow/example_dags/example_time_delta_sensor_async.py
[2023-11-02T23:40:10.867+0000] {logging_mixin.py:151} INFO - [2023-11-02T23:40:10.866+0000] {dag.py:2941} INFO - Sync 1 DAGs
[2023-11-02T23:40:10.884+0000] {logging_mixin.py:151} INFO - [2023-11-02T23:40:10.884+0000] {dag.py:3722} INFO - Setting next_dagrun for example_time_delta_sensor_async to None, run_after=None
[2023-11-02T23:40:10.912+0000] {processor.py:179} INFO - Processing /home/airflow/.local/lib/python3.8/site-packages/airflow/example_dags/example_time_delta_sensor_async.py took 0.085 seconds
[2023-11-02T23:40:42.000+0000] {processor.py:157} INFO - Started process (PID=1555) to work on /home/airflow/.local/lib/python3.8/site-packages/airflow/example_dags/example_time_delta_sensor_async.py
[2023-11-02T23:40:42.002+0000] {processor.py:829} INFO - Processing file /home/airflow/.local/lib/python3.8/site-packages/airflow/example_dags/example_time_delta_sensor_async.py for tasks to queue
[2023-11-02T23:40:42.004+0000] {logging_mixin.py:151} INFO - [2023-11-02T23:40:42.004+0000] {dagbag.py:536} INFO - Filling up the DagBag from /home/airflow/.local/lib/python3.8/site-packages/airflow/example_dags/example_time_delta_sensor_async.py
[2023-11-02T23:40:42.010+0000] {processor.py:839} INFO - DAG(s) dict_keys(['example_time_delta_sensor_async']) retrieved from /home/airflow/.local/lib/python3.8/site-packages/airflow/example_dags/example_time_delta_sensor_async.py
[2023-11-02T23:40:42.039+0000] {logging_mixin.py:151} INFO - [2023-11-02T23:40:42.039+0000] {dag.py:2941} INFO - Sync 1 DAGs
[2023-11-02T23:40:42.218+0000] {logging_mixin.py:151} INFO - [2023-11-02T23:40:42.218+0000] {dag.py:3722} INFO - Setting next_dagrun for example_time_delta_sensor_async to None, run_after=None
[2023-11-02T23:40:42.247+0000] {processor.py:179} INFO - Processing /home/airflow/.local/lib/python3.8/site-packages/airflow/example_dags/example_time_delta_sensor_async.py took 0.250 seconds
[2023-11-02T23:41:12.789+0000] {processor.py:157} INFO - Started process (PID=1609) to work on /home/airflow/.local/lib/python3.8/site-packages/airflow/example_dags/example_time_delta_sensor_async.py
[2023-11-02T23:41:12.790+0000] {processor.py:829} INFO - Processing file /home/airflow/.local/lib/python3.8/site-packages/airflow/example_dags/example_time_delta_sensor_async.py for tasks to queue
[2023-11-02T23:41:12.793+0000] {logging_mixin.py:151} INFO - [2023-11-02T23:41:12.792+0000] {dagbag.py:536} INFO - Filling up the DagBag from /home/airflow/.local/lib/python3.8/site-packages/airflow/example_dags/example_time_delta_sensor_async.py
[2023-11-02T23:41:12.798+0000] {processor.py:839} INFO - DAG(s) dict_keys(['example_time_delta_sensor_async']) retrieved from /home/airflow/.local/lib/python3.8/site-packages/airflow/example_dags/example_time_delta_sensor_async.py
[2023-11-02T23:41:12.823+0000] {logging_mixin.py:151} INFO - [2023-11-02T23:41:12.823+0000] {dag.py:2941} INFO - Sync 1 DAGs
[2023-11-02T23:41:12.837+0000] {logging_mixin.py:151} INFO - [2023-11-02T23:41:12.837+0000] {dag.py:3722} INFO - Setting next_dagrun for example_time_delta_sensor_async to None, run_after=None
[2023-11-02T23:41:12.863+0000] {processor.py:179} INFO - Processing /home/airflow/.local/lib/python3.8/site-packages/airflow/example_dags/example_time_delta_sensor_async.py took 0.078 seconds
[2023-11-02T23:41:42.948+0000] {processor.py:157} INFO - Started process (PID=1663) to work on /home/airflow/.local/lib/python3.8/site-packages/airflow/example_dags/example_time_delta_sensor_async.py
[2023-11-02T23:41:42.949+0000] {processor.py:829} INFO - Processing file /home/airflow/.local/lib/python3.8/site-packages/airflow/example_dags/example_time_delta_sensor_async.py for tasks to queue
[2023-11-02T23:41:42.951+0000] {logging_mixin.py:151} INFO - [2023-11-02T23:41:42.951+0000] {dagbag.py:536} INFO - Filling up the DagBag from /home/airflow/.local/lib/python3.8/site-packages/airflow/example_dags/example_time_delta_sensor_async.py
[2023-11-02T23:41:42.958+0000] {processor.py:839} INFO - DAG(s) dict_keys(['example_time_delta_sensor_async']) retrieved from /home/airflow/.local/lib/python3.8/site-packages/airflow/example_dags/example_time_delta_sensor_async.py
[2023-11-02T23:41:42.985+0000] {logging_mixin.py:151} INFO - [2023-11-02T23:41:42.984+0000] {dag.py:2941} INFO - Sync 1 DAGs
[2023-11-02T23:41:42.999+0000] {logging_mixin.py:151} INFO - [2023-11-02T23:41:42.999+0000] {dag.py:3722} INFO - Setting next_dagrun for example_time_delta_sensor_async to None, run_after=None
[2023-11-02T23:41:43.026+0000] {processor.py:179} INFO - Processing /home/airflow/.local/lib/python3.8/site-packages/airflow/example_dags/example_time_delta_sensor_async.py took 0.081 seconds
[2023-11-02T23:42:13.156+0000] {processor.py:157} INFO - Started process (PID=1717) to work on /home/airflow/.local/lib/python3.8/site-packages/airflow/example_dags/example_time_delta_sensor_async.py
[2023-11-02T23:42:13.157+0000] {processor.py:829} INFO - Processing file /home/airflow/.local/lib/python3.8/site-packages/airflow/example_dags/example_time_delta_sensor_async.py for tasks to queue
[2023-11-02T23:42:13.159+0000] {logging_mixin.py:151} INFO - [2023-11-02T23:42:13.159+0000] {dagbag.py:536} INFO - Filling up the DagBag from /home/airflow/.local/lib/python3.8/site-packages/airflow/example_dags/example_time_delta_sensor_async.py
[2023-11-02T23:42:13.164+0000] {processor.py:839} INFO - DAG(s) dict_keys(['example_time_delta_sensor_async']) retrieved from /home/airflow/.local/lib/python3.8/site-packages/airflow/example_dags/example_time_delta_sensor_async.py
[2023-11-02T23:42:13.189+0000] {logging_mixin.py:151} INFO - [2023-11-02T23:42:13.189+0000] {dag.py:2941} INFO - Sync 1 DAGs
[2023-11-02T23:42:13.201+0000] {logging_mixin.py:151} INFO - [2023-11-02T23:42:13.201+0000] {dag.py:3722} INFO - Setting next_dagrun for example_time_delta_sensor_async to None, run_after=None
[2023-11-02T23:42:13.227+0000] {processor.py:179} INFO - Processing /home/airflow/.local/lib/python3.8/site-packages/airflow/example_dags/example_time_delta_sensor_async.py took 0.074 seconds
[2023-11-02T23:42:43.397+0000] {processor.py:157} INFO - Started process (PID=1771) to work on /home/airflow/.local/lib/python3.8/site-packages/airflow/example_dags/example_time_delta_sensor_async.py
[2023-11-02T23:42:43.399+0000] {processor.py:829} INFO - Processing file /home/airflow/.local/lib/python3.8/site-packages/airflow/example_dags/example_time_delta_sensor_async.py for tasks to queue
[2023-11-02T23:42:43.401+0000] {logging_mixin.py:151} INFO - [2023-11-02T23:42:43.401+0000] {dagbag.py:536} INFO - Filling up the DagBag from /home/airflow/.local/lib/python3.8/site-packages/airflow/example_dags/example_time_delta_sensor_async.py
[2023-11-02T23:42:43.407+0000] {processor.py:839} INFO - DAG(s) dict_keys(['example_time_delta_sensor_async']) retrieved from /home/airflow/.local/lib/python3.8/site-packages/airflow/example_dags/example_time_delta_sensor_async.py
[2023-11-02T23:42:43.434+0000] {logging_mixin.py:151} INFO - [2023-11-02T23:42:43.433+0000] {dag.py:2941} INFO - Sync 1 DAGs
[2023-11-02T23:42:43.448+0000] {logging_mixin.py:151} INFO - [2023-11-02T23:42:43.447+0000] {dag.py:3722} INFO - Setting next_dagrun for example_time_delta_sensor_async to None, run_after=None
[2023-11-02T23:42:43.475+0000] {processor.py:179} INFO - Processing /home/airflow/.local/lib/python3.8/site-packages/airflow/example_dags/example_time_delta_sensor_async.py took 0.081 seconds
[2023-11-02T23:43:13.677+0000] {processor.py:157} INFO - Started process (PID=1825) to work on /home/airflow/.local/lib/python3.8/site-packages/airflow/example_dags/example_time_delta_sensor_async.py
[2023-11-02T23:43:13.678+0000] {processor.py:829} INFO - Processing file /home/airflow/.local/lib/python3.8/site-packages/airflow/example_dags/example_time_delta_sensor_async.py for tasks to queue
[2023-11-02T23:43:13.680+0000] {logging_mixin.py:151} INFO - [2023-11-02T23:43:13.680+0000] {dagbag.py:536} INFO - Filling up the DagBag from /home/airflow/.local/lib/python3.8/site-packages/airflow/example_dags/example_time_delta_sensor_async.py
[2023-11-02T23:43:13.685+0000] {processor.py:839} INFO - DAG(s) dict_keys(['example_time_delta_sensor_async']) retrieved from /home/airflow/.local/lib/python3.8/site-packages/airflow/example_dags/example_time_delta_sensor_async.py
[2023-11-02T23:43:13.709+0000] {logging_mixin.py:151} INFO - [2023-11-02T23:43:13.709+0000] {dag.py:2941} INFO - Sync 1 DAGs
[2023-11-02T23:43:13.723+0000] {logging_mixin.py:151} INFO - [2023-11-02T23:43:13.722+0000] {dag.py:3722} INFO - Setting next_dagrun for example_time_delta_sensor_async to None, run_after=None
[2023-11-02T23:43:13.748+0000] {processor.py:179} INFO - Processing /home/airflow/.local/lib/python3.8/site-packages/airflow/example_dags/example_time_delta_sensor_async.py took 0.074 seconds
[2023-11-02T23:43:43.949+0000] {processor.py:157} INFO - Started process (PID=1879) to work on /home/airflow/.local/lib/python3.8/site-packages/airflow/example_dags/example_time_delta_sensor_async.py
[2023-11-02T23:43:43.952+0000] {processor.py:829} INFO - Processing file /home/airflow/.local/lib/python3.8/site-packages/airflow/example_dags/example_time_delta_sensor_async.py for tasks to queue
[2023-11-02T23:43:43.954+0000] {logging_mixin.py:151} INFO - [2023-11-02T23:43:43.954+0000] {dagbag.py:536} INFO - Filling up the DagBag from /home/airflow/.local/lib/python3.8/site-packages/airflow/example_dags/example_time_delta_sensor_async.py
[2023-11-02T23:43:43.960+0000] {processor.py:839} INFO - DAG(s) dict_keys(['example_time_delta_sensor_async']) retrieved from /home/airflow/.local/lib/python3.8/site-packages/airflow/example_dags/example_time_delta_sensor_async.py
[2023-11-02T23:43:43.990+0000] {logging_mixin.py:151} INFO - [2023-11-02T23:43:43.989+0000] {dag.py:2941} INFO - Sync 1 DAGs
[2023-11-02T23:43:44.009+0000] {logging_mixin.py:151} INFO - [2023-11-02T23:43:44.009+0000] {dag.py:3722} INFO - Setting next_dagrun for example_time_delta_sensor_async to None, run_after=None
[2023-11-02T23:43:44.035+0000] {processor.py:179} INFO - Processing /home/airflow/.local/lib/python3.8/site-packages/airflow/example_dags/example_time_delta_sensor_async.py took 0.094 seconds
[2023-11-02T23:44:14.233+0000] {processor.py:157} INFO - Started process (PID=1933) to work on /home/airflow/.local/lib/python3.8/site-packages/airflow/example_dags/example_time_delta_sensor_async.py
[2023-11-02T23:44:14.235+0000] {processor.py:829} INFO - Processing file /home/airflow/.local/lib/python3.8/site-packages/airflow/example_dags/example_time_delta_sensor_async.py for tasks to queue
[2023-11-02T23:44:14.237+0000] {logging_mixin.py:151} INFO - [2023-11-02T23:44:14.237+0000] {dagbag.py:536} INFO - Filling up the DagBag from /home/airflow/.local/lib/python3.8/site-packages/airflow/example_dags/example_time_delta_sensor_async.py
[2023-11-02T23:44:14.245+0000] {processor.py:839} INFO - DAG(s) dict_keys(['example_time_delta_sensor_async']) retrieved from /home/airflow/.local/lib/python3.8/site-packages/airflow/example_dags/example_time_delta_sensor_async.py
[2023-11-02T23:44:14.281+0000] {logging_mixin.py:151} INFO - [2023-11-02T23:44:14.281+0000] {dag.py:2941} INFO - Sync 1 DAGs
[2023-11-02T23:44:14.302+0000] {logging_mixin.py:151} INFO - [2023-11-02T23:44:14.302+0000] {dag.py:3722} INFO - Setting next_dagrun for example_time_delta_sensor_async to None, run_after=None
[2023-11-02T23:44:14.349+0000] {processor.py:179} INFO - Processing /home/airflow/.local/lib/python3.8/site-packages/airflow/example_dags/example_time_delta_sensor_async.py took 0.119 seconds
[2023-11-02T23:44:44.479+0000] {processor.py:157} INFO - Started process (PID=1987) to work on /home/airflow/.local/lib/python3.8/site-packages/airflow/example_dags/example_time_delta_sensor_async.py
[2023-11-02T23:44:44.481+0000] {processor.py:829} INFO - Processing file /home/airflow/.local/lib/python3.8/site-packages/airflow/example_dags/example_time_delta_sensor_async.py for tasks to queue
[2023-11-02T23:44:44.483+0000] {logging_mixin.py:151} INFO - [2023-11-02T23:44:44.483+0000] {dagbag.py:536} INFO - Filling up the DagBag from /home/airflow/.local/lib/python3.8/site-packages/airflow/example_dags/example_time_delta_sensor_async.py
[2023-11-02T23:44:44.489+0000] {processor.py:839} INFO - DAG(s) dict_keys(['example_time_delta_sensor_async']) retrieved from /home/airflow/.local/lib/python3.8/site-packages/airflow/example_dags/example_time_delta_sensor_async.py
[2023-11-02T23:44:44.517+0000] {logging_mixin.py:151} INFO - [2023-11-02T23:44:44.517+0000] {dag.py:2941} INFO - Sync 1 DAGs
[2023-11-02T23:44:44.531+0000] {logging_mixin.py:151} INFO - [2023-11-02T23:44:44.531+0000] {dag.py:3722} INFO - Setting next_dagrun for example_time_delta_sensor_async to None, run_after=None
[2023-11-02T23:44:44.559+0000] {processor.py:179} INFO - Processing /home/airflow/.local/lib/python3.8/site-packages/airflow/example_dags/example_time_delta_sensor_async.py took 0.084 seconds
[2023-11-02T23:45:14.932+0000] {processor.py:157} INFO - Started process (PID=2041) to work on /home/airflow/.local/lib/python3.8/site-packages/airflow/example_dags/example_time_delta_sensor_async.py
[2023-11-02T23:45:14.934+0000] {processor.py:829} INFO - Processing file /home/airflow/.local/lib/python3.8/site-packages/airflow/example_dags/example_time_delta_sensor_async.py for tasks to queue
[2023-11-02T23:45:14.936+0000] {logging_mixin.py:151} INFO - [2023-11-02T23:45:14.936+0000] {dagbag.py:536} INFO - Filling up the DagBag from /home/airflow/.local/lib/python3.8/site-packages/airflow/example_dags/example_time_delta_sensor_async.py
[2023-11-02T23:45:14.943+0000] {processor.py:839} INFO - DAG(s) dict_keys(['example_time_delta_sensor_async']) retrieved from /home/airflow/.local/lib/python3.8/site-packages/airflow/example_dags/example_time_delta_sensor_async.py
[2023-11-02T23:45:14.972+0000] {logging_mixin.py:151} INFO - [2023-11-02T23:45:14.971+0000] {dag.py:2941} INFO - Sync 1 DAGs
[2023-11-02T23:45:14.987+0000] {logging_mixin.py:151} INFO - [2023-11-02T23:45:14.987+0000] {dag.py:3722} INFO - Setting next_dagrun for example_time_delta_sensor_async to None, run_after=None
[2023-11-02T23:45:15.018+0000] {processor.py:179} INFO - Processing /home/airflow/.local/lib/python3.8/site-packages/airflow/example_dags/example_time_delta_sensor_async.py took 0.089 seconds
[2023-11-02T23:45:45.220+0000] {processor.py:157} INFO - Started process (PID=2095) to work on /home/airflow/.local/lib/python3.8/site-packages/airflow/example_dags/example_time_delta_sensor_async.py
[2023-11-02T23:45:45.221+0000] {processor.py:829} INFO - Processing file /home/airflow/.local/lib/python3.8/site-packages/airflow/example_dags/example_time_delta_sensor_async.py for tasks to queue
[2023-11-02T23:45:45.224+0000] {logging_mixin.py:151} INFO - [2023-11-02T23:45:45.223+0000] {dagbag.py:536} INFO - Filling up the DagBag from /home/airflow/.local/lib/python3.8/site-packages/airflow/example_dags/example_time_delta_sensor_async.py
[2023-11-02T23:45:45.229+0000] {processor.py:839} INFO - DAG(s) dict_keys(['example_time_delta_sensor_async']) retrieved from /home/airflow/.local/lib/python3.8/site-packages/airflow/example_dags/example_time_delta_sensor_async.py
[2023-11-02T23:45:45.255+0000] {logging_mixin.py:151} INFO - [2023-11-02T23:45:45.255+0000] {dag.py:2941} INFO - Sync 1 DAGs
[2023-11-02T23:45:45.269+0000] {logging_mixin.py:151} INFO - [2023-11-02T23:45:45.268+0000] {dag.py:3722} INFO - Setting next_dagrun for example_time_delta_sensor_async to None, run_after=None
[2023-11-02T23:45:45.300+0000] {processor.py:179} INFO - Processing /home/airflow/.local/lib/python3.8/site-packages/airflow/example_dags/example_time_delta_sensor_async.py took 0.083 seconds
[2023-11-02T23:46:15.522+0000] {processor.py:157} INFO - Started process (PID=2149) to work on /home/airflow/.local/lib/python3.8/site-packages/airflow/example_dags/example_time_delta_sensor_async.py
[2023-11-02T23:46:15.523+0000] {processor.py:829} INFO - Processing file /home/airflow/.local/lib/python3.8/site-packages/airflow/example_dags/example_time_delta_sensor_async.py for tasks to queue
[2023-11-02T23:46:15.526+0000] {logging_mixin.py:151} INFO - [2023-11-02T23:46:15.525+0000] {dagbag.py:536} INFO - Filling up the DagBag from /home/airflow/.local/lib/python3.8/site-packages/airflow/example_dags/example_time_delta_sensor_async.py
[2023-11-02T23:46:15.531+0000] {processor.py:839} INFO - DAG(s) dict_keys(['example_time_delta_sensor_async']) retrieved from /home/airflow/.local/lib/python3.8/site-packages/airflow/example_dags/example_time_delta_sensor_async.py
[2023-11-02T23:46:15.562+0000] {logging_mixin.py:151} INFO - [2023-11-02T23:46:15.562+0000] {dag.py:2941} INFO - Sync 1 DAGs
[2023-11-02T23:46:15.578+0000] {logging_mixin.py:151} INFO - [2023-11-02T23:46:15.578+0000] {dag.py:3722} INFO - Setting next_dagrun for example_time_delta_sensor_async to None, run_after=None
[2023-11-02T23:46:15.609+0000] {processor.py:179} INFO - Processing /home/airflow/.local/lib/python3.8/site-packages/airflow/example_dags/example_time_delta_sensor_async.py took 0.091 seconds
[2023-11-02T23:46:45.665+0000] {processor.py:157} INFO - Started process (PID=2203) to work on /home/airflow/.local/lib/python3.8/site-packages/airflow/example_dags/example_time_delta_sensor_async.py
[2023-11-02T23:46:45.666+0000] {processor.py:829} INFO - Processing file /home/airflow/.local/lib/python3.8/site-packages/airflow/example_dags/example_time_delta_sensor_async.py for tasks to queue
[2023-11-02T23:46:45.668+0000] {logging_mixin.py:151} INFO - [2023-11-02T23:46:45.668+0000] {dagbag.py:536} INFO - Filling up the DagBag from /home/airflow/.local/lib/python3.8/site-packages/airflow/example_dags/example_time_delta_sensor_async.py
[2023-11-02T23:46:45.674+0000] {processor.py:839} INFO - DAG(s) dict_keys(['example_time_delta_sensor_async']) retrieved from /home/airflow/.local/lib/python3.8/site-packages/airflow/example_dags/example_time_delta_sensor_async.py
[2023-11-02T23:46:45.701+0000] {logging_mixin.py:151} INFO - [2023-11-02T23:46:45.700+0000] {dag.py:2941} INFO - Sync 1 DAGs
[2023-11-02T23:46:45.715+0000] {logging_mixin.py:151} INFO - [2023-11-02T23:46:45.715+0000] {dag.py:3722} INFO - Setting next_dagrun for example_time_delta_sensor_async to None, run_after=None
[2023-11-02T23:46:45.744+0000] {processor.py:179} INFO - Processing /home/airflow/.local/lib/python3.8/site-packages/airflow/example_dags/example_time_delta_sensor_async.py took 0.083 seconds
[2023-11-02T23:47:16.005+0000] {processor.py:157} INFO - Started process (PID=2256) to work on /home/airflow/.local/lib/python3.8/site-packages/airflow/example_dags/example_time_delta_sensor_async.py
[2023-11-02T23:47:16.006+0000] {processor.py:829} INFO - Processing file /home/airflow/.local/lib/python3.8/site-packages/airflow/example_dags/example_time_delta_sensor_async.py for tasks to queue
[2023-11-02T23:47:16.009+0000] {logging_mixin.py:151} INFO - [2023-11-02T23:47:16.008+0000] {dagbag.py:536} INFO - Filling up the DagBag from /home/airflow/.local/lib/python3.8/site-packages/airflow/example_dags/example_time_delta_sensor_async.py
[2023-11-02T23:47:16.014+0000] {processor.py:839} INFO - DAG(s) dict_keys(['example_time_delta_sensor_async']) retrieved from /home/airflow/.local/lib/python3.8/site-packages/airflow/example_dags/example_time_delta_sensor_async.py
[2023-11-02T23:47:16.039+0000] {logging_mixin.py:151} INFO - [2023-11-02T23:47:16.039+0000] {dag.py:2941} INFO - Sync 1 DAGs
[2023-11-02T23:47:16.052+0000] {logging_mixin.py:151} INFO - [2023-11-02T23:47:16.052+0000] {dag.py:3722} INFO - Setting next_dagrun for example_time_delta_sensor_async to None, run_after=None
[2023-11-02T23:47:16.079+0000] {processor.py:179} INFO - Processing /home/airflow/.local/lib/python3.8/site-packages/airflow/example_dags/example_time_delta_sensor_async.py took 0.077 seconds
[2023-11-02T23:47:46.280+0000] {processor.py:157} INFO - Started process (PID=2310) to work on /home/airflow/.local/lib/python3.8/site-packages/airflow/example_dags/example_time_delta_sensor_async.py
[2023-11-02T23:47:46.282+0000] {processor.py:829} INFO - Processing file /home/airflow/.local/lib/python3.8/site-packages/airflow/example_dags/example_time_delta_sensor_async.py for tasks to queue
[2023-11-02T23:47:46.286+0000] {logging_mixin.py:151} INFO - [2023-11-02T23:47:46.285+0000] {dagbag.py:536} INFO - Filling up the DagBag from /home/airflow/.local/lib/python3.8/site-packages/airflow/example_dags/example_time_delta_sensor_async.py
[2023-11-02T23:47:46.292+0000] {processor.py:839} INFO - DAG(s) dict_keys(['example_time_delta_sensor_async']) retrieved from /home/airflow/.local/lib/python3.8/site-packages/airflow/example_dags/example_time_delta_sensor_async.py
[2023-11-02T23:47:46.327+0000] {logging_mixin.py:151} INFO - [2023-11-02T23:47:46.327+0000] {dag.py:2941} INFO - Sync 1 DAGs
[2023-11-02T23:47:46.341+0000] {logging_mixin.py:151} INFO - [2023-11-02T23:47:46.341+0000] {dag.py:3722} INFO - Setting next_dagrun for example_time_delta_sensor_async to None, run_after=None
[2023-11-02T23:47:46.372+0000] {processor.py:179} INFO - Processing /home/airflow/.local/lib/python3.8/site-packages/airflow/example_dags/example_time_delta_sensor_async.py took 0.097 seconds
[2023-11-02T23:48:58.058+0000] {processor.py:157} INFO - Started process (PID=41) to work on /home/airflow/.local/lib/python3.8/site-packages/airflow/example_dags/example_time_delta_sensor_async.py
[2023-11-02T23:48:58.067+0000] {processor.py:829} INFO - Processing file /home/airflow/.local/lib/python3.8/site-packages/airflow/example_dags/example_time_delta_sensor_async.py for tasks to queue
[2023-11-02T23:48:58.070+0000] {logging_mixin.py:151} INFO - [2023-11-02T23:48:58.069+0000] {dagbag.py:536} INFO - Filling up the DagBag from /home/airflow/.local/lib/python3.8/site-packages/airflow/example_dags/example_time_delta_sensor_async.py
[2023-11-02T23:48:58.085+0000] {processor.py:839} INFO - DAG(s) dict_keys(['example_time_delta_sensor_async']) retrieved from /home/airflow/.local/lib/python3.8/site-packages/airflow/example_dags/example_time_delta_sensor_async.py
[2023-11-02T23:48:58.106+0000] {logging_mixin.py:151} INFO - [2023-11-02T23:48:58.106+0000] {dag.py:2941} INFO - Sync 1 DAGs
[2023-11-02T23:48:58.126+0000] {logging_mixin.py:151} INFO - [2023-11-02T23:48:58.126+0000] {dag.py:3722} INFO - Setting next_dagrun for example_time_delta_sensor_async to None, run_after=None
[2023-11-02T23:48:58.156+0000] {processor.py:179} INFO - Processing /home/airflow/.local/lib/python3.8/site-packages/airflow/example_dags/example_time_delta_sensor_async.py took 0.105 seconds
[2023-11-02T23:49:28.268+0000] {processor.py:157} INFO - Started process (PID=95) to work on /home/airflow/.local/lib/python3.8/site-packages/airflow/example_dags/example_time_delta_sensor_async.py
[2023-11-02T23:49:28.269+0000] {processor.py:829} INFO - Processing file /home/airflow/.local/lib/python3.8/site-packages/airflow/example_dags/example_time_delta_sensor_async.py for tasks to queue
[2023-11-02T23:49:28.272+0000] {logging_mixin.py:151} INFO - [2023-11-02T23:49:28.271+0000] {dagbag.py:536} INFO - Filling up the DagBag from /home/airflow/.local/lib/python3.8/site-packages/airflow/example_dags/example_time_delta_sensor_async.py
[2023-11-02T23:49:28.277+0000] {processor.py:839} INFO - DAG(s) dict_keys(['example_time_delta_sensor_async']) retrieved from /home/airflow/.local/lib/python3.8/site-packages/airflow/example_dags/example_time_delta_sensor_async.py
[2023-11-02T23:49:28.307+0000] {logging_mixin.py:151} INFO - [2023-11-02T23:49:28.307+0000] {dag.py:2941} INFO - Sync 1 DAGs
[2023-11-02T23:49:28.325+0000] {logging_mixin.py:151} INFO - [2023-11-02T23:49:28.325+0000] {dag.py:3722} INFO - Setting next_dagrun for example_time_delta_sensor_async to None, run_after=None
[2023-11-02T23:49:28.356+0000] {processor.py:179} INFO - Processing /home/airflow/.local/lib/python3.8/site-packages/airflow/example_dags/example_time_delta_sensor_async.py took 0.092 seconds
[2023-11-02T23:49:58.504+0000] {processor.py:157} INFO - Started process (PID=149) to work on /home/airflow/.local/lib/python3.8/site-packages/airflow/example_dags/example_time_delta_sensor_async.py
[2023-11-02T23:49:58.505+0000] {processor.py:829} INFO - Processing file /home/airflow/.local/lib/python3.8/site-packages/airflow/example_dags/example_time_delta_sensor_async.py for tasks to queue
[2023-11-02T23:49:58.507+0000] {logging_mixin.py:151} INFO - [2023-11-02T23:49:58.507+0000] {dagbag.py:536} INFO - Filling up the DagBag from /home/airflow/.local/lib/python3.8/site-packages/airflow/example_dags/example_time_delta_sensor_async.py
[2023-11-02T23:49:58.513+0000] {processor.py:839} INFO - DAG(s) dict_keys(['example_time_delta_sensor_async']) retrieved from /home/airflow/.local/lib/python3.8/site-packages/airflow/example_dags/example_time_delta_sensor_async.py
[2023-11-02T23:49:58.540+0000] {logging_mixin.py:151} INFO - [2023-11-02T23:49:58.540+0000] {dag.py:2941} INFO - Sync 1 DAGs
[2023-11-02T23:49:58.557+0000] {logging_mixin.py:151} INFO - [2023-11-02T23:49:58.556+0000] {dag.py:3722} INFO - Setting next_dagrun for example_time_delta_sensor_async to None, run_after=None
[2023-11-02T23:49:58.587+0000] {processor.py:179} INFO - Processing /home/airflow/.local/lib/python3.8/site-packages/airflow/example_dags/example_time_delta_sensor_async.py took 0.085 seconds
[2023-11-02T23:50:28.958+0000] {processor.py:157} INFO - Started process (PID=203) to work on /home/airflow/.local/lib/python3.8/site-packages/airflow/example_dags/example_time_delta_sensor_async.py
[2023-11-02T23:50:28.959+0000] {processor.py:829} INFO - Processing file /home/airflow/.local/lib/python3.8/site-packages/airflow/example_dags/example_time_delta_sensor_async.py for tasks to queue
[2023-11-02T23:50:28.961+0000] {logging_mixin.py:151} INFO - [2023-11-02T23:50:28.961+0000] {dagbag.py:536} INFO - Filling up the DagBag from /home/airflow/.local/lib/python3.8/site-packages/airflow/example_dags/example_time_delta_sensor_async.py
[2023-11-02T23:50:28.966+0000] {processor.py:839} INFO - DAG(s) dict_keys(['example_time_delta_sensor_async']) retrieved from /home/airflow/.local/lib/python3.8/site-packages/airflow/example_dags/example_time_delta_sensor_async.py
[2023-11-02T23:50:28.993+0000] {logging_mixin.py:151} INFO - [2023-11-02T23:50:28.992+0000] {dag.py:2941} INFO - Sync 1 DAGs
[2023-11-02T23:50:29.007+0000] {logging_mixin.py:151} INFO - [2023-11-02T23:50:29.007+0000] {dag.py:3722} INFO - Setting next_dagrun for example_time_delta_sensor_async to None, run_after=None
[2023-11-02T23:50:29.034+0000] {processor.py:179} INFO - Processing /home/airflow/.local/lib/python3.8/site-packages/airflow/example_dags/example_time_delta_sensor_async.py took 0.079 seconds
[2023-11-02T23:50:59.398+0000] {processor.py:157} INFO - Started process (PID=257) to work on /home/airflow/.local/lib/python3.8/site-packages/airflow/example_dags/example_time_delta_sensor_async.py
[2023-11-02T23:50:59.399+0000] {processor.py:829} INFO - Processing file /home/airflow/.local/lib/python3.8/site-packages/airflow/example_dags/example_time_delta_sensor_async.py for tasks to queue
[2023-11-02T23:50:59.401+0000] {logging_mixin.py:151} INFO - [2023-11-02T23:50:59.401+0000] {dagbag.py:536} INFO - Filling up the DagBag from /home/airflow/.local/lib/python3.8/site-packages/airflow/example_dags/example_time_delta_sensor_async.py
[2023-11-02T23:50:59.407+0000] {processor.py:839} INFO - DAG(s) dict_keys(['example_time_delta_sensor_async']) retrieved from /home/airflow/.local/lib/python3.8/site-packages/airflow/example_dags/example_time_delta_sensor_async.py
[2023-11-02T23:50:59.431+0000] {logging_mixin.py:151} INFO - [2023-11-02T23:50:59.431+0000] {dag.py:2941} INFO - Sync 1 DAGs
[2023-11-02T23:50:59.445+0000] {logging_mixin.py:151} INFO - [2023-11-02T23:50:59.445+0000] {dag.py:3722} INFO - Setting next_dagrun for example_time_delta_sensor_async to None, run_after=None
[2023-11-02T23:50:59.475+0000] {processor.py:179} INFO - Processing /home/airflow/.local/lib/python3.8/site-packages/airflow/example_dags/example_time_delta_sensor_async.py took 0.081 seconds
[2023-11-02T23:51:29.713+0000] {processor.py:157} INFO - Started process (PID=311) to work on /home/airflow/.local/lib/python3.8/site-packages/airflow/example_dags/example_time_delta_sensor_async.py
[2023-11-02T23:51:29.714+0000] {processor.py:829} INFO - Processing file /home/airflow/.local/lib/python3.8/site-packages/airflow/example_dags/example_time_delta_sensor_async.py for tasks to queue
[2023-11-02T23:51:29.716+0000] {logging_mixin.py:151} INFO - [2023-11-02T23:51:29.716+0000] {dagbag.py:536} INFO - Filling up the DagBag from /home/airflow/.local/lib/python3.8/site-packages/airflow/example_dags/example_time_delta_sensor_async.py
[2023-11-02T23:51:29.721+0000] {processor.py:839} INFO - DAG(s) dict_keys(['example_time_delta_sensor_async']) retrieved from /home/airflow/.local/lib/python3.8/site-packages/airflow/example_dags/example_time_delta_sensor_async.py
[2023-11-02T23:51:29.751+0000] {logging_mixin.py:151} INFO - [2023-11-02T23:51:29.750+0000] {dag.py:2941} INFO - Sync 1 DAGs
[2023-11-02T23:51:29.767+0000] {logging_mixin.py:151} INFO - [2023-11-02T23:51:29.766+0000] {dag.py:3722} INFO - Setting next_dagrun for example_time_delta_sensor_async to None, run_after=None
[2023-11-02T23:51:29.801+0000] {processor.py:179} INFO - Processing /home/airflow/.local/lib/python3.8/site-packages/airflow/example_dags/example_time_delta_sensor_async.py took 0.091 seconds
[2023-11-02T23:51:59.989+0000] {processor.py:157} INFO - Started process (PID=365) to work on /home/airflow/.local/lib/python3.8/site-packages/airflow/example_dags/example_time_delta_sensor_async.py
[2023-11-02T23:51:59.990+0000] {processor.py:829} INFO - Processing file /home/airflow/.local/lib/python3.8/site-packages/airflow/example_dags/example_time_delta_sensor_async.py for tasks to queue
[2023-11-02T23:51:59.993+0000] {logging_mixin.py:151} INFO - [2023-11-02T23:51:59.992+0000] {dagbag.py:536} INFO - Filling up the DagBag from /home/airflow/.local/lib/python3.8/site-packages/airflow/example_dags/example_time_delta_sensor_async.py
[2023-11-02T23:51:59.997+0000] {processor.py:839} INFO - DAG(s) dict_keys(['example_time_delta_sensor_async']) retrieved from /home/airflow/.local/lib/python3.8/site-packages/airflow/example_dags/example_time_delta_sensor_async.py
[2023-11-02T23:52:00.026+0000] {logging_mixin.py:151} INFO - [2023-11-02T23:52:00.025+0000] {dag.py:2941} INFO - Sync 1 DAGs
[2023-11-02T23:52:00.040+0000] {logging_mixin.py:151} INFO - [2023-11-02T23:52:00.039+0000] {dag.py:3722} INFO - Setting next_dagrun for example_time_delta_sensor_async to None, run_after=None
[2023-11-02T23:52:00.065+0000] {processor.py:179} INFO - Processing /home/airflow/.local/lib/python3.8/site-packages/airflow/example_dags/example_time_delta_sensor_async.py took 0.079 seconds
[2023-11-02T23:52:30.203+0000] {processor.py:157} INFO - Started process (PID=419) to work on /home/airflow/.local/lib/python3.8/site-packages/airflow/example_dags/example_time_delta_sensor_async.py
[2023-11-02T23:52:30.204+0000] {processor.py:829} INFO - Processing file /home/airflow/.local/lib/python3.8/site-packages/airflow/example_dags/example_time_delta_sensor_async.py for tasks to queue
[2023-11-02T23:52:30.206+0000] {logging_mixin.py:151} INFO - [2023-11-02T23:52:30.205+0000] {dagbag.py:536} INFO - Filling up the DagBag from /home/airflow/.local/lib/python3.8/site-packages/airflow/example_dags/example_time_delta_sensor_async.py
[2023-11-02T23:52:30.211+0000] {processor.py:839} INFO - DAG(s) dict_keys(['example_time_delta_sensor_async']) retrieved from /home/airflow/.local/lib/python3.8/site-packages/airflow/example_dags/example_time_delta_sensor_async.py
[2023-11-02T23:52:30.233+0000] {logging_mixin.py:151} INFO - [2023-11-02T23:52:30.233+0000] {dag.py:2941} INFO - Sync 1 DAGs
[2023-11-02T23:52:30.247+0000] {logging_mixin.py:151} INFO - [2023-11-02T23:52:30.247+0000] {dag.py:3722} INFO - Setting next_dagrun for example_time_delta_sensor_async to None, run_after=None
[2023-11-02T23:52:30.273+0000] {processor.py:179} INFO - Processing /home/airflow/.local/lib/python3.8/site-packages/airflow/example_dags/example_time_delta_sensor_async.py took 0.077 seconds
[2023-11-02T23:53:00.490+0000] {processor.py:157} INFO - Started process (PID=473) to work on /home/airflow/.local/lib/python3.8/site-packages/airflow/example_dags/example_time_delta_sensor_async.py
[2023-11-02T23:53:00.492+0000] {processor.py:829} INFO - Processing file /home/airflow/.local/lib/python3.8/site-packages/airflow/example_dags/example_time_delta_sensor_async.py for tasks to queue
[2023-11-02T23:53:00.494+0000] {logging_mixin.py:151} INFO - [2023-11-02T23:53:00.494+0000] {dagbag.py:536} INFO - Filling up the DagBag from /home/airflow/.local/lib/python3.8/site-packages/airflow/example_dags/example_time_delta_sensor_async.py
[2023-11-02T23:53:00.498+0000] {processor.py:839} INFO - DAG(s) dict_keys(['example_time_delta_sensor_async']) retrieved from /home/airflow/.local/lib/python3.8/site-packages/airflow/example_dags/example_time_delta_sensor_async.py
[2023-11-02T23:53:00.527+0000] {logging_mixin.py:151} INFO - [2023-11-02T23:53:00.527+0000] {dag.py:2941} INFO - Sync 1 DAGs
[2023-11-02T23:53:00.543+0000] {logging_mixin.py:151} INFO - [2023-11-02T23:53:00.543+0000] {dag.py:3722} INFO - Setting next_dagrun for example_time_delta_sensor_async to None, run_after=None
[2023-11-02T23:53:00.573+0000] {processor.py:179} INFO - Processing /home/airflow/.local/lib/python3.8/site-packages/airflow/example_dags/example_time_delta_sensor_async.py took 0.087 seconds
[2023-11-02T23:53:30.700+0000] {processor.py:157} INFO - Started process (PID=527) to work on /home/airflow/.local/lib/python3.8/site-packages/airflow/example_dags/example_time_delta_sensor_async.py
[2023-11-02T23:53:30.701+0000] {processor.py:829} INFO - Processing file /home/airflow/.local/lib/python3.8/site-packages/airflow/example_dags/example_time_delta_sensor_async.py for tasks to queue
[2023-11-02T23:53:30.704+0000] {logging_mixin.py:151} INFO - [2023-11-02T23:53:30.703+0000] {dagbag.py:536} INFO - Filling up the DagBag from /home/airflow/.local/lib/python3.8/site-packages/airflow/example_dags/example_time_delta_sensor_async.py
[2023-11-02T23:53:30.709+0000] {processor.py:839} INFO - DAG(s) dict_keys(['example_time_delta_sensor_async']) retrieved from /home/airflow/.local/lib/python3.8/site-packages/airflow/example_dags/example_time_delta_sensor_async.py
[2023-11-02T23:53:30.741+0000] {logging_mixin.py:151} INFO - [2023-11-02T23:53:30.740+0000] {dag.py:2941} INFO - Sync 1 DAGs
[2023-11-02T23:53:30.754+0000] {logging_mixin.py:151} INFO - [2023-11-02T23:53:30.754+0000] {dag.py:3722} INFO - Setting next_dagrun for example_time_delta_sensor_async to None, run_after=None
[2023-11-02T23:53:30.783+0000] {processor.py:179} INFO - Processing /home/airflow/.local/lib/python3.8/site-packages/airflow/example_dags/example_time_delta_sensor_async.py took 0.086 seconds
[2023-11-02T23:54:00.912+0000] {processor.py:157} INFO - Started process (PID=581) to work on /home/airflow/.local/lib/python3.8/site-packages/airflow/example_dags/example_time_delta_sensor_async.py
[2023-11-02T23:54:00.914+0000] {processor.py:829} INFO - Processing file /home/airflow/.local/lib/python3.8/site-packages/airflow/example_dags/example_time_delta_sensor_async.py for tasks to queue
[2023-11-02T23:54:00.916+0000] {logging_mixin.py:151} INFO - [2023-11-02T23:54:00.916+0000] {dagbag.py:536} INFO - Filling up the DagBag from /home/airflow/.local/lib/python3.8/site-packages/airflow/example_dags/example_time_delta_sensor_async.py
[2023-11-02T23:54:00.920+0000] {processor.py:839} INFO - DAG(s) dict_keys(['example_time_delta_sensor_async']) retrieved from /home/airflow/.local/lib/python3.8/site-packages/airflow/example_dags/example_time_delta_sensor_async.py
[2023-11-02T23:54:00.946+0000] {logging_mixin.py:151} INFO - [2023-11-02T23:54:00.945+0000] {dag.py:2941} INFO - Sync 1 DAGs
[2023-11-02T23:54:00.959+0000] {logging_mixin.py:151} INFO - [2023-11-02T23:54:00.959+0000] {dag.py:3722} INFO - Setting next_dagrun for example_time_delta_sensor_async to None, run_after=None
[2023-11-02T23:54:01.003+0000] {processor.py:179} INFO - Processing /home/airflow/.local/lib/python3.8/site-packages/airflow/example_dags/example_time_delta_sensor_async.py took 0.088 seconds
[2023-11-02T23:54:31.261+0000] {processor.py:157} INFO - Started process (PID=636) to work on /home/airflow/.local/lib/python3.8/site-packages/airflow/example_dags/example_time_delta_sensor_async.py
[2023-11-02T23:54:31.263+0000] {processor.py:829} INFO - Processing file /home/airflow/.local/lib/python3.8/site-packages/airflow/example_dags/example_time_delta_sensor_async.py for tasks to queue
[2023-11-02T23:54:31.265+0000] {logging_mixin.py:151} INFO - [2023-11-02T23:54:31.265+0000] {dagbag.py:536} INFO - Filling up the DagBag from /home/airflow/.local/lib/python3.8/site-packages/airflow/example_dags/example_time_delta_sensor_async.py
[2023-11-02T23:54:31.271+0000] {processor.py:839} INFO - DAG(s) dict_keys(['example_time_delta_sensor_async']) retrieved from /home/airflow/.local/lib/python3.8/site-packages/airflow/example_dags/example_time_delta_sensor_async.py
[2023-11-02T23:54:31.303+0000] {logging_mixin.py:151} INFO - [2023-11-02T23:54:31.303+0000] {dag.py:2941} INFO - Sync 1 DAGs
[2023-11-02T23:54:31.323+0000] {logging_mixin.py:151} INFO - [2023-11-02T23:54:31.322+0000] {dag.py:3722} INFO - Setting next_dagrun for example_time_delta_sensor_async to None, run_after=None
[2023-11-02T23:54:31.352+0000] {processor.py:179} INFO - Processing /home/airflow/.local/lib/python3.8/site-packages/airflow/example_dags/example_time_delta_sensor_async.py took 0.094 seconds
[2023-11-02T23:55:01.820+0000] {processor.py:157} INFO - Started process (PID=689) to work on /home/airflow/.local/lib/python3.8/site-packages/airflow/example_dags/example_time_delta_sensor_async.py
[2023-11-02T23:55:01.826+0000] {processor.py:829} INFO - Processing file /home/airflow/.local/lib/python3.8/site-packages/airflow/example_dags/example_time_delta_sensor_async.py for tasks to queue
[2023-11-02T23:55:01.829+0000] {logging_mixin.py:151} INFO - [2023-11-02T23:55:01.829+0000] {dagbag.py:536} INFO - Filling up the DagBag from /home/airflow/.local/lib/python3.8/site-packages/airflow/example_dags/example_time_delta_sensor_async.py
[2023-11-02T23:55:01.835+0000] {processor.py:839} INFO - DAG(s) dict_keys(['example_time_delta_sensor_async']) retrieved from /home/airflow/.local/lib/python3.8/site-packages/airflow/example_dags/example_time_delta_sensor_async.py
[2023-11-02T23:55:01.899+0000] {logging_mixin.py:151} INFO - [2023-11-02T23:55:01.898+0000] {dag.py:2941} INFO - Sync 1 DAGs
[2023-11-02T23:55:01.917+0000] {logging_mixin.py:151} INFO - [2023-11-02T23:55:01.917+0000] {dag.py:3722} INFO - Setting next_dagrun for example_time_delta_sensor_async to None, run_after=None
[2023-11-02T23:55:01.957+0000] {processor.py:179} INFO - Processing /home/airflow/.local/lib/python3.8/site-packages/airflow/example_dags/example_time_delta_sensor_async.py took 0.146 seconds
[2023-11-02T23:55:32.078+0000] {processor.py:157} INFO - Started process (PID=743) to work on /home/airflow/.local/lib/python3.8/site-packages/airflow/example_dags/example_time_delta_sensor_async.py
[2023-11-02T23:55:32.080+0000] {processor.py:829} INFO - Processing file /home/airflow/.local/lib/python3.8/site-packages/airflow/example_dags/example_time_delta_sensor_async.py for tasks to queue
[2023-11-02T23:55:32.082+0000] {logging_mixin.py:151} INFO - [2023-11-02T23:55:32.082+0000] {dagbag.py:536} INFO - Filling up the DagBag from /home/airflow/.local/lib/python3.8/site-packages/airflow/example_dags/example_time_delta_sensor_async.py
[2023-11-02T23:55:32.087+0000] {processor.py:839} INFO - DAG(s) dict_keys(['example_time_delta_sensor_async']) retrieved from /home/airflow/.local/lib/python3.8/site-packages/airflow/example_dags/example_time_delta_sensor_async.py
[2023-11-02T23:55:32.112+0000] {logging_mixin.py:151} INFO - [2023-11-02T23:55:32.112+0000] {dag.py:2941} INFO - Sync 1 DAGs
[2023-11-02T23:55:32.127+0000] {logging_mixin.py:151} INFO - [2023-11-02T23:55:32.127+0000] {dag.py:3722} INFO - Setting next_dagrun for example_time_delta_sensor_async to None, run_after=None
[2023-11-02T23:55:32.156+0000] {processor.py:179} INFO - Processing /home/airflow/.local/lib/python3.8/site-packages/airflow/example_dags/example_time_delta_sensor_async.py took 0.083 seconds
[2023-11-02T23:56:02.495+0000] {processor.py:157} INFO - Started process (PID=797) to work on /home/airflow/.local/lib/python3.8/site-packages/airflow/example_dags/example_time_delta_sensor_async.py
[2023-11-02T23:56:02.497+0000] {processor.py:829} INFO - Processing file /home/airflow/.local/lib/python3.8/site-packages/airflow/example_dags/example_time_delta_sensor_async.py for tasks to queue
[2023-11-02T23:56:02.499+0000] {logging_mixin.py:151} INFO - [2023-11-02T23:56:02.498+0000] {dagbag.py:536} INFO - Filling up the DagBag from /home/airflow/.local/lib/python3.8/site-packages/airflow/example_dags/example_time_delta_sensor_async.py
[2023-11-02T23:56:02.503+0000] {processor.py:839} INFO - DAG(s) dict_keys(['example_time_delta_sensor_async']) retrieved from /home/airflow/.local/lib/python3.8/site-packages/airflow/example_dags/example_time_delta_sensor_async.py
[2023-11-02T23:56:02.529+0000] {logging_mixin.py:151} INFO - [2023-11-02T23:56:02.529+0000] {dag.py:2941} INFO - Sync 1 DAGs
[2023-11-02T23:56:02.543+0000] {logging_mixin.py:151} INFO - [2023-11-02T23:56:02.543+0000] {dag.py:3722} INFO - Setting next_dagrun for example_time_delta_sensor_async to None, run_after=None
[2023-11-02T23:56:02.571+0000] {processor.py:179} INFO - Processing /home/airflow/.local/lib/python3.8/site-packages/airflow/example_dags/example_time_delta_sensor_async.py took 0.079 seconds
[2023-11-02T23:56:32.643+0000] {processor.py:157} INFO - Started process (PID=851) to work on /home/airflow/.local/lib/python3.8/site-packages/airflow/example_dags/example_time_delta_sensor_async.py
[2023-11-02T23:56:32.644+0000] {processor.py:829} INFO - Processing file /home/airflow/.local/lib/python3.8/site-packages/airflow/example_dags/example_time_delta_sensor_async.py for tasks to queue
[2023-11-02T23:56:32.646+0000] {logging_mixin.py:151} INFO - [2023-11-02T23:56:32.646+0000] {dagbag.py:536} INFO - Filling up the DagBag from /home/airflow/.local/lib/python3.8/site-packages/airflow/example_dags/example_time_delta_sensor_async.py
[2023-11-02T23:56:32.652+0000] {processor.py:839} INFO - DAG(s) dict_keys(['example_time_delta_sensor_async']) retrieved from /home/airflow/.local/lib/python3.8/site-packages/airflow/example_dags/example_time_delta_sensor_async.py
[2023-11-02T23:56:32.680+0000] {logging_mixin.py:151} INFO - [2023-11-02T23:56:32.680+0000] {dag.py:2941} INFO - Sync 1 DAGs
[2023-11-02T23:56:32.695+0000] {logging_mixin.py:151} INFO - [2023-11-02T23:56:32.695+0000] {dag.py:3722} INFO - Setting next_dagrun for example_time_delta_sensor_async to None, run_after=None
[2023-11-02T23:56:32.722+0000] {processor.py:179} INFO - Processing /home/airflow/.local/lib/python3.8/site-packages/airflow/example_dags/example_time_delta_sensor_async.py took 0.083 seconds
[2023-11-02T23:57:03.009+0000] {processor.py:157} INFO - Started process (PID=905) to work on /home/airflow/.local/lib/python3.8/site-packages/airflow/example_dags/example_time_delta_sensor_async.py
[2023-11-02T23:57:03.010+0000] {processor.py:829} INFO - Processing file /home/airflow/.local/lib/python3.8/site-packages/airflow/example_dags/example_time_delta_sensor_async.py for tasks to queue
[2023-11-02T23:57:03.013+0000] {logging_mixin.py:151} INFO - [2023-11-02T23:57:03.012+0000] {dagbag.py:536} INFO - Filling up the DagBag from /home/airflow/.local/lib/python3.8/site-packages/airflow/example_dags/example_time_delta_sensor_async.py
[2023-11-02T23:57:03.017+0000] {processor.py:839} INFO - DAG(s) dict_keys(['example_time_delta_sensor_async']) retrieved from /home/airflow/.local/lib/python3.8/site-packages/airflow/example_dags/example_time_delta_sensor_async.py
[2023-11-02T23:57:03.044+0000] {logging_mixin.py:151} INFO - [2023-11-02T23:57:03.044+0000] {dag.py:2941} INFO - Sync 1 DAGs
[2023-11-02T23:57:03.058+0000] {logging_mixin.py:151} INFO - [2023-11-02T23:57:03.058+0000] {dag.py:3722} INFO - Setting next_dagrun for example_time_delta_sensor_async to None, run_after=None
[2023-11-02T23:57:03.086+0000] {processor.py:179} INFO - Processing /home/airflow/.local/lib/python3.8/site-packages/airflow/example_dags/example_time_delta_sensor_async.py took 0.081 seconds
[2023-11-02T23:57:33.371+0000] {processor.py:157} INFO - Started process (PID=959) to work on /home/airflow/.local/lib/python3.8/site-packages/airflow/example_dags/example_time_delta_sensor_async.py
[2023-11-02T23:57:33.373+0000] {processor.py:829} INFO - Processing file /home/airflow/.local/lib/python3.8/site-packages/airflow/example_dags/example_time_delta_sensor_async.py for tasks to queue
[2023-11-02T23:57:33.376+0000] {logging_mixin.py:151} INFO - [2023-11-02T23:57:33.376+0000] {dagbag.py:536} INFO - Filling up the DagBag from /home/airflow/.local/lib/python3.8/site-packages/airflow/example_dags/example_time_delta_sensor_async.py
[2023-11-02T23:57:33.389+0000] {processor.py:839} INFO - DAG(s) dict_keys(['example_time_delta_sensor_async']) retrieved from /home/airflow/.local/lib/python3.8/site-packages/airflow/example_dags/example_time_delta_sensor_async.py
[2023-11-02T23:57:33.422+0000] {logging_mixin.py:151} INFO - [2023-11-02T23:57:33.421+0000] {dag.py:2941} INFO - Sync 1 DAGs
[2023-11-02T23:57:33.438+0000] {logging_mixin.py:151} INFO - [2023-11-02T23:57:33.437+0000] {dag.py:3722} INFO - Setting next_dagrun for example_time_delta_sensor_async to None, run_after=None
[2023-11-02T23:57:33.470+0000] {processor.py:179} INFO - Processing /home/airflow/.local/lib/python3.8/site-packages/airflow/example_dags/example_time_delta_sensor_async.py took 0.104 seconds
[2023-11-02T23:58:03.817+0000] {processor.py:157} INFO - Started process (PID=1013) to work on /home/airflow/.local/lib/python3.8/site-packages/airflow/example_dags/example_time_delta_sensor_async.py
[2023-11-02T23:58:03.818+0000] {processor.py:829} INFO - Processing file /home/airflow/.local/lib/python3.8/site-packages/airflow/example_dags/example_time_delta_sensor_async.py for tasks to queue
[2023-11-02T23:58:03.820+0000] {logging_mixin.py:151} INFO - [2023-11-02T23:58:03.820+0000] {dagbag.py:536} INFO - Filling up the DagBag from /home/airflow/.local/lib/python3.8/site-packages/airflow/example_dags/example_time_delta_sensor_async.py
[2023-11-02T23:58:03.824+0000] {processor.py:839} INFO - DAG(s) dict_keys(['example_time_delta_sensor_async']) retrieved from /home/airflow/.local/lib/python3.8/site-packages/airflow/example_dags/example_time_delta_sensor_async.py
[2023-11-02T23:58:03.853+0000] {logging_mixin.py:151} INFO - [2023-11-02T23:58:03.853+0000] {dag.py:2941} INFO - Sync 1 DAGs
[2023-11-02T23:58:03.869+0000] {logging_mixin.py:151} INFO - [2023-11-02T23:58:03.869+0000] {dag.py:3722} INFO - Setting next_dagrun for example_time_delta_sensor_async to None, run_after=None
[2023-11-02T23:58:03.901+0000] {processor.py:179} INFO - Processing /home/airflow/.local/lib/python3.8/site-packages/airflow/example_dags/example_time_delta_sensor_async.py took 0.087 seconds
[2023-11-02T23:58:34.317+0000] {processor.py:157} INFO - Started process (PID=1067) to work on /home/airflow/.local/lib/python3.8/site-packages/airflow/example_dags/example_time_delta_sensor_async.py
[2023-11-02T23:58:34.318+0000] {processor.py:829} INFO - Processing file /home/airflow/.local/lib/python3.8/site-packages/airflow/example_dags/example_time_delta_sensor_async.py for tasks to queue
[2023-11-02T23:58:34.320+0000] {logging_mixin.py:151} INFO - [2023-11-02T23:58:34.320+0000] {dagbag.py:536} INFO - Filling up the DagBag from /home/airflow/.local/lib/python3.8/site-packages/airflow/example_dags/example_time_delta_sensor_async.py
[2023-11-02T23:58:34.325+0000] {processor.py:839} INFO - DAG(s) dict_keys(['example_time_delta_sensor_async']) retrieved from /home/airflow/.local/lib/python3.8/site-packages/airflow/example_dags/example_time_delta_sensor_async.py
[2023-11-02T23:58:34.356+0000] {logging_mixin.py:151} INFO - [2023-11-02T23:58:34.356+0000] {dag.py:2941} INFO - Sync 1 DAGs
[2023-11-02T23:58:34.373+0000] {logging_mixin.py:151} INFO - [2023-11-02T23:58:34.373+0000] {dag.py:3722} INFO - Setting next_dagrun for example_time_delta_sensor_async to None, run_after=None
[2023-11-02T23:58:34.400+0000] {processor.py:179} INFO - Processing /home/airflow/.local/lib/python3.8/site-packages/airflow/example_dags/example_time_delta_sensor_async.py took 0.087 seconds
[2023-11-02T23:59:04.854+0000] {processor.py:157} INFO - Started process (PID=1121) to work on /home/airflow/.local/lib/python3.8/site-packages/airflow/example_dags/example_time_delta_sensor_async.py
[2023-11-02T23:59:04.856+0000] {processor.py:829} INFO - Processing file /home/airflow/.local/lib/python3.8/site-packages/airflow/example_dags/example_time_delta_sensor_async.py for tasks to queue
[2023-11-02T23:59:04.858+0000] {logging_mixin.py:151} INFO - [2023-11-02T23:59:04.858+0000] {dagbag.py:536} INFO - Filling up the DagBag from /home/airflow/.local/lib/python3.8/site-packages/airflow/example_dags/example_time_delta_sensor_async.py
[2023-11-02T23:59:04.864+0000] {processor.py:839} INFO - DAG(s) dict_keys(['example_time_delta_sensor_async']) retrieved from /home/airflow/.local/lib/python3.8/site-packages/airflow/example_dags/example_time_delta_sensor_async.py
[2023-11-02T23:59:04.895+0000] {logging_mixin.py:151} INFO - [2023-11-02T23:59:04.895+0000] {dag.py:2941} INFO - Sync 1 DAGs
[2023-11-02T23:59:04.911+0000] {logging_mixin.py:151} INFO - [2023-11-02T23:59:04.911+0000] {dag.py:3722} INFO - Setting next_dagrun for example_time_delta_sensor_async to None, run_after=None
[2023-11-02T23:59:04.942+0000] {processor.py:179} INFO - Processing /home/airflow/.local/lib/python3.8/site-packages/airflow/example_dags/example_time_delta_sensor_async.py took 0.091 seconds
[2023-11-02T23:59:35.272+0000] {processor.py:157} INFO - Started process (PID=1175) to work on /home/airflow/.local/lib/python3.8/site-packages/airflow/example_dags/example_time_delta_sensor_async.py
[2023-11-02T23:59:35.273+0000] {processor.py:829} INFO - Processing file /home/airflow/.local/lib/python3.8/site-packages/airflow/example_dags/example_time_delta_sensor_async.py for tasks to queue
[2023-11-02T23:59:35.275+0000] {logging_mixin.py:151} INFO - [2023-11-02T23:59:35.275+0000] {dagbag.py:536} INFO - Filling up the DagBag from /home/airflow/.local/lib/python3.8/site-packages/airflow/example_dags/example_time_delta_sensor_async.py
[2023-11-02T23:59:35.283+0000] {processor.py:839} INFO - DAG(s) dict_keys(['example_time_delta_sensor_async']) retrieved from /home/airflow/.local/lib/python3.8/site-packages/airflow/example_dags/example_time_delta_sensor_async.py
[2023-11-02T23:59:35.312+0000] {logging_mixin.py:151} INFO - [2023-11-02T23:59:35.312+0000] {dag.py:2941} INFO - Sync 1 DAGs
[2023-11-02T23:59:35.328+0000] {logging_mixin.py:151} INFO - [2023-11-02T23:59:35.328+0000] {dag.py:3722} INFO - Setting next_dagrun for example_time_delta_sensor_async to None, run_after=None
[2023-11-02T23:59:35.357+0000] {processor.py:179} INFO - Processing /home/airflow/.local/lib/python3.8/site-packages/airflow/example_dags/example_time_delta_sensor_async.py took 0.089 seconds
