[2023-11-02T23:26:27.218+0000] {processor.py:157} INFO - Started process (PID=60) to work on /home/airflow/.local/lib/python3.8/site-packages/airflow/example_dags/example_branch_operator_decorator.py
[2023-11-02T23:26:27.220+0000] {processor.py:829} INFO - Processing file /home/airflow/.local/lib/python3.8/site-packages/airflow/example_dags/example_branch_operator_decorator.py for tasks to queue
[2023-11-02T23:26:27.223+0000] {logging_mixin.py:151} INFO - [2023-11-02T23:26:27.223+0000] {dagbag.py:536} INFO - Filling up the DagBag from /home/airflow/.local/lib/python3.8/site-packages/airflow/example_dags/example_branch_operator_decorator.py
[2023-11-02T23:26:27.286+0000] {processor.py:839} INFO - DAG(s) dict_keys(['example_branch_python_operator_decorator']) retrieved from /home/airflow/.local/lib/python3.8/site-packages/airflow/example_dags/example_branch_operator_decorator.py
[2023-11-02T23:26:27.313+0000] {logging_mixin.py:151} INFO - [2023-11-02T23:26:27.313+0000] {dag.py:2941} INFO - Sync 1 DAGs
[2023-11-02T23:26:27.347+0000] {logging_mixin.py:151} INFO - [2023-11-02T23:26:27.347+0000] {dag.py:3722} INFO - Setting next_dagrun for example_branch_python_operator_decorator to 2023-11-01T00:00:00+00:00, run_after=2023-11-02T00:00:00+00:00
[2023-11-02T23:26:27.380+0000] {processor.py:179} INFO - Processing /home/airflow/.local/lib/python3.8/site-packages/airflow/example_dags/example_branch_operator_decorator.py took 0.175 seconds
[2023-11-02T23:26:58.151+0000] {processor.py:157} INFO - Started process (PID=113) to work on /home/airflow/.local/lib/python3.8/site-packages/airflow/example_dags/example_branch_operator_decorator.py
[2023-11-02T23:26:58.152+0000] {processor.py:829} INFO - Processing file /home/airflow/.local/lib/python3.8/site-packages/airflow/example_dags/example_branch_operator_decorator.py for tasks to queue
[2023-11-02T23:26:58.155+0000] {logging_mixin.py:151} INFO - [2023-11-02T23:26:58.154+0000] {dagbag.py:536} INFO - Filling up the DagBag from /home/airflow/.local/lib/python3.8/site-packages/airflow/example_dags/example_branch_operator_decorator.py
[2023-11-02T23:26:58.168+0000] {processor.py:839} INFO - DAG(s) dict_keys(['example_branch_python_operator_decorator']) retrieved from /home/airflow/.local/lib/python3.8/site-packages/airflow/example_dags/example_branch_operator_decorator.py
[2023-11-02T23:26:58.198+0000] {logging_mixin.py:151} INFO - [2023-11-02T23:26:58.197+0000] {dag.py:2941} INFO - Sync 1 DAGs
[2023-11-02T23:26:58.232+0000] {logging_mixin.py:151} INFO - [2023-11-02T23:26:58.232+0000] {dag.py:3722} INFO - Setting next_dagrun for example_branch_python_operator_decorator to 2023-11-01T00:00:00+00:00, run_after=2023-11-02T00:00:00+00:00
[2023-11-02T23:26:58.263+0000] {processor.py:179} INFO - Processing /home/airflow/.local/lib/python3.8/site-packages/airflow/example_dags/example_branch_operator_decorator.py took 0.117 seconds
[2023-11-02T23:27:28.624+0000] {processor.py:157} INFO - Started process (PID=167) to work on /home/airflow/.local/lib/python3.8/site-packages/airflow/example_dags/example_branch_operator_decorator.py
[2023-11-02T23:27:28.625+0000] {processor.py:829} INFO - Processing file /home/airflow/.local/lib/python3.8/site-packages/airflow/example_dags/example_branch_operator_decorator.py for tasks to queue
[2023-11-02T23:27:28.628+0000] {logging_mixin.py:151} INFO - [2023-11-02T23:27:28.628+0000] {dagbag.py:536} INFO - Filling up the DagBag from /home/airflow/.local/lib/python3.8/site-packages/airflow/example_dags/example_branch_operator_decorator.py
[2023-11-02T23:27:28.637+0000] {processor.py:839} INFO - DAG(s) dict_keys(['example_branch_python_operator_decorator']) retrieved from /home/airflow/.local/lib/python3.8/site-packages/airflow/example_dags/example_branch_operator_decorator.py
[2023-11-02T23:27:28.663+0000] {logging_mixin.py:151} INFO - [2023-11-02T23:27:28.663+0000] {dag.py:2941} INFO - Sync 1 DAGs
[2023-11-02T23:27:28.690+0000] {logging_mixin.py:151} INFO - [2023-11-02T23:27:28.690+0000] {dag.py:3722} INFO - Setting next_dagrun for example_branch_python_operator_decorator to 2023-11-01T00:00:00+00:00, run_after=2023-11-02T00:00:00+00:00
[2023-11-02T23:27:28.714+0000] {processor.py:179} INFO - Processing /home/airflow/.local/lib/python3.8/site-packages/airflow/example_dags/example_branch_operator_decorator.py took 0.093 seconds
[2023-11-02T23:27:58.780+0000] {processor.py:157} INFO - Started process (PID=221) to work on /home/airflow/.local/lib/python3.8/site-packages/airflow/example_dags/example_branch_operator_decorator.py
[2023-11-02T23:27:58.781+0000] {processor.py:829} INFO - Processing file /home/airflow/.local/lib/python3.8/site-packages/airflow/example_dags/example_branch_operator_decorator.py for tasks to queue
[2023-11-02T23:27:58.783+0000] {logging_mixin.py:151} INFO - [2023-11-02T23:27:58.783+0000] {dagbag.py:536} INFO - Filling up the DagBag from /home/airflow/.local/lib/python3.8/site-packages/airflow/example_dags/example_branch_operator_decorator.py
[2023-11-02T23:27:58.792+0000] {processor.py:839} INFO - DAG(s) dict_keys(['example_branch_python_operator_decorator']) retrieved from /home/airflow/.local/lib/python3.8/site-packages/airflow/example_dags/example_branch_operator_decorator.py
[2023-11-02T23:27:58.820+0000] {logging_mixin.py:151} INFO - [2023-11-02T23:27:58.820+0000] {dag.py:2941} INFO - Sync 1 DAGs
[2023-11-02T23:27:58.846+0000] {logging_mixin.py:151} INFO - [2023-11-02T23:27:58.846+0000] {dag.py:3722} INFO - Setting next_dagrun for example_branch_python_operator_decorator to 2023-11-01T00:00:00+00:00, run_after=2023-11-02T00:00:00+00:00
[2023-11-02T23:27:58.867+0000] {processor.py:179} INFO - Processing /home/airflow/.local/lib/python3.8/site-packages/airflow/example_dags/example_branch_operator_decorator.py took 0.091 seconds
[2023-11-02T23:28:28.981+0000] {processor.py:157} INFO - Started process (PID=274) to work on /home/airflow/.local/lib/python3.8/site-packages/airflow/example_dags/example_branch_operator_decorator.py
[2023-11-02T23:28:28.983+0000] {processor.py:829} INFO - Processing file /home/airflow/.local/lib/python3.8/site-packages/airflow/example_dags/example_branch_operator_decorator.py for tasks to queue
[2023-11-02T23:28:28.985+0000] {logging_mixin.py:151} INFO - [2023-11-02T23:28:28.984+0000] {dagbag.py:536} INFO - Filling up the DagBag from /home/airflow/.local/lib/python3.8/site-packages/airflow/example_dags/example_branch_operator_decorator.py
[2023-11-02T23:28:28.995+0000] {processor.py:839} INFO - DAG(s) dict_keys(['example_branch_python_operator_decorator']) retrieved from /home/airflow/.local/lib/python3.8/site-packages/airflow/example_dags/example_branch_operator_decorator.py
[2023-11-02T23:28:29.020+0000] {logging_mixin.py:151} INFO - [2023-11-02T23:28:29.020+0000] {dag.py:2941} INFO - Sync 1 DAGs
[2023-11-02T23:28:29.045+0000] {logging_mixin.py:151} INFO - [2023-11-02T23:28:29.044+0000] {dag.py:3722} INFO - Setting next_dagrun for example_branch_python_operator_decorator to 2023-11-01T00:00:00+00:00, run_after=2023-11-02T00:00:00+00:00
[2023-11-02T23:28:29.068+0000] {processor.py:179} INFO - Processing /home/airflow/.local/lib/python3.8/site-packages/airflow/example_dags/example_branch_operator_decorator.py took 0.091 seconds
[2023-11-02T23:28:59.117+0000] {processor.py:157} INFO - Started process (PID=328) to work on /home/airflow/.local/lib/python3.8/site-packages/airflow/example_dags/example_branch_operator_decorator.py
[2023-11-02T23:28:59.119+0000] {processor.py:829} INFO - Processing file /home/airflow/.local/lib/python3.8/site-packages/airflow/example_dags/example_branch_operator_decorator.py for tasks to queue
[2023-11-02T23:28:59.120+0000] {logging_mixin.py:151} INFO - [2023-11-02T23:28:59.120+0000] {dagbag.py:536} INFO - Filling up the DagBag from /home/airflow/.local/lib/python3.8/site-packages/airflow/example_dags/example_branch_operator_decorator.py
[2023-11-02T23:28:59.130+0000] {processor.py:839} INFO - DAG(s) dict_keys(['example_branch_python_operator_decorator']) retrieved from /home/airflow/.local/lib/python3.8/site-packages/airflow/example_dags/example_branch_operator_decorator.py
[2023-11-02T23:28:59.158+0000] {logging_mixin.py:151} INFO - [2023-11-02T23:28:59.158+0000] {dag.py:2941} INFO - Sync 1 DAGs
[2023-11-02T23:28:59.185+0000] {logging_mixin.py:151} INFO - [2023-11-02T23:28:59.184+0000] {dag.py:3722} INFO - Setting next_dagrun for example_branch_python_operator_decorator to 2023-11-01T00:00:00+00:00, run_after=2023-11-02T00:00:00+00:00
[2023-11-02T23:28:59.206+0000] {processor.py:179} INFO - Processing /home/airflow/.local/lib/python3.8/site-packages/airflow/example_dags/example_branch_operator_decorator.py took 0.093 seconds
[2023-11-02T23:29:29.420+0000] {processor.py:157} INFO - Started process (PID=382) to work on /home/airflow/.local/lib/python3.8/site-packages/airflow/example_dags/example_branch_operator_decorator.py
[2023-11-02T23:29:29.422+0000] {processor.py:829} INFO - Processing file /home/airflow/.local/lib/python3.8/site-packages/airflow/example_dags/example_branch_operator_decorator.py for tasks to queue
[2023-11-02T23:29:29.425+0000] {logging_mixin.py:151} INFO - [2023-11-02T23:29:29.424+0000] {dagbag.py:536} INFO - Filling up the DagBag from /home/airflow/.local/lib/python3.8/site-packages/airflow/example_dags/example_branch_operator_decorator.py
[2023-11-02T23:29:29.435+0000] {processor.py:839} INFO - DAG(s) dict_keys(['example_branch_python_operator_decorator']) retrieved from /home/airflow/.local/lib/python3.8/site-packages/airflow/example_dags/example_branch_operator_decorator.py
[2023-11-02T23:29:29.464+0000] {logging_mixin.py:151} INFO - [2023-11-02T23:29:29.464+0000] {dag.py:2941} INFO - Sync 1 DAGs
[2023-11-02T23:29:29.490+0000] {logging_mixin.py:151} INFO - [2023-11-02T23:29:29.489+0000] {dag.py:3722} INFO - Setting next_dagrun for example_branch_python_operator_decorator to 2023-11-01T00:00:00+00:00, run_after=2023-11-02T00:00:00+00:00
[2023-11-02T23:29:29.516+0000] {processor.py:179} INFO - Processing /home/airflow/.local/lib/python3.8/site-packages/airflow/example_dags/example_branch_operator_decorator.py took 0.100 seconds
[2023-11-02T23:30:00.083+0000] {processor.py:157} INFO - Started process (PID=436) to work on /home/airflow/.local/lib/python3.8/site-packages/airflow/example_dags/example_branch_operator_decorator.py
[2023-11-02T23:30:00.084+0000] {processor.py:829} INFO - Processing file /home/airflow/.local/lib/python3.8/site-packages/airflow/example_dags/example_branch_operator_decorator.py for tasks to queue
[2023-11-02T23:30:00.086+0000] {logging_mixin.py:151} INFO - [2023-11-02T23:30:00.085+0000] {dagbag.py:536} INFO - Filling up the DagBag from /home/airflow/.local/lib/python3.8/site-packages/airflow/example_dags/example_branch_operator_decorator.py
[2023-11-02T23:30:00.096+0000] {processor.py:839} INFO - DAG(s) dict_keys(['example_branch_python_operator_decorator']) retrieved from /home/airflow/.local/lib/python3.8/site-packages/airflow/example_dags/example_branch_operator_decorator.py
[2023-11-02T23:30:00.127+0000] {logging_mixin.py:151} INFO - [2023-11-02T23:30:00.127+0000] {dag.py:2941} INFO - Sync 1 DAGs
[2023-11-02T23:30:00.155+0000] {logging_mixin.py:151} INFO - [2023-11-02T23:30:00.155+0000] {dag.py:3722} INFO - Setting next_dagrun for example_branch_python_operator_decorator to 2023-11-01T00:00:00+00:00, run_after=2023-11-02T00:00:00+00:00
[2023-11-02T23:30:00.188+0000] {processor.py:179} INFO - Processing /home/airflow/.local/lib/python3.8/site-packages/airflow/example_dags/example_branch_operator_decorator.py took 0.110 seconds
[2023-11-02T23:30:31.044+0000] {processor.py:157} INFO - Started process (PID=490) to work on /home/airflow/.local/lib/python3.8/site-packages/airflow/example_dags/example_branch_operator_decorator.py
[2023-11-02T23:30:31.045+0000] {processor.py:829} INFO - Processing file /home/airflow/.local/lib/python3.8/site-packages/airflow/example_dags/example_branch_operator_decorator.py for tasks to queue
[2023-11-02T23:30:31.047+0000] {logging_mixin.py:151} INFO - [2023-11-02T23:30:31.047+0000] {dagbag.py:536} INFO - Filling up the DagBag from /home/airflow/.local/lib/python3.8/site-packages/airflow/example_dags/example_branch_operator_decorator.py
[2023-11-02T23:30:31.059+0000] {processor.py:839} INFO - DAG(s) dict_keys(['example_branch_python_operator_decorator']) retrieved from /home/airflow/.local/lib/python3.8/site-packages/airflow/example_dags/example_branch_operator_decorator.py
[2023-11-02T23:30:31.092+0000] {logging_mixin.py:151} INFO - [2023-11-02T23:30:31.091+0000] {dag.py:2941} INFO - Sync 1 DAGs
[2023-11-02T23:30:31.121+0000] {logging_mixin.py:151} INFO - [2023-11-02T23:30:31.121+0000] {dag.py:3722} INFO - Setting next_dagrun for example_branch_python_operator_decorator to 2023-11-01T00:00:00+00:00, run_after=2023-11-02T00:00:00+00:00
[2023-11-02T23:30:31.149+0000] {processor.py:179} INFO - Processing /home/airflow/.local/lib/python3.8/site-packages/airflow/example_dags/example_branch_operator_decorator.py took 0.109 seconds
[2023-11-02T23:31:02.055+0000] {processor.py:157} INFO - Started process (PID=544) to work on /home/airflow/.local/lib/python3.8/site-packages/airflow/example_dags/example_branch_operator_decorator.py
[2023-11-02T23:31:02.058+0000] {processor.py:829} INFO - Processing file /home/airflow/.local/lib/python3.8/site-packages/airflow/example_dags/example_branch_operator_decorator.py for tasks to queue
[2023-11-02T23:31:02.060+0000] {logging_mixin.py:151} INFO - [2023-11-02T23:31:02.060+0000] {dagbag.py:536} INFO - Filling up the DagBag from /home/airflow/.local/lib/python3.8/site-packages/airflow/example_dags/example_branch_operator_decorator.py
[2023-11-02T23:31:02.073+0000] {processor.py:839} INFO - DAG(s) dict_keys(['example_branch_python_operator_decorator']) retrieved from /home/airflow/.local/lib/python3.8/site-packages/airflow/example_dags/example_branch_operator_decorator.py
[2023-11-02T23:31:02.119+0000] {logging_mixin.py:151} INFO - [2023-11-02T23:31:02.119+0000] {dag.py:2941} INFO - Sync 1 DAGs
[2023-11-02T23:31:02.162+0000] {logging_mixin.py:151} INFO - [2023-11-02T23:31:02.162+0000] {dag.py:3722} INFO - Setting next_dagrun for example_branch_python_operator_decorator to 2023-11-01T00:00:00+00:00, run_after=2023-11-02T00:00:00+00:00
[2023-11-02T23:31:02.198+0000] {processor.py:179} INFO - Processing /home/airflow/.local/lib/python3.8/site-packages/airflow/example_dags/example_branch_operator_decorator.py took 0.147 seconds
[2023-11-02T23:31:33.013+0000] {processor.py:157} INFO - Started process (PID=597) to work on /home/airflow/.local/lib/python3.8/site-packages/airflow/example_dags/example_branch_operator_decorator.py
[2023-11-02T23:31:33.015+0000] {processor.py:829} INFO - Processing file /home/airflow/.local/lib/python3.8/site-packages/airflow/example_dags/example_branch_operator_decorator.py for tasks to queue
[2023-11-02T23:31:33.018+0000] {logging_mixin.py:151} INFO - [2023-11-02T23:31:33.017+0000] {dagbag.py:536} INFO - Filling up the DagBag from /home/airflow/.local/lib/python3.8/site-packages/airflow/example_dags/example_branch_operator_decorator.py
[2023-11-02T23:31:33.028+0000] {processor.py:839} INFO - DAG(s) dict_keys(['example_branch_python_operator_decorator']) retrieved from /home/airflow/.local/lib/python3.8/site-packages/airflow/example_dags/example_branch_operator_decorator.py
[2023-11-02T23:31:33.058+0000] {logging_mixin.py:151} INFO - [2023-11-02T23:31:33.058+0000] {dag.py:2941} INFO - Sync 1 DAGs
[2023-11-02T23:31:33.096+0000] {logging_mixin.py:151} INFO - [2023-11-02T23:31:33.096+0000] {dag.py:3722} INFO - Setting next_dagrun for example_branch_python_operator_decorator to 2023-11-01T00:00:00+00:00, run_after=2023-11-02T00:00:00+00:00
[2023-11-02T23:31:33.128+0000] {processor.py:179} INFO - Processing /home/airflow/.local/lib/python3.8/site-packages/airflow/example_dags/example_branch_operator_decorator.py took 0.119 seconds
[2023-11-02T23:32:04.645+0000] {processor.py:157} INFO - Started process (PID=651) to work on /home/airflow/.local/lib/python3.8/site-packages/airflow/example_dags/example_branch_operator_decorator.py
[2023-11-02T23:32:04.649+0000] {processor.py:829} INFO - Processing file /home/airflow/.local/lib/python3.8/site-packages/airflow/example_dags/example_branch_operator_decorator.py for tasks to queue
[2023-11-02T23:32:04.653+0000] {logging_mixin.py:151} INFO - [2023-11-02T23:32:04.653+0000] {dagbag.py:536} INFO - Filling up the DagBag from /home/airflow/.local/lib/python3.8/site-packages/airflow/example_dags/example_branch_operator_decorator.py
[2023-11-02T23:32:04.671+0000] {processor.py:839} INFO - DAG(s) dict_keys(['example_branch_python_operator_decorator']) retrieved from /home/airflow/.local/lib/python3.8/site-packages/airflow/example_dags/example_branch_operator_decorator.py
[2023-11-02T23:32:04.781+0000] {logging_mixin.py:151} INFO - [2023-11-02T23:32:04.778+0000] {dag.py:2941} INFO - Sync 1 DAGs
[2023-11-02T23:32:04.836+0000] {logging_mixin.py:151} INFO - [2023-11-02T23:32:04.835+0000] {dag.py:3722} INFO - Setting next_dagrun for example_branch_python_operator_decorator to 2023-11-01T00:00:00+00:00, run_after=2023-11-02T00:00:00+00:00
[2023-11-02T23:32:04.871+0000] {processor.py:179} INFO - Processing /home/airflow/.local/lib/python3.8/site-packages/airflow/example_dags/example_branch_operator_decorator.py took 0.257 seconds
[2023-11-02T23:32:35.313+0000] {processor.py:157} INFO - Started process (PID=705) to work on /home/airflow/.local/lib/python3.8/site-packages/airflow/example_dags/example_branch_operator_decorator.py
[2023-11-02T23:32:35.316+0000] {processor.py:829} INFO - Processing file /home/airflow/.local/lib/python3.8/site-packages/airflow/example_dags/example_branch_operator_decorator.py for tasks to queue
[2023-11-02T23:32:35.320+0000] {logging_mixin.py:151} INFO - [2023-11-02T23:32:35.319+0000] {dagbag.py:536} INFO - Filling up the DagBag from /home/airflow/.local/lib/python3.8/site-packages/airflow/example_dags/example_branch_operator_decorator.py
[2023-11-02T23:32:35.346+0000] {processor.py:839} INFO - DAG(s) dict_keys(['example_branch_python_operator_decorator']) retrieved from /home/airflow/.local/lib/python3.8/site-packages/airflow/example_dags/example_branch_operator_decorator.py
[2023-11-02T23:32:35.398+0000] {logging_mixin.py:151} INFO - [2023-11-02T23:32:35.398+0000] {dag.py:2941} INFO - Sync 1 DAGs
[2023-11-02T23:32:35.434+0000] {logging_mixin.py:151} INFO - [2023-11-02T23:32:35.434+0000] {dag.py:3722} INFO - Setting next_dagrun for example_branch_python_operator_decorator to 2023-11-01T00:00:00+00:00, run_after=2023-11-02T00:00:00+00:00
[2023-11-02T23:32:35.462+0000] {processor.py:179} INFO - Processing /home/airflow/.local/lib/python3.8/site-packages/airflow/example_dags/example_branch_operator_decorator.py took 0.157 seconds
[2023-11-02T23:33:05.655+0000] {processor.py:157} INFO - Started process (PID=758) to work on /home/airflow/.local/lib/python3.8/site-packages/airflow/example_dags/example_branch_operator_decorator.py
[2023-11-02T23:33:05.655+0000] {processor.py:829} INFO - Processing file /home/airflow/.local/lib/python3.8/site-packages/airflow/example_dags/example_branch_operator_decorator.py for tasks to queue
[2023-11-02T23:33:05.658+0000] {logging_mixin.py:151} INFO - [2023-11-02T23:33:05.657+0000] {dagbag.py:536} INFO - Filling up the DagBag from /home/airflow/.local/lib/python3.8/site-packages/airflow/example_dags/example_branch_operator_decorator.py
[2023-11-02T23:33:05.670+0000] {processor.py:839} INFO - DAG(s) dict_keys(['example_branch_python_operator_decorator']) retrieved from /home/airflow/.local/lib/python3.8/site-packages/airflow/example_dags/example_branch_operator_decorator.py
[2023-11-02T23:33:05.703+0000] {logging_mixin.py:151} INFO - [2023-11-02T23:33:05.703+0000] {dag.py:2941} INFO - Sync 1 DAGs
[2023-11-02T23:33:05.731+0000] {logging_mixin.py:151} INFO - [2023-11-02T23:33:05.731+0000] {dag.py:3722} INFO - Setting next_dagrun for example_branch_python_operator_decorator to 2023-11-01T00:00:00+00:00, run_after=2023-11-02T00:00:00+00:00
[2023-11-02T23:33:05.758+0000] {processor.py:179} INFO - Processing /home/airflow/.local/lib/python3.8/site-packages/airflow/example_dags/example_branch_operator_decorator.py took 0.107 seconds
[2023-11-02T23:33:36.705+0000] {processor.py:157} INFO - Started process (PID=812) to work on /home/airflow/.local/lib/python3.8/site-packages/airflow/example_dags/example_branch_operator_decorator.py
[2023-11-02T23:33:36.707+0000] {processor.py:829} INFO - Processing file /home/airflow/.local/lib/python3.8/site-packages/airflow/example_dags/example_branch_operator_decorator.py for tasks to queue
[2023-11-02T23:33:36.709+0000] {logging_mixin.py:151} INFO - [2023-11-02T23:33:36.708+0000] {dagbag.py:536} INFO - Filling up the DagBag from /home/airflow/.local/lib/python3.8/site-packages/airflow/example_dags/example_branch_operator_decorator.py
[2023-11-02T23:33:36.720+0000] {processor.py:839} INFO - DAG(s) dict_keys(['example_branch_python_operator_decorator']) retrieved from /home/airflow/.local/lib/python3.8/site-packages/airflow/example_dags/example_branch_operator_decorator.py
[2023-11-02T23:33:36.746+0000] {logging_mixin.py:151} INFO - [2023-11-02T23:33:36.746+0000] {dag.py:2941} INFO - Sync 1 DAGs
[2023-11-02T23:33:36.777+0000] {logging_mixin.py:151} INFO - [2023-11-02T23:33:36.777+0000] {dag.py:3722} INFO - Setting next_dagrun for example_branch_python_operator_decorator to 2023-11-01T00:00:00+00:00, run_after=2023-11-02T00:00:00+00:00
[2023-11-02T23:33:36.808+0000] {processor.py:179} INFO - Processing /home/airflow/.local/lib/python3.8/site-packages/airflow/example_dags/example_branch_operator_decorator.py took 0.106 seconds
[2023-11-02T23:34:07.164+0000] {processor.py:157} INFO - Started process (PID=866) to work on /home/airflow/.local/lib/python3.8/site-packages/airflow/example_dags/example_branch_operator_decorator.py
[2023-11-02T23:34:07.166+0000] {processor.py:829} INFO - Processing file /home/airflow/.local/lib/python3.8/site-packages/airflow/example_dags/example_branch_operator_decorator.py for tasks to queue
[2023-11-02T23:34:07.168+0000] {logging_mixin.py:151} INFO - [2023-11-02T23:34:07.168+0000] {dagbag.py:536} INFO - Filling up the DagBag from /home/airflow/.local/lib/python3.8/site-packages/airflow/example_dags/example_branch_operator_decorator.py
[2023-11-02T23:34:07.178+0000] {processor.py:839} INFO - DAG(s) dict_keys(['example_branch_python_operator_decorator']) retrieved from /home/airflow/.local/lib/python3.8/site-packages/airflow/example_dags/example_branch_operator_decorator.py
[2023-11-02T23:34:07.207+0000] {logging_mixin.py:151} INFO - [2023-11-02T23:34:07.206+0000] {dag.py:2941} INFO - Sync 1 DAGs
[2023-11-02T23:34:07.236+0000] {logging_mixin.py:151} INFO - [2023-11-02T23:34:07.235+0000] {dag.py:3722} INFO - Setting next_dagrun for example_branch_python_operator_decorator to 2023-11-01T00:00:00+00:00, run_after=2023-11-02T00:00:00+00:00
[2023-11-02T23:34:07.264+0000] {processor.py:179} INFO - Processing /home/airflow/.local/lib/python3.8/site-packages/airflow/example_dags/example_branch_operator_decorator.py took 0.103 seconds
[2023-11-02T23:34:37.757+0000] {processor.py:157} INFO - Started process (PID=919) to work on /home/airflow/.local/lib/python3.8/site-packages/airflow/example_dags/example_branch_operator_decorator.py
[2023-11-02T23:34:37.759+0000] {processor.py:829} INFO - Processing file /home/airflow/.local/lib/python3.8/site-packages/airflow/example_dags/example_branch_operator_decorator.py for tasks to queue
[2023-11-02T23:34:37.761+0000] {logging_mixin.py:151} INFO - [2023-11-02T23:34:37.761+0000] {dagbag.py:536} INFO - Filling up the DagBag from /home/airflow/.local/lib/python3.8/site-packages/airflow/example_dags/example_branch_operator_decorator.py
[2023-11-02T23:34:37.773+0000] {processor.py:839} INFO - DAG(s) dict_keys(['example_branch_python_operator_decorator']) retrieved from /home/airflow/.local/lib/python3.8/site-packages/airflow/example_dags/example_branch_operator_decorator.py
[2023-11-02T23:34:37.802+0000] {logging_mixin.py:151} INFO - [2023-11-02T23:34:37.802+0000] {dag.py:2941} INFO - Sync 1 DAGs
[2023-11-02T23:34:37.831+0000] {logging_mixin.py:151} INFO - [2023-11-02T23:34:37.831+0000] {dag.py:3722} INFO - Setting next_dagrun for example_branch_python_operator_decorator to 2023-11-01T00:00:00+00:00, run_after=2023-11-02T00:00:00+00:00
[2023-11-02T23:34:37.859+0000] {processor.py:179} INFO - Processing /home/airflow/.local/lib/python3.8/site-packages/airflow/example_dags/example_branch_operator_decorator.py took 0.105 seconds
[2023-11-02T23:35:08.523+0000] {processor.py:157} INFO - Started process (PID=972) to work on /home/airflow/.local/lib/python3.8/site-packages/airflow/example_dags/example_branch_operator_decorator.py
[2023-11-02T23:35:08.524+0000] {processor.py:829} INFO - Processing file /home/airflow/.local/lib/python3.8/site-packages/airflow/example_dags/example_branch_operator_decorator.py for tasks to queue
[2023-11-02T23:35:08.527+0000] {logging_mixin.py:151} INFO - [2023-11-02T23:35:08.527+0000] {dagbag.py:536} INFO - Filling up the DagBag from /home/airflow/.local/lib/python3.8/site-packages/airflow/example_dags/example_branch_operator_decorator.py
[2023-11-02T23:35:08.540+0000] {processor.py:839} INFO - DAG(s) dict_keys(['example_branch_python_operator_decorator']) retrieved from /home/airflow/.local/lib/python3.8/site-packages/airflow/example_dags/example_branch_operator_decorator.py
[2023-11-02T23:35:08.570+0000] {logging_mixin.py:151} INFO - [2023-11-02T23:35:08.570+0000] {dag.py:2941} INFO - Sync 1 DAGs
[2023-11-02T23:35:08.599+0000] {logging_mixin.py:151} INFO - [2023-11-02T23:35:08.598+0000] {dag.py:3722} INFO - Setting next_dagrun for example_branch_python_operator_decorator to 2023-11-01T00:00:00+00:00, run_after=2023-11-02T00:00:00+00:00
[2023-11-02T23:35:08.627+0000] {processor.py:179} INFO - Processing /home/airflow/.local/lib/python3.8/site-packages/airflow/example_dags/example_branch_operator_decorator.py took 0.108 seconds
[2023-11-02T23:35:39.702+0000] {processor.py:157} INFO - Started process (PID=1033) to work on /home/airflow/.local/lib/python3.8/site-packages/airflow/example_dags/example_branch_operator_decorator.py
[2023-11-02T23:35:39.704+0000] {processor.py:829} INFO - Processing file /home/airflow/.local/lib/python3.8/site-packages/airflow/example_dags/example_branch_operator_decorator.py for tasks to queue
[2023-11-02T23:35:39.706+0000] {logging_mixin.py:151} INFO - [2023-11-02T23:35:39.706+0000] {dagbag.py:536} INFO - Filling up the DagBag from /home/airflow/.local/lib/python3.8/site-packages/airflow/example_dags/example_branch_operator_decorator.py
[2023-11-02T23:35:39.718+0000] {processor.py:839} INFO - DAG(s) dict_keys(['example_branch_python_operator_decorator']) retrieved from /home/airflow/.local/lib/python3.8/site-packages/airflow/example_dags/example_branch_operator_decorator.py
[2023-11-02T23:35:39.749+0000] {logging_mixin.py:151} INFO - [2023-11-02T23:35:39.749+0000] {dag.py:2941} INFO - Sync 1 DAGs
[2023-11-02T23:35:39.960+0000] {logging_mixin.py:151} INFO - [2023-11-02T23:35:39.960+0000] {dag.py:3722} INFO - Setting next_dagrun for example_branch_python_operator_decorator to 2023-11-01T00:00:00+00:00, run_after=2023-11-02T00:00:00+00:00
[2023-11-02T23:35:39.989+0000] {processor.py:179} INFO - Processing /home/airflow/.local/lib/python3.8/site-packages/airflow/example_dags/example_branch_operator_decorator.py took 0.291 seconds
[2023-11-02T23:36:10.202+0000] {processor.py:157} INFO - Started process (PID=1088) to work on /home/airflow/.local/lib/python3.8/site-packages/airflow/example_dags/example_branch_operator_decorator.py
[2023-11-02T23:36:10.203+0000] {processor.py:829} INFO - Processing file /home/airflow/.local/lib/python3.8/site-packages/airflow/example_dags/example_branch_operator_decorator.py for tasks to queue
[2023-11-02T23:36:10.205+0000] {logging_mixin.py:151} INFO - [2023-11-02T23:36:10.204+0000] {dagbag.py:536} INFO - Filling up the DagBag from /home/airflow/.local/lib/python3.8/site-packages/airflow/example_dags/example_branch_operator_decorator.py
[2023-11-02T23:36:10.217+0000] {processor.py:839} INFO - DAG(s) dict_keys(['example_branch_python_operator_decorator']) retrieved from /home/airflow/.local/lib/python3.8/site-packages/airflow/example_dags/example_branch_operator_decorator.py
[2023-11-02T23:36:10.245+0000] {logging_mixin.py:151} INFO - [2023-11-02T23:36:10.245+0000] {dag.py:2941} INFO - Sync 1 DAGs
[2023-11-02T23:36:10.273+0000] {logging_mixin.py:151} INFO - [2023-11-02T23:36:10.272+0000] {dag.py:3722} INFO - Setting next_dagrun for example_branch_python_operator_decorator to 2023-11-01T00:00:00+00:00, run_after=2023-11-02T00:00:00+00:00
[2023-11-02T23:36:10.299+0000] {processor.py:179} INFO - Processing /home/airflow/.local/lib/python3.8/site-packages/airflow/example_dags/example_branch_operator_decorator.py took 0.101 seconds
[2023-11-02T23:36:40.323+0000] {processor.py:157} INFO - Started process (PID=1142) to work on /home/airflow/.local/lib/python3.8/site-packages/airflow/example_dags/example_branch_operator_decorator.py
[2023-11-02T23:36:40.324+0000] {processor.py:829} INFO - Processing file /home/airflow/.local/lib/python3.8/site-packages/airflow/example_dags/example_branch_operator_decorator.py for tasks to queue
[2023-11-02T23:36:40.326+0000] {logging_mixin.py:151} INFO - [2023-11-02T23:36:40.326+0000] {dagbag.py:536} INFO - Filling up the DagBag from /home/airflow/.local/lib/python3.8/site-packages/airflow/example_dags/example_branch_operator_decorator.py
[2023-11-02T23:36:40.337+0000] {processor.py:839} INFO - DAG(s) dict_keys(['example_branch_python_operator_decorator']) retrieved from /home/airflow/.local/lib/python3.8/site-packages/airflow/example_dags/example_branch_operator_decorator.py
[2023-11-02T23:36:40.366+0000] {logging_mixin.py:151} INFO - [2023-11-02T23:36:40.366+0000] {dag.py:2941} INFO - Sync 1 DAGs
[2023-11-02T23:36:40.395+0000] {logging_mixin.py:151} INFO - [2023-11-02T23:36:40.394+0000] {dag.py:3722} INFO - Setting next_dagrun for example_branch_python_operator_decorator to 2023-11-01T00:00:00+00:00, run_after=2023-11-02T00:00:00+00:00
[2023-11-02T23:36:40.432+0000] {processor.py:179} INFO - Processing /home/airflow/.local/lib/python3.8/site-packages/airflow/example_dags/example_branch_operator_decorator.py took 0.112 seconds
[2023-11-02T23:37:12.025+0000] {processor.py:157} INFO - Started process (PID=1196) to work on /home/airflow/.local/lib/python3.8/site-packages/airflow/example_dags/example_branch_operator_decorator.py
[2023-11-02T23:37:12.027+0000] {processor.py:829} INFO - Processing file /home/airflow/.local/lib/python3.8/site-packages/airflow/example_dags/example_branch_operator_decorator.py for tasks to queue
[2023-11-02T23:37:12.029+0000] {logging_mixin.py:151} INFO - [2023-11-02T23:37:12.029+0000] {dagbag.py:536} INFO - Filling up the DagBag from /home/airflow/.local/lib/python3.8/site-packages/airflow/example_dags/example_branch_operator_decorator.py
[2023-11-02T23:37:12.040+0000] {processor.py:839} INFO - DAG(s) dict_keys(['example_branch_python_operator_decorator']) retrieved from /home/airflow/.local/lib/python3.8/site-packages/airflow/example_dags/example_branch_operator_decorator.py
[2023-11-02T23:37:12.067+0000] {logging_mixin.py:151} INFO - [2023-11-02T23:37:12.067+0000] {dag.py:2941} INFO - Sync 1 DAGs
[2023-11-02T23:37:12.093+0000] {logging_mixin.py:151} INFO - [2023-11-02T23:37:12.093+0000] {dag.py:3722} INFO - Setting next_dagrun for example_branch_python_operator_decorator to 2023-11-01T00:00:00+00:00, run_after=2023-11-02T00:00:00+00:00
[2023-11-02T23:37:12.121+0000] {processor.py:179} INFO - Processing /home/airflow/.local/lib/python3.8/site-packages/airflow/example_dags/example_branch_operator_decorator.py took 0.099 seconds
[2023-11-02T23:37:43.087+0000] {processor.py:157} INFO - Started process (PID=1251) to work on /home/airflow/.local/lib/python3.8/site-packages/airflow/example_dags/example_branch_operator_decorator.py
[2023-11-02T23:37:43.088+0000] {processor.py:829} INFO - Processing file /home/airflow/.local/lib/python3.8/site-packages/airflow/example_dags/example_branch_operator_decorator.py for tasks to queue
[2023-11-02T23:37:43.091+0000] {logging_mixin.py:151} INFO - [2023-11-02T23:37:43.090+0000] {dagbag.py:536} INFO - Filling up the DagBag from /home/airflow/.local/lib/python3.8/site-packages/airflow/example_dags/example_branch_operator_decorator.py
[2023-11-02T23:37:43.102+0000] {processor.py:839} INFO - DAG(s) dict_keys(['example_branch_python_operator_decorator']) retrieved from /home/airflow/.local/lib/python3.8/site-packages/airflow/example_dags/example_branch_operator_decorator.py
[2023-11-02T23:37:43.136+0000] {logging_mixin.py:151} INFO - [2023-11-02T23:37:43.136+0000] {dag.py:2941} INFO - Sync 1 DAGs
[2023-11-02T23:37:43.337+0000] {logging_mixin.py:151} INFO - [2023-11-02T23:37:43.336+0000] {dag.py:3722} INFO - Setting next_dagrun for example_branch_python_operator_decorator to 2023-11-01T00:00:00+00:00, run_after=2023-11-02T00:00:00+00:00
[2023-11-02T23:37:43.358+0000] {processor.py:179} INFO - Processing /home/airflow/.local/lib/python3.8/site-packages/airflow/example_dags/example_branch_operator_decorator.py took 0.276 seconds
[2023-11-02T23:38:13.571+0000] {processor.py:157} INFO - Started process (PID=1305) to work on /home/airflow/.local/lib/python3.8/site-packages/airflow/example_dags/example_branch_operator_decorator.py
[2023-11-02T23:38:13.572+0000] {processor.py:829} INFO - Processing file /home/airflow/.local/lib/python3.8/site-packages/airflow/example_dags/example_branch_operator_decorator.py for tasks to queue
[2023-11-02T23:38:13.575+0000] {logging_mixin.py:151} INFO - [2023-11-02T23:38:13.574+0000] {dagbag.py:536} INFO - Filling up the DagBag from /home/airflow/.local/lib/python3.8/site-packages/airflow/example_dags/example_branch_operator_decorator.py
[2023-11-02T23:38:13.592+0000] {processor.py:839} INFO - DAG(s) dict_keys(['example_branch_python_operator_decorator']) retrieved from /home/airflow/.local/lib/python3.8/site-packages/airflow/example_dags/example_branch_operator_decorator.py
[2023-11-02T23:38:13.631+0000] {logging_mixin.py:151} INFO - [2023-11-02T23:38:13.630+0000] {dag.py:2941} INFO - Sync 1 DAGs
[2023-11-02T23:38:13.669+0000] {logging_mixin.py:151} INFO - [2023-11-02T23:38:13.669+0000] {dag.py:3722} INFO - Setting next_dagrun for example_branch_python_operator_decorator to 2023-11-01T00:00:00+00:00, run_after=2023-11-02T00:00:00+00:00
[2023-11-02T23:38:13.707+0000] {processor.py:179} INFO - Processing /home/airflow/.local/lib/python3.8/site-packages/airflow/example_dags/example_branch_operator_decorator.py took 0.143 seconds
[2023-11-02T23:38:44.247+0000] {processor.py:157} INFO - Started process (PID=1359) to work on /home/airflow/.local/lib/python3.8/site-packages/airflow/example_dags/example_branch_operator_decorator.py
[2023-11-02T23:38:44.248+0000] {processor.py:829} INFO - Processing file /home/airflow/.local/lib/python3.8/site-packages/airflow/example_dags/example_branch_operator_decorator.py for tasks to queue
[2023-11-02T23:38:44.251+0000] {logging_mixin.py:151} INFO - [2023-11-02T23:38:44.251+0000] {dagbag.py:536} INFO - Filling up the DagBag from /home/airflow/.local/lib/python3.8/site-packages/airflow/example_dags/example_branch_operator_decorator.py
[2023-11-02T23:38:44.262+0000] {processor.py:839} INFO - DAG(s) dict_keys(['example_branch_python_operator_decorator']) retrieved from /home/airflow/.local/lib/python3.8/site-packages/airflow/example_dags/example_branch_operator_decorator.py
[2023-11-02T23:38:44.294+0000] {logging_mixin.py:151} INFO - [2023-11-02T23:38:44.293+0000] {dag.py:2941} INFO - Sync 1 DAGs
[2023-11-02T23:38:44.320+0000] {logging_mixin.py:151} INFO - [2023-11-02T23:38:44.319+0000] {dag.py:3722} INFO - Setting next_dagrun for example_branch_python_operator_decorator to 2023-11-01T00:00:00+00:00, run_after=2023-11-02T00:00:00+00:00
[2023-11-02T23:38:44.345+0000] {processor.py:179} INFO - Processing /home/airflow/.local/lib/python3.8/site-packages/airflow/example_dags/example_branch_operator_decorator.py took 0.102 seconds
[2023-11-02T23:39:14.919+0000] {processor.py:157} INFO - Started process (PID=1413) to work on /home/airflow/.local/lib/python3.8/site-packages/airflow/example_dags/example_branch_operator_decorator.py
[2023-11-02T23:39:14.920+0000] {processor.py:829} INFO - Processing file /home/airflow/.local/lib/python3.8/site-packages/airflow/example_dags/example_branch_operator_decorator.py for tasks to queue
[2023-11-02T23:39:14.922+0000] {logging_mixin.py:151} INFO - [2023-11-02T23:39:14.922+0000] {dagbag.py:536} INFO - Filling up the DagBag from /home/airflow/.local/lib/python3.8/site-packages/airflow/example_dags/example_branch_operator_decorator.py
[2023-11-02T23:39:14.933+0000] {processor.py:839} INFO - DAG(s) dict_keys(['example_branch_python_operator_decorator']) retrieved from /home/airflow/.local/lib/python3.8/site-packages/airflow/example_dags/example_branch_operator_decorator.py
[2023-11-02T23:39:14.962+0000] {logging_mixin.py:151} INFO - [2023-11-02T23:39:14.961+0000] {dag.py:2941} INFO - Sync 1 DAGs
[2023-11-02T23:39:15.157+0000] {logging_mixin.py:151} INFO - [2023-11-02T23:39:15.157+0000] {dag.py:3722} INFO - Setting next_dagrun for example_branch_python_operator_decorator to 2023-11-01T00:00:00+00:00, run_after=2023-11-02T00:00:00+00:00
[2023-11-02T23:39:15.186+0000] {processor.py:179} INFO - Processing /home/airflow/.local/lib/python3.8/site-packages/airflow/example_dags/example_branch_operator_decorator.py took 0.271 seconds
[2023-11-02T23:39:45.579+0000] {processor.py:157} INFO - Started process (PID=1466) to work on /home/airflow/.local/lib/python3.8/site-packages/airflow/example_dags/example_branch_operator_decorator.py
[2023-11-02T23:39:45.581+0000] {processor.py:829} INFO - Processing file /home/airflow/.local/lib/python3.8/site-packages/airflow/example_dags/example_branch_operator_decorator.py for tasks to queue
[2023-11-02T23:39:45.583+0000] {logging_mixin.py:151} INFO - [2023-11-02T23:39:45.583+0000] {dagbag.py:536} INFO - Filling up the DagBag from /home/airflow/.local/lib/python3.8/site-packages/airflow/example_dags/example_branch_operator_decorator.py
[2023-11-02T23:39:45.595+0000] {processor.py:839} INFO - DAG(s) dict_keys(['example_branch_python_operator_decorator']) retrieved from /home/airflow/.local/lib/python3.8/site-packages/airflow/example_dags/example_branch_operator_decorator.py
[2023-11-02T23:39:45.625+0000] {logging_mixin.py:151} INFO - [2023-11-02T23:39:45.625+0000] {dag.py:2941} INFO - Sync 1 DAGs
[2023-11-02T23:39:45.656+0000] {logging_mixin.py:151} INFO - [2023-11-02T23:39:45.656+0000] {dag.py:3722} INFO - Setting next_dagrun for example_branch_python_operator_decorator to 2023-11-01T00:00:00+00:00, run_after=2023-11-02T00:00:00+00:00
[2023-11-02T23:39:45.867+0000] {processor.py:179} INFO - Processing /home/airflow/.local/lib/python3.8/site-packages/airflow/example_dags/example_branch_operator_decorator.py took 0.291 seconds
[2023-11-02T23:40:15.965+0000] {processor.py:157} INFO - Started process (PID=1519) to work on /home/airflow/.local/lib/python3.8/site-packages/airflow/example_dags/example_branch_operator_decorator.py
[2023-11-02T23:40:15.966+0000] {processor.py:829} INFO - Processing file /home/airflow/.local/lib/python3.8/site-packages/airflow/example_dags/example_branch_operator_decorator.py for tasks to queue
[2023-11-02T23:40:15.968+0000] {logging_mixin.py:151} INFO - [2023-11-02T23:40:15.968+0000] {dagbag.py:536} INFO - Filling up the DagBag from /home/airflow/.local/lib/python3.8/site-packages/airflow/example_dags/example_branch_operator_decorator.py
[2023-11-02T23:40:15.979+0000] {processor.py:839} INFO - DAG(s) dict_keys(['example_branch_python_operator_decorator']) retrieved from /home/airflow/.local/lib/python3.8/site-packages/airflow/example_dags/example_branch_operator_decorator.py
[2023-11-02T23:40:16.007+0000] {logging_mixin.py:151} INFO - [2023-11-02T23:40:16.006+0000] {dag.py:2941} INFO - Sync 1 DAGs
[2023-11-02T23:40:16.034+0000] {logging_mixin.py:151} INFO - [2023-11-02T23:40:16.034+0000] {dag.py:3722} INFO - Setting next_dagrun for example_branch_python_operator_decorator to 2023-11-01T00:00:00+00:00, run_after=2023-11-02T00:00:00+00:00
[2023-11-02T23:40:16.060+0000] {processor.py:179} INFO - Processing /home/airflow/.local/lib/python3.8/site-packages/airflow/example_dags/example_branch_operator_decorator.py took 0.098 seconds
[2023-11-02T23:40:47.216+0000] {processor.py:157} INFO - Started process (PID=1573) to work on /home/airflow/.local/lib/python3.8/site-packages/airflow/example_dags/example_branch_operator_decorator.py
[2023-11-02T23:40:47.218+0000] {processor.py:829} INFO - Processing file /home/airflow/.local/lib/python3.8/site-packages/airflow/example_dags/example_branch_operator_decorator.py for tasks to queue
[2023-11-02T23:40:47.220+0000] {logging_mixin.py:151} INFO - [2023-11-02T23:40:47.220+0000] {dagbag.py:536} INFO - Filling up the DagBag from /home/airflow/.local/lib/python3.8/site-packages/airflow/example_dags/example_branch_operator_decorator.py
[2023-11-02T23:40:47.231+0000] {processor.py:839} INFO - DAG(s) dict_keys(['example_branch_python_operator_decorator']) retrieved from /home/airflow/.local/lib/python3.8/site-packages/airflow/example_dags/example_branch_operator_decorator.py
[2023-11-02T23:40:47.430+0000] {logging_mixin.py:151} INFO - [2023-11-02T23:40:47.429+0000] {dag.py:2941} INFO - Sync 1 DAGs
[2023-11-02T23:40:47.456+0000] {logging_mixin.py:151} INFO - [2023-11-02T23:40:47.456+0000] {dag.py:3722} INFO - Setting next_dagrun for example_branch_python_operator_decorator to 2023-11-01T00:00:00+00:00, run_after=2023-11-02T00:00:00+00:00
[2023-11-02T23:40:47.489+0000] {processor.py:179} INFO - Processing /home/airflow/.local/lib/python3.8/site-packages/airflow/example_dags/example_branch_operator_decorator.py took 0.276 seconds
[2023-11-02T23:41:18.000+0000] {processor.py:157} INFO - Started process (PID=1627) to work on /home/airflow/.local/lib/python3.8/site-packages/airflow/example_dags/example_branch_operator_decorator.py
[2023-11-02T23:41:18.002+0000] {processor.py:829} INFO - Processing file /home/airflow/.local/lib/python3.8/site-packages/airflow/example_dags/example_branch_operator_decorator.py for tasks to queue
[2023-11-02T23:41:18.004+0000] {logging_mixin.py:151} INFO - [2023-11-02T23:41:18.004+0000] {dagbag.py:536} INFO - Filling up the DagBag from /home/airflow/.local/lib/python3.8/site-packages/airflow/example_dags/example_branch_operator_decorator.py
[2023-11-02T23:41:18.015+0000] {processor.py:839} INFO - DAG(s) dict_keys(['example_branch_python_operator_decorator']) retrieved from /home/airflow/.local/lib/python3.8/site-packages/airflow/example_dags/example_branch_operator_decorator.py
[2023-11-02T23:41:18.046+0000] {logging_mixin.py:151} INFO - [2023-11-02T23:41:18.046+0000] {dag.py:2941} INFO - Sync 1 DAGs
[2023-11-02T23:41:18.074+0000] {logging_mixin.py:151} INFO - [2023-11-02T23:41:18.073+0000] {dag.py:3722} INFO - Setting next_dagrun for example_branch_python_operator_decorator to 2023-11-01T00:00:00+00:00, run_after=2023-11-02T00:00:00+00:00
[2023-11-02T23:41:18.107+0000] {processor.py:179} INFO - Processing /home/airflow/.local/lib/python3.8/site-packages/airflow/example_dags/example_branch_operator_decorator.py took 0.110 seconds
[2023-11-02T23:41:48.205+0000] {processor.py:157} INFO - Started process (PID=1681) to work on /home/airflow/.local/lib/python3.8/site-packages/airflow/example_dags/example_branch_operator_decorator.py
[2023-11-02T23:41:48.207+0000] {processor.py:829} INFO - Processing file /home/airflow/.local/lib/python3.8/site-packages/airflow/example_dags/example_branch_operator_decorator.py for tasks to queue
[2023-11-02T23:41:48.210+0000] {logging_mixin.py:151} INFO - [2023-11-02T23:41:48.209+0000] {dagbag.py:536} INFO - Filling up the DagBag from /home/airflow/.local/lib/python3.8/site-packages/airflow/example_dags/example_branch_operator_decorator.py
[2023-11-02T23:41:48.220+0000] {processor.py:839} INFO - DAG(s) dict_keys(['example_branch_python_operator_decorator']) retrieved from /home/airflow/.local/lib/python3.8/site-packages/airflow/example_dags/example_branch_operator_decorator.py
[2023-11-02T23:41:48.248+0000] {logging_mixin.py:151} INFO - [2023-11-02T23:41:48.248+0000] {dag.py:2941} INFO - Sync 1 DAGs
[2023-11-02T23:41:48.275+0000] {logging_mixin.py:151} INFO - [2023-11-02T23:41:48.275+0000] {dag.py:3722} INFO - Setting next_dagrun for example_branch_python_operator_decorator to 2023-11-01T00:00:00+00:00, run_after=2023-11-02T00:00:00+00:00
[2023-11-02T23:41:48.304+0000] {processor.py:179} INFO - Processing /home/airflow/.local/lib/python3.8/site-packages/airflow/example_dags/example_branch_operator_decorator.py took 0.102 seconds
[2023-11-02T23:42:18.389+0000] {processor.py:157} INFO - Started process (PID=1735) to work on /home/airflow/.local/lib/python3.8/site-packages/airflow/example_dags/example_branch_operator_decorator.py
[2023-11-02T23:42:18.391+0000] {processor.py:829} INFO - Processing file /home/airflow/.local/lib/python3.8/site-packages/airflow/example_dags/example_branch_operator_decorator.py for tasks to queue
[2023-11-02T23:42:18.393+0000] {logging_mixin.py:151} INFO - [2023-11-02T23:42:18.393+0000] {dagbag.py:536} INFO - Filling up the DagBag from /home/airflow/.local/lib/python3.8/site-packages/airflow/example_dags/example_branch_operator_decorator.py
[2023-11-02T23:42:18.403+0000] {processor.py:839} INFO - DAG(s) dict_keys(['example_branch_python_operator_decorator']) retrieved from /home/airflow/.local/lib/python3.8/site-packages/airflow/example_dags/example_branch_operator_decorator.py
[2023-11-02T23:42:18.431+0000] {logging_mixin.py:151} INFO - [2023-11-02T23:42:18.431+0000] {dag.py:2941} INFO - Sync 1 DAGs
[2023-11-02T23:42:18.460+0000] {logging_mixin.py:151} INFO - [2023-11-02T23:42:18.460+0000] {dag.py:3722} INFO - Setting next_dagrun for example_branch_python_operator_decorator to 2023-11-01T00:00:00+00:00, run_after=2023-11-02T00:00:00+00:00
[2023-11-02T23:42:18.483+0000] {processor.py:179} INFO - Processing /home/airflow/.local/lib/python3.8/site-packages/airflow/example_dags/example_branch_operator_decorator.py took 0.097 seconds
[2023-11-02T23:42:48.605+0000] {processor.py:157} INFO - Started process (PID=1789) to work on /home/airflow/.local/lib/python3.8/site-packages/airflow/example_dags/example_branch_operator_decorator.py
[2023-11-02T23:42:48.607+0000] {processor.py:829} INFO - Processing file /home/airflow/.local/lib/python3.8/site-packages/airflow/example_dags/example_branch_operator_decorator.py for tasks to queue
[2023-11-02T23:42:48.609+0000] {logging_mixin.py:151} INFO - [2023-11-02T23:42:48.609+0000] {dagbag.py:536} INFO - Filling up the DagBag from /home/airflow/.local/lib/python3.8/site-packages/airflow/example_dags/example_branch_operator_decorator.py
[2023-11-02T23:42:48.622+0000] {processor.py:839} INFO - DAG(s) dict_keys(['example_branch_python_operator_decorator']) retrieved from /home/airflow/.local/lib/python3.8/site-packages/airflow/example_dags/example_branch_operator_decorator.py
[2023-11-02T23:42:48.672+0000] {logging_mixin.py:151} INFO - [2023-11-02T23:42:48.672+0000] {dag.py:2941} INFO - Sync 1 DAGs
[2023-11-02T23:42:48.704+0000] {logging_mixin.py:151} INFO - [2023-11-02T23:42:48.704+0000] {dag.py:3722} INFO - Setting next_dagrun for example_branch_python_operator_decorator to 2023-11-01T00:00:00+00:00, run_after=2023-11-02T00:00:00+00:00
[2023-11-02T23:42:48.733+0000] {processor.py:179} INFO - Processing /home/airflow/.local/lib/python3.8/site-packages/airflow/example_dags/example_branch_operator_decorator.py took 0.132 seconds
[2023-11-02T23:43:18.891+0000] {processor.py:157} INFO - Started process (PID=1843) to work on /home/airflow/.local/lib/python3.8/site-packages/airflow/example_dags/example_branch_operator_decorator.py
[2023-11-02T23:43:18.893+0000] {processor.py:829} INFO - Processing file /home/airflow/.local/lib/python3.8/site-packages/airflow/example_dags/example_branch_operator_decorator.py for tasks to queue
[2023-11-02T23:43:18.895+0000] {logging_mixin.py:151} INFO - [2023-11-02T23:43:18.895+0000] {dagbag.py:536} INFO - Filling up the DagBag from /home/airflow/.local/lib/python3.8/site-packages/airflow/example_dags/example_branch_operator_decorator.py
[2023-11-02T23:43:18.906+0000] {processor.py:839} INFO - DAG(s) dict_keys(['example_branch_python_operator_decorator']) retrieved from /home/airflow/.local/lib/python3.8/site-packages/airflow/example_dags/example_branch_operator_decorator.py
[2023-11-02T23:43:18.931+0000] {logging_mixin.py:151} INFO - [2023-11-02T23:43:18.931+0000] {dag.py:2941} INFO - Sync 1 DAGs
[2023-11-02T23:43:18.959+0000] {logging_mixin.py:151} INFO - [2023-11-02T23:43:18.959+0000] {dag.py:3722} INFO - Setting next_dagrun for example_branch_python_operator_decorator to 2023-11-01T00:00:00+00:00, run_after=2023-11-02T00:00:00+00:00
[2023-11-02T23:43:18.984+0000] {processor.py:179} INFO - Processing /home/airflow/.local/lib/python3.8/site-packages/airflow/example_dags/example_branch_operator_decorator.py took 0.097 seconds
[2023-11-02T23:43:49.076+0000] {processor.py:157} INFO - Started process (PID=1897) to work on /home/airflow/.local/lib/python3.8/site-packages/airflow/example_dags/example_branch_operator_decorator.py
[2023-11-02T23:43:49.076+0000] {processor.py:829} INFO - Processing file /home/airflow/.local/lib/python3.8/site-packages/airflow/example_dags/example_branch_operator_decorator.py for tasks to queue
[2023-11-02T23:43:49.079+0000] {logging_mixin.py:151} INFO - [2023-11-02T23:43:49.079+0000] {dagbag.py:536} INFO - Filling up the DagBag from /home/airflow/.local/lib/python3.8/site-packages/airflow/example_dags/example_branch_operator_decorator.py
[2023-11-02T23:43:49.089+0000] {processor.py:839} INFO - DAG(s) dict_keys(['example_branch_python_operator_decorator']) retrieved from /home/airflow/.local/lib/python3.8/site-packages/airflow/example_dags/example_branch_operator_decorator.py
[2023-11-02T23:43:49.119+0000] {logging_mixin.py:151} INFO - [2023-11-02T23:43:49.119+0000] {dag.py:2941} INFO - Sync 1 DAGs
[2023-11-02T23:43:49.152+0000] {logging_mixin.py:151} INFO - [2023-11-02T23:43:49.152+0000] {dag.py:3722} INFO - Setting next_dagrun for example_branch_python_operator_decorator to 2023-11-01T00:00:00+00:00, run_after=2023-11-02T00:00:00+00:00
[2023-11-02T23:43:49.186+0000] {processor.py:179} INFO - Processing /home/airflow/.local/lib/python3.8/site-packages/airflow/example_dags/example_branch_operator_decorator.py took 0.114 seconds
[2023-11-02T23:44:19.403+0000] {processor.py:157} INFO - Started process (PID=1951) to work on /home/airflow/.local/lib/python3.8/site-packages/airflow/example_dags/example_branch_operator_decorator.py
[2023-11-02T23:44:19.405+0000] {processor.py:829} INFO - Processing file /home/airflow/.local/lib/python3.8/site-packages/airflow/example_dags/example_branch_operator_decorator.py for tasks to queue
[2023-11-02T23:44:19.407+0000] {logging_mixin.py:151} INFO - [2023-11-02T23:44:19.407+0000] {dagbag.py:536} INFO - Filling up the DagBag from /home/airflow/.local/lib/python3.8/site-packages/airflow/example_dags/example_branch_operator_decorator.py
[2023-11-02T23:44:19.418+0000] {processor.py:839} INFO - DAG(s) dict_keys(['example_branch_python_operator_decorator']) retrieved from /home/airflow/.local/lib/python3.8/site-packages/airflow/example_dags/example_branch_operator_decorator.py
[2023-11-02T23:44:19.446+0000] {logging_mixin.py:151} INFO - [2023-11-02T23:44:19.446+0000] {dag.py:2941} INFO - Sync 1 DAGs
[2023-11-02T23:44:19.472+0000] {logging_mixin.py:151} INFO - [2023-11-02T23:44:19.471+0000] {dag.py:3722} INFO - Setting next_dagrun for example_branch_python_operator_decorator to 2023-11-01T00:00:00+00:00, run_after=2023-11-02T00:00:00+00:00
[2023-11-02T23:44:19.498+0000] {processor.py:179} INFO - Processing /home/airflow/.local/lib/python3.8/site-packages/airflow/example_dags/example_branch_operator_decorator.py took 0.099 seconds
[2023-11-02T23:44:49.563+0000] {processor.py:157} INFO - Started process (PID=2005) to work on /home/airflow/.local/lib/python3.8/site-packages/airflow/example_dags/example_branch_operator_decorator.py
[2023-11-02T23:44:49.564+0000] {processor.py:829} INFO - Processing file /home/airflow/.local/lib/python3.8/site-packages/airflow/example_dags/example_branch_operator_decorator.py for tasks to queue
[2023-11-02T23:44:49.567+0000] {logging_mixin.py:151} INFO - [2023-11-02T23:44:49.566+0000] {dagbag.py:536} INFO - Filling up the DagBag from /home/airflow/.local/lib/python3.8/site-packages/airflow/example_dags/example_branch_operator_decorator.py
[2023-11-02T23:44:49.578+0000] {processor.py:839} INFO - DAG(s) dict_keys(['example_branch_python_operator_decorator']) retrieved from /home/airflow/.local/lib/python3.8/site-packages/airflow/example_dags/example_branch_operator_decorator.py
[2023-11-02T23:44:49.610+0000] {logging_mixin.py:151} INFO - [2023-11-02T23:44:49.610+0000] {dag.py:2941} INFO - Sync 1 DAGs
[2023-11-02T23:44:49.639+0000] {logging_mixin.py:151} INFO - [2023-11-02T23:44:49.639+0000] {dag.py:3722} INFO - Setting next_dagrun for example_branch_python_operator_decorator to 2023-11-01T00:00:00+00:00, run_after=2023-11-02T00:00:00+00:00
[2023-11-02T23:44:49.663+0000] {processor.py:179} INFO - Processing /home/airflow/.local/lib/python3.8/site-packages/airflow/example_dags/example_branch_operator_decorator.py took 0.103 seconds
[2023-11-02T23:45:20.231+0000] {processor.py:157} INFO - Started process (PID=2059) to work on /home/airflow/.local/lib/python3.8/site-packages/airflow/example_dags/example_branch_operator_decorator.py
[2023-11-02T23:45:20.233+0000] {processor.py:829} INFO - Processing file /home/airflow/.local/lib/python3.8/site-packages/airflow/example_dags/example_branch_operator_decorator.py for tasks to queue
[2023-11-02T23:45:20.235+0000] {logging_mixin.py:151} INFO - [2023-11-02T23:45:20.235+0000] {dagbag.py:536} INFO - Filling up the DagBag from /home/airflow/.local/lib/python3.8/site-packages/airflow/example_dags/example_branch_operator_decorator.py
[2023-11-02T23:45:20.247+0000] {processor.py:839} INFO - DAG(s) dict_keys(['example_branch_python_operator_decorator']) retrieved from /home/airflow/.local/lib/python3.8/site-packages/airflow/example_dags/example_branch_operator_decorator.py
[2023-11-02T23:45:20.282+0000] {logging_mixin.py:151} INFO - [2023-11-02T23:45:20.282+0000] {dag.py:2941} INFO - Sync 1 DAGs
[2023-11-02T23:45:20.309+0000] {logging_mixin.py:151} INFO - [2023-11-02T23:45:20.309+0000] {dag.py:3722} INFO - Setting next_dagrun for example_branch_python_operator_decorator to 2023-11-01T00:00:00+00:00, run_after=2023-11-02T00:00:00+00:00
[2023-11-02T23:45:20.336+0000] {processor.py:179} INFO - Processing /home/airflow/.local/lib/python3.8/site-packages/airflow/example_dags/example_branch_operator_decorator.py took 0.108 seconds
[2023-11-02T23:45:50.505+0000] {processor.py:157} INFO - Started process (PID=2113) to work on /home/airflow/.local/lib/python3.8/site-packages/airflow/example_dags/example_branch_operator_decorator.py
[2023-11-02T23:45:50.506+0000] {processor.py:829} INFO - Processing file /home/airflow/.local/lib/python3.8/site-packages/airflow/example_dags/example_branch_operator_decorator.py for tasks to queue
[2023-11-02T23:45:50.509+0000] {logging_mixin.py:151} INFO - [2023-11-02T23:45:50.508+0000] {dagbag.py:536} INFO - Filling up the DagBag from /home/airflow/.local/lib/python3.8/site-packages/airflow/example_dags/example_branch_operator_decorator.py
[2023-11-02T23:45:50.527+0000] {processor.py:839} INFO - DAG(s) dict_keys(['example_branch_python_operator_decorator']) retrieved from /home/airflow/.local/lib/python3.8/site-packages/airflow/example_dags/example_branch_operator_decorator.py
[2023-11-02T23:45:50.568+0000] {logging_mixin.py:151} INFO - [2023-11-02T23:45:50.567+0000] {dag.py:2941} INFO - Sync 1 DAGs
[2023-11-02T23:45:50.598+0000] {logging_mixin.py:151} INFO - [2023-11-02T23:45:50.597+0000] {dag.py:3722} INFO - Setting next_dagrun for example_branch_python_operator_decorator to 2023-11-01T00:00:00+00:00, run_after=2023-11-02T00:00:00+00:00
[2023-11-02T23:45:50.626+0000] {processor.py:179} INFO - Processing /home/airflow/.local/lib/python3.8/site-packages/airflow/example_dags/example_branch_operator_decorator.py took 0.124 seconds
[2023-11-02T23:46:20.725+0000] {processor.py:157} INFO - Started process (PID=2167) to work on /home/airflow/.local/lib/python3.8/site-packages/airflow/example_dags/example_branch_operator_decorator.py
[2023-11-02T23:46:20.727+0000] {processor.py:829} INFO - Processing file /home/airflow/.local/lib/python3.8/site-packages/airflow/example_dags/example_branch_operator_decorator.py for tasks to queue
[2023-11-02T23:46:20.730+0000] {logging_mixin.py:151} INFO - [2023-11-02T23:46:20.729+0000] {dagbag.py:536} INFO - Filling up the DagBag from /home/airflow/.local/lib/python3.8/site-packages/airflow/example_dags/example_branch_operator_decorator.py
[2023-11-02T23:46:20.741+0000] {processor.py:839} INFO - DAG(s) dict_keys(['example_branch_python_operator_decorator']) retrieved from /home/airflow/.local/lib/python3.8/site-packages/airflow/example_dags/example_branch_operator_decorator.py
[2023-11-02T23:46:20.768+0000] {logging_mixin.py:151} INFO - [2023-11-02T23:46:20.768+0000] {dag.py:2941} INFO - Sync 1 DAGs
[2023-11-02T23:46:20.798+0000] {logging_mixin.py:151} INFO - [2023-11-02T23:46:20.798+0000] {dag.py:3722} INFO - Setting next_dagrun for example_branch_python_operator_decorator to 2023-11-01T00:00:00+00:00, run_after=2023-11-02T00:00:00+00:00
[2023-11-02T23:46:20.831+0000] {processor.py:179} INFO - Processing /home/airflow/.local/lib/python3.8/site-packages/airflow/example_dags/example_branch_operator_decorator.py took 0.109 seconds
[2023-11-02T23:46:50.953+0000] {processor.py:157} INFO - Started process (PID=2221) to work on /home/airflow/.local/lib/python3.8/site-packages/airflow/example_dags/example_branch_operator_decorator.py
[2023-11-02T23:46:50.955+0000] {processor.py:829} INFO - Processing file /home/airflow/.local/lib/python3.8/site-packages/airflow/example_dags/example_branch_operator_decorator.py for tasks to queue
[2023-11-02T23:46:50.957+0000] {logging_mixin.py:151} INFO - [2023-11-02T23:46:50.957+0000] {dagbag.py:536} INFO - Filling up the DagBag from /home/airflow/.local/lib/python3.8/site-packages/airflow/example_dags/example_branch_operator_decorator.py
[2023-11-02T23:46:50.969+0000] {processor.py:839} INFO - DAG(s) dict_keys(['example_branch_python_operator_decorator']) retrieved from /home/airflow/.local/lib/python3.8/site-packages/airflow/example_dags/example_branch_operator_decorator.py
[2023-11-02T23:46:50.998+0000] {logging_mixin.py:151} INFO - [2023-11-02T23:46:50.998+0000] {dag.py:2941} INFO - Sync 1 DAGs
[2023-11-02T23:46:51.024+0000] {logging_mixin.py:151} INFO - [2023-11-02T23:46:51.023+0000] {dag.py:3722} INFO - Setting next_dagrun for example_branch_python_operator_decorator to 2023-11-01T00:00:00+00:00, run_after=2023-11-02T00:00:00+00:00
[2023-11-02T23:46:51.050+0000] {processor.py:179} INFO - Processing /home/airflow/.local/lib/python3.8/site-packages/airflow/example_dags/example_branch_operator_decorator.py took 0.100 seconds
[2023-11-02T23:47:21.143+0000] {processor.py:157} INFO - Started process (PID=2274) to work on /home/airflow/.local/lib/python3.8/site-packages/airflow/example_dags/example_branch_operator_decorator.py
[2023-11-02T23:47:21.145+0000] {processor.py:829} INFO - Processing file /home/airflow/.local/lib/python3.8/site-packages/airflow/example_dags/example_branch_operator_decorator.py for tasks to queue
[2023-11-02T23:47:21.148+0000] {logging_mixin.py:151} INFO - [2023-11-02T23:47:21.148+0000] {dagbag.py:536} INFO - Filling up the DagBag from /home/airflow/.local/lib/python3.8/site-packages/airflow/example_dags/example_branch_operator_decorator.py
[2023-11-02T23:47:21.159+0000] {processor.py:839} INFO - DAG(s) dict_keys(['example_branch_python_operator_decorator']) retrieved from /home/airflow/.local/lib/python3.8/site-packages/airflow/example_dags/example_branch_operator_decorator.py
[2023-11-02T23:47:21.188+0000] {logging_mixin.py:151} INFO - [2023-11-02T23:47:21.188+0000] {dag.py:2941} INFO - Sync 1 DAGs
[2023-11-02T23:47:21.215+0000] {logging_mixin.py:151} INFO - [2023-11-02T23:47:21.214+0000] {dag.py:3722} INFO - Setting next_dagrun for example_branch_python_operator_decorator to 2023-11-01T00:00:00+00:00, run_after=2023-11-02T00:00:00+00:00
[2023-11-02T23:47:21.236+0000] {processor.py:179} INFO - Processing /home/airflow/.local/lib/python3.8/site-packages/airflow/example_dags/example_branch_operator_decorator.py took 0.096 seconds
[2023-11-02T23:47:51.376+0000] {processor.py:157} INFO - Started process (PID=2328) to work on /home/airflow/.local/lib/python3.8/site-packages/airflow/example_dags/example_branch_operator_decorator.py
[2023-11-02T23:47:51.377+0000] {processor.py:829} INFO - Processing file /home/airflow/.local/lib/python3.8/site-packages/airflow/example_dags/example_branch_operator_decorator.py for tasks to queue
[2023-11-02T23:47:51.380+0000] {logging_mixin.py:151} INFO - [2023-11-02T23:47:51.380+0000] {dagbag.py:536} INFO - Filling up the DagBag from /home/airflow/.local/lib/python3.8/site-packages/airflow/example_dags/example_branch_operator_decorator.py
[2023-11-02T23:47:51.392+0000] {processor.py:839} INFO - DAG(s) dict_keys(['example_branch_python_operator_decorator']) retrieved from /home/airflow/.local/lib/python3.8/site-packages/airflow/example_dags/example_branch_operator_decorator.py
[2023-11-02T23:47:51.423+0000] {logging_mixin.py:151} INFO - [2023-11-02T23:47:51.423+0000] {dag.py:2941} INFO - Sync 1 DAGs
[2023-11-02T23:47:51.454+0000] {logging_mixin.py:151} INFO - [2023-11-02T23:47:51.454+0000] {dag.py:3722} INFO - Setting next_dagrun for example_branch_python_operator_decorator to 2023-11-01T00:00:00+00:00, run_after=2023-11-02T00:00:00+00:00
[2023-11-02T23:47:51.494+0000] {processor.py:179} INFO - Processing /home/airflow/.local/lib/python3.8/site-packages/airflow/example_dags/example_branch_operator_decorator.py took 0.122 seconds
[2023-11-02T23:48:59.971+0000] {processor.py:157} INFO - Started process (PID=59) to work on /home/airflow/.local/lib/python3.8/site-packages/airflow/example_dags/example_branch_operator_decorator.py
[2023-11-02T23:48:59.973+0000] {processor.py:829} INFO - Processing file /home/airflow/.local/lib/python3.8/site-packages/airflow/example_dags/example_branch_operator_decorator.py for tasks to queue
[2023-11-02T23:48:59.975+0000] {logging_mixin.py:151} INFO - [2023-11-02T23:48:59.975+0000] {dagbag.py:536} INFO - Filling up the DagBag from /home/airflow/.local/lib/python3.8/site-packages/airflow/example_dags/example_branch_operator_decorator.py
[2023-11-02T23:48:59.994+0000] {processor.py:839} INFO - DAG(s) dict_keys(['example_branch_python_operator_decorator']) retrieved from /home/airflow/.local/lib/python3.8/site-packages/airflow/example_dags/example_branch_operator_decorator.py
[2023-11-02T23:49:00.014+0000] {logging_mixin.py:151} INFO - [2023-11-02T23:49:00.014+0000] {dag.py:2941} INFO - Sync 1 DAGs
[2023-11-02T23:49:00.050+0000] {logging_mixin.py:151} INFO - [2023-11-02T23:49:00.050+0000] {dag.py:3722} INFO - Setting next_dagrun for example_branch_python_operator_decorator to 2023-11-01T00:00:00+00:00, run_after=2023-11-02T00:00:00+00:00
[2023-11-02T23:49:00.079+0000] {processor.py:179} INFO - Processing /home/airflow/.local/lib/python3.8/site-packages/airflow/example_dags/example_branch_operator_decorator.py took 0.111 seconds
[2023-11-02T23:49:30.511+0000] {processor.py:157} INFO - Started process (PID=113) to work on /home/airflow/.local/lib/python3.8/site-packages/airflow/example_dags/example_branch_operator_decorator.py
[2023-11-02T23:49:30.513+0000] {processor.py:829} INFO - Processing file /home/airflow/.local/lib/python3.8/site-packages/airflow/example_dags/example_branch_operator_decorator.py for tasks to queue
[2023-11-02T23:49:30.516+0000] {logging_mixin.py:151} INFO - [2023-11-02T23:49:30.516+0000] {dagbag.py:536} INFO - Filling up the DagBag from /home/airflow/.local/lib/python3.8/site-packages/airflow/example_dags/example_branch_operator_decorator.py
[2023-11-02T23:49:30.533+0000] {processor.py:839} INFO - DAG(s) dict_keys(['example_branch_python_operator_decorator']) retrieved from /home/airflow/.local/lib/python3.8/site-packages/airflow/example_dags/example_branch_operator_decorator.py
[2023-11-02T23:49:30.562+0000] {logging_mixin.py:151} INFO - [2023-11-02T23:49:30.562+0000] {dag.py:2941} INFO - Sync 1 DAGs
[2023-11-02T23:49:30.592+0000] {logging_mixin.py:151} INFO - [2023-11-02T23:49:30.592+0000] {dag.py:3722} INFO - Setting next_dagrun for example_branch_python_operator_decorator to 2023-11-01T00:00:00+00:00, run_after=2023-11-02T00:00:00+00:00
[2023-11-02T23:49:30.623+0000] {processor.py:179} INFO - Processing /home/airflow/.local/lib/python3.8/site-packages/airflow/example_dags/example_branch_operator_decorator.py took 0.116 seconds
[2023-11-02T23:50:00.717+0000] {processor.py:157} INFO - Started process (PID=167) to work on /home/airflow/.local/lib/python3.8/site-packages/airflow/example_dags/example_branch_operator_decorator.py
[2023-11-02T23:50:00.718+0000] {processor.py:829} INFO - Processing file /home/airflow/.local/lib/python3.8/site-packages/airflow/example_dags/example_branch_operator_decorator.py for tasks to queue
[2023-11-02T23:50:00.721+0000] {logging_mixin.py:151} INFO - [2023-11-02T23:50:00.720+0000] {dagbag.py:536} INFO - Filling up the DagBag from /home/airflow/.local/lib/python3.8/site-packages/airflow/example_dags/example_branch_operator_decorator.py
[2023-11-02T23:50:00.733+0000] {processor.py:839} INFO - DAG(s) dict_keys(['example_branch_python_operator_decorator']) retrieved from /home/airflow/.local/lib/python3.8/site-packages/airflow/example_dags/example_branch_operator_decorator.py
[2023-11-02T23:50:00.768+0000] {logging_mixin.py:151} INFO - [2023-11-02T23:50:00.767+0000] {dag.py:2941} INFO - Sync 1 DAGs
[2023-11-02T23:50:00.806+0000] {logging_mixin.py:151} INFO - [2023-11-02T23:50:00.806+0000] {dag.py:3722} INFO - Setting next_dagrun for example_branch_python_operator_decorator to 2023-11-01T00:00:00+00:00, run_after=2023-11-02T00:00:00+00:00
[2023-11-02T23:50:00.847+0000] {processor.py:179} INFO - Processing /home/airflow/.local/lib/python3.8/site-packages/airflow/example_dags/example_branch_operator_decorator.py took 0.134 seconds
[2023-11-02T23:50:31.136+0000] {processor.py:157} INFO - Started process (PID=221) to work on /home/airflow/.local/lib/python3.8/site-packages/airflow/example_dags/example_branch_operator_decorator.py
[2023-11-02T23:50:31.138+0000] {processor.py:829} INFO - Processing file /home/airflow/.local/lib/python3.8/site-packages/airflow/example_dags/example_branch_operator_decorator.py for tasks to queue
[2023-11-02T23:50:31.140+0000] {logging_mixin.py:151} INFO - [2023-11-02T23:50:31.139+0000] {dagbag.py:536} INFO - Filling up the DagBag from /home/airflow/.local/lib/python3.8/site-packages/airflow/example_dags/example_branch_operator_decorator.py
[2023-11-02T23:50:31.150+0000] {processor.py:839} INFO - DAG(s) dict_keys(['example_branch_python_operator_decorator']) retrieved from /home/airflow/.local/lib/python3.8/site-packages/airflow/example_dags/example_branch_operator_decorator.py
[2023-11-02T23:50:31.178+0000] {logging_mixin.py:151} INFO - [2023-11-02T23:50:31.178+0000] {dag.py:2941} INFO - Sync 1 DAGs
[2023-11-02T23:50:31.205+0000] {logging_mixin.py:151} INFO - [2023-11-02T23:50:31.205+0000] {dag.py:3722} INFO - Setting next_dagrun for example_branch_python_operator_decorator to 2023-11-01T00:00:00+00:00, run_after=2023-11-02T00:00:00+00:00
[2023-11-02T23:50:31.228+0000] {processor.py:179} INFO - Processing /home/airflow/.local/lib/python3.8/site-packages/airflow/example_dags/example_branch_operator_decorator.py took 0.095 seconds
[2023-11-02T23:51:01.618+0000] {processor.py:157} INFO - Started process (PID=275) to work on /home/airflow/.local/lib/python3.8/site-packages/airflow/example_dags/example_branch_operator_decorator.py
[2023-11-02T23:51:01.620+0000] {processor.py:829} INFO - Processing file /home/airflow/.local/lib/python3.8/site-packages/airflow/example_dags/example_branch_operator_decorator.py for tasks to queue
[2023-11-02T23:51:01.622+0000] {logging_mixin.py:151} INFO - [2023-11-02T23:51:01.622+0000] {dagbag.py:536} INFO - Filling up the DagBag from /home/airflow/.local/lib/python3.8/site-packages/airflow/example_dags/example_branch_operator_decorator.py
[2023-11-02T23:51:01.633+0000] {processor.py:839} INFO - DAG(s) dict_keys(['example_branch_python_operator_decorator']) retrieved from /home/airflow/.local/lib/python3.8/site-packages/airflow/example_dags/example_branch_operator_decorator.py
[2023-11-02T23:51:01.660+0000] {logging_mixin.py:151} INFO - [2023-11-02T23:51:01.660+0000] {dag.py:2941} INFO - Sync 1 DAGs
[2023-11-02T23:51:01.685+0000] {logging_mixin.py:151} INFO - [2023-11-02T23:51:01.685+0000] {dag.py:3722} INFO - Setting next_dagrun for example_branch_python_operator_decorator to 2023-11-01T00:00:00+00:00, run_after=2023-11-02T00:00:00+00:00
[2023-11-02T23:51:01.721+0000] {processor.py:179} INFO - Processing /home/airflow/.local/lib/python3.8/site-packages/airflow/example_dags/example_branch_operator_decorator.py took 0.106 seconds
[2023-11-02T23:51:31.884+0000] {processor.py:157} INFO - Started process (PID=329) to work on /home/airflow/.local/lib/python3.8/site-packages/airflow/example_dags/example_branch_operator_decorator.py
[2023-11-02T23:51:31.885+0000] {processor.py:829} INFO - Processing file /home/airflow/.local/lib/python3.8/site-packages/airflow/example_dags/example_branch_operator_decorator.py for tasks to queue
[2023-11-02T23:51:31.887+0000] {logging_mixin.py:151} INFO - [2023-11-02T23:51:31.887+0000] {dagbag.py:536} INFO - Filling up the DagBag from /home/airflow/.local/lib/python3.8/site-packages/airflow/example_dags/example_branch_operator_decorator.py
[2023-11-02T23:51:31.898+0000] {processor.py:839} INFO - DAG(s) dict_keys(['example_branch_python_operator_decorator']) retrieved from /home/airflow/.local/lib/python3.8/site-packages/airflow/example_dags/example_branch_operator_decorator.py
[2023-11-02T23:51:31.926+0000] {logging_mixin.py:151} INFO - [2023-11-02T23:51:31.926+0000] {dag.py:2941} INFO - Sync 1 DAGs
[2023-11-02T23:51:31.954+0000] {logging_mixin.py:151} INFO - [2023-11-02T23:51:31.954+0000] {dag.py:3722} INFO - Setting next_dagrun for example_branch_python_operator_decorator to 2023-11-01T00:00:00+00:00, run_after=2023-11-02T00:00:00+00:00
[2023-11-02T23:51:31.985+0000] {processor.py:179} INFO - Processing /home/airflow/.local/lib/python3.8/site-packages/airflow/example_dags/example_branch_operator_decorator.py took 0.104 seconds
[2023-11-02T23:52:02.185+0000] {processor.py:157} INFO - Started process (PID=383) to work on /home/airflow/.local/lib/python3.8/site-packages/airflow/example_dags/example_branch_operator_decorator.py
[2023-11-02T23:52:02.187+0000] {processor.py:829} INFO - Processing file /home/airflow/.local/lib/python3.8/site-packages/airflow/example_dags/example_branch_operator_decorator.py for tasks to queue
[2023-11-02T23:52:02.190+0000] {logging_mixin.py:151} INFO - [2023-11-02T23:52:02.189+0000] {dagbag.py:536} INFO - Filling up the DagBag from /home/airflow/.local/lib/python3.8/site-packages/airflow/example_dags/example_branch_operator_decorator.py
[2023-11-02T23:52:02.200+0000] {processor.py:839} INFO - DAG(s) dict_keys(['example_branch_python_operator_decorator']) retrieved from /home/airflow/.local/lib/python3.8/site-packages/airflow/example_dags/example_branch_operator_decorator.py
[2023-11-02T23:52:02.227+0000] {logging_mixin.py:151} INFO - [2023-11-02T23:52:02.227+0000] {dag.py:2941} INFO - Sync 1 DAGs
[2023-11-02T23:52:02.257+0000] {logging_mixin.py:151} INFO - [2023-11-02T23:52:02.256+0000] {dag.py:3722} INFO - Setting next_dagrun for example_branch_python_operator_decorator to 2023-11-01T00:00:00+00:00, run_after=2023-11-02T00:00:00+00:00
[2023-11-02T23:52:02.279+0000] {processor.py:179} INFO - Processing /home/airflow/.local/lib/python3.8/site-packages/airflow/example_dags/example_branch_operator_decorator.py took 0.097 seconds
[2023-11-02T23:52:32.401+0000] {processor.py:157} INFO - Started process (PID=437) to work on /home/airflow/.local/lib/python3.8/site-packages/airflow/example_dags/example_branch_operator_decorator.py
[2023-11-02T23:52:32.402+0000] {processor.py:829} INFO - Processing file /home/airflow/.local/lib/python3.8/site-packages/airflow/example_dags/example_branch_operator_decorator.py for tasks to queue
[2023-11-02T23:52:32.404+0000] {logging_mixin.py:151} INFO - [2023-11-02T23:52:32.404+0000] {dagbag.py:536} INFO - Filling up the DagBag from /home/airflow/.local/lib/python3.8/site-packages/airflow/example_dags/example_branch_operator_decorator.py
[2023-11-02T23:52:32.418+0000] {processor.py:839} INFO - DAG(s) dict_keys(['example_branch_python_operator_decorator']) retrieved from /home/airflow/.local/lib/python3.8/site-packages/airflow/example_dags/example_branch_operator_decorator.py
[2023-11-02T23:52:32.452+0000] {logging_mixin.py:151} INFO - [2023-11-02T23:52:32.451+0000] {dag.py:2941} INFO - Sync 1 DAGs
[2023-11-02T23:52:32.480+0000] {logging_mixin.py:151} INFO - [2023-11-02T23:52:32.479+0000] {dag.py:3722} INFO - Setting next_dagrun for example_branch_python_operator_decorator to 2023-11-01T00:00:00+00:00, run_after=2023-11-02T00:00:00+00:00
[2023-11-02T23:52:32.505+0000] {processor.py:179} INFO - Processing /home/airflow/.local/lib/python3.8/site-packages/airflow/example_dags/example_branch_operator_decorator.py took 0.109 seconds
[2023-11-02T23:53:02.579+0000] {processor.py:157} INFO - Started process (PID=491) to work on /home/airflow/.local/lib/python3.8/site-packages/airflow/example_dags/example_branch_operator_decorator.py
[2023-11-02T23:53:02.581+0000] {processor.py:829} INFO - Processing file /home/airflow/.local/lib/python3.8/site-packages/airflow/example_dags/example_branch_operator_decorator.py for tasks to queue
[2023-11-02T23:53:02.583+0000] {logging_mixin.py:151} INFO - [2023-11-02T23:53:02.583+0000] {dagbag.py:536} INFO - Filling up the DagBag from /home/airflow/.local/lib/python3.8/site-packages/airflow/example_dags/example_branch_operator_decorator.py
[2023-11-02T23:53:02.593+0000] {processor.py:839} INFO - DAG(s) dict_keys(['example_branch_python_operator_decorator']) retrieved from /home/airflow/.local/lib/python3.8/site-packages/airflow/example_dags/example_branch_operator_decorator.py
[2023-11-02T23:53:02.617+0000] {logging_mixin.py:151} INFO - [2023-11-02T23:53:02.617+0000] {dag.py:2941} INFO - Sync 1 DAGs
[2023-11-02T23:53:02.644+0000] {logging_mixin.py:151} INFO - [2023-11-02T23:53:02.644+0000] {dag.py:3722} INFO - Setting next_dagrun for example_branch_python_operator_decorator to 2023-11-01T00:00:00+00:00, run_after=2023-11-02T00:00:00+00:00
[2023-11-02T23:53:02.667+0000] {processor.py:179} INFO - Processing /home/airflow/.local/lib/python3.8/site-packages/airflow/example_dags/example_branch_operator_decorator.py took 0.091 seconds
[2023-11-02T23:53:32.872+0000] {processor.py:157} INFO - Started process (PID=545) to work on /home/airflow/.local/lib/python3.8/site-packages/airflow/example_dags/example_branch_operator_decorator.py
[2023-11-02T23:53:32.873+0000] {processor.py:829} INFO - Processing file /home/airflow/.local/lib/python3.8/site-packages/airflow/example_dags/example_branch_operator_decorator.py for tasks to queue
[2023-11-02T23:53:32.875+0000] {logging_mixin.py:151} INFO - [2023-11-02T23:53:32.875+0000] {dagbag.py:536} INFO - Filling up the DagBag from /home/airflow/.local/lib/python3.8/site-packages/airflow/example_dags/example_branch_operator_decorator.py
[2023-11-02T23:53:32.886+0000] {processor.py:839} INFO - DAG(s) dict_keys(['example_branch_python_operator_decorator']) retrieved from /home/airflow/.local/lib/python3.8/site-packages/airflow/example_dags/example_branch_operator_decorator.py
[2023-11-02T23:53:32.913+0000] {logging_mixin.py:151} INFO - [2023-11-02T23:53:32.913+0000] {dag.py:2941} INFO - Sync 1 DAGs
[2023-11-02T23:53:32.942+0000] {logging_mixin.py:151} INFO - [2023-11-02T23:53:32.942+0000] {dag.py:3722} INFO - Setting next_dagrun for example_branch_python_operator_decorator to 2023-11-01T00:00:00+00:00, run_after=2023-11-02T00:00:00+00:00
[2023-11-02T23:53:32.972+0000] {processor.py:179} INFO - Processing /home/airflow/.local/lib/python3.8/site-packages/airflow/example_dags/example_branch_operator_decorator.py took 0.103 seconds
[2023-11-02T23:54:03.229+0000] {processor.py:157} INFO - Started process (PID=599) to work on /home/airflow/.local/lib/python3.8/site-packages/airflow/example_dags/example_branch_operator_decorator.py
[2023-11-02T23:54:03.231+0000] {processor.py:829} INFO - Processing file /home/airflow/.local/lib/python3.8/site-packages/airflow/example_dags/example_branch_operator_decorator.py for tasks to queue
[2023-11-02T23:54:03.233+0000] {logging_mixin.py:151} INFO - [2023-11-02T23:54:03.233+0000] {dagbag.py:536} INFO - Filling up the DagBag from /home/airflow/.local/lib/python3.8/site-packages/airflow/example_dags/example_branch_operator_decorator.py
[2023-11-02T23:54:03.244+0000] {processor.py:839} INFO - DAG(s) dict_keys(['example_branch_python_operator_decorator']) retrieved from /home/airflow/.local/lib/python3.8/site-packages/airflow/example_dags/example_branch_operator_decorator.py
[2023-11-02T23:54:03.271+0000] {logging_mixin.py:151} INFO - [2023-11-02T23:54:03.271+0000] {dag.py:2941} INFO - Sync 1 DAGs
[2023-11-02T23:54:03.300+0000] {logging_mixin.py:151} INFO - [2023-11-02T23:54:03.300+0000] {dag.py:3722} INFO - Setting next_dagrun for example_branch_python_operator_decorator to 2023-11-01T00:00:00+00:00, run_after=2023-11-02T00:00:00+00:00
[2023-11-02T23:54:03.327+0000] {processor.py:179} INFO - Processing /home/airflow/.local/lib/python3.8/site-packages/airflow/example_dags/example_branch_operator_decorator.py took 0.101 seconds
[2023-11-02T23:54:33.500+0000] {processor.py:157} INFO - Started process (PID=654) to work on /home/airflow/.local/lib/python3.8/site-packages/airflow/example_dags/example_branch_operator_decorator.py
[2023-11-02T23:54:33.501+0000] {processor.py:829} INFO - Processing file /home/airflow/.local/lib/python3.8/site-packages/airflow/example_dags/example_branch_operator_decorator.py for tasks to queue
[2023-11-02T23:54:33.503+0000] {logging_mixin.py:151} INFO - [2023-11-02T23:54:33.503+0000] {dagbag.py:536} INFO - Filling up the DagBag from /home/airflow/.local/lib/python3.8/site-packages/airflow/example_dags/example_branch_operator_decorator.py
[2023-11-02T23:54:33.514+0000] {processor.py:839} INFO - DAG(s) dict_keys(['example_branch_python_operator_decorator']) retrieved from /home/airflow/.local/lib/python3.8/site-packages/airflow/example_dags/example_branch_operator_decorator.py
[2023-11-02T23:54:33.544+0000] {logging_mixin.py:151} INFO - [2023-11-02T23:54:33.543+0000] {dag.py:2941} INFO - Sync 1 DAGs
[2023-11-02T23:54:33.576+0000] {logging_mixin.py:151} INFO - [2023-11-02T23:54:33.575+0000] {dag.py:3722} INFO - Setting next_dagrun for example_branch_python_operator_decorator to 2023-11-01T00:00:00+00:00, run_after=2023-11-02T00:00:00+00:00
[2023-11-02T23:54:33.608+0000] {processor.py:179} INFO - Processing /home/airflow/.local/lib/python3.8/site-packages/airflow/example_dags/example_branch_operator_decorator.py took 0.112 seconds
[2023-11-02T23:55:04.428+0000] {processor.py:157} INFO - Started process (PID=707) to work on /home/airflow/.local/lib/python3.8/site-packages/airflow/example_dags/example_branch_operator_decorator.py
[2023-11-02T23:55:04.430+0000] {processor.py:829} INFO - Processing file /home/airflow/.local/lib/python3.8/site-packages/airflow/example_dags/example_branch_operator_decorator.py for tasks to queue
[2023-11-02T23:55:04.432+0000] {logging_mixin.py:151} INFO - [2023-11-02T23:55:04.431+0000] {dagbag.py:536} INFO - Filling up the DagBag from /home/airflow/.local/lib/python3.8/site-packages/airflow/example_dags/example_branch_operator_decorator.py
[2023-11-02T23:55:04.442+0000] {processor.py:839} INFO - DAG(s) dict_keys(['example_branch_python_operator_decorator']) retrieved from /home/airflow/.local/lib/python3.8/site-packages/airflow/example_dags/example_branch_operator_decorator.py
[2023-11-02T23:55:04.471+0000] {logging_mixin.py:151} INFO - [2023-11-02T23:55:04.471+0000] {dag.py:2941} INFO - Sync 1 DAGs
[2023-11-02T23:55:04.503+0000] {logging_mixin.py:151} INFO - [2023-11-02T23:55:04.503+0000] {dag.py:3722} INFO - Setting next_dagrun for example_branch_python_operator_decorator to 2023-11-01T00:00:00+00:00, run_after=2023-11-02T00:00:00+00:00
[2023-11-02T23:55:04.531+0000] {processor.py:179} INFO - Processing /home/airflow/.local/lib/python3.8/site-packages/airflow/example_dags/example_branch_operator_decorator.py took 0.106 seconds
[2023-11-02T23:55:34.656+0000] {processor.py:157} INFO - Started process (PID=761) to work on /home/airflow/.local/lib/python3.8/site-packages/airflow/example_dags/example_branch_operator_decorator.py
[2023-11-02T23:55:34.657+0000] {processor.py:829} INFO - Processing file /home/airflow/.local/lib/python3.8/site-packages/airflow/example_dags/example_branch_operator_decorator.py for tasks to queue
[2023-11-02T23:55:34.660+0000] {logging_mixin.py:151} INFO - [2023-11-02T23:55:34.659+0000] {dagbag.py:536} INFO - Filling up the DagBag from /home/airflow/.local/lib/python3.8/site-packages/airflow/example_dags/example_branch_operator_decorator.py
[2023-11-02T23:55:34.670+0000] {processor.py:839} INFO - DAG(s) dict_keys(['example_branch_python_operator_decorator']) retrieved from /home/airflow/.local/lib/python3.8/site-packages/airflow/example_dags/example_branch_operator_decorator.py
[2023-11-02T23:55:34.700+0000] {logging_mixin.py:151} INFO - [2023-11-02T23:55:34.700+0000] {dag.py:2941} INFO - Sync 1 DAGs
[2023-11-02T23:55:34.730+0000] {logging_mixin.py:151} INFO - [2023-11-02T23:55:34.730+0000] {dag.py:3722} INFO - Setting next_dagrun for example_branch_python_operator_decorator to 2023-11-01T00:00:00+00:00, run_after=2023-11-02T00:00:00+00:00
[2023-11-02T23:55:34.761+0000] {processor.py:179} INFO - Processing /home/airflow/.local/lib/python3.8/site-packages/airflow/example_dags/example_branch_operator_decorator.py took 0.107 seconds
[2023-11-02T23:56:04.841+0000] {processor.py:157} INFO - Started process (PID=815) to work on /home/airflow/.local/lib/python3.8/site-packages/airflow/example_dags/example_branch_operator_decorator.py
[2023-11-02T23:56:04.843+0000] {processor.py:829} INFO - Processing file /home/airflow/.local/lib/python3.8/site-packages/airflow/example_dags/example_branch_operator_decorator.py for tasks to queue
[2023-11-02T23:56:04.846+0000] {logging_mixin.py:151} INFO - [2023-11-02T23:56:04.846+0000] {dagbag.py:536} INFO - Filling up the DagBag from /home/airflow/.local/lib/python3.8/site-packages/airflow/example_dags/example_branch_operator_decorator.py
[2023-11-02T23:56:04.855+0000] {processor.py:839} INFO - DAG(s) dict_keys(['example_branch_python_operator_decorator']) retrieved from /home/airflow/.local/lib/python3.8/site-packages/airflow/example_dags/example_branch_operator_decorator.py
[2023-11-02T23:56:04.889+0000] {logging_mixin.py:151} INFO - [2023-11-02T23:56:04.889+0000] {dag.py:2941} INFO - Sync 1 DAGs
[2023-11-02T23:56:04.927+0000] {logging_mixin.py:151} INFO - [2023-11-02T23:56:04.926+0000] {dag.py:3722} INFO - Setting next_dagrun for example_branch_python_operator_decorator to 2023-11-01T00:00:00+00:00, run_after=2023-11-02T00:00:00+00:00
[2023-11-02T23:56:04.956+0000] {processor.py:179} INFO - Processing /home/airflow/.local/lib/python3.8/site-packages/airflow/example_dags/example_branch_operator_decorator.py took 0.117 seconds
[2023-11-02T23:56:35.739+0000] {processor.py:157} INFO - Started process (PID=869) to work on /home/airflow/.local/lib/python3.8/site-packages/airflow/example_dags/example_branch_operator_decorator.py
[2023-11-02T23:56:35.741+0000] {processor.py:829} INFO - Processing file /home/airflow/.local/lib/python3.8/site-packages/airflow/example_dags/example_branch_operator_decorator.py for tasks to queue
[2023-11-02T23:56:35.743+0000] {logging_mixin.py:151} INFO - [2023-11-02T23:56:35.743+0000] {dagbag.py:536} INFO - Filling up the DagBag from /home/airflow/.local/lib/python3.8/site-packages/airflow/example_dags/example_branch_operator_decorator.py
[2023-11-02T23:56:35.755+0000] {processor.py:839} INFO - DAG(s) dict_keys(['example_branch_python_operator_decorator']) retrieved from /home/airflow/.local/lib/python3.8/site-packages/airflow/example_dags/example_branch_operator_decorator.py
[2023-11-02T23:56:35.789+0000] {logging_mixin.py:151} INFO - [2023-11-02T23:56:35.789+0000] {dag.py:2941} INFO - Sync 1 DAGs
[2023-11-02T23:56:35.824+0000] {logging_mixin.py:151} INFO - [2023-11-02T23:56:35.823+0000] {dag.py:3722} INFO - Setting next_dagrun for example_branch_python_operator_decorator to 2023-11-01T00:00:00+00:00, run_after=2023-11-02T00:00:00+00:00
[2023-11-02T23:56:35.849+0000] {processor.py:179} INFO - Processing /home/airflow/.local/lib/python3.8/site-packages/airflow/example_dags/example_branch_operator_decorator.py took 0.113 seconds
[2023-11-02T23:57:06.288+0000] {processor.py:157} INFO - Started process (PID=923) to work on /home/airflow/.local/lib/python3.8/site-packages/airflow/example_dags/example_branch_operator_decorator.py
[2023-11-02T23:57:06.288+0000] {processor.py:829} INFO - Processing file /home/airflow/.local/lib/python3.8/site-packages/airflow/example_dags/example_branch_operator_decorator.py for tasks to queue
[2023-11-02T23:57:06.290+0000] {logging_mixin.py:151} INFO - [2023-11-02T23:57:06.290+0000] {dagbag.py:536} INFO - Filling up the DagBag from /home/airflow/.local/lib/python3.8/site-packages/airflow/example_dags/example_branch_operator_decorator.py
[2023-11-02T23:57:06.301+0000] {processor.py:839} INFO - DAG(s) dict_keys(['example_branch_python_operator_decorator']) retrieved from /home/airflow/.local/lib/python3.8/site-packages/airflow/example_dags/example_branch_operator_decorator.py
[2023-11-02T23:57:06.349+0000] {logging_mixin.py:151} INFO - [2023-11-02T23:57:06.349+0000] {dag.py:2941} INFO - Sync 1 DAGs
[2023-11-02T23:57:06.376+0000] {logging_mixin.py:151} INFO - [2023-11-02T23:57:06.375+0000] {dag.py:3722} INFO - Setting next_dagrun for example_branch_python_operator_decorator to 2023-11-01T00:00:00+00:00, run_after=2023-11-02T00:00:00+00:00
[2023-11-02T23:57:06.405+0000] {processor.py:179} INFO - Processing /home/airflow/.local/lib/python3.8/site-packages/airflow/example_dags/example_branch_operator_decorator.py took 0.121 seconds
[2023-11-02T23:57:36.596+0000] {processor.py:157} INFO - Started process (PID=977) to work on /home/airflow/.local/lib/python3.8/site-packages/airflow/example_dags/example_branch_operator_decorator.py
[2023-11-02T23:57:36.597+0000] {processor.py:829} INFO - Processing file /home/airflow/.local/lib/python3.8/site-packages/airflow/example_dags/example_branch_operator_decorator.py for tasks to queue
[2023-11-02T23:57:36.600+0000] {logging_mixin.py:151} INFO - [2023-11-02T23:57:36.599+0000] {dagbag.py:536} INFO - Filling up the DagBag from /home/airflow/.local/lib/python3.8/site-packages/airflow/example_dags/example_branch_operator_decorator.py
[2023-11-02T23:57:36.611+0000] {processor.py:839} INFO - DAG(s) dict_keys(['example_branch_python_operator_decorator']) retrieved from /home/airflow/.local/lib/python3.8/site-packages/airflow/example_dags/example_branch_operator_decorator.py
[2023-11-02T23:57:36.641+0000] {logging_mixin.py:151} INFO - [2023-11-02T23:57:36.641+0000] {dag.py:2941} INFO - Sync 1 DAGs
[2023-11-02T23:57:36.672+0000] {logging_mixin.py:151} INFO - [2023-11-02T23:57:36.672+0000] {dag.py:3722} INFO - Setting next_dagrun for example_branch_python_operator_decorator to 2023-11-01T00:00:00+00:00, run_after=2023-11-02T00:00:00+00:00
[2023-11-02T23:57:36.699+0000] {processor.py:179} INFO - Processing /home/airflow/.local/lib/python3.8/site-packages/airflow/example_dags/example_branch_operator_decorator.py took 0.108 seconds
[2023-11-02T23:58:07.000+0000] {processor.py:157} INFO - Started process (PID=1031) to work on /home/airflow/.local/lib/python3.8/site-packages/airflow/example_dags/example_branch_operator_decorator.py
[2023-11-02T23:58:07.001+0000] {processor.py:829} INFO - Processing file /home/airflow/.local/lib/python3.8/site-packages/airflow/example_dags/example_branch_operator_decorator.py for tasks to queue
[2023-11-02T23:58:07.003+0000] {logging_mixin.py:151} INFO - [2023-11-02T23:58:07.003+0000] {dagbag.py:536} INFO - Filling up the DagBag from /home/airflow/.local/lib/python3.8/site-packages/airflow/example_dags/example_branch_operator_decorator.py
[2023-11-02T23:58:07.013+0000] {processor.py:839} INFO - DAG(s) dict_keys(['example_branch_python_operator_decorator']) retrieved from /home/airflow/.local/lib/python3.8/site-packages/airflow/example_dags/example_branch_operator_decorator.py
[2023-11-02T23:58:07.048+0000] {logging_mixin.py:151} INFO - [2023-11-02T23:58:07.047+0000] {dag.py:2941} INFO - Sync 1 DAGs
[2023-11-02T23:58:07.078+0000] {logging_mixin.py:151} INFO - [2023-11-02T23:58:07.077+0000] {dag.py:3722} INFO - Setting next_dagrun for example_branch_python_operator_decorator to 2023-11-01T00:00:00+00:00, run_after=2023-11-02T00:00:00+00:00
[2023-11-02T23:58:07.110+0000] {processor.py:179} INFO - Processing /home/airflow/.local/lib/python3.8/site-packages/airflow/example_dags/example_branch_operator_decorator.py took 0.114 seconds
[2023-11-02T23:58:37.663+0000] {processor.py:157} INFO - Started process (PID=1085) to work on /home/airflow/.local/lib/python3.8/site-packages/airflow/example_dags/example_branch_operator_decorator.py
[2023-11-02T23:58:37.665+0000] {processor.py:829} INFO - Processing file /home/airflow/.local/lib/python3.8/site-packages/airflow/example_dags/example_branch_operator_decorator.py for tasks to queue
[2023-11-02T23:58:37.667+0000] {logging_mixin.py:151} INFO - [2023-11-02T23:58:37.666+0000] {dagbag.py:536} INFO - Filling up the DagBag from /home/airflow/.local/lib/python3.8/site-packages/airflow/example_dags/example_branch_operator_decorator.py
[2023-11-02T23:58:37.679+0000] {processor.py:839} INFO - DAG(s) dict_keys(['example_branch_python_operator_decorator']) retrieved from /home/airflow/.local/lib/python3.8/site-packages/airflow/example_dags/example_branch_operator_decorator.py
[2023-11-02T23:58:37.708+0000] {logging_mixin.py:151} INFO - [2023-11-02T23:58:37.708+0000] {dag.py:2941} INFO - Sync 1 DAGs
[2023-11-02T23:58:37.735+0000] {logging_mixin.py:151} INFO - [2023-11-02T23:58:37.734+0000] {dag.py:3722} INFO - Setting next_dagrun for example_branch_python_operator_decorator to 2023-11-01T00:00:00+00:00, run_after=2023-11-02T00:00:00+00:00
[2023-11-02T23:58:37.758+0000] {processor.py:179} INFO - Processing /home/airflow/.local/lib/python3.8/site-packages/airflow/example_dags/example_branch_operator_decorator.py took 0.099 seconds
[2023-11-02T23:59:08.219+0000] {processor.py:157} INFO - Started process (PID=1139) to work on /home/airflow/.local/lib/python3.8/site-packages/airflow/example_dags/example_branch_operator_decorator.py
[2023-11-02T23:59:08.220+0000] {processor.py:829} INFO - Processing file /home/airflow/.local/lib/python3.8/site-packages/airflow/example_dags/example_branch_operator_decorator.py for tasks to queue
[2023-11-02T23:59:08.223+0000] {logging_mixin.py:151} INFO - [2023-11-02T23:59:08.222+0000] {dagbag.py:536} INFO - Filling up the DagBag from /home/airflow/.local/lib/python3.8/site-packages/airflow/example_dags/example_branch_operator_decorator.py
[2023-11-02T23:59:08.234+0000] {processor.py:839} INFO - DAG(s) dict_keys(['example_branch_python_operator_decorator']) retrieved from /home/airflow/.local/lib/python3.8/site-packages/airflow/example_dags/example_branch_operator_decorator.py
[2023-11-02T23:59:08.265+0000] {logging_mixin.py:151} INFO - [2023-11-02T23:59:08.264+0000] {dag.py:2941} INFO - Sync 1 DAGs
[2023-11-02T23:59:08.294+0000] {logging_mixin.py:151} INFO - [2023-11-02T23:59:08.293+0000] {dag.py:3722} INFO - Setting next_dagrun for example_branch_python_operator_decorator to 2023-11-01T00:00:00+00:00, run_after=2023-11-02T00:00:00+00:00
[2023-11-02T23:59:08.323+0000] {processor.py:179} INFO - Processing /home/airflow/.local/lib/python3.8/site-packages/airflow/example_dags/example_branch_operator_decorator.py took 0.107 seconds
[2023-11-02T23:59:38.650+0000] {processor.py:157} INFO - Started process (PID=1193) to work on /home/airflow/.local/lib/python3.8/site-packages/airflow/example_dags/example_branch_operator_decorator.py
[2023-11-02T23:59:38.652+0000] {processor.py:829} INFO - Processing file /home/airflow/.local/lib/python3.8/site-packages/airflow/example_dags/example_branch_operator_decorator.py for tasks to queue
[2023-11-02T23:59:38.655+0000] {logging_mixin.py:151} INFO - [2023-11-02T23:59:38.654+0000] {dagbag.py:536} INFO - Filling up the DagBag from /home/airflow/.local/lib/python3.8/site-packages/airflow/example_dags/example_branch_operator_decorator.py
[2023-11-02T23:59:38.671+0000] {processor.py:839} INFO - DAG(s) dict_keys(['example_branch_python_operator_decorator']) retrieved from /home/airflow/.local/lib/python3.8/site-packages/airflow/example_dags/example_branch_operator_decorator.py
[2023-11-02T23:59:38.698+0000] {logging_mixin.py:151} INFO - [2023-11-02T23:59:38.698+0000] {dag.py:2941} INFO - Sync 1 DAGs
[2023-11-02T23:59:38.725+0000] {logging_mixin.py:151} INFO - [2023-11-02T23:59:38.724+0000] {dag.py:3722} INFO - Setting next_dagrun for example_branch_python_operator_decorator to 2023-11-01T00:00:00+00:00, run_after=2023-11-02T00:00:00+00:00
[2023-11-02T23:59:38.749+0000] {processor.py:179} INFO - Processing /home/airflow/.local/lib/python3.8/site-packages/airflow/example_dags/example_branch_operator_decorator.py took 0.105 seconds
