[2023-11-02T23:26:25.333+0000] {processor.py:157} INFO - Started process (PID=40) to work on /home/airflow/.local/lib/python3.8/site-packages/airflow/example_dags/example_short_circuit_decorator.py
[2023-11-02T23:26:25.334+0000] {processor.py:829} INFO - Processing file /home/airflow/.local/lib/python3.8/site-packages/airflow/example_dags/example_short_circuit_decorator.py for tasks to queue
[2023-11-02T23:26:25.347+0000] {logging_mixin.py:151} INFO - [2023-11-02T23:26:25.347+0000] {dagbag.py:536} INFO - Filling up the DagBag from /home/airflow/.local/lib/python3.8/site-packages/airflow/example_dags/example_short_circuit_decorator.py
[2023-11-02T23:26:25.359+0000] {processor.py:839} INFO - DAG(s) dict_keys(['example_short_circuit_decorator']) retrieved from /home/airflow/.local/lib/python3.8/site-packages/airflow/example_dags/example_short_circuit_decorator.py
[2023-11-02T23:26:25.378+0000] {logging_mixin.py:151} INFO - [2023-11-02T23:26:25.378+0000] {dag.py:2941} INFO - Sync 1 DAGs
[2023-11-02T23:26:25.423+0000] {logging_mixin.py:151} INFO - [2023-11-02T23:26:25.422+0000] {dag.py:3722} INFO - Setting next_dagrun for example_short_circuit_decorator to 2023-11-01T23:26:25.422382+00:00, run_after=2023-11-02T23:26:25.422382+00:00
[2023-11-02T23:26:25.452+0000] {processor.py:179} INFO - Processing /home/airflow/.local/lib/python3.8/site-packages/airflow/example_dags/example_short_circuit_decorator.py took 0.122 seconds
[2023-11-02T23:26:55.764+0000] {processor.py:157} INFO - Started process (PID=93) to work on /home/airflow/.local/lib/python3.8/site-packages/airflow/example_dags/example_short_circuit_decorator.py
[2023-11-02T23:26:55.765+0000] {processor.py:829} INFO - Processing file /home/airflow/.local/lib/python3.8/site-packages/airflow/example_dags/example_short_circuit_decorator.py for tasks to queue
[2023-11-02T23:26:55.767+0000] {logging_mixin.py:151} INFO - [2023-11-02T23:26:55.767+0000] {dagbag.py:536} INFO - Filling up the DagBag from /home/airflow/.local/lib/python3.8/site-packages/airflow/example_dags/example_short_circuit_decorator.py
[2023-11-02T23:26:55.777+0000] {processor.py:839} INFO - DAG(s) dict_keys(['example_short_circuit_decorator']) retrieved from /home/airflow/.local/lib/python3.8/site-packages/airflow/example_dags/example_short_circuit_decorator.py
[2023-11-02T23:26:55.801+0000] {logging_mixin.py:151} INFO - [2023-11-02T23:26:55.801+0000] {dag.py:2941} INFO - Sync 1 DAGs
[2023-11-02T23:26:55.827+0000] {logging_mixin.py:151} INFO - [2023-11-02T23:26:55.827+0000] {dag.py:3722} INFO - Setting next_dagrun for example_short_circuit_decorator to 2023-11-01T23:26:55.827191+00:00, run_after=2023-11-02T23:26:55.827191+00:00
[2023-11-02T23:26:55.855+0000] {processor.py:179} INFO - Processing /home/airflow/.local/lib/python3.8/site-packages/airflow/example_dags/example_short_circuit_decorator.py took 0.095 seconds
[2023-11-02T23:27:26.296+0000] {processor.py:157} INFO - Started process (PID=147) to work on /home/airflow/.local/lib/python3.8/site-packages/airflow/example_dags/example_short_circuit_decorator.py
[2023-11-02T23:27:26.298+0000] {processor.py:829} INFO - Processing file /home/airflow/.local/lib/python3.8/site-packages/airflow/example_dags/example_short_circuit_decorator.py for tasks to queue
[2023-11-02T23:27:26.300+0000] {logging_mixin.py:151} INFO - [2023-11-02T23:27:26.300+0000] {dagbag.py:536} INFO - Filling up the DagBag from /home/airflow/.local/lib/python3.8/site-packages/airflow/example_dags/example_short_circuit_decorator.py
[2023-11-02T23:27:26.311+0000] {processor.py:839} INFO - DAG(s) dict_keys(['example_short_circuit_decorator']) retrieved from /home/airflow/.local/lib/python3.8/site-packages/airflow/example_dags/example_short_circuit_decorator.py
[2023-11-02T23:27:26.340+0000] {logging_mixin.py:151} INFO - [2023-11-02T23:27:26.340+0000] {dag.py:2941} INFO - Sync 1 DAGs
[2023-11-02T23:27:26.366+0000] {logging_mixin.py:151} INFO - [2023-11-02T23:27:26.366+0000] {dag.py:3722} INFO - Setting next_dagrun for example_short_circuit_decorator to 2023-11-01T23:27:26.365558+00:00, run_after=2023-11-02T23:27:26.365558+00:00
[2023-11-02T23:27:26.394+0000] {processor.py:179} INFO - Processing /home/airflow/.local/lib/python3.8/site-packages/airflow/example_dags/example_short_circuit_decorator.py took 0.101 seconds
[2023-11-02T23:27:56.490+0000] {processor.py:157} INFO - Started process (PID=201) to work on /home/airflow/.local/lib/python3.8/site-packages/airflow/example_dags/example_short_circuit_decorator.py
[2023-11-02T23:27:56.492+0000] {processor.py:829} INFO - Processing file /home/airflow/.local/lib/python3.8/site-packages/airflow/example_dags/example_short_circuit_decorator.py for tasks to queue
[2023-11-02T23:27:56.494+0000] {logging_mixin.py:151} INFO - [2023-11-02T23:27:56.494+0000] {dagbag.py:536} INFO - Filling up the DagBag from /home/airflow/.local/lib/python3.8/site-packages/airflow/example_dags/example_short_circuit_decorator.py
[2023-11-02T23:27:56.505+0000] {processor.py:839} INFO - DAG(s) dict_keys(['example_short_circuit_decorator']) retrieved from /home/airflow/.local/lib/python3.8/site-packages/airflow/example_dags/example_short_circuit_decorator.py
[2023-11-02T23:27:56.539+0000] {logging_mixin.py:151} INFO - [2023-11-02T23:27:56.538+0000] {dag.py:2941} INFO - Sync 1 DAGs
[2023-11-02T23:27:56.567+0000] {logging_mixin.py:151} INFO - [2023-11-02T23:27:56.566+0000] {dag.py:3722} INFO - Setting next_dagrun for example_short_circuit_decorator to 2023-11-01T23:27:56.566562+00:00, run_after=2023-11-02T23:27:56.566562+00:00
[2023-11-02T23:27:56.597+0000] {processor.py:179} INFO - Processing /home/airflow/.local/lib/python3.8/site-packages/airflow/example_dags/example_short_circuit_decorator.py took 0.110 seconds
[2023-11-02T23:28:26.700+0000] {processor.py:157} INFO - Started process (PID=254) to work on /home/airflow/.local/lib/python3.8/site-packages/airflow/example_dags/example_short_circuit_decorator.py
[2023-11-02T23:28:26.701+0000] {processor.py:829} INFO - Processing file /home/airflow/.local/lib/python3.8/site-packages/airflow/example_dags/example_short_circuit_decorator.py for tasks to queue
[2023-11-02T23:28:26.703+0000] {logging_mixin.py:151} INFO - [2023-11-02T23:28:26.703+0000] {dagbag.py:536} INFO - Filling up the DagBag from /home/airflow/.local/lib/python3.8/site-packages/airflow/example_dags/example_short_circuit_decorator.py
[2023-11-02T23:28:26.712+0000] {processor.py:839} INFO - DAG(s) dict_keys(['example_short_circuit_decorator']) retrieved from /home/airflow/.local/lib/python3.8/site-packages/airflow/example_dags/example_short_circuit_decorator.py
[2023-11-02T23:28:26.745+0000] {logging_mixin.py:151} INFO - [2023-11-02T23:28:26.745+0000] {dag.py:2941} INFO - Sync 1 DAGs
[2023-11-02T23:28:26.772+0000] {logging_mixin.py:151} INFO - [2023-11-02T23:28:26.772+0000] {dag.py:3722} INFO - Setting next_dagrun for example_short_circuit_decorator to 2023-11-01T23:28:26.771891+00:00, run_after=2023-11-02T23:28:26.771891+00:00
[2023-11-02T23:28:26.798+0000] {processor.py:179} INFO - Processing /home/airflow/.local/lib/python3.8/site-packages/airflow/example_dags/example_short_circuit_decorator.py took 0.102 seconds
[2023-11-02T23:28:56.929+0000] {processor.py:157} INFO - Started process (PID=308) to work on /home/airflow/.local/lib/python3.8/site-packages/airflow/example_dags/example_short_circuit_decorator.py
[2023-11-02T23:28:56.930+0000] {processor.py:829} INFO - Processing file /home/airflow/.local/lib/python3.8/site-packages/airflow/example_dags/example_short_circuit_decorator.py for tasks to queue
[2023-11-02T23:28:56.932+0000] {logging_mixin.py:151} INFO - [2023-11-02T23:28:56.932+0000] {dagbag.py:536} INFO - Filling up the DagBag from /home/airflow/.local/lib/python3.8/site-packages/airflow/example_dags/example_short_circuit_decorator.py
[2023-11-02T23:28:56.941+0000] {processor.py:839} INFO - DAG(s) dict_keys(['example_short_circuit_decorator']) retrieved from /home/airflow/.local/lib/python3.8/site-packages/airflow/example_dags/example_short_circuit_decorator.py
[2023-11-02T23:28:56.970+0000] {logging_mixin.py:151} INFO - [2023-11-02T23:28:56.970+0000] {dag.py:2941} INFO - Sync 1 DAGs
[2023-11-02T23:28:56.996+0000] {logging_mixin.py:151} INFO - [2023-11-02T23:28:56.996+0000] {dag.py:3722} INFO - Setting next_dagrun for example_short_circuit_decorator to 2023-11-01T23:28:56.996037+00:00, run_after=2023-11-02T23:28:56.996037+00:00
[2023-11-02T23:28:57.022+0000] {processor.py:179} INFO - Processing /home/airflow/.local/lib/python3.8/site-packages/airflow/example_dags/example_short_circuit_decorator.py took 0.097 seconds
[2023-11-02T23:29:27.114+0000] {processor.py:157} INFO - Started process (PID=362) to work on /home/airflow/.local/lib/python3.8/site-packages/airflow/example_dags/example_short_circuit_decorator.py
[2023-11-02T23:29:27.117+0000] {processor.py:829} INFO - Processing file /home/airflow/.local/lib/python3.8/site-packages/airflow/example_dags/example_short_circuit_decorator.py for tasks to queue
[2023-11-02T23:29:27.119+0000] {logging_mixin.py:151} INFO - [2023-11-02T23:29:27.119+0000] {dagbag.py:536} INFO - Filling up the DagBag from /home/airflow/.local/lib/python3.8/site-packages/airflow/example_dags/example_short_circuit_decorator.py
[2023-11-02T23:29:27.128+0000] {processor.py:839} INFO - DAG(s) dict_keys(['example_short_circuit_decorator']) retrieved from /home/airflow/.local/lib/python3.8/site-packages/airflow/example_dags/example_short_circuit_decorator.py
[2023-11-02T23:29:27.155+0000] {logging_mixin.py:151} INFO - [2023-11-02T23:29:27.155+0000] {dag.py:2941} INFO - Sync 1 DAGs
[2023-11-02T23:29:27.184+0000] {logging_mixin.py:151} INFO - [2023-11-02T23:29:27.183+0000] {dag.py:3722} INFO - Setting next_dagrun for example_short_circuit_decorator to 2023-11-01T23:29:27.183440+00:00, run_after=2023-11-02T23:29:27.183440+00:00
[2023-11-02T23:29:27.210+0000] {processor.py:179} INFO - Processing /home/airflow/.local/lib/python3.8/site-packages/airflow/example_dags/example_short_circuit_decorator.py took 0.099 seconds
[2023-11-02T23:29:57.752+0000] {processor.py:157} INFO - Started process (PID=416) to work on /home/airflow/.local/lib/python3.8/site-packages/airflow/example_dags/example_short_circuit_decorator.py
[2023-11-02T23:29:57.753+0000] {processor.py:829} INFO - Processing file /home/airflow/.local/lib/python3.8/site-packages/airflow/example_dags/example_short_circuit_decorator.py for tasks to queue
[2023-11-02T23:29:57.755+0000] {logging_mixin.py:151} INFO - [2023-11-02T23:29:57.755+0000] {dagbag.py:536} INFO - Filling up the DagBag from /home/airflow/.local/lib/python3.8/site-packages/airflow/example_dags/example_short_circuit_decorator.py
[2023-11-02T23:29:57.766+0000] {processor.py:839} INFO - DAG(s) dict_keys(['example_short_circuit_decorator']) retrieved from /home/airflow/.local/lib/python3.8/site-packages/airflow/example_dags/example_short_circuit_decorator.py
[2023-11-02T23:29:57.796+0000] {logging_mixin.py:151} INFO - [2023-11-02T23:29:57.796+0000] {dag.py:2941} INFO - Sync 1 DAGs
[2023-11-02T23:29:57.825+0000] {logging_mixin.py:151} INFO - [2023-11-02T23:29:57.824+0000] {dag.py:3722} INFO - Setting next_dagrun for example_short_circuit_decorator to 2023-11-01T23:29:57.824720+00:00, run_after=2023-11-02T23:29:57.824720+00:00
[2023-11-02T23:29:57.854+0000] {processor.py:179} INFO - Processing /home/airflow/.local/lib/python3.8/site-packages/airflow/example_dags/example_short_circuit_decorator.py took 0.106 seconds
[2023-11-02T23:30:28.497+0000] {processor.py:157} INFO - Started process (PID=470) to work on /home/airflow/.local/lib/python3.8/site-packages/airflow/example_dags/example_short_circuit_decorator.py
[2023-11-02T23:30:28.500+0000] {processor.py:829} INFO - Processing file /home/airflow/.local/lib/python3.8/site-packages/airflow/example_dags/example_short_circuit_decorator.py for tasks to queue
[2023-11-02T23:30:28.504+0000] {logging_mixin.py:151} INFO - [2023-11-02T23:30:28.504+0000] {dagbag.py:536} INFO - Filling up the DagBag from /home/airflow/.local/lib/python3.8/site-packages/airflow/example_dags/example_short_circuit_decorator.py
[2023-11-02T23:30:28.517+0000] {processor.py:839} INFO - DAG(s) dict_keys(['example_short_circuit_decorator']) retrieved from /home/airflow/.local/lib/python3.8/site-packages/airflow/example_dags/example_short_circuit_decorator.py
[2023-11-02T23:30:28.553+0000] {logging_mixin.py:151} INFO - [2023-11-02T23:30:28.552+0000] {dag.py:2941} INFO - Sync 1 DAGs
[2023-11-02T23:30:28.591+0000] {logging_mixin.py:151} INFO - [2023-11-02T23:30:28.591+0000] {dag.py:3722} INFO - Setting next_dagrun for example_short_circuit_decorator to 2023-11-01T23:30:28.591288+00:00, run_after=2023-11-02T23:30:28.591288+00:00
[2023-11-02T23:30:28.641+0000] {processor.py:179} INFO - Processing /home/airflow/.local/lib/python3.8/site-packages/airflow/example_dags/example_short_circuit_decorator.py took 0.147 seconds
[2023-11-02T23:30:59.334+0000] {processor.py:157} INFO - Started process (PID=524) to work on /home/airflow/.local/lib/python3.8/site-packages/airflow/example_dags/example_short_circuit_decorator.py
[2023-11-02T23:30:59.336+0000] {processor.py:829} INFO - Processing file /home/airflow/.local/lib/python3.8/site-packages/airflow/example_dags/example_short_circuit_decorator.py for tasks to queue
[2023-11-02T23:30:59.340+0000] {logging_mixin.py:151} INFO - [2023-11-02T23:30:59.339+0000] {dagbag.py:536} INFO - Filling up the DagBag from /home/airflow/.local/lib/python3.8/site-packages/airflow/example_dags/example_short_circuit_decorator.py
[2023-11-02T23:30:59.349+0000] {processor.py:839} INFO - DAG(s) dict_keys(['example_short_circuit_decorator']) retrieved from /home/airflow/.local/lib/python3.8/site-packages/airflow/example_dags/example_short_circuit_decorator.py
[2023-11-02T23:30:59.383+0000] {logging_mixin.py:151} INFO - [2023-11-02T23:30:59.383+0000] {dag.py:2941} INFO - Sync 1 DAGs
[2023-11-02T23:30:59.417+0000] {logging_mixin.py:151} INFO - [2023-11-02T23:30:59.416+0000] {dag.py:3722} INFO - Setting next_dagrun for example_short_circuit_decorator to 2023-11-01T23:30:59.416682+00:00, run_after=2023-11-02T23:30:59.416682+00:00
[2023-11-02T23:30:59.457+0000] {processor.py:179} INFO - Processing /home/airflow/.local/lib/python3.8/site-packages/airflow/example_dags/example_short_circuit_decorator.py took 0.128 seconds
[2023-11-02T23:31:30.498+0000] {processor.py:157} INFO - Started process (PID=577) to work on /home/airflow/.local/lib/python3.8/site-packages/airflow/example_dags/example_short_circuit_decorator.py
[2023-11-02T23:31:30.500+0000] {processor.py:829} INFO - Processing file /home/airflow/.local/lib/python3.8/site-packages/airflow/example_dags/example_short_circuit_decorator.py for tasks to queue
[2023-11-02T23:31:30.503+0000] {logging_mixin.py:151} INFO - [2023-11-02T23:31:30.502+0000] {dagbag.py:536} INFO - Filling up the DagBag from /home/airflow/.local/lib/python3.8/site-packages/airflow/example_dags/example_short_circuit_decorator.py
[2023-11-02T23:31:30.513+0000] {processor.py:839} INFO - DAG(s) dict_keys(['example_short_circuit_decorator']) retrieved from /home/airflow/.local/lib/python3.8/site-packages/airflow/example_dags/example_short_circuit_decorator.py
[2023-11-02T23:31:30.550+0000] {logging_mixin.py:151} INFO - [2023-11-02T23:31:30.550+0000] {dag.py:2941} INFO - Sync 1 DAGs
[2023-11-02T23:31:30.583+0000] {logging_mixin.py:151} INFO - [2023-11-02T23:31:30.582+0000] {dag.py:3722} INFO - Setting next_dagrun for example_short_circuit_decorator to 2023-11-01T23:31:30.582613+00:00, run_after=2023-11-02T23:31:30.582613+00:00
[2023-11-02T23:31:30.626+0000] {processor.py:179} INFO - Processing /home/airflow/.local/lib/python3.8/site-packages/airflow/example_dags/example_short_circuit_decorator.py took 0.132 seconds
[2023-11-02T23:32:01.302+0000] {processor.py:157} INFO - Started process (PID=631) to work on /home/airflow/.local/lib/python3.8/site-packages/airflow/example_dags/example_short_circuit_decorator.py
[2023-11-02T23:32:01.303+0000] {processor.py:829} INFO - Processing file /home/airflow/.local/lib/python3.8/site-packages/airflow/example_dags/example_short_circuit_decorator.py for tasks to queue
[2023-11-02T23:32:01.306+0000] {logging_mixin.py:151} INFO - [2023-11-02T23:32:01.305+0000] {dagbag.py:536} INFO - Filling up the DagBag from /home/airflow/.local/lib/python3.8/site-packages/airflow/example_dags/example_short_circuit_decorator.py
[2023-11-02T23:32:01.315+0000] {processor.py:839} INFO - DAG(s) dict_keys(['example_short_circuit_decorator']) retrieved from /home/airflow/.local/lib/python3.8/site-packages/airflow/example_dags/example_short_circuit_decorator.py
[2023-11-02T23:32:01.347+0000] {logging_mixin.py:151} INFO - [2023-11-02T23:32:01.347+0000] {dag.py:2941} INFO - Sync 1 DAGs
[2023-11-02T23:32:01.373+0000] {logging_mixin.py:151} INFO - [2023-11-02T23:32:01.372+0000] {dag.py:3722} INFO - Setting next_dagrun for example_short_circuit_decorator to 2023-11-01T23:32:01.372741+00:00, run_after=2023-11-02T23:32:01.372741+00:00
[2023-11-02T23:32:01.396+0000] {processor.py:179} INFO - Processing /home/airflow/.local/lib/python3.8/site-packages/airflow/example_dags/example_short_circuit_decorator.py took 0.097 seconds
[2023-11-02T23:32:31.898+0000] {processor.py:157} INFO - Started process (PID=685) to work on /home/airflow/.local/lib/python3.8/site-packages/airflow/example_dags/example_short_circuit_decorator.py
[2023-11-02T23:32:31.901+0000] {processor.py:829} INFO - Processing file /home/airflow/.local/lib/python3.8/site-packages/airflow/example_dags/example_short_circuit_decorator.py for tasks to queue
[2023-11-02T23:32:31.905+0000] {logging_mixin.py:151} INFO - [2023-11-02T23:32:31.904+0000] {dagbag.py:536} INFO - Filling up the DagBag from /home/airflow/.local/lib/python3.8/site-packages/airflow/example_dags/example_short_circuit_decorator.py
[2023-11-02T23:32:31.919+0000] {processor.py:839} INFO - DAG(s) dict_keys(['example_short_circuit_decorator']) retrieved from /home/airflow/.local/lib/python3.8/site-packages/airflow/example_dags/example_short_circuit_decorator.py
[2023-11-02T23:32:31.958+0000] {logging_mixin.py:151} INFO - [2023-11-02T23:32:31.957+0000] {dag.py:2941} INFO - Sync 1 DAGs
[2023-11-02T23:32:31.990+0000] {logging_mixin.py:151} INFO - [2023-11-02T23:32:31.990+0000] {dag.py:3722} INFO - Setting next_dagrun for example_short_circuit_decorator to 2023-11-01T23:32:31.990182+00:00, run_after=2023-11-02T23:32:31.990182+00:00
[2023-11-02T23:32:32.027+0000] {processor.py:179} INFO - Processing /home/airflow/.local/lib/python3.8/site-packages/airflow/example_dags/example_short_circuit_decorator.py took 0.134 seconds
[2023-11-02T23:33:02.226+0000] {processor.py:157} INFO - Started process (PID=738) to work on /home/airflow/.local/lib/python3.8/site-packages/airflow/example_dags/example_short_circuit_decorator.py
[2023-11-02T23:33:02.228+0000] {processor.py:829} INFO - Processing file /home/airflow/.local/lib/python3.8/site-packages/airflow/example_dags/example_short_circuit_decorator.py for tasks to queue
[2023-11-02T23:33:02.230+0000] {logging_mixin.py:151} INFO - [2023-11-02T23:33:02.230+0000] {dagbag.py:536} INFO - Filling up the DagBag from /home/airflow/.local/lib/python3.8/site-packages/airflow/example_dags/example_short_circuit_decorator.py
[2023-11-02T23:33:02.239+0000] {processor.py:839} INFO - DAG(s) dict_keys(['example_short_circuit_decorator']) retrieved from /home/airflow/.local/lib/python3.8/site-packages/airflow/example_dags/example_short_circuit_decorator.py
[2023-11-02T23:33:02.268+0000] {logging_mixin.py:151} INFO - [2023-11-02T23:33:02.267+0000] {dag.py:2941} INFO - Sync 1 DAGs
[2023-11-02T23:33:02.294+0000] {logging_mixin.py:151} INFO - [2023-11-02T23:33:02.294+0000] {dag.py:3722} INFO - Setting next_dagrun for example_short_circuit_decorator to 2023-11-01T23:33:02.294460+00:00, run_after=2023-11-02T23:33:02.294460+00:00
[2023-11-02T23:33:02.321+0000] {processor.py:179} INFO - Processing /home/airflow/.local/lib/python3.8/site-packages/airflow/example_dags/example_short_circuit_decorator.py took 0.098 seconds
[2023-11-02T23:33:32.465+0000] {processor.py:157} INFO - Started process (PID=792) to work on /home/airflow/.local/lib/python3.8/site-packages/airflow/example_dags/example_short_circuit_decorator.py
[2023-11-02T23:33:32.466+0000] {processor.py:829} INFO - Processing file /home/airflow/.local/lib/python3.8/site-packages/airflow/example_dags/example_short_circuit_decorator.py for tasks to queue
[2023-11-02T23:33:32.468+0000] {logging_mixin.py:151} INFO - [2023-11-02T23:33:32.468+0000] {dagbag.py:536} INFO - Filling up the DagBag from /home/airflow/.local/lib/python3.8/site-packages/airflow/example_dags/example_short_circuit_decorator.py
[2023-11-02T23:33:32.477+0000] {processor.py:839} INFO - DAG(s) dict_keys(['example_short_circuit_decorator']) retrieved from /home/airflow/.local/lib/python3.8/site-packages/airflow/example_dags/example_short_circuit_decorator.py
[2023-11-02T23:33:32.512+0000] {logging_mixin.py:151} INFO - [2023-11-02T23:33:32.512+0000] {dag.py:2941} INFO - Sync 1 DAGs
[2023-11-02T23:33:32.540+0000] {logging_mixin.py:151} INFO - [2023-11-02T23:33:32.540+0000] {dag.py:3722} INFO - Setting next_dagrun for example_short_circuit_decorator to 2023-11-01T23:33:32.540094+00:00, run_after=2023-11-02T23:33:32.540094+00:00
[2023-11-02T23:33:32.576+0000] {processor.py:179} INFO - Processing /home/airflow/.local/lib/python3.8/site-packages/airflow/example_dags/example_short_circuit_decorator.py took 0.115 seconds
[2023-11-02T23:34:02.959+0000] {processor.py:157} INFO - Started process (PID=846) to work on /home/airflow/.local/lib/python3.8/site-packages/airflow/example_dags/example_short_circuit_decorator.py
[2023-11-02T23:34:02.961+0000] {processor.py:829} INFO - Processing file /home/airflow/.local/lib/python3.8/site-packages/airflow/example_dags/example_short_circuit_decorator.py for tasks to queue
[2023-11-02T23:34:02.963+0000] {logging_mixin.py:151} INFO - [2023-11-02T23:34:02.963+0000] {dagbag.py:536} INFO - Filling up the DagBag from /home/airflow/.local/lib/python3.8/site-packages/airflow/example_dags/example_short_circuit_decorator.py
[2023-11-02T23:34:02.973+0000] {processor.py:839} INFO - DAG(s) dict_keys(['example_short_circuit_decorator']) retrieved from /home/airflow/.local/lib/python3.8/site-packages/airflow/example_dags/example_short_circuit_decorator.py
[2023-11-02T23:34:03.006+0000] {logging_mixin.py:151} INFO - [2023-11-02T23:34:03.006+0000] {dag.py:2941} INFO - Sync 1 DAGs
[2023-11-02T23:34:03.035+0000] {logging_mixin.py:151} INFO - [2023-11-02T23:34:03.035+0000] {dag.py:3722} INFO - Setting next_dagrun for example_short_circuit_decorator to 2023-11-01T23:34:03.035337+00:00, run_after=2023-11-02T23:34:03.035337+00:00
[2023-11-02T23:34:03.069+0000] {processor.py:179} INFO - Processing /home/airflow/.local/lib/python3.8/site-packages/airflow/example_dags/example_short_circuit_decorator.py took 0.114 seconds
[2023-11-02T23:34:33.556+0000] {processor.py:157} INFO - Started process (PID=899) to work on /home/airflow/.local/lib/python3.8/site-packages/airflow/example_dags/example_short_circuit_decorator.py
[2023-11-02T23:34:33.558+0000] {processor.py:829} INFO - Processing file /home/airflow/.local/lib/python3.8/site-packages/airflow/example_dags/example_short_circuit_decorator.py for tasks to queue
[2023-11-02T23:34:33.560+0000] {logging_mixin.py:151} INFO - [2023-11-02T23:34:33.559+0000] {dagbag.py:536} INFO - Filling up the DagBag from /home/airflow/.local/lib/python3.8/site-packages/airflow/example_dags/example_short_circuit_decorator.py
[2023-11-02T23:34:33.569+0000] {processor.py:839} INFO - DAG(s) dict_keys(['example_short_circuit_decorator']) retrieved from /home/airflow/.local/lib/python3.8/site-packages/airflow/example_dags/example_short_circuit_decorator.py
[2023-11-02T23:34:33.598+0000] {logging_mixin.py:151} INFO - [2023-11-02T23:34:33.597+0000] {dag.py:2941} INFO - Sync 1 DAGs
[2023-11-02T23:34:33.623+0000] {logging_mixin.py:151} INFO - [2023-11-02T23:34:33.623+0000] {dag.py:3722} INFO - Setting next_dagrun for example_short_circuit_decorator to 2023-11-01T23:34:33.623457+00:00, run_after=2023-11-02T23:34:33.623457+00:00
[2023-11-02T23:34:33.657+0000] {processor.py:179} INFO - Processing /home/airflow/.local/lib/python3.8/site-packages/airflow/example_dags/example_short_circuit_decorator.py took 0.104 seconds
[2023-11-02T23:35:04.266+0000] {processor.py:157} INFO - Started process (PID=952) to work on /home/airflow/.local/lib/python3.8/site-packages/airflow/example_dags/example_short_circuit_decorator.py
[2023-11-02T23:35:04.267+0000] {processor.py:829} INFO - Processing file /home/airflow/.local/lib/python3.8/site-packages/airflow/example_dags/example_short_circuit_decorator.py for tasks to queue
[2023-11-02T23:35:04.269+0000] {logging_mixin.py:151} INFO - [2023-11-02T23:35:04.269+0000] {dagbag.py:536} INFO - Filling up the DagBag from /home/airflow/.local/lib/python3.8/site-packages/airflow/example_dags/example_short_circuit_decorator.py
[2023-11-02T23:35:04.279+0000] {processor.py:839} INFO - DAG(s) dict_keys(['example_short_circuit_decorator']) retrieved from /home/airflow/.local/lib/python3.8/site-packages/airflow/example_dags/example_short_circuit_decorator.py
[2023-11-02T23:35:04.310+0000] {logging_mixin.py:151} INFO - [2023-11-02T23:35:04.310+0000] {dag.py:2941} INFO - Sync 1 DAGs
[2023-11-02T23:35:04.337+0000] {logging_mixin.py:151} INFO - [2023-11-02T23:35:04.337+0000] {dag.py:3722} INFO - Setting next_dagrun for example_short_circuit_decorator to 2023-11-01T23:35:04.337188+00:00, run_after=2023-11-02T23:35:04.337188+00:00
[2023-11-02T23:35:04.366+0000] {processor.py:179} INFO - Processing /home/airflow/.local/lib/python3.8/site-packages/airflow/example_dags/example_short_circuit_decorator.py took 0.104 seconds
[2023-11-02T23:35:34.871+0000] {processor.py:157} INFO - Started process (PID=1006) to work on /home/airflow/.local/lib/python3.8/site-packages/airflow/example_dags/example_short_circuit_decorator.py
[2023-11-02T23:35:34.873+0000] {processor.py:829} INFO - Processing file /home/airflow/.local/lib/python3.8/site-packages/airflow/example_dags/example_short_circuit_decorator.py for tasks to queue
[2023-11-02T23:35:34.875+0000] {logging_mixin.py:151} INFO - [2023-11-02T23:35:34.875+0000] {dagbag.py:536} INFO - Filling up the DagBag from /home/airflow/.local/lib/python3.8/site-packages/airflow/example_dags/example_short_circuit_decorator.py
[2023-11-02T23:35:34.885+0000] {processor.py:839} INFO - DAG(s) dict_keys(['example_short_circuit_decorator']) retrieved from /home/airflow/.local/lib/python3.8/site-packages/airflow/example_dags/example_short_circuit_decorator.py
[2023-11-02T23:35:34.914+0000] {logging_mixin.py:151} INFO - [2023-11-02T23:35:34.914+0000] {dag.py:2941} INFO - Sync 1 DAGs
[2023-11-02T23:35:34.941+0000] {logging_mixin.py:151} INFO - [2023-11-02T23:35:34.941+0000] {dag.py:3722} INFO - Setting next_dagrun for example_short_circuit_decorator to 2023-11-01T23:35:34.940788+00:00, run_after=2023-11-02T23:35:34.940788+00:00
[2023-11-02T23:35:34.978+0000] {processor.py:179} INFO - Processing /home/airflow/.local/lib/python3.8/site-packages/airflow/example_dags/example_short_circuit_decorator.py took 0.110 seconds
[2023-11-02T23:36:05.570+0000] {processor.py:157} INFO - Started process (PID=1060) to work on /home/airflow/.local/lib/python3.8/site-packages/airflow/example_dags/example_short_circuit_decorator.py
[2023-11-02T23:36:05.571+0000] {processor.py:829} INFO - Processing file /home/airflow/.local/lib/python3.8/site-packages/airflow/example_dags/example_short_circuit_decorator.py for tasks to queue
[2023-11-02T23:36:05.574+0000] {logging_mixin.py:151} INFO - [2023-11-02T23:36:05.573+0000] {dagbag.py:536} INFO - Filling up the DagBag from /home/airflow/.local/lib/python3.8/site-packages/airflow/example_dags/example_short_circuit_decorator.py
[2023-11-02T23:36:05.583+0000] {processor.py:839} INFO - DAG(s) dict_keys(['example_short_circuit_decorator']) retrieved from /home/airflow/.local/lib/python3.8/site-packages/airflow/example_dags/example_short_circuit_decorator.py
[2023-11-02T23:36:05.618+0000] {logging_mixin.py:151} INFO - [2023-11-02T23:36:05.618+0000] {dag.py:2941} INFO - Sync 1 DAGs
[2023-11-02T23:36:05.647+0000] {logging_mixin.py:151} INFO - [2023-11-02T23:36:05.647+0000] {dag.py:3722} INFO - Setting next_dagrun for example_short_circuit_decorator to 2023-11-01T23:36:05.647112+00:00, run_after=2023-11-02T23:36:05.647112+00:00
[2023-11-02T23:36:05.679+0000] {processor.py:179} INFO - Processing /home/airflow/.local/lib/python3.8/site-packages/airflow/example_dags/example_short_circuit_decorator.py took 0.112 seconds
[2023-11-02T23:36:35.738+0000] {processor.py:157} INFO - Started process (PID=1114) to work on /home/airflow/.local/lib/python3.8/site-packages/airflow/example_dags/example_short_circuit_decorator.py
[2023-11-02T23:36:35.740+0000] {processor.py:829} INFO - Processing file /home/airflow/.local/lib/python3.8/site-packages/airflow/example_dags/example_short_circuit_decorator.py for tasks to queue
[2023-11-02T23:36:35.742+0000] {logging_mixin.py:151} INFO - [2023-11-02T23:36:35.742+0000] {dagbag.py:536} INFO - Filling up the DagBag from /home/airflow/.local/lib/python3.8/site-packages/airflow/example_dags/example_short_circuit_decorator.py
[2023-11-02T23:36:35.753+0000] {processor.py:839} INFO - DAG(s) dict_keys(['example_short_circuit_decorator']) retrieved from /home/airflow/.local/lib/python3.8/site-packages/airflow/example_dags/example_short_circuit_decorator.py
[2023-11-02T23:36:35.782+0000] {logging_mixin.py:151} INFO - [2023-11-02T23:36:35.782+0000] {dag.py:2941} INFO - Sync 1 DAGs
[2023-11-02T23:36:35.809+0000] {logging_mixin.py:151} INFO - [2023-11-02T23:36:35.809+0000] {dag.py:3722} INFO - Setting next_dagrun for example_short_circuit_decorator to 2023-11-01T23:36:35.808894+00:00, run_after=2023-11-02T23:36:35.808894+00:00
[2023-11-02T23:36:35.838+0000] {processor.py:179} INFO - Processing /home/airflow/.local/lib/python3.8/site-packages/airflow/example_dags/example_short_circuit_decorator.py took 0.103 seconds
[2023-11-02T23:37:07.109+0000] {processor.py:157} INFO - Started process (PID=1169) to work on /home/airflow/.local/lib/python3.8/site-packages/airflow/example_dags/example_short_circuit_decorator.py
[2023-11-02T23:37:07.110+0000] {processor.py:829} INFO - Processing file /home/airflow/.local/lib/python3.8/site-packages/airflow/example_dags/example_short_circuit_decorator.py for tasks to queue
[2023-11-02T23:37:07.112+0000] {logging_mixin.py:151} INFO - [2023-11-02T23:37:07.112+0000] {dagbag.py:536} INFO - Filling up the DagBag from /home/airflow/.local/lib/python3.8/site-packages/airflow/example_dags/example_short_circuit_decorator.py
[2023-11-02T23:37:07.123+0000] {processor.py:839} INFO - DAG(s) dict_keys(['example_short_circuit_decorator']) retrieved from /home/airflow/.local/lib/python3.8/site-packages/airflow/example_dags/example_short_circuit_decorator.py
[2023-11-02T23:37:07.157+0000] {logging_mixin.py:151} INFO - [2023-11-02T23:37:07.157+0000] {dag.py:2941} INFO - Sync 1 DAGs
[2023-11-02T23:37:07.350+0000] {logging_mixin.py:151} INFO - [2023-11-02T23:37:07.350+0000] {dag.py:3722} INFO - Setting next_dagrun for example_short_circuit_decorator to 2023-11-01T23:37:07.350137+00:00, run_after=2023-11-02T23:37:07.350137+00:00
[2023-11-02T23:37:07.379+0000] {processor.py:179} INFO - Processing /home/airflow/.local/lib/python3.8/site-packages/airflow/example_dags/example_short_circuit_decorator.py took 0.274 seconds
[2023-11-02T23:37:38.221+0000] {processor.py:157} INFO - Started process (PID=1223) to work on /home/airflow/.local/lib/python3.8/site-packages/airflow/example_dags/example_short_circuit_decorator.py
[2023-11-02T23:37:38.222+0000] {processor.py:829} INFO - Processing file /home/airflow/.local/lib/python3.8/site-packages/airflow/example_dags/example_short_circuit_decorator.py for tasks to queue
[2023-11-02T23:37:38.224+0000] {logging_mixin.py:151} INFO - [2023-11-02T23:37:38.224+0000] {dagbag.py:536} INFO - Filling up the DagBag from /home/airflow/.local/lib/python3.8/site-packages/airflow/example_dags/example_short_circuit_decorator.py
[2023-11-02T23:37:38.234+0000] {processor.py:839} INFO - DAG(s) dict_keys(['example_short_circuit_decorator']) retrieved from /home/airflow/.local/lib/python3.8/site-packages/airflow/example_dags/example_short_circuit_decorator.py
[2023-11-02T23:37:38.265+0000] {logging_mixin.py:151} INFO - [2023-11-02T23:37:38.265+0000] {dag.py:2941} INFO - Sync 1 DAGs
[2023-11-02T23:37:38.292+0000] {logging_mixin.py:151} INFO - [2023-11-02T23:37:38.292+0000] {dag.py:3722} INFO - Setting next_dagrun for example_short_circuit_decorator to 2023-11-01T23:37:38.292092+00:00, run_after=2023-11-02T23:37:38.292092+00:00
[2023-11-02T23:37:38.326+0000] {processor.py:179} INFO - Processing /home/airflow/.local/lib/python3.8/site-packages/airflow/example_dags/example_short_circuit_decorator.py took 0.108 seconds
[2023-11-02T23:38:08.494+0000] {processor.py:157} INFO - Started process (PID=1278) to work on /home/airflow/.local/lib/python3.8/site-packages/airflow/example_dags/example_short_circuit_decorator.py
[2023-11-02T23:38:08.495+0000] {processor.py:829} INFO - Processing file /home/airflow/.local/lib/python3.8/site-packages/airflow/example_dags/example_short_circuit_decorator.py for tasks to queue
[2023-11-02T23:38:08.497+0000] {logging_mixin.py:151} INFO - [2023-11-02T23:38:08.497+0000] {dagbag.py:536} INFO - Filling up the DagBag from /home/airflow/.local/lib/python3.8/site-packages/airflow/example_dags/example_short_circuit_decorator.py
[2023-11-02T23:38:08.510+0000] {processor.py:839} INFO - DAG(s) dict_keys(['example_short_circuit_decorator']) retrieved from /home/airflow/.local/lib/python3.8/site-packages/airflow/example_dags/example_short_circuit_decorator.py
[2023-11-02T23:38:08.561+0000] {logging_mixin.py:151} INFO - [2023-11-02T23:38:08.560+0000] {dag.py:2941} INFO - Sync 1 DAGs
[2023-11-02T23:38:08.596+0000] {logging_mixin.py:151} INFO - [2023-11-02T23:38:08.596+0000] {dag.py:3722} INFO - Setting next_dagrun for example_short_circuit_decorator to 2023-11-01T23:38:08.595543+00:00, run_after=2023-11-02T23:38:08.595543+00:00
[2023-11-02T23:38:08.642+0000] {processor.py:179} INFO - Processing /home/airflow/.local/lib/python3.8/site-packages/airflow/example_dags/example_short_circuit_decorator.py took 0.151 seconds
[2023-11-02T23:38:38.997+0000] {processor.py:157} INFO - Started process (PID=1332) to work on /home/airflow/.local/lib/python3.8/site-packages/airflow/example_dags/example_short_circuit_decorator.py
[2023-11-02T23:38:38.999+0000] {processor.py:829} INFO - Processing file /home/airflow/.local/lib/python3.8/site-packages/airflow/example_dags/example_short_circuit_decorator.py for tasks to queue
[2023-11-02T23:38:39.002+0000] {logging_mixin.py:151} INFO - [2023-11-02T23:38:39.001+0000] {dagbag.py:536} INFO - Filling up the DagBag from /home/airflow/.local/lib/python3.8/site-packages/airflow/example_dags/example_short_circuit_decorator.py
[2023-11-02T23:38:39.013+0000] {processor.py:839} INFO - DAG(s) dict_keys(['example_short_circuit_decorator']) retrieved from /home/airflow/.local/lib/python3.8/site-packages/airflow/example_dags/example_short_circuit_decorator.py
[2023-11-02T23:38:39.051+0000] {logging_mixin.py:151} INFO - [2023-11-02T23:38:39.051+0000] {dag.py:2941} INFO - Sync 1 DAGs
[2023-11-02T23:38:39.290+0000] {logging_mixin.py:151} INFO - [2023-11-02T23:38:39.290+0000] {dag.py:3722} INFO - Setting next_dagrun for example_short_circuit_decorator to 2023-11-01T23:38:39.290143+00:00, run_after=2023-11-02T23:38:39.290143+00:00
[2023-11-02T23:38:39.321+0000] {processor.py:179} INFO - Processing /home/airflow/.local/lib/python3.8/site-packages/airflow/example_dags/example_short_circuit_decorator.py took 0.328 seconds
[2023-11-02T23:39:09.733+0000] {processor.py:157} INFO - Started process (PID=1386) to work on /home/airflow/.local/lib/python3.8/site-packages/airflow/example_dags/example_short_circuit_decorator.py
[2023-11-02T23:39:09.734+0000] {processor.py:829} INFO - Processing file /home/airflow/.local/lib/python3.8/site-packages/airflow/example_dags/example_short_circuit_decorator.py for tasks to queue
[2023-11-02T23:39:09.737+0000] {logging_mixin.py:151} INFO - [2023-11-02T23:39:09.736+0000] {dagbag.py:536} INFO - Filling up the DagBag from /home/airflow/.local/lib/python3.8/site-packages/airflow/example_dags/example_short_circuit_decorator.py
[2023-11-02T23:39:09.747+0000] {processor.py:839} INFO - DAG(s) dict_keys(['example_short_circuit_decorator']) retrieved from /home/airflow/.local/lib/python3.8/site-packages/airflow/example_dags/example_short_circuit_decorator.py
[2023-11-02T23:39:09.780+0000] {logging_mixin.py:151} INFO - [2023-11-02T23:39:09.780+0000] {dag.py:2941} INFO - Sync 1 DAGs
[2023-11-02T23:39:09.806+0000] {logging_mixin.py:151} INFO - [2023-11-02T23:39:09.806+0000] {dag.py:3722} INFO - Setting next_dagrun for example_short_circuit_decorator to 2023-11-01T23:39:09.805882+00:00, run_after=2023-11-02T23:39:09.805882+00:00
[2023-11-02T23:39:10.001+0000] {processor.py:179} INFO - Processing /home/airflow/.local/lib/python3.8/site-packages/airflow/example_dags/example_short_circuit_decorator.py took 0.271 seconds
[2023-11-02T23:39:40.247+0000] {processor.py:157} INFO - Started process (PID=1440) to work on /home/airflow/.local/lib/python3.8/site-packages/airflow/example_dags/example_short_circuit_decorator.py
[2023-11-02T23:39:40.250+0000] {processor.py:829} INFO - Processing file /home/airflow/.local/lib/python3.8/site-packages/airflow/example_dags/example_short_circuit_decorator.py for tasks to queue
[2023-11-02T23:39:40.252+0000] {logging_mixin.py:151} INFO - [2023-11-02T23:39:40.252+0000] {dagbag.py:536} INFO - Filling up the DagBag from /home/airflow/.local/lib/python3.8/site-packages/airflow/example_dags/example_short_circuit_decorator.py
[2023-11-02T23:39:40.263+0000] {processor.py:839} INFO - DAG(s) dict_keys(['example_short_circuit_decorator']) retrieved from /home/airflow/.local/lib/python3.8/site-packages/airflow/example_dags/example_short_circuit_decorator.py
[2023-11-02T23:39:40.297+0000] {logging_mixin.py:151} INFO - [2023-11-02T23:39:40.297+0000] {dag.py:2941} INFO - Sync 1 DAGs
[2023-11-02T23:39:40.331+0000] {logging_mixin.py:151} INFO - [2023-11-02T23:39:40.331+0000] {dag.py:3722} INFO - Setting next_dagrun for example_short_circuit_decorator to 2023-11-01T23:39:40.331400+00:00, run_after=2023-11-02T23:39:40.331400+00:00
[2023-11-02T23:39:40.389+0000] {processor.py:179} INFO - Processing /home/airflow/.local/lib/python3.8/site-packages/airflow/example_dags/example_short_circuit_decorator.py took 0.146 seconds
[2023-11-02T23:40:10.705+0000] {processor.py:157} INFO - Started process (PID=1499) to work on /home/airflow/.local/lib/python3.8/site-packages/airflow/example_dags/example_short_circuit_decorator.py
[2023-11-02T23:40:10.706+0000] {processor.py:829} INFO - Processing file /home/airflow/.local/lib/python3.8/site-packages/airflow/example_dags/example_short_circuit_decorator.py for tasks to queue
[2023-11-02T23:40:10.708+0000] {logging_mixin.py:151} INFO - [2023-11-02T23:40:10.708+0000] {dagbag.py:536} INFO - Filling up the DagBag from /home/airflow/.local/lib/python3.8/site-packages/airflow/example_dags/example_short_circuit_decorator.py
[2023-11-02T23:40:10.717+0000] {processor.py:839} INFO - DAG(s) dict_keys(['example_short_circuit_decorator']) retrieved from /home/airflow/.local/lib/python3.8/site-packages/airflow/example_dags/example_short_circuit_decorator.py
[2023-11-02T23:40:10.745+0000] {logging_mixin.py:151} INFO - [2023-11-02T23:40:10.745+0000] {dag.py:2941} INFO - Sync 1 DAGs
[2023-11-02T23:40:10.771+0000] {logging_mixin.py:151} INFO - [2023-11-02T23:40:10.771+0000] {dag.py:3722} INFO - Setting next_dagrun for example_short_circuit_decorator to 2023-11-01T23:40:10.770874+00:00, run_after=2023-11-02T23:40:10.770874+00:00
[2023-11-02T23:40:10.798+0000] {processor.py:179} INFO - Processing /home/airflow/.local/lib/python3.8/site-packages/airflow/example_dags/example_short_circuit_decorator.py took 0.096 seconds
[2023-11-02T23:40:41.709+0000] {processor.py:157} INFO - Started process (PID=1553) to work on /home/airflow/.local/lib/python3.8/site-packages/airflow/example_dags/example_short_circuit_decorator.py
[2023-11-02T23:40:41.711+0000] {processor.py:829} INFO - Processing file /home/airflow/.local/lib/python3.8/site-packages/airflow/example_dags/example_short_circuit_decorator.py for tasks to queue
[2023-11-02T23:40:41.713+0000] {logging_mixin.py:151} INFO - [2023-11-02T23:40:41.712+0000] {dagbag.py:536} INFO - Filling up the DagBag from /home/airflow/.local/lib/python3.8/site-packages/airflow/example_dags/example_short_circuit_decorator.py
[2023-11-02T23:40:41.723+0000] {processor.py:839} INFO - DAG(s) dict_keys(['example_short_circuit_decorator']) retrieved from /home/airflow/.local/lib/python3.8/site-packages/airflow/example_dags/example_short_circuit_decorator.py
[2023-11-02T23:40:41.754+0000] {logging_mixin.py:151} INFO - [2023-11-02T23:40:41.754+0000] {dag.py:2941} INFO - Sync 1 DAGs
[2023-11-02T23:40:41.940+0000] {logging_mixin.py:151} INFO - [2023-11-02T23:40:41.940+0000] {dag.py:3722} INFO - Setting next_dagrun for example_short_circuit_decorator to 2023-11-01T23:40:41.940129+00:00, run_after=2023-11-02T23:40:41.940129+00:00
[2023-11-02T23:40:41.964+0000] {processor.py:179} INFO - Processing /home/airflow/.local/lib/python3.8/site-packages/airflow/example_dags/example_short_circuit_decorator.py took 0.259 seconds
[2023-11-02T23:41:12.660+0000] {processor.py:157} INFO - Started process (PID=1607) to work on /home/airflow/.local/lib/python3.8/site-packages/airflow/example_dags/example_short_circuit_decorator.py
[2023-11-02T23:41:12.661+0000] {processor.py:829} INFO - Processing file /home/airflow/.local/lib/python3.8/site-packages/airflow/example_dags/example_short_circuit_decorator.py for tasks to queue
[2023-11-02T23:41:12.664+0000] {logging_mixin.py:151} INFO - [2023-11-02T23:41:12.663+0000] {dagbag.py:536} INFO - Filling up the DagBag from /home/airflow/.local/lib/python3.8/site-packages/airflow/example_dags/example_short_circuit_decorator.py
[2023-11-02T23:41:12.673+0000] {processor.py:839} INFO - DAG(s) dict_keys(['example_short_circuit_decorator']) retrieved from /home/airflow/.local/lib/python3.8/site-packages/airflow/example_dags/example_short_circuit_decorator.py
[2023-11-02T23:41:12.699+0000] {logging_mixin.py:151} INFO - [2023-11-02T23:41:12.699+0000] {dag.py:2941} INFO - Sync 1 DAGs
[2023-11-02T23:41:12.726+0000] {logging_mixin.py:151} INFO - [2023-11-02T23:41:12.725+0000] {dag.py:3722} INFO - Setting next_dagrun for example_short_circuit_decorator to 2023-11-01T23:41:12.725659+00:00, run_after=2023-11-02T23:41:12.725659+00:00
[2023-11-02T23:41:12.756+0000] {processor.py:179} INFO - Processing /home/airflow/.local/lib/python3.8/site-packages/airflow/example_dags/example_short_circuit_decorator.py took 0.100 seconds
[2023-11-02T23:41:42.827+0000] {processor.py:157} INFO - Started process (PID=1661) to work on /home/airflow/.local/lib/python3.8/site-packages/airflow/example_dags/example_short_circuit_decorator.py
[2023-11-02T23:41:42.828+0000] {processor.py:829} INFO - Processing file /home/airflow/.local/lib/python3.8/site-packages/airflow/example_dags/example_short_circuit_decorator.py for tasks to queue
[2023-11-02T23:41:42.831+0000] {logging_mixin.py:151} INFO - [2023-11-02T23:41:42.831+0000] {dagbag.py:536} INFO - Filling up the DagBag from /home/airflow/.local/lib/python3.8/site-packages/airflow/example_dags/example_short_circuit_decorator.py
[2023-11-02T23:41:42.842+0000] {processor.py:839} INFO - DAG(s) dict_keys(['example_short_circuit_decorator']) retrieved from /home/airflow/.local/lib/python3.8/site-packages/airflow/example_dags/example_short_circuit_decorator.py
[2023-11-02T23:41:42.867+0000] {logging_mixin.py:151} INFO - [2023-11-02T23:41:42.867+0000] {dag.py:2941} INFO - Sync 1 DAGs
[2023-11-02T23:41:42.890+0000] {logging_mixin.py:151} INFO - [2023-11-02T23:41:42.889+0000] {dag.py:3722} INFO - Setting next_dagrun for example_short_circuit_decorator to 2023-11-01T23:41:42.889710+00:00, run_after=2023-11-02T23:41:42.889710+00:00
[2023-11-02T23:41:42.915+0000] {processor.py:179} INFO - Processing /home/airflow/.local/lib/python3.8/site-packages/airflow/example_dags/example_short_circuit_decorator.py took 0.092 seconds
[2023-11-02T23:42:13.034+0000] {processor.py:157} INFO - Started process (PID=1715) to work on /home/airflow/.local/lib/python3.8/site-packages/airflow/example_dags/example_short_circuit_decorator.py
[2023-11-02T23:42:13.036+0000] {processor.py:829} INFO - Processing file /home/airflow/.local/lib/python3.8/site-packages/airflow/example_dags/example_short_circuit_decorator.py for tasks to queue
[2023-11-02T23:42:13.039+0000] {logging_mixin.py:151} INFO - [2023-11-02T23:42:13.038+0000] {dagbag.py:536} INFO - Filling up the DagBag from /home/airflow/.local/lib/python3.8/site-packages/airflow/example_dags/example_short_circuit_decorator.py
[2023-11-02T23:42:13.047+0000] {processor.py:839} INFO - DAG(s) dict_keys(['example_short_circuit_decorator']) retrieved from /home/airflow/.local/lib/python3.8/site-packages/airflow/example_dags/example_short_circuit_decorator.py
[2023-11-02T23:42:13.076+0000] {logging_mixin.py:151} INFO - [2023-11-02T23:42:13.076+0000] {dag.py:2941} INFO - Sync 1 DAGs
[2023-11-02T23:42:13.101+0000] {logging_mixin.py:151} INFO - [2023-11-02T23:42:13.101+0000] {dag.py:3722} INFO - Setting next_dagrun for example_short_circuit_decorator to 2023-11-01T23:42:13.100998+00:00, run_after=2023-11-02T23:42:13.100998+00:00
[2023-11-02T23:42:13.127+0000] {processor.py:179} INFO - Processing /home/airflow/.local/lib/python3.8/site-packages/airflow/example_dags/example_short_circuit_decorator.py took 0.097 seconds
[2023-11-02T23:42:43.273+0000] {processor.py:157} INFO - Started process (PID=1769) to work on /home/airflow/.local/lib/python3.8/site-packages/airflow/example_dags/example_short_circuit_decorator.py
[2023-11-02T23:42:43.275+0000] {processor.py:829} INFO - Processing file /home/airflow/.local/lib/python3.8/site-packages/airflow/example_dags/example_short_circuit_decorator.py for tasks to queue
[2023-11-02T23:42:43.277+0000] {logging_mixin.py:151} INFO - [2023-11-02T23:42:43.277+0000] {dagbag.py:536} INFO - Filling up the DagBag from /home/airflow/.local/lib/python3.8/site-packages/airflow/example_dags/example_short_circuit_decorator.py
[2023-11-02T23:42:43.286+0000] {processor.py:839} INFO - DAG(s) dict_keys(['example_short_circuit_decorator']) retrieved from /home/airflow/.local/lib/python3.8/site-packages/airflow/example_dags/example_short_circuit_decorator.py
[2023-11-02T23:42:43.312+0000] {logging_mixin.py:151} INFO - [2023-11-02T23:42:43.312+0000] {dag.py:2941} INFO - Sync 1 DAGs
[2023-11-02T23:42:43.335+0000] {logging_mixin.py:151} INFO - [2023-11-02T23:42:43.335+0000] {dag.py:3722} INFO - Setting next_dagrun for example_short_circuit_decorator to 2023-11-01T23:42:43.335429+00:00, run_after=2023-11-02T23:42:43.335429+00:00
[2023-11-02T23:42:43.363+0000] {processor.py:179} INFO - Processing /home/airflow/.local/lib/python3.8/site-packages/airflow/example_dags/example_short_circuit_decorator.py took 0.093 seconds
[2023-11-02T23:43:13.544+0000] {processor.py:157} INFO - Started process (PID=1823) to work on /home/airflow/.local/lib/python3.8/site-packages/airflow/example_dags/example_short_circuit_decorator.py
[2023-11-02T23:43:13.546+0000] {processor.py:829} INFO - Processing file /home/airflow/.local/lib/python3.8/site-packages/airflow/example_dags/example_short_circuit_decorator.py for tasks to queue
[2023-11-02T23:43:13.548+0000] {logging_mixin.py:151} INFO - [2023-11-02T23:43:13.548+0000] {dagbag.py:536} INFO - Filling up the DagBag from /home/airflow/.local/lib/python3.8/site-packages/airflow/example_dags/example_short_circuit_decorator.py
[2023-11-02T23:43:13.561+0000] {processor.py:839} INFO - DAG(s) dict_keys(['example_short_circuit_decorator']) retrieved from /home/airflow/.local/lib/python3.8/site-packages/airflow/example_dags/example_short_circuit_decorator.py
[2023-11-02T23:43:13.592+0000] {logging_mixin.py:151} INFO - [2023-11-02T23:43:13.591+0000] {dag.py:2941} INFO - Sync 1 DAGs
[2023-11-02T23:43:13.626+0000] {logging_mixin.py:151} INFO - [2023-11-02T23:43:13.625+0000] {dag.py:3722} INFO - Setting next_dagrun for example_short_circuit_decorator to 2023-11-01T23:43:13.625717+00:00, run_after=2023-11-02T23:43:13.625717+00:00
[2023-11-02T23:43:13.654+0000] {processor.py:179} INFO - Processing /home/airflow/.local/lib/python3.8/site-packages/airflow/example_dags/example_short_circuit_decorator.py took 0.114 seconds
[2023-11-02T23:43:43.796+0000] {processor.py:157} INFO - Started process (PID=1877) to work on /home/airflow/.local/lib/python3.8/site-packages/airflow/example_dags/example_short_circuit_decorator.py
[2023-11-02T23:43:43.798+0000] {processor.py:829} INFO - Processing file /home/airflow/.local/lib/python3.8/site-packages/airflow/example_dags/example_short_circuit_decorator.py for tasks to queue
[2023-11-02T23:43:43.800+0000] {logging_mixin.py:151} INFO - [2023-11-02T23:43:43.800+0000] {dagbag.py:536} INFO - Filling up the DagBag from /home/airflow/.local/lib/python3.8/site-packages/airflow/example_dags/example_short_circuit_decorator.py
[2023-11-02T23:43:43.810+0000] {processor.py:839} INFO - DAG(s) dict_keys(['example_short_circuit_decorator']) retrieved from /home/airflow/.local/lib/python3.8/site-packages/airflow/example_dags/example_short_circuit_decorator.py
[2023-11-02T23:43:43.844+0000] {logging_mixin.py:151} INFO - [2023-11-02T23:43:43.844+0000] {dag.py:2941} INFO - Sync 1 DAGs
[2023-11-02T23:43:43.892+0000] {logging_mixin.py:151} INFO - [2023-11-02T23:43:43.892+0000] {dag.py:3722} INFO - Setting next_dagrun for example_short_circuit_decorator to 2023-11-01T23:43:43.892309+00:00, run_after=2023-11-02T23:43:43.892309+00:00
[2023-11-02T23:43:43.934+0000] {processor.py:179} INFO - Processing /home/airflow/.local/lib/python3.8/site-packages/airflow/example_dags/example_short_circuit_decorator.py took 0.142 seconds
[2023-11-02T23:44:14.077+0000] {processor.py:157} INFO - Started process (PID=1931) to work on /home/airflow/.local/lib/python3.8/site-packages/airflow/example_dags/example_short_circuit_decorator.py
[2023-11-02T23:44:14.080+0000] {processor.py:829} INFO - Processing file /home/airflow/.local/lib/python3.8/site-packages/airflow/example_dags/example_short_circuit_decorator.py for tasks to queue
[2023-11-02T23:44:14.083+0000] {logging_mixin.py:151} INFO - [2023-11-02T23:44:14.083+0000] {dagbag.py:536} INFO - Filling up the DagBag from /home/airflow/.local/lib/python3.8/site-packages/airflow/example_dags/example_short_circuit_decorator.py
[2023-11-02T23:44:14.095+0000] {processor.py:839} INFO - DAG(s) dict_keys(['example_short_circuit_decorator']) retrieved from /home/airflow/.local/lib/python3.8/site-packages/airflow/example_dags/example_short_circuit_decorator.py
[2023-11-02T23:44:14.130+0000] {logging_mixin.py:151} INFO - [2023-11-02T23:44:14.130+0000] {dag.py:2941} INFO - Sync 1 DAGs
[2023-11-02T23:44:14.161+0000] {logging_mixin.py:151} INFO - [2023-11-02T23:44:14.160+0000] {dag.py:3722} INFO - Setting next_dagrun for example_short_circuit_decorator to 2023-11-01T23:44:14.160445+00:00, run_after=2023-11-02T23:44:14.160445+00:00
[2023-11-02T23:44:14.200+0000] {processor.py:179} INFO - Processing /home/airflow/.local/lib/python3.8/site-packages/airflow/example_dags/example_short_circuit_decorator.py took 0.126 seconds
[2023-11-02T23:44:44.346+0000] {processor.py:157} INFO - Started process (PID=1985) to work on /home/airflow/.local/lib/python3.8/site-packages/airflow/example_dags/example_short_circuit_decorator.py
[2023-11-02T23:44:44.348+0000] {processor.py:829} INFO - Processing file /home/airflow/.local/lib/python3.8/site-packages/airflow/example_dags/example_short_circuit_decorator.py for tasks to queue
[2023-11-02T23:44:44.350+0000] {logging_mixin.py:151} INFO - [2023-11-02T23:44:44.350+0000] {dagbag.py:536} INFO - Filling up the DagBag from /home/airflow/.local/lib/python3.8/site-packages/airflow/example_dags/example_short_circuit_decorator.py
[2023-11-02T23:44:44.361+0000] {processor.py:839} INFO - DAG(s) dict_keys(['example_short_circuit_decorator']) retrieved from /home/airflow/.local/lib/python3.8/site-packages/airflow/example_dags/example_short_circuit_decorator.py
[2023-11-02T23:44:44.390+0000] {logging_mixin.py:151} INFO - [2023-11-02T23:44:44.390+0000] {dag.py:2941} INFO - Sync 1 DAGs
[2023-11-02T23:44:44.417+0000] {logging_mixin.py:151} INFO - [2023-11-02T23:44:44.416+0000] {dag.py:3722} INFO - Setting next_dagrun for example_short_circuit_decorator to 2023-11-01T23:44:44.416687+00:00, run_after=2023-11-02T23:44:44.416687+00:00
[2023-11-02T23:44:44.451+0000] {processor.py:179} INFO - Processing /home/airflow/.local/lib/python3.8/site-packages/airflow/example_dags/example_short_circuit_decorator.py took 0.108 seconds
[2023-11-02T23:45:14.799+0000] {processor.py:157} INFO - Started process (PID=2039) to work on /home/airflow/.local/lib/python3.8/site-packages/airflow/example_dags/example_short_circuit_decorator.py
[2023-11-02T23:45:14.800+0000] {processor.py:829} INFO - Processing file /home/airflow/.local/lib/python3.8/site-packages/airflow/example_dags/example_short_circuit_decorator.py for tasks to queue
[2023-11-02T23:45:14.803+0000] {logging_mixin.py:151} INFO - [2023-11-02T23:45:14.803+0000] {dagbag.py:536} INFO - Filling up the DagBag from /home/airflow/.local/lib/python3.8/site-packages/airflow/example_dags/example_short_circuit_decorator.py
[2023-11-02T23:45:14.813+0000] {processor.py:839} INFO - DAG(s) dict_keys(['example_short_circuit_decorator']) retrieved from /home/airflow/.local/lib/python3.8/site-packages/airflow/example_dags/example_short_circuit_decorator.py
[2023-11-02T23:45:14.844+0000] {logging_mixin.py:151} INFO - [2023-11-02T23:45:14.844+0000] {dag.py:2941} INFO - Sync 1 DAGs
[2023-11-02T23:45:14.869+0000] {logging_mixin.py:151} INFO - [2023-11-02T23:45:14.869+0000] {dag.py:3722} INFO - Setting next_dagrun for example_short_circuit_decorator to 2023-11-01T23:45:14.869128+00:00, run_after=2023-11-02T23:45:14.869128+00:00
[2023-11-02T23:45:14.898+0000] {processor.py:179} INFO - Processing /home/airflow/.local/lib/python3.8/site-packages/airflow/example_dags/example_short_circuit_decorator.py took 0.102 seconds
[2023-11-02T23:45:45.085+0000] {processor.py:157} INFO - Started process (PID=2093) to work on /home/airflow/.local/lib/python3.8/site-packages/airflow/example_dags/example_short_circuit_decorator.py
[2023-11-02T23:45:45.087+0000] {processor.py:829} INFO - Processing file /home/airflow/.local/lib/python3.8/site-packages/airflow/example_dags/example_short_circuit_decorator.py for tasks to queue
[2023-11-02T23:45:45.089+0000] {logging_mixin.py:151} INFO - [2023-11-02T23:45:45.089+0000] {dagbag.py:536} INFO - Filling up the DagBag from /home/airflow/.local/lib/python3.8/site-packages/airflow/example_dags/example_short_circuit_decorator.py
[2023-11-02T23:45:45.102+0000] {processor.py:839} INFO - DAG(s) dict_keys(['example_short_circuit_decorator']) retrieved from /home/airflow/.local/lib/python3.8/site-packages/airflow/example_dags/example_short_circuit_decorator.py
[2023-11-02T23:45:45.135+0000] {logging_mixin.py:151} INFO - [2023-11-02T23:45:45.134+0000] {dag.py:2941} INFO - Sync 1 DAGs
[2023-11-02T23:45:45.160+0000] {logging_mixin.py:151} INFO - [2023-11-02T23:45:45.159+0000] {dag.py:3722} INFO - Setting next_dagrun for example_short_circuit_decorator to 2023-11-01T23:45:45.159699+00:00, run_after=2023-11-02T23:45:45.159699+00:00
[2023-11-02T23:45:45.192+0000] {processor.py:179} INFO - Processing /home/airflow/.local/lib/python3.8/site-packages/airflow/example_dags/example_short_circuit_decorator.py took 0.110 seconds
[2023-11-02T23:46:15.385+0000] {processor.py:157} INFO - Started process (PID=2147) to work on /home/airflow/.local/lib/python3.8/site-packages/airflow/example_dags/example_short_circuit_decorator.py
[2023-11-02T23:46:15.386+0000] {processor.py:829} INFO - Processing file /home/airflow/.local/lib/python3.8/site-packages/airflow/example_dags/example_short_circuit_decorator.py for tasks to queue
[2023-11-02T23:46:15.389+0000] {logging_mixin.py:151} INFO - [2023-11-02T23:46:15.388+0000] {dagbag.py:536} INFO - Filling up the DagBag from /home/airflow/.local/lib/python3.8/site-packages/airflow/example_dags/example_short_circuit_decorator.py
[2023-11-02T23:46:15.400+0000] {processor.py:839} INFO - DAG(s) dict_keys(['example_short_circuit_decorator']) retrieved from /home/airflow/.local/lib/python3.8/site-packages/airflow/example_dags/example_short_circuit_decorator.py
[2023-11-02T23:46:15.435+0000] {logging_mixin.py:151} INFO - [2023-11-02T23:46:15.435+0000] {dag.py:2941} INFO - Sync 1 DAGs
[2023-11-02T23:46:15.463+0000] {logging_mixin.py:151} INFO - [2023-11-02T23:46:15.462+0000] {dag.py:3722} INFO - Setting next_dagrun for example_short_circuit_decorator to 2023-11-01T23:46:15.462560+00:00, run_after=2023-11-02T23:46:15.462560+00:00
[2023-11-02T23:46:15.490+0000] {processor.py:179} INFO - Processing /home/airflow/.local/lib/python3.8/site-packages/airflow/example_dags/example_short_circuit_decorator.py took 0.109 seconds
[2023-11-02T23:46:45.546+0000] {processor.py:157} INFO - Started process (PID=2201) to work on /home/airflow/.local/lib/python3.8/site-packages/airflow/example_dags/example_short_circuit_decorator.py
[2023-11-02T23:46:45.547+0000] {processor.py:829} INFO - Processing file /home/airflow/.local/lib/python3.8/site-packages/airflow/example_dags/example_short_circuit_decorator.py for tasks to queue
[2023-11-02T23:46:45.549+0000] {logging_mixin.py:151} INFO - [2023-11-02T23:46:45.549+0000] {dagbag.py:536} INFO - Filling up the DagBag from /home/airflow/.local/lib/python3.8/site-packages/airflow/example_dags/example_short_circuit_decorator.py
[2023-11-02T23:46:45.560+0000] {processor.py:839} INFO - DAG(s) dict_keys(['example_short_circuit_decorator']) retrieved from /home/airflow/.local/lib/python3.8/site-packages/airflow/example_dags/example_short_circuit_decorator.py
[2023-11-02T23:46:45.587+0000] {logging_mixin.py:151} INFO - [2023-11-02T23:46:45.587+0000] {dag.py:2941} INFO - Sync 1 DAGs
[2023-11-02T23:46:45.611+0000] {logging_mixin.py:151} INFO - [2023-11-02T23:46:45.611+0000] {dag.py:3722} INFO - Setting next_dagrun for example_short_circuit_decorator to 2023-11-01T23:46:45.611387+00:00, run_after=2023-11-02T23:46:45.611387+00:00
[2023-11-02T23:46:45.633+0000] {processor.py:179} INFO - Processing /home/airflow/.local/lib/python3.8/site-packages/airflow/example_dags/example_short_circuit_decorator.py took 0.091 seconds
[2023-11-02T23:47:15.796+0000] {processor.py:157} INFO - Started process (PID=2254) to work on /home/airflow/.local/lib/python3.8/site-packages/airflow/example_dags/example_short_circuit_decorator.py
[2023-11-02T23:47:15.798+0000] {processor.py:829} INFO - Processing file /home/airflow/.local/lib/python3.8/site-packages/airflow/example_dags/example_short_circuit_decorator.py for tasks to queue
[2023-11-02T23:47:15.800+0000] {logging_mixin.py:151} INFO - [2023-11-02T23:47:15.800+0000] {dagbag.py:536} INFO - Filling up the DagBag from /home/airflow/.local/lib/python3.8/site-packages/airflow/example_dags/example_short_circuit_decorator.py
[2023-11-02T23:47:15.810+0000] {processor.py:839} INFO - DAG(s) dict_keys(['example_short_circuit_decorator']) retrieved from /home/airflow/.local/lib/python3.8/site-packages/airflow/example_dags/example_short_circuit_decorator.py
[2023-11-02T23:47:15.838+0000] {logging_mixin.py:151} INFO - [2023-11-02T23:47:15.837+0000] {dag.py:2941} INFO - Sync 1 DAGs
[2023-11-02T23:47:15.862+0000] {logging_mixin.py:151} INFO - [2023-11-02T23:47:15.862+0000] {dag.py:3722} INFO - Setting next_dagrun for example_short_circuit_decorator to 2023-11-01T23:47:15.862049+00:00, run_after=2023-11-02T23:47:15.862049+00:00
[2023-11-02T23:47:15.884+0000] {processor.py:179} INFO - Processing /home/airflow/.local/lib/python3.8/site-packages/airflow/example_dags/example_short_circuit_decorator.py took 0.091 seconds
[2023-11-02T23:47:46.128+0000] {processor.py:157} INFO - Started process (PID=2308) to work on /home/airflow/.local/lib/python3.8/site-packages/airflow/example_dags/example_short_circuit_decorator.py
[2023-11-02T23:47:46.130+0000] {processor.py:829} INFO - Processing file /home/airflow/.local/lib/python3.8/site-packages/airflow/example_dags/example_short_circuit_decorator.py for tasks to queue
[2023-11-02T23:47:46.132+0000] {logging_mixin.py:151} INFO - [2023-11-02T23:47:46.132+0000] {dagbag.py:536} INFO - Filling up the DagBag from /home/airflow/.local/lib/python3.8/site-packages/airflow/example_dags/example_short_circuit_decorator.py
[2023-11-02T23:47:46.143+0000] {processor.py:839} INFO - DAG(s) dict_keys(['example_short_circuit_decorator']) retrieved from /home/airflow/.local/lib/python3.8/site-packages/airflow/example_dags/example_short_circuit_decorator.py
[2023-11-02T23:47:46.171+0000] {logging_mixin.py:151} INFO - [2023-11-02T23:47:46.170+0000] {dag.py:2941} INFO - Sync 1 DAGs
[2023-11-02T23:47:46.204+0000] {logging_mixin.py:151} INFO - [2023-11-02T23:47:46.204+0000] {dag.py:3722} INFO - Setting next_dagrun for example_short_circuit_decorator to 2023-11-01T23:47:46.204224+00:00, run_after=2023-11-02T23:47:46.204224+00:00
[2023-11-02T23:47:46.239+0000] {processor.py:179} INFO - Processing /home/airflow/.local/lib/python3.8/site-packages/airflow/example_dags/example_short_circuit_decorator.py took 0.115 seconds
[2023-11-02T23:48:57.882+0000] {processor.py:157} INFO - Started process (PID=39) to work on /home/airflow/.local/lib/python3.8/site-packages/airflow/example_dags/example_short_circuit_decorator.py
[2023-11-02T23:48:57.886+0000] {processor.py:829} INFO - Processing file /home/airflow/.local/lib/python3.8/site-packages/airflow/example_dags/example_short_circuit_decorator.py for tasks to queue
[2023-11-02T23:48:57.889+0000] {logging_mixin.py:151} INFO - [2023-11-02T23:48:57.888+0000] {dagbag.py:536} INFO - Filling up the DagBag from /home/airflow/.local/lib/python3.8/site-packages/airflow/example_dags/example_short_circuit_decorator.py
[2023-11-02T23:48:57.908+0000] {processor.py:839} INFO - DAG(s) dict_keys(['example_short_circuit_decorator']) retrieved from /home/airflow/.local/lib/python3.8/site-packages/airflow/example_dags/example_short_circuit_decorator.py
[2023-11-02T23:48:57.935+0000] {logging_mixin.py:151} INFO - [2023-11-02T23:48:57.934+0000] {dag.py:2941} INFO - Sync 1 DAGs
[2023-11-02T23:48:57.976+0000] {logging_mixin.py:151} INFO - [2023-11-02T23:48:57.976+0000] {dag.py:3722} INFO - Setting next_dagrun for example_short_circuit_decorator to 2023-11-01T23:48:57.976073+00:00, run_after=2023-11-02T23:48:57.976073+00:00
[2023-11-02T23:48:58.015+0000] {processor.py:179} INFO - Processing /home/airflow/.local/lib/python3.8/site-packages/airflow/example_dags/example_short_circuit_decorator.py took 0.137 seconds
[2023-11-02T23:49:28.144+0000] {processor.py:157} INFO - Started process (PID=93) to work on /home/airflow/.local/lib/python3.8/site-packages/airflow/example_dags/example_short_circuit_decorator.py
[2023-11-02T23:49:28.146+0000] {processor.py:829} INFO - Processing file /home/airflow/.local/lib/python3.8/site-packages/airflow/example_dags/example_short_circuit_decorator.py for tasks to queue
[2023-11-02T23:49:28.148+0000] {logging_mixin.py:151} INFO - [2023-11-02T23:49:28.148+0000] {dagbag.py:536} INFO - Filling up the DagBag from /home/airflow/.local/lib/python3.8/site-packages/airflow/example_dags/example_short_circuit_decorator.py
[2023-11-02T23:49:28.158+0000] {processor.py:839} INFO - DAG(s) dict_keys(['example_short_circuit_decorator']) retrieved from /home/airflow/.local/lib/python3.8/site-packages/airflow/example_dags/example_short_circuit_decorator.py
[2023-11-02T23:49:28.186+0000] {logging_mixin.py:151} INFO - [2023-11-02T23:49:28.185+0000] {dag.py:2941} INFO - Sync 1 DAGs
[2023-11-02T23:49:28.211+0000] {logging_mixin.py:151} INFO - [2023-11-02T23:49:28.211+0000] {dag.py:3722} INFO - Setting next_dagrun for example_short_circuit_decorator to 2023-11-01T23:49:28.211314+00:00, run_after=2023-11-02T23:49:28.211314+00:00
[2023-11-02T23:49:28.240+0000] {processor.py:179} INFO - Processing /home/airflow/.local/lib/python3.8/site-packages/airflow/example_dags/example_short_circuit_decorator.py took 0.099 seconds
[2023-11-02T23:49:58.373+0000] {processor.py:157} INFO - Started process (PID=147) to work on /home/airflow/.local/lib/python3.8/site-packages/airflow/example_dags/example_short_circuit_decorator.py
[2023-11-02T23:49:58.374+0000] {processor.py:829} INFO - Processing file /home/airflow/.local/lib/python3.8/site-packages/airflow/example_dags/example_short_circuit_decorator.py for tasks to queue
[2023-11-02T23:49:58.377+0000] {logging_mixin.py:151} INFO - [2023-11-02T23:49:58.376+0000] {dagbag.py:536} INFO - Filling up the DagBag from /home/airflow/.local/lib/python3.8/site-packages/airflow/example_dags/example_short_circuit_decorator.py
[2023-11-02T23:49:58.387+0000] {processor.py:839} INFO - DAG(s) dict_keys(['example_short_circuit_decorator']) retrieved from /home/airflow/.local/lib/python3.8/site-packages/airflow/example_dags/example_short_circuit_decorator.py
[2023-11-02T23:49:58.417+0000] {logging_mixin.py:151} INFO - [2023-11-02T23:49:58.417+0000] {dag.py:2941} INFO - Sync 1 DAGs
[2023-11-02T23:49:58.445+0000] {logging_mixin.py:151} INFO - [2023-11-02T23:49:58.445+0000] {dag.py:3722} INFO - Setting next_dagrun for example_short_circuit_decorator to 2023-11-01T23:49:58.444732+00:00, run_after=2023-11-02T23:49:58.444732+00:00
[2023-11-02T23:49:58.474+0000] {processor.py:179} INFO - Processing /home/airflow/.local/lib/python3.8/site-packages/airflow/example_dags/example_short_circuit_decorator.py took 0.104 seconds
[2023-11-02T23:50:28.839+0000] {processor.py:157} INFO - Started process (PID=201) to work on /home/airflow/.local/lib/python3.8/site-packages/airflow/example_dags/example_short_circuit_decorator.py
[2023-11-02T23:50:28.841+0000] {processor.py:829} INFO - Processing file /home/airflow/.local/lib/python3.8/site-packages/airflow/example_dags/example_short_circuit_decorator.py for tasks to queue
[2023-11-02T23:50:28.843+0000] {logging_mixin.py:151} INFO - [2023-11-02T23:50:28.843+0000] {dagbag.py:536} INFO - Filling up the DagBag from /home/airflow/.local/lib/python3.8/site-packages/airflow/example_dags/example_short_circuit_decorator.py
[2023-11-02T23:50:28.852+0000] {processor.py:839} INFO - DAG(s) dict_keys(['example_short_circuit_decorator']) retrieved from /home/airflow/.local/lib/python3.8/site-packages/airflow/example_dags/example_short_circuit_decorator.py
[2023-11-02T23:50:28.879+0000] {logging_mixin.py:151} INFO - [2023-11-02T23:50:28.879+0000] {dag.py:2941} INFO - Sync 1 DAGs
[2023-11-02T23:50:28.906+0000] {logging_mixin.py:151} INFO - [2023-11-02T23:50:28.905+0000] {dag.py:3722} INFO - Setting next_dagrun for example_short_circuit_decorator to 2023-11-01T23:50:28.905600+00:00, run_after=2023-11-02T23:50:28.905600+00:00
[2023-11-02T23:50:28.933+0000] {processor.py:179} INFO - Processing /home/airflow/.local/lib/python3.8/site-packages/airflow/example_dags/example_short_circuit_decorator.py took 0.098 seconds
[2023-11-02T23:50:59.273+0000] {processor.py:157} INFO - Started process (PID=255) to work on /home/airflow/.local/lib/python3.8/site-packages/airflow/example_dags/example_short_circuit_decorator.py
[2023-11-02T23:50:59.275+0000] {processor.py:829} INFO - Processing file /home/airflow/.local/lib/python3.8/site-packages/airflow/example_dags/example_short_circuit_decorator.py for tasks to queue
[2023-11-02T23:50:59.278+0000] {logging_mixin.py:151} INFO - [2023-11-02T23:50:59.277+0000] {dagbag.py:536} INFO - Filling up the DagBag from /home/airflow/.local/lib/python3.8/site-packages/airflow/example_dags/example_short_circuit_decorator.py
[2023-11-02T23:50:59.287+0000] {processor.py:839} INFO - DAG(s) dict_keys(['example_short_circuit_decorator']) retrieved from /home/airflow/.local/lib/python3.8/site-packages/airflow/example_dags/example_short_circuit_decorator.py
[2023-11-02T23:50:59.319+0000] {logging_mixin.py:151} INFO - [2023-11-02T23:50:59.318+0000] {dag.py:2941} INFO - Sync 1 DAGs
[2023-11-02T23:50:59.343+0000] {logging_mixin.py:151} INFO - [2023-11-02T23:50:59.343+0000] {dag.py:3722} INFO - Setting next_dagrun for example_short_circuit_decorator to 2023-11-01T23:50:59.343283+00:00, run_after=2023-11-02T23:50:59.343283+00:00
[2023-11-02T23:50:59.371+0000] {processor.py:179} INFO - Processing /home/airflow/.local/lib/python3.8/site-packages/airflow/example_dags/example_short_circuit_decorator.py took 0.101 seconds
[2023-11-02T23:51:29.584+0000] {processor.py:157} INFO - Started process (PID=309) to work on /home/airflow/.local/lib/python3.8/site-packages/airflow/example_dags/example_short_circuit_decorator.py
[2023-11-02T23:51:29.585+0000] {processor.py:829} INFO - Processing file /home/airflow/.local/lib/python3.8/site-packages/airflow/example_dags/example_short_circuit_decorator.py for tasks to queue
[2023-11-02T23:51:29.587+0000] {logging_mixin.py:151} INFO - [2023-11-02T23:51:29.587+0000] {dagbag.py:536} INFO - Filling up the DagBag from /home/airflow/.local/lib/python3.8/site-packages/airflow/example_dags/example_short_circuit_decorator.py
[2023-11-02T23:51:29.596+0000] {processor.py:839} INFO - DAG(s) dict_keys(['example_short_circuit_decorator']) retrieved from /home/airflow/.local/lib/python3.8/site-packages/airflow/example_dags/example_short_circuit_decorator.py
[2023-11-02T23:51:29.632+0000] {logging_mixin.py:151} INFO - [2023-11-02T23:51:29.632+0000] {dag.py:2941} INFO - Sync 1 DAGs
[2023-11-02T23:51:29.661+0000] {logging_mixin.py:151} INFO - [2023-11-02T23:51:29.661+0000] {dag.py:3722} INFO - Setting next_dagrun for example_short_circuit_decorator to 2023-11-01T23:51:29.661179+00:00, run_after=2023-11-02T23:51:29.661179+00:00
[2023-11-02T23:51:29.686+0000] {processor.py:179} INFO - Processing /home/airflow/.local/lib/python3.8/site-packages/airflow/example_dags/example_short_circuit_decorator.py took 0.105 seconds
[2023-11-02T23:51:59.869+0000] {processor.py:157} INFO - Started process (PID=363) to work on /home/airflow/.local/lib/python3.8/site-packages/airflow/example_dags/example_short_circuit_decorator.py
[2023-11-02T23:51:59.870+0000] {processor.py:829} INFO - Processing file /home/airflow/.local/lib/python3.8/site-packages/airflow/example_dags/example_short_circuit_decorator.py for tasks to queue
[2023-11-02T23:51:59.873+0000] {logging_mixin.py:151} INFO - [2023-11-02T23:51:59.872+0000] {dagbag.py:536} INFO - Filling up the DagBag from /home/airflow/.local/lib/python3.8/site-packages/airflow/example_dags/example_short_circuit_decorator.py
[2023-11-02T23:51:59.886+0000] {processor.py:839} INFO - DAG(s) dict_keys(['example_short_circuit_decorator']) retrieved from /home/airflow/.local/lib/python3.8/site-packages/airflow/example_dags/example_short_circuit_decorator.py
[2023-11-02T23:51:59.916+0000] {logging_mixin.py:151} INFO - [2023-11-02T23:51:59.915+0000] {dag.py:2941} INFO - Sync 1 DAGs
[2023-11-02T23:51:59.943+0000] {logging_mixin.py:151} INFO - [2023-11-02T23:51:59.943+0000] {dag.py:3722} INFO - Setting next_dagrun for example_short_circuit_decorator to 2023-11-01T23:51:59.942722+00:00, run_after=2023-11-02T23:51:59.942722+00:00
[2023-11-02T23:51:59.969+0000] {processor.py:179} INFO - Processing /home/airflow/.local/lib/python3.8/site-packages/airflow/example_dags/example_short_circuit_decorator.py took 0.103 seconds
[2023-11-02T23:52:30.074+0000] {processor.py:157} INFO - Started process (PID=417) to work on /home/airflow/.local/lib/python3.8/site-packages/airflow/example_dags/example_short_circuit_decorator.py
[2023-11-02T23:52:30.074+0000] {processor.py:829} INFO - Processing file /home/airflow/.local/lib/python3.8/site-packages/airflow/example_dags/example_short_circuit_decorator.py for tasks to queue
[2023-11-02T23:52:30.076+0000] {logging_mixin.py:151} INFO - [2023-11-02T23:52:30.076+0000] {dagbag.py:536} INFO - Filling up the DagBag from /home/airflow/.local/lib/python3.8/site-packages/airflow/example_dags/example_short_circuit_decorator.py
[2023-11-02T23:52:30.105+0000] {processor.py:839} INFO - DAG(s) dict_keys(['example_short_circuit_decorator']) retrieved from /home/airflow/.local/lib/python3.8/site-packages/airflow/example_dags/example_short_circuit_decorator.py
[2023-11-02T23:52:30.135+0000] {logging_mixin.py:151} INFO - [2023-11-02T23:52:30.135+0000] {dag.py:2941} INFO - Sync 1 DAGs
[2023-11-02T23:52:30.167+0000] {logging_mixin.py:151} INFO - [2023-11-02T23:52:30.167+0000] {dag.py:3722} INFO - Setting next_dagrun for example_short_circuit_decorator to 2023-11-01T23:52:30.167196+00:00, run_after=2023-11-02T23:52:30.167196+00:00
[2023-11-02T23:52:30.200+0000] {processor.py:179} INFO - Processing /home/airflow/.local/lib/python3.8/site-packages/airflow/example_dags/example_short_circuit_decorator.py took 0.141 seconds
[2023-11-02T23:53:00.357+0000] {processor.py:157} INFO - Started process (PID=471) to work on /home/airflow/.local/lib/python3.8/site-packages/airflow/example_dags/example_short_circuit_decorator.py
[2023-11-02T23:53:00.359+0000] {processor.py:829} INFO - Processing file /home/airflow/.local/lib/python3.8/site-packages/airflow/example_dags/example_short_circuit_decorator.py for tasks to queue
[2023-11-02T23:53:00.361+0000] {logging_mixin.py:151} INFO - [2023-11-02T23:53:00.361+0000] {dagbag.py:536} INFO - Filling up the DagBag from /home/airflow/.local/lib/python3.8/site-packages/airflow/example_dags/example_short_circuit_decorator.py
[2023-11-02T23:53:00.371+0000] {processor.py:839} INFO - DAG(s) dict_keys(['example_short_circuit_decorator']) retrieved from /home/airflow/.local/lib/python3.8/site-packages/airflow/example_dags/example_short_circuit_decorator.py
[2023-11-02T23:53:00.403+0000] {logging_mixin.py:151} INFO - [2023-11-02T23:53:00.403+0000] {dag.py:2941} INFO - Sync 1 DAGs
[2023-11-02T23:53:00.431+0000] {logging_mixin.py:151} INFO - [2023-11-02T23:53:00.431+0000] {dag.py:3722} INFO - Setting next_dagrun for example_short_circuit_decorator to 2023-11-01T23:53:00.430947+00:00, run_after=2023-11-02T23:53:00.430947+00:00
[2023-11-02T23:53:00.462+0000] {processor.py:179} INFO - Processing /home/airflow/.local/lib/python3.8/site-packages/airflow/example_dags/example_short_circuit_decorator.py took 0.108 seconds
[2023-11-02T23:53:30.558+0000] {processor.py:157} INFO - Started process (PID=525) to work on /home/airflow/.local/lib/python3.8/site-packages/airflow/example_dags/example_short_circuit_decorator.py
[2023-11-02T23:53:30.559+0000] {processor.py:829} INFO - Processing file /home/airflow/.local/lib/python3.8/site-packages/airflow/example_dags/example_short_circuit_decorator.py for tasks to queue
[2023-11-02T23:53:30.561+0000] {logging_mixin.py:151} INFO - [2023-11-02T23:53:30.561+0000] {dagbag.py:536} INFO - Filling up the DagBag from /home/airflow/.local/lib/python3.8/site-packages/airflow/example_dags/example_short_circuit_decorator.py
[2023-11-02T23:53:30.570+0000] {processor.py:839} INFO - DAG(s) dict_keys(['example_short_circuit_decorator']) retrieved from /home/airflow/.local/lib/python3.8/site-packages/airflow/example_dags/example_short_circuit_decorator.py
[2023-11-02T23:53:30.602+0000] {logging_mixin.py:151} INFO - [2023-11-02T23:53:30.602+0000] {dag.py:2941} INFO - Sync 1 DAGs
[2023-11-02T23:53:30.640+0000] {logging_mixin.py:151} INFO - [2023-11-02T23:53:30.639+0000] {dag.py:3722} INFO - Setting next_dagrun for example_short_circuit_decorator to 2023-11-01T23:53:30.639594+00:00, run_after=2023-11-02T23:53:30.639594+00:00
[2023-11-02T23:53:30.664+0000] {processor.py:179} INFO - Processing /home/airflow/.local/lib/python3.8/site-packages/airflow/example_dags/example_short_circuit_decorator.py took 0.109 seconds
[2023-11-02T23:54:00.786+0000] {processor.py:157} INFO - Started process (PID=579) to work on /home/airflow/.local/lib/python3.8/site-packages/airflow/example_dags/example_short_circuit_decorator.py
[2023-11-02T23:54:00.787+0000] {processor.py:829} INFO - Processing file /home/airflow/.local/lib/python3.8/site-packages/airflow/example_dags/example_short_circuit_decorator.py for tasks to queue
[2023-11-02T23:54:00.790+0000] {logging_mixin.py:151} INFO - [2023-11-02T23:54:00.789+0000] {dagbag.py:536} INFO - Filling up the DagBag from /home/airflow/.local/lib/python3.8/site-packages/airflow/example_dags/example_short_circuit_decorator.py
[2023-11-02T23:54:00.799+0000] {processor.py:839} INFO - DAG(s) dict_keys(['example_short_circuit_decorator']) retrieved from /home/airflow/.local/lib/python3.8/site-packages/airflow/example_dags/example_short_circuit_decorator.py
[2023-11-02T23:54:00.828+0000] {logging_mixin.py:151} INFO - [2023-11-02T23:54:00.828+0000] {dag.py:2941} INFO - Sync 1 DAGs
[2023-11-02T23:54:00.855+0000] {logging_mixin.py:151} INFO - [2023-11-02T23:54:00.855+0000] {dag.py:3722} INFO - Setting next_dagrun for example_short_circuit_decorator to 2023-11-01T23:54:00.854948+00:00, run_after=2023-11-02T23:54:00.854948+00:00
[2023-11-02T23:54:00.883+0000] {processor.py:179} INFO - Processing /home/airflow/.local/lib/python3.8/site-packages/airflow/example_dags/example_short_circuit_decorator.py took 0.100 seconds
[2023-11-02T23:54:31.130+0000] {processor.py:157} INFO - Started process (PID=634) to work on /home/airflow/.local/lib/python3.8/site-packages/airflow/example_dags/example_short_circuit_decorator.py
[2023-11-02T23:54:31.131+0000] {processor.py:829} INFO - Processing file /home/airflow/.local/lib/python3.8/site-packages/airflow/example_dags/example_short_circuit_decorator.py for tasks to queue
[2023-11-02T23:54:31.134+0000] {logging_mixin.py:151} INFO - [2023-11-02T23:54:31.133+0000] {dagbag.py:536} INFO - Filling up the DagBag from /home/airflow/.local/lib/python3.8/site-packages/airflow/example_dags/example_short_circuit_decorator.py
[2023-11-02T23:54:31.143+0000] {processor.py:839} INFO - DAG(s) dict_keys(['example_short_circuit_decorator']) retrieved from /home/airflow/.local/lib/python3.8/site-packages/airflow/example_dags/example_short_circuit_decorator.py
[2023-11-02T23:54:31.172+0000] {logging_mixin.py:151} INFO - [2023-11-02T23:54:31.172+0000] {dag.py:2941} INFO - Sync 1 DAGs
[2023-11-02T23:54:31.198+0000] {logging_mixin.py:151} INFO - [2023-11-02T23:54:31.198+0000] {dag.py:3722} INFO - Setting next_dagrun for example_short_circuit_decorator to 2023-11-01T23:54:31.197841+00:00, run_after=2023-11-02T23:54:31.197841+00:00
[2023-11-02T23:54:31.229+0000] {processor.py:179} INFO - Processing /home/airflow/.local/lib/python3.8/site-packages/airflow/example_dags/example_short_circuit_decorator.py took 0.102 seconds
[2023-11-02T23:55:01.629+0000] {processor.py:157} INFO - Started process (PID=687) to work on /home/airflow/.local/lib/python3.8/site-packages/airflow/example_dags/example_short_circuit_decorator.py
[2023-11-02T23:55:01.631+0000] {processor.py:829} INFO - Processing file /home/airflow/.local/lib/python3.8/site-packages/airflow/example_dags/example_short_circuit_decorator.py for tasks to queue
[2023-11-02T23:55:01.634+0000] {logging_mixin.py:151} INFO - [2023-11-02T23:55:01.633+0000] {dagbag.py:536} INFO - Filling up the DagBag from /home/airflow/.local/lib/python3.8/site-packages/airflow/example_dags/example_short_circuit_decorator.py
[2023-11-02T23:55:01.654+0000] {processor.py:839} INFO - DAG(s) dict_keys(['example_short_circuit_decorator']) retrieved from /home/airflow/.local/lib/python3.8/site-packages/airflow/example_dags/example_short_circuit_decorator.py
[2023-11-02T23:55:01.715+0000] {logging_mixin.py:151} INFO - [2023-11-02T23:55:01.715+0000] {dag.py:2941} INFO - Sync 1 DAGs
[2023-11-02T23:55:01.750+0000] {logging_mixin.py:151} INFO - [2023-11-02T23:55:01.750+0000] {dag.py:3722} INFO - Setting next_dagrun for example_short_circuit_decorator to 2023-11-01T23:55:01.749979+00:00, run_after=2023-11-02T23:55:01.749979+00:00
[2023-11-02T23:55:01.779+0000] {processor.py:179} INFO - Processing /home/airflow/.local/lib/python3.8/site-packages/airflow/example_dags/example_short_circuit_decorator.py took 0.155 seconds
[2023-11-02T23:55:31.861+0000] {processor.py:157} INFO - Started process (PID=741) to work on /home/airflow/.local/lib/python3.8/site-packages/airflow/example_dags/example_short_circuit_decorator.py
[2023-11-02T23:55:31.862+0000] {processor.py:829} INFO - Processing file /home/airflow/.local/lib/python3.8/site-packages/airflow/example_dags/example_short_circuit_decorator.py for tasks to queue
[2023-11-02T23:55:31.864+0000] {logging_mixin.py:151} INFO - [2023-11-02T23:55:31.864+0000] {dagbag.py:536} INFO - Filling up the DagBag from /home/airflow/.local/lib/python3.8/site-packages/airflow/example_dags/example_short_circuit_decorator.py
[2023-11-02T23:55:31.874+0000] {processor.py:839} INFO - DAG(s) dict_keys(['example_short_circuit_decorator']) retrieved from /home/airflow/.local/lib/python3.8/site-packages/airflow/example_dags/example_short_circuit_decorator.py
[2023-11-02T23:55:31.901+0000] {logging_mixin.py:151} INFO - [2023-11-02T23:55:31.901+0000] {dag.py:2941} INFO - Sync 1 DAGs
[2023-11-02T23:55:31.925+0000] {logging_mixin.py:151} INFO - [2023-11-02T23:55:31.925+0000] {dag.py:3722} INFO - Setting next_dagrun for example_short_circuit_decorator to 2023-11-01T23:55:31.925320+00:00, run_after=2023-11-02T23:55:31.925320+00:00
[2023-11-02T23:55:31.947+0000] {processor.py:179} INFO - Processing /home/airflow/.local/lib/python3.8/site-packages/airflow/example_dags/example_short_circuit_decorator.py took 0.090 seconds
[2023-11-02T23:56:02.368+0000] {processor.py:157} INFO - Started process (PID=795) to work on /home/airflow/.local/lib/python3.8/site-packages/airflow/example_dags/example_short_circuit_decorator.py
[2023-11-02T23:56:02.369+0000] {processor.py:829} INFO - Processing file /home/airflow/.local/lib/python3.8/site-packages/airflow/example_dags/example_short_circuit_decorator.py for tasks to queue
[2023-11-02T23:56:02.372+0000] {logging_mixin.py:151} INFO - [2023-11-02T23:56:02.372+0000] {dagbag.py:536} INFO - Filling up the DagBag from /home/airflow/.local/lib/python3.8/site-packages/airflow/example_dags/example_short_circuit_decorator.py
[2023-11-02T23:56:02.383+0000] {processor.py:839} INFO - DAG(s) dict_keys(['example_short_circuit_decorator']) retrieved from /home/airflow/.local/lib/python3.8/site-packages/airflow/example_dags/example_short_circuit_decorator.py
[2023-11-02T23:56:02.417+0000] {logging_mixin.py:151} INFO - [2023-11-02T23:56:02.416+0000] {dag.py:2941} INFO - Sync 1 DAGs
[2023-11-02T23:56:02.446+0000] {logging_mixin.py:151} INFO - [2023-11-02T23:56:02.446+0000] {dag.py:3722} INFO - Setting next_dagrun for example_short_circuit_decorator to 2023-11-01T23:56:02.445777+00:00, run_after=2023-11-02T23:56:02.445777+00:00
[2023-11-02T23:56:02.470+0000] {processor.py:179} INFO - Processing /home/airflow/.local/lib/python3.8/site-packages/airflow/example_dags/example_short_circuit_decorator.py took 0.106 seconds
[2023-11-02T23:56:32.505+0000] {processor.py:157} INFO - Started process (PID=849) to work on /home/airflow/.local/lib/python3.8/site-packages/airflow/example_dags/example_short_circuit_decorator.py
[2023-11-02T23:56:32.506+0000] {processor.py:829} INFO - Processing file /home/airflow/.local/lib/python3.8/site-packages/airflow/example_dags/example_short_circuit_decorator.py for tasks to queue
[2023-11-02T23:56:32.509+0000] {logging_mixin.py:151} INFO - [2023-11-02T23:56:32.508+0000] {dagbag.py:536} INFO - Filling up the DagBag from /home/airflow/.local/lib/python3.8/site-packages/airflow/example_dags/example_short_circuit_decorator.py
[2023-11-02T23:56:32.519+0000] {processor.py:839} INFO - DAG(s) dict_keys(['example_short_circuit_decorator']) retrieved from /home/airflow/.local/lib/python3.8/site-packages/airflow/example_dags/example_short_circuit_decorator.py
[2023-11-02T23:56:32.548+0000] {logging_mixin.py:151} INFO - [2023-11-02T23:56:32.548+0000] {dag.py:2941} INFO - Sync 1 DAGs
[2023-11-02T23:56:32.579+0000] {logging_mixin.py:151} INFO - [2023-11-02T23:56:32.578+0000] {dag.py:3722} INFO - Setting next_dagrun for example_short_circuit_decorator to 2023-11-01T23:56:32.578675+00:00, run_after=2023-11-02T23:56:32.578675+00:00
[2023-11-02T23:56:32.612+0000] {processor.py:179} INFO - Processing /home/airflow/.local/lib/python3.8/site-packages/airflow/example_dags/example_short_circuit_decorator.py took 0.110 seconds
[2023-11-02T23:57:02.884+0000] {processor.py:157} INFO - Started process (PID=903) to work on /home/airflow/.local/lib/python3.8/site-packages/airflow/example_dags/example_short_circuit_decorator.py
[2023-11-02T23:57:02.884+0000] {processor.py:829} INFO - Processing file /home/airflow/.local/lib/python3.8/site-packages/airflow/example_dags/example_short_circuit_decorator.py for tasks to queue
[2023-11-02T23:57:02.888+0000] {logging_mixin.py:151} INFO - [2023-11-02T23:57:02.888+0000] {dagbag.py:536} INFO - Filling up the DagBag from /home/airflow/.local/lib/python3.8/site-packages/airflow/example_dags/example_short_circuit_decorator.py
[2023-11-02T23:57:02.899+0000] {processor.py:839} INFO - DAG(s) dict_keys(['example_short_circuit_decorator']) retrieved from /home/airflow/.local/lib/python3.8/site-packages/airflow/example_dags/example_short_circuit_decorator.py
[2023-11-02T23:57:02.929+0000] {logging_mixin.py:151} INFO - [2023-11-02T23:57:02.929+0000] {dag.py:2941} INFO - Sync 1 DAGs
[2023-11-02T23:57:02.960+0000] {logging_mixin.py:151} INFO - [2023-11-02T23:57:02.960+0000] {dag.py:3722} INFO - Setting next_dagrun for example_short_circuit_decorator to 2023-11-01T23:57:02.959830+00:00, run_after=2023-11-02T23:57:02.959830+00:00
[2023-11-02T23:57:02.990+0000] {processor.py:179} INFO - Processing /home/airflow/.local/lib/python3.8/site-packages/airflow/example_dags/example_short_circuit_decorator.py took 0.110 seconds
[2023-11-02T23:57:33.201+0000] {processor.py:157} INFO - Started process (PID=957) to work on /home/airflow/.local/lib/python3.8/site-packages/airflow/example_dags/example_short_circuit_decorator.py
[2023-11-02T23:57:33.202+0000] {processor.py:829} INFO - Processing file /home/airflow/.local/lib/python3.8/site-packages/airflow/example_dags/example_short_circuit_decorator.py for tasks to queue
[2023-11-02T23:57:33.204+0000] {logging_mixin.py:151} INFO - [2023-11-02T23:57:33.204+0000] {dagbag.py:536} INFO - Filling up the DagBag from /home/airflow/.local/lib/python3.8/site-packages/airflow/example_dags/example_short_circuit_decorator.py
[2023-11-02T23:57:33.213+0000] {processor.py:839} INFO - DAG(s) dict_keys(['example_short_circuit_decorator']) retrieved from /home/airflow/.local/lib/python3.8/site-packages/airflow/example_dags/example_short_circuit_decorator.py
[2023-11-02T23:57:33.259+0000] {logging_mixin.py:151} INFO - [2023-11-02T23:57:33.259+0000] {dag.py:2941} INFO - Sync 1 DAGs
[2023-11-02T23:57:33.292+0000] {logging_mixin.py:151} INFO - [2023-11-02T23:57:33.292+0000] {dag.py:3722} INFO - Setting next_dagrun for example_short_circuit_decorator to 2023-11-01T23:57:33.291898+00:00, run_after=2023-11-02T23:57:33.291898+00:00
[2023-11-02T23:57:33.323+0000] {processor.py:179} INFO - Processing /home/airflow/.local/lib/python3.8/site-packages/airflow/example_dags/example_short_circuit_decorator.py took 0.125 seconds
[2023-11-02T23:58:03.589+0000] {processor.py:157} INFO - Started process (PID=1011) to work on /home/airflow/.local/lib/python3.8/site-packages/airflow/example_dags/example_short_circuit_decorator.py
[2023-11-02T23:58:03.590+0000] {processor.py:829} INFO - Processing file /home/airflow/.local/lib/python3.8/site-packages/airflow/example_dags/example_short_circuit_decorator.py for tasks to queue
[2023-11-02T23:58:03.592+0000] {logging_mixin.py:151} INFO - [2023-11-02T23:58:03.592+0000] {dagbag.py:536} INFO - Filling up the DagBag from /home/airflow/.local/lib/python3.8/site-packages/airflow/example_dags/example_short_circuit_decorator.py
[2023-11-02T23:58:03.603+0000] {processor.py:839} INFO - DAG(s) dict_keys(['example_short_circuit_decorator']) retrieved from /home/airflow/.local/lib/python3.8/site-packages/airflow/example_dags/example_short_circuit_decorator.py
[2023-11-02T23:58:03.631+0000] {logging_mixin.py:151} INFO - [2023-11-02T23:58:03.630+0000] {dag.py:2941} INFO - Sync 1 DAGs
[2023-11-02T23:58:03.659+0000] {logging_mixin.py:151} INFO - [2023-11-02T23:58:03.658+0000] {dag.py:3722} INFO - Setting next_dagrun for example_short_circuit_decorator to 2023-11-01T23:58:03.658530+00:00, run_after=2023-11-02T23:58:03.658530+00:00
[2023-11-02T23:58:03.684+0000] {processor.py:179} INFO - Processing /home/airflow/.local/lib/python3.8/site-packages/airflow/example_dags/example_short_circuit_decorator.py took 0.099 seconds
[2023-11-02T23:58:34.189+0000] {processor.py:157} INFO - Started process (PID=1065) to work on /home/airflow/.local/lib/python3.8/site-packages/airflow/example_dags/example_short_circuit_decorator.py
[2023-11-02T23:58:34.190+0000] {processor.py:829} INFO - Processing file /home/airflow/.local/lib/python3.8/site-packages/airflow/example_dags/example_short_circuit_decorator.py for tasks to queue
[2023-11-02T23:58:34.192+0000] {logging_mixin.py:151} INFO - [2023-11-02T23:58:34.192+0000] {dagbag.py:536} INFO - Filling up the DagBag from /home/airflow/.local/lib/python3.8/site-packages/airflow/example_dags/example_short_circuit_decorator.py
[2023-11-02T23:58:34.203+0000] {processor.py:839} INFO - DAG(s) dict_keys(['example_short_circuit_decorator']) retrieved from /home/airflow/.local/lib/python3.8/site-packages/airflow/example_dags/example_short_circuit_decorator.py
[2023-11-02T23:58:34.235+0000] {logging_mixin.py:151} INFO - [2023-11-02T23:58:34.235+0000] {dag.py:2941} INFO - Sync 1 DAGs
[2023-11-02T23:58:34.264+0000] {logging_mixin.py:151} INFO - [2023-11-02T23:58:34.264+0000] {dag.py:3722} INFO - Setting next_dagrun for example_short_circuit_decorator to 2023-11-01T23:58:34.263850+00:00, run_after=2023-11-02T23:58:34.263850+00:00
[2023-11-02T23:58:34.289+0000] {processor.py:179} INFO - Processing /home/airflow/.local/lib/python3.8/site-packages/airflow/example_dags/example_short_circuit_decorator.py took 0.104 seconds
[2023-11-02T23:59:04.697+0000] {processor.py:157} INFO - Started process (PID=1119) to work on /home/airflow/.local/lib/python3.8/site-packages/airflow/example_dags/example_short_circuit_decorator.py
[2023-11-02T23:59:04.698+0000] {processor.py:829} INFO - Processing file /home/airflow/.local/lib/python3.8/site-packages/airflow/example_dags/example_short_circuit_decorator.py for tasks to queue
[2023-11-02T23:59:04.700+0000] {logging_mixin.py:151} INFO - [2023-11-02T23:59:04.700+0000] {dagbag.py:536} INFO - Filling up the DagBag from /home/airflow/.local/lib/python3.8/site-packages/airflow/example_dags/example_short_circuit_decorator.py
[2023-11-02T23:59:04.721+0000] {processor.py:839} INFO - DAG(s) dict_keys(['example_short_circuit_decorator']) retrieved from /home/airflow/.local/lib/python3.8/site-packages/airflow/example_dags/example_short_circuit_decorator.py
[2023-11-02T23:59:04.759+0000] {logging_mixin.py:151} INFO - [2023-11-02T23:59:04.759+0000] {dag.py:2941} INFO - Sync 1 DAGs
[2023-11-02T23:59:04.793+0000] {logging_mixin.py:151} INFO - [2023-11-02T23:59:04.793+0000] {dag.py:3722} INFO - Setting next_dagrun for example_short_circuit_decorator to 2023-11-01T23:59:04.793018+00:00, run_after=2023-11-02T23:59:04.793018+00:00
[2023-11-02T23:59:04.824+0000] {processor.py:179} INFO - Processing /home/airflow/.local/lib/python3.8/site-packages/airflow/example_dags/example_short_circuit_decorator.py took 0.132 seconds
[2023-11-02T23:59:35.143+0000] {processor.py:157} INFO - Started process (PID=1173) to work on /home/airflow/.local/lib/python3.8/site-packages/airflow/example_dags/example_short_circuit_decorator.py
[2023-11-02T23:59:35.144+0000] {processor.py:829} INFO - Processing file /home/airflow/.local/lib/python3.8/site-packages/airflow/example_dags/example_short_circuit_decorator.py for tasks to queue
[2023-11-02T23:59:35.146+0000] {logging_mixin.py:151} INFO - [2023-11-02T23:59:35.146+0000] {dagbag.py:536} INFO - Filling up the DagBag from /home/airflow/.local/lib/python3.8/site-packages/airflow/example_dags/example_short_circuit_decorator.py
[2023-11-02T23:59:35.156+0000] {processor.py:839} INFO - DAG(s) dict_keys(['example_short_circuit_decorator']) retrieved from /home/airflow/.local/lib/python3.8/site-packages/airflow/example_dags/example_short_circuit_decorator.py
[2023-11-02T23:59:35.184+0000] {logging_mixin.py:151} INFO - [2023-11-02T23:59:35.183+0000] {dag.py:2941} INFO - Sync 1 DAGs
[2023-11-02T23:59:35.212+0000] {logging_mixin.py:151} INFO - [2023-11-02T23:59:35.212+0000] {dag.py:3722} INFO - Setting next_dagrun for example_short_circuit_decorator to 2023-11-01T23:59:35.211924+00:00, run_after=2023-11-02T23:59:35.211924+00:00
[2023-11-02T23:59:35.239+0000] {processor.py:179} INFO - Processing /home/airflow/.local/lib/python3.8/site-packages/airflow/example_dags/example_short_circuit_decorator.py took 0.099 seconds
