[2023-11-02T23:26:27.084+0000] {processor.py:157} INFO - Started process (PID=59) to work on /home/airflow/.local/lib/python3.8/site-packages/airflow/example_dags/example_skip_dag.py
[2023-11-02T23:26:27.085+0000] {processor.py:829} INFO - Processing file /home/airflow/.local/lib/python3.8/site-packages/airflow/example_dags/example_skip_dag.py for tasks to queue
[2023-11-02T23:26:27.087+0000] {logging_mixin.py:151} INFO - [2023-11-02T23:26:27.087+0000] {dagbag.py:536} INFO - Filling up the DagBag from /home/airflow/.local/lib/python3.8/site-packages/airflow/example_dags/example_skip_dag.py
[2023-11-02T23:26:27.099+0000] {processor.py:839} INFO - DAG(s) dict_keys(['example_skip_dag']) retrieved from /home/airflow/.local/lib/python3.8/site-packages/airflow/example_dags/example_skip_dag.py
[2023-11-02T23:26:27.116+0000] {logging_mixin.py:151} INFO - [2023-11-02T23:26:27.115+0000] {dag.py:2941} INFO - Sync 1 DAGs
[2023-11-02T23:26:27.149+0000] {logging_mixin.py:151} INFO - [2023-11-02T23:26:27.148+0000] {dag.py:3722} INFO - Setting next_dagrun for example_skip_dag to 2023-11-01T23:26:27.148510+00:00, run_after=2023-11-02T23:26:27.148510+00:00
[2023-11-02T23:26:27.227+0000] {processor.py:179} INFO - Processing /home/airflow/.local/lib/python3.8/site-packages/airflow/example_dags/example_skip_dag.py took 0.147 seconds
[2023-11-02T23:26:58.005+0000] {processor.py:157} INFO - Started process (PID=112) to work on /home/airflow/.local/lib/python3.8/site-packages/airflow/example_dags/example_skip_dag.py
[2023-11-02T23:26:58.006+0000] {processor.py:829} INFO - Processing file /home/airflow/.local/lib/python3.8/site-packages/airflow/example_dags/example_skip_dag.py for tasks to queue
[2023-11-02T23:26:58.009+0000] {logging_mixin.py:151} INFO - [2023-11-02T23:26:58.008+0000] {dagbag.py:536} INFO - Filling up the DagBag from /home/airflow/.local/lib/python3.8/site-packages/airflow/example_dags/example_skip_dag.py
[2023-11-02T23:26:58.018+0000] {processor.py:839} INFO - DAG(s) dict_keys(['example_skip_dag']) retrieved from /home/airflow/.local/lib/python3.8/site-packages/airflow/example_dags/example_skip_dag.py
[2023-11-02T23:26:58.048+0000] {logging_mixin.py:151} INFO - [2023-11-02T23:26:58.048+0000] {dag.py:2941} INFO - Sync 1 DAGs
[2023-11-02T23:26:58.080+0000] {logging_mixin.py:151} INFO - [2023-11-02T23:26:58.080+0000] {dag.py:3722} INFO - Setting next_dagrun for example_skip_dag to 2023-11-01T23:26:58.079754+00:00, run_after=2023-11-02T23:26:58.079754+00:00
[2023-11-02T23:26:58.114+0000] {processor.py:179} INFO - Processing /home/airflow/.local/lib/python3.8/site-packages/airflow/example_dags/example_skip_dag.py took 0.113 seconds
[2023-11-02T23:27:28.508+0000] {processor.py:157} INFO - Started process (PID=166) to work on /home/airflow/.local/lib/python3.8/site-packages/airflow/example_dags/example_skip_dag.py
[2023-11-02T23:27:28.510+0000] {processor.py:829} INFO - Processing file /home/airflow/.local/lib/python3.8/site-packages/airflow/example_dags/example_skip_dag.py for tasks to queue
[2023-11-02T23:27:28.512+0000] {logging_mixin.py:151} INFO - [2023-11-02T23:27:28.511+0000] {dagbag.py:536} INFO - Filling up the DagBag from /home/airflow/.local/lib/python3.8/site-packages/airflow/example_dags/example_skip_dag.py
[2023-11-02T23:27:28.517+0000] {processor.py:839} INFO - DAG(s) dict_keys(['example_skip_dag']) retrieved from /home/airflow/.local/lib/python3.8/site-packages/airflow/example_dags/example_skip_dag.py
[2023-11-02T23:27:28.541+0000] {logging_mixin.py:151} INFO - [2023-11-02T23:27:28.541+0000] {dag.py:2941} INFO - Sync 1 DAGs
[2023-11-02T23:27:28.568+0000] {logging_mixin.py:151} INFO - [2023-11-02T23:27:28.568+0000] {dag.py:3722} INFO - Setting next_dagrun for example_skip_dag to 2023-11-01T23:27:28.567927+00:00, run_after=2023-11-02T23:27:28.567927+00:00
[2023-11-02T23:27:28.599+0000] {processor.py:179} INFO - Processing /home/airflow/.local/lib/python3.8/site-packages/airflow/example_dags/example_skip_dag.py took 0.094 seconds
[2023-11-02T23:27:58.669+0000] {processor.py:157} INFO - Started process (PID=220) to work on /home/airflow/.local/lib/python3.8/site-packages/airflow/example_dags/example_skip_dag.py
[2023-11-02T23:27:58.670+0000] {processor.py:829} INFO - Processing file /home/airflow/.local/lib/python3.8/site-packages/airflow/example_dags/example_skip_dag.py for tasks to queue
[2023-11-02T23:27:58.672+0000] {logging_mixin.py:151} INFO - [2023-11-02T23:27:58.672+0000] {dagbag.py:536} INFO - Filling up the DagBag from /home/airflow/.local/lib/python3.8/site-packages/airflow/example_dags/example_skip_dag.py
[2023-11-02T23:27:58.678+0000] {processor.py:839} INFO - DAG(s) dict_keys(['example_skip_dag']) retrieved from /home/airflow/.local/lib/python3.8/site-packages/airflow/example_dags/example_skip_dag.py
[2023-11-02T23:27:58.703+0000] {logging_mixin.py:151} INFO - [2023-11-02T23:27:58.703+0000] {dag.py:2941} INFO - Sync 1 DAGs
[2023-11-02T23:27:58.727+0000] {logging_mixin.py:151} INFO - [2023-11-02T23:27:58.727+0000] {dag.py:3722} INFO - Setting next_dagrun for example_skip_dag to 2023-11-01T23:27:58.727021+00:00, run_after=2023-11-02T23:27:58.727021+00:00
[2023-11-02T23:27:58.757+0000] {processor.py:179} INFO - Processing /home/airflow/.local/lib/python3.8/site-packages/airflow/example_dags/example_skip_dag.py took 0.091 seconds
[2023-11-02T23:28:28.877+0000] {processor.py:157} INFO - Started process (PID=273) to work on /home/airflow/.local/lib/python3.8/site-packages/airflow/example_dags/example_skip_dag.py
[2023-11-02T23:28:28.878+0000] {processor.py:829} INFO - Processing file /home/airflow/.local/lib/python3.8/site-packages/airflow/example_dags/example_skip_dag.py for tasks to queue
[2023-11-02T23:28:28.880+0000] {logging_mixin.py:151} INFO - [2023-11-02T23:28:28.880+0000] {dagbag.py:536} INFO - Filling up the DagBag from /home/airflow/.local/lib/python3.8/site-packages/airflow/example_dags/example_skip_dag.py
[2023-11-02T23:28:28.886+0000] {processor.py:839} INFO - DAG(s) dict_keys(['example_skip_dag']) retrieved from /home/airflow/.local/lib/python3.8/site-packages/airflow/example_dags/example_skip_dag.py
[2023-11-02T23:28:28.909+0000] {logging_mixin.py:151} INFO - [2023-11-02T23:28:28.909+0000] {dag.py:2941} INFO - Sync 1 DAGs
[2023-11-02T23:28:28.932+0000] {logging_mixin.py:151} INFO - [2023-11-02T23:28:28.931+0000] {dag.py:3722} INFO - Setting next_dagrun for example_skip_dag to 2023-11-01T23:28:28.931592+00:00, run_after=2023-11-02T23:28:28.931592+00:00
[2023-11-02T23:28:28.957+0000] {processor.py:179} INFO - Processing /home/airflow/.local/lib/python3.8/site-packages/airflow/example_dags/example_skip_dag.py took 0.083 seconds
[2023-11-02T23:28:59.090+0000] {processor.py:157} INFO - Started process (PID=327) to work on /home/airflow/.local/lib/python3.8/site-packages/airflow/example_dags/example_skip_dag.py
[2023-11-02T23:28:59.092+0000] {processor.py:829} INFO - Processing file /home/airflow/.local/lib/python3.8/site-packages/airflow/example_dags/example_skip_dag.py for tasks to queue
[2023-11-02T23:28:59.094+0000] {logging_mixin.py:151} INFO - [2023-11-02T23:28:59.093+0000] {dagbag.py:536} INFO - Filling up the DagBag from /home/airflow/.local/lib/python3.8/site-packages/airflow/example_dags/example_skip_dag.py
[2023-11-02T23:28:59.101+0000] {processor.py:839} INFO - DAG(s) dict_keys(['example_skip_dag']) retrieved from /home/airflow/.local/lib/python3.8/site-packages/airflow/example_dags/example_skip_dag.py
[2023-11-02T23:28:59.126+0000] {logging_mixin.py:151} INFO - [2023-11-02T23:28:59.126+0000] {dag.py:2941} INFO - Sync 1 DAGs
[2023-11-02T23:28:59.150+0000] {logging_mixin.py:151} INFO - [2023-11-02T23:28:59.149+0000] {dag.py:3722} INFO - Setting next_dagrun for example_skip_dag to 2023-11-01T23:28:59.149540+00:00, run_after=2023-11-02T23:28:59.149540+00:00
[2023-11-02T23:28:59.175+0000] {processor.py:179} INFO - Processing /home/airflow/.local/lib/python3.8/site-packages/airflow/example_dags/example_skip_dag.py took 0.088 seconds
[2023-11-02T23:29:29.407+0000] {processor.py:157} INFO - Started process (PID=381) to work on /home/airflow/.local/lib/python3.8/site-packages/airflow/example_dags/example_skip_dag.py
[2023-11-02T23:29:29.409+0000] {processor.py:829} INFO - Processing file /home/airflow/.local/lib/python3.8/site-packages/airflow/example_dags/example_skip_dag.py for tasks to queue
[2023-11-02T23:29:29.411+0000] {logging_mixin.py:151} INFO - [2023-11-02T23:29:29.411+0000] {dagbag.py:536} INFO - Filling up the DagBag from /home/airflow/.local/lib/python3.8/site-packages/airflow/example_dags/example_skip_dag.py
[2023-11-02T23:29:29.419+0000] {processor.py:839} INFO - DAG(s) dict_keys(['example_skip_dag']) retrieved from /home/airflow/.local/lib/python3.8/site-packages/airflow/example_dags/example_skip_dag.py
[2023-11-02T23:29:29.444+0000] {logging_mixin.py:151} INFO - [2023-11-02T23:29:29.444+0000] {dag.py:2941} INFO - Sync 1 DAGs
[2023-11-02T23:29:29.469+0000] {logging_mixin.py:151} INFO - [2023-11-02T23:29:29.469+0000] {dag.py:3722} INFO - Setting next_dagrun for example_skip_dag to 2023-11-01T23:29:29.469169+00:00, run_after=2023-11-02T23:29:29.469169+00:00
[2023-11-02T23:29:29.497+0000] {processor.py:179} INFO - Processing /home/airflow/.local/lib/python3.8/site-packages/airflow/example_dags/example_skip_dag.py took 0.093 seconds
[2023-11-02T23:30:00.049+0000] {processor.py:157} INFO - Started process (PID=435) to work on /home/airflow/.local/lib/python3.8/site-packages/airflow/example_dags/example_skip_dag.py
[2023-11-02T23:30:00.050+0000] {processor.py:829} INFO - Processing file /home/airflow/.local/lib/python3.8/site-packages/airflow/example_dags/example_skip_dag.py for tasks to queue
[2023-11-02T23:30:00.052+0000] {logging_mixin.py:151} INFO - [2023-11-02T23:30:00.052+0000] {dagbag.py:536} INFO - Filling up the DagBag from /home/airflow/.local/lib/python3.8/site-packages/airflow/example_dags/example_skip_dag.py
[2023-11-02T23:30:00.060+0000] {processor.py:839} INFO - DAG(s) dict_keys(['example_skip_dag']) retrieved from /home/airflow/.local/lib/python3.8/site-packages/airflow/example_dags/example_skip_dag.py
[2023-11-02T23:30:00.091+0000] {logging_mixin.py:151} INFO - [2023-11-02T23:30:00.090+0000] {dag.py:2941} INFO - Sync 1 DAGs
[2023-11-02T23:30:00.120+0000] {logging_mixin.py:151} INFO - [2023-11-02T23:30:00.120+0000] {dag.py:3722} INFO - Setting next_dagrun for example_skip_dag to 2023-11-01T23:30:00.120338+00:00, run_after=2023-11-02T23:30:00.120338+00:00
[2023-11-02T23:30:00.150+0000] {processor.py:179} INFO - Processing /home/airflow/.local/lib/python3.8/site-packages/airflow/example_dags/example_skip_dag.py took 0.107 seconds
[2023-11-02T23:30:30.996+0000] {processor.py:157} INFO - Started process (PID=489) to work on /home/airflow/.local/lib/python3.8/site-packages/airflow/example_dags/example_skip_dag.py
[2023-11-02T23:30:30.998+0000] {processor.py:829} INFO - Processing file /home/airflow/.local/lib/python3.8/site-packages/airflow/example_dags/example_skip_dag.py for tasks to queue
[2023-11-02T23:30:31.001+0000] {logging_mixin.py:151} INFO - [2023-11-02T23:30:31.001+0000] {dagbag.py:536} INFO - Filling up the DagBag from /home/airflow/.local/lib/python3.8/site-packages/airflow/example_dags/example_skip_dag.py
[2023-11-02T23:30:31.010+0000] {processor.py:839} INFO - DAG(s) dict_keys(['example_skip_dag']) retrieved from /home/airflow/.local/lib/python3.8/site-packages/airflow/example_dags/example_skip_dag.py
[2023-11-02T23:30:31.040+0000] {logging_mixin.py:151} INFO - [2023-11-02T23:30:31.039+0000] {dag.py:2941} INFO - Sync 1 DAGs
[2023-11-02T23:30:31.067+0000] {logging_mixin.py:151} INFO - [2023-11-02T23:30:31.067+0000] {dag.py:3722} INFO - Setting next_dagrun for example_skip_dag to 2023-11-01T23:30:31.066669+00:00, run_after=2023-11-02T23:30:31.066669+00:00
[2023-11-02T23:30:31.097+0000] {processor.py:179} INFO - Processing /home/airflow/.local/lib/python3.8/site-packages/airflow/example_dags/example_skip_dag.py took 0.108 seconds
[2023-11-02T23:31:01.996+0000] {processor.py:157} INFO - Started process (PID=543) to work on /home/airflow/.local/lib/python3.8/site-packages/airflow/example_dags/example_skip_dag.py
[2023-11-02T23:31:02.000+0000] {processor.py:829} INFO - Processing file /home/airflow/.local/lib/python3.8/site-packages/airflow/example_dags/example_skip_dag.py for tasks to queue
[2023-11-02T23:31:02.002+0000] {logging_mixin.py:151} INFO - [2023-11-02T23:31:02.002+0000] {dagbag.py:536} INFO - Filling up the DagBag from /home/airflow/.local/lib/python3.8/site-packages/airflow/example_dags/example_skip_dag.py
[2023-11-02T23:31:02.011+0000] {processor.py:839} INFO - DAG(s) dict_keys(['example_skip_dag']) retrieved from /home/airflow/.local/lib/python3.8/site-packages/airflow/example_dags/example_skip_dag.py
[2023-11-02T23:31:02.059+0000] {logging_mixin.py:151} INFO - [2023-11-02T23:31:02.059+0000] {dag.py:2941} INFO - Sync 1 DAGs
[2023-11-02T23:31:02.090+0000] {logging_mixin.py:151} INFO - [2023-11-02T23:31:02.090+0000] {dag.py:3722} INFO - Setting next_dagrun for example_skip_dag to 2023-11-01T23:31:02.089955+00:00, run_after=2023-11-02T23:31:02.089955+00:00
[2023-11-02T23:31:02.132+0000] {processor.py:179} INFO - Processing /home/airflow/.local/lib/python3.8/site-packages/airflow/example_dags/example_skip_dag.py took 0.139 seconds
[2023-11-02T23:31:32.858+0000] {processor.py:157} INFO - Started process (PID=596) to work on /home/airflow/.local/lib/python3.8/site-packages/airflow/example_dags/example_skip_dag.py
[2023-11-02T23:31:32.860+0000] {processor.py:829} INFO - Processing file /home/airflow/.local/lib/python3.8/site-packages/airflow/example_dags/example_skip_dag.py for tasks to queue
[2023-11-02T23:31:32.865+0000] {logging_mixin.py:151} INFO - [2023-11-02T23:31:32.863+0000] {dagbag.py:536} INFO - Filling up the DagBag from /home/airflow/.local/lib/python3.8/site-packages/airflow/example_dags/example_skip_dag.py
[2023-11-02T23:31:32.874+0000] {processor.py:839} INFO - DAG(s) dict_keys(['example_skip_dag']) retrieved from /home/airflow/.local/lib/python3.8/site-packages/airflow/example_dags/example_skip_dag.py
[2023-11-02T23:31:32.898+0000] {logging_mixin.py:151} INFO - [2023-11-02T23:31:32.898+0000] {dag.py:2941} INFO - Sync 1 DAGs
[2023-11-02T23:31:32.930+0000] {logging_mixin.py:151} INFO - [2023-11-02T23:31:32.930+0000] {dag.py:3722} INFO - Setting next_dagrun for example_skip_dag to 2023-11-01T23:31:32.929781+00:00, run_after=2023-11-02T23:31:32.929781+00:00
[2023-11-02T23:31:32.977+0000] {processor.py:179} INFO - Processing /home/airflow/.local/lib/python3.8/site-packages/airflow/example_dags/example_skip_dag.py took 0.122 seconds
[2023-11-02T23:32:04.574+0000] {processor.py:157} INFO - Started process (PID=650) to work on /home/airflow/.local/lib/python3.8/site-packages/airflow/example_dags/example_skip_dag.py
[2023-11-02T23:32:04.579+0000] {processor.py:829} INFO - Processing file /home/airflow/.local/lib/python3.8/site-packages/airflow/example_dags/example_skip_dag.py for tasks to queue
[2023-11-02T23:32:04.582+0000] {logging_mixin.py:151} INFO - [2023-11-02T23:32:04.582+0000] {dagbag.py:536} INFO - Filling up the DagBag from /home/airflow/.local/lib/python3.8/site-packages/airflow/example_dags/example_skip_dag.py
[2023-11-02T23:32:04.596+0000] {processor.py:839} INFO - DAG(s) dict_keys(['example_skip_dag']) retrieved from /home/airflow/.local/lib/python3.8/site-packages/airflow/example_dags/example_skip_dag.py
[2023-11-02T23:32:04.691+0000] {logging_mixin.py:151} INFO - [2023-11-02T23:32:04.691+0000] {dag.py:2941} INFO - Sync 1 DAGs
[2023-11-02T23:32:04.760+0000] {logging_mixin.py:151} INFO - [2023-11-02T23:32:04.760+0000] {dag.py:3722} INFO - Setting next_dagrun for example_skip_dag to 2023-11-01T23:32:04.760159+00:00, run_after=2023-11-02T23:32:04.760159+00:00
[2023-11-02T23:32:04.808+0000] {processor.py:179} INFO - Processing /home/airflow/.local/lib/python3.8/site-packages/airflow/example_dags/example_skip_dag.py took 0.240 seconds
[2023-11-02T23:32:35.056+0000] {processor.py:157} INFO - Started process (PID=704) to work on /home/airflow/.local/lib/python3.8/site-packages/airflow/example_dags/example_skip_dag.py
[2023-11-02T23:32:35.059+0000] {processor.py:829} INFO - Processing file /home/airflow/.local/lib/python3.8/site-packages/airflow/example_dags/example_skip_dag.py for tasks to queue
[2023-11-02T23:32:35.062+0000] {logging_mixin.py:151} INFO - [2023-11-02T23:32:35.061+0000] {dagbag.py:536} INFO - Filling up the DagBag from /home/airflow/.local/lib/python3.8/site-packages/airflow/example_dags/example_skip_dag.py
[2023-11-02T23:32:35.074+0000] {processor.py:839} INFO - DAG(s) dict_keys(['example_skip_dag']) retrieved from /home/airflow/.local/lib/python3.8/site-packages/airflow/example_dags/example_skip_dag.py
[2023-11-02T23:32:35.272+0000] {logging_mixin.py:151} INFO - [2023-11-02T23:32:35.272+0000] {dag.py:2941} INFO - Sync 1 DAGs
[2023-11-02T23:32:35.333+0000] {logging_mixin.py:151} INFO - [2023-11-02T23:32:35.332+0000] {dag.py:3722} INFO - Setting next_dagrun for example_skip_dag to 2023-11-01T23:32:35.332381+00:00, run_after=2023-11-02T23:32:35.332381+00:00
[2023-11-02T23:32:35.407+0000] {processor.py:179} INFO - Processing /home/airflow/.local/lib/python3.8/site-packages/airflow/example_dags/example_skip_dag.py took 0.356 seconds
[2023-11-02T23:33:05.543+0000] {processor.py:157} INFO - Started process (PID=757) to work on /home/airflow/.local/lib/python3.8/site-packages/airflow/example_dags/example_skip_dag.py
[2023-11-02T23:33:05.544+0000] {processor.py:829} INFO - Processing file /home/airflow/.local/lib/python3.8/site-packages/airflow/example_dags/example_skip_dag.py for tasks to queue
[2023-11-02T23:33:05.546+0000] {logging_mixin.py:151} INFO - [2023-11-02T23:33:05.545+0000] {dagbag.py:536} INFO - Filling up the DagBag from /home/airflow/.local/lib/python3.8/site-packages/airflow/example_dags/example_skip_dag.py
[2023-11-02T23:33:05.553+0000] {processor.py:839} INFO - DAG(s) dict_keys(['example_skip_dag']) retrieved from /home/airflow/.local/lib/python3.8/site-packages/airflow/example_dags/example_skip_dag.py
[2023-11-02T23:33:05.584+0000] {logging_mixin.py:151} INFO - [2023-11-02T23:33:05.584+0000] {dag.py:2941} INFO - Sync 1 DAGs
[2023-11-02T23:33:05.624+0000] {logging_mixin.py:151} INFO - [2023-11-02T23:33:05.624+0000] {dag.py:3722} INFO - Setting next_dagrun for example_skip_dag to 2023-11-01T23:33:05.624340+00:00, run_after=2023-11-02T23:33:05.624340+00:00
[2023-11-02T23:33:05.647+0000] {processor.py:179} INFO - Processing /home/airflow/.local/lib/python3.8/site-packages/airflow/example_dags/example_skip_dag.py took 0.108 seconds
[2023-11-02T23:33:36.679+0000] {processor.py:157} INFO - Started process (PID=811) to work on /home/airflow/.local/lib/python3.8/site-packages/airflow/example_dags/example_skip_dag.py
[2023-11-02T23:33:36.681+0000] {processor.py:829} INFO - Processing file /home/airflow/.local/lib/python3.8/site-packages/airflow/example_dags/example_skip_dag.py for tasks to queue
[2023-11-02T23:33:36.683+0000] {logging_mixin.py:151} INFO - [2023-11-02T23:33:36.683+0000] {dagbag.py:536} INFO - Filling up the DagBag from /home/airflow/.local/lib/python3.8/site-packages/airflow/example_dags/example_skip_dag.py
[2023-11-02T23:33:36.691+0000] {processor.py:839} INFO - DAG(s) dict_keys(['example_skip_dag']) retrieved from /home/airflow/.local/lib/python3.8/site-packages/airflow/example_dags/example_skip_dag.py
[2023-11-02T23:33:36.719+0000] {logging_mixin.py:151} INFO - [2023-11-02T23:33:36.718+0000] {dag.py:2941} INFO - Sync 1 DAGs
[2023-11-02T23:33:36.744+0000] {logging_mixin.py:151} INFO - [2023-11-02T23:33:36.744+0000] {dag.py:3722} INFO - Setting next_dagrun for example_skip_dag to 2023-11-01T23:33:36.744141+00:00, run_after=2023-11-02T23:33:36.744141+00:00
[2023-11-02T23:33:36.774+0000] {processor.py:179} INFO - Processing /home/airflow/.local/lib/python3.8/site-packages/airflow/example_dags/example_skip_dag.py took 0.099 seconds
[2023-11-02T23:34:07.070+0000] {processor.py:157} INFO - Started process (PID=865) to work on /home/airflow/.local/lib/python3.8/site-packages/airflow/example_dags/example_skip_dag.py
[2023-11-02T23:34:07.072+0000] {processor.py:829} INFO - Processing file /home/airflow/.local/lib/python3.8/site-packages/airflow/example_dags/example_skip_dag.py for tasks to queue
[2023-11-02T23:34:07.074+0000] {logging_mixin.py:151} INFO - [2023-11-02T23:34:07.074+0000] {dagbag.py:536} INFO - Filling up the DagBag from /home/airflow/.local/lib/python3.8/site-packages/airflow/example_dags/example_skip_dag.py
[2023-11-02T23:34:07.082+0000] {processor.py:839} INFO - DAG(s) dict_keys(['example_skip_dag']) retrieved from /home/airflow/.local/lib/python3.8/site-packages/airflow/example_dags/example_skip_dag.py
[2023-11-02T23:34:07.111+0000] {logging_mixin.py:151} INFO - [2023-11-02T23:34:07.111+0000] {dag.py:2941} INFO - Sync 1 DAGs
[2023-11-02T23:34:07.139+0000] {logging_mixin.py:151} INFO - [2023-11-02T23:34:07.138+0000] {dag.py:3722} INFO - Setting next_dagrun for example_skip_dag to 2023-11-01T23:34:07.138559+00:00, run_after=2023-11-02T23:34:07.138559+00:00
[2023-11-02T23:34:07.167+0000] {processor.py:179} INFO - Processing /home/airflow/.local/lib/python3.8/site-packages/airflow/example_dags/example_skip_dag.py took 0.101 seconds
[2023-11-02T23:34:37.750+0000] {processor.py:157} INFO - Started process (PID=918) to work on /home/airflow/.local/lib/python3.8/site-packages/airflow/example_dags/example_skip_dag.py
[2023-11-02T23:34:37.752+0000] {processor.py:829} INFO - Processing file /home/airflow/.local/lib/python3.8/site-packages/airflow/example_dags/example_skip_dag.py for tasks to queue
[2023-11-02T23:34:37.754+0000] {logging_mixin.py:151} INFO - [2023-11-02T23:34:37.754+0000] {dagbag.py:536} INFO - Filling up the DagBag from /home/airflow/.local/lib/python3.8/site-packages/airflow/example_dags/example_skip_dag.py
[2023-11-02T23:34:37.761+0000] {processor.py:839} INFO - DAG(s) dict_keys(['example_skip_dag']) retrieved from /home/airflow/.local/lib/python3.8/site-packages/airflow/example_dags/example_skip_dag.py
[2023-11-02T23:34:37.792+0000] {logging_mixin.py:151} INFO - [2023-11-02T23:34:37.792+0000] {dag.py:2941} INFO - Sync 1 DAGs
[2023-11-02T23:34:37.819+0000] {logging_mixin.py:151} INFO - [2023-11-02T23:34:37.819+0000] {dag.py:3722} INFO - Setting next_dagrun for example_skip_dag to 2023-11-01T23:34:37.818780+00:00, run_after=2023-11-02T23:34:37.818780+00:00
[2023-11-02T23:34:37.846+0000] {processor.py:179} INFO - Processing /home/airflow/.local/lib/python3.8/site-packages/airflow/example_dags/example_skip_dag.py took 0.100 seconds
[2023-11-02T23:35:08.486+0000] {processor.py:157} INFO - Started process (PID=971) to work on /home/airflow/.local/lib/python3.8/site-packages/airflow/example_dags/example_skip_dag.py
[2023-11-02T23:35:08.487+0000] {processor.py:829} INFO - Processing file /home/airflow/.local/lib/python3.8/site-packages/airflow/example_dags/example_skip_dag.py for tasks to queue
[2023-11-02T23:35:08.489+0000] {logging_mixin.py:151} INFO - [2023-11-02T23:35:08.489+0000] {dagbag.py:536} INFO - Filling up the DagBag from /home/airflow/.local/lib/python3.8/site-packages/airflow/example_dags/example_skip_dag.py
[2023-11-02T23:35:08.497+0000] {processor.py:839} INFO - DAG(s) dict_keys(['example_skip_dag']) retrieved from /home/airflow/.local/lib/python3.8/site-packages/airflow/example_dags/example_skip_dag.py
[2023-11-02T23:35:08.524+0000] {logging_mixin.py:151} INFO - [2023-11-02T23:35:08.524+0000] {dag.py:2941} INFO - Sync 1 DAGs
[2023-11-02T23:35:08.563+0000] {logging_mixin.py:151} INFO - [2023-11-02T23:35:08.563+0000] {dag.py:3722} INFO - Setting next_dagrun for example_skip_dag to 2023-11-01T23:35:08.563414+00:00, run_after=2023-11-02T23:35:08.563414+00:00
[2023-11-02T23:35:08.592+0000] {processor.py:179} INFO - Processing /home/airflow/.local/lib/python3.8/site-packages/airflow/example_dags/example_skip_dag.py took 0.109 seconds
[2023-11-02T23:35:39.509+0000] {processor.py:157} INFO - Started process (PID=1032) to work on /home/airflow/.local/lib/python3.8/site-packages/airflow/example_dags/example_skip_dag.py
[2023-11-02T23:35:39.511+0000] {processor.py:829} INFO - Processing file /home/airflow/.local/lib/python3.8/site-packages/airflow/example_dags/example_skip_dag.py for tasks to queue
[2023-11-02T23:35:39.513+0000] {logging_mixin.py:151} INFO - [2023-11-02T23:35:39.513+0000] {dagbag.py:536} INFO - Filling up the DagBag from /home/airflow/.local/lib/python3.8/site-packages/airflow/example_dags/example_skip_dag.py
[2023-11-02T23:35:39.521+0000] {processor.py:839} INFO - DAG(s) dict_keys(['example_skip_dag']) retrieved from /home/airflow/.local/lib/python3.8/site-packages/airflow/example_dags/example_skip_dag.py
[2023-11-02T23:35:39.551+0000] {logging_mixin.py:151} INFO - [2023-11-02T23:35:39.551+0000] {dag.py:2941} INFO - Sync 1 DAGs
[2023-11-02T23:35:39.583+0000] {logging_mixin.py:151} INFO - [2023-11-02T23:35:39.582+0000] {dag.py:3722} INFO - Setting next_dagrun for example_skip_dag to 2023-11-01T23:35:39.582555+00:00, run_after=2023-11-02T23:35:39.582555+00:00
[2023-11-02T23:35:39.781+0000] {processor.py:179} INFO - Processing /home/airflow/.local/lib/python3.8/site-packages/airflow/example_dags/example_skip_dag.py took 0.276 seconds
[2023-11-02T23:36:09.971+0000] {processor.py:157} INFO - Started process (PID=1086) to work on /home/airflow/.local/lib/python3.8/site-packages/airflow/example_dags/example_skip_dag.py
[2023-11-02T23:36:09.972+0000] {processor.py:829} INFO - Processing file /home/airflow/.local/lib/python3.8/site-packages/airflow/example_dags/example_skip_dag.py for tasks to queue
[2023-11-02T23:36:09.975+0000] {logging_mixin.py:151} INFO - [2023-11-02T23:36:09.974+0000] {dagbag.py:536} INFO - Filling up the DagBag from /home/airflow/.local/lib/python3.8/site-packages/airflow/example_dags/example_skip_dag.py
[2023-11-02T23:36:09.981+0000] {processor.py:839} INFO - DAG(s) dict_keys(['example_skip_dag']) retrieved from /home/airflow/.local/lib/python3.8/site-packages/airflow/example_dags/example_skip_dag.py
[2023-11-02T23:36:10.004+0000] {logging_mixin.py:151} INFO - [2023-11-02T23:36:10.004+0000] {dag.py:2941} INFO - Sync 1 DAGs
[2023-11-02T23:36:10.029+0000] {logging_mixin.py:151} INFO - [2023-11-02T23:36:10.028+0000] {dag.py:3722} INFO - Setting next_dagrun for example_skip_dag to 2023-11-01T23:36:10.028500+00:00, run_after=2023-11-02T23:36:10.028500+00:00
[2023-11-02T23:36:10.056+0000] {processor.py:179} INFO - Processing /home/airflow/.local/lib/python3.8/site-packages/airflow/example_dags/example_skip_dag.py took 0.088 seconds
[2023-11-02T23:36:40.207+0000] {processor.py:157} INFO - Started process (PID=1141) to work on /home/airflow/.local/lib/python3.8/site-packages/airflow/example_dags/example_skip_dag.py
[2023-11-02T23:36:40.209+0000] {processor.py:829} INFO - Processing file /home/airflow/.local/lib/python3.8/site-packages/airflow/example_dags/example_skip_dag.py for tasks to queue
[2023-11-02T23:36:40.211+0000] {logging_mixin.py:151} INFO - [2023-11-02T23:36:40.211+0000] {dagbag.py:536} INFO - Filling up the DagBag from /home/airflow/.local/lib/python3.8/site-packages/airflow/example_dags/example_skip_dag.py
[2023-11-02T23:36:40.218+0000] {processor.py:839} INFO - DAG(s) dict_keys(['example_skip_dag']) retrieved from /home/airflow/.local/lib/python3.8/site-packages/airflow/example_dags/example_skip_dag.py
[2023-11-02T23:36:40.244+0000] {logging_mixin.py:151} INFO - [2023-11-02T23:36:40.243+0000] {dag.py:2941} INFO - Sync 1 DAGs
[2023-11-02T23:36:40.270+0000] {logging_mixin.py:151} INFO - [2023-11-02T23:36:40.270+0000] {dag.py:3722} INFO - Setting next_dagrun for example_skip_dag to 2023-11-01T23:36:40.269852+00:00, run_after=2023-11-02T23:36:40.269852+00:00
[2023-11-02T23:36:40.299+0000] {processor.py:179} INFO - Processing /home/airflow/.local/lib/python3.8/site-packages/airflow/example_dags/example_skip_dag.py took 0.095 seconds
[2023-11-02T23:37:11.904+0000] {processor.py:157} INFO - Started process (PID=1195) to work on /home/airflow/.local/lib/python3.8/site-packages/airflow/example_dags/example_skip_dag.py
[2023-11-02T23:37:11.906+0000] {processor.py:829} INFO - Processing file /home/airflow/.local/lib/python3.8/site-packages/airflow/example_dags/example_skip_dag.py for tasks to queue
[2023-11-02T23:37:11.908+0000] {logging_mixin.py:151} INFO - [2023-11-02T23:37:11.908+0000] {dagbag.py:536} INFO - Filling up the DagBag from /home/airflow/.local/lib/python3.8/site-packages/airflow/example_dags/example_skip_dag.py
[2023-11-02T23:37:11.915+0000] {processor.py:839} INFO - DAG(s) dict_keys(['example_skip_dag']) retrieved from /home/airflow/.local/lib/python3.8/site-packages/airflow/example_dags/example_skip_dag.py
[2023-11-02T23:37:11.946+0000] {logging_mixin.py:151} INFO - [2023-11-02T23:37:11.946+0000] {dag.py:2941} INFO - Sync 1 DAGs
[2023-11-02T23:37:11.975+0000] {logging_mixin.py:151} INFO - [2023-11-02T23:37:11.975+0000] {dag.py:3722} INFO - Setting next_dagrun for example_skip_dag to 2023-11-01T23:37:11.975402+00:00, run_after=2023-11-02T23:37:11.975402+00:00
[2023-11-02T23:37:12.008+0000] {processor.py:179} INFO - Processing /home/airflow/.local/lib/python3.8/site-packages/airflow/example_dags/example_skip_dag.py took 0.108 seconds
[2023-11-02T23:37:43.029+0000] {processor.py:157} INFO - Started process (PID=1250) to work on /home/airflow/.local/lib/python3.8/site-packages/airflow/example_dags/example_skip_dag.py
[2023-11-02T23:37:43.030+0000] {processor.py:829} INFO - Processing file /home/airflow/.local/lib/python3.8/site-packages/airflow/example_dags/example_skip_dag.py for tasks to queue
[2023-11-02T23:37:43.032+0000] {logging_mixin.py:151} INFO - [2023-11-02T23:37:43.032+0000] {dagbag.py:536} INFO - Filling up the DagBag from /home/airflow/.local/lib/python3.8/site-packages/airflow/example_dags/example_skip_dag.py
[2023-11-02T23:37:43.039+0000] {processor.py:839} INFO - DAG(s) dict_keys(['example_skip_dag']) retrieved from /home/airflow/.local/lib/python3.8/site-packages/airflow/example_dags/example_skip_dag.py
[2023-11-02T23:37:43.070+0000] {logging_mixin.py:151} INFO - [2023-11-02T23:37:43.070+0000] {dag.py:2941} INFO - Sync 1 DAGs
[2023-11-02T23:37:43.097+0000] {logging_mixin.py:151} INFO - [2023-11-02T23:37:43.097+0000] {dag.py:3722} INFO - Setting next_dagrun for example_skip_dag to 2023-11-01T23:37:43.096775+00:00, run_after=2023-11-02T23:37:43.096775+00:00
[2023-11-02T23:37:43.302+0000] {processor.py:179} INFO - Processing /home/airflow/.local/lib/python3.8/site-packages/airflow/example_dags/example_skip_dag.py took 0.276 seconds
[2023-11-02T23:38:13.347+0000] {processor.py:157} INFO - Started process (PID=1304) to work on /home/airflow/.local/lib/python3.8/site-packages/airflow/example_dags/example_skip_dag.py
[2023-11-02T23:38:13.348+0000] {processor.py:829} INFO - Processing file /home/airflow/.local/lib/python3.8/site-packages/airflow/example_dags/example_skip_dag.py for tasks to queue
[2023-11-02T23:38:13.355+0000] {logging_mixin.py:151} INFO - [2023-11-02T23:38:13.354+0000] {dagbag.py:536} INFO - Filling up the DagBag from /home/airflow/.local/lib/python3.8/site-packages/airflow/example_dags/example_skip_dag.py
[2023-11-02T23:38:13.364+0000] {processor.py:839} INFO - DAG(s) dict_keys(['example_skip_dag']) retrieved from /home/airflow/.local/lib/python3.8/site-packages/airflow/example_dags/example_skip_dag.py
[2023-11-02T23:38:13.407+0000] {logging_mixin.py:151} INFO - [2023-11-02T23:38:13.407+0000] {dag.py:2941} INFO - Sync 1 DAGs
[2023-11-02T23:38:13.460+0000] {logging_mixin.py:151} INFO - [2023-11-02T23:38:13.459+0000] {dag.py:3722} INFO - Setting next_dagrun for example_skip_dag to 2023-11-01T23:38:13.459120+00:00, run_after=2023-11-02T23:38:13.459120+00:00
[2023-11-02T23:38:13.524+0000] {processor.py:179} INFO - Processing /home/airflow/.local/lib/python3.8/site-packages/airflow/example_dags/example_skip_dag.py took 0.180 seconds
[2023-11-02T23:38:44.226+0000] {processor.py:157} INFO - Started process (PID=1358) to work on /home/airflow/.local/lib/python3.8/site-packages/airflow/example_dags/example_skip_dag.py
[2023-11-02T23:38:44.227+0000] {processor.py:829} INFO - Processing file /home/airflow/.local/lib/python3.8/site-packages/airflow/example_dags/example_skip_dag.py for tasks to queue
[2023-11-02T23:38:44.230+0000] {logging_mixin.py:151} INFO - [2023-11-02T23:38:44.230+0000] {dagbag.py:536} INFO - Filling up the DagBag from /home/airflow/.local/lib/python3.8/site-packages/airflow/example_dags/example_skip_dag.py
[2023-11-02T23:38:44.237+0000] {processor.py:839} INFO - DAG(s) dict_keys(['example_skip_dag']) retrieved from /home/airflow/.local/lib/python3.8/site-packages/airflow/example_dags/example_skip_dag.py
[2023-11-02T23:38:44.268+0000] {logging_mixin.py:151} INFO - [2023-11-02T23:38:44.267+0000] {dag.py:2941} INFO - Sync 1 DAGs
[2023-11-02T23:38:44.294+0000] {logging_mixin.py:151} INFO - [2023-11-02T23:38:44.294+0000] {dag.py:3722} INFO - Setting next_dagrun for example_skip_dag to 2023-11-01T23:38:44.294099+00:00, run_after=2023-11-02T23:38:44.294099+00:00
[2023-11-02T23:38:44.328+0000] {processor.py:179} INFO - Processing /home/airflow/.local/lib/python3.8/site-packages/airflow/example_dags/example_skip_dag.py took 0.106 seconds
[2023-11-02T23:39:14.912+0000] {processor.py:157} INFO - Started process (PID=1412) to work on /home/airflow/.local/lib/python3.8/site-packages/airflow/example_dags/example_skip_dag.py
[2023-11-02T23:39:14.913+0000] {processor.py:829} INFO - Processing file /home/airflow/.local/lib/python3.8/site-packages/airflow/example_dags/example_skip_dag.py for tasks to queue
[2023-11-02T23:39:14.915+0000] {logging_mixin.py:151} INFO - [2023-11-02T23:39:14.915+0000] {dagbag.py:536} INFO - Filling up the DagBag from /home/airflow/.local/lib/python3.8/site-packages/airflow/example_dags/example_skip_dag.py
[2023-11-02T23:39:14.923+0000] {processor.py:839} INFO - DAG(s) dict_keys(['example_skip_dag']) retrieved from /home/airflow/.local/lib/python3.8/site-packages/airflow/example_dags/example_skip_dag.py
[2023-11-02T23:39:14.955+0000] {logging_mixin.py:151} INFO - [2023-11-02T23:39:14.955+0000] {dag.py:2941} INFO - Sync 1 DAGs
[2023-11-02T23:39:15.161+0000] {logging_mixin.py:151} INFO - [2023-11-02T23:39:15.161+0000] {dag.py:3722} INFO - Setting next_dagrun for example_skip_dag to 2023-11-01T23:39:15.160989+00:00, run_after=2023-11-02T23:39:15.160989+00:00
[2023-11-02T23:39:15.196+0000] {processor.py:179} INFO - Processing /home/airflow/.local/lib/python3.8/site-packages/airflow/example_dags/example_skip_dag.py took 0.288 seconds
[2023-11-02T23:39:45.537+0000] {processor.py:157} INFO - Started process (PID=1465) to work on /home/airflow/.local/lib/python3.8/site-packages/airflow/example_dags/example_skip_dag.py
[2023-11-02T23:39:45.538+0000] {processor.py:829} INFO - Processing file /home/airflow/.local/lib/python3.8/site-packages/airflow/example_dags/example_skip_dag.py for tasks to queue
[2023-11-02T23:39:45.540+0000] {logging_mixin.py:151} INFO - [2023-11-02T23:39:45.540+0000] {dagbag.py:536} INFO - Filling up the DagBag from /home/airflow/.local/lib/python3.8/site-packages/airflow/example_dags/example_skip_dag.py
[2023-11-02T23:39:45.552+0000] {processor.py:839} INFO - DAG(s) dict_keys(['example_skip_dag']) retrieved from /home/airflow/.local/lib/python3.8/site-packages/airflow/example_dags/example_skip_dag.py
[2023-11-02T23:39:45.594+0000] {logging_mixin.py:151} INFO - [2023-11-02T23:39:45.594+0000] {dag.py:2941} INFO - Sync 1 DAGs
[2023-11-02T23:39:45.623+0000] {logging_mixin.py:151} INFO - [2023-11-02T23:39:45.622+0000] {dag.py:3722} INFO - Setting next_dagrun for example_skip_dag to 2023-11-01T23:39:45.622496+00:00, run_after=2023-11-02T23:39:45.622496+00:00
[2023-11-02T23:39:45.831+0000] {processor.py:179} INFO - Processing /home/airflow/.local/lib/python3.8/site-packages/airflow/example_dags/example_skip_dag.py took 0.298 seconds
[2023-11-02T23:40:15.861+0000] {processor.py:157} INFO - Started process (PID=1518) to work on /home/airflow/.local/lib/python3.8/site-packages/airflow/example_dags/example_skip_dag.py
[2023-11-02T23:40:15.862+0000] {processor.py:829} INFO - Processing file /home/airflow/.local/lib/python3.8/site-packages/airflow/example_dags/example_skip_dag.py for tasks to queue
[2023-11-02T23:40:15.864+0000] {logging_mixin.py:151} INFO - [2023-11-02T23:40:15.864+0000] {dagbag.py:536} INFO - Filling up the DagBag from /home/airflow/.local/lib/python3.8/site-packages/airflow/example_dags/example_skip_dag.py
[2023-11-02T23:40:15.871+0000] {processor.py:839} INFO - DAG(s) dict_keys(['example_skip_dag']) retrieved from /home/airflow/.local/lib/python3.8/site-packages/airflow/example_dags/example_skip_dag.py
[2023-11-02T23:40:15.893+0000] {logging_mixin.py:151} INFO - [2023-11-02T23:40:15.893+0000] {dag.py:2941} INFO - Sync 1 DAGs
[2023-11-02T23:40:15.915+0000] {logging_mixin.py:151} INFO - [2023-11-02T23:40:15.915+0000] {dag.py:3722} INFO - Setting next_dagrun for example_skip_dag to 2023-11-01T23:40:15.915487+00:00, run_after=2023-11-02T23:40:15.915487+00:00
[2023-11-02T23:40:15.937+0000] {processor.py:179} INFO - Processing /home/airflow/.local/lib/python3.8/site-packages/airflow/example_dags/example_skip_dag.py took 0.079 seconds
[2023-11-02T23:40:46.943+0000] {processor.py:157} INFO - Started process (PID=1572) to work on /home/airflow/.local/lib/python3.8/site-packages/airflow/example_dags/example_skip_dag.py
[2023-11-02T23:40:46.944+0000] {processor.py:829} INFO - Processing file /home/airflow/.local/lib/python3.8/site-packages/airflow/example_dags/example_skip_dag.py for tasks to queue
[2023-11-02T23:40:46.946+0000] {logging_mixin.py:151} INFO - [2023-11-02T23:40:46.945+0000] {dagbag.py:536} INFO - Filling up the DagBag from /home/airflow/.local/lib/python3.8/site-packages/airflow/example_dags/example_skip_dag.py
[2023-11-02T23:40:46.952+0000] {processor.py:839} INFO - DAG(s) dict_keys(['example_skip_dag']) retrieved from /home/airflow/.local/lib/python3.8/site-packages/airflow/example_dags/example_skip_dag.py
[2023-11-02T23:40:47.132+0000] {logging_mixin.py:151} INFO - [2023-11-02T23:40:47.132+0000] {dag.py:2941} INFO - Sync 1 DAGs
[2023-11-02T23:40:47.154+0000] {logging_mixin.py:151} INFO - [2023-11-02T23:40:47.154+0000] {dag.py:3722} INFO - Setting next_dagrun for example_skip_dag to 2023-11-01T23:40:47.154135+00:00, run_after=2023-11-02T23:40:47.154135+00:00
[2023-11-02T23:40:47.183+0000] {processor.py:179} INFO - Processing /home/airflow/.local/lib/python3.8/site-packages/airflow/example_dags/example_skip_dag.py took 0.244 seconds
[2023-11-02T23:41:17.891+0000] {processor.py:157} INFO - Started process (PID=1626) to work on /home/airflow/.local/lib/python3.8/site-packages/airflow/example_dags/example_skip_dag.py
[2023-11-02T23:41:17.892+0000] {processor.py:829} INFO - Processing file /home/airflow/.local/lib/python3.8/site-packages/airflow/example_dags/example_skip_dag.py for tasks to queue
[2023-11-02T23:41:17.894+0000] {logging_mixin.py:151} INFO - [2023-11-02T23:41:17.894+0000] {dagbag.py:536} INFO - Filling up the DagBag from /home/airflow/.local/lib/python3.8/site-packages/airflow/example_dags/example_skip_dag.py
[2023-11-02T23:41:17.900+0000] {processor.py:839} INFO - DAG(s) dict_keys(['example_skip_dag']) retrieved from /home/airflow/.local/lib/python3.8/site-packages/airflow/example_dags/example_skip_dag.py
[2023-11-02T23:41:17.926+0000] {logging_mixin.py:151} INFO - [2023-11-02T23:41:17.926+0000] {dag.py:2941} INFO - Sync 1 DAGs
[2023-11-02T23:41:17.950+0000] {logging_mixin.py:151} INFO - [2023-11-02T23:41:17.950+0000] {dag.py:3722} INFO - Setting next_dagrun for example_skip_dag to 2023-11-01T23:41:17.950176+00:00, run_after=2023-11-02T23:41:17.950176+00:00
[2023-11-02T23:41:17.976+0000] {processor.py:179} INFO - Processing /home/airflow/.local/lib/python3.8/site-packages/airflow/example_dags/example_skip_dag.py took 0.089 seconds
[2023-11-02T23:41:48.093+0000] {processor.py:157} INFO - Started process (PID=1680) to work on /home/airflow/.local/lib/python3.8/site-packages/airflow/example_dags/example_skip_dag.py
[2023-11-02T23:41:48.094+0000] {processor.py:829} INFO - Processing file /home/airflow/.local/lib/python3.8/site-packages/airflow/example_dags/example_skip_dag.py for tasks to queue
[2023-11-02T23:41:48.096+0000] {logging_mixin.py:151} INFO - [2023-11-02T23:41:48.096+0000] {dagbag.py:536} INFO - Filling up the DagBag from /home/airflow/.local/lib/python3.8/site-packages/airflow/example_dags/example_skip_dag.py
[2023-11-02T23:41:48.103+0000] {processor.py:839} INFO - DAG(s) dict_keys(['example_skip_dag']) retrieved from /home/airflow/.local/lib/python3.8/site-packages/airflow/example_dags/example_skip_dag.py
[2023-11-02T23:41:48.129+0000] {logging_mixin.py:151} INFO - [2023-11-02T23:41:48.128+0000] {dag.py:2941} INFO - Sync 1 DAGs
[2023-11-02T23:41:48.154+0000] {logging_mixin.py:151} INFO - [2023-11-02T23:41:48.154+0000] {dag.py:3722} INFO - Setting next_dagrun for example_skip_dag to 2023-11-01T23:41:48.153722+00:00, run_after=2023-11-02T23:41:48.153722+00:00
[2023-11-02T23:41:48.177+0000] {processor.py:179} INFO - Processing /home/airflow/.local/lib/python3.8/site-packages/airflow/example_dags/example_skip_dag.py took 0.087 seconds
[2023-11-02T23:42:18.364+0000] {processor.py:157} INFO - Started process (PID=1734) to work on /home/airflow/.local/lib/python3.8/site-packages/airflow/example_dags/example_skip_dag.py
[2023-11-02T23:42:18.365+0000] {processor.py:829} INFO - Processing file /home/airflow/.local/lib/python3.8/site-packages/airflow/example_dags/example_skip_dag.py for tasks to queue
[2023-11-02T23:42:18.368+0000] {logging_mixin.py:151} INFO - [2023-11-02T23:42:18.368+0000] {dagbag.py:536} INFO - Filling up the DagBag from /home/airflow/.local/lib/python3.8/site-packages/airflow/example_dags/example_skip_dag.py
[2023-11-02T23:42:18.376+0000] {processor.py:839} INFO - DAG(s) dict_keys(['example_skip_dag']) retrieved from /home/airflow/.local/lib/python3.8/site-packages/airflow/example_dags/example_skip_dag.py
[2023-11-02T23:42:18.405+0000] {logging_mixin.py:151} INFO - [2023-11-02T23:42:18.404+0000] {dag.py:2941} INFO - Sync 1 DAGs
[2023-11-02T23:42:18.431+0000] {logging_mixin.py:151} INFO - [2023-11-02T23:42:18.431+0000] {dag.py:3722} INFO - Setting next_dagrun for example_skip_dag to 2023-11-01T23:42:18.431382+00:00, run_after=2023-11-02T23:42:18.431382+00:00
[2023-11-02T23:42:18.474+0000] {processor.py:179} INFO - Processing /home/airflow/.local/lib/python3.8/site-packages/airflow/example_dags/example_skip_dag.py took 0.113 seconds
[2023-11-02T23:42:48.588+0000] {processor.py:157} INFO - Started process (PID=1788) to work on /home/airflow/.local/lib/python3.8/site-packages/airflow/example_dags/example_skip_dag.py
[2023-11-02T23:42:48.590+0000] {processor.py:829} INFO - Processing file /home/airflow/.local/lib/python3.8/site-packages/airflow/example_dags/example_skip_dag.py for tasks to queue
[2023-11-02T23:42:48.593+0000] {logging_mixin.py:151} INFO - [2023-11-02T23:42:48.592+0000] {dagbag.py:536} INFO - Filling up the DagBag from /home/airflow/.local/lib/python3.8/site-packages/airflow/example_dags/example_skip_dag.py
[2023-11-02T23:42:48.600+0000] {processor.py:839} INFO - DAG(s) dict_keys(['example_skip_dag']) retrieved from /home/airflow/.local/lib/python3.8/site-packages/airflow/example_dags/example_skip_dag.py
[2023-11-02T23:42:48.629+0000] {logging_mixin.py:151} INFO - [2023-11-02T23:42:48.628+0000] {dag.py:2941} INFO - Sync 1 DAGs
[2023-11-02T23:42:48.656+0000] {logging_mixin.py:151} INFO - [2023-11-02T23:42:48.656+0000] {dag.py:3722} INFO - Setting next_dagrun for example_skip_dag to 2023-11-01T23:42:48.655824+00:00, run_after=2023-11-02T23:42:48.655824+00:00
[2023-11-02T23:42:48.687+0000] {processor.py:179} INFO - Processing /home/airflow/.local/lib/python3.8/site-packages/airflow/example_dags/example_skip_dag.py took 0.103 seconds
[2023-11-02T23:43:18.779+0000] {processor.py:157} INFO - Started process (PID=1842) to work on /home/airflow/.local/lib/python3.8/site-packages/airflow/example_dags/example_skip_dag.py
[2023-11-02T23:43:18.780+0000] {processor.py:829} INFO - Processing file /home/airflow/.local/lib/python3.8/site-packages/airflow/example_dags/example_skip_dag.py for tasks to queue
[2023-11-02T23:43:18.782+0000] {logging_mixin.py:151} INFO - [2023-11-02T23:43:18.782+0000] {dagbag.py:536} INFO - Filling up the DagBag from /home/airflow/.local/lib/python3.8/site-packages/airflow/example_dags/example_skip_dag.py
[2023-11-02T23:43:18.790+0000] {processor.py:839} INFO - DAG(s) dict_keys(['example_skip_dag']) retrieved from /home/airflow/.local/lib/python3.8/site-packages/airflow/example_dags/example_skip_dag.py
[2023-11-02T23:43:18.817+0000] {logging_mixin.py:151} INFO - [2023-11-02T23:43:18.817+0000] {dag.py:2941} INFO - Sync 1 DAGs
[2023-11-02T23:43:18.842+0000] {logging_mixin.py:151} INFO - [2023-11-02T23:43:18.842+0000] {dag.py:3722} INFO - Setting next_dagrun for example_skip_dag to 2023-11-01T23:43:18.841749+00:00, run_after=2023-11-02T23:43:18.841749+00:00
[2023-11-02T23:43:18.864+0000] {processor.py:179} INFO - Processing /home/airflow/.local/lib/python3.8/site-packages/airflow/example_dags/example_skip_dag.py took 0.089 seconds
[2023-11-02T23:43:48.954+0000] {processor.py:157} INFO - Started process (PID=1896) to work on /home/airflow/.local/lib/python3.8/site-packages/airflow/example_dags/example_skip_dag.py
[2023-11-02T23:43:48.955+0000] {processor.py:829} INFO - Processing file /home/airflow/.local/lib/python3.8/site-packages/airflow/example_dags/example_skip_dag.py for tasks to queue
[2023-11-02T23:43:48.957+0000] {logging_mixin.py:151} INFO - [2023-11-02T23:43:48.957+0000] {dagbag.py:536} INFO - Filling up the DagBag from /home/airflow/.local/lib/python3.8/site-packages/airflow/example_dags/example_skip_dag.py
[2023-11-02T23:43:48.964+0000] {processor.py:839} INFO - DAG(s) dict_keys(['example_skip_dag']) retrieved from /home/airflow/.local/lib/python3.8/site-packages/airflow/example_dags/example_skip_dag.py
[2023-11-02T23:43:48.991+0000] {logging_mixin.py:151} INFO - [2023-11-02T23:43:48.991+0000] {dag.py:2941} INFO - Sync 1 DAGs
[2023-11-02T23:43:49.016+0000] {logging_mixin.py:151} INFO - [2023-11-02T23:43:49.016+0000] {dag.py:3722} INFO - Setting next_dagrun for example_skip_dag to 2023-11-01T23:43:49.015742+00:00, run_after=2023-11-02T23:43:49.015742+00:00
[2023-11-02T23:43:49.048+0000] {processor.py:179} INFO - Processing /home/airflow/.local/lib/python3.8/site-packages/airflow/example_dags/example_skip_dag.py took 0.099 seconds
[2023-11-02T23:44:19.294+0000] {processor.py:157} INFO - Started process (PID=1950) to work on /home/airflow/.local/lib/python3.8/site-packages/airflow/example_dags/example_skip_dag.py
[2023-11-02T23:44:19.296+0000] {processor.py:829} INFO - Processing file /home/airflow/.local/lib/python3.8/site-packages/airflow/example_dags/example_skip_dag.py for tasks to queue
[2023-11-02T23:44:19.298+0000] {logging_mixin.py:151} INFO - [2023-11-02T23:44:19.298+0000] {dagbag.py:536} INFO - Filling up the DagBag from /home/airflow/.local/lib/python3.8/site-packages/airflow/example_dags/example_skip_dag.py
[2023-11-02T23:44:19.305+0000] {processor.py:839} INFO - DAG(s) dict_keys(['example_skip_dag']) retrieved from /home/airflow/.local/lib/python3.8/site-packages/airflow/example_dags/example_skip_dag.py
[2023-11-02T23:44:19.331+0000] {logging_mixin.py:151} INFO - [2023-11-02T23:44:19.331+0000] {dag.py:2941} INFO - Sync 1 DAGs
[2023-11-02T23:44:19.354+0000] {logging_mixin.py:151} INFO - [2023-11-02T23:44:19.353+0000] {dag.py:3722} INFO - Setting next_dagrun for example_skip_dag to 2023-11-01T23:44:19.353666+00:00, run_after=2023-11-02T23:44:19.353666+00:00
[2023-11-02T23:44:19.378+0000] {processor.py:179} INFO - Processing /home/airflow/.local/lib/python3.8/site-packages/airflow/example_dags/example_skip_dag.py took 0.087 seconds
[2023-11-02T23:44:49.548+0000] {processor.py:157} INFO - Started process (PID=2004) to work on /home/airflow/.local/lib/python3.8/site-packages/airflow/example_dags/example_skip_dag.py
[2023-11-02T23:44:49.550+0000] {processor.py:829} INFO - Processing file /home/airflow/.local/lib/python3.8/site-packages/airflow/example_dags/example_skip_dag.py for tasks to queue
[2023-11-02T23:44:49.552+0000] {logging_mixin.py:151} INFO - [2023-11-02T23:44:49.552+0000] {dagbag.py:536} INFO - Filling up the DagBag from /home/airflow/.local/lib/python3.8/site-packages/airflow/example_dags/example_skip_dag.py
[2023-11-02T23:44:49.559+0000] {processor.py:839} INFO - DAG(s) dict_keys(['example_skip_dag']) retrieved from /home/airflow/.local/lib/python3.8/site-packages/airflow/example_dags/example_skip_dag.py
[2023-11-02T23:44:49.587+0000] {logging_mixin.py:151} INFO - [2023-11-02T23:44:49.587+0000] {dag.py:2941} INFO - Sync 1 DAGs
[2023-11-02T23:44:49.615+0000] {logging_mixin.py:151} INFO - [2023-11-02T23:44:49.614+0000] {dag.py:3722} INFO - Setting next_dagrun for example_skip_dag to 2023-11-01T23:44:49.614553+00:00, run_after=2023-11-02T23:44:49.614553+00:00
[2023-11-02T23:44:49.646+0000] {processor.py:179} INFO - Processing /home/airflow/.local/lib/python3.8/site-packages/airflow/example_dags/example_skip_dag.py took 0.101 seconds
[2023-11-02T23:45:20.117+0000] {processor.py:157} INFO - Started process (PID=2058) to work on /home/airflow/.local/lib/python3.8/site-packages/airflow/example_dags/example_skip_dag.py
[2023-11-02T23:45:20.118+0000] {processor.py:829} INFO - Processing file /home/airflow/.local/lib/python3.8/site-packages/airflow/example_dags/example_skip_dag.py for tasks to queue
[2023-11-02T23:45:20.120+0000] {logging_mixin.py:151} INFO - [2023-11-02T23:45:20.119+0000] {dagbag.py:536} INFO - Filling up the DagBag from /home/airflow/.local/lib/python3.8/site-packages/airflow/example_dags/example_skip_dag.py
[2023-11-02T23:45:20.127+0000] {processor.py:839} INFO - DAG(s) dict_keys(['example_skip_dag']) retrieved from /home/airflow/.local/lib/python3.8/site-packages/airflow/example_dags/example_skip_dag.py
[2023-11-02T23:45:20.153+0000] {logging_mixin.py:151} INFO - [2023-11-02T23:45:20.153+0000] {dag.py:2941} INFO - Sync 1 DAGs
[2023-11-02T23:45:20.180+0000] {logging_mixin.py:151} INFO - [2023-11-02T23:45:20.180+0000] {dag.py:3722} INFO - Setting next_dagrun for example_skip_dag to 2023-11-01T23:45:20.180402+00:00, run_after=2023-11-02T23:45:20.180402+00:00
[2023-11-02T23:45:20.206+0000] {processor.py:179} INFO - Processing /home/airflow/.local/lib/python3.8/site-packages/airflow/example_dags/example_skip_dag.py took 0.092 seconds
[2023-11-02T23:45:50.394+0000] {processor.py:157} INFO - Started process (PID=2112) to work on /home/airflow/.local/lib/python3.8/site-packages/airflow/example_dags/example_skip_dag.py
[2023-11-02T23:45:50.395+0000] {processor.py:829} INFO - Processing file /home/airflow/.local/lib/python3.8/site-packages/airflow/example_dags/example_skip_dag.py for tasks to queue
[2023-11-02T23:45:50.397+0000] {logging_mixin.py:151} INFO - [2023-11-02T23:45:50.397+0000] {dagbag.py:536} INFO - Filling up the DagBag from /home/airflow/.local/lib/python3.8/site-packages/airflow/example_dags/example_skip_dag.py
[2023-11-02T23:45:50.403+0000] {processor.py:839} INFO - DAG(s) dict_keys(['example_skip_dag']) retrieved from /home/airflow/.local/lib/python3.8/site-packages/airflow/example_dags/example_skip_dag.py
[2023-11-02T23:45:50.428+0000] {logging_mixin.py:151} INFO - [2023-11-02T23:45:50.428+0000] {dag.py:2941} INFO - Sync 1 DAGs
[2023-11-02T23:45:50.452+0000] {logging_mixin.py:151} INFO - [2023-11-02T23:45:50.452+0000] {dag.py:3722} INFO - Setting next_dagrun for example_skip_dag to 2023-11-01T23:45:50.452140+00:00, run_after=2023-11-02T23:45:50.452140+00:00
[2023-11-02T23:45:50.479+0000] {processor.py:179} INFO - Processing /home/airflow/.local/lib/python3.8/site-packages/airflow/example_dags/example_skip_dag.py took 0.088 seconds
[2023-11-02T23:46:20.610+0000] {processor.py:157} INFO - Started process (PID=2166) to work on /home/airflow/.local/lib/python3.8/site-packages/airflow/example_dags/example_skip_dag.py
[2023-11-02T23:46:20.611+0000] {processor.py:829} INFO - Processing file /home/airflow/.local/lib/python3.8/site-packages/airflow/example_dags/example_skip_dag.py for tasks to queue
[2023-11-02T23:46:20.614+0000] {logging_mixin.py:151} INFO - [2023-11-02T23:46:20.613+0000] {dagbag.py:536} INFO - Filling up the DagBag from /home/airflow/.local/lib/python3.8/site-packages/airflow/example_dags/example_skip_dag.py
[2023-11-02T23:46:20.620+0000] {processor.py:839} INFO - DAG(s) dict_keys(['example_skip_dag']) retrieved from /home/airflow/.local/lib/python3.8/site-packages/airflow/example_dags/example_skip_dag.py
[2023-11-02T23:46:20.645+0000] {logging_mixin.py:151} INFO - [2023-11-02T23:46:20.645+0000] {dag.py:2941} INFO - Sync 1 DAGs
[2023-11-02T23:46:20.671+0000] {logging_mixin.py:151} INFO - [2023-11-02T23:46:20.671+0000] {dag.py:3722} INFO - Setting next_dagrun for example_skip_dag to 2023-11-01T23:46:20.671102+00:00, run_after=2023-11-02T23:46:20.671102+00:00
[2023-11-02T23:46:20.699+0000] {processor.py:179} INFO - Processing /home/airflow/.local/lib/python3.8/site-packages/airflow/example_dags/example_skip_dag.py took 0.093 seconds
[2023-11-02T23:46:50.838+0000] {processor.py:157} INFO - Started process (PID=2220) to work on /home/airflow/.local/lib/python3.8/site-packages/airflow/example_dags/example_skip_dag.py
[2023-11-02T23:46:50.839+0000] {processor.py:829} INFO - Processing file /home/airflow/.local/lib/python3.8/site-packages/airflow/example_dags/example_skip_dag.py for tasks to queue
[2023-11-02T23:46:50.841+0000] {logging_mixin.py:151} INFO - [2023-11-02T23:46:50.841+0000] {dagbag.py:536} INFO - Filling up the DagBag from /home/airflow/.local/lib/python3.8/site-packages/airflow/example_dags/example_skip_dag.py
[2023-11-02T23:46:50.849+0000] {processor.py:839} INFO - DAG(s) dict_keys(['example_skip_dag']) retrieved from /home/airflow/.local/lib/python3.8/site-packages/airflow/example_dags/example_skip_dag.py
[2023-11-02T23:46:50.875+0000] {logging_mixin.py:151} INFO - [2023-11-02T23:46:50.875+0000] {dag.py:2941} INFO - Sync 1 DAGs
[2023-11-02T23:46:50.900+0000] {logging_mixin.py:151} INFO - [2023-11-02T23:46:50.900+0000] {dag.py:3722} INFO - Setting next_dagrun for example_skip_dag to 2023-11-01T23:46:50.900464+00:00, run_after=2023-11-02T23:46:50.900464+00:00
[2023-11-02T23:46:50.926+0000] {processor.py:179} INFO - Processing /home/airflow/.local/lib/python3.8/site-packages/airflow/example_dags/example_skip_dag.py took 0.092 seconds
[2023-11-02T23:47:21.032+0000] {processor.py:157} INFO - Started process (PID=2273) to work on /home/airflow/.local/lib/python3.8/site-packages/airflow/example_dags/example_skip_dag.py
[2023-11-02T23:47:21.034+0000] {processor.py:829} INFO - Processing file /home/airflow/.local/lib/python3.8/site-packages/airflow/example_dags/example_skip_dag.py for tasks to queue
[2023-11-02T23:47:21.037+0000] {logging_mixin.py:151} INFO - [2023-11-02T23:47:21.037+0000] {dagbag.py:536} INFO - Filling up the DagBag from /home/airflow/.local/lib/python3.8/site-packages/airflow/example_dags/example_skip_dag.py
[2023-11-02T23:47:21.044+0000] {processor.py:839} INFO - DAG(s) dict_keys(['example_skip_dag']) retrieved from /home/airflow/.local/lib/python3.8/site-packages/airflow/example_dags/example_skip_dag.py
[2023-11-02T23:47:21.068+0000] {logging_mixin.py:151} INFO - [2023-11-02T23:47:21.068+0000] {dag.py:2941} INFO - Sync 1 DAGs
[2023-11-02T23:47:21.093+0000] {logging_mixin.py:151} INFO - [2023-11-02T23:47:21.092+0000] {dag.py:3722} INFO - Setting next_dagrun for example_skip_dag to 2023-11-01T23:47:21.092565+00:00, run_after=2023-11-02T23:47:21.092565+00:00
[2023-11-02T23:47:21.118+0000] {processor.py:179} INFO - Processing /home/airflow/.local/lib/python3.8/site-packages/airflow/example_dags/example_skip_dag.py took 0.089 seconds
[2023-11-02T23:47:51.355+0000] {processor.py:157} INFO - Started process (PID=2327) to work on /home/airflow/.local/lib/python3.8/site-packages/airflow/example_dags/example_skip_dag.py
[2023-11-02T23:47:51.356+0000] {processor.py:829} INFO - Processing file /home/airflow/.local/lib/python3.8/site-packages/airflow/example_dags/example_skip_dag.py for tasks to queue
[2023-11-02T23:47:51.359+0000] {logging_mixin.py:151} INFO - [2023-11-02T23:47:51.358+0000] {dagbag.py:536} INFO - Filling up the DagBag from /home/airflow/.local/lib/python3.8/site-packages/airflow/example_dags/example_skip_dag.py
[2023-11-02T23:47:51.365+0000] {processor.py:839} INFO - DAG(s) dict_keys(['example_skip_dag']) retrieved from /home/airflow/.local/lib/python3.8/site-packages/airflow/example_dags/example_skip_dag.py
[2023-11-02T23:47:51.397+0000] {logging_mixin.py:151} INFO - [2023-11-02T23:47:51.396+0000] {dag.py:2941} INFO - Sync 1 DAGs
[2023-11-02T23:47:51.423+0000] {logging_mixin.py:151} INFO - [2023-11-02T23:47:51.423+0000] {dag.py:3722} INFO - Setting next_dagrun for example_skip_dag to 2023-11-01T23:47:51.423276+00:00, run_after=2023-11-02T23:47:51.423276+00:00
[2023-11-02T23:47:51.452+0000] {processor.py:179} INFO - Processing /home/airflow/.local/lib/python3.8/site-packages/airflow/example_dags/example_skip_dag.py took 0.101 seconds
[2023-11-02T23:48:59.956+0000] {processor.py:157} INFO - Started process (PID=58) to work on /home/airflow/.local/lib/python3.8/site-packages/airflow/example_dags/example_skip_dag.py
[2023-11-02T23:48:59.958+0000] {processor.py:829} INFO - Processing file /home/airflow/.local/lib/python3.8/site-packages/airflow/example_dags/example_skip_dag.py for tasks to queue
[2023-11-02T23:48:59.961+0000] {logging_mixin.py:151} INFO - [2023-11-02T23:48:59.960+0000] {dagbag.py:536} INFO - Filling up the DagBag from /home/airflow/.local/lib/python3.8/site-packages/airflow/example_dags/example_skip_dag.py
[2023-11-02T23:48:59.976+0000] {processor.py:839} INFO - DAG(s) dict_keys(['example_skip_dag']) retrieved from /home/airflow/.local/lib/python3.8/site-packages/airflow/example_dags/example_skip_dag.py
[2023-11-02T23:48:59.999+0000] {logging_mixin.py:151} INFO - [2023-11-02T23:48:59.998+0000] {dag.py:2941} INFO - Sync 1 DAGs
[2023-11-02T23:49:00.044+0000] {logging_mixin.py:151} INFO - [2023-11-02T23:49:00.044+0000] {dag.py:3722} INFO - Setting next_dagrun for example_skip_dag to 2023-11-01T23:49:00.043908+00:00, run_after=2023-11-02T23:49:00.043908+00:00
[2023-11-02T23:49:00.083+0000] {processor.py:179} INFO - Processing /home/airflow/.local/lib/python3.8/site-packages/airflow/example_dags/example_skip_dag.py took 0.131 seconds
[2023-11-02T23:49:30.364+0000] {processor.py:157} INFO - Started process (PID=112) to work on /home/airflow/.local/lib/python3.8/site-packages/airflow/example_dags/example_skip_dag.py
[2023-11-02T23:49:30.366+0000] {processor.py:829} INFO - Processing file /home/airflow/.local/lib/python3.8/site-packages/airflow/example_dags/example_skip_dag.py for tasks to queue
[2023-11-02T23:49:30.368+0000] {logging_mixin.py:151} INFO - [2023-11-02T23:49:30.368+0000] {dagbag.py:536} INFO - Filling up the DagBag from /home/airflow/.local/lib/python3.8/site-packages/airflow/example_dags/example_skip_dag.py
[2023-11-02T23:49:30.378+0000] {processor.py:839} INFO - DAG(s) dict_keys(['example_skip_dag']) retrieved from /home/airflow/.local/lib/python3.8/site-packages/airflow/example_dags/example_skip_dag.py
[2023-11-02T23:49:30.413+0000] {logging_mixin.py:151} INFO - [2023-11-02T23:49:30.412+0000] {dag.py:2941} INFO - Sync 1 DAGs
[2023-11-02T23:49:30.446+0000] {logging_mixin.py:151} INFO - [2023-11-02T23:49:30.445+0000] {dag.py:3722} INFO - Setting next_dagrun for example_skip_dag to 2023-11-01T23:49:30.445279+00:00, run_after=2023-11-02T23:49:30.445279+00:00
[2023-11-02T23:49:30.479+0000] {processor.py:179} INFO - Processing /home/airflow/.local/lib/python3.8/site-packages/airflow/example_dags/example_skip_dag.py took 0.118 seconds
[2023-11-02T23:50:00.584+0000] {processor.py:157} INFO - Started process (PID=165) to work on /home/airflow/.local/lib/python3.8/site-packages/airflow/example_dags/example_skip_dag.py
[2023-11-02T23:50:00.586+0000] {processor.py:829} INFO - Processing file /home/airflow/.local/lib/python3.8/site-packages/airflow/example_dags/example_skip_dag.py for tasks to queue
[2023-11-02T23:50:00.588+0000] {logging_mixin.py:151} INFO - [2023-11-02T23:50:00.587+0000] {dagbag.py:536} INFO - Filling up the DagBag from /home/airflow/.local/lib/python3.8/site-packages/airflow/example_dags/example_skip_dag.py
[2023-11-02T23:50:00.594+0000] {processor.py:839} INFO - DAG(s) dict_keys(['example_skip_dag']) retrieved from /home/airflow/.local/lib/python3.8/site-packages/airflow/example_dags/example_skip_dag.py
[2023-11-02T23:50:00.620+0000] {logging_mixin.py:151} INFO - [2023-11-02T23:50:00.620+0000] {dag.py:2941} INFO - Sync 1 DAGs
[2023-11-02T23:50:00.646+0000] {logging_mixin.py:151} INFO - [2023-11-02T23:50:00.646+0000] {dag.py:3722} INFO - Setting next_dagrun for example_skip_dag to 2023-11-01T23:50:00.645742+00:00, run_after=2023-11-02T23:50:00.645742+00:00
[2023-11-02T23:50:00.681+0000] {processor.py:179} INFO - Processing /home/airflow/.local/lib/python3.8/site-packages/airflow/example_dags/example_skip_dag.py took 0.099 seconds
[2023-11-02T23:50:31.015+0000] {processor.py:157} INFO - Started process (PID=219) to work on /home/airflow/.local/lib/python3.8/site-packages/airflow/example_dags/example_skip_dag.py
[2023-11-02T23:50:31.016+0000] {processor.py:829} INFO - Processing file /home/airflow/.local/lib/python3.8/site-packages/airflow/example_dags/example_skip_dag.py for tasks to queue
[2023-11-02T23:50:31.018+0000] {logging_mixin.py:151} INFO - [2023-11-02T23:50:31.018+0000] {dagbag.py:536} INFO - Filling up the DagBag from /home/airflow/.local/lib/python3.8/site-packages/airflow/example_dags/example_skip_dag.py
[2023-11-02T23:50:31.025+0000] {processor.py:839} INFO - DAG(s) dict_keys(['example_skip_dag']) retrieved from /home/airflow/.local/lib/python3.8/site-packages/airflow/example_dags/example_skip_dag.py
[2023-11-02T23:50:31.054+0000] {logging_mixin.py:151} INFO - [2023-11-02T23:50:31.054+0000] {dag.py:2941} INFO - Sync 1 DAGs
[2023-11-02T23:50:31.080+0000] {logging_mixin.py:151} INFO - [2023-11-02T23:50:31.080+0000] {dag.py:3722} INFO - Setting next_dagrun for example_skip_dag to 2023-11-01T23:50:31.080234+00:00, run_after=2023-11-02T23:50:31.080234+00:00
[2023-11-02T23:50:31.109+0000] {processor.py:179} INFO - Processing /home/airflow/.local/lib/python3.8/site-packages/airflow/example_dags/example_skip_dag.py took 0.098 seconds
[2023-11-02T23:51:01.588+0000] {processor.py:157} INFO - Started process (PID=274) to work on /home/airflow/.local/lib/python3.8/site-packages/airflow/example_dags/example_skip_dag.py
[2023-11-02T23:51:01.589+0000] {processor.py:829} INFO - Processing file /home/airflow/.local/lib/python3.8/site-packages/airflow/example_dags/example_skip_dag.py for tasks to queue
[2023-11-02T23:51:01.592+0000] {logging_mixin.py:151} INFO - [2023-11-02T23:51:01.591+0000] {dagbag.py:536} INFO - Filling up the DagBag from /home/airflow/.local/lib/python3.8/site-packages/airflow/example_dags/example_skip_dag.py
[2023-11-02T23:51:01.599+0000] {processor.py:839} INFO - DAG(s) dict_keys(['example_skip_dag']) retrieved from /home/airflow/.local/lib/python3.8/site-packages/airflow/example_dags/example_skip_dag.py
[2023-11-02T23:51:01.626+0000] {logging_mixin.py:151} INFO - [2023-11-02T23:51:01.626+0000] {dag.py:2941} INFO - Sync 1 DAGs
[2023-11-02T23:51:01.651+0000] {logging_mixin.py:151} INFO - [2023-11-02T23:51:01.651+0000] {dag.py:3722} INFO - Setting next_dagrun for example_skip_dag to 2023-11-01T23:51:01.651101+00:00, run_after=2023-11-02T23:51:01.651101+00:00
[2023-11-02T23:51:01.683+0000] {processor.py:179} INFO - Processing /home/airflow/.local/lib/python3.8/site-packages/airflow/example_dags/example_skip_dag.py took 0.099 seconds
[2023-11-02T23:51:31.860+0000] {processor.py:157} INFO - Started process (PID=328) to work on /home/airflow/.local/lib/python3.8/site-packages/airflow/example_dags/example_skip_dag.py
[2023-11-02T23:51:31.861+0000] {processor.py:829} INFO - Processing file /home/airflow/.local/lib/python3.8/site-packages/airflow/example_dags/example_skip_dag.py for tasks to queue
[2023-11-02T23:51:31.863+0000] {logging_mixin.py:151} INFO - [2023-11-02T23:51:31.863+0000] {dagbag.py:536} INFO - Filling up the DagBag from /home/airflow/.local/lib/python3.8/site-packages/airflow/example_dags/example_skip_dag.py
[2023-11-02T23:51:31.870+0000] {processor.py:839} INFO - DAG(s) dict_keys(['example_skip_dag']) retrieved from /home/airflow/.local/lib/python3.8/site-packages/airflow/example_dags/example_skip_dag.py
[2023-11-02T23:51:31.897+0000] {logging_mixin.py:151} INFO - [2023-11-02T23:51:31.897+0000] {dag.py:2941} INFO - Sync 1 DAGs
[2023-11-02T23:51:31.925+0000] {logging_mixin.py:151} INFO - [2023-11-02T23:51:31.925+0000] {dag.py:3722} INFO - Setting next_dagrun for example_skip_dag to 2023-11-01T23:51:31.925271+00:00, run_after=2023-11-02T23:51:31.925271+00:00
[2023-11-02T23:51:31.954+0000] {processor.py:179} INFO - Processing /home/airflow/.local/lib/python3.8/site-packages/airflow/example_dags/example_skip_dag.py took 0.097 seconds
[2023-11-02T23:52:02.119+0000] {processor.py:157} INFO - Started process (PID=382) to work on /home/airflow/.local/lib/python3.8/site-packages/airflow/example_dags/example_skip_dag.py
[2023-11-02T23:52:02.120+0000] {processor.py:829} INFO - Processing file /home/airflow/.local/lib/python3.8/site-packages/airflow/example_dags/example_skip_dag.py for tasks to queue
[2023-11-02T23:52:02.122+0000] {logging_mixin.py:151} INFO - [2023-11-02T23:52:02.122+0000] {dagbag.py:536} INFO - Filling up the DagBag from /home/airflow/.local/lib/python3.8/site-packages/airflow/example_dags/example_skip_dag.py
[2023-11-02T23:52:02.129+0000] {processor.py:839} INFO - DAG(s) dict_keys(['example_skip_dag']) retrieved from /home/airflow/.local/lib/python3.8/site-packages/airflow/example_dags/example_skip_dag.py
[2023-11-02T23:52:02.156+0000] {logging_mixin.py:151} INFO - [2023-11-02T23:52:02.156+0000] {dag.py:2941} INFO - Sync 1 DAGs
[2023-11-02T23:52:02.180+0000] {logging_mixin.py:151} INFO - [2023-11-02T23:52:02.180+0000] {dag.py:3722} INFO - Setting next_dagrun for example_skip_dag to 2023-11-01T23:52:02.180496+00:00, run_after=2023-11-02T23:52:02.180496+00:00
[2023-11-02T23:52:02.203+0000] {processor.py:179} INFO - Processing /home/airflow/.local/lib/python3.8/site-packages/airflow/example_dags/example_skip_dag.py took 0.087 seconds
[2023-11-02T23:52:32.326+0000] {processor.py:157} INFO - Started process (PID=436) to work on /home/airflow/.local/lib/python3.8/site-packages/airflow/example_dags/example_skip_dag.py
[2023-11-02T23:52:32.327+0000] {processor.py:829} INFO - Processing file /home/airflow/.local/lib/python3.8/site-packages/airflow/example_dags/example_skip_dag.py for tasks to queue
[2023-11-02T23:52:32.329+0000] {logging_mixin.py:151} INFO - [2023-11-02T23:52:32.329+0000] {dagbag.py:536} INFO - Filling up the DagBag from /home/airflow/.local/lib/python3.8/site-packages/airflow/example_dags/example_skip_dag.py
[2023-11-02T23:52:32.337+0000] {processor.py:839} INFO - DAG(s) dict_keys(['example_skip_dag']) retrieved from /home/airflow/.local/lib/python3.8/site-packages/airflow/example_dags/example_skip_dag.py
[2023-11-02T23:52:32.366+0000] {logging_mixin.py:151} INFO - [2023-11-02T23:52:32.365+0000] {dag.py:2941} INFO - Sync 1 DAGs
[2023-11-02T23:52:32.404+0000] {logging_mixin.py:151} INFO - [2023-11-02T23:52:32.404+0000] {dag.py:3722} INFO - Setting next_dagrun for example_skip_dag to 2023-11-01T23:52:32.403900+00:00, run_after=2023-11-02T23:52:32.403900+00:00
[2023-11-02T23:52:32.431+0000] {processor.py:179} INFO - Processing /home/airflow/.local/lib/python3.8/site-packages/airflow/example_dags/example_skip_dag.py took 0.108 seconds
[2023-11-02T23:53:02.502+0000] {processor.py:157} INFO - Started process (PID=490) to work on /home/airflow/.local/lib/python3.8/site-packages/airflow/example_dags/example_skip_dag.py
[2023-11-02T23:53:02.504+0000] {processor.py:829} INFO - Processing file /home/airflow/.local/lib/python3.8/site-packages/airflow/example_dags/example_skip_dag.py for tasks to queue
[2023-11-02T23:53:02.506+0000] {logging_mixin.py:151} INFO - [2023-11-02T23:53:02.505+0000] {dagbag.py:536} INFO - Filling up the DagBag from /home/airflow/.local/lib/python3.8/site-packages/airflow/example_dags/example_skip_dag.py
[2023-11-02T23:53:02.513+0000] {processor.py:839} INFO - DAG(s) dict_keys(['example_skip_dag']) retrieved from /home/airflow/.local/lib/python3.8/site-packages/airflow/example_dags/example_skip_dag.py
[2023-11-02T23:53:02.551+0000] {logging_mixin.py:151} INFO - [2023-11-02T23:53:02.550+0000] {dag.py:2941} INFO - Sync 1 DAGs
[2023-11-02T23:53:02.586+0000] {logging_mixin.py:151} INFO - [2023-11-02T23:53:02.586+0000] {dag.py:3722} INFO - Setting next_dagrun for example_skip_dag to 2023-11-01T23:53:02.585931+00:00, run_after=2023-11-02T23:53:02.585931+00:00
[2023-11-02T23:53:02.609+0000] {processor.py:179} INFO - Processing /home/airflow/.local/lib/python3.8/site-packages/airflow/example_dags/example_skip_dag.py took 0.110 seconds
[2023-11-02T23:53:32.808+0000] {processor.py:157} INFO - Started process (PID=544) to work on /home/airflow/.local/lib/python3.8/site-packages/airflow/example_dags/example_skip_dag.py
[2023-11-02T23:53:32.809+0000] {processor.py:829} INFO - Processing file /home/airflow/.local/lib/python3.8/site-packages/airflow/example_dags/example_skip_dag.py for tasks to queue
[2023-11-02T23:53:32.811+0000] {logging_mixin.py:151} INFO - [2023-11-02T23:53:32.810+0000] {dagbag.py:536} INFO - Filling up the DagBag from /home/airflow/.local/lib/python3.8/site-packages/airflow/example_dags/example_skip_dag.py
[2023-11-02T23:53:32.817+0000] {processor.py:839} INFO - DAG(s) dict_keys(['example_skip_dag']) retrieved from /home/airflow/.local/lib/python3.8/site-packages/airflow/example_dags/example_skip_dag.py
[2023-11-02T23:53:32.843+0000] {logging_mixin.py:151} INFO - [2023-11-02T23:53:32.843+0000] {dag.py:2941} INFO - Sync 1 DAGs
[2023-11-02T23:53:32.869+0000] {logging_mixin.py:151} INFO - [2023-11-02T23:53:32.868+0000] {dag.py:3722} INFO - Setting next_dagrun for example_skip_dag to 2023-11-01T23:53:32.868500+00:00, run_after=2023-11-02T23:53:32.868500+00:00
[2023-11-02T23:53:32.897+0000] {processor.py:179} INFO - Processing /home/airflow/.local/lib/python3.8/site-packages/airflow/example_dags/example_skip_dag.py took 0.092 seconds
[2023-11-02T23:54:03.138+0000] {processor.py:157} INFO - Started process (PID=598) to work on /home/airflow/.local/lib/python3.8/site-packages/airflow/example_dags/example_skip_dag.py
[2023-11-02T23:54:03.140+0000] {processor.py:829} INFO - Processing file /home/airflow/.local/lib/python3.8/site-packages/airflow/example_dags/example_skip_dag.py for tasks to queue
[2023-11-02T23:54:03.143+0000] {logging_mixin.py:151} INFO - [2023-11-02T23:54:03.142+0000] {dagbag.py:536} INFO - Filling up the DagBag from /home/airflow/.local/lib/python3.8/site-packages/airflow/example_dags/example_skip_dag.py
[2023-11-02T23:54:03.152+0000] {processor.py:839} INFO - DAG(s) dict_keys(['example_skip_dag']) retrieved from /home/airflow/.local/lib/python3.8/site-packages/airflow/example_dags/example_skip_dag.py
[2023-11-02T23:54:03.186+0000] {logging_mixin.py:151} INFO - [2023-11-02T23:54:03.186+0000] {dag.py:2941} INFO - Sync 1 DAGs
[2023-11-02T23:54:03.212+0000] {logging_mixin.py:151} INFO - [2023-11-02T23:54:03.212+0000] {dag.py:3722} INFO - Setting next_dagrun for example_skip_dag to 2023-11-01T23:54:03.212213+00:00, run_after=2023-11-02T23:54:03.212213+00:00
[2023-11-02T23:54:03.245+0000] {processor.py:179} INFO - Processing /home/airflow/.local/lib/python3.8/site-packages/airflow/example_dags/example_skip_dag.py took 0.111 seconds
[2023-11-02T23:54:33.407+0000] {processor.py:157} INFO - Started process (PID=653) to work on /home/airflow/.local/lib/python3.8/site-packages/airflow/example_dags/example_skip_dag.py
[2023-11-02T23:54:33.408+0000] {processor.py:829} INFO - Processing file /home/airflow/.local/lib/python3.8/site-packages/airflow/example_dags/example_skip_dag.py for tasks to queue
[2023-11-02T23:54:33.411+0000] {logging_mixin.py:151} INFO - [2023-11-02T23:54:33.410+0000] {dagbag.py:536} INFO - Filling up the DagBag from /home/airflow/.local/lib/python3.8/site-packages/airflow/example_dags/example_skip_dag.py
[2023-11-02T23:54:33.417+0000] {processor.py:839} INFO - DAG(s) dict_keys(['example_skip_dag']) retrieved from /home/airflow/.local/lib/python3.8/site-packages/airflow/example_dags/example_skip_dag.py
[2023-11-02T23:54:33.441+0000] {logging_mixin.py:151} INFO - [2023-11-02T23:54:33.441+0000] {dag.py:2941} INFO - Sync 1 DAGs
[2023-11-02T23:54:33.468+0000] {logging_mixin.py:151} INFO - [2023-11-02T23:54:33.468+0000] {dag.py:3722} INFO - Setting next_dagrun for example_skip_dag to 2023-11-01T23:54:33.468191+00:00, run_after=2023-11-02T23:54:33.468191+00:00
[2023-11-02T23:54:33.502+0000] {processor.py:179} INFO - Processing /home/airflow/.local/lib/python3.8/site-packages/airflow/example_dags/example_skip_dag.py took 0.099 seconds
[2023-11-02T23:55:04.315+0000] {processor.py:157} INFO - Started process (PID=706) to work on /home/airflow/.local/lib/python3.8/site-packages/airflow/example_dags/example_skip_dag.py
[2023-11-02T23:55:04.317+0000] {processor.py:829} INFO - Processing file /home/airflow/.local/lib/python3.8/site-packages/airflow/example_dags/example_skip_dag.py for tasks to queue
[2023-11-02T23:55:04.319+0000] {logging_mixin.py:151} INFO - [2023-11-02T23:55:04.319+0000] {dagbag.py:536} INFO - Filling up the DagBag from /home/airflow/.local/lib/python3.8/site-packages/airflow/example_dags/example_skip_dag.py
[2023-11-02T23:55:04.327+0000] {processor.py:839} INFO - DAG(s) dict_keys(['example_skip_dag']) retrieved from /home/airflow/.local/lib/python3.8/site-packages/airflow/example_dags/example_skip_dag.py
[2023-11-02T23:55:04.353+0000] {logging_mixin.py:151} INFO - [2023-11-02T23:55:04.353+0000] {dag.py:2941} INFO - Sync 1 DAGs
[2023-11-02T23:55:04.376+0000] {logging_mixin.py:151} INFO - [2023-11-02T23:55:04.376+0000] {dag.py:3722} INFO - Setting next_dagrun for example_skip_dag to 2023-11-01T23:55:04.376515+00:00, run_after=2023-11-02T23:55:04.376515+00:00
[2023-11-02T23:55:04.405+0000] {processor.py:179} INFO - Processing /home/airflow/.local/lib/python3.8/site-packages/airflow/example_dags/example_skip_dag.py took 0.092 seconds
[2023-11-02T23:55:34.542+0000] {processor.py:157} INFO - Started process (PID=760) to work on /home/airflow/.local/lib/python3.8/site-packages/airflow/example_dags/example_skip_dag.py
[2023-11-02T23:55:34.543+0000] {processor.py:829} INFO - Processing file /home/airflow/.local/lib/python3.8/site-packages/airflow/example_dags/example_skip_dag.py for tasks to queue
[2023-11-02T23:55:34.545+0000] {logging_mixin.py:151} INFO - [2023-11-02T23:55:34.545+0000] {dagbag.py:536} INFO - Filling up the DagBag from /home/airflow/.local/lib/python3.8/site-packages/airflow/example_dags/example_skip_dag.py
[2023-11-02T23:55:34.552+0000] {processor.py:839} INFO - DAG(s) dict_keys(['example_skip_dag']) retrieved from /home/airflow/.local/lib/python3.8/site-packages/airflow/example_dags/example_skip_dag.py
[2023-11-02T23:55:34.579+0000] {logging_mixin.py:151} INFO - [2023-11-02T23:55:34.578+0000] {dag.py:2941} INFO - Sync 1 DAGs
[2023-11-02T23:55:34.603+0000] {logging_mixin.py:151} INFO - [2023-11-02T23:55:34.603+0000] {dag.py:3722} INFO - Setting next_dagrun for example_skip_dag to 2023-11-01T23:55:34.603480+00:00, run_after=2023-11-02T23:55:34.603480+00:00
[2023-11-02T23:55:34.630+0000] {processor.py:179} INFO - Processing /home/airflow/.local/lib/python3.8/site-packages/airflow/example_dags/example_skip_dag.py took 0.091 seconds
[2023-11-02T23:56:04.721+0000] {processor.py:157} INFO - Started process (PID=814) to work on /home/airflow/.local/lib/python3.8/site-packages/airflow/example_dags/example_skip_dag.py
[2023-11-02T23:56:04.722+0000] {processor.py:829} INFO - Processing file /home/airflow/.local/lib/python3.8/site-packages/airflow/example_dags/example_skip_dag.py for tasks to queue
[2023-11-02T23:56:04.724+0000] {logging_mixin.py:151} INFO - [2023-11-02T23:56:04.724+0000] {dagbag.py:536} INFO - Filling up the DagBag from /home/airflow/.local/lib/python3.8/site-packages/airflow/example_dags/example_skip_dag.py
[2023-11-02T23:56:04.732+0000] {processor.py:839} INFO - DAG(s) dict_keys(['example_skip_dag']) retrieved from /home/airflow/.local/lib/python3.8/site-packages/airflow/example_dags/example_skip_dag.py
[2023-11-02T23:56:04.760+0000] {logging_mixin.py:151} INFO - [2023-11-02T23:56:04.760+0000] {dag.py:2941} INFO - Sync 1 DAGs
[2023-11-02T23:56:04.789+0000] {logging_mixin.py:151} INFO - [2023-11-02T23:56:04.789+0000] {dag.py:3722} INFO - Setting next_dagrun for example_skip_dag to 2023-11-01T23:56:04.789304+00:00, run_after=2023-11-02T23:56:04.789304+00:00
[2023-11-02T23:56:04.817+0000] {processor.py:179} INFO - Processing /home/airflow/.local/lib/python3.8/site-packages/airflow/example_dags/example_skip_dag.py took 0.100 seconds
[2023-11-02T23:56:35.679+0000] {processor.py:157} INFO - Started process (PID=868) to work on /home/airflow/.local/lib/python3.8/site-packages/airflow/example_dags/example_skip_dag.py
[2023-11-02T23:56:35.680+0000] {processor.py:829} INFO - Processing file /home/airflow/.local/lib/python3.8/site-packages/airflow/example_dags/example_skip_dag.py for tasks to queue
[2023-11-02T23:56:35.682+0000] {logging_mixin.py:151} INFO - [2023-11-02T23:56:35.682+0000] {dagbag.py:536} INFO - Filling up the DagBag from /home/airflow/.local/lib/python3.8/site-packages/airflow/example_dags/example_skip_dag.py
[2023-11-02T23:56:35.689+0000] {processor.py:839} INFO - DAG(s) dict_keys(['example_skip_dag']) retrieved from /home/airflow/.local/lib/python3.8/site-packages/airflow/example_dags/example_skip_dag.py
[2023-11-02T23:56:35.717+0000] {logging_mixin.py:151} INFO - [2023-11-02T23:56:35.717+0000] {dag.py:2941} INFO - Sync 1 DAGs
[2023-11-02T23:56:35.746+0000] {logging_mixin.py:151} INFO - [2023-11-02T23:56:35.746+0000] {dag.py:3722} INFO - Setting next_dagrun for example_skip_dag to 2023-11-01T23:56:35.746393+00:00, run_after=2023-11-02T23:56:35.746393+00:00
[2023-11-02T23:56:35.775+0000] {processor.py:179} INFO - Processing /home/airflow/.local/lib/python3.8/site-packages/airflow/example_dags/example_skip_dag.py took 0.100 seconds
[2023-11-02T23:57:06.177+0000] {processor.py:157} INFO - Started process (PID=922) to work on /home/airflow/.local/lib/python3.8/site-packages/airflow/example_dags/example_skip_dag.py
[2023-11-02T23:57:06.178+0000] {processor.py:829} INFO - Processing file /home/airflow/.local/lib/python3.8/site-packages/airflow/example_dags/example_skip_dag.py for tasks to queue
[2023-11-02T23:57:06.180+0000] {logging_mixin.py:151} INFO - [2023-11-02T23:57:06.180+0000] {dagbag.py:536} INFO - Filling up the DagBag from /home/airflow/.local/lib/python3.8/site-packages/airflow/example_dags/example_skip_dag.py
[2023-11-02T23:57:06.188+0000] {processor.py:839} INFO - DAG(s) dict_keys(['example_skip_dag']) retrieved from /home/airflow/.local/lib/python3.8/site-packages/airflow/example_dags/example_skip_dag.py
[2023-11-02T23:57:06.217+0000] {logging_mixin.py:151} INFO - [2023-11-02T23:57:06.217+0000] {dag.py:2941} INFO - Sync 1 DAGs
[2023-11-02T23:57:06.245+0000] {logging_mixin.py:151} INFO - [2023-11-02T23:57:06.245+0000] {dag.py:3722} INFO - Setting next_dagrun for example_skip_dag to 2023-11-01T23:57:06.245215+00:00, run_after=2023-11-02T23:57:06.245215+00:00
[2023-11-02T23:57:06.275+0000] {processor.py:179} INFO - Processing /home/airflow/.local/lib/python3.8/site-packages/airflow/example_dags/example_skip_dag.py took 0.101 seconds
[2023-11-02T23:57:36.580+0000] {processor.py:157} INFO - Started process (PID=976) to work on /home/airflow/.local/lib/python3.8/site-packages/airflow/example_dags/example_skip_dag.py
[2023-11-02T23:57:36.581+0000] {processor.py:829} INFO - Processing file /home/airflow/.local/lib/python3.8/site-packages/airflow/example_dags/example_skip_dag.py for tasks to queue
[2023-11-02T23:57:36.584+0000] {logging_mixin.py:151} INFO - [2023-11-02T23:57:36.583+0000] {dagbag.py:536} INFO - Filling up the DagBag from /home/airflow/.local/lib/python3.8/site-packages/airflow/example_dags/example_skip_dag.py
[2023-11-02T23:57:36.590+0000] {processor.py:839} INFO - DAG(s) dict_keys(['example_skip_dag']) retrieved from /home/airflow/.local/lib/python3.8/site-packages/airflow/example_dags/example_skip_dag.py
[2023-11-02T23:57:36.618+0000] {logging_mixin.py:151} INFO - [2023-11-02T23:57:36.618+0000] {dag.py:2941} INFO - Sync 1 DAGs
[2023-11-02T23:57:36.646+0000] {logging_mixin.py:151} INFO - [2023-11-02T23:57:36.645+0000] {dag.py:3722} INFO - Setting next_dagrun for example_skip_dag to 2023-11-01T23:57:36.645545+00:00, run_after=2023-11-02T23:57:36.645545+00:00
[2023-11-02T23:57:36.675+0000] {processor.py:179} INFO - Processing /home/airflow/.local/lib/python3.8/site-packages/airflow/example_dags/example_skip_dag.py took 0.098 seconds
[2023-11-02T23:58:06.897+0000] {processor.py:157} INFO - Started process (PID=1030) to work on /home/airflow/.local/lib/python3.8/site-packages/airflow/example_dags/example_skip_dag.py
[2023-11-02T23:58:06.898+0000] {processor.py:829} INFO - Processing file /home/airflow/.local/lib/python3.8/site-packages/airflow/example_dags/example_skip_dag.py for tasks to queue
[2023-11-02T23:58:06.900+0000] {logging_mixin.py:151} INFO - [2023-11-02T23:58:06.900+0000] {dagbag.py:536} INFO - Filling up the DagBag from /home/airflow/.local/lib/python3.8/site-packages/airflow/example_dags/example_skip_dag.py
[2023-11-02T23:58:06.908+0000] {processor.py:839} INFO - DAG(s) dict_keys(['example_skip_dag']) retrieved from /home/airflow/.local/lib/python3.8/site-packages/airflow/example_dags/example_skip_dag.py
[2023-11-02T23:58:06.936+0000] {logging_mixin.py:151} INFO - [2023-11-02T23:58:06.935+0000] {dag.py:2941} INFO - Sync 1 DAGs
[2023-11-02T23:58:06.966+0000] {logging_mixin.py:151} INFO - [2023-11-02T23:58:06.966+0000] {dag.py:3722} INFO - Setting next_dagrun for example_skip_dag to 2023-11-01T23:58:06.965715+00:00, run_after=2023-11-02T23:58:06.965715+00:00
[2023-11-02T23:58:06.997+0000] {processor.py:179} INFO - Processing /home/airflow/.local/lib/python3.8/site-packages/airflow/example_dags/example_skip_dag.py took 0.104 seconds
[2023-11-02T23:58:37.545+0000] {processor.py:157} INFO - Started process (PID=1084) to work on /home/airflow/.local/lib/python3.8/site-packages/airflow/example_dags/example_skip_dag.py
[2023-11-02T23:58:37.546+0000] {processor.py:829} INFO - Processing file /home/airflow/.local/lib/python3.8/site-packages/airflow/example_dags/example_skip_dag.py for tasks to queue
[2023-11-02T23:58:37.548+0000] {logging_mixin.py:151} INFO - [2023-11-02T23:58:37.548+0000] {dagbag.py:536} INFO - Filling up the DagBag from /home/airflow/.local/lib/python3.8/site-packages/airflow/example_dags/example_skip_dag.py
[2023-11-02T23:58:37.554+0000] {processor.py:839} INFO - DAG(s) dict_keys(['example_skip_dag']) retrieved from /home/airflow/.local/lib/python3.8/site-packages/airflow/example_dags/example_skip_dag.py
[2023-11-02T23:58:37.581+0000] {logging_mixin.py:151} INFO - [2023-11-02T23:58:37.581+0000] {dag.py:2941} INFO - Sync 1 DAGs
[2023-11-02T23:58:37.607+0000] {logging_mixin.py:151} INFO - [2023-11-02T23:58:37.607+0000] {dag.py:3722} INFO - Setting next_dagrun for example_skip_dag to 2023-11-01T23:58:37.607395+00:00, run_after=2023-11-02T23:58:37.607395+00:00
[2023-11-02T23:58:37.638+0000] {processor.py:179} INFO - Processing /home/airflow/.local/lib/python3.8/site-packages/airflow/example_dags/example_skip_dag.py took 0.097 seconds
[2023-11-02T23:59:08.099+0000] {processor.py:157} INFO - Started process (PID=1138) to work on /home/airflow/.local/lib/python3.8/site-packages/airflow/example_dags/example_skip_dag.py
[2023-11-02T23:59:08.100+0000] {processor.py:829} INFO - Processing file /home/airflow/.local/lib/python3.8/site-packages/airflow/example_dags/example_skip_dag.py for tasks to queue
[2023-11-02T23:59:08.102+0000] {logging_mixin.py:151} INFO - [2023-11-02T23:59:08.102+0000] {dagbag.py:536} INFO - Filling up the DagBag from /home/airflow/.local/lib/python3.8/site-packages/airflow/example_dags/example_skip_dag.py
[2023-11-02T23:59:08.108+0000] {processor.py:839} INFO - DAG(s) dict_keys(['example_skip_dag']) retrieved from /home/airflow/.local/lib/python3.8/site-packages/airflow/example_dags/example_skip_dag.py
[2023-11-02T23:59:08.135+0000] {logging_mixin.py:151} INFO - [2023-11-02T23:59:08.135+0000] {dag.py:2941} INFO - Sync 1 DAGs
[2023-11-02T23:59:08.161+0000] {logging_mixin.py:151} INFO - [2023-11-02T23:59:08.160+0000] {dag.py:3722} INFO - Setting next_dagrun for example_skip_dag to 2023-11-01T23:59:08.160607+00:00, run_after=2023-11-02T23:59:08.160607+00:00
[2023-11-02T23:59:08.188+0000] {processor.py:179} INFO - Processing /home/airflow/.local/lib/python3.8/site-packages/airflow/example_dags/example_skip_dag.py took 0.093 seconds
[2023-11-02T23:59:38.549+0000] {processor.py:157} INFO - Started process (PID=1192) to work on /home/airflow/.local/lib/python3.8/site-packages/airflow/example_dags/example_skip_dag.py
[2023-11-02T23:59:38.551+0000] {processor.py:829} INFO - Processing file /home/airflow/.local/lib/python3.8/site-packages/airflow/example_dags/example_skip_dag.py for tasks to queue
[2023-11-02T23:59:38.554+0000] {logging_mixin.py:151} INFO - [2023-11-02T23:59:38.553+0000] {dagbag.py:536} INFO - Filling up the DagBag from /home/airflow/.local/lib/python3.8/site-packages/airflow/example_dags/example_skip_dag.py
[2023-11-02T23:59:38.562+0000] {processor.py:839} INFO - DAG(s) dict_keys(['example_skip_dag']) retrieved from /home/airflow/.local/lib/python3.8/site-packages/airflow/example_dags/example_skip_dag.py
[2023-11-02T23:59:38.592+0000] {logging_mixin.py:151} INFO - [2023-11-02T23:59:38.592+0000] {dag.py:2941} INFO - Sync 1 DAGs
[2023-11-02T23:59:38.623+0000] {logging_mixin.py:151} INFO - [2023-11-02T23:59:38.623+0000] {dag.py:3722} INFO - Setting next_dagrun for example_skip_dag to 2023-11-01T23:59:38.623178+00:00, run_after=2023-11-02T23:59:38.623178+00:00
[2023-11-02T23:59:38.655+0000] {processor.py:179} INFO - Processing /home/airflow/.local/lib/python3.8/site-packages/airflow/example_dags/example_skip_dag.py took 0.115 seconds
