[2023-11-02T23:26:26.469+0000] {processor.py:157} INFO - Started process (PID=52) to work on /home/airflow/.local/lib/python3.8/site-packages/airflow/example_dags/example_xcomargs.py
[2023-11-02T23:26:26.470+0000] {processor.py:829} INFO - Processing file /home/airflow/.local/lib/python3.8/site-packages/airflow/example_dags/example_xcomargs.py for tasks to queue
[2023-11-02T23:26:26.472+0000] {logging_mixin.py:151} INFO - [2023-11-02T23:26:26.472+0000] {dagbag.py:536} INFO - Filling up the DagBag from /home/airflow/.local/lib/python3.8/site-packages/airflow/example_dags/example_xcomargs.py
[2023-11-02T23:26:26.487+0000] {processor.py:839} INFO - DAG(s) dict_keys(['example_xcom_args', 'example_xcom_args_with_operators']) retrieved from /home/airflow/.local/lib/python3.8/site-packages/airflow/example_dags/example_xcomargs.py
[2023-11-02T23:26:26.539+0000] {logging_mixin.py:151} INFO - [2023-11-02T23:26:26.539+0000] {dag.py:2941} INFO - Sync 2 DAGs
[2023-11-02T23:26:26.559+0000] {logging_mixin.py:151} INFO - [2023-11-02T23:26:26.559+0000] {dag.py:3722} INFO - Setting next_dagrun for example_xcom_args to None, run_after=None
[2023-11-02T23:26:26.565+0000] {logging_mixin.py:151} INFO - [2023-11-02T23:26:26.565+0000] {dag.py:3722} INFO - Setting next_dagrun for example_xcom_args_with_operators to None, run_after=None
[2023-11-02T23:26:26.597+0000] {processor.py:179} INFO - Processing /home/airflow/.local/lib/python3.8/site-packages/airflow/example_dags/example_xcomargs.py took 0.132 seconds
[2023-11-02T23:26:57.492+0000] {processor.py:157} INFO - Started process (PID=105) to work on /home/airflow/.local/lib/python3.8/site-packages/airflow/example_dags/example_xcomargs.py
[2023-11-02T23:26:57.494+0000] {processor.py:829} INFO - Processing file /home/airflow/.local/lib/python3.8/site-packages/airflow/example_dags/example_xcomargs.py for tasks to queue
[2023-11-02T23:26:57.496+0000] {logging_mixin.py:151} INFO - [2023-11-02T23:26:57.495+0000] {dagbag.py:536} INFO - Filling up the DagBag from /home/airflow/.local/lib/python3.8/site-packages/airflow/example_dags/example_xcomargs.py
[2023-11-02T23:26:57.505+0000] {processor.py:839} INFO - DAG(s) dict_keys(['example_xcom_args', 'example_xcom_args_with_operators']) retrieved from /home/airflow/.local/lib/python3.8/site-packages/airflow/example_dags/example_xcomargs.py
[2023-11-02T23:26:57.535+0000] {logging_mixin.py:151} INFO - [2023-11-02T23:26:57.535+0000] {dag.py:2941} INFO - Sync 2 DAGs
[2023-11-02T23:26:57.549+0000] {logging_mixin.py:151} INFO - [2023-11-02T23:26:57.549+0000] {dag.py:3722} INFO - Setting next_dagrun for example_xcom_args to None, run_after=None
[2023-11-02T23:26:57.555+0000] {logging_mixin.py:151} INFO - [2023-11-02T23:26:57.554+0000] {dag.py:3722} INFO - Setting next_dagrun for example_xcom_args_with_operators to None, run_after=None
[2023-11-02T23:26:57.580+0000] {processor.py:179} INFO - Processing /home/airflow/.local/lib/python3.8/site-packages/airflow/example_dags/example_xcomargs.py took 0.092 seconds
[2023-11-02T23:27:28.037+0000] {processor.py:157} INFO - Started process (PID=159) to work on /home/airflow/.local/lib/python3.8/site-packages/airflow/example_dags/example_xcomargs.py
[2023-11-02T23:27:28.039+0000] {processor.py:829} INFO - Processing file /home/airflow/.local/lib/python3.8/site-packages/airflow/example_dags/example_xcomargs.py for tasks to queue
[2023-11-02T23:27:28.041+0000] {logging_mixin.py:151} INFO - [2023-11-02T23:27:28.041+0000] {dagbag.py:536} INFO - Filling up the DagBag from /home/airflow/.local/lib/python3.8/site-packages/airflow/example_dags/example_xcomargs.py
[2023-11-02T23:27:28.049+0000] {processor.py:839} INFO - DAG(s) dict_keys(['example_xcom_args_with_operators', 'example_xcom_args']) retrieved from /home/airflow/.local/lib/python3.8/site-packages/airflow/example_dags/example_xcomargs.py
[2023-11-02T23:27:28.082+0000] {logging_mixin.py:151} INFO - [2023-11-02T23:27:28.082+0000] {dag.py:2941} INFO - Sync 2 DAGs
[2023-11-02T23:27:28.098+0000] {logging_mixin.py:151} INFO - [2023-11-02T23:27:28.098+0000] {dag.py:3722} INFO - Setting next_dagrun for example_xcom_args to None, run_after=None
[2023-11-02T23:27:28.103+0000] {logging_mixin.py:151} INFO - [2023-11-02T23:27:28.103+0000] {dag.py:3722} INFO - Setting next_dagrun for example_xcom_args_with_operators to None, run_after=None
[2023-11-02T23:27:28.129+0000] {processor.py:179} INFO - Processing /home/airflow/.local/lib/python3.8/site-packages/airflow/example_dags/example_xcomargs.py took 0.095 seconds
[2023-11-02T23:27:58.225+0000] {processor.py:157} INFO - Started process (PID=213) to work on /home/airflow/.local/lib/python3.8/site-packages/airflow/example_dags/example_xcomargs.py
[2023-11-02T23:27:58.227+0000] {processor.py:829} INFO - Processing file /home/airflow/.local/lib/python3.8/site-packages/airflow/example_dags/example_xcomargs.py for tasks to queue
[2023-11-02T23:27:58.231+0000] {logging_mixin.py:151} INFO - [2023-11-02T23:27:58.230+0000] {dagbag.py:536} INFO - Filling up the DagBag from /home/airflow/.local/lib/python3.8/site-packages/airflow/example_dags/example_xcomargs.py
[2023-11-02T23:27:58.242+0000] {processor.py:839} INFO - DAG(s) dict_keys(['example_xcom_args', 'example_xcom_args_with_operators']) retrieved from /home/airflow/.local/lib/python3.8/site-packages/airflow/example_dags/example_xcomargs.py
[2023-11-02T23:27:58.274+0000] {logging_mixin.py:151} INFO - [2023-11-02T23:27:58.274+0000] {dag.py:2941} INFO - Sync 2 DAGs
[2023-11-02T23:27:58.288+0000] {logging_mixin.py:151} INFO - [2023-11-02T23:27:58.287+0000] {dag.py:3722} INFO - Setting next_dagrun for example_xcom_args to None, run_after=None
[2023-11-02T23:27:58.292+0000] {logging_mixin.py:151} INFO - [2023-11-02T23:27:58.291+0000] {dag.py:3722} INFO - Setting next_dagrun for example_xcom_args_with_operators to None, run_after=None
[2023-11-02T23:27:58.316+0000] {processor.py:179} INFO - Processing /home/airflow/.local/lib/python3.8/site-packages/airflow/example_dags/example_xcomargs.py took 0.094 seconds
[2023-11-02T23:28:28.421+0000] {processor.py:157} INFO - Started process (PID=266) to work on /home/airflow/.local/lib/python3.8/site-packages/airflow/example_dags/example_xcomargs.py
[2023-11-02T23:28:28.422+0000] {processor.py:829} INFO - Processing file /home/airflow/.local/lib/python3.8/site-packages/airflow/example_dags/example_xcomargs.py for tasks to queue
[2023-11-02T23:28:28.424+0000] {logging_mixin.py:151} INFO - [2023-11-02T23:28:28.424+0000] {dagbag.py:536} INFO - Filling up the DagBag from /home/airflow/.local/lib/python3.8/site-packages/airflow/example_dags/example_xcomargs.py
[2023-11-02T23:28:28.432+0000] {processor.py:839} INFO - DAG(s) dict_keys(['example_xcom_args', 'example_xcom_args_with_operators']) retrieved from /home/airflow/.local/lib/python3.8/site-packages/airflow/example_dags/example_xcomargs.py
[2023-11-02T23:28:28.465+0000] {logging_mixin.py:151} INFO - [2023-11-02T23:28:28.465+0000] {dag.py:2941} INFO - Sync 2 DAGs
[2023-11-02T23:28:28.480+0000] {logging_mixin.py:151} INFO - [2023-11-02T23:28:28.480+0000] {dag.py:3722} INFO - Setting next_dagrun for example_xcom_args to None, run_after=None
[2023-11-02T23:28:28.484+0000] {logging_mixin.py:151} INFO - [2023-11-02T23:28:28.484+0000] {dag.py:3722} INFO - Setting next_dagrun for example_xcom_args_with_operators to None, run_after=None
[2023-11-02T23:28:28.510+0000] {processor.py:179} INFO - Processing /home/airflow/.local/lib/python3.8/site-packages/airflow/example_dags/example_xcomargs.py took 0.092 seconds
[2023-11-02T23:28:58.645+0000] {processor.py:157} INFO - Started process (PID=320) to work on /home/airflow/.local/lib/python3.8/site-packages/airflow/example_dags/example_xcomargs.py
[2023-11-02T23:28:58.647+0000] {processor.py:829} INFO - Processing file /home/airflow/.local/lib/python3.8/site-packages/airflow/example_dags/example_xcomargs.py for tasks to queue
[2023-11-02T23:28:58.650+0000] {logging_mixin.py:151} INFO - [2023-11-02T23:28:58.649+0000] {dagbag.py:536} INFO - Filling up the DagBag from /home/airflow/.local/lib/python3.8/site-packages/airflow/example_dags/example_xcomargs.py
[2023-11-02T23:28:58.658+0000] {processor.py:839} INFO - DAG(s) dict_keys(['example_xcom_args_with_operators', 'example_xcom_args']) retrieved from /home/airflow/.local/lib/python3.8/site-packages/airflow/example_dags/example_xcomargs.py
[2023-11-02T23:28:58.694+0000] {logging_mixin.py:151} INFO - [2023-11-02T23:28:58.694+0000] {dag.py:2941} INFO - Sync 2 DAGs
[2023-11-02T23:28:58.708+0000] {logging_mixin.py:151} INFO - [2023-11-02T23:28:58.708+0000] {dag.py:3722} INFO - Setting next_dagrun for example_xcom_args to None, run_after=None
[2023-11-02T23:28:58.712+0000] {logging_mixin.py:151} INFO - [2023-11-02T23:28:58.712+0000] {dag.py:3722} INFO - Setting next_dagrun for example_xcom_args_with_operators to None, run_after=None
[2023-11-02T23:28:58.734+0000] {processor.py:179} INFO - Processing /home/airflow/.local/lib/python3.8/site-packages/airflow/example_dags/example_xcomargs.py took 0.092 seconds
[2023-11-02T23:29:28.853+0000] {processor.py:157} INFO - Started process (PID=374) to work on /home/airflow/.local/lib/python3.8/site-packages/airflow/example_dags/example_xcomargs.py
[2023-11-02T23:29:28.854+0000] {processor.py:829} INFO - Processing file /home/airflow/.local/lib/python3.8/site-packages/airflow/example_dags/example_xcomargs.py for tasks to queue
[2023-11-02T23:29:28.856+0000] {logging_mixin.py:151} INFO - [2023-11-02T23:29:28.856+0000] {dagbag.py:536} INFO - Filling up the DagBag from /home/airflow/.local/lib/python3.8/site-packages/airflow/example_dags/example_xcomargs.py
[2023-11-02T23:29:28.865+0000] {processor.py:839} INFO - DAG(s) dict_keys(['example_xcom_args', 'example_xcom_args_with_operators']) retrieved from /home/airflow/.local/lib/python3.8/site-packages/airflow/example_dags/example_xcomargs.py
[2023-11-02T23:29:28.896+0000] {logging_mixin.py:151} INFO - [2023-11-02T23:29:28.896+0000] {dag.py:2941} INFO - Sync 2 DAGs
[2023-11-02T23:29:28.910+0000] {logging_mixin.py:151} INFO - [2023-11-02T23:29:28.910+0000] {dag.py:3722} INFO - Setting next_dagrun for example_xcom_args to None, run_after=None
[2023-11-02T23:29:28.914+0000] {logging_mixin.py:151} INFO - [2023-11-02T23:29:28.914+0000] {dag.py:3722} INFO - Setting next_dagrun for example_xcom_args_with_operators to None, run_after=None
[2023-11-02T23:29:28.943+0000] {processor.py:179} INFO - Processing /home/airflow/.local/lib/python3.8/site-packages/airflow/example_dags/example_xcomargs.py took 0.093 seconds
[2023-11-02T23:29:59.565+0000] {processor.py:157} INFO - Started process (PID=428) to work on /home/airflow/.local/lib/python3.8/site-packages/airflow/example_dags/example_xcomargs.py
[2023-11-02T23:29:59.566+0000] {processor.py:829} INFO - Processing file /home/airflow/.local/lib/python3.8/site-packages/airflow/example_dags/example_xcomargs.py for tasks to queue
[2023-11-02T23:29:59.568+0000] {logging_mixin.py:151} INFO - [2023-11-02T23:29:59.568+0000] {dagbag.py:536} INFO - Filling up the DagBag from /home/airflow/.local/lib/python3.8/site-packages/airflow/example_dags/example_xcomargs.py
[2023-11-02T23:29:59.576+0000] {processor.py:839} INFO - DAG(s) dict_keys(['example_xcom_args', 'example_xcom_args_with_operators']) retrieved from /home/airflow/.local/lib/python3.8/site-packages/airflow/example_dags/example_xcomargs.py
[2023-11-02T23:29:59.606+0000] {logging_mixin.py:151} INFO - [2023-11-02T23:29:59.606+0000] {dag.py:2941} INFO - Sync 2 DAGs
[2023-11-02T23:29:59.621+0000] {logging_mixin.py:151} INFO - [2023-11-02T23:29:59.621+0000] {dag.py:3722} INFO - Setting next_dagrun for example_xcom_args to None, run_after=None
[2023-11-02T23:29:59.625+0000] {logging_mixin.py:151} INFO - [2023-11-02T23:29:59.625+0000] {dag.py:3722} INFO - Setting next_dagrun for example_xcom_args_with_operators to None, run_after=None
[2023-11-02T23:29:59.654+0000] {processor.py:179} INFO - Processing /home/airflow/.local/lib/python3.8/site-packages/airflow/example_dags/example_xcomargs.py took 0.092 seconds
[2023-11-02T23:30:30.462+0000] {processor.py:157} INFO - Started process (PID=482) to work on /home/airflow/.local/lib/python3.8/site-packages/airflow/example_dags/example_xcomargs.py
[2023-11-02T23:30:30.463+0000] {processor.py:829} INFO - Processing file /home/airflow/.local/lib/python3.8/site-packages/airflow/example_dags/example_xcomargs.py for tasks to queue
[2023-11-02T23:30:30.466+0000] {logging_mixin.py:151} INFO - [2023-11-02T23:30:30.465+0000] {dagbag.py:536} INFO - Filling up the DagBag from /home/airflow/.local/lib/python3.8/site-packages/airflow/example_dags/example_xcomargs.py
[2023-11-02T23:30:30.487+0000] {processor.py:839} INFO - DAG(s) dict_keys(['example_xcom_args_with_operators', 'example_xcom_args']) retrieved from /home/airflow/.local/lib/python3.8/site-packages/airflow/example_dags/example_xcomargs.py
[2023-11-02T23:30:30.520+0000] {logging_mixin.py:151} INFO - [2023-11-02T23:30:30.519+0000] {dag.py:2941} INFO - Sync 2 DAGs
[2023-11-02T23:30:30.536+0000] {logging_mixin.py:151} INFO - [2023-11-02T23:30:30.535+0000] {dag.py:3722} INFO - Setting next_dagrun for example_xcom_args to None, run_after=None
[2023-11-02T23:30:30.541+0000] {logging_mixin.py:151} INFO - [2023-11-02T23:30:30.540+0000] {dag.py:3722} INFO - Setting next_dagrun for example_xcom_args_with_operators to None, run_after=None
[2023-11-02T23:30:30.572+0000] {processor.py:179} INFO - Processing /home/airflow/.local/lib/python3.8/site-packages/airflow/example_dags/example_xcomargs.py took 0.113 seconds
[2023-11-02T23:31:01.360+0000] {processor.py:157} INFO - Started process (PID=536) to work on /home/airflow/.local/lib/python3.8/site-packages/airflow/example_dags/example_xcomargs.py
[2023-11-02T23:31:01.362+0000] {processor.py:829} INFO - Processing file /home/airflow/.local/lib/python3.8/site-packages/airflow/example_dags/example_xcomargs.py for tasks to queue
[2023-11-02T23:31:01.365+0000] {logging_mixin.py:151} INFO - [2023-11-02T23:31:01.365+0000] {dagbag.py:536} INFO - Filling up the DagBag from /home/airflow/.local/lib/python3.8/site-packages/airflow/example_dags/example_xcomargs.py
[2023-11-02T23:31:01.376+0000] {processor.py:839} INFO - DAG(s) dict_keys(['example_xcom_args_with_operators', 'example_xcom_args']) retrieved from /home/airflow/.local/lib/python3.8/site-packages/airflow/example_dags/example_xcomargs.py
[2023-11-02T23:31:01.420+0000] {logging_mixin.py:151} INFO - [2023-11-02T23:31:01.419+0000] {dag.py:2941} INFO - Sync 2 DAGs
[2023-11-02T23:31:01.440+0000] {logging_mixin.py:151} INFO - [2023-11-02T23:31:01.440+0000] {dag.py:3722} INFO - Setting next_dagrun for example_xcom_args to None, run_after=None
[2023-11-02T23:31:01.447+0000] {logging_mixin.py:151} INFO - [2023-11-02T23:31:01.446+0000] {dag.py:3722} INFO - Setting next_dagrun for example_xcom_args_with_operators to None, run_after=None
[2023-11-02T23:31:01.485+0000] {processor.py:179} INFO - Processing /home/airflow/.local/lib/python3.8/site-packages/airflow/example_dags/example_xcomargs.py took 0.128 seconds
[2023-11-02T23:31:32.307+0000] {processor.py:157} INFO - Started process (PID=589) to work on /home/airflow/.local/lib/python3.8/site-packages/airflow/example_dags/example_xcomargs.py
[2023-11-02T23:31:32.309+0000] {processor.py:829} INFO - Processing file /home/airflow/.local/lib/python3.8/site-packages/airflow/example_dags/example_xcomargs.py for tasks to queue
[2023-11-02T23:31:32.311+0000] {logging_mixin.py:151} INFO - [2023-11-02T23:31:32.311+0000] {dagbag.py:536} INFO - Filling up the DagBag from /home/airflow/.local/lib/python3.8/site-packages/airflow/example_dags/example_xcomargs.py
[2023-11-02T23:31:32.321+0000] {processor.py:839} INFO - DAG(s) dict_keys(['example_xcom_args_with_operators', 'example_xcom_args']) retrieved from /home/airflow/.local/lib/python3.8/site-packages/airflow/example_dags/example_xcomargs.py
[2023-11-02T23:31:32.365+0000] {logging_mixin.py:151} INFO - [2023-11-02T23:31:32.365+0000] {dag.py:2941} INFO - Sync 2 DAGs
[2023-11-02T23:31:32.390+0000] {logging_mixin.py:151} INFO - [2023-11-02T23:31:32.389+0000] {dag.py:3722} INFO - Setting next_dagrun for example_xcom_args to None, run_after=None
[2023-11-02T23:31:32.395+0000] {logging_mixin.py:151} INFO - [2023-11-02T23:31:32.395+0000] {dag.py:3722} INFO - Setting next_dagrun for example_xcom_args_with_operators to None, run_after=None
[2023-11-02T23:31:32.415+0000] {processor.py:179} INFO - Processing /home/airflow/.local/lib/python3.8/site-packages/airflow/example_dags/example_xcomargs.py took 0.111 seconds
[2023-11-02T23:32:03.483+0000] {processor.py:157} INFO - Started process (PID=643) to work on /home/airflow/.local/lib/python3.8/site-packages/airflow/example_dags/example_xcomargs.py
[2023-11-02T23:32:03.487+0000] {processor.py:829} INFO - Processing file /home/airflow/.local/lib/python3.8/site-packages/airflow/example_dags/example_xcomargs.py for tasks to queue
[2023-11-02T23:32:03.490+0000] {logging_mixin.py:151} INFO - [2023-11-02T23:32:03.489+0000] {dagbag.py:536} INFO - Filling up the DagBag from /home/airflow/.local/lib/python3.8/site-packages/airflow/example_dags/example_xcomargs.py
[2023-11-02T23:32:03.519+0000] {processor.py:839} INFO - DAG(s) dict_keys(['example_xcom_args', 'example_xcom_args_with_operators']) retrieved from /home/airflow/.local/lib/python3.8/site-packages/airflow/example_dags/example_xcomargs.py
[2023-11-02T23:32:03.566+0000] {logging_mixin.py:151} INFO - [2023-11-02T23:32:03.566+0000] {dag.py:2941} INFO - Sync 2 DAGs
[2023-11-02T23:32:03.592+0000] {logging_mixin.py:151} INFO - [2023-11-02T23:32:03.591+0000] {dag.py:3722} INFO - Setting next_dagrun for example_xcom_args to None, run_after=None
[2023-11-02T23:32:03.596+0000] {logging_mixin.py:151} INFO - [2023-11-02T23:32:03.596+0000] {dag.py:3722} INFO - Setting next_dagrun for example_xcom_args_with_operators to None, run_after=None
[2023-11-02T23:32:03.628+0000] {processor.py:179} INFO - Processing /home/airflow/.local/lib/python3.8/site-packages/airflow/example_dags/example_xcomargs.py took 0.164 seconds
[2023-11-02T23:32:34.122+0000] {processor.py:157} INFO - Started process (PID=697) to work on /home/airflow/.local/lib/python3.8/site-packages/airflow/example_dags/example_xcomargs.py
[2023-11-02T23:32:34.124+0000] {processor.py:829} INFO - Processing file /home/airflow/.local/lib/python3.8/site-packages/airflow/example_dags/example_xcomargs.py for tasks to queue
[2023-11-02T23:32:34.127+0000] {logging_mixin.py:151} INFO - [2023-11-02T23:32:34.126+0000] {dagbag.py:536} INFO - Filling up the DagBag from /home/airflow/.local/lib/python3.8/site-packages/airflow/example_dags/example_xcomargs.py
[2023-11-02T23:32:34.142+0000] {processor.py:839} INFO - DAG(s) dict_keys(['example_xcom_args', 'example_xcom_args_with_operators']) retrieved from /home/airflow/.local/lib/python3.8/site-packages/airflow/example_dags/example_xcomargs.py
[2023-11-02T23:32:34.180+0000] {logging_mixin.py:151} INFO - [2023-11-02T23:32:34.180+0000] {dag.py:2941} INFO - Sync 2 DAGs
[2023-11-02T23:32:34.200+0000] {logging_mixin.py:151} INFO - [2023-11-02T23:32:34.199+0000] {dag.py:3722} INFO - Setting next_dagrun for example_xcom_args to None, run_after=None
[2023-11-02T23:32:34.205+0000] {logging_mixin.py:151} INFO - [2023-11-02T23:32:34.205+0000] {dag.py:3722} INFO - Setting next_dagrun for example_xcom_args_with_operators to None, run_after=None
[2023-11-02T23:32:34.255+0000] {processor.py:179} INFO - Processing /home/airflow/.local/lib/python3.8/site-packages/airflow/example_dags/example_xcomargs.py took 0.137 seconds
[2023-11-02T23:33:05.169+0000] {processor.py:157} INFO - Started process (PID=750) to work on /home/airflow/.local/lib/python3.8/site-packages/airflow/example_dags/example_xcomargs.py
[2023-11-02T23:33:05.170+0000] {processor.py:829} INFO - Processing file /home/airflow/.local/lib/python3.8/site-packages/airflow/example_dags/example_xcomargs.py for tasks to queue
[2023-11-02T23:33:05.173+0000] {logging_mixin.py:151} INFO - [2023-11-02T23:33:05.173+0000] {dagbag.py:536} INFO - Filling up the DagBag from /home/airflow/.local/lib/python3.8/site-packages/airflow/example_dags/example_xcomargs.py
[2023-11-02T23:33:05.183+0000] {processor.py:839} INFO - DAG(s) dict_keys(['example_xcom_args_with_operators', 'example_xcom_args']) retrieved from /home/airflow/.local/lib/python3.8/site-packages/airflow/example_dags/example_xcomargs.py
[2023-11-02T23:33:05.216+0000] {logging_mixin.py:151} INFO - [2023-11-02T23:33:05.216+0000] {dag.py:2941} INFO - Sync 2 DAGs
[2023-11-02T23:33:05.231+0000] {logging_mixin.py:151} INFO - [2023-11-02T23:33:05.231+0000] {dag.py:3722} INFO - Setting next_dagrun for example_xcom_args to None, run_after=None
[2023-11-02T23:33:05.235+0000] {logging_mixin.py:151} INFO - [2023-11-02T23:33:05.235+0000] {dag.py:3722} INFO - Setting next_dagrun for example_xcom_args_with_operators to None, run_after=None
[2023-11-02T23:33:05.264+0000] {processor.py:179} INFO - Processing /home/airflow/.local/lib/python3.8/site-packages/airflow/example_dags/example_xcomargs.py took 0.099 seconds
[2023-11-02T23:33:36.193+0000] {processor.py:157} INFO - Started process (PID=804) to work on /home/airflow/.local/lib/python3.8/site-packages/airflow/example_dags/example_xcomargs.py
[2023-11-02T23:33:36.194+0000] {processor.py:829} INFO - Processing file /home/airflow/.local/lib/python3.8/site-packages/airflow/example_dags/example_xcomargs.py for tasks to queue
[2023-11-02T23:33:36.196+0000] {logging_mixin.py:151} INFO - [2023-11-02T23:33:36.196+0000] {dagbag.py:536} INFO - Filling up the DagBag from /home/airflow/.local/lib/python3.8/site-packages/airflow/example_dags/example_xcomargs.py
[2023-11-02T23:33:36.205+0000] {processor.py:839} INFO - DAG(s) dict_keys(['example_xcom_args', 'example_xcom_args_with_operators']) retrieved from /home/airflow/.local/lib/python3.8/site-packages/airflow/example_dags/example_xcomargs.py
[2023-11-02T23:33:36.236+0000] {logging_mixin.py:151} INFO - [2023-11-02T23:33:36.236+0000] {dag.py:2941} INFO - Sync 2 DAGs
[2023-11-02T23:33:36.251+0000] {logging_mixin.py:151} INFO - [2023-11-02T23:33:36.251+0000] {dag.py:3722} INFO - Setting next_dagrun for example_xcom_args to None, run_after=None
[2023-11-02T23:33:36.256+0000] {logging_mixin.py:151} INFO - [2023-11-02T23:33:36.255+0000] {dag.py:3722} INFO - Setting next_dagrun for example_xcom_args_with_operators to None, run_after=None
[2023-11-02T23:33:36.282+0000] {processor.py:179} INFO - Processing /home/airflow/.local/lib/python3.8/site-packages/airflow/example_dags/example_xcomargs.py took 0.092 seconds
[2023-11-02T23:34:06.684+0000] {processor.py:157} INFO - Started process (PID=858) to work on /home/airflow/.local/lib/python3.8/site-packages/airflow/example_dags/example_xcomargs.py
[2023-11-02T23:34:06.686+0000] {processor.py:829} INFO - Processing file /home/airflow/.local/lib/python3.8/site-packages/airflow/example_dags/example_xcomargs.py for tasks to queue
[2023-11-02T23:34:06.688+0000] {logging_mixin.py:151} INFO - [2023-11-02T23:34:06.688+0000] {dagbag.py:536} INFO - Filling up the DagBag from /home/airflow/.local/lib/python3.8/site-packages/airflow/example_dags/example_xcomargs.py
[2023-11-02T23:34:06.697+0000] {processor.py:839} INFO - DAG(s) dict_keys(['example_xcom_args', 'example_xcom_args_with_operators']) retrieved from /home/airflow/.local/lib/python3.8/site-packages/airflow/example_dags/example_xcomargs.py
[2023-11-02T23:34:06.729+0000] {logging_mixin.py:151} INFO - [2023-11-02T23:34:06.728+0000] {dag.py:2941} INFO - Sync 2 DAGs
[2023-11-02T23:34:06.743+0000] {logging_mixin.py:151} INFO - [2023-11-02T23:34:06.743+0000] {dag.py:3722} INFO - Setting next_dagrun for example_xcom_args to None, run_after=None
[2023-11-02T23:34:06.748+0000] {logging_mixin.py:151} INFO - [2023-11-02T23:34:06.748+0000] {dag.py:3722} INFO - Setting next_dagrun for example_xcom_args_with_operators to None, run_after=None
[2023-11-02T23:34:06.775+0000] {processor.py:179} INFO - Processing /home/airflow/.local/lib/python3.8/site-packages/airflow/example_dags/example_xcomargs.py took 0.095 seconds
[2023-11-02T23:34:37.272+0000] {processor.py:157} INFO - Started process (PID=911) to work on /home/airflow/.local/lib/python3.8/site-packages/airflow/example_dags/example_xcomargs.py
[2023-11-02T23:34:37.273+0000] {processor.py:829} INFO - Processing file /home/airflow/.local/lib/python3.8/site-packages/airflow/example_dags/example_xcomargs.py for tasks to queue
[2023-11-02T23:34:37.276+0000] {logging_mixin.py:151} INFO - [2023-11-02T23:34:37.275+0000] {dagbag.py:536} INFO - Filling up the DagBag from /home/airflow/.local/lib/python3.8/site-packages/airflow/example_dags/example_xcomargs.py
[2023-11-02T23:34:37.286+0000] {processor.py:839} INFO - DAG(s) dict_keys(['example_xcom_args', 'example_xcom_args_with_operators']) retrieved from /home/airflow/.local/lib/python3.8/site-packages/airflow/example_dags/example_xcomargs.py
[2023-11-02T23:34:37.324+0000] {logging_mixin.py:151} INFO - [2023-11-02T23:34:37.324+0000] {dag.py:2941} INFO - Sync 2 DAGs
[2023-11-02T23:34:37.338+0000] {logging_mixin.py:151} INFO - [2023-11-02T23:34:37.338+0000] {dag.py:3722} INFO - Setting next_dagrun for example_xcom_args to None, run_after=None
[2023-11-02T23:34:37.344+0000] {logging_mixin.py:151} INFO - [2023-11-02T23:34:37.344+0000] {dag.py:3722} INFO - Setting next_dagrun for example_xcom_args_with_operators to None, run_after=None
[2023-11-02T23:34:37.382+0000] {processor.py:179} INFO - Processing /home/airflow/.local/lib/python3.8/site-packages/airflow/example_dags/example_xcomargs.py took 0.113 seconds
[2023-11-02T23:35:08.017+0000] {processor.py:157} INFO - Started process (PID=964) to work on /home/airflow/.local/lib/python3.8/site-packages/airflow/example_dags/example_xcomargs.py
[2023-11-02T23:35:08.018+0000] {processor.py:829} INFO - Processing file /home/airflow/.local/lib/python3.8/site-packages/airflow/example_dags/example_xcomargs.py for tasks to queue
[2023-11-02T23:35:08.020+0000] {logging_mixin.py:151} INFO - [2023-11-02T23:35:08.020+0000] {dagbag.py:536} INFO - Filling up the DagBag from /home/airflow/.local/lib/python3.8/site-packages/airflow/example_dags/example_xcomargs.py
[2023-11-02T23:35:08.029+0000] {processor.py:839} INFO - DAG(s) dict_keys(['example_xcom_args', 'example_xcom_args_with_operators']) retrieved from /home/airflow/.local/lib/python3.8/site-packages/airflow/example_dags/example_xcomargs.py
[2023-11-02T23:35:08.066+0000] {logging_mixin.py:151} INFO - [2023-11-02T23:35:08.065+0000] {dag.py:2941} INFO - Sync 2 DAGs
[2023-11-02T23:35:08.083+0000] {logging_mixin.py:151} INFO - [2023-11-02T23:35:08.082+0000] {dag.py:3722} INFO - Setting next_dagrun for example_xcom_args to None, run_after=None
[2023-11-02T23:35:08.088+0000] {logging_mixin.py:151} INFO - [2023-11-02T23:35:08.087+0000] {dag.py:3722} INFO - Setting next_dagrun for example_xcom_args_with_operators to None, run_after=None
[2023-11-02T23:35:08.113+0000] {processor.py:179} INFO - Processing /home/airflow/.local/lib/python3.8/site-packages/airflow/example_dags/example_xcomargs.py took 0.099 seconds
[2023-11-02T23:35:38.640+0000] {processor.py:157} INFO - Started process (PID=1018) to work on /home/airflow/.local/lib/python3.8/site-packages/airflow/example_dags/example_xcomargs.py
[2023-11-02T23:35:38.642+0000] {processor.py:829} INFO - Processing file /home/airflow/.local/lib/python3.8/site-packages/airflow/example_dags/example_xcomargs.py for tasks to queue
[2023-11-02T23:35:38.644+0000] {logging_mixin.py:151} INFO - [2023-11-02T23:35:38.644+0000] {dagbag.py:536} INFO - Filling up the DagBag from /home/airflow/.local/lib/python3.8/site-packages/airflow/example_dags/example_xcomargs.py
[2023-11-02T23:35:38.654+0000] {processor.py:839} INFO - DAG(s) dict_keys(['example_xcom_args', 'example_xcom_args_with_operators']) retrieved from /home/airflow/.local/lib/python3.8/site-packages/airflow/example_dags/example_xcomargs.py
[2023-11-02T23:35:38.697+0000] {logging_mixin.py:151} INFO - [2023-11-02T23:35:38.697+0000] {dag.py:2941} INFO - Sync 2 DAGs
[2023-11-02T23:35:38.713+0000] {logging_mixin.py:151} INFO - [2023-11-02T23:35:38.713+0000] {dag.py:3722} INFO - Setting next_dagrun for example_xcom_args to None, run_after=None
[2023-11-02T23:35:38.719+0000] {logging_mixin.py:151} INFO - [2023-11-02T23:35:38.718+0000] {dag.py:3722} INFO - Setting next_dagrun for example_xcom_args_with_operators to None, run_after=None
[2023-11-02T23:35:38.751+0000] {processor.py:179} INFO - Processing /home/airflow/.local/lib/python3.8/site-packages/airflow/example_dags/example_xcomargs.py took 0.114 seconds
[2023-11-02T23:36:09.450+0000] {processor.py:157} INFO - Started process (PID=1072) to work on /home/airflow/.local/lib/python3.8/site-packages/airflow/example_dags/example_xcomargs.py
[2023-11-02T23:36:09.454+0000] {processor.py:829} INFO - Processing file /home/airflow/.local/lib/python3.8/site-packages/airflow/example_dags/example_xcomargs.py for tasks to queue
[2023-11-02T23:36:09.456+0000] {logging_mixin.py:151} INFO - [2023-11-02T23:36:09.456+0000] {dagbag.py:536} INFO - Filling up the DagBag from /home/airflow/.local/lib/python3.8/site-packages/airflow/example_dags/example_xcomargs.py
[2023-11-02T23:36:09.465+0000] {processor.py:839} INFO - DAG(s) dict_keys(['example_xcom_args_with_operators', 'example_xcom_args']) retrieved from /home/airflow/.local/lib/python3.8/site-packages/airflow/example_dags/example_xcomargs.py
[2023-11-02T23:36:09.513+0000] {logging_mixin.py:151} INFO - [2023-11-02T23:36:09.513+0000] {dag.py:2941} INFO - Sync 2 DAGs
[2023-11-02T23:36:09.538+0000] {logging_mixin.py:151} INFO - [2023-11-02T23:36:09.538+0000] {dag.py:3722} INFO - Setting next_dagrun for example_xcom_args to None, run_after=None
[2023-11-02T23:36:09.548+0000] {logging_mixin.py:151} INFO - [2023-11-02T23:36:09.547+0000] {dag.py:3722} INFO - Setting next_dagrun for example_xcom_args_with_operators to None, run_after=None
[2023-11-02T23:36:09.584+0000] {processor.py:179} INFO - Processing /home/airflow/.local/lib/python3.8/site-packages/airflow/example_dags/example_xcomargs.py took 0.138 seconds
[2023-11-02T23:36:39.722+0000] {processor.py:157} INFO - Started process (PID=1134) to work on /home/airflow/.local/lib/python3.8/site-packages/airflow/example_dags/example_xcomargs.py
[2023-11-02T23:36:39.724+0000] {processor.py:829} INFO - Processing file /home/airflow/.local/lib/python3.8/site-packages/airflow/example_dags/example_xcomargs.py for tasks to queue
[2023-11-02T23:36:39.726+0000] {logging_mixin.py:151} INFO - [2023-11-02T23:36:39.726+0000] {dagbag.py:536} INFO - Filling up the DagBag from /home/airflow/.local/lib/python3.8/site-packages/airflow/example_dags/example_xcomargs.py
[2023-11-02T23:36:39.736+0000] {processor.py:839} INFO - DAG(s) dict_keys(['example_xcom_args_with_operators', 'example_xcom_args']) retrieved from /home/airflow/.local/lib/python3.8/site-packages/airflow/example_dags/example_xcomargs.py
[2023-11-02T23:36:39.767+0000] {logging_mixin.py:151} INFO - [2023-11-02T23:36:39.767+0000] {dag.py:2941} INFO - Sync 2 DAGs
[2023-11-02T23:36:39.783+0000] {logging_mixin.py:151} INFO - [2023-11-02T23:36:39.783+0000] {dag.py:3722} INFO - Setting next_dagrun for example_xcom_args to None, run_after=None
[2023-11-02T23:36:39.790+0000] {logging_mixin.py:151} INFO - [2023-11-02T23:36:39.790+0000] {dag.py:3722} INFO - Setting next_dagrun for example_xcom_args_with_operators to None, run_after=None
[2023-11-02T23:36:39.815+0000] {processor.py:179} INFO - Processing /home/airflow/.local/lib/python3.8/site-packages/airflow/example_dags/example_xcomargs.py took 0.097 seconds
[2023-11-02T23:37:10.902+0000] {processor.py:157} INFO - Started process (PID=1188) to work on /home/airflow/.local/lib/python3.8/site-packages/airflow/example_dags/example_xcomargs.py
[2023-11-02T23:37:10.904+0000] {processor.py:829} INFO - Processing file /home/airflow/.local/lib/python3.8/site-packages/airflow/example_dags/example_xcomargs.py for tasks to queue
[2023-11-02T23:37:10.907+0000] {logging_mixin.py:151} INFO - [2023-11-02T23:37:10.906+0000] {dagbag.py:536} INFO - Filling up the DagBag from /home/airflow/.local/lib/python3.8/site-packages/airflow/example_dags/example_xcomargs.py
[2023-11-02T23:37:10.916+0000] {processor.py:839} INFO - DAG(s) dict_keys(['example_xcom_args_with_operators', 'example_xcom_args']) retrieved from /home/airflow/.local/lib/python3.8/site-packages/airflow/example_dags/example_xcomargs.py
[2023-11-02T23:37:10.948+0000] {logging_mixin.py:151} INFO - [2023-11-02T23:37:10.948+0000] {dag.py:2941} INFO - Sync 2 DAGs
[2023-11-02T23:37:11.137+0000] {logging_mixin.py:151} INFO - [2023-11-02T23:37:11.137+0000] {dag.py:3722} INFO - Setting next_dagrun for example_xcom_args to None, run_after=None
[2023-11-02T23:37:11.141+0000] {logging_mixin.py:151} INFO - [2023-11-02T23:37:11.141+0000] {dag.py:3722} INFO - Setting next_dagrun for example_xcom_args_with_operators to None, run_after=None
[2023-11-02T23:37:11.166+0000] {processor.py:179} INFO - Processing /home/airflow/.local/lib/python3.8/site-packages/airflow/example_dags/example_xcomargs.py took 0.267 seconds
[2023-11-02T23:37:41.319+0000] {processor.py:157} INFO - Started process (PID=1244) to work on /home/airflow/.local/lib/python3.8/site-packages/airflow/example_dags/example_xcomargs.py
[2023-11-02T23:37:41.321+0000] {processor.py:829} INFO - Processing file /home/airflow/.local/lib/python3.8/site-packages/airflow/example_dags/example_xcomargs.py for tasks to queue
[2023-11-02T23:37:41.324+0000] {logging_mixin.py:151} INFO - [2023-11-02T23:37:41.323+0000] {dagbag.py:536} INFO - Filling up the DagBag from /home/airflow/.local/lib/python3.8/site-packages/airflow/example_dags/example_xcomargs.py
[2023-11-02T23:37:41.332+0000] {processor.py:839} INFO - DAG(s) dict_keys(['example_xcom_args_with_operators', 'example_xcom_args']) retrieved from /home/airflow/.local/lib/python3.8/site-packages/airflow/example_dags/example_xcomargs.py
[2023-11-02T23:37:41.367+0000] {logging_mixin.py:151} INFO - [2023-11-02T23:37:41.367+0000] {dag.py:2941} INFO - Sync 2 DAGs
[2023-11-02T23:37:41.383+0000] {logging_mixin.py:151} INFO - [2023-11-02T23:37:41.382+0000] {dag.py:3722} INFO - Setting next_dagrun for example_xcom_args to None, run_after=None
[2023-11-02T23:37:41.388+0000] {logging_mixin.py:151} INFO - [2023-11-02T23:37:41.388+0000] {dag.py:3722} INFO - Setting next_dagrun for example_xcom_args_with_operators to None, run_after=None
[2023-11-02T23:37:41.412+0000] {processor.py:179} INFO - Processing /home/airflow/.local/lib/python3.8/site-packages/airflow/example_dags/example_xcomargs.py took 0.097 seconds
[2023-11-02T23:38:11.518+0000] {processor.py:157} INFO - Started process (PID=1298) to work on /home/airflow/.local/lib/python3.8/site-packages/airflow/example_dags/example_xcomargs.py
[2023-11-02T23:38:11.519+0000] {processor.py:829} INFO - Processing file /home/airflow/.local/lib/python3.8/site-packages/airflow/example_dags/example_xcomargs.py for tasks to queue
[2023-11-02T23:38:11.521+0000] {logging_mixin.py:151} INFO - [2023-11-02T23:38:11.521+0000] {dagbag.py:536} INFO - Filling up the DagBag from /home/airflow/.local/lib/python3.8/site-packages/airflow/example_dags/example_xcomargs.py
[2023-11-02T23:38:11.531+0000] {processor.py:839} INFO - DAG(s) dict_keys(['example_xcom_args', 'example_xcom_args_with_operators']) retrieved from /home/airflow/.local/lib/python3.8/site-packages/airflow/example_dags/example_xcomargs.py
[2023-11-02T23:38:11.574+0000] {logging_mixin.py:151} INFO - [2023-11-02T23:38:11.574+0000] {dag.py:2941} INFO - Sync 2 DAGs
[2023-11-02T23:38:11.590+0000] {logging_mixin.py:151} INFO - [2023-11-02T23:38:11.589+0000] {dag.py:3722} INFO - Setting next_dagrun for example_xcom_args to None, run_after=None
[2023-11-02T23:38:11.595+0000] {logging_mixin.py:151} INFO - [2023-11-02T23:38:11.594+0000] {dag.py:3722} INFO - Setting next_dagrun for example_xcom_args_with_operators to None, run_after=None
[2023-11-02T23:38:11.623+0000] {processor.py:179} INFO - Processing /home/airflow/.local/lib/python3.8/site-packages/airflow/example_dags/example_xcomargs.py took 0.109 seconds
[2023-11-02T23:38:41.838+0000] {processor.py:157} INFO - Started process (PID=1351) to work on /home/airflow/.local/lib/python3.8/site-packages/airflow/example_dags/example_xcomargs.py
[2023-11-02T23:38:41.839+0000] {processor.py:829} INFO - Processing file /home/airflow/.local/lib/python3.8/site-packages/airflow/example_dags/example_xcomargs.py for tasks to queue
[2023-11-02T23:38:41.842+0000] {logging_mixin.py:151} INFO - [2023-11-02T23:38:41.841+0000] {dagbag.py:536} INFO - Filling up the DagBag from /home/airflow/.local/lib/python3.8/site-packages/airflow/example_dags/example_xcomargs.py
[2023-11-02T23:38:41.852+0000] {processor.py:839} INFO - DAG(s) dict_keys(['example_xcom_args_with_operators', 'example_xcom_args']) retrieved from /home/airflow/.local/lib/python3.8/site-packages/airflow/example_dags/example_xcomargs.py
[2023-11-02T23:38:41.887+0000] {logging_mixin.py:151} INFO - [2023-11-02T23:38:41.887+0000] {dag.py:2941} INFO - Sync 2 DAGs
[2023-11-02T23:38:41.903+0000] {logging_mixin.py:151} INFO - [2023-11-02T23:38:41.902+0000] {dag.py:3722} INFO - Setting next_dagrun for example_xcom_args to None, run_after=None
[2023-11-02T23:38:41.907+0000] {logging_mixin.py:151} INFO - [2023-11-02T23:38:41.907+0000] {dag.py:3722} INFO - Setting next_dagrun for example_xcom_args_with_operators to None, run_after=None
[2023-11-02T23:38:41.933+0000] {processor.py:179} INFO - Processing /home/airflow/.local/lib/python3.8/site-packages/airflow/example_dags/example_xcomargs.py took 0.098 seconds
[2023-11-02T23:39:12.680+0000] {processor.py:157} INFO - Started process (PID=1405) to work on /home/airflow/.local/lib/python3.8/site-packages/airflow/example_dags/example_xcomargs.py
[2023-11-02T23:39:12.681+0000] {processor.py:829} INFO - Processing file /home/airflow/.local/lib/python3.8/site-packages/airflow/example_dags/example_xcomargs.py for tasks to queue
[2023-11-02T23:39:12.684+0000] {logging_mixin.py:151} INFO - [2023-11-02T23:39:12.683+0000] {dagbag.py:536} INFO - Filling up the DagBag from /home/airflow/.local/lib/python3.8/site-packages/airflow/example_dags/example_xcomargs.py
[2023-11-02T23:39:12.694+0000] {processor.py:839} INFO - DAG(s) dict_keys(['example_xcom_args_with_operators', 'example_xcom_args']) retrieved from /home/airflow/.local/lib/python3.8/site-packages/airflow/example_dags/example_xcomargs.py
[2023-11-02T23:39:12.729+0000] {logging_mixin.py:151} INFO - [2023-11-02T23:39:12.729+0000] {dag.py:2941} INFO - Sync 2 DAGs
[2023-11-02T23:39:12.746+0000] {logging_mixin.py:151} INFO - [2023-11-02T23:39:12.745+0000] {dag.py:3722} INFO - Setting next_dagrun for example_xcom_args to None, run_after=None
[2023-11-02T23:39:12.751+0000] {logging_mixin.py:151} INFO - [2023-11-02T23:39:12.751+0000] {dag.py:3722} INFO - Setting next_dagrun for example_xcom_args_with_operators to None, run_after=None
[2023-11-02T23:39:12.953+0000] {processor.py:179} INFO - Processing /home/airflow/.local/lib/python3.8/site-packages/airflow/example_dags/example_xcomargs.py took 0.277 seconds
[2023-11-02T23:39:42.981+0000] {processor.py:157} INFO - Started process (PID=1458) to work on /home/airflow/.local/lib/python3.8/site-packages/airflow/example_dags/example_xcomargs.py
[2023-11-02T23:39:42.983+0000] {processor.py:829} INFO - Processing file /home/airflow/.local/lib/python3.8/site-packages/airflow/example_dags/example_xcomargs.py for tasks to queue
[2023-11-02T23:39:42.985+0000] {logging_mixin.py:151} INFO - [2023-11-02T23:39:42.985+0000] {dagbag.py:536} INFO - Filling up the DagBag from /home/airflow/.local/lib/python3.8/site-packages/airflow/example_dags/example_xcomargs.py
[2023-11-02T23:39:42.995+0000] {processor.py:839} INFO - DAG(s) dict_keys(['example_xcom_args', 'example_xcom_args_with_operators']) retrieved from /home/airflow/.local/lib/python3.8/site-packages/airflow/example_dags/example_xcomargs.py
[2023-11-02T23:39:43.031+0000] {logging_mixin.py:151} INFO - [2023-11-02T23:39:43.031+0000] {dag.py:2941} INFO - Sync 2 DAGs
[2023-11-02T23:39:43.045+0000] {logging_mixin.py:151} INFO - [2023-11-02T23:39:43.045+0000] {dag.py:3722} INFO - Setting next_dagrun for example_xcom_args to None, run_after=None
[2023-11-02T23:39:43.049+0000] {logging_mixin.py:151} INFO - [2023-11-02T23:39:43.049+0000] {dag.py:3722} INFO - Setting next_dagrun for example_xcom_args_with_operators to None, run_after=None
[2023-11-02T23:39:43.075+0000] {processor.py:179} INFO - Processing /home/airflow/.local/lib/python3.8/site-packages/airflow/example_dags/example_xcomargs.py took 0.098 seconds
[2023-11-02T23:40:13.456+0000] {processor.py:157} INFO - Started process (PID=1511) to work on /home/airflow/.local/lib/python3.8/site-packages/airflow/example_dags/example_xcomargs.py
[2023-11-02T23:40:13.457+0000] {processor.py:829} INFO - Processing file /home/airflow/.local/lib/python3.8/site-packages/airflow/example_dags/example_xcomargs.py for tasks to queue
[2023-11-02T23:40:13.459+0000] {logging_mixin.py:151} INFO - [2023-11-02T23:40:13.459+0000] {dagbag.py:536} INFO - Filling up the DagBag from /home/airflow/.local/lib/python3.8/site-packages/airflow/example_dags/example_xcomargs.py
[2023-11-02T23:40:13.468+0000] {processor.py:839} INFO - DAG(s) dict_keys(['example_xcom_args', 'example_xcom_args_with_operators']) retrieved from /home/airflow/.local/lib/python3.8/site-packages/airflow/example_dags/example_xcomargs.py
[2023-11-02T23:40:13.504+0000] {logging_mixin.py:151} INFO - [2023-11-02T23:40:13.504+0000] {dag.py:2941} INFO - Sync 2 DAGs
[2023-11-02T23:40:13.519+0000] {logging_mixin.py:151} INFO - [2023-11-02T23:40:13.519+0000] {dag.py:3722} INFO - Setting next_dagrun for example_xcom_args to None, run_after=None
[2023-11-02T23:40:13.523+0000] {logging_mixin.py:151} INFO - [2023-11-02T23:40:13.523+0000] {dag.py:3722} INFO - Setting next_dagrun for example_xcom_args_with_operators to None, run_after=None
[2023-11-02T23:40:13.556+0000] {processor.py:179} INFO - Processing /home/airflow/.local/lib/python3.8/site-packages/airflow/example_dags/example_xcomargs.py took 0.104 seconds
[2023-11-02T23:40:43.714+0000] {processor.py:157} INFO - Started process (PID=1565) to work on /home/airflow/.local/lib/python3.8/site-packages/airflow/example_dags/example_xcomargs.py
[2023-11-02T23:40:43.716+0000] {processor.py:829} INFO - Processing file /home/airflow/.local/lib/python3.8/site-packages/airflow/example_dags/example_xcomargs.py for tasks to queue
[2023-11-02T23:40:43.718+0000] {logging_mixin.py:151} INFO - [2023-11-02T23:40:43.718+0000] {dagbag.py:536} INFO - Filling up the DagBag from /home/airflow/.local/lib/python3.8/site-packages/airflow/example_dags/example_xcomargs.py
[2023-11-02T23:40:43.730+0000] {processor.py:839} INFO - DAG(s) dict_keys(['example_xcom_args_with_operators', 'example_xcom_args']) retrieved from /home/airflow/.local/lib/python3.8/site-packages/airflow/example_dags/example_xcomargs.py
[2023-11-02T23:40:43.963+0000] {logging_mixin.py:151} INFO - [2023-11-02T23:40:43.963+0000] {dag.py:2941} INFO - Sync 2 DAGs
[2023-11-02T23:40:43.975+0000] {logging_mixin.py:151} INFO - [2023-11-02T23:40:43.974+0000] {dag.py:3722} INFO - Setting next_dagrun for example_xcom_args to None, run_after=None
[2023-11-02T23:40:43.978+0000] {logging_mixin.py:151} INFO - [2023-11-02T23:40:43.978+0000] {dag.py:3722} INFO - Setting next_dagrun for example_xcom_args_with_operators to None, run_after=None
[2023-11-02T23:40:44.001+0000] {processor.py:179} INFO - Processing /home/airflow/.local/lib/python3.8/site-packages/airflow/example_dags/example_xcomargs.py took 0.290 seconds
[2023-11-02T23:41:14.516+0000] {processor.py:157} INFO - Started process (PID=1619) to work on /home/airflow/.local/lib/python3.8/site-packages/airflow/example_dags/example_xcomargs.py
[2023-11-02T23:41:14.518+0000] {processor.py:829} INFO - Processing file /home/airflow/.local/lib/python3.8/site-packages/airflow/example_dags/example_xcomargs.py for tasks to queue
[2023-11-02T23:41:14.520+0000] {logging_mixin.py:151} INFO - [2023-11-02T23:41:14.520+0000] {dagbag.py:536} INFO - Filling up the DagBag from /home/airflow/.local/lib/python3.8/site-packages/airflow/example_dags/example_xcomargs.py
[2023-11-02T23:41:14.530+0000] {processor.py:839} INFO - DAG(s) dict_keys(['example_xcom_args_with_operators', 'example_xcom_args']) retrieved from /home/airflow/.local/lib/python3.8/site-packages/airflow/example_dags/example_xcomargs.py
[2023-11-02T23:41:14.563+0000] {logging_mixin.py:151} INFO - [2023-11-02T23:41:14.563+0000] {dag.py:2941} INFO - Sync 2 DAGs
[2023-11-02T23:41:14.579+0000] {logging_mixin.py:151} INFO - [2023-11-02T23:41:14.579+0000] {dag.py:3722} INFO - Setting next_dagrun for example_xcom_args to None, run_after=None
[2023-11-02T23:41:14.584+0000] {logging_mixin.py:151} INFO - [2023-11-02T23:41:14.584+0000] {dag.py:3722} INFO - Setting next_dagrun for example_xcom_args_with_operators to None, run_after=None
[2023-11-02T23:41:14.612+0000] {processor.py:179} INFO - Processing /home/airflow/.local/lib/python3.8/site-packages/airflow/example_dags/example_xcomargs.py took 0.100 seconds
[2023-11-02T23:41:44.696+0000] {processor.py:157} INFO - Started process (PID=1673) to work on /home/airflow/.local/lib/python3.8/site-packages/airflow/example_dags/example_xcomargs.py
[2023-11-02T23:41:44.697+0000] {processor.py:829} INFO - Processing file /home/airflow/.local/lib/python3.8/site-packages/airflow/example_dags/example_xcomargs.py for tasks to queue
[2023-11-02T23:41:44.700+0000] {logging_mixin.py:151} INFO - [2023-11-02T23:41:44.699+0000] {dagbag.py:536} INFO - Filling up the DagBag from /home/airflow/.local/lib/python3.8/site-packages/airflow/example_dags/example_xcomargs.py
[2023-11-02T23:41:44.709+0000] {processor.py:839} INFO - DAG(s) dict_keys(['example_xcom_args_with_operators', 'example_xcom_args']) retrieved from /home/airflow/.local/lib/python3.8/site-packages/airflow/example_dags/example_xcomargs.py
[2023-11-02T23:41:44.746+0000] {logging_mixin.py:151} INFO - [2023-11-02T23:41:44.745+0000] {dag.py:2941} INFO - Sync 2 DAGs
[2023-11-02T23:41:44.761+0000] {logging_mixin.py:151} INFO - [2023-11-02T23:41:44.760+0000] {dag.py:3722} INFO - Setting next_dagrun for example_xcom_args to None, run_after=None
[2023-11-02T23:41:44.766+0000] {logging_mixin.py:151} INFO - [2023-11-02T23:41:44.766+0000] {dag.py:3722} INFO - Setting next_dagrun for example_xcom_args_with_operators to None, run_after=None
[2023-11-02T23:41:44.799+0000] {processor.py:179} INFO - Processing /home/airflow/.local/lib/python3.8/site-packages/airflow/example_dags/example_xcomargs.py took 0.107 seconds
[2023-11-02T23:42:14.975+0000] {processor.py:157} INFO - Started process (PID=1727) to work on /home/airflow/.local/lib/python3.8/site-packages/airflow/example_dags/example_xcomargs.py
[2023-11-02T23:42:14.977+0000] {processor.py:829} INFO - Processing file /home/airflow/.local/lib/python3.8/site-packages/airflow/example_dags/example_xcomargs.py for tasks to queue
[2023-11-02T23:42:14.979+0000] {logging_mixin.py:151} INFO - [2023-11-02T23:42:14.979+0000] {dagbag.py:536} INFO - Filling up the DagBag from /home/airflow/.local/lib/python3.8/site-packages/airflow/example_dags/example_xcomargs.py
[2023-11-02T23:42:14.988+0000] {processor.py:839} INFO - DAG(s) dict_keys(['example_xcom_args_with_operators', 'example_xcom_args']) retrieved from /home/airflow/.local/lib/python3.8/site-packages/airflow/example_dags/example_xcomargs.py
[2023-11-02T23:42:15.018+0000] {logging_mixin.py:151} INFO - [2023-11-02T23:42:15.018+0000] {dag.py:2941} INFO - Sync 2 DAGs
[2023-11-02T23:42:15.031+0000] {logging_mixin.py:151} INFO - [2023-11-02T23:42:15.031+0000] {dag.py:3722} INFO - Setting next_dagrun for example_xcom_args to None, run_after=None
[2023-11-02T23:42:15.035+0000] {logging_mixin.py:151} INFO - [2023-11-02T23:42:15.035+0000] {dag.py:3722} INFO - Setting next_dagrun for example_xcom_args_with_operators to None, run_after=None
[2023-11-02T23:42:15.059+0000] {processor.py:179} INFO - Processing /home/airflow/.local/lib/python3.8/site-packages/airflow/example_dags/example_xcomargs.py took 0.087 seconds
[2023-11-02T23:42:45.109+0000] {processor.py:157} INFO - Started process (PID=1781) to work on /home/airflow/.local/lib/python3.8/site-packages/airflow/example_dags/example_xcomargs.py
[2023-11-02T23:42:45.110+0000] {processor.py:829} INFO - Processing file /home/airflow/.local/lib/python3.8/site-packages/airflow/example_dags/example_xcomargs.py for tasks to queue
[2023-11-02T23:42:45.113+0000] {logging_mixin.py:151} INFO - [2023-11-02T23:42:45.113+0000] {dagbag.py:536} INFO - Filling up the DagBag from /home/airflow/.local/lib/python3.8/site-packages/airflow/example_dags/example_xcomargs.py
[2023-11-02T23:42:45.123+0000] {processor.py:839} INFO - DAG(s) dict_keys(['example_xcom_args_with_operators', 'example_xcom_args']) retrieved from /home/airflow/.local/lib/python3.8/site-packages/airflow/example_dags/example_xcomargs.py
[2023-11-02T23:42:45.154+0000] {logging_mixin.py:151} INFO - [2023-11-02T23:42:45.153+0000] {dag.py:2941} INFO - Sync 2 DAGs
[2023-11-02T23:42:45.168+0000] {logging_mixin.py:151} INFO - [2023-11-02T23:42:45.168+0000] {dag.py:3722} INFO - Setting next_dagrun for example_xcom_args to None, run_after=None
[2023-11-02T23:42:45.172+0000] {logging_mixin.py:151} INFO - [2023-11-02T23:42:45.172+0000] {dag.py:3722} INFO - Setting next_dagrun for example_xcom_args_with_operators to None, run_after=None
[2023-11-02T23:42:45.197+0000] {processor.py:179} INFO - Processing /home/airflow/.local/lib/python3.8/site-packages/airflow/example_dags/example_xcomargs.py took 0.091 seconds
[2023-11-02T23:43:15.374+0000] {processor.py:157} INFO - Started process (PID=1835) to work on /home/airflow/.local/lib/python3.8/site-packages/airflow/example_dags/example_xcomargs.py
[2023-11-02T23:43:15.375+0000] {processor.py:829} INFO - Processing file /home/airflow/.local/lib/python3.8/site-packages/airflow/example_dags/example_xcomargs.py for tasks to queue
[2023-11-02T23:43:15.378+0000] {logging_mixin.py:151} INFO - [2023-11-02T23:43:15.378+0000] {dagbag.py:536} INFO - Filling up the DagBag from /home/airflow/.local/lib/python3.8/site-packages/airflow/example_dags/example_xcomargs.py
[2023-11-02T23:43:15.387+0000] {processor.py:839} INFO - DAG(s) dict_keys(['example_xcom_args', 'example_xcom_args_with_operators']) retrieved from /home/airflow/.local/lib/python3.8/site-packages/airflow/example_dags/example_xcomargs.py
[2023-11-02T23:43:15.427+0000] {logging_mixin.py:151} INFO - [2023-11-02T23:43:15.426+0000] {dag.py:2941} INFO - Sync 2 DAGs
[2023-11-02T23:43:15.442+0000] {logging_mixin.py:151} INFO - [2023-11-02T23:43:15.441+0000] {dag.py:3722} INFO - Setting next_dagrun for example_xcom_args to None, run_after=None
[2023-11-02T23:43:15.446+0000] {logging_mixin.py:151} INFO - [2023-11-02T23:43:15.446+0000] {dag.py:3722} INFO - Setting next_dagrun for example_xcom_args_with_operators to None, run_after=None
[2023-11-02T23:43:15.471+0000] {processor.py:179} INFO - Processing /home/airflow/.local/lib/python3.8/site-packages/airflow/example_dags/example_xcomargs.py took 0.101 seconds
[2023-11-02T23:43:45.563+0000] {processor.py:157} INFO - Started process (PID=1889) to work on /home/airflow/.local/lib/python3.8/site-packages/airflow/example_dags/example_xcomargs.py
[2023-11-02T23:43:45.564+0000] {processor.py:829} INFO - Processing file /home/airflow/.local/lib/python3.8/site-packages/airflow/example_dags/example_xcomargs.py for tasks to queue
[2023-11-02T23:43:45.567+0000] {logging_mixin.py:151} INFO - [2023-11-02T23:43:45.566+0000] {dagbag.py:536} INFO - Filling up the DagBag from /home/airflow/.local/lib/python3.8/site-packages/airflow/example_dags/example_xcomargs.py
[2023-11-02T23:43:45.576+0000] {processor.py:839} INFO - DAG(s) dict_keys(['example_xcom_args', 'example_xcom_args_with_operators']) retrieved from /home/airflow/.local/lib/python3.8/site-packages/airflow/example_dags/example_xcomargs.py
[2023-11-02T23:43:45.609+0000] {logging_mixin.py:151} INFO - [2023-11-02T23:43:45.609+0000] {dag.py:2941} INFO - Sync 2 DAGs
[2023-11-02T23:43:45.623+0000] {logging_mixin.py:151} INFO - [2023-11-02T23:43:45.623+0000] {dag.py:3722} INFO - Setting next_dagrun for example_xcom_args to None, run_after=None
[2023-11-02T23:43:45.628+0000] {logging_mixin.py:151} INFO - [2023-11-02T23:43:45.627+0000] {dag.py:3722} INFO - Setting next_dagrun for example_xcom_args_with_operators to None, run_after=None
[2023-11-02T23:43:45.654+0000] {processor.py:179} INFO - Processing /home/airflow/.local/lib/python3.8/site-packages/airflow/example_dags/example_xcomargs.py took 0.094 seconds
[2023-11-02T23:44:15.903+0000] {processor.py:157} INFO - Started process (PID=1943) to work on /home/airflow/.local/lib/python3.8/site-packages/airflow/example_dags/example_xcomargs.py
[2023-11-02T23:44:15.905+0000] {processor.py:829} INFO - Processing file /home/airflow/.local/lib/python3.8/site-packages/airflow/example_dags/example_xcomargs.py for tasks to queue
[2023-11-02T23:44:15.909+0000] {logging_mixin.py:151} INFO - [2023-11-02T23:44:15.908+0000] {dagbag.py:536} INFO - Filling up the DagBag from /home/airflow/.local/lib/python3.8/site-packages/airflow/example_dags/example_xcomargs.py
[2023-11-02T23:44:15.917+0000] {processor.py:839} INFO - DAG(s) dict_keys(['example_xcom_args', 'example_xcom_args_with_operators']) retrieved from /home/airflow/.local/lib/python3.8/site-packages/airflow/example_dags/example_xcomargs.py
[2023-11-02T23:44:15.953+0000] {logging_mixin.py:151} INFO - [2023-11-02T23:44:15.953+0000] {dag.py:2941} INFO - Sync 2 DAGs
[2023-11-02T23:44:15.967+0000] {logging_mixin.py:151} INFO - [2023-11-02T23:44:15.967+0000] {dag.py:3722} INFO - Setting next_dagrun for example_xcom_args to None, run_after=None
[2023-11-02T23:44:15.972+0000] {logging_mixin.py:151} INFO - [2023-11-02T23:44:15.972+0000] {dag.py:3722} INFO - Setting next_dagrun for example_xcom_args_with_operators to None, run_after=None
[2023-11-02T23:44:15.998+0000] {processor.py:179} INFO - Processing /home/airflow/.local/lib/python3.8/site-packages/airflow/example_dags/example_xcomargs.py took 0.098 seconds
[2023-11-02T23:44:46.155+0000] {processor.py:157} INFO - Started process (PID=1997) to work on /home/airflow/.local/lib/python3.8/site-packages/airflow/example_dags/example_xcomargs.py
[2023-11-02T23:44:46.157+0000] {processor.py:829} INFO - Processing file /home/airflow/.local/lib/python3.8/site-packages/airflow/example_dags/example_xcomargs.py for tasks to queue
[2023-11-02T23:44:46.159+0000] {logging_mixin.py:151} INFO - [2023-11-02T23:44:46.159+0000] {dagbag.py:536} INFO - Filling up the DagBag from /home/airflow/.local/lib/python3.8/site-packages/airflow/example_dags/example_xcomargs.py
[2023-11-02T23:44:46.169+0000] {processor.py:839} INFO - DAG(s) dict_keys(['example_xcom_args', 'example_xcom_args_with_operators']) retrieved from /home/airflow/.local/lib/python3.8/site-packages/airflow/example_dags/example_xcomargs.py
[2023-11-02T23:44:46.210+0000] {logging_mixin.py:151} INFO - [2023-11-02T23:44:46.209+0000] {dag.py:2941} INFO - Sync 2 DAGs
[2023-11-02T23:44:46.225+0000] {logging_mixin.py:151} INFO - [2023-11-02T23:44:46.225+0000] {dag.py:3722} INFO - Setting next_dagrun for example_xcom_args to None, run_after=None
[2023-11-02T23:44:46.229+0000] {logging_mixin.py:151} INFO - [2023-11-02T23:44:46.229+0000] {dag.py:3722} INFO - Setting next_dagrun for example_xcom_args_with_operators to None, run_after=None
[2023-11-02T23:44:46.253+0000] {processor.py:179} INFO - Processing /home/airflow/.local/lib/python3.8/site-packages/airflow/example_dags/example_xcomargs.py took 0.102 seconds
[2023-11-02T23:45:16.717+0000] {processor.py:157} INFO - Started process (PID=2051) to work on /home/airflow/.local/lib/python3.8/site-packages/airflow/example_dags/example_xcomargs.py
[2023-11-02T23:45:16.718+0000] {processor.py:829} INFO - Processing file /home/airflow/.local/lib/python3.8/site-packages/airflow/example_dags/example_xcomargs.py for tasks to queue
[2023-11-02T23:45:16.723+0000] {logging_mixin.py:151} INFO - [2023-11-02T23:45:16.722+0000] {dagbag.py:536} INFO - Filling up the DagBag from /home/airflow/.local/lib/python3.8/site-packages/airflow/example_dags/example_xcomargs.py
[2023-11-02T23:45:16.733+0000] {processor.py:839} INFO - DAG(s) dict_keys(['example_xcom_args', 'example_xcom_args_with_operators']) retrieved from /home/airflow/.local/lib/python3.8/site-packages/airflow/example_dags/example_xcomargs.py
[2023-11-02T23:45:16.768+0000] {logging_mixin.py:151} INFO - [2023-11-02T23:45:16.768+0000] {dag.py:2941} INFO - Sync 2 DAGs
[2023-11-02T23:45:16.784+0000] {logging_mixin.py:151} INFO - [2023-11-02T23:45:16.784+0000] {dag.py:3722} INFO - Setting next_dagrun for example_xcom_args to None, run_after=None
[2023-11-02T23:45:16.792+0000] {logging_mixin.py:151} INFO - [2023-11-02T23:45:16.792+0000] {dag.py:3722} INFO - Setting next_dagrun for example_xcom_args_with_operators to None, run_after=None
[2023-11-02T23:45:16.817+0000] {processor.py:179} INFO - Processing /home/airflow/.local/lib/python3.8/site-packages/airflow/example_dags/example_xcomargs.py took 0.105 seconds
[2023-11-02T23:45:46.973+0000] {processor.py:157} INFO - Started process (PID=2105) to work on /home/airflow/.local/lib/python3.8/site-packages/airflow/example_dags/example_xcomargs.py
[2023-11-02T23:45:46.973+0000] {processor.py:829} INFO - Processing file /home/airflow/.local/lib/python3.8/site-packages/airflow/example_dags/example_xcomargs.py for tasks to queue
[2023-11-02T23:45:46.976+0000] {logging_mixin.py:151} INFO - [2023-11-02T23:45:46.976+0000] {dagbag.py:536} INFO - Filling up the DagBag from /home/airflow/.local/lib/python3.8/site-packages/airflow/example_dags/example_xcomargs.py
[2023-11-02T23:45:46.989+0000] {processor.py:839} INFO - DAG(s) dict_keys(['example_xcom_args', 'example_xcom_args_with_operators']) retrieved from /home/airflow/.local/lib/python3.8/site-packages/airflow/example_dags/example_xcomargs.py
[2023-11-02T23:45:47.035+0000] {logging_mixin.py:151} INFO - [2023-11-02T23:45:47.035+0000] {dag.py:2941} INFO - Sync 2 DAGs
[2023-11-02T23:45:47.052+0000] {logging_mixin.py:151} INFO - [2023-11-02T23:45:47.052+0000] {dag.py:3722} INFO - Setting next_dagrun for example_xcom_args to None, run_after=None
[2023-11-02T23:45:47.057+0000] {logging_mixin.py:151} INFO - [2023-11-02T23:45:47.056+0000] {dag.py:3722} INFO - Setting next_dagrun for example_xcom_args_with_operators to None, run_after=None
[2023-11-02T23:45:47.084+0000] {processor.py:179} INFO - Processing /home/airflow/.local/lib/python3.8/site-packages/airflow/example_dags/example_xcomargs.py took 0.116 seconds
[2023-11-02T23:46:17.207+0000] {processor.py:157} INFO - Started process (PID=2159) to work on /home/airflow/.local/lib/python3.8/site-packages/airflow/example_dags/example_xcomargs.py
[2023-11-02T23:46:17.209+0000] {processor.py:829} INFO - Processing file /home/airflow/.local/lib/python3.8/site-packages/airflow/example_dags/example_xcomargs.py for tasks to queue
[2023-11-02T23:46:17.211+0000] {logging_mixin.py:151} INFO - [2023-11-02T23:46:17.211+0000] {dagbag.py:536} INFO - Filling up the DagBag from /home/airflow/.local/lib/python3.8/site-packages/airflow/example_dags/example_xcomargs.py
[2023-11-02T23:46:17.220+0000] {processor.py:839} INFO - DAG(s) dict_keys(['example_xcom_args_with_operators', 'example_xcom_args']) retrieved from /home/airflow/.local/lib/python3.8/site-packages/airflow/example_dags/example_xcomargs.py
[2023-11-02T23:46:17.256+0000] {logging_mixin.py:151} INFO - [2023-11-02T23:46:17.255+0000] {dag.py:2941} INFO - Sync 2 DAGs
[2023-11-02T23:46:17.272+0000] {logging_mixin.py:151} INFO - [2023-11-02T23:46:17.272+0000] {dag.py:3722} INFO - Setting next_dagrun for example_xcom_args to None, run_after=None
[2023-11-02T23:46:17.277+0000] {logging_mixin.py:151} INFO - [2023-11-02T23:46:17.276+0000] {dag.py:3722} INFO - Setting next_dagrun for example_xcom_args_with_operators to None, run_after=None
[2023-11-02T23:46:17.304+0000] {processor.py:179} INFO - Processing /home/airflow/.local/lib/python3.8/site-packages/airflow/example_dags/example_xcomargs.py took 0.101 seconds
[2023-11-02T23:46:47.551+0000] {processor.py:157} INFO - Started process (PID=2213) to work on /home/airflow/.local/lib/python3.8/site-packages/airflow/example_dags/example_xcomargs.py
[2023-11-02T23:46:47.552+0000] {processor.py:829} INFO - Processing file /home/airflow/.local/lib/python3.8/site-packages/airflow/example_dags/example_xcomargs.py for tasks to queue
[2023-11-02T23:46:47.555+0000] {logging_mixin.py:151} INFO - [2023-11-02T23:46:47.554+0000] {dagbag.py:536} INFO - Filling up the DagBag from /home/airflow/.local/lib/python3.8/site-packages/airflow/example_dags/example_xcomargs.py
[2023-11-02T23:46:47.564+0000] {processor.py:839} INFO - DAG(s) dict_keys(['example_xcom_args', 'example_xcom_args_with_operators']) retrieved from /home/airflow/.local/lib/python3.8/site-packages/airflow/example_dags/example_xcomargs.py
[2023-11-02T23:46:47.605+0000] {logging_mixin.py:151} INFO - [2023-11-02T23:46:47.604+0000] {dag.py:2941} INFO - Sync 2 DAGs
[2023-11-02T23:46:47.622+0000] {logging_mixin.py:151} INFO - [2023-11-02T23:46:47.621+0000] {dag.py:3722} INFO - Setting next_dagrun for example_xcom_args to None, run_after=None
[2023-11-02T23:46:47.626+0000] {logging_mixin.py:151} INFO - [2023-11-02T23:46:47.626+0000] {dag.py:3722} INFO - Setting next_dagrun for example_xcom_args_with_operators to None, run_after=None
[2023-11-02T23:46:47.659+0000] {processor.py:179} INFO - Processing /home/airflow/.local/lib/python3.8/site-packages/airflow/example_dags/example_xcomargs.py took 0.112 seconds
[2023-11-02T23:47:18.643+0000] {processor.py:157} INFO - Started process (PID=2266) to work on /home/airflow/.local/lib/python3.8/site-packages/airflow/example_dags/example_xcomargs.py
[2023-11-02T23:47:18.644+0000] {processor.py:829} INFO - Processing file /home/airflow/.local/lib/python3.8/site-packages/airflow/example_dags/example_xcomargs.py for tasks to queue
[2023-11-02T23:47:18.647+0000] {logging_mixin.py:151} INFO - [2023-11-02T23:47:18.646+0000] {dagbag.py:536} INFO - Filling up the DagBag from /home/airflow/.local/lib/python3.8/site-packages/airflow/example_dags/example_xcomargs.py
[2023-11-02T23:47:18.656+0000] {processor.py:839} INFO - DAG(s) dict_keys(['example_xcom_args_with_operators', 'example_xcom_args']) retrieved from /home/airflow/.local/lib/python3.8/site-packages/airflow/example_dags/example_xcomargs.py
[2023-11-02T23:47:18.691+0000] {logging_mixin.py:151} INFO - [2023-11-02T23:47:18.691+0000] {dag.py:2941} INFO - Sync 2 DAGs
[2023-11-02T23:47:18.708+0000] {logging_mixin.py:151} INFO - [2023-11-02T23:47:18.707+0000] {dag.py:3722} INFO - Setting next_dagrun for example_xcom_args to None, run_after=None
[2023-11-02T23:47:18.712+0000] {logging_mixin.py:151} INFO - [2023-11-02T23:47:18.712+0000] {dag.py:3722} INFO - Setting next_dagrun for example_xcom_args_with_operators to None, run_after=None
[2023-11-02T23:47:18.739+0000] {processor.py:179} INFO - Processing /home/airflow/.local/lib/python3.8/site-packages/airflow/example_dags/example_xcomargs.py took 0.100 seconds
[2023-11-02T23:47:49.049+0000] {processor.py:157} INFO - Started process (PID=2320) to work on /home/airflow/.local/lib/python3.8/site-packages/airflow/example_dags/example_xcomargs.py
[2023-11-02T23:47:49.050+0000] {processor.py:829} INFO - Processing file /home/airflow/.local/lib/python3.8/site-packages/airflow/example_dags/example_xcomargs.py for tasks to queue
[2023-11-02T23:47:49.052+0000] {logging_mixin.py:151} INFO - [2023-11-02T23:47:49.052+0000] {dagbag.py:536} INFO - Filling up the DagBag from /home/airflow/.local/lib/python3.8/site-packages/airflow/example_dags/example_xcomargs.py
[2023-11-02T23:47:49.061+0000] {processor.py:839} INFO - DAG(s) dict_keys(['example_xcom_args', 'example_xcom_args_with_operators']) retrieved from /home/airflow/.local/lib/python3.8/site-packages/airflow/example_dags/example_xcomargs.py
[2023-11-02T23:47:49.095+0000] {logging_mixin.py:151} INFO - [2023-11-02T23:47:49.094+0000] {dag.py:2941} INFO - Sync 2 DAGs
[2023-11-02T23:47:49.109+0000] {logging_mixin.py:151} INFO - [2023-11-02T23:47:49.108+0000] {dag.py:3722} INFO - Setting next_dagrun for example_xcom_args to None, run_after=None
[2023-11-02T23:47:49.113+0000] {logging_mixin.py:151} INFO - [2023-11-02T23:47:49.112+0000] {dag.py:3722} INFO - Setting next_dagrun for example_xcom_args_with_operators to None, run_after=None
[2023-11-02T23:47:49.138+0000] {processor.py:179} INFO - Processing /home/airflow/.local/lib/python3.8/site-packages/airflow/example_dags/example_xcomargs.py took 0.092 seconds
[2023-11-02T23:48:59.016+0000] {processor.py:157} INFO - Started process (PID=51) to work on /home/airflow/.local/lib/python3.8/site-packages/airflow/example_dags/example_xcomargs.py
[2023-11-02T23:48:59.019+0000] {processor.py:829} INFO - Processing file /home/airflow/.local/lib/python3.8/site-packages/airflow/example_dags/example_xcomargs.py for tasks to queue
[2023-11-02T23:48:59.022+0000] {logging_mixin.py:151} INFO - [2023-11-02T23:48:59.021+0000] {dagbag.py:536} INFO - Filling up the DagBag from /home/airflow/.local/lib/python3.8/site-packages/airflow/example_dags/example_xcomargs.py
[2023-11-02T23:48:59.038+0000] {processor.py:839} INFO - DAG(s) dict_keys(['example_xcom_args_with_operators', 'example_xcom_args']) retrieved from /home/airflow/.local/lib/python3.8/site-packages/airflow/example_dags/example_xcomargs.py
[2023-11-02T23:48:59.059+0000] {logging_mixin.py:151} INFO - [2023-11-02T23:48:59.059+0000] {dag.py:2941} INFO - Sync 2 DAGs
[2023-11-02T23:48:59.091+0000] {logging_mixin.py:151} INFO - [2023-11-02T23:48:59.091+0000] {dag.py:3722} INFO - Setting next_dagrun for example_xcom_args to None, run_after=None
[2023-11-02T23:48:59.119+0000] {logging_mixin.py:151} INFO - [2023-11-02T23:48:59.119+0000] {dag.py:3722} INFO - Setting next_dagrun for example_xcom_args_with_operators to None, run_after=None
[2023-11-02T23:48:59.215+0000] {processor.py:179} INFO - Processing /home/airflow/.local/lib/python3.8/site-packages/airflow/example_dags/example_xcomargs.py took 0.203 seconds
[2023-11-02T23:49:29.915+0000] {processor.py:157} INFO - Started process (PID=105) to work on /home/airflow/.local/lib/python3.8/site-packages/airflow/example_dags/example_xcomargs.py
[2023-11-02T23:49:29.917+0000] {processor.py:829} INFO - Processing file /home/airflow/.local/lib/python3.8/site-packages/airflow/example_dags/example_xcomargs.py for tasks to queue
[2023-11-02T23:49:29.919+0000] {logging_mixin.py:151} INFO - [2023-11-02T23:49:29.918+0000] {dagbag.py:536} INFO - Filling up the DagBag from /home/airflow/.local/lib/python3.8/site-packages/airflow/example_dags/example_xcomargs.py
[2023-11-02T23:49:29.928+0000] {processor.py:839} INFO - DAG(s) dict_keys(['example_xcom_args', 'example_xcom_args_with_operators']) retrieved from /home/airflow/.local/lib/python3.8/site-packages/airflow/example_dags/example_xcomargs.py
[2023-11-02T23:49:29.970+0000] {logging_mixin.py:151} INFO - [2023-11-02T23:49:29.970+0000] {dag.py:2941} INFO - Sync 2 DAGs
[2023-11-02T23:49:29.987+0000] {logging_mixin.py:151} INFO - [2023-11-02T23:49:29.987+0000] {dag.py:3722} INFO - Setting next_dagrun for example_xcom_args to None, run_after=None
[2023-11-02T23:49:29.992+0000] {logging_mixin.py:151} INFO - [2023-11-02T23:49:29.991+0000] {dag.py:3722} INFO - Setting next_dagrun for example_xcom_args_with_operators to None, run_after=None
[2023-11-02T23:49:30.021+0000] {processor.py:179} INFO - Processing /home/airflow/.local/lib/python3.8/site-packages/airflow/example_dags/example_xcomargs.py took 0.111 seconds
[2023-11-02T23:50:00.145+0000] {processor.py:157} INFO - Started process (PID=159) to work on /home/airflow/.local/lib/python3.8/site-packages/airflow/example_dags/example_xcomargs.py
[2023-11-02T23:50:00.146+0000] {processor.py:829} INFO - Processing file /home/airflow/.local/lib/python3.8/site-packages/airflow/example_dags/example_xcomargs.py for tasks to queue
[2023-11-02T23:50:00.148+0000] {logging_mixin.py:151} INFO - [2023-11-02T23:50:00.148+0000] {dagbag.py:536} INFO - Filling up the DagBag from /home/airflow/.local/lib/python3.8/site-packages/airflow/example_dags/example_xcomargs.py
[2023-11-02T23:50:00.158+0000] {processor.py:839} INFO - DAG(s) dict_keys(['example_xcom_args_with_operators', 'example_xcom_args']) retrieved from /home/airflow/.local/lib/python3.8/site-packages/airflow/example_dags/example_xcomargs.py
[2023-11-02T23:50:00.190+0000] {logging_mixin.py:151} INFO - [2023-11-02T23:50:00.190+0000] {dag.py:2941} INFO - Sync 2 DAGs
[2023-11-02T23:50:00.205+0000] {logging_mixin.py:151} INFO - [2023-11-02T23:50:00.205+0000] {dag.py:3722} INFO - Setting next_dagrun for example_xcom_args to None, run_after=None
[2023-11-02T23:50:00.209+0000] {logging_mixin.py:151} INFO - [2023-11-02T23:50:00.209+0000] {dag.py:3722} INFO - Setting next_dagrun for example_xcom_args_with_operators to None, run_after=None
[2023-11-02T23:50:00.234+0000] {processor.py:179} INFO - Processing /home/airflow/.local/lib/python3.8/site-packages/airflow/example_dags/example_xcomargs.py took 0.093 seconds
[2023-11-02T23:50:30.662+0000] {processor.py:157} INFO - Started process (PID=213) to work on /home/airflow/.local/lib/python3.8/site-packages/airflow/example_dags/example_xcomargs.py
[2023-11-02T23:50:30.664+0000] {processor.py:829} INFO - Processing file /home/airflow/.local/lib/python3.8/site-packages/airflow/example_dags/example_xcomargs.py for tasks to queue
[2023-11-02T23:50:30.665+0000] {logging_mixin.py:151} INFO - [2023-11-02T23:50:30.665+0000] {dagbag.py:536} INFO - Filling up the DagBag from /home/airflow/.local/lib/python3.8/site-packages/airflow/example_dags/example_xcomargs.py
[2023-11-02T23:50:30.673+0000] {processor.py:839} INFO - DAG(s) dict_keys(['example_xcom_args_with_operators', 'example_xcom_args']) retrieved from /home/airflow/.local/lib/python3.8/site-packages/airflow/example_dags/example_xcomargs.py
[2023-11-02T23:50:30.706+0000] {logging_mixin.py:151} INFO - [2023-11-02T23:50:30.706+0000] {dag.py:2941} INFO - Sync 2 DAGs
[2023-11-02T23:50:30.720+0000] {logging_mixin.py:151} INFO - [2023-11-02T23:50:30.720+0000] {dag.py:3722} INFO - Setting next_dagrun for example_xcom_args to None, run_after=None
[2023-11-02T23:50:30.724+0000] {logging_mixin.py:151} INFO - [2023-11-02T23:50:30.724+0000] {dag.py:3722} INFO - Setting next_dagrun for example_xcom_args_with_operators to None, run_after=None
[2023-11-02T23:50:30.749+0000] {processor.py:179} INFO - Processing /home/airflow/.local/lib/python3.8/site-packages/airflow/example_dags/example_xcomargs.py took 0.091 seconds
[2023-11-02T23:51:01.104+0000] {processor.py:157} INFO - Started process (PID=267) to work on /home/airflow/.local/lib/python3.8/site-packages/airflow/example_dags/example_xcomargs.py
[2023-11-02T23:51:01.106+0000] {processor.py:829} INFO - Processing file /home/airflow/.local/lib/python3.8/site-packages/airflow/example_dags/example_xcomargs.py for tasks to queue
[2023-11-02T23:51:01.108+0000] {logging_mixin.py:151} INFO - [2023-11-02T23:51:01.108+0000] {dagbag.py:536} INFO - Filling up the DagBag from /home/airflow/.local/lib/python3.8/site-packages/airflow/example_dags/example_xcomargs.py
[2023-11-02T23:51:01.118+0000] {processor.py:839} INFO - DAG(s) dict_keys(['example_xcom_args_with_operators', 'example_xcom_args']) retrieved from /home/airflow/.local/lib/python3.8/site-packages/airflow/example_dags/example_xcomargs.py
[2023-11-02T23:51:01.156+0000] {logging_mixin.py:151} INFO - [2023-11-02T23:51:01.155+0000] {dag.py:2941} INFO - Sync 2 DAGs
[2023-11-02T23:51:01.174+0000] {logging_mixin.py:151} INFO - [2023-11-02T23:51:01.174+0000] {dag.py:3722} INFO - Setting next_dagrun for example_xcom_args to None, run_after=None
[2023-11-02T23:51:01.179+0000] {logging_mixin.py:151} INFO - [2023-11-02T23:51:01.179+0000] {dag.py:3722} INFO - Setting next_dagrun for example_xcom_args_with_operators to None, run_after=None
[2023-11-02T23:51:01.202+0000] {processor.py:179} INFO - Processing /home/airflow/.local/lib/python3.8/site-packages/airflow/example_dags/example_xcomargs.py took 0.101 seconds
[2023-11-02T23:51:31.404+0000] {processor.py:157} INFO - Started process (PID=321) to work on /home/airflow/.local/lib/python3.8/site-packages/airflow/example_dags/example_xcomargs.py
[2023-11-02T23:51:31.405+0000] {processor.py:829} INFO - Processing file /home/airflow/.local/lib/python3.8/site-packages/airflow/example_dags/example_xcomargs.py for tasks to queue
[2023-11-02T23:51:31.407+0000] {logging_mixin.py:151} INFO - [2023-11-02T23:51:31.407+0000] {dagbag.py:536} INFO - Filling up the DagBag from /home/airflow/.local/lib/python3.8/site-packages/airflow/example_dags/example_xcomargs.py
[2023-11-02T23:51:31.416+0000] {processor.py:839} INFO - DAG(s) dict_keys(['example_xcom_args_with_operators', 'example_xcom_args']) retrieved from /home/airflow/.local/lib/python3.8/site-packages/airflow/example_dags/example_xcomargs.py
[2023-11-02T23:51:31.448+0000] {logging_mixin.py:151} INFO - [2023-11-02T23:51:31.447+0000] {dag.py:2941} INFO - Sync 2 DAGs
[2023-11-02T23:51:31.463+0000] {logging_mixin.py:151} INFO - [2023-11-02T23:51:31.463+0000] {dag.py:3722} INFO - Setting next_dagrun for example_xcom_args to None, run_after=None
[2023-11-02T23:51:31.467+0000] {logging_mixin.py:151} INFO - [2023-11-02T23:51:31.467+0000] {dag.py:3722} INFO - Setting next_dagrun for example_xcom_args_with_operators to None, run_after=None
[2023-11-02T23:51:31.499+0000] {processor.py:179} INFO - Processing /home/airflow/.local/lib/python3.8/site-packages/airflow/example_dags/example_xcomargs.py took 0.098 seconds
[2023-11-02T23:52:01.650+0000] {processor.py:157} INFO - Started process (PID=375) to work on /home/airflow/.local/lib/python3.8/site-packages/airflow/example_dags/example_xcomargs.py
[2023-11-02T23:52:01.651+0000] {processor.py:829} INFO - Processing file /home/airflow/.local/lib/python3.8/site-packages/airflow/example_dags/example_xcomargs.py for tasks to queue
[2023-11-02T23:52:01.654+0000] {logging_mixin.py:151} INFO - [2023-11-02T23:52:01.654+0000] {dagbag.py:536} INFO - Filling up the DagBag from /home/airflow/.local/lib/python3.8/site-packages/airflow/example_dags/example_xcomargs.py
[2023-11-02T23:52:01.664+0000] {processor.py:839} INFO - DAG(s) dict_keys(['example_xcom_args', 'example_xcom_args_with_operators']) retrieved from /home/airflow/.local/lib/python3.8/site-packages/airflow/example_dags/example_xcomargs.py
[2023-11-02T23:52:01.695+0000] {logging_mixin.py:151} INFO - [2023-11-02T23:52:01.695+0000] {dag.py:2941} INFO - Sync 2 DAGs
[2023-11-02T23:52:01.711+0000] {logging_mixin.py:151} INFO - [2023-11-02T23:52:01.710+0000] {dag.py:3722} INFO - Setting next_dagrun for example_xcom_args to None, run_after=None
[2023-11-02T23:52:01.716+0000] {logging_mixin.py:151} INFO - [2023-11-02T23:52:01.716+0000] {dag.py:3722} INFO - Setting next_dagrun for example_xcom_args_with_operators to None, run_after=None
[2023-11-02T23:52:01.756+0000] {processor.py:179} INFO - Processing /home/airflow/.local/lib/python3.8/site-packages/airflow/example_dags/example_xcomargs.py took 0.109 seconds
[2023-11-02T23:52:31.849+0000] {processor.py:157} INFO - Started process (PID=429) to work on /home/airflow/.local/lib/python3.8/site-packages/airflow/example_dags/example_xcomargs.py
[2023-11-02T23:52:31.850+0000] {processor.py:829} INFO - Processing file /home/airflow/.local/lib/python3.8/site-packages/airflow/example_dags/example_xcomargs.py for tasks to queue
[2023-11-02T23:52:31.852+0000] {logging_mixin.py:151} INFO - [2023-11-02T23:52:31.852+0000] {dagbag.py:536} INFO - Filling up the DagBag from /home/airflow/.local/lib/python3.8/site-packages/airflow/example_dags/example_xcomargs.py
[2023-11-02T23:52:31.860+0000] {processor.py:839} INFO - DAG(s) dict_keys(['example_xcom_args', 'example_xcom_args_with_operators']) retrieved from /home/airflow/.local/lib/python3.8/site-packages/airflow/example_dags/example_xcomargs.py
[2023-11-02T23:52:31.890+0000] {logging_mixin.py:151} INFO - [2023-11-02T23:52:31.890+0000] {dag.py:2941} INFO - Sync 2 DAGs
[2023-11-02T23:52:31.908+0000] {logging_mixin.py:151} INFO - [2023-11-02T23:52:31.907+0000] {dag.py:3722} INFO - Setting next_dagrun for example_xcom_args to None, run_after=None
[2023-11-02T23:52:31.914+0000] {logging_mixin.py:151} INFO - [2023-11-02T23:52:31.913+0000] {dag.py:3722} INFO - Setting next_dagrun for example_xcom_args_with_operators to None, run_after=None
[2023-11-02T23:52:31.935+0000] {processor.py:179} INFO - Processing /home/airflow/.local/lib/python3.8/site-packages/airflow/example_dags/example_xcomargs.py took 0.089 seconds
[2023-11-02T23:53:02.082+0000] {processor.py:157} INFO - Started process (PID=483) to work on /home/airflow/.local/lib/python3.8/site-packages/airflow/example_dags/example_xcomargs.py
[2023-11-02T23:53:02.083+0000] {processor.py:829} INFO - Processing file /home/airflow/.local/lib/python3.8/site-packages/airflow/example_dags/example_xcomargs.py for tasks to queue
[2023-11-02T23:53:02.085+0000] {logging_mixin.py:151} INFO - [2023-11-02T23:53:02.085+0000] {dagbag.py:536} INFO - Filling up the DagBag from /home/airflow/.local/lib/python3.8/site-packages/airflow/example_dags/example_xcomargs.py
[2023-11-02T23:53:02.094+0000] {processor.py:839} INFO - DAG(s) dict_keys(['example_xcom_args', 'example_xcom_args_with_operators']) retrieved from /home/airflow/.local/lib/python3.8/site-packages/airflow/example_dags/example_xcomargs.py
[2023-11-02T23:53:02.124+0000] {logging_mixin.py:151} INFO - [2023-11-02T23:53:02.124+0000] {dag.py:2941} INFO - Sync 2 DAGs
[2023-11-02T23:53:02.139+0000] {logging_mixin.py:151} INFO - [2023-11-02T23:53:02.139+0000] {dag.py:3722} INFO - Setting next_dagrun for example_xcom_args to None, run_after=None
[2023-11-02T23:53:02.143+0000] {logging_mixin.py:151} INFO - [2023-11-02T23:53:02.143+0000] {dag.py:3722} INFO - Setting next_dagrun for example_xcom_args_with_operators to None, run_after=None
[2023-11-02T23:53:02.166+0000] {processor.py:179} INFO - Processing /home/airflow/.local/lib/python3.8/site-packages/airflow/example_dags/example_xcomargs.py took 0.088 seconds
[2023-11-02T23:53:32.369+0000] {processor.py:157} INFO - Started process (PID=537) to work on /home/airflow/.local/lib/python3.8/site-packages/airflow/example_dags/example_xcomargs.py
[2023-11-02T23:53:32.370+0000] {processor.py:829} INFO - Processing file /home/airflow/.local/lib/python3.8/site-packages/airflow/example_dags/example_xcomargs.py for tasks to queue
[2023-11-02T23:53:32.372+0000] {logging_mixin.py:151} INFO - [2023-11-02T23:53:32.371+0000] {dagbag.py:536} INFO - Filling up the DagBag from /home/airflow/.local/lib/python3.8/site-packages/airflow/example_dags/example_xcomargs.py
[2023-11-02T23:53:32.380+0000] {processor.py:839} INFO - DAG(s) dict_keys(['example_xcom_args', 'example_xcom_args_with_operators']) retrieved from /home/airflow/.local/lib/python3.8/site-packages/airflow/example_dags/example_xcomargs.py
[2023-11-02T23:53:32.418+0000] {logging_mixin.py:151} INFO - [2023-11-02T23:53:32.418+0000] {dag.py:2941} INFO - Sync 2 DAGs
[2023-11-02T23:53:32.431+0000] {logging_mixin.py:151} INFO - [2023-11-02T23:53:32.431+0000] {dag.py:3722} INFO - Setting next_dagrun for example_xcom_args to None, run_after=None
[2023-11-02T23:53:32.435+0000] {logging_mixin.py:151} INFO - [2023-11-02T23:53:32.435+0000] {dag.py:3722} INFO - Setting next_dagrun for example_xcom_args_with_operators to None, run_after=None
[2023-11-02T23:53:32.461+0000] {processor.py:179} INFO - Processing /home/airflow/.local/lib/python3.8/site-packages/airflow/example_dags/example_xcomargs.py took 0.096 seconds
[2023-11-02T23:54:02.667+0000] {processor.py:157} INFO - Started process (PID=591) to work on /home/airflow/.local/lib/python3.8/site-packages/airflow/example_dags/example_xcomargs.py
[2023-11-02T23:54:02.668+0000] {processor.py:829} INFO - Processing file /home/airflow/.local/lib/python3.8/site-packages/airflow/example_dags/example_xcomargs.py for tasks to queue
[2023-11-02T23:54:02.670+0000] {logging_mixin.py:151} INFO - [2023-11-02T23:54:02.670+0000] {dagbag.py:536} INFO - Filling up the DagBag from /home/airflow/.local/lib/python3.8/site-packages/airflow/example_dags/example_xcomargs.py
[2023-11-02T23:54:02.678+0000] {processor.py:839} INFO - DAG(s) dict_keys(['example_xcom_args_with_operators', 'example_xcom_args']) retrieved from /home/airflow/.local/lib/python3.8/site-packages/airflow/example_dags/example_xcomargs.py
[2023-11-02T23:54:02.712+0000] {logging_mixin.py:151} INFO - [2023-11-02T23:54:02.711+0000] {dag.py:2941} INFO - Sync 2 DAGs
[2023-11-02T23:54:02.728+0000] {logging_mixin.py:151} INFO - [2023-11-02T23:54:02.728+0000] {dag.py:3722} INFO - Setting next_dagrun for example_xcom_args to None, run_after=None
[2023-11-02T23:54:02.732+0000] {logging_mixin.py:151} INFO - [2023-11-02T23:54:02.732+0000] {dag.py:3722} INFO - Setting next_dagrun for example_xcom_args_with_operators to None, run_after=None
[2023-11-02T23:54:02.756+0000] {processor.py:179} INFO - Processing /home/airflow/.local/lib/python3.8/site-packages/airflow/example_dags/example_xcomargs.py took 0.093 seconds
[2023-11-02T23:54:32.962+0000] {processor.py:157} INFO - Started process (PID=646) to work on /home/airflow/.local/lib/python3.8/site-packages/airflow/example_dags/example_xcomargs.py
[2023-11-02T23:54:32.963+0000] {processor.py:829} INFO - Processing file /home/airflow/.local/lib/python3.8/site-packages/airflow/example_dags/example_xcomargs.py for tasks to queue
[2023-11-02T23:54:32.965+0000] {logging_mixin.py:151} INFO - [2023-11-02T23:54:32.965+0000] {dagbag.py:536} INFO - Filling up the DagBag from /home/airflow/.local/lib/python3.8/site-packages/airflow/example_dags/example_xcomargs.py
[2023-11-02T23:54:32.974+0000] {processor.py:839} INFO - DAG(s) dict_keys(['example_xcom_args_with_operators', 'example_xcom_args']) retrieved from /home/airflow/.local/lib/python3.8/site-packages/airflow/example_dags/example_xcomargs.py
[2023-11-02T23:54:33.014+0000] {logging_mixin.py:151} INFO - [2023-11-02T23:54:33.014+0000] {dag.py:2941} INFO - Sync 2 DAGs
[2023-11-02T23:54:33.030+0000] {logging_mixin.py:151} INFO - [2023-11-02T23:54:33.030+0000] {dag.py:3722} INFO - Setting next_dagrun for example_xcom_args to None, run_after=None
[2023-11-02T23:54:33.036+0000] {logging_mixin.py:151} INFO - [2023-11-02T23:54:33.035+0000] {dag.py:3722} INFO - Setting next_dagrun for example_xcom_args_with_operators to None, run_after=None
[2023-11-02T23:54:33.069+0000] {processor.py:179} INFO - Processing /home/airflow/.local/lib/python3.8/site-packages/airflow/example_dags/example_xcomargs.py took 0.111 seconds
[2023-11-02T23:55:03.704+0000] {processor.py:157} INFO - Started process (PID=699) to work on /home/airflow/.local/lib/python3.8/site-packages/airflow/example_dags/example_xcomargs.py
[2023-11-02T23:55:03.705+0000] {processor.py:829} INFO - Processing file /home/airflow/.local/lib/python3.8/site-packages/airflow/example_dags/example_xcomargs.py for tasks to queue
[2023-11-02T23:55:03.708+0000] {logging_mixin.py:151} INFO - [2023-11-02T23:55:03.707+0000] {dagbag.py:536} INFO - Filling up the DagBag from /home/airflow/.local/lib/python3.8/site-packages/airflow/example_dags/example_xcomargs.py
[2023-11-02T23:55:03.717+0000] {processor.py:839} INFO - DAG(s) dict_keys(['example_xcom_args', 'example_xcom_args_with_operators']) retrieved from /home/airflow/.local/lib/python3.8/site-packages/airflow/example_dags/example_xcomargs.py
[2023-11-02T23:55:03.753+0000] {logging_mixin.py:151} INFO - [2023-11-02T23:55:03.753+0000] {dag.py:2941} INFO - Sync 2 DAGs
[2023-11-02T23:55:03.769+0000] {logging_mixin.py:151} INFO - [2023-11-02T23:55:03.769+0000] {dag.py:3722} INFO - Setting next_dagrun for example_xcom_args to None, run_after=None
[2023-11-02T23:55:03.774+0000] {logging_mixin.py:151} INFO - [2023-11-02T23:55:03.774+0000] {dag.py:3722} INFO - Setting next_dagrun for example_xcom_args_with_operators to None, run_after=None
[2023-11-02T23:55:03.806+0000] {processor.py:179} INFO - Processing /home/airflow/.local/lib/python3.8/site-packages/airflow/example_dags/example_xcomargs.py took 0.107 seconds
[2023-11-02T23:55:33.852+0000] {processor.py:157} INFO - Started process (PID=753) to work on /home/airflow/.local/lib/python3.8/site-packages/airflow/example_dags/example_xcomargs.py
[2023-11-02T23:55:33.853+0000] {processor.py:829} INFO - Processing file /home/airflow/.local/lib/python3.8/site-packages/airflow/example_dags/example_xcomargs.py for tasks to queue
[2023-11-02T23:55:33.855+0000] {logging_mixin.py:151} INFO - [2023-11-02T23:55:33.855+0000] {dagbag.py:536} INFO - Filling up the DagBag from /home/airflow/.local/lib/python3.8/site-packages/airflow/example_dags/example_xcomargs.py
[2023-11-02T23:55:33.863+0000] {processor.py:839} INFO - DAG(s) dict_keys(['example_xcom_args_with_operators', 'example_xcom_args']) retrieved from /home/airflow/.local/lib/python3.8/site-packages/airflow/example_dags/example_xcomargs.py
[2023-11-02T23:55:33.895+0000] {logging_mixin.py:151} INFO - [2023-11-02T23:55:33.895+0000] {dag.py:2941} INFO - Sync 2 DAGs
[2023-11-02T23:55:33.910+0000] {logging_mixin.py:151} INFO - [2023-11-02T23:55:33.909+0000] {dag.py:3722} INFO - Setting next_dagrun for example_xcom_args to None, run_after=None
[2023-11-02T23:55:33.914+0000] {logging_mixin.py:151} INFO - [2023-11-02T23:55:33.914+0000] {dag.py:3722} INFO - Setting next_dagrun for example_xcom_args_with_operators to None, run_after=None
[2023-11-02T23:55:33.938+0000] {processor.py:179} INFO - Processing /home/airflow/.local/lib/python3.8/site-packages/airflow/example_dags/example_xcomargs.py took 0.089 seconds
[2023-11-02T23:56:04.199+0000] {processor.py:157} INFO - Started process (PID=807) to work on /home/airflow/.local/lib/python3.8/site-packages/airflow/example_dags/example_xcomargs.py
[2023-11-02T23:56:04.201+0000] {processor.py:829} INFO - Processing file /home/airflow/.local/lib/python3.8/site-packages/airflow/example_dags/example_xcomargs.py for tasks to queue
[2023-11-02T23:56:04.203+0000] {logging_mixin.py:151} INFO - [2023-11-02T23:56:04.203+0000] {dagbag.py:536} INFO - Filling up the DagBag from /home/airflow/.local/lib/python3.8/site-packages/airflow/example_dags/example_xcomargs.py
[2023-11-02T23:56:04.213+0000] {processor.py:839} INFO - DAG(s) dict_keys(['example_xcom_args_with_operators', 'example_xcom_args']) retrieved from /home/airflow/.local/lib/python3.8/site-packages/airflow/example_dags/example_xcomargs.py
[2023-11-02T23:56:04.254+0000] {logging_mixin.py:151} INFO - [2023-11-02T23:56:04.254+0000] {dag.py:2941} INFO - Sync 2 DAGs
[2023-11-02T23:56:04.278+0000] {logging_mixin.py:151} INFO - [2023-11-02T23:56:04.277+0000] {dag.py:3722} INFO - Setting next_dagrun for example_xcom_args to None, run_after=None
[2023-11-02T23:56:04.282+0000] {logging_mixin.py:151} INFO - [2023-11-02T23:56:04.282+0000] {dag.py:3722} INFO - Setting next_dagrun for example_xcom_args_with_operators to None, run_after=None
[2023-11-02T23:56:04.305+0000] {processor.py:179} INFO - Processing /home/airflow/.local/lib/python3.8/site-packages/airflow/example_dags/example_xcomargs.py took 0.109 seconds
[2023-11-02T23:56:35.225+0000] {processor.py:157} INFO - Started process (PID=861) to work on /home/airflow/.local/lib/python3.8/site-packages/airflow/example_dags/example_xcomargs.py
[2023-11-02T23:56:35.226+0000] {processor.py:829} INFO - Processing file /home/airflow/.local/lib/python3.8/site-packages/airflow/example_dags/example_xcomargs.py for tasks to queue
[2023-11-02T23:56:35.229+0000] {logging_mixin.py:151} INFO - [2023-11-02T23:56:35.228+0000] {dagbag.py:536} INFO - Filling up the DagBag from /home/airflow/.local/lib/python3.8/site-packages/airflow/example_dags/example_xcomargs.py
[2023-11-02T23:56:35.239+0000] {processor.py:839} INFO - DAG(s) dict_keys(['example_xcom_args', 'example_xcom_args_with_operators']) retrieved from /home/airflow/.local/lib/python3.8/site-packages/airflow/example_dags/example_xcomargs.py
[2023-11-02T23:56:35.272+0000] {logging_mixin.py:151} INFO - [2023-11-02T23:56:35.272+0000] {dag.py:2941} INFO - Sync 2 DAGs
[2023-11-02T23:56:35.287+0000] {logging_mixin.py:151} INFO - [2023-11-02T23:56:35.286+0000] {dag.py:3722} INFO - Setting next_dagrun for example_xcom_args to None, run_after=None
[2023-11-02T23:56:35.291+0000] {logging_mixin.py:151} INFO - [2023-11-02T23:56:35.291+0000] {dag.py:3722} INFO - Setting next_dagrun for example_xcom_args_with_operators to None, run_after=None
[2023-11-02T23:56:35.318+0000] {processor.py:179} INFO - Processing /home/airflow/.local/lib/python3.8/site-packages/airflow/example_dags/example_xcomargs.py took 0.097 seconds
[2023-11-02T23:57:05.677+0000] {processor.py:157} INFO - Started process (PID=915) to work on /home/airflow/.local/lib/python3.8/site-packages/airflow/example_dags/example_xcomargs.py
[2023-11-02T23:57:05.678+0000] {processor.py:829} INFO - Processing file /home/airflow/.local/lib/python3.8/site-packages/airflow/example_dags/example_xcomargs.py for tasks to queue
[2023-11-02T23:57:05.680+0000] {logging_mixin.py:151} INFO - [2023-11-02T23:57:05.680+0000] {dagbag.py:536} INFO - Filling up the DagBag from /home/airflow/.local/lib/python3.8/site-packages/airflow/example_dags/example_xcomargs.py
[2023-11-02T23:57:05.689+0000] {processor.py:839} INFO - DAG(s) dict_keys(['example_xcom_args_with_operators', 'example_xcom_args']) retrieved from /home/airflow/.local/lib/python3.8/site-packages/airflow/example_dags/example_xcomargs.py
[2023-11-02T23:57:05.725+0000] {logging_mixin.py:151} INFO - [2023-11-02T23:57:05.724+0000] {dag.py:2941} INFO - Sync 2 DAGs
[2023-11-02T23:57:05.740+0000] {logging_mixin.py:151} INFO - [2023-11-02T23:57:05.739+0000] {dag.py:3722} INFO - Setting next_dagrun for example_xcom_args to None, run_after=None
[2023-11-02T23:57:05.745+0000] {logging_mixin.py:151} INFO - [2023-11-02T23:57:05.745+0000] {dag.py:3722} INFO - Setting next_dagrun for example_xcom_args_with_operators to None, run_after=None
[2023-11-02T23:57:05.774+0000] {processor.py:179} INFO - Processing /home/airflow/.local/lib/python3.8/site-packages/airflow/example_dags/example_xcomargs.py took 0.101 seconds
[2023-11-02T23:57:36.095+0000] {processor.py:157} INFO - Started process (PID=969) to work on /home/airflow/.local/lib/python3.8/site-packages/airflow/example_dags/example_xcomargs.py
[2023-11-02T23:57:36.096+0000] {processor.py:829} INFO - Processing file /home/airflow/.local/lib/python3.8/site-packages/airflow/example_dags/example_xcomargs.py for tasks to queue
[2023-11-02T23:57:36.098+0000] {logging_mixin.py:151} INFO - [2023-11-02T23:57:36.098+0000] {dagbag.py:536} INFO - Filling up the DagBag from /home/airflow/.local/lib/python3.8/site-packages/airflow/example_dags/example_xcomargs.py
[2023-11-02T23:57:36.107+0000] {processor.py:839} INFO - DAG(s) dict_keys(['example_xcom_args', 'example_xcom_args_with_operators']) retrieved from /home/airflow/.local/lib/python3.8/site-packages/airflow/example_dags/example_xcomargs.py
[2023-11-02T23:57:36.139+0000] {logging_mixin.py:151} INFO - [2023-11-02T23:57:36.139+0000] {dag.py:2941} INFO - Sync 2 DAGs
[2023-11-02T23:57:36.155+0000] {logging_mixin.py:151} INFO - [2023-11-02T23:57:36.155+0000] {dag.py:3722} INFO - Setting next_dagrun for example_xcom_args to None, run_after=None
[2023-11-02T23:57:36.160+0000] {logging_mixin.py:151} INFO - [2023-11-02T23:57:36.160+0000] {dag.py:3722} INFO - Setting next_dagrun for example_xcom_args_with_operators to None, run_after=None
[2023-11-02T23:57:36.187+0000] {processor.py:179} INFO - Processing /home/airflow/.local/lib/python3.8/site-packages/airflow/example_dags/example_xcomargs.py took 0.096 seconds
[2023-11-02T23:58:06.464+0000] {processor.py:157} INFO - Started process (PID=1023) to work on /home/airflow/.local/lib/python3.8/site-packages/airflow/example_dags/example_xcomargs.py
[2023-11-02T23:58:06.465+0000] {processor.py:829} INFO - Processing file /home/airflow/.local/lib/python3.8/site-packages/airflow/example_dags/example_xcomargs.py for tasks to queue
[2023-11-02T23:58:06.467+0000] {logging_mixin.py:151} INFO - [2023-11-02T23:58:06.467+0000] {dagbag.py:536} INFO - Filling up the DagBag from /home/airflow/.local/lib/python3.8/site-packages/airflow/example_dags/example_xcomargs.py
[2023-11-02T23:58:06.476+0000] {processor.py:839} INFO - DAG(s) dict_keys(['example_xcom_args', 'example_xcom_args_with_operators']) retrieved from /home/airflow/.local/lib/python3.8/site-packages/airflow/example_dags/example_xcomargs.py
[2023-11-02T23:58:06.515+0000] {logging_mixin.py:151} INFO - [2023-11-02T23:58:06.514+0000] {dag.py:2941} INFO - Sync 2 DAGs
[2023-11-02T23:58:06.538+0000] {logging_mixin.py:151} INFO - [2023-11-02T23:58:06.538+0000] {dag.py:3722} INFO - Setting next_dagrun for example_xcom_args to None, run_after=None
[2023-11-02T23:58:06.543+0000] {logging_mixin.py:151} INFO - [2023-11-02T23:58:06.543+0000] {dag.py:3722} INFO - Setting next_dagrun for example_xcom_args_with_operators to None, run_after=None
[2023-11-02T23:58:06.580+0000] {processor.py:179} INFO - Processing /home/airflow/.local/lib/python3.8/site-packages/airflow/example_dags/example_xcomargs.py took 0.120 seconds
[2023-11-02T23:58:37.042+0000] {processor.py:157} INFO - Started process (PID=1077) to work on /home/airflow/.local/lib/python3.8/site-packages/airflow/example_dags/example_xcomargs.py
[2023-11-02T23:58:37.046+0000] {processor.py:829} INFO - Processing file /home/airflow/.local/lib/python3.8/site-packages/airflow/example_dags/example_xcomargs.py for tasks to queue
[2023-11-02T23:58:37.048+0000] {logging_mixin.py:151} INFO - [2023-11-02T23:58:37.048+0000] {dagbag.py:536} INFO - Filling up the DagBag from /home/airflow/.local/lib/python3.8/site-packages/airflow/example_dags/example_xcomargs.py
[2023-11-02T23:58:37.060+0000] {processor.py:839} INFO - DAG(s) dict_keys(['example_xcom_args', 'example_xcom_args_with_operators']) retrieved from /home/airflow/.local/lib/python3.8/site-packages/airflow/example_dags/example_xcomargs.py
[2023-11-02T23:58:37.098+0000] {logging_mixin.py:151} INFO - [2023-11-02T23:58:37.098+0000] {dag.py:2941} INFO - Sync 2 DAGs
[2023-11-02T23:58:37.114+0000] {logging_mixin.py:151} INFO - [2023-11-02T23:58:37.114+0000] {dag.py:3722} INFO - Setting next_dagrun for example_xcom_args to None, run_after=None
[2023-11-02T23:58:37.119+0000] {logging_mixin.py:151} INFO - [2023-11-02T23:58:37.119+0000] {dag.py:3722} INFO - Setting next_dagrun for example_xcom_args_with_operators to None, run_after=None
[2023-11-02T23:58:37.147+0000] {processor.py:179} INFO - Processing /home/airflow/.local/lib/python3.8/site-packages/airflow/example_dags/example_xcomargs.py took 0.108 seconds
[2023-11-02T23:59:07.592+0000] {processor.py:157} INFO - Started process (PID=1131) to work on /home/airflow/.local/lib/python3.8/site-packages/airflow/example_dags/example_xcomargs.py
[2023-11-02T23:59:07.592+0000] {processor.py:829} INFO - Processing file /home/airflow/.local/lib/python3.8/site-packages/airflow/example_dags/example_xcomargs.py for tasks to queue
[2023-11-02T23:59:07.595+0000] {logging_mixin.py:151} INFO - [2023-11-02T23:59:07.595+0000] {dagbag.py:536} INFO - Filling up the DagBag from /home/airflow/.local/lib/python3.8/site-packages/airflow/example_dags/example_xcomargs.py
[2023-11-02T23:59:07.604+0000] {processor.py:839} INFO - DAG(s) dict_keys(['example_xcom_args_with_operators', 'example_xcom_args']) retrieved from /home/airflow/.local/lib/python3.8/site-packages/airflow/example_dags/example_xcomargs.py
[2023-11-02T23:59:07.634+0000] {logging_mixin.py:151} INFO - [2023-11-02T23:59:07.634+0000] {dag.py:2941} INFO - Sync 2 DAGs
[2023-11-02T23:59:07.651+0000] {logging_mixin.py:151} INFO - [2023-11-02T23:59:07.651+0000] {dag.py:3722} INFO - Setting next_dagrun for example_xcom_args to None, run_after=None
[2023-11-02T23:59:07.655+0000] {logging_mixin.py:151} INFO - [2023-11-02T23:59:07.655+0000] {dag.py:3722} INFO - Setting next_dagrun for example_xcom_args_with_operators to None, run_after=None
[2023-11-02T23:59:07.677+0000] {processor.py:179} INFO - Processing /home/airflow/.local/lib/python3.8/site-packages/airflow/example_dags/example_xcomargs.py took 0.089 seconds
[2023-11-02T23:59:38.025+0000] {processor.py:157} INFO - Started process (PID=1185) to work on /home/airflow/.local/lib/python3.8/site-packages/airflow/example_dags/example_xcomargs.py
[2023-11-02T23:59:38.027+0000] {processor.py:829} INFO - Processing file /home/airflow/.local/lib/python3.8/site-packages/airflow/example_dags/example_xcomargs.py for tasks to queue
[2023-11-02T23:59:38.029+0000] {logging_mixin.py:151} INFO - [2023-11-02T23:59:38.029+0000] {dagbag.py:536} INFO - Filling up the DagBag from /home/airflow/.local/lib/python3.8/site-packages/airflow/example_dags/example_xcomargs.py
[2023-11-02T23:59:38.037+0000] {processor.py:839} INFO - DAG(s) dict_keys(['example_xcom_args_with_operators', 'example_xcom_args']) retrieved from /home/airflow/.local/lib/python3.8/site-packages/airflow/example_dags/example_xcomargs.py
[2023-11-02T23:59:38.077+0000] {logging_mixin.py:151} INFO - [2023-11-02T23:59:38.077+0000] {dag.py:2941} INFO - Sync 2 DAGs
[2023-11-02T23:59:38.096+0000] {logging_mixin.py:151} INFO - [2023-11-02T23:59:38.096+0000] {dag.py:3722} INFO - Setting next_dagrun for example_xcom_args to None, run_after=None
[2023-11-02T23:59:38.101+0000] {logging_mixin.py:151} INFO - [2023-11-02T23:59:38.101+0000] {dag.py:3722} INFO - Setting next_dagrun for example_xcom_args_with_operators to None, run_after=None
[2023-11-02T23:59:38.137+0000] {processor.py:179} INFO - Processing /home/airflow/.local/lib/python3.8/site-packages/airflow/example_dags/example_xcomargs.py took 0.115 seconds
