[2023-11-02T23:26:25.650+0000] {processor.py:157} INFO - Started process (PID=44) to work on /home/airflow/.local/lib/python3.8/site-packages/airflow/example_dags/example_xcom.py
[2023-11-02T23:26:25.651+0000] {processor.py:829} INFO - Processing file /home/airflow/.local/lib/python3.8/site-packages/airflow/example_dags/example_xcom.py for tasks to queue
[2023-11-02T23:26:25.653+0000] {logging_mixin.py:151} INFO - [2023-11-02T23:26:25.653+0000] {dagbag.py:536} INFO - Filling up the DagBag from /home/airflow/.local/lib/python3.8/site-packages/airflow/example_dags/example_xcom.py
[2023-11-02T23:26:25.666+0000] {processor.py:839} INFO - DAG(s) dict_keys(['example_xcom']) retrieved from /home/airflow/.local/lib/python3.8/site-packages/airflow/example_dags/example_xcom.py
[2023-11-02T23:26:25.696+0000] {logging_mixin.py:151} INFO - [2023-11-02T23:26:25.696+0000] {dag.py:2941} INFO - Sync 1 DAGs
[2023-11-02T23:26:25.726+0000] {logging_mixin.py:151} INFO - [2023-11-02T23:26:25.726+0000] {dag.py:3722} INFO - Setting next_dagrun for example_xcom to 2021-01-01T00:00:00+00:00, run_after=2021-01-01T00:00:00+00:00
[2023-11-02T23:26:25.757+0000] {processor.py:179} INFO - Processing /home/airflow/.local/lib/python3.8/site-packages/airflow/example_dags/example_xcom.py took 0.111 seconds
[2023-11-02T23:26:55.993+0000] {processor.py:157} INFO - Started process (PID=97) to work on /home/airflow/.local/lib/python3.8/site-packages/airflow/example_dags/example_xcom.py
[2023-11-02T23:26:55.995+0000] {processor.py:829} INFO - Processing file /home/airflow/.local/lib/python3.8/site-packages/airflow/example_dags/example_xcom.py for tasks to queue
[2023-11-02T23:26:55.997+0000] {logging_mixin.py:151} INFO - [2023-11-02T23:26:55.997+0000] {dagbag.py:536} INFO - Filling up the DagBag from /home/airflow/.local/lib/python3.8/site-packages/airflow/example_dags/example_xcom.py
[2023-11-02T23:26:56.006+0000] {processor.py:839} INFO - DAG(s) dict_keys(['example_xcom']) retrieved from /home/airflow/.local/lib/python3.8/site-packages/airflow/example_dags/example_xcom.py
[2023-11-02T23:26:56.033+0000] {logging_mixin.py:151} INFO - [2023-11-02T23:26:56.032+0000] {dag.py:2941} INFO - Sync 1 DAGs
[2023-11-02T23:26:56.058+0000] {logging_mixin.py:151} INFO - [2023-11-02T23:26:56.058+0000] {dag.py:3722} INFO - Setting next_dagrun for example_xcom to 2021-01-01T00:00:00+00:00, run_after=2021-01-01T00:00:00+00:00
[2023-11-02T23:26:56.085+0000] {processor.py:179} INFO - Processing /home/airflow/.local/lib/python3.8/site-packages/airflow/example_dags/example_xcom.py took 0.095 seconds
[2023-11-02T23:27:26.529+0000] {processor.py:157} INFO - Started process (PID=151) to work on /home/airflow/.local/lib/python3.8/site-packages/airflow/example_dags/example_xcom.py
[2023-11-02T23:27:26.530+0000] {processor.py:829} INFO - Processing file /home/airflow/.local/lib/python3.8/site-packages/airflow/example_dags/example_xcom.py for tasks to queue
[2023-11-02T23:27:26.532+0000] {logging_mixin.py:151} INFO - [2023-11-02T23:27:26.532+0000] {dagbag.py:536} INFO - Filling up the DagBag from /home/airflow/.local/lib/python3.8/site-packages/airflow/example_dags/example_xcom.py
[2023-11-02T23:27:26.540+0000] {processor.py:839} INFO - DAG(s) dict_keys(['example_xcom']) retrieved from /home/airflow/.local/lib/python3.8/site-packages/airflow/example_dags/example_xcom.py
[2023-11-02T23:27:26.566+0000] {logging_mixin.py:151} INFO - [2023-11-02T23:27:26.566+0000] {dag.py:2941} INFO - Sync 1 DAGs
[2023-11-02T23:27:26.592+0000] {logging_mixin.py:151} INFO - [2023-11-02T23:27:26.592+0000] {dag.py:3722} INFO - Setting next_dagrun for example_xcom to 2021-01-01T00:00:00+00:00, run_after=2021-01-01T00:00:00+00:00
[2023-11-02T23:27:26.620+0000] {processor.py:179} INFO - Processing /home/airflow/.local/lib/python3.8/site-packages/airflow/example_dags/example_xcom.py took 0.095 seconds
[2023-11-02T23:27:56.745+0000] {processor.py:157} INFO - Started process (PID=205) to work on /home/airflow/.local/lib/python3.8/site-packages/airflow/example_dags/example_xcom.py
[2023-11-02T23:27:56.747+0000] {processor.py:829} INFO - Processing file /home/airflow/.local/lib/python3.8/site-packages/airflow/example_dags/example_xcom.py for tasks to queue
[2023-11-02T23:27:56.750+0000] {logging_mixin.py:151} INFO - [2023-11-02T23:27:56.749+0000] {dagbag.py:536} INFO - Filling up the DagBag from /home/airflow/.local/lib/python3.8/site-packages/airflow/example_dags/example_xcom.py
[2023-11-02T23:27:56.758+0000] {processor.py:839} INFO - DAG(s) dict_keys(['example_xcom']) retrieved from /home/airflow/.local/lib/python3.8/site-packages/airflow/example_dags/example_xcom.py
[2023-11-02T23:27:56.787+0000] {logging_mixin.py:151} INFO - [2023-11-02T23:27:56.787+0000] {dag.py:2941} INFO - Sync 1 DAGs
[2023-11-02T23:27:56.815+0000] {logging_mixin.py:151} INFO - [2023-11-02T23:27:56.814+0000] {dag.py:3722} INFO - Setting next_dagrun for example_xcom to 2021-01-01T00:00:00+00:00, run_after=2021-01-01T00:00:00+00:00
[2023-11-02T23:27:56.843+0000] {processor.py:179} INFO - Processing /home/airflow/.local/lib/python3.8/site-packages/airflow/example_dags/example_xcom.py took 0.101 seconds
[2023-11-02T23:28:26.930+0000] {processor.py:157} INFO - Started process (PID=258) to work on /home/airflow/.local/lib/python3.8/site-packages/airflow/example_dags/example_xcom.py
[2023-11-02T23:28:26.932+0000] {processor.py:829} INFO - Processing file /home/airflow/.local/lib/python3.8/site-packages/airflow/example_dags/example_xcom.py for tasks to queue
[2023-11-02T23:28:26.934+0000] {logging_mixin.py:151} INFO - [2023-11-02T23:28:26.934+0000] {dagbag.py:536} INFO - Filling up the DagBag from /home/airflow/.local/lib/python3.8/site-packages/airflow/example_dags/example_xcom.py
[2023-11-02T23:28:26.942+0000] {processor.py:839} INFO - DAG(s) dict_keys(['example_xcom']) retrieved from /home/airflow/.local/lib/python3.8/site-packages/airflow/example_dags/example_xcom.py
[2023-11-02T23:28:26.970+0000] {logging_mixin.py:151} INFO - [2023-11-02T23:28:26.970+0000] {dag.py:2941} INFO - Sync 1 DAGs
[2023-11-02T23:28:26.996+0000] {logging_mixin.py:151} INFO - [2023-11-02T23:28:26.995+0000] {dag.py:3722} INFO - Setting next_dagrun for example_xcom to 2021-01-01T00:00:00+00:00, run_after=2021-01-01T00:00:00+00:00
[2023-11-02T23:28:27.022+0000] {processor.py:179} INFO - Processing /home/airflow/.local/lib/python3.8/site-packages/airflow/example_dags/example_xcom.py took 0.095 seconds
[2023-11-02T23:28:57.153+0000] {processor.py:157} INFO - Started process (PID=312) to work on /home/airflow/.local/lib/python3.8/site-packages/airflow/example_dags/example_xcom.py
[2023-11-02T23:28:57.155+0000] {processor.py:829} INFO - Processing file /home/airflow/.local/lib/python3.8/site-packages/airflow/example_dags/example_xcom.py for tasks to queue
[2023-11-02T23:28:57.157+0000] {logging_mixin.py:151} INFO - [2023-11-02T23:28:57.156+0000] {dagbag.py:536} INFO - Filling up the DagBag from /home/airflow/.local/lib/python3.8/site-packages/airflow/example_dags/example_xcom.py
[2023-11-02T23:28:57.164+0000] {processor.py:839} INFO - DAG(s) dict_keys(['example_xcom']) retrieved from /home/airflow/.local/lib/python3.8/site-packages/airflow/example_dags/example_xcom.py
[2023-11-02T23:28:57.193+0000] {logging_mixin.py:151} INFO - [2023-11-02T23:28:57.192+0000] {dag.py:2941} INFO - Sync 1 DAGs
[2023-11-02T23:28:57.218+0000] {logging_mixin.py:151} INFO - [2023-11-02T23:28:57.218+0000] {dag.py:3722} INFO - Setting next_dagrun for example_xcom to 2021-01-01T00:00:00+00:00, run_after=2021-01-01T00:00:00+00:00
[2023-11-02T23:28:57.243+0000] {processor.py:179} INFO - Processing /home/airflow/.local/lib/python3.8/site-packages/airflow/example_dags/example_xcom.py took 0.093 seconds
[2023-11-02T23:29:27.350+0000] {processor.py:157} INFO - Started process (PID=366) to work on /home/airflow/.local/lib/python3.8/site-packages/airflow/example_dags/example_xcom.py
[2023-11-02T23:29:27.352+0000] {processor.py:829} INFO - Processing file /home/airflow/.local/lib/python3.8/site-packages/airflow/example_dags/example_xcom.py for tasks to queue
[2023-11-02T23:29:27.354+0000] {logging_mixin.py:151} INFO - [2023-11-02T23:29:27.354+0000] {dagbag.py:536} INFO - Filling up the DagBag from /home/airflow/.local/lib/python3.8/site-packages/airflow/example_dags/example_xcom.py
[2023-11-02T23:29:27.363+0000] {processor.py:839} INFO - DAG(s) dict_keys(['example_xcom']) retrieved from /home/airflow/.local/lib/python3.8/site-packages/airflow/example_dags/example_xcom.py
[2023-11-02T23:29:27.394+0000] {logging_mixin.py:151} INFO - [2023-11-02T23:29:27.394+0000] {dag.py:2941} INFO - Sync 1 DAGs
[2023-11-02T23:29:27.420+0000] {logging_mixin.py:151} INFO - [2023-11-02T23:29:27.420+0000] {dag.py:3722} INFO - Setting next_dagrun for example_xcom to 2021-01-01T00:00:00+00:00, run_after=2021-01-01T00:00:00+00:00
[2023-11-02T23:29:27.446+0000] {processor.py:179} INFO - Processing /home/airflow/.local/lib/python3.8/site-packages/airflow/example_dags/example_xcom.py took 0.101 seconds
[2023-11-02T23:29:58.034+0000] {processor.py:157} INFO - Started process (PID=420) to work on /home/airflow/.local/lib/python3.8/site-packages/airflow/example_dags/example_xcom.py
[2023-11-02T23:29:58.035+0000] {processor.py:829} INFO - Processing file /home/airflow/.local/lib/python3.8/site-packages/airflow/example_dags/example_xcom.py for tasks to queue
[2023-11-02T23:29:58.040+0000] {logging_mixin.py:151} INFO - [2023-11-02T23:29:58.038+0000] {dagbag.py:536} INFO - Filling up the DagBag from /home/airflow/.local/lib/python3.8/site-packages/airflow/example_dags/example_xcom.py
[2023-11-02T23:29:58.050+0000] {processor.py:839} INFO - DAG(s) dict_keys(['example_xcom']) retrieved from /home/airflow/.local/lib/python3.8/site-packages/airflow/example_dags/example_xcom.py
[2023-11-02T23:29:58.085+0000] {logging_mixin.py:151} INFO - [2023-11-02T23:29:58.085+0000] {dag.py:2941} INFO - Sync 1 DAGs
[2023-11-02T23:29:58.111+0000] {logging_mixin.py:151} INFO - [2023-11-02T23:29:58.111+0000] {dag.py:3722} INFO - Setting next_dagrun for example_xcom to 2021-01-01T00:00:00+00:00, run_after=2021-01-01T00:00:00+00:00
[2023-11-02T23:29:58.143+0000] {processor.py:179} INFO - Processing /home/airflow/.local/lib/python3.8/site-packages/airflow/example_dags/example_xcom.py took 0.114 seconds
[2023-11-02T23:30:28.915+0000] {processor.py:157} INFO - Started process (PID=474) to work on /home/airflow/.local/lib/python3.8/site-packages/airflow/example_dags/example_xcom.py
[2023-11-02T23:30:28.916+0000] {processor.py:829} INFO - Processing file /home/airflow/.local/lib/python3.8/site-packages/airflow/example_dags/example_xcom.py for tasks to queue
[2023-11-02T23:30:28.919+0000] {logging_mixin.py:151} INFO - [2023-11-02T23:30:28.918+0000] {dagbag.py:536} INFO - Filling up the DagBag from /home/airflow/.local/lib/python3.8/site-packages/airflow/example_dags/example_xcom.py
[2023-11-02T23:30:28.926+0000] {processor.py:839} INFO - DAG(s) dict_keys(['example_xcom']) retrieved from /home/airflow/.local/lib/python3.8/site-packages/airflow/example_dags/example_xcom.py
[2023-11-02T23:30:28.960+0000] {logging_mixin.py:151} INFO - [2023-11-02T23:30:28.960+0000] {dag.py:2941} INFO - Sync 1 DAGs
[2023-11-02T23:30:28.995+0000] {logging_mixin.py:151} INFO - [2023-11-02T23:30:28.994+0000] {dag.py:3722} INFO - Setting next_dagrun for example_xcom to 2021-01-01T00:00:00+00:00, run_after=2021-01-01T00:00:00+00:00
[2023-11-02T23:30:29.039+0000] {processor.py:179} INFO - Processing /home/airflow/.local/lib/python3.8/site-packages/airflow/example_dags/example_xcom.py took 0.127 seconds
[2023-11-02T23:30:59.680+0000] {processor.py:157} INFO - Started process (PID=528) to work on /home/airflow/.local/lib/python3.8/site-packages/airflow/example_dags/example_xcom.py
[2023-11-02T23:30:59.682+0000] {processor.py:829} INFO - Processing file /home/airflow/.local/lib/python3.8/site-packages/airflow/example_dags/example_xcom.py for tasks to queue
[2023-11-02T23:30:59.685+0000] {logging_mixin.py:151} INFO - [2023-11-02T23:30:59.684+0000] {dagbag.py:536} INFO - Filling up the DagBag from /home/airflow/.local/lib/python3.8/site-packages/airflow/example_dags/example_xcom.py
[2023-11-02T23:30:59.700+0000] {processor.py:839} INFO - DAG(s) dict_keys(['example_xcom']) retrieved from /home/airflow/.local/lib/python3.8/site-packages/airflow/example_dags/example_xcom.py
[2023-11-02T23:30:59.749+0000] {logging_mixin.py:151} INFO - [2023-11-02T23:30:59.749+0000] {dag.py:2941} INFO - Sync 1 DAGs
[2023-11-02T23:30:59.806+0000] {logging_mixin.py:151} INFO - [2023-11-02T23:30:59.805+0000] {dag.py:3722} INFO - Setting next_dagrun for example_xcom to 2021-01-01T00:00:00+00:00, run_after=2021-01-01T00:00:00+00:00
[2023-11-02T23:30:59.856+0000] {processor.py:179} INFO - Processing /home/airflow/.local/lib/python3.8/site-packages/airflow/example_dags/example_xcom.py took 0.182 seconds
[2023-11-02T23:31:30.741+0000] {processor.py:157} INFO - Started process (PID=581) to work on /home/airflow/.local/lib/python3.8/site-packages/airflow/example_dags/example_xcom.py
[2023-11-02T23:31:30.743+0000] {processor.py:829} INFO - Processing file /home/airflow/.local/lib/python3.8/site-packages/airflow/example_dags/example_xcom.py for tasks to queue
[2023-11-02T23:31:30.745+0000] {logging_mixin.py:151} INFO - [2023-11-02T23:31:30.745+0000] {dagbag.py:536} INFO - Filling up the DagBag from /home/airflow/.local/lib/python3.8/site-packages/airflow/example_dags/example_xcom.py
[2023-11-02T23:31:30.754+0000] {processor.py:839} INFO - DAG(s) dict_keys(['example_xcom']) retrieved from /home/airflow/.local/lib/python3.8/site-packages/airflow/example_dags/example_xcom.py
[2023-11-02T23:31:30.782+0000] {logging_mixin.py:151} INFO - [2023-11-02T23:31:30.782+0000] {dag.py:2941} INFO - Sync 1 DAGs
[2023-11-02T23:31:30.812+0000] {logging_mixin.py:151} INFO - [2023-11-02T23:31:30.812+0000] {dag.py:3722} INFO - Setting next_dagrun for example_xcom to 2021-01-01T00:00:00+00:00, run_after=2021-01-01T00:00:00+00:00
[2023-11-02T23:31:30.842+0000] {processor.py:179} INFO - Processing /home/airflow/.local/lib/python3.8/site-packages/airflow/example_dags/example_xcom.py took 0.104 seconds
[2023-11-02T23:32:01.545+0000] {processor.py:157} INFO - Started process (PID=635) to work on /home/airflow/.local/lib/python3.8/site-packages/airflow/example_dags/example_xcom.py
[2023-11-02T23:32:01.546+0000] {processor.py:829} INFO - Processing file /home/airflow/.local/lib/python3.8/site-packages/airflow/example_dags/example_xcom.py for tasks to queue
[2023-11-02T23:32:01.549+0000] {logging_mixin.py:151} INFO - [2023-11-02T23:32:01.548+0000] {dagbag.py:536} INFO - Filling up the DagBag from /home/airflow/.local/lib/python3.8/site-packages/airflow/example_dags/example_xcom.py
[2023-11-02T23:32:01.558+0000] {processor.py:839} INFO - DAG(s) dict_keys(['example_xcom']) retrieved from /home/airflow/.local/lib/python3.8/site-packages/airflow/example_dags/example_xcom.py
[2023-11-02T23:32:01.590+0000] {logging_mixin.py:151} INFO - [2023-11-02T23:32:01.590+0000] {dag.py:2941} INFO - Sync 1 DAGs
[2023-11-02T23:32:01.616+0000] {logging_mixin.py:151} INFO - [2023-11-02T23:32:01.616+0000] {dag.py:3722} INFO - Setting next_dagrun for example_xcom to 2021-01-01T00:00:00+00:00, run_after=2021-01-01T00:00:00+00:00
[2023-11-02T23:32:01.646+0000] {processor.py:179} INFO - Processing /home/airflow/.local/lib/python3.8/site-packages/airflow/example_dags/example_xcom.py took 0.105 seconds
[2023-11-02T23:32:32.307+0000] {processor.py:157} INFO - Started process (PID=689) to work on /home/airflow/.local/lib/python3.8/site-packages/airflow/example_dags/example_xcom.py
[2023-11-02T23:32:32.309+0000] {processor.py:829} INFO - Processing file /home/airflow/.local/lib/python3.8/site-packages/airflow/example_dags/example_xcom.py for tasks to queue
[2023-11-02T23:32:32.311+0000] {logging_mixin.py:151} INFO - [2023-11-02T23:32:32.311+0000] {dagbag.py:536} INFO - Filling up the DagBag from /home/airflow/.local/lib/python3.8/site-packages/airflow/example_dags/example_xcom.py
[2023-11-02T23:32:32.323+0000] {processor.py:839} INFO - DAG(s) dict_keys(['example_xcom']) retrieved from /home/airflow/.local/lib/python3.8/site-packages/airflow/example_dags/example_xcom.py
[2023-11-02T23:32:32.354+0000] {logging_mixin.py:151} INFO - [2023-11-02T23:32:32.354+0000] {dag.py:2941} INFO - Sync 1 DAGs
[2023-11-02T23:32:32.384+0000] {logging_mixin.py:151} INFO - [2023-11-02T23:32:32.383+0000] {dag.py:3722} INFO - Setting next_dagrun for example_xcom to 2021-01-01T00:00:00+00:00, run_after=2021-01-01T00:00:00+00:00
[2023-11-02T23:32:32.437+0000] {processor.py:179} INFO - Processing /home/airflow/.local/lib/python3.8/site-packages/airflow/example_dags/example_xcom.py took 0.134 seconds
[2023-11-02T23:33:02.566+0000] {processor.py:157} INFO - Started process (PID=742) to work on /home/airflow/.local/lib/python3.8/site-packages/airflow/example_dags/example_xcom.py
[2023-11-02T23:33:02.568+0000] {processor.py:829} INFO - Processing file /home/airflow/.local/lib/python3.8/site-packages/airflow/example_dags/example_xcom.py for tasks to queue
[2023-11-02T23:33:02.570+0000] {logging_mixin.py:151} INFO - [2023-11-02T23:33:02.570+0000] {dagbag.py:536} INFO - Filling up the DagBag from /home/airflow/.local/lib/python3.8/site-packages/airflow/example_dags/example_xcom.py
[2023-11-02T23:33:02.579+0000] {processor.py:839} INFO - DAG(s) dict_keys(['example_xcom']) retrieved from /home/airflow/.local/lib/python3.8/site-packages/airflow/example_dags/example_xcom.py
[2023-11-02T23:33:02.606+0000] {logging_mixin.py:151} INFO - [2023-11-02T23:33:02.606+0000] {dag.py:2941} INFO - Sync 1 DAGs
[2023-11-02T23:33:02.630+0000] {logging_mixin.py:151} INFO - [2023-11-02T23:33:02.630+0000] {dag.py:3722} INFO - Setting next_dagrun for example_xcom to 2021-01-01T00:00:00+00:00, run_after=2021-01-01T00:00:00+00:00
[2023-11-02T23:33:02.660+0000] {processor.py:179} INFO - Processing /home/airflow/.local/lib/python3.8/site-packages/airflow/example_dags/example_xcom.py took 0.097 seconds
[2023-11-02T23:33:32.687+0000] {processor.py:157} INFO - Started process (PID=796) to work on /home/airflow/.local/lib/python3.8/site-packages/airflow/example_dags/example_xcom.py
[2023-11-02T23:33:32.688+0000] {processor.py:829} INFO - Processing file /home/airflow/.local/lib/python3.8/site-packages/airflow/example_dags/example_xcom.py for tasks to queue
[2023-11-02T23:33:32.690+0000] {logging_mixin.py:151} INFO - [2023-11-02T23:33:32.690+0000] {dagbag.py:536} INFO - Filling up the DagBag from /home/airflow/.local/lib/python3.8/site-packages/airflow/example_dags/example_xcom.py
[2023-11-02T23:33:32.699+0000] {processor.py:839} INFO - DAG(s) dict_keys(['example_xcom']) retrieved from /home/airflow/.local/lib/python3.8/site-packages/airflow/example_dags/example_xcom.py
[2023-11-02T23:33:32.727+0000] {logging_mixin.py:151} INFO - [2023-11-02T23:33:32.727+0000] {dag.py:2941} INFO - Sync 1 DAGs
[2023-11-02T23:33:32.759+0000] {logging_mixin.py:151} INFO - [2023-11-02T23:33:32.759+0000] {dag.py:3722} INFO - Setting next_dagrun for example_xcom to 2021-01-01T00:00:00+00:00, run_after=2021-01-01T00:00:00+00:00
[2023-11-02T23:33:32.786+0000] {processor.py:179} INFO - Processing /home/airflow/.local/lib/python3.8/site-packages/airflow/example_dags/example_xcom.py took 0.103 seconds
[2023-11-02T23:34:03.175+0000] {processor.py:157} INFO - Started process (PID=850) to work on /home/airflow/.local/lib/python3.8/site-packages/airflow/example_dags/example_xcom.py
[2023-11-02T23:34:03.176+0000] {processor.py:829} INFO - Processing file /home/airflow/.local/lib/python3.8/site-packages/airflow/example_dags/example_xcom.py for tasks to queue
[2023-11-02T23:34:03.179+0000] {logging_mixin.py:151} INFO - [2023-11-02T23:34:03.178+0000] {dagbag.py:536} INFO - Filling up the DagBag from /home/airflow/.local/lib/python3.8/site-packages/airflow/example_dags/example_xcom.py
[2023-11-02T23:34:03.187+0000] {processor.py:839} INFO - DAG(s) dict_keys(['example_xcom']) retrieved from /home/airflow/.local/lib/python3.8/site-packages/airflow/example_dags/example_xcom.py
[2023-11-02T23:34:03.214+0000] {logging_mixin.py:151} INFO - [2023-11-02T23:34:03.214+0000] {dag.py:2941} INFO - Sync 1 DAGs
[2023-11-02T23:34:03.239+0000] {logging_mixin.py:151} INFO - [2023-11-02T23:34:03.239+0000] {dag.py:3722} INFO - Setting next_dagrun for example_xcom to 2021-01-01T00:00:00+00:00, run_after=2021-01-01T00:00:00+00:00
[2023-11-02T23:34:03.262+0000] {processor.py:179} INFO - Processing /home/airflow/.local/lib/python3.8/site-packages/airflow/example_dags/example_xcom.py took 0.090 seconds
[2023-11-02T23:34:33.773+0000] {processor.py:157} INFO - Started process (PID=903) to work on /home/airflow/.local/lib/python3.8/site-packages/airflow/example_dags/example_xcom.py
[2023-11-02T23:34:33.775+0000] {processor.py:829} INFO - Processing file /home/airflow/.local/lib/python3.8/site-packages/airflow/example_dags/example_xcom.py for tasks to queue
[2023-11-02T23:34:33.777+0000] {logging_mixin.py:151} INFO - [2023-11-02T23:34:33.777+0000] {dagbag.py:536} INFO - Filling up the DagBag from /home/airflow/.local/lib/python3.8/site-packages/airflow/example_dags/example_xcom.py
[2023-11-02T23:34:33.785+0000] {processor.py:839} INFO - DAG(s) dict_keys(['example_xcom']) retrieved from /home/airflow/.local/lib/python3.8/site-packages/airflow/example_dags/example_xcom.py
[2023-11-02T23:34:33.813+0000] {logging_mixin.py:151} INFO - [2023-11-02T23:34:33.812+0000] {dag.py:2941} INFO - Sync 1 DAGs
[2023-11-02T23:34:33.839+0000] {logging_mixin.py:151} INFO - [2023-11-02T23:34:33.838+0000] {dag.py:3722} INFO - Setting next_dagrun for example_xcom to 2021-01-01T00:00:00+00:00, run_after=2021-01-01T00:00:00+00:00
[2023-11-02T23:34:33.860+0000] {processor.py:179} INFO - Processing /home/airflow/.local/lib/python3.8/site-packages/airflow/example_dags/example_xcom.py took 0.090 seconds
[2023-11-02T23:35:04.514+0000] {processor.py:157} INFO - Started process (PID=956) to work on /home/airflow/.local/lib/python3.8/site-packages/airflow/example_dags/example_xcom.py
[2023-11-02T23:35:04.516+0000] {processor.py:829} INFO - Processing file /home/airflow/.local/lib/python3.8/site-packages/airflow/example_dags/example_xcom.py for tasks to queue
[2023-11-02T23:35:04.518+0000] {logging_mixin.py:151} INFO - [2023-11-02T23:35:04.518+0000] {dagbag.py:536} INFO - Filling up the DagBag from /home/airflow/.local/lib/python3.8/site-packages/airflow/example_dags/example_xcom.py
[2023-11-02T23:35:04.527+0000] {processor.py:839} INFO - DAG(s) dict_keys(['example_xcom']) retrieved from /home/airflow/.local/lib/python3.8/site-packages/airflow/example_dags/example_xcom.py
[2023-11-02T23:35:04.553+0000] {logging_mixin.py:151} INFO - [2023-11-02T23:35:04.553+0000] {dag.py:2941} INFO - Sync 1 DAGs
[2023-11-02T23:35:04.582+0000] {logging_mixin.py:151} INFO - [2023-11-02T23:35:04.582+0000] {dag.py:3722} INFO - Setting next_dagrun for example_xcom to 2021-01-01T00:00:00+00:00, run_after=2021-01-01T00:00:00+00:00
[2023-11-02T23:35:04.607+0000] {processor.py:179} INFO - Processing /home/airflow/.local/lib/python3.8/site-packages/airflow/example_dags/example_xcom.py took 0.096 seconds
[2023-11-02T23:35:35.108+0000] {processor.py:157} INFO - Started process (PID=1010) to work on /home/airflow/.local/lib/python3.8/site-packages/airflow/example_dags/example_xcom.py
[2023-11-02T23:35:35.110+0000] {processor.py:829} INFO - Processing file /home/airflow/.local/lib/python3.8/site-packages/airflow/example_dags/example_xcom.py for tasks to queue
[2023-11-02T23:35:35.113+0000] {logging_mixin.py:151} INFO - [2023-11-02T23:35:35.112+0000] {dagbag.py:536} INFO - Filling up the DagBag from /home/airflow/.local/lib/python3.8/site-packages/airflow/example_dags/example_xcom.py
[2023-11-02T23:35:35.122+0000] {processor.py:839} INFO - DAG(s) dict_keys(['example_xcom']) retrieved from /home/airflow/.local/lib/python3.8/site-packages/airflow/example_dags/example_xcom.py
[2023-11-02T23:35:35.150+0000] {logging_mixin.py:151} INFO - [2023-11-02T23:35:35.150+0000] {dag.py:2941} INFO - Sync 1 DAGs
[2023-11-02T23:35:35.176+0000] {logging_mixin.py:151} INFO - [2023-11-02T23:35:35.175+0000] {dag.py:3722} INFO - Setting next_dagrun for example_xcom to 2021-01-01T00:00:00+00:00, run_after=2021-01-01T00:00:00+00:00
[2023-11-02T23:35:35.203+0000] {processor.py:179} INFO - Processing /home/airflow/.local/lib/python3.8/site-packages/airflow/example_dags/example_xcom.py took 0.098 seconds
[2023-11-02T23:36:05.796+0000] {processor.py:157} INFO - Started process (PID=1064) to work on /home/airflow/.local/lib/python3.8/site-packages/airflow/example_dags/example_xcom.py
[2023-11-02T23:36:05.797+0000] {processor.py:829} INFO - Processing file /home/airflow/.local/lib/python3.8/site-packages/airflow/example_dags/example_xcom.py for tasks to queue
[2023-11-02T23:36:05.800+0000] {logging_mixin.py:151} INFO - [2023-11-02T23:36:05.800+0000] {dagbag.py:536} INFO - Filling up the DagBag from /home/airflow/.local/lib/python3.8/site-packages/airflow/example_dags/example_xcom.py
[2023-11-02T23:36:05.813+0000] {processor.py:839} INFO - DAG(s) dict_keys(['example_xcom']) retrieved from /home/airflow/.local/lib/python3.8/site-packages/airflow/example_dags/example_xcom.py
[2023-11-02T23:36:05.895+0000] {logging_mixin.py:151} INFO - [2023-11-02T23:36:05.895+0000] {dag.py:2941} INFO - Sync 1 DAGs
[2023-11-02T23:36:05.921+0000] {logging_mixin.py:151} INFO - [2023-11-02T23:36:05.920+0000] {dag.py:3722} INFO - Setting next_dagrun for example_xcom to 2021-01-01T00:00:00+00:00, run_after=2021-01-01T00:00:00+00:00
[2023-11-02T23:36:05.947+0000] {processor.py:179} INFO - Processing /home/airflow/.local/lib/python3.8/site-packages/airflow/example_dags/example_xcom.py took 0.156 seconds
[2023-11-02T23:36:35.989+0000] {processor.py:157} INFO - Started process (PID=1118) to work on /home/airflow/.local/lib/python3.8/site-packages/airflow/example_dags/example_xcom.py
[2023-11-02T23:36:35.991+0000] {processor.py:829} INFO - Processing file /home/airflow/.local/lib/python3.8/site-packages/airflow/example_dags/example_xcom.py for tasks to queue
[2023-11-02T23:36:35.992+0000] {logging_mixin.py:151} INFO - [2023-11-02T23:36:35.992+0000] {dagbag.py:536} INFO - Filling up the DagBag from /home/airflow/.local/lib/python3.8/site-packages/airflow/example_dags/example_xcom.py
[2023-11-02T23:36:36.000+0000] {processor.py:839} INFO - DAG(s) dict_keys(['example_xcom']) retrieved from /home/airflow/.local/lib/python3.8/site-packages/airflow/example_dags/example_xcom.py
[2023-11-02T23:36:36.025+0000] {logging_mixin.py:151} INFO - [2023-11-02T23:36:36.025+0000] {dag.py:2941} INFO - Sync 1 DAGs
[2023-11-02T23:36:36.051+0000] {logging_mixin.py:151} INFO - [2023-11-02T23:36:36.051+0000] {dag.py:3722} INFO - Setting next_dagrun for example_xcom to 2021-01-01T00:00:00+00:00, run_after=2021-01-01T00:00:00+00:00
[2023-11-02T23:36:36.079+0000] {processor.py:179} INFO - Processing /home/airflow/.local/lib/python3.8/site-packages/airflow/example_dags/example_xcom.py took 0.094 seconds
[2023-11-02T23:37:07.671+0000] {processor.py:157} INFO - Started process (PID=1173) to work on /home/airflow/.local/lib/python3.8/site-packages/airflow/example_dags/example_xcom.py
[2023-11-02T23:37:07.672+0000] {processor.py:829} INFO - Processing file /home/airflow/.local/lib/python3.8/site-packages/airflow/example_dags/example_xcom.py for tasks to queue
[2023-11-02T23:37:07.675+0000] {logging_mixin.py:151} INFO - [2023-11-02T23:37:07.674+0000] {dagbag.py:536} INFO - Filling up the DagBag from /home/airflow/.local/lib/python3.8/site-packages/airflow/example_dags/example_xcom.py
[2023-11-02T23:37:07.684+0000] {processor.py:839} INFO - DAG(s) dict_keys(['example_xcom']) retrieved from /home/airflow/.local/lib/python3.8/site-packages/airflow/example_dags/example_xcom.py
[2023-11-02T23:37:07.711+0000] {logging_mixin.py:151} INFO - [2023-11-02T23:37:07.711+0000] {dag.py:2941} INFO - Sync 1 DAGs
[2023-11-02T23:37:07.910+0000] {logging_mixin.py:151} INFO - [2023-11-02T23:37:07.910+0000] {dag.py:3722} INFO - Setting next_dagrun for example_xcom to 2021-01-01T00:00:00+00:00, run_after=2021-01-01T00:00:00+00:00
[2023-11-02T23:37:07.937+0000] {processor.py:179} INFO - Processing /home/airflow/.local/lib/python3.8/site-packages/airflow/example_dags/example_xcom.py took 0.270 seconds
[2023-11-02T23:37:38.440+0000] {processor.py:157} INFO - Started process (PID=1227) to work on /home/airflow/.local/lib/python3.8/site-packages/airflow/example_dags/example_xcom.py
[2023-11-02T23:37:38.441+0000] {processor.py:829} INFO - Processing file /home/airflow/.local/lib/python3.8/site-packages/airflow/example_dags/example_xcom.py for tasks to queue
[2023-11-02T23:37:38.444+0000] {logging_mixin.py:151} INFO - [2023-11-02T23:37:38.443+0000] {dagbag.py:536} INFO - Filling up the DagBag from /home/airflow/.local/lib/python3.8/site-packages/airflow/example_dags/example_xcom.py
[2023-11-02T23:37:38.452+0000] {processor.py:839} INFO - DAG(s) dict_keys(['example_xcom']) retrieved from /home/airflow/.local/lib/python3.8/site-packages/airflow/example_dags/example_xcom.py
[2023-11-02T23:37:38.480+0000] {logging_mixin.py:151} INFO - [2023-11-02T23:37:38.480+0000] {dag.py:2941} INFO - Sync 1 DAGs
[2023-11-02T23:37:38.506+0000] {logging_mixin.py:151} INFO - [2023-11-02T23:37:38.506+0000] {dag.py:3722} INFO - Setting next_dagrun for example_xcom to 2021-01-01T00:00:00+00:00, run_after=2021-01-01T00:00:00+00:00
[2023-11-02T23:37:38.534+0000] {processor.py:179} INFO - Processing /home/airflow/.local/lib/python3.8/site-packages/airflow/example_dags/example_xcom.py took 0.097 seconds
[2023-11-02T23:38:08.772+0000] {processor.py:157} INFO - Started process (PID=1282) to work on /home/airflow/.local/lib/python3.8/site-packages/airflow/example_dags/example_xcom.py
[2023-11-02T23:38:08.772+0000] {processor.py:829} INFO - Processing file /home/airflow/.local/lib/python3.8/site-packages/airflow/example_dags/example_xcom.py for tasks to queue
[2023-11-02T23:38:08.775+0000] {logging_mixin.py:151} INFO - [2023-11-02T23:38:08.775+0000] {dagbag.py:536} INFO - Filling up the DagBag from /home/airflow/.local/lib/python3.8/site-packages/airflow/example_dags/example_xcom.py
[2023-11-02T23:38:08.785+0000] {processor.py:839} INFO - DAG(s) dict_keys(['example_xcom']) retrieved from /home/airflow/.local/lib/python3.8/site-packages/airflow/example_dags/example_xcom.py
[2023-11-02T23:38:08.820+0000] {logging_mixin.py:151} INFO - [2023-11-02T23:38:08.819+0000] {dag.py:2941} INFO - Sync 1 DAGs
[2023-11-02T23:38:08.859+0000] {logging_mixin.py:151} INFO - [2023-11-02T23:38:08.859+0000] {dag.py:3722} INFO - Setting next_dagrun for example_xcom to 2021-01-01T00:00:00+00:00, run_after=2021-01-01T00:00:00+00:00
[2023-11-02T23:38:08.893+0000] {processor.py:179} INFO - Processing /home/airflow/.local/lib/python3.8/site-packages/airflow/example_dags/example_xcom.py took 0.130 seconds
[2023-11-02T23:38:39.675+0000] {processor.py:157} INFO - Started process (PID=1336) to work on /home/airflow/.local/lib/python3.8/site-packages/airflow/example_dags/example_xcom.py
[2023-11-02T23:38:39.677+0000] {processor.py:829} INFO - Processing file /home/airflow/.local/lib/python3.8/site-packages/airflow/example_dags/example_xcom.py for tasks to queue
[2023-11-02T23:38:39.679+0000] {logging_mixin.py:151} INFO - [2023-11-02T23:38:39.679+0000] {dagbag.py:536} INFO - Filling up the DagBag from /home/airflow/.local/lib/python3.8/site-packages/airflow/example_dags/example_xcom.py
[2023-11-02T23:38:39.689+0000] {processor.py:839} INFO - DAG(s) dict_keys(['example_xcom']) retrieved from /home/airflow/.local/lib/python3.8/site-packages/airflow/example_dags/example_xcom.py
[2023-11-02T23:38:39.942+0000] {logging_mixin.py:151} INFO - [2023-11-02T23:38:39.942+0000] {dag.py:2941} INFO - Sync 1 DAGs
[2023-11-02T23:38:39.981+0000] {logging_mixin.py:151} INFO - [2023-11-02T23:38:39.980+0000] {dag.py:3722} INFO - Setting next_dagrun for example_xcom to 2021-01-01T00:00:00+00:00, run_after=2021-01-01T00:00:00+00:00
[2023-11-02T23:38:40.008+0000] {processor.py:179} INFO - Processing /home/airflow/.local/lib/python3.8/site-packages/airflow/example_dags/example_xcom.py took 0.337 seconds
[2023-11-02T23:39:10.089+0000] {processor.py:157} INFO - Started process (PID=1390) to work on /home/airflow/.local/lib/python3.8/site-packages/airflow/example_dags/example_xcom.py
[2023-11-02T23:39:10.091+0000] {processor.py:829} INFO - Processing file /home/airflow/.local/lib/python3.8/site-packages/airflow/example_dags/example_xcom.py for tasks to queue
[2023-11-02T23:39:10.094+0000] {logging_mixin.py:151} INFO - [2023-11-02T23:39:10.093+0000] {dagbag.py:536} INFO - Filling up the DagBag from /home/airflow/.local/lib/python3.8/site-packages/airflow/example_dags/example_xcom.py
[2023-11-02T23:39:10.103+0000] {processor.py:839} INFO - DAG(s) dict_keys(['example_xcom']) retrieved from /home/airflow/.local/lib/python3.8/site-packages/airflow/example_dags/example_xcom.py
[2023-11-02T23:39:10.164+0000] {logging_mixin.py:151} INFO - [2023-11-02T23:39:10.164+0000] {dag.py:2941} INFO - Sync 1 DAGs
[2023-11-02T23:39:10.199+0000] {logging_mixin.py:151} INFO - [2023-11-02T23:39:10.199+0000] {dag.py:3722} INFO - Setting next_dagrun for example_xcom to 2021-01-01T00:00:00+00:00, run_after=2021-01-01T00:00:00+00:00
[2023-11-02T23:39:10.407+0000] {processor.py:179} INFO - Processing /home/airflow/.local/lib/python3.8/site-packages/airflow/example_dags/example_xcom.py took 0.325 seconds
[2023-11-02T23:39:40.516+0000] {processor.py:157} INFO - Started process (PID=1450) to work on /home/airflow/.local/lib/python3.8/site-packages/airflow/example_dags/example_xcom.py
[2023-11-02T23:39:40.517+0000] {processor.py:829} INFO - Processing file /home/airflow/.local/lib/python3.8/site-packages/airflow/example_dags/example_xcom.py for tasks to queue
[2023-11-02T23:39:40.520+0000] {logging_mixin.py:151} INFO - [2023-11-02T23:39:40.519+0000] {dagbag.py:536} INFO - Filling up the DagBag from /home/airflow/.local/lib/python3.8/site-packages/airflow/example_dags/example_xcom.py
[2023-11-02T23:39:40.528+0000] {processor.py:839} INFO - DAG(s) dict_keys(['example_xcom']) retrieved from /home/airflow/.local/lib/python3.8/site-packages/airflow/example_dags/example_xcom.py
[2023-11-02T23:39:40.556+0000] {logging_mixin.py:151} INFO - [2023-11-02T23:39:40.555+0000] {dag.py:2941} INFO - Sync 1 DAGs
[2023-11-02T23:39:40.581+0000] {logging_mixin.py:151} INFO - [2023-11-02T23:39:40.580+0000] {dag.py:3722} INFO - Setting next_dagrun for example_xcom to 2021-01-01T00:00:00+00:00, run_after=2021-01-01T00:00:00+00:00
[2023-11-02T23:39:40.606+0000] {processor.py:179} INFO - Processing /home/airflow/.local/lib/python3.8/site-packages/airflow/example_dags/example_xcom.py took 0.093 seconds
[2023-11-02T23:40:10.944+0000] {processor.py:157} INFO - Started process (PID=1503) to work on /home/airflow/.local/lib/python3.8/site-packages/airflow/example_dags/example_xcom.py
[2023-11-02T23:40:10.945+0000] {processor.py:829} INFO - Processing file /home/airflow/.local/lib/python3.8/site-packages/airflow/example_dags/example_xcom.py for tasks to queue
[2023-11-02T23:40:10.947+0000] {logging_mixin.py:151} INFO - [2023-11-02T23:40:10.947+0000] {dagbag.py:536} INFO - Filling up the DagBag from /home/airflow/.local/lib/python3.8/site-packages/airflow/example_dags/example_xcom.py
[2023-11-02T23:40:10.955+0000] {processor.py:839} INFO - DAG(s) dict_keys(['example_xcom']) retrieved from /home/airflow/.local/lib/python3.8/site-packages/airflow/example_dags/example_xcom.py
[2023-11-02T23:40:10.983+0000] {logging_mixin.py:151} INFO - [2023-11-02T23:40:10.983+0000] {dag.py:2941} INFO - Sync 1 DAGs
[2023-11-02T23:40:11.017+0000] {logging_mixin.py:151} INFO - [2023-11-02T23:40:11.016+0000] {dag.py:3722} INFO - Setting next_dagrun for example_xcom to 2021-01-01T00:00:00+00:00, run_after=2021-01-01T00:00:00+00:00
[2023-11-02T23:40:11.045+0000] {processor.py:179} INFO - Processing /home/airflow/.local/lib/python3.8/site-packages/airflow/example_dags/example_xcom.py took 0.105 seconds
[2023-11-02T23:40:42.532+0000] {processor.py:157} INFO - Started process (PID=1557) to work on /home/airflow/.local/lib/python3.8/site-packages/airflow/example_dags/example_xcom.py
[2023-11-02T23:40:42.534+0000] {processor.py:829} INFO - Processing file /home/airflow/.local/lib/python3.8/site-packages/airflow/example_dags/example_xcom.py for tasks to queue
[2023-11-02T23:40:42.536+0000] {logging_mixin.py:151} INFO - [2023-11-02T23:40:42.536+0000] {dagbag.py:536} INFO - Filling up the DagBag from /home/airflow/.local/lib/python3.8/site-packages/airflow/example_dags/example_xcom.py
[2023-11-02T23:40:42.544+0000] {processor.py:839} INFO - DAG(s) dict_keys(['example_xcom']) retrieved from /home/airflow/.local/lib/python3.8/site-packages/airflow/example_dags/example_xcom.py
[2023-11-02T23:40:42.571+0000] {logging_mixin.py:151} INFO - [2023-11-02T23:40:42.570+0000] {dag.py:2941} INFO - Sync 1 DAGs
[2023-11-02T23:40:42.764+0000] {logging_mixin.py:151} INFO - [2023-11-02T23:40:42.763+0000] {dag.py:3722} INFO - Setting next_dagrun for example_xcom to 2021-01-01T00:00:00+00:00, run_after=2021-01-01T00:00:00+00:00
[2023-11-02T23:40:42.791+0000] {processor.py:179} INFO - Processing /home/airflow/.local/lib/python3.8/site-packages/airflow/example_dags/example_xcom.py took 0.262 seconds
[2023-11-02T23:41:12.910+0000] {processor.py:157} INFO - Started process (PID=1611) to work on /home/airflow/.local/lib/python3.8/site-packages/airflow/example_dags/example_xcom.py
[2023-11-02T23:41:12.911+0000] {processor.py:829} INFO - Processing file /home/airflow/.local/lib/python3.8/site-packages/airflow/example_dags/example_xcom.py for tasks to queue
[2023-11-02T23:41:12.914+0000] {logging_mixin.py:151} INFO - [2023-11-02T23:41:12.914+0000] {dagbag.py:536} INFO - Filling up the DagBag from /home/airflow/.local/lib/python3.8/site-packages/airflow/example_dags/example_xcom.py
[2023-11-02T23:41:12.923+0000] {processor.py:839} INFO - DAG(s) dict_keys(['example_xcom']) retrieved from /home/airflow/.local/lib/python3.8/site-packages/airflow/example_dags/example_xcom.py
[2023-11-02T23:41:12.952+0000] {logging_mixin.py:151} INFO - [2023-11-02T23:41:12.952+0000] {dag.py:2941} INFO - Sync 1 DAGs
[2023-11-02T23:41:12.978+0000] {logging_mixin.py:151} INFO - [2023-11-02T23:41:12.977+0000] {dag.py:3722} INFO - Setting next_dagrun for example_xcom to 2021-01-01T00:00:00+00:00, run_after=2021-01-01T00:00:00+00:00
[2023-11-02T23:41:13.014+0000] {processor.py:179} INFO - Processing /home/airflow/.local/lib/python3.8/site-packages/airflow/example_dags/example_xcom.py took 0.109 seconds
[2023-11-02T23:41:43.152+0000] {processor.py:157} INFO - Started process (PID=1665) to work on /home/airflow/.local/lib/python3.8/site-packages/airflow/example_dags/example_xcom.py
[2023-11-02T23:41:43.154+0000] {processor.py:829} INFO - Processing file /home/airflow/.local/lib/python3.8/site-packages/airflow/example_dags/example_xcom.py for tasks to queue
[2023-11-02T23:41:43.156+0000] {logging_mixin.py:151} INFO - [2023-11-02T23:41:43.156+0000] {dagbag.py:536} INFO - Filling up the DagBag from /home/airflow/.local/lib/python3.8/site-packages/airflow/example_dags/example_xcom.py
[2023-11-02T23:41:43.163+0000] {processor.py:839} INFO - DAG(s) dict_keys(['example_xcom']) retrieved from /home/airflow/.local/lib/python3.8/site-packages/airflow/example_dags/example_xcom.py
[2023-11-02T23:41:43.191+0000] {logging_mixin.py:151} INFO - [2023-11-02T23:41:43.191+0000] {dag.py:2941} INFO - Sync 1 DAGs
[2023-11-02T23:41:43.215+0000] {logging_mixin.py:151} INFO - [2023-11-02T23:41:43.215+0000] {dag.py:3722} INFO - Setting next_dagrun for example_xcom to 2021-01-01T00:00:00+00:00, run_after=2021-01-01T00:00:00+00:00
[2023-11-02T23:41:43.237+0000] {processor.py:179} INFO - Processing /home/airflow/.local/lib/python3.8/site-packages/airflow/example_dags/example_xcom.py took 0.088 seconds
[2023-11-02T23:42:13.360+0000] {processor.py:157} INFO - Started process (PID=1719) to work on /home/airflow/.local/lib/python3.8/site-packages/airflow/example_dags/example_xcom.py
[2023-11-02T23:42:13.361+0000] {processor.py:829} INFO - Processing file /home/airflow/.local/lib/python3.8/site-packages/airflow/example_dags/example_xcom.py for tasks to queue
[2023-11-02T23:42:13.363+0000] {logging_mixin.py:151} INFO - [2023-11-02T23:42:13.363+0000] {dagbag.py:536} INFO - Filling up the DagBag from /home/airflow/.local/lib/python3.8/site-packages/airflow/example_dags/example_xcom.py
[2023-11-02T23:42:13.371+0000] {processor.py:839} INFO - DAG(s) dict_keys(['example_xcom']) retrieved from /home/airflow/.local/lib/python3.8/site-packages/airflow/example_dags/example_xcom.py
[2023-11-02T23:42:13.398+0000] {logging_mixin.py:151} INFO - [2023-11-02T23:42:13.398+0000] {dag.py:2941} INFO - Sync 1 DAGs
[2023-11-02T23:42:13.421+0000] {logging_mixin.py:151} INFO - [2023-11-02T23:42:13.420+0000] {dag.py:3722} INFO - Setting next_dagrun for example_xcom to 2021-01-01T00:00:00+00:00, run_after=2021-01-01T00:00:00+00:00
[2023-11-02T23:42:13.445+0000] {processor.py:179} INFO - Processing /home/airflow/.local/lib/python3.8/site-packages/airflow/example_dags/example_xcom.py took 0.088 seconds
[2023-11-02T23:42:43.601+0000] {processor.py:157} INFO - Started process (PID=1773) to work on /home/airflow/.local/lib/python3.8/site-packages/airflow/example_dags/example_xcom.py
[2023-11-02T23:42:43.603+0000] {processor.py:829} INFO - Processing file /home/airflow/.local/lib/python3.8/site-packages/airflow/example_dags/example_xcom.py for tasks to queue
[2023-11-02T23:42:43.605+0000] {logging_mixin.py:151} INFO - [2023-11-02T23:42:43.605+0000] {dagbag.py:536} INFO - Filling up the DagBag from /home/airflow/.local/lib/python3.8/site-packages/airflow/example_dags/example_xcom.py
[2023-11-02T23:42:43.612+0000] {processor.py:839} INFO - DAG(s) dict_keys(['example_xcom']) retrieved from /home/airflow/.local/lib/python3.8/site-packages/airflow/example_dags/example_xcom.py
[2023-11-02T23:42:43.637+0000] {logging_mixin.py:151} INFO - [2023-11-02T23:42:43.637+0000] {dag.py:2941} INFO - Sync 1 DAGs
[2023-11-02T23:42:43.660+0000] {logging_mixin.py:151} INFO - [2023-11-02T23:42:43.660+0000] {dag.py:3722} INFO - Setting next_dagrun for example_xcom to 2021-01-01T00:00:00+00:00, run_after=2021-01-01T00:00:00+00:00
[2023-11-02T23:42:43.684+0000] {processor.py:179} INFO - Processing /home/airflow/.local/lib/python3.8/site-packages/airflow/example_dags/example_xcom.py took 0.086 seconds
[2023-11-02T23:43:13.781+0000] {processor.py:157} INFO - Started process (PID=1827) to work on /home/airflow/.local/lib/python3.8/site-packages/airflow/example_dags/example_xcom.py
[2023-11-02T23:43:13.782+0000] {processor.py:829} INFO - Processing file /home/airflow/.local/lib/python3.8/site-packages/airflow/example_dags/example_xcom.py for tasks to queue
[2023-11-02T23:43:13.784+0000] {logging_mixin.py:151} INFO - [2023-11-02T23:43:13.784+0000] {dagbag.py:536} INFO - Filling up the DagBag from /home/airflow/.local/lib/python3.8/site-packages/airflow/example_dags/example_xcom.py
[2023-11-02T23:43:13.793+0000] {processor.py:839} INFO - DAG(s) dict_keys(['example_xcom']) retrieved from /home/airflow/.local/lib/python3.8/site-packages/airflow/example_dags/example_xcom.py
[2023-11-02T23:43:13.815+0000] {logging_mixin.py:151} INFO - [2023-11-02T23:43:13.815+0000] {dag.py:2941} INFO - Sync 1 DAGs
[2023-11-02T23:43:13.840+0000] {logging_mixin.py:151} INFO - [2023-11-02T23:43:13.840+0000] {dag.py:3722} INFO - Setting next_dagrun for example_xcom to 2021-01-01T00:00:00+00:00, run_after=2021-01-01T00:00:00+00:00
[2023-11-02T23:43:13.869+0000] {processor.py:179} INFO - Processing /home/airflow/.local/lib/python3.8/site-packages/airflow/example_dags/example_xcom.py took 0.091 seconds
[2023-11-02T23:43:44.064+0000] {processor.py:157} INFO - Started process (PID=1881) to work on /home/airflow/.local/lib/python3.8/site-packages/airflow/example_dags/example_xcom.py
[2023-11-02T23:43:44.066+0000] {processor.py:829} INFO - Processing file /home/airflow/.local/lib/python3.8/site-packages/airflow/example_dags/example_xcom.py for tasks to queue
[2023-11-02T23:43:44.068+0000] {logging_mixin.py:151} INFO - [2023-11-02T23:43:44.068+0000] {dagbag.py:536} INFO - Filling up the DagBag from /home/airflow/.local/lib/python3.8/site-packages/airflow/example_dags/example_xcom.py
[2023-11-02T23:43:44.076+0000] {processor.py:839} INFO - DAG(s) dict_keys(['example_xcom']) retrieved from /home/airflow/.local/lib/python3.8/site-packages/airflow/example_dags/example_xcom.py
[2023-11-02T23:43:44.102+0000] {logging_mixin.py:151} INFO - [2023-11-02T23:43:44.102+0000] {dag.py:2941} INFO - Sync 1 DAGs
[2023-11-02T23:43:44.127+0000] {logging_mixin.py:151} INFO - [2023-11-02T23:43:44.127+0000] {dag.py:3722} INFO - Setting next_dagrun for example_xcom to 2021-01-01T00:00:00+00:00, run_after=2021-01-01T00:00:00+00:00
[2023-11-02T23:43:44.156+0000] {processor.py:179} INFO - Processing /home/airflow/.local/lib/python3.8/site-packages/airflow/example_dags/example_xcom.py took 0.095 seconds
[2023-11-02T23:44:14.392+0000] {processor.py:157} INFO - Started process (PID=1935) to work on /home/airflow/.local/lib/python3.8/site-packages/airflow/example_dags/example_xcom.py
[2023-11-02T23:44:14.393+0000] {processor.py:829} INFO - Processing file /home/airflow/.local/lib/python3.8/site-packages/airflow/example_dags/example_xcom.py for tasks to queue
[2023-11-02T23:44:14.396+0000] {logging_mixin.py:151} INFO - [2023-11-02T23:44:14.396+0000] {dagbag.py:536} INFO - Filling up the DagBag from /home/airflow/.local/lib/python3.8/site-packages/airflow/example_dags/example_xcom.py
[2023-11-02T23:44:14.406+0000] {processor.py:839} INFO - DAG(s) dict_keys(['example_xcom']) retrieved from /home/airflow/.local/lib/python3.8/site-packages/airflow/example_dags/example_xcom.py
[2023-11-02T23:44:14.442+0000] {logging_mixin.py:151} INFO - [2023-11-02T23:44:14.442+0000] {dag.py:2941} INFO - Sync 1 DAGs
[2023-11-02T23:44:14.468+0000] {logging_mixin.py:151} INFO - [2023-11-02T23:44:14.467+0000] {dag.py:3722} INFO - Setting next_dagrun for example_xcom to 2021-01-01T00:00:00+00:00, run_after=2021-01-01T00:00:00+00:00
[2023-11-02T23:44:14.499+0000] {processor.py:179} INFO - Processing /home/airflow/.local/lib/python3.8/site-packages/airflow/example_dags/example_xcom.py took 0.112 seconds
[2023-11-02T23:44:44.590+0000] {processor.py:157} INFO - Started process (PID=1989) to work on /home/airflow/.local/lib/python3.8/site-packages/airflow/example_dags/example_xcom.py
[2023-11-02T23:44:44.591+0000] {processor.py:829} INFO - Processing file /home/airflow/.local/lib/python3.8/site-packages/airflow/example_dags/example_xcom.py for tasks to queue
[2023-11-02T23:44:44.594+0000] {logging_mixin.py:151} INFO - [2023-11-02T23:44:44.593+0000] {dagbag.py:536} INFO - Filling up the DagBag from /home/airflow/.local/lib/python3.8/site-packages/airflow/example_dags/example_xcom.py
[2023-11-02T23:44:44.602+0000] {processor.py:839} INFO - DAG(s) dict_keys(['example_xcom']) retrieved from /home/airflow/.local/lib/python3.8/site-packages/airflow/example_dags/example_xcom.py
[2023-11-02T23:44:44.630+0000] {logging_mixin.py:151} INFO - [2023-11-02T23:44:44.630+0000] {dag.py:2941} INFO - Sync 1 DAGs
[2023-11-02T23:44:44.659+0000] {logging_mixin.py:151} INFO - [2023-11-02T23:44:44.658+0000] {dag.py:3722} INFO - Setting next_dagrun for example_xcom to 2021-01-01T00:00:00+00:00, run_after=2021-01-01T00:00:00+00:00
[2023-11-02T23:44:44.723+0000] {processor.py:179} INFO - Processing /home/airflow/.local/lib/python3.8/site-packages/airflow/example_dags/example_xcom.py took 0.136 seconds
[2023-11-02T23:45:15.196+0000] {processor.py:157} INFO - Started process (PID=2043) to work on /home/airflow/.local/lib/python3.8/site-packages/airflow/example_dags/example_xcom.py
[2023-11-02T23:45:15.198+0000] {processor.py:829} INFO - Processing file /home/airflow/.local/lib/python3.8/site-packages/airflow/example_dags/example_xcom.py for tasks to queue
[2023-11-02T23:45:15.200+0000] {logging_mixin.py:151} INFO - [2023-11-02T23:45:15.200+0000] {dagbag.py:536} INFO - Filling up the DagBag from /home/airflow/.local/lib/python3.8/site-packages/airflow/example_dags/example_xcom.py
[2023-11-02T23:45:15.210+0000] {processor.py:839} INFO - DAG(s) dict_keys(['example_xcom']) retrieved from /home/airflow/.local/lib/python3.8/site-packages/airflow/example_dags/example_xcom.py
[2023-11-02T23:45:15.241+0000] {logging_mixin.py:151} INFO - [2023-11-02T23:45:15.241+0000] {dag.py:2941} INFO - Sync 1 DAGs
[2023-11-02T23:45:15.269+0000] {logging_mixin.py:151} INFO - [2023-11-02T23:45:15.269+0000] {dag.py:3722} INFO - Setting next_dagrun for example_xcom to 2021-01-01T00:00:00+00:00, run_after=2021-01-01T00:00:00+00:00
[2023-11-02T23:45:15.297+0000] {processor.py:179} INFO - Processing /home/airflow/.local/lib/python3.8/site-packages/airflow/example_dags/example_xcom.py took 0.106 seconds
[2023-11-02T23:45:45.330+0000] {processor.py:157} INFO - Started process (PID=2097) to work on /home/airflow/.local/lib/python3.8/site-packages/airflow/example_dags/example_xcom.py
[2023-11-02T23:45:45.331+0000] {processor.py:829} INFO - Processing file /home/airflow/.local/lib/python3.8/site-packages/airflow/example_dags/example_xcom.py for tasks to queue
[2023-11-02T23:45:45.333+0000] {logging_mixin.py:151} INFO - [2023-11-02T23:45:45.333+0000] {dagbag.py:536} INFO - Filling up the DagBag from /home/airflow/.local/lib/python3.8/site-packages/airflow/example_dags/example_xcom.py
[2023-11-02T23:45:45.341+0000] {processor.py:839} INFO - DAG(s) dict_keys(['example_xcom']) retrieved from /home/airflow/.local/lib/python3.8/site-packages/airflow/example_dags/example_xcom.py
[2023-11-02T23:45:45.370+0000] {logging_mixin.py:151} INFO - [2023-11-02T23:45:45.369+0000] {dag.py:2941} INFO - Sync 1 DAGs
[2023-11-02T23:45:45.396+0000] {logging_mixin.py:151} INFO - [2023-11-02T23:45:45.396+0000] {dag.py:3722} INFO - Setting next_dagrun for example_xcom to 2021-01-01T00:00:00+00:00, run_after=2021-01-01T00:00:00+00:00
[2023-11-02T23:45:45.426+0000] {processor.py:179} INFO - Processing /home/airflow/.local/lib/python3.8/site-packages/airflow/example_dags/example_xcom.py took 0.099 seconds
[2023-11-02T23:46:15.637+0000] {processor.py:157} INFO - Started process (PID=2151) to work on /home/airflow/.local/lib/python3.8/site-packages/airflow/example_dags/example_xcom.py
[2023-11-02T23:46:15.638+0000] {processor.py:829} INFO - Processing file /home/airflow/.local/lib/python3.8/site-packages/airflow/example_dags/example_xcom.py for tasks to queue
[2023-11-02T23:46:15.641+0000] {logging_mixin.py:151} INFO - [2023-11-02T23:46:15.641+0000] {dagbag.py:536} INFO - Filling up the DagBag from /home/airflow/.local/lib/python3.8/site-packages/airflow/example_dags/example_xcom.py
[2023-11-02T23:46:15.650+0000] {processor.py:839} INFO - DAG(s) dict_keys(['example_xcom']) retrieved from /home/airflow/.local/lib/python3.8/site-packages/airflow/example_dags/example_xcom.py
[2023-11-02T23:46:15.683+0000] {logging_mixin.py:151} INFO - [2023-11-02T23:46:15.682+0000] {dag.py:2941} INFO - Sync 1 DAGs
[2023-11-02T23:46:15.722+0000] {logging_mixin.py:151} INFO - [2023-11-02T23:46:15.709+0000] {dag.py:3722} INFO - Setting next_dagrun for example_xcom to 2021-01-01T00:00:00+00:00, run_after=2021-01-01T00:00:00+00:00
[2023-11-02T23:46:15.752+0000] {processor.py:179} INFO - Processing /home/airflow/.local/lib/python3.8/site-packages/airflow/example_dags/example_xcom.py took 0.118 seconds
[2023-11-02T23:46:45.887+0000] {processor.py:157} INFO - Started process (PID=2205) to work on /home/airflow/.local/lib/python3.8/site-packages/airflow/example_dags/example_xcom.py
[2023-11-02T23:46:45.888+0000] {processor.py:829} INFO - Processing file /home/airflow/.local/lib/python3.8/site-packages/airflow/example_dags/example_xcom.py for tasks to queue
[2023-11-02T23:46:45.896+0000] {logging_mixin.py:151} INFO - [2023-11-02T23:46:45.896+0000] {dagbag.py:536} INFO - Filling up the DagBag from /home/airflow/.local/lib/python3.8/site-packages/airflow/example_dags/example_xcom.py
[2023-11-02T23:46:45.908+0000] {processor.py:839} INFO - DAG(s) dict_keys(['example_xcom']) retrieved from /home/airflow/.local/lib/python3.8/site-packages/airflow/example_dags/example_xcom.py
[2023-11-02T23:46:45.947+0000] {logging_mixin.py:151} INFO - [2023-11-02T23:46:45.947+0000] {dag.py:2941} INFO - Sync 1 DAGs
[2023-11-02T23:46:45.973+0000] {logging_mixin.py:151} INFO - [2023-11-02T23:46:45.972+0000] {dag.py:3722} INFO - Setting next_dagrun for example_xcom to 2021-01-01T00:00:00+00:00, run_after=2021-01-01T00:00:00+00:00
[2023-11-02T23:46:46.006+0000] {processor.py:179} INFO - Processing /home/airflow/.local/lib/python3.8/site-packages/airflow/example_dags/example_xcom.py took 0.123 seconds
[2023-11-02T23:47:16.114+0000] {processor.py:157} INFO - Started process (PID=2258) to work on /home/airflow/.local/lib/python3.8/site-packages/airflow/example_dags/example_xcom.py
[2023-11-02T23:47:16.115+0000] {processor.py:829} INFO - Processing file /home/airflow/.local/lib/python3.8/site-packages/airflow/example_dags/example_xcom.py for tasks to queue
[2023-11-02T23:47:16.117+0000] {logging_mixin.py:151} INFO - [2023-11-02T23:47:16.117+0000] {dagbag.py:536} INFO - Filling up the DagBag from /home/airflow/.local/lib/python3.8/site-packages/airflow/example_dags/example_xcom.py
[2023-11-02T23:47:16.126+0000] {processor.py:839} INFO - DAG(s) dict_keys(['example_xcom']) retrieved from /home/airflow/.local/lib/python3.8/site-packages/airflow/example_dags/example_xcom.py
[2023-11-02T23:47:16.157+0000] {logging_mixin.py:151} INFO - [2023-11-02T23:47:16.157+0000] {dag.py:2941} INFO - Sync 1 DAGs
[2023-11-02T23:47:16.187+0000] {logging_mixin.py:151} INFO - [2023-11-02T23:47:16.187+0000] {dag.py:3722} INFO - Setting next_dagrun for example_xcom to 2021-01-01T00:00:00+00:00, run_after=2021-01-01T00:00:00+00:00
[2023-11-02T23:47:16.221+0000] {processor.py:179} INFO - Processing /home/airflow/.local/lib/python3.8/site-packages/airflow/example_dags/example_xcom.py took 0.111 seconds
[2023-11-02T23:47:46.511+0000] {processor.py:157} INFO - Started process (PID=2312) to work on /home/airflow/.local/lib/python3.8/site-packages/airflow/example_dags/example_xcom.py
[2023-11-02T23:47:46.513+0000] {processor.py:829} INFO - Processing file /home/airflow/.local/lib/python3.8/site-packages/airflow/example_dags/example_xcom.py for tasks to queue
[2023-11-02T23:47:46.516+0000] {logging_mixin.py:151} INFO - [2023-11-02T23:47:46.515+0000] {dagbag.py:536} INFO - Filling up the DagBag from /home/airflow/.local/lib/python3.8/site-packages/airflow/example_dags/example_xcom.py
[2023-11-02T23:47:46.523+0000] {processor.py:839} INFO - DAG(s) dict_keys(['example_xcom']) retrieved from /home/airflow/.local/lib/python3.8/site-packages/airflow/example_dags/example_xcom.py
[2023-11-02T23:47:46.552+0000] {logging_mixin.py:151} INFO - [2023-11-02T23:47:46.552+0000] {dag.py:2941} INFO - Sync 1 DAGs
[2023-11-02T23:47:46.579+0000] {logging_mixin.py:151} INFO - [2023-11-02T23:47:46.579+0000] {dag.py:3722} INFO - Setting next_dagrun for example_xcom to 2021-01-01T00:00:00+00:00, run_after=2021-01-01T00:00:00+00:00
[2023-11-02T23:47:46.606+0000] {processor.py:179} INFO - Processing /home/airflow/.local/lib/python3.8/site-packages/airflow/example_dags/example_xcom.py took 0.098 seconds
[2023-11-02T23:48:58.204+0000] {processor.py:157} INFO - Started process (PID=43) to work on /home/airflow/.local/lib/python3.8/site-packages/airflow/example_dags/example_xcom.py
[2023-11-02T23:48:58.206+0000] {processor.py:829} INFO - Processing file /home/airflow/.local/lib/python3.8/site-packages/airflow/example_dags/example_xcom.py for tasks to queue
[2023-11-02T23:48:58.208+0000] {logging_mixin.py:151} INFO - [2023-11-02T23:48:58.208+0000] {dagbag.py:536} INFO - Filling up the DagBag from /home/airflow/.local/lib/python3.8/site-packages/airflow/example_dags/example_xcom.py
[2023-11-02T23:48:58.221+0000] {processor.py:839} INFO - DAG(s) dict_keys(['example_xcom']) retrieved from /home/airflow/.local/lib/python3.8/site-packages/airflow/example_dags/example_xcom.py
[2023-11-02T23:48:58.244+0000] {logging_mixin.py:151} INFO - [2023-11-02T23:48:58.243+0000] {dag.py:2941} INFO - Sync 1 DAGs
[2023-11-02T23:48:58.314+0000] {logging_mixin.py:151} INFO - [2023-11-02T23:48:58.314+0000] {dag.py:3722} INFO - Setting next_dagrun for example_xcom to 2021-01-01T00:00:00+00:00, run_after=2021-01-01T00:00:00+00:00
[2023-11-02T23:48:58.343+0000] {processor.py:179} INFO - Processing /home/airflow/.local/lib/python3.8/site-packages/airflow/example_dags/example_xcom.py took 0.145 seconds
[2023-11-02T23:49:28.387+0000] {processor.py:157} INFO - Started process (PID=97) to work on /home/airflow/.local/lib/python3.8/site-packages/airflow/example_dags/example_xcom.py
[2023-11-02T23:49:28.389+0000] {processor.py:829} INFO - Processing file /home/airflow/.local/lib/python3.8/site-packages/airflow/example_dags/example_xcom.py for tasks to queue
[2023-11-02T23:49:28.391+0000] {logging_mixin.py:151} INFO - [2023-11-02T23:49:28.391+0000] {dagbag.py:536} INFO - Filling up the DagBag from /home/airflow/.local/lib/python3.8/site-packages/airflow/example_dags/example_xcom.py
[2023-11-02T23:49:28.399+0000] {processor.py:839} INFO - DAG(s) dict_keys(['example_xcom']) retrieved from /home/airflow/.local/lib/python3.8/site-packages/airflow/example_dags/example_xcom.py
[2023-11-02T23:49:28.425+0000] {logging_mixin.py:151} INFO - [2023-11-02T23:49:28.425+0000] {dag.py:2941} INFO - Sync 1 DAGs
[2023-11-02T23:49:28.452+0000] {logging_mixin.py:151} INFO - [2023-11-02T23:49:28.451+0000] {dag.py:3722} INFO - Setting next_dagrun for example_xcom to 2021-01-01T00:00:00+00:00, run_after=2021-01-01T00:00:00+00:00
[2023-11-02T23:49:28.481+0000] {processor.py:179} INFO - Processing /home/airflow/.local/lib/python3.8/site-packages/airflow/example_dags/example_xcom.py took 0.097 seconds
[2023-11-02T23:49:58.619+0000] {processor.py:157} INFO - Started process (PID=151) to work on /home/airflow/.local/lib/python3.8/site-packages/airflow/example_dags/example_xcom.py
[2023-11-02T23:49:58.621+0000] {processor.py:829} INFO - Processing file /home/airflow/.local/lib/python3.8/site-packages/airflow/example_dags/example_xcom.py for tasks to queue
[2023-11-02T23:49:58.627+0000] {logging_mixin.py:151} INFO - [2023-11-02T23:49:58.623+0000] {dagbag.py:536} INFO - Filling up the DagBag from /home/airflow/.local/lib/python3.8/site-packages/airflow/example_dags/example_xcom.py
[2023-11-02T23:49:58.635+0000] {processor.py:839} INFO - DAG(s) dict_keys(['example_xcom']) retrieved from /home/airflow/.local/lib/python3.8/site-packages/airflow/example_dags/example_xcom.py
[2023-11-02T23:49:58.662+0000] {logging_mixin.py:151} INFO - [2023-11-02T23:49:58.662+0000] {dag.py:2941} INFO - Sync 1 DAGs
[2023-11-02T23:49:58.688+0000] {logging_mixin.py:151} INFO - [2023-11-02T23:49:58.688+0000] {dag.py:3722} INFO - Setting next_dagrun for example_xcom to 2021-01-01T00:00:00+00:00, run_after=2021-01-01T00:00:00+00:00
[2023-11-02T23:49:58.716+0000] {processor.py:179} INFO - Processing /home/airflow/.local/lib/python3.8/site-packages/airflow/example_dags/example_xcom.py took 0.101 seconds
[2023-11-02T23:50:29.060+0000] {processor.py:157} INFO - Started process (PID=205) to work on /home/airflow/.local/lib/python3.8/site-packages/airflow/example_dags/example_xcom.py
[2023-11-02T23:50:29.062+0000] {processor.py:829} INFO - Processing file /home/airflow/.local/lib/python3.8/site-packages/airflow/example_dags/example_xcom.py for tasks to queue
[2023-11-02T23:50:29.064+0000] {logging_mixin.py:151} INFO - [2023-11-02T23:50:29.063+0000] {dagbag.py:536} INFO - Filling up the DagBag from /home/airflow/.local/lib/python3.8/site-packages/airflow/example_dags/example_xcom.py
[2023-11-02T23:50:29.071+0000] {processor.py:839} INFO - DAG(s) dict_keys(['example_xcom']) retrieved from /home/airflow/.local/lib/python3.8/site-packages/airflow/example_dags/example_xcom.py
[2023-11-02T23:50:29.097+0000] {logging_mixin.py:151} INFO - [2023-11-02T23:50:29.097+0000] {dag.py:2941} INFO - Sync 1 DAGs
[2023-11-02T23:50:29.123+0000] {logging_mixin.py:151} INFO - [2023-11-02T23:50:29.122+0000] {dag.py:3722} INFO - Setting next_dagrun for example_xcom to 2021-01-01T00:00:00+00:00, run_after=2021-01-01T00:00:00+00:00
[2023-11-02T23:50:29.147+0000] {processor.py:179} INFO - Processing /home/airflow/.local/lib/python3.8/site-packages/airflow/example_dags/example_xcom.py took 0.091 seconds
[2023-11-02T23:50:59.501+0000] {processor.py:157} INFO - Started process (PID=259) to work on /home/airflow/.local/lib/python3.8/site-packages/airflow/example_dags/example_xcom.py
[2023-11-02T23:50:59.503+0000] {processor.py:829} INFO - Processing file /home/airflow/.local/lib/python3.8/site-packages/airflow/example_dags/example_xcom.py for tasks to queue
[2023-11-02T23:50:59.505+0000] {logging_mixin.py:151} INFO - [2023-11-02T23:50:59.505+0000] {dagbag.py:536} INFO - Filling up the DagBag from /home/airflow/.local/lib/python3.8/site-packages/airflow/example_dags/example_xcom.py
[2023-11-02T23:50:59.513+0000] {processor.py:839} INFO - DAG(s) dict_keys(['example_xcom']) retrieved from /home/airflow/.local/lib/python3.8/site-packages/airflow/example_dags/example_xcom.py
[2023-11-02T23:50:59.541+0000] {logging_mixin.py:151} INFO - [2023-11-02T23:50:59.540+0000] {dag.py:2941} INFO - Sync 1 DAGs
[2023-11-02T23:50:59.566+0000] {logging_mixin.py:151} INFO - [2023-11-02T23:50:59.566+0000] {dag.py:3722} INFO - Setting next_dagrun for example_xcom to 2021-01-01T00:00:00+00:00, run_after=2021-01-01T00:00:00+00:00
[2023-11-02T23:50:59.595+0000] {processor.py:179} INFO - Processing /home/airflow/.local/lib/python3.8/site-packages/airflow/example_dags/example_xcom.py took 0.096 seconds
[2023-11-02T23:51:29.832+0000] {processor.py:157} INFO - Started process (PID=313) to work on /home/airflow/.local/lib/python3.8/site-packages/airflow/example_dags/example_xcom.py
[2023-11-02T23:51:29.833+0000] {processor.py:829} INFO - Processing file /home/airflow/.local/lib/python3.8/site-packages/airflow/example_dags/example_xcom.py for tasks to queue
[2023-11-02T23:51:29.835+0000] {logging_mixin.py:151} INFO - [2023-11-02T23:51:29.834+0000] {dagbag.py:536} INFO - Filling up the DagBag from /home/airflow/.local/lib/python3.8/site-packages/airflow/example_dags/example_xcom.py
[2023-11-02T23:51:29.846+0000] {processor.py:839} INFO - DAG(s) dict_keys(['example_xcom']) retrieved from /home/airflow/.local/lib/python3.8/site-packages/airflow/example_dags/example_xcom.py
[2023-11-02T23:51:29.885+0000] {logging_mixin.py:151} INFO - [2023-11-02T23:51:29.884+0000] {dag.py:2941} INFO - Sync 1 DAGs
[2023-11-02T23:51:29.915+0000] {logging_mixin.py:151} INFO - [2023-11-02T23:51:29.915+0000] {dag.py:3722} INFO - Setting next_dagrun for example_xcom to 2021-01-01T00:00:00+00:00, run_after=2021-01-01T00:00:00+00:00
[2023-11-02T23:51:29.938+0000] {processor.py:179} INFO - Processing /home/airflow/.local/lib/python3.8/site-packages/airflow/example_dags/example_xcom.py took 0.109 seconds
[2023-11-02T23:52:00.096+0000] {processor.py:157} INFO - Started process (PID=367) to work on /home/airflow/.local/lib/python3.8/site-packages/airflow/example_dags/example_xcom.py
[2023-11-02T23:52:00.098+0000] {processor.py:829} INFO - Processing file /home/airflow/.local/lib/python3.8/site-packages/airflow/example_dags/example_xcom.py for tasks to queue
[2023-11-02T23:52:00.100+0000] {logging_mixin.py:151} INFO - [2023-11-02T23:52:00.100+0000] {dagbag.py:536} INFO - Filling up the DagBag from /home/airflow/.local/lib/python3.8/site-packages/airflow/example_dags/example_xcom.py
[2023-11-02T23:52:00.108+0000] {processor.py:839} INFO - DAG(s) dict_keys(['example_xcom']) retrieved from /home/airflow/.local/lib/python3.8/site-packages/airflow/example_dags/example_xcom.py
[2023-11-02T23:52:00.137+0000] {logging_mixin.py:151} INFO - [2023-11-02T23:52:00.137+0000] {dag.py:2941} INFO - Sync 1 DAGs
[2023-11-02T23:52:00.165+0000] {logging_mixin.py:151} INFO - [2023-11-02T23:52:00.165+0000] {dag.py:3722} INFO - Setting next_dagrun for example_xcom to 2021-01-01T00:00:00+00:00, run_after=2021-01-01T00:00:00+00:00
[2023-11-02T23:52:00.198+0000] {processor.py:179} INFO - Processing /home/airflow/.local/lib/python3.8/site-packages/airflow/example_dags/example_xcom.py took 0.105 seconds
[2023-11-02T23:52:30.234+0000] {processor.py:157} INFO - Started process (PID=420) to work on /home/airflow/.local/lib/python3.8/site-packages/airflow/example_dags/example_xcom.py
[2023-11-02T23:52:30.235+0000] {processor.py:829} INFO - Processing file /home/airflow/.local/lib/python3.8/site-packages/airflow/example_dags/example_xcom.py for tasks to queue
[2023-11-02T23:52:30.238+0000] {logging_mixin.py:151} INFO - [2023-11-02T23:52:30.237+0000] {dagbag.py:536} INFO - Filling up the DagBag from /home/airflow/.local/lib/python3.8/site-packages/airflow/example_dags/example_xcom.py
[2023-11-02T23:52:30.247+0000] {processor.py:839} INFO - DAG(s) dict_keys(['example_xcom']) retrieved from /home/airflow/.local/lib/python3.8/site-packages/airflow/example_dags/example_xcom.py
[2023-11-02T23:52:30.274+0000] {logging_mixin.py:151} INFO - [2023-11-02T23:52:30.273+0000] {dag.py:2941} INFO - Sync 1 DAGs
[2023-11-02T23:52:30.306+0000] {logging_mixin.py:151} INFO - [2023-11-02T23:52:30.306+0000] {dag.py:3722} INFO - Setting next_dagrun for example_xcom to 2021-01-01T00:00:00+00:00, run_after=2021-01-01T00:00:00+00:00
[2023-11-02T23:52:30.331+0000] {processor.py:179} INFO - Processing /home/airflow/.local/lib/python3.8/site-packages/airflow/example_dags/example_xcom.py took 0.100 seconds
[2023-11-02T23:53:00.599+0000] {processor.py:157} INFO - Started process (PID=475) to work on /home/airflow/.local/lib/python3.8/site-packages/airflow/example_dags/example_xcom.py
[2023-11-02T23:53:00.600+0000] {processor.py:829} INFO - Processing file /home/airflow/.local/lib/python3.8/site-packages/airflow/example_dags/example_xcom.py for tasks to queue
[2023-11-02T23:53:00.602+0000] {logging_mixin.py:151} INFO - [2023-11-02T23:53:00.602+0000] {dagbag.py:536} INFO - Filling up the DagBag from /home/airflow/.local/lib/python3.8/site-packages/airflow/example_dags/example_xcom.py
[2023-11-02T23:53:00.610+0000] {processor.py:839} INFO - DAG(s) dict_keys(['example_xcom']) retrieved from /home/airflow/.local/lib/python3.8/site-packages/airflow/example_dags/example_xcom.py
[2023-11-02T23:53:00.641+0000] {logging_mixin.py:151} INFO - [2023-11-02T23:53:00.641+0000] {dag.py:2941} INFO - Sync 1 DAGs
[2023-11-02T23:53:00.678+0000] {logging_mixin.py:151} INFO - [2023-11-02T23:53:00.678+0000] {dag.py:3722} INFO - Setting next_dagrun for example_xcom to 2021-01-01T00:00:00+00:00, run_after=2021-01-01T00:00:00+00:00
[2023-11-02T23:53:00.708+0000] {processor.py:179} INFO - Processing /home/airflow/.local/lib/python3.8/site-packages/airflow/example_dags/example_xcom.py took 0.112 seconds
[2023-11-02T23:53:30.812+0000] {processor.py:157} INFO - Started process (PID=529) to work on /home/airflow/.local/lib/python3.8/site-packages/airflow/example_dags/example_xcom.py
[2023-11-02T23:53:30.812+0000] {processor.py:829} INFO - Processing file /home/airflow/.local/lib/python3.8/site-packages/airflow/example_dags/example_xcom.py for tasks to queue
[2023-11-02T23:53:30.815+0000] {logging_mixin.py:151} INFO - [2023-11-02T23:53:30.814+0000] {dagbag.py:536} INFO - Filling up the DagBag from /home/airflow/.local/lib/python3.8/site-packages/airflow/example_dags/example_xcom.py
[2023-11-02T23:53:30.821+0000] {processor.py:839} INFO - DAG(s) dict_keys(['example_xcom']) retrieved from /home/airflow/.local/lib/python3.8/site-packages/airflow/example_dags/example_xcom.py
[2023-11-02T23:53:30.848+0000] {logging_mixin.py:151} INFO - [2023-11-02T23:53:30.847+0000] {dag.py:2941} INFO - Sync 1 DAGs
[2023-11-02T23:53:30.872+0000] {logging_mixin.py:151} INFO - [2023-11-02T23:53:30.872+0000] {dag.py:3722} INFO - Setting next_dagrun for example_xcom to 2021-01-01T00:00:00+00:00, run_after=2021-01-01T00:00:00+00:00
[2023-11-02T23:53:30.897+0000] {processor.py:179} INFO - Processing /home/airflow/.local/lib/python3.8/site-packages/airflow/example_dags/example_xcom.py took 0.089 seconds
[2023-11-02T23:54:01.067+0000] {processor.py:157} INFO - Started process (PID=583) to work on /home/airflow/.local/lib/python3.8/site-packages/airflow/example_dags/example_xcom.py
[2023-11-02T23:54:01.069+0000] {processor.py:829} INFO - Processing file /home/airflow/.local/lib/python3.8/site-packages/airflow/example_dags/example_xcom.py for tasks to queue
[2023-11-02T23:54:01.072+0000] {logging_mixin.py:151} INFO - [2023-11-02T23:54:01.071+0000] {dagbag.py:536} INFO - Filling up the DagBag from /home/airflow/.local/lib/python3.8/site-packages/airflow/example_dags/example_xcom.py
[2023-11-02T23:54:01.084+0000] {processor.py:839} INFO - DAG(s) dict_keys(['example_xcom']) retrieved from /home/airflow/.local/lib/python3.8/site-packages/airflow/example_dags/example_xcom.py
[2023-11-02T23:54:01.114+0000] {logging_mixin.py:151} INFO - [2023-11-02T23:54:01.114+0000] {dag.py:2941} INFO - Sync 1 DAGs
[2023-11-02T23:54:01.146+0000] {logging_mixin.py:151} INFO - [2023-11-02T23:54:01.145+0000] {dag.py:3722} INFO - Setting next_dagrun for example_xcom to 2021-01-01T00:00:00+00:00, run_after=2021-01-01T00:00:00+00:00
[2023-11-02T23:54:01.173+0000] {processor.py:179} INFO - Processing /home/airflow/.local/lib/python3.8/site-packages/airflow/example_dags/example_xcom.py took 0.111 seconds
[2023-11-02T23:54:31.387+0000] {processor.py:157} INFO - Started process (PID=638) to work on /home/airflow/.local/lib/python3.8/site-packages/airflow/example_dags/example_xcom.py
[2023-11-02T23:54:31.389+0000] {processor.py:829} INFO - Processing file /home/airflow/.local/lib/python3.8/site-packages/airflow/example_dags/example_xcom.py for tasks to queue
[2023-11-02T23:54:31.399+0000] {logging_mixin.py:151} INFO - [2023-11-02T23:54:31.399+0000] {dagbag.py:536} INFO - Filling up the DagBag from /home/airflow/.local/lib/python3.8/site-packages/airflow/example_dags/example_xcom.py
[2023-11-02T23:54:31.425+0000] {processor.py:839} INFO - DAG(s) dict_keys(['example_xcom']) retrieved from /home/airflow/.local/lib/python3.8/site-packages/airflow/example_dags/example_xcom.py
[2023-11-02T23:54:31.457+0000] {logging_mixin.py:151} INFO - [2023-11-02T23:54:31.457+0000] {dag.py:2941} INFO - Sync 1 DAGs
[2023-11-02T23:54:31.491+0000] {logging_mixin.py:151} INFO - [2023-11-02T23:54:31.490+0000] {dag.py:3722} INFO - Setting next_dagrun for example_xcom to 2021-01-01T00:00:00+00:00, run_after=2021-01-01T00:00:00+00:00
[2023-11-02T23:54:31.517+0000] {processor.py:179} INFO - Processing /home/airflow/.local/lib/python3.8/site-packages/airflow/example_dags/example_xcom.py took 0.135 seconds
[2023-11-02T23:55:01.991+0000] {processor.py:157} INFO - Started process (PID=691) to work on /home/airflow/.local/lib/python3.8/site-packages/airflow/example_dags/example_xcom.py
[2023-11-02T23:55:01.995+0000] {processor.py:829} INFO - Processing file /home/airflow/.local/lib/python3.8/site-packages/airflow/example_dags/example_xcom.py for tasks to queue
[2023-11-02T23:55:02.003+0000] {logging_mixin.py:151} INFO - [2023-11-02T23:55:02.002+0000] {dagbag.py:536} INFO - Filling up the DagBag from /home/airflow/.local/lib/python3.8/site-packages/airflow/example_dags/example_xcom.py
[2023-11-02T23:55:02.019+0000] {processor.py:839} INFO - DAG(s) dict_keys(['example_xcom']) retrieved from /home/airflow/.local/lib/python3.8/site-packages/airflow/example_dags/example_xcom.py
[2023-11-02T23:55:02.069+0000] {logging_mixin.py:151} INFO - [2023-11-02T23:55:02.069+0000] {dag.py:2941} INFO - Sync 1 DAGs
[2023-11-02T23:55:02.102+0000] {logging_mixin.py:151} INFO - [2023-11-02T23:55:02.101+0000] {dag.py:3722} INFO - Setting next_dagrun for example_xcom to 2021-01-01T00:00:00+00:00, run_after=2021-01-01T00:00:00+00:00
[2023-11-02T23:55:02.134+0000] {processor.py:179} INFO - Processing /home/airflow/.local/lib/python3.8/site-packages/airflow/example_dags/example_xcom.py took 0.153 seconds
[2023-11-02T23:55:32.196+0000] {processor.py:157} INFO - Started process (PID=745) to work on /home/airflow/.local/lib/python3.8/site-packages/airflow/example_dags/example_xcom.py
[2023-11-02T23:55:32.198+0000] {processor.py:829} INFO - Processing file /home/airflow/.local/lib/python3.8/site-packages/airflow/example_dags/example_xcom.py for tasks to queue
[2023-11-02T23:55:32.200+0000] {logging_mixin.py:151} INFO - [2023-11-02T23:55:32.199+0000] {dagbag.py:536} INFO - Filling up the DagBag from /home/airflow/.local/lib/python3.8/site-packages/airflow/example_dags/example_xcom.py
[2023-11-02T23:55:32.212+0000] {processor.py:839} INFO - DAG(s) dict_keys(['example_xcom']) retrieved from /home/airflow/.local/lib/python3.8/site-packages/airflow/example_dags/example_xcom.py
[2023-11-02T23:55:32.270+0000] {logging_mixin.py:151} INFO - [2023-11-02T23:55:32.270+0000] {dag.py:2941} INFO - Sync 1 DAGs
[2023-11-02T23:55:32.303+0000] {logging_mixin.py:151} INFO - [2023-11-02T23:55:32.303+0000] {dag.py:3722} INFO - Setting next_dagrun for example_xcom to 2021-01-01T00:00:00+00:00, run_after=2021-01-01T00:00:00+00:00
[2023-11-02T23:55:32.345+0000] {processor.py:179} INFO - Processing /home/airflow/.local/lib/python3.8/site-packages/airflow/example_dags/example_xcom.py took 0.153 seconds
[2023-11-02T23:56:02.667+0000] {processor.py:157} INFO - Started process (PID=799) to work on /home/airflow/.local/lib/python3.8/site-packages/airflow/example_dags/example_xcom.py
[2023-11-02T23:56:02.668+0000] {processor.py:829} INFO - Processing file /home/airflow/.local/lib/python3.8/site-packages/airflow/example_dags/example_xcom.py for tasks to queue
[2023-11-02T23:56:02.671+0000] {logging_mixin.py:151} INFO - [2023-11-02T23:56:02.670+0000] {dagbag.py:536} INFO - Filling up the DagBag from /home/airflow/.local/lib/python3.8/site-packages/airflow/example_dags/example_xcom.py
[2023-11-02T23:56:02.681+0000] {processor.py:839} INFO - DAG(s) dict_keys(['example_xcom']) retrieved from /home/airflow/.local/lib/python3.8/site-packages/airflow/example_dags/example_xcom.py
[2023-11-02T23:56:02.713+0000] {logging_mixin.py:151} INFO - [2023-11-02T23:56:02.712+0000] {dag.py:2941} INFO - Sync 1 DAGs
[2023-11-02T23:56:02.756+0000] {logging_mixin.py:151} INFO - [2023-11-02T23:56:02.755+0000] {dag.py:3722} INFO - Setting next_dagrun for example_xcom to 2021-01-01T00:00:00+00:00, run_after=2021-01-01T00:00:00+00:00
[2023-11-02T23:56:02.786+0000] {processor.py:179} INFO - Processing /home/airflow/.local/lib/python3.8/site-packages/airflow/example_dags/example_xcom.py took 0.122 seconds
[2023-11-02T23:56:33.716+0000] {processor.py:157} INFO - Started process (PID=853) to work on /home/airflow/.local/lib/python3.8/site-packages/airflow/example_dags/example_xcom.py
[2023-11-02T23:56:33.718+0000] {processor.py:829} INFO - Processing file /home/airflow/.local/lib/python3.8/site-packages/airflow/example_dags/example_xcom.py for tasks to queue
[2023-11-02T23:56:33.720+0000] {logging_mixin.py:151} INFO - [2023-11-02T23:56:33.720+0000] {dagbag.py:536} INFO - Filling up the DagBag from /home/airflow/.local/lib/python3.8/site-packages/airflow/example_dags/example_xcom.py
[2023-11-02T23:56:33.730+0000] {processor.py:839} INFO - DAG(s) dict_keys(['example_xcom']) retrieved from /home/airflow/.local/lib/python3.8/site-packages/airflow/example_dags/example_xcom.py
[2023-11-02T23:56:33.760+0000] {logging_mixin.py:151} INFO - [2023-11-02T23:56:33.760+0000] {dag.py:2941} INFO - Sync 1 DAGs
[2023-11-02T23:56:33.786+0000] {logging_mixin.py:151} INFO - [2023-11-02T23:56:33.786+0000] {dag.py:3722} INFO - Setting next_dagrun for example_xcom to 2021-01-01T00:00:00+00:00, run_after=2021-01-01T00:00:00+00:00
[2023-11-02T23:56:33.817+0000] {processor.py:179} INFO - Processing /home/airflow/.local/lib/python3.8/site-packages/airflow/example_dags/example_xcom.py took 0.104 seconds
[2023-11-02T23:57:04.028+0000] {processor.py:157} INFO - Started process (PID=907) to work on /home/airflow/.local/lib/python3.8/site-packages/airflow/example_dags/example_xcom.py
[2023-11-02T23:57:04.029+0000] {processor.py:829} INFO - Processing file /home/airflow/.local/lib/python3.8/site-packages/airflow/example_dags/example_xcom.py for tasks to queue
[2023-11-02T23:57:04.031+0000] {logging_mixin.py:151} INFO - [2023-11-02T23:57:04.031+0000] {dagbag.py:536} INFO - Filling up the DagBag from /home/airflow/.local/lib/python3.8/site-packages/airflow/example_dags/example_xcom.py
[2023-11-02T23:57:04.040+0000] {processor.py:839} INFO - DAG(s) dict_keys(['example_xcom']) retrieved from /home/airflow/.local/lib/python3.8/site-packages/airflow/example_dags/example_xcom.py
[2023-11-02T23:57:04.071+0000] {logging_mixin.py:151} INFO - [2023-11-02T23:57:04.071+0000] {dag.py:2941} INFO - Sync 1 DAGs
[2023-11-02T23:57:04.097+0000] {logging_mixin.py:151} INFO - [2023-11-02T23:57:04.096+0000] {dag.py:3722} INFO - Setting next_dagrun for example_xcom to 2021-01-01T00:00:00+00:00, run_after=2021-01-01T00:00:00+00:00
[2023-11-02T23:57:04.128+0000] {processor.py:179} INFO - Processing /home/airflow/.local/lib/python3.8/site-packages/airflow/example_dags/example_xcom.py took 0.103 seconds
[2023-11-02T23:57:34.446+0000] {processor.py:157} INFO - Started process (PID=961) to work on /home/airflow/.local/lib/python3.8/site-packages/airflow/example_dags/example_xcom.py
[2023-11-02T23:57:34.447+0000] {processor.py:829} INFO - Processing file /home/airflow/.local/lib/python3.8/site-packages/airflow/example_dags/example_xcom.py for tasks to queue
[2023-11-02T23:57:34.450+0000] {logging_mixin.py:151} INFO - [2023-11-02T23:57:34.449+0000] {dagbag.py:536} INFO - Filling up the DagBag from /home/airflow/.local/lib/python3.8/site-packages/airflow/example_dags/example_xcom.py
[2023-11-02T23:57:34.459+0000] {processor.py:839} INFO - DAG(s) dict_keys(['example_xcom']) retrieved from /home/airflow/.local/lib/python3.8/site-packages/airflow/example_dags/example_xcom.py
[2023-11-02T23:57:34.496+0000] {logging_mixin.py:151} INFO - [2023-11-02T23:57:34.495+0000] {dag.py:2941} INFO - Sync 1 DAGs
[2023-11-02T23:57:34.523+0000] {logging_mixin.py:151} INFO - [2023-11-02T23:57:34.522+0000] {dag.py:3722} INFO - Setting next_dagrun for example_xcom to 2021-01-01T00:00:00+00:00, run_after=2021-01-01T00:00:00+00:00
[2023-11-02T23:57:34.553+0000] {processor.py:179} INFO - Processing /home/airflow/.local/lib/python3.8/site-packages/airflow/example_dags/example_xcom.py took 0.110 seconds
[2023-11-02T23:58:04.837+0000] {processor.py:157} INFO - Started process (PID=1015) to work on /home/airflow/.local/lib/python3.8/site-packages/airflow/example_dags/example_xcom.py
[2023-11-02T23:58:04.838+0000] {processor.py:829} INFO - Processing file /home/airflow/.local/lib/python3.8/site-packages/airflow/example_dags/example_xcom.py for tasks to queue
[2023-11-02T23:58:04.840+0000] {logging_mixin.py:151} INFO - [2023-11-02T23:58:04.840+0000] {dagbag.py:536} INFO - Filling up the DagBag from /home/airflow/.local/lib/python3.8/site-packages/airflow/example_dags/example_xcom.py
[2023-11-02T23:58:04.849+0000] {processor.py:839} INFO - DAG(s) dict_keys(['example_xcom']) retrieved from /home/airflow/.local/lib/python3.8/site-packages/airflow/example_dags/example_xcom.py
[2023-11-02T23:58:04.882+0000] {logging_mixin.py:151} INFO - [2023-11-02T23:58:04.882+0000] {dag.py:2941} INFO - Sync 1 DAGs
[2023-11-02T23:58:04.911+0000] {logging_mixin.py:151} INFO - [2023-11-02T23:58:04.911+0000] {dag.py:3722} INFO - Setting next_dagrun for example_xcom to 2021-01-01T00:00:00+00:00, run_after=2021-01-01T00:00:00+00:00
[2023-11-02T23:58:04.941+0000] {processor.py:179} INFO - Processing /home/airflow/.local/lib/python3.8/site-packages/airflow/example_dags/example_xcom.py took 0.107 seconds
[2023-11-02T23:58:35.409+0000] {processor.py:157} INFO - Started process (PID=1069) to work on /home/airflow/.local/lib/python3.8/site-packages/airflow/example_dags/example_xcom.py
[2023-11-02T23:58:35.411+0000] {processor.py:829} INFO - Processing file /home/airflow/.local/lib/python3.8/site-packages/airflow/example_dags/example_xcom.py for tasks to queue
[2023-11-02T23:58:35.414+0000] {logging_mixin.py:151} INFO - [2023-11-02T23:58:35.413+0000] {dagbag.py:536} INFO - Filling up the DagBag from /home/airflow/.local/lib/python3.8/site-packages/airflow/example_dags/example_xcom.py
[2023-11-02T23:58:35.425+0000] {processor.py:839} INFO - DAG(s) dict_keys(['example_xcom']) retrieved from /home/airflow/.local/lib/python3.8/site-packages/airflow/example_dags/example_xcom.py
[2023-11-02T23:58:35.453+0000] {logging_mixin.py:151} INFO - [2023-11-02T23:58:35.453+0000] {dag.py:2941} INFO - Sync 1 DAGs
[2023-11-02T23:58:35.481+0000] {logging_mixin.py:151} INFO - [2023-11-02T23:58:35.480+0000] {dag.py:3722} INFO - Setting next_dagrun for example_xcom to 2021-01-01T00:00:00+00:00, run_after=2021-01-01T00:00:00+00:00
[2023-11-02T23:58:35.515+0000] {processor.py:179} INFO - Processing /home/airflow/.local/lib/python3.8/site-packages/airflow/example_dags/example_xcom.py took 0.110 seconds
[2023-11-02T23:59:05.953+0000] {processor.py:157} INFO - Started process (PID=1123) to work on /home/airflow/.local/lib/python3.8/site-packages/airflow/example_dags/example_xcom.py
[2023-11-02T23:59:05.955+0000] {processor.py:829} INFO - Processing file /home/airflow/.local/lib/python3.8/site-packages/airflow/example_dags/example_xcom.py for tasks to queue
[2023-11-02T23:59:05.959+0000] {logging_mixin.py:151} INFO - [2023-11-02T23:59:05.958+0000] {dagbag.py:536} INFO - Filling up the DagBag from /home/airflow/.local/lib/python3.8/site-packages/airflow/example_dags/example_xcom.py
[2023-11-02T23:59:05.968+0000] {processor.py:839} INFO - DAG(s) dict_keys(['example_xcom']) retrieved from /home/airflow/.local/lib/python3.8/site-packages/airflow/example_dags/example_xcom.py
[2023-11-02T23:59:05.996+0000] {logging_mixin.py:151} INFO - [2023-11-02T23:59:05.995+0000] {dag.py:2941} INFO - Sync 1 DAGs
[2023-11-02T23:59:06.023+0000] {logging_mixin.py:151} INFO - [2023-11-02T23:59:06.022+0000] {dag.py:3722} INFO - Setting next_dagrun for example_xcom to 2021-01-01T00:00:00+00:00, run_after=2021-01-01T00:00:00+00:00
[2023-11-02T23:59:06.056+0000] {processor.py:179} INFO - Processing /home/airflow/.local/lib/python3.8/site-packages/airflow/example_dags/example_xcom.py took 0.105 seconds
[2023-11-02T23:59:36.381+0000] {processor.py:157} INFO - Started process (PID=1177) to work on /home/airflow/.local/lib/python3.8/site-packages/airflow/example_dags/example_xcom.py
[2023-11-02T23:59:36.382+0000] {processor.py:829} INFO - Processing file /home/airflow/.local/lib/python3.8/site-packages/airflow/example_dags/example_xcom.py for tasks to queue
[2023-11-02T23:59:36.384+0000] {logging_mixin.py:151} INFO - [2023-11-02T23:59:36.384+0000] {dagbag.py:536} INFO - Filling up the DagBag from /home/airflow/.local/lib/python3.8/site-packages/airflow/example_dags/example_xcom.py
[2023-11-02T23:59:36.395+0000] {processor.py:839} INFO - DAG(s) dict_keys(['example_xcom']) retrieved from /home/airflow/.local/lib/python3.8/site-packages/airflow/example_dags/example_xcom.py
[2023-11-02T23:59:36.427+0000] {logging_mixin.py:151} INFO - [2023-11-02T23:59:36.427+0000] {dag.py:2941} INFO - Sync 1 DAGs
[2023-11-02T23:59:36.463+0000] {logging_mixin.py:151} INFO - [2023-11-02T23:59:36.462+0000] {dag.py:3722} INFO - Setting next_dagrun for example_xcom to 2021-01-01T00:00:00+00:00, run_after=2021-01-01T00:00:00+00:00
[2023-11-02T23:59:36.496+0000] {processor.py:179} INFO - Processing /home/airflow/.local/lib/python3.8/site-packages/airflow/example_dags/example_xcom.py took 0.120 seconds
