[2023-11-02T23:26:25.178+0000] {processor.py:157} INFO - Started process (PID=39) to work on /home/airflow/.local/lib/python3.8/site-packages/airflow/example_dags/example_latest_only_with_trigger.py
[2023-11-02T23:26:25.179+0000] {processor.py:829} INFO - Processing file /home/airflow/.local/lib/python3.8/site-packages/airflow/example_dags/example_latest_only_with_trigger.py for tasks to queue
[2023-11-02T23:26:25.181+0000] {logging_mixin.py:151} INFO - [2023-11-02T23:26:25.181+0000] {dagbag.py:536} INFO - Filling up the DagBag from /home/airflow/.local/lib/python3.8/site-packages/airflow/example_dags/example_latest_only_with_trigger.py
[2023-11-02T23:26:25.190+0000] {processor.py:839} INFO - DAG(s) dict_keys(['latest_only_with_trigger']) retrieved from /home/airflow/.local/lib/python3.8/site-packages/airflow/example_dags/example_latest_only_with_trigger.py
[2023-11-02T23:26:25.222+0000] {logging_mixin.py:151} INFO - [2023-11-02T23:26:25.222+0000] {dag.py:2941} INFO - Sync 1 DAGs
[2023-11-02T23:26:25.263+0000] {logging_mixin.py:151} INFO - [2023-11-02T23:26:25.263+0000] {dag.py:3722} INFO - Setting next_dagrun for latest_only_with_trigger to 2023-11-02T19:26:25.263298+00:00, run_after=2023-11-02T23:26:25.263298+00:00
[2023-11-02T23:26:25.335+0000] {processor.py:179} INFO - Processing /home/airflow/.local/lib/python3.8/site-packages/airflow/example_dags/example_latest_only_with_trigger.py took 0.162 seconds
[2023-11-02T23:26:55.690+0000] {processor.py:157} INFO - Started process (PID=92) to work on /home/airflow/.local/lib/python3.8/site-packages/airflow/example_dags/example_latest_only_with_trigger.py
[2023-11-02T23:26:55.691+0000] {processor.py:829} INFO - Processing file /home/airflow/.local/lib/python3.8/site-packages/airflow/example_dags/example_latest_only_with_trigger.py for tasks to queue
[2023-11-02T23:26:55.693+0000] {logging_mixin.py:151} INFO - [2023-11-02T23:26:55.693+0000] {dagbag.py:536} INFO - Filling up the DagBag from /home/airflow/.local/lib/python3.8/site-packages/airflow/example_dags/example_latest_only_with_trigger.py
[2023-11-02T23:26:55.700+0000] {processor.py:839} INFO - DAG(s) dict_keys(['latest_only_with_trigger']) retrieved from /home/airflow/.local/lib/python3.8/site-packages/airflow/example_dags/example_latest_only_with_trigger.py
[2023-11-02T23:26:55.726+0000] {logging_mixin.py:151} INFO - [2023-11-02T23:26:55.726+0000] {dag.py:2941} INFO - Sync 1 DAGs
[2023-11-02T23:26:55.752+0000] {logging_mixin.py:151} INFO - [2023-11-02T23:26:55.751+0000] {dag.py:3722} INFO - Setting next_dagrun for latest_only_with_trigger to 2023-11-02T19:26:55.751557+00:00, run_after=2023-11-02T23:26:55.751557+00:00
[2023-11-02T23:26:55.779+0000] {processor.py:179} INFO - Processing /home/airflow/.local/lib/python3.8/site-packages/airflow/example_dags/example_latest_only_with_trigger.py took 0.092 seconds
[2023-11-02T23:27:26.263+0000] {processor.py:157} INFO - Started process (PID=146) to work on /home/airflow/.local/lib/python3.8/site-packages/airflow/example_dags/example_latest_only_with_trigger.py
[2023-11-02T23:27:26.264+0000] {processor.py:829} INFO - Processing file /home/airflow/.local/lib/python3.8/site-packages/airflow/example_dags/example_latest_only_with_trigger.py for tasks to queue
[2023-11-02T23:27:26.268+0000] {logging_mixin.py:151} INFO - [2023-11-02T23:27:26.267+0000] {dagbag.py:536} INFO - Filling up the DagBag from /home/airflow/.local/lib/python3.8/site-packages/airflow/example_dags/example_latest_only_with_trigger.py
[2023-11-02T23:27:26.275+0000] {processor.py:839} INFO - DAG(s) dict_keys(['latest_only_with_trigger']) retrieved from /home/airflow/.local/lib/python3.8/site-packages/airflow/example_dags/example_latest_only_with_trigger.py
[2023-11-02T23:27:26.306+0000] {logging_mixin.py:151} INFO - [2023-11-02T23:27:26.305+0000] {dag.py:2941} INFO - Sync 1 DAGs
[2023-11-02T23:27:26.340+0000] {logging_mixin.py:151} INFO - [2023-11-02T23:27:26.339+0000] {dag.py:3722} INFO - Setting next_dagrun for latest_only_with_trigger to 2023-11-02T19:27:26.339228+00:00, run_after=2023-11-02T23:27:26.339228+00:00
[2023-11-02T23:27:26.373+0000] {processor.py:179} INFO - Processing /home/airflow/.local/lib/python3.8/site-packages/airflow/example_dags/example_latest_only_with_trigger.py took 0.113 seconds
[2023-11-02T23:27:56.445+0000] {processor.py:157} INFO - Started process (PID=200) to work on /home/airflow/.local/lib/python3.8/site-packages/airflow/example_dags/example_latest_only_with_trigger.py
[2023-11-02T23:27:56.447+0000] {processor.py:829} INFO - Processing file /home/airflow/.local/lib/python3.8/site-packages/airflow/example_dags/example_latest_only_with_trigger.py for tasks to queue
[2023-11-02T23:27:56.449+0000] {logging_mixin.py:151} INFO - [2023-11-02T23:27:56.449+0000] {dagbag.py:536} INFO - Filling up the DagBag from /home/airflow/.local/lib/python3.8/site-packages/airflow/example_dags/example_latest_only_with_trigger.py
[2023-11-02T23:27:56.456+0000] {processor.py:839} INFO - DAG(s) dict_keys(['latest_only_with_trigger']) retrieved from /home/airflow/.local/lib/python3.8/site-packages/airflow/example_dags/example_latest_only_with_trigger.py
[2023-11-02T23:27:56.484+0000] {logging_mixin.py:151} INFO - [2023-11-02T23:27:56.484+0000] {dag.py:2941} INFO - Sync 1 DAGs
[2023-11-02T23:27:56.512+0000] {logging_mixin.py:151} INFO - [2023-11-02T23:27:56.512+0000] {dag.py:3722} INFO - Setting next_dagrun for latest_only_with_trigger to 2023-11-02T19:27:56.511555+00:00, run_after=2023-11-02T23:27:56.511555+00:00
[2023-11-02T23:27:56.544+0000] {processor.py:179} INFO - Processing /home/airflow/.local/lib/python3.8/site-packages/airflow/example_dags/example_latest_only_with_trigger.py took 0.102 seconds
[2023-11-02T23:28:26.629+0000] {processor.py:157} INFO - Started process (PID=253) to work on /home/airflow/.local/lib/python3.8/site-packages/airflow/example_dags/example_latest_only_with_trigger.py
[2023-11-02T23:28:26.630+0000] {processor.py:829} INFO - Processing file /home/airflow/.local/lib/python3.8/site-packages/airflow/example_dags/example_latest_only_with_trigger.py for tasks to queue
[2023-11-02T23:28:26.632+0000] {logging_mixin.py:151} INFO - [2023-11-02T23:28:26.632+0000] {dagbag.py:536} INFO - Filling up the DagBag from /home/airflow/.local/lib/python3.8/site-packages/airflow/example_dags/example_latest_only_with_trigger.py
[2023-11-02T23:28:26.638+0000] {processor.py:839} INFO - DAG(s) dict_keys(['latest_only_with_trigger']) retrieved from /home/airflow/.local/lib/python3.8/site-packages/airflow/example_dags/example_latest_only_with_trigger.py
[2023-11-02T23:28:26.665+0000] {logging_mixin.py:151} INFO - [2023-11-02T23:28:26.665+0000] {dag.py:2941} INFO - Sync 1 DAGs
[2023-11-02T23:28:26.695+0000] {logging_mixin.py:151} INFO - [2023-11-02T23:28:26.695+0000] {dag.py:3722} INFO - Setting next_dagrun for latest_only_with_trigger to 2023-11-02T19:28:26.695427+00:00, run_after=2023-11-02T23:28:26.695427+00:00
[2023-11-02T23:28:26.726+0000] {processor.py:179} INFO - Processing /home/airflow/.local/lib/python3.8/site-packages/airflow/example_dags/example_latest_only_with_trigger.py took 0.100 seconds
[2023-11-02T23:28:56.896+0000] {processor.py:157} INFO - Started process (PID=307) to work on /home/airflow/.local/lib/python3.8/site-packages/airflow/example_dags/example_latest_only_with_trigger.py
[2023-11-02T23:28:56.897+0000] {processor.py:829} INFO - Processing file /home/airflow/.local/lib/python3.8/site-packages/airflow/example_dags/example_latest_only_with_trigger.py for tasks to queue
[2023-11-02T23:28:56.899+0000] {logging_mixin.py:151} INFO - [2023-11-02T23:28:56.899+0000] {dagbag.py:536} INFO - Filling up the DagBag from /home/airflow/.local/lib/python3.8/site-packages/airflow/example_dags/example_latest_only_with_trigger.py
[2023-11-02T23:28:56.905+0000] {processor.py:839} INFO - DAG(s) dict_keys(['latest_only_with_trigger']) retrieved from /home/airflow/.local/lib/python3.8/site-packages/airflow/example_dags/example_latest_only_with_trigger.py
[2023-11-02T23:28:56.930+0000] {logging_mixin.py:151} INFO - [2023-11-02T23:28:56.929+0000] {dag.py:2941} INFO - Sync 1 DAGs
[2023-11-02T23:28:56.953+0000] {logging_mixin.py:151} INFO - [2023-11-02T23:28:56.953+0000] {dag.py:3722} INFO - Setting next_dagrun for latest_only_with_trigger to 2023-11-02T19:28:56.953095+00:00, run_after=2023-11-02T23:28:56.953095+00:00
[2023-11-02T23:28:56.975+0000] {processor.py:179} INFO - Processing /home/airflow/.local/lib/python3.8/site-packages/airflow/example_dags/example_latest_only_with_trigger.py took 0.082 seconds
[2023-11-02T23:29:27.077+0000] {processor.py:157} INFO - Started process (PID=361) to work on /home/airflow/.local/lib/python3.8/site-packages/airflow/example_dags/example_latest_only_with_trigger.py
[2023-11-02T23:29:27.079+0000] {processor.py:829} INFO - Processing file /home/airflow/.local/lib/python3.8/site-packages/airflow/example_dags/example_latest_only_with_trigger.py for tasks to queue
[2023-11-02T23:29:27.081+0000] {logging_mixin.py:151} INFO - [2023-11-02T23:29:27.081+0000] {dagbag.py:536} INFO - Filling up the DagBag from /home/airflow/.local/lib/python3.8/site-packages/airflow/example_dags/example_latest_only_with_trigger.py
[2023-11-02T23:29:27.088+0000] {processor.py:839} INFO - DAG(s) dict_keys(['latest_only_with_trigger']) retrieved from /home/airflow/.local/lib/python3.8/site-packages/airflow/example_dags/example_latest_only_with_trigger.py
[2023-11-02T23:29:27.116+0000] {logging_mixin.py:151} INFO - [2023-11-02T23:29:27.116+0000] {dag.py:2941} INFO - Sync 1 DAGs
[2023-11-02T23:29:27.140+0000] {logging_mixin.py:151} INFO - [2023-11-02T23:29:27.140+0000] {dag.py:3722} INFO - Setting next_dagrun for latest_only_with_trigger to 2023-11-02T19:29:27.139918+00:00, run_after=2023-11-02T23:29:27.139918+00:00
[2023-11-02T23:29:27.169+0000] {processor.py:179} INFO - Processing /home/airflow/.local/lib/python3.8/site-packages/airflow/example_dags/example_latest_only_with_trigger.py took 0.095 seconds
[2023-11-02T23:29:57.688+0000] {processor.py:157} INFO - Started process (PID=415) to work on /home/airflow/.local/lib/python3.8/site-packages/airflow/example_dags/example_latest_only_with_trigger.py
[2023-11-02T23:29:57.689+0000] {processor.py:829} INFO - Processing file /home/airflow/.local/lib/python3.8/site-packages/airflow/example_dags/example_latest_only_with_trigger.py for tasks to queue
[2023-11-02T23:29:57.691+0000] {logging_mixin.py:151} INFO - [2023-11-02T23:29:57.691+0000] {dagbag.py:536} INFO - Filling up the DagBag from /home/airflow/.local/lib/python3.8/site-packages/airflow/example_dags/example_latest_only_with_trigger.py
[2023-11-02T23:29:57.700+0000] {processor.py:839} INFO - DAG(s) dict_keys(['latest_only_with_trigger']) retrieved from /home/airflow/.local/lib/python3.8/site-packages/airflow/example_dags/example_latest_only_with_trigger.py
[2023-11-02T23:29:57.738+0000] {logging_mixin.py:151} INFO - [2023-11-02T23:29:57.737+0000] {dag.py:2941} INFO - Sync 1 DAGs
[2023-11-02T23:29:57.766+0000] {logging_mixin.py:151} INFO - [2023-11-02T23:29:57.766+0000] {dag.py:3722} INFO - Setting next_dagrun for latest_only_with_trigger to 2023-11-02T19:29:57.765887+00:00, run_after=2023-11-02T23:29:57.765887+00:00
[2023-11-02T23:29:57.809+0000] {processor.py:179} INFO - Processing /home/airflow/.local/lib/python3.8/site-packages/airflow/example_dags/example_latest_only_with_trigger.py took 0.126 seconds
[2023-11-02T23:30:28.349+0000] {processor.py:157} INFO - Started process (PID=469) to work on /home/airflow/.local/lib/python3.8/site-packages/airflow/example_dags/example_latest_only_with_trigger.py
[2023-11-02T23:30:28.351+0000] {processor.py:829} INFO - Processing file /home/airflow/.local/lib/python3.8/site-packages/airflow/example_dags/example_latest_only_with_trigger.py for tasks to queue
[2023-11-02T23:30:28.353+0000] {logging_mixin.py:151} INFO - [2023-11-02T23:30:28.353+0000] {dagbag.py:536} INFO - Filling up the DagBag from /home/airflow/.local/lib/python3.8/site-packages/airflow/example_dags/example_latest_only_with_trigger.py
[2023-11-02T23:30:28.358+0000] {processor.py:839} INFO - DAG(s) dict_keys(['latest_only_with_trigger']) retrieved from /home/airflow/.local/lib/python3.8/site-packages/airflow/example_dags/example_latest_only_with_trigger.py
[2023-11-02T23:30:28.391+0000] {logging_mixin.py:151} INFO - [2023-11-02T23:30:28.391+0000] {dag.py:2941} INFO - Sync 1 DAGs
[2023-11-02T23:30:28.423+0000] {logging_mixin.py:151} INFO - [2023-11-02T23:30:28.423+0000] {dag.py:3722} INFO - Setting next_dagrun for latest_only_with_trigger to 2023-11-02T19:30:28.421142+00:00, run_after=2023-11-02T23:30:28.421142+00:00
[2023-11-02T23:30:28.474+0000] {processor.py:179} INFO - Processing /home/airflow/.local/lib/python3.8/site-packages/airflow/example_dags/example_latest_only_with_trigger.py took 0.129 seconds
[2023-11-02T23:30:59.262+0000] {processor.py:157} INFO - Started process (PID=523) to work on /home/airflow/.local/lib/python3.8/site-packages/airflow/example_dags/example_latest_only_with_trigger.py
[2023-11-02T23:30:59.264+0000] {processor.py:829} INFO - Processing file /home/airflow/.local/lib/python3.8/site-packages/airflow/example_dags/example_latest_only_with_trigger.py for tasks to queue
[2023-11-02T23:30:59.267+0000] {logging_mixin.py:151} INFO - [2023-11-02T23:30:59.266+0000] {dagbag.py:536} INFO - Filling up the DagBag from /home/airflow/.local/lib/python3.8/site-packages/airflow/example_dags/example_latest_only_with_trigger.py
[2023-11-02T23:30:59.276+0000] {processor.py:839} INFO - DAG(s) dict_keys(['latest_only_with_trigger']) retrieved from /home/airflow/.local/lib/python3.8/site-packages/airflow/example_dags/example_latest_only_with_trigger.py
[2023-11-02T23:30:59.315+0000] {logging_mixin.py:151} INFO - [2023-11-02T23:30:59.314+0000] {dag.py:2941} INFO - Sync 1 DAGs
[2023-11-02T23:30:59.354+0000] {logging_mixin.py:151} INFO - [2023-11-02T23:30:59.353+0000] {dag.py:3722} INFO - Setting next_dagrun for latest_only_with_trigger to 2023-11-02T19:30:59.353187+00:00, run_after=2023-11-02T23:30:59.353187+00:00
[2023-11-02T23:30:59.388+0000] {processor.py:179} INFO - Processing /home/airflow/.local/lib/python3.8/site-packages/airflow/example_dags/example_latest_only_with_trigger.py took 0.130 seconds
[2023-11-02T23:31:30.376+0000] {processor.py:157} INFO - Started process (PID=576) to work on /home/airflow/.local/lib/python3.8/site-packages/airflow/example_dags/example_latest_only_with_trigger.py
[2023-11-02T23:31:30.378+0000] {processor.py:829} INFO - Processing file /home/airflow/.local/lib/python3.8/site-packages/airflow/example_dags/example_latest_only_with_trigger.py for tasks to queue
[2023-11-02T23:31:30.380+0000] {logging_mixin.py:151} INFO - [2023-11-02T23:31:30.380+0000] {dagbag.py:536} INFO - Filling up the DagBag from /home/airflow/.local/lib/python3.8/site-packages/airflow/example_dags/example_latest_only_with_trigger.py
[2023-11-02T23:31:30.386+0000] {processor.py:839} INFO - DAG(s) dict_keys(['latest_only_with_trigger']) retrieved from /home/airflow/.local/lib/python3.8/site-packages/airflow/example_dags/example_latest_only_with_trigger.py
[2023-11-02T23:31:30.414+0000] {logging_mixin.py:151} INFO - [2023-11-02T23:31:30.414+0000] {dag.py:2941} INFO - Sync 1 DAGs
[2023-11-02T23:31:30.442+0000] {logging_mixin.py:151} INFO - [2023-11-02T23:31:30.441+0000] {dag.py:3722} INFO - Setting next_dagrun for latest_only_with_trigger to 2023-11-02T19:31:30.441486+00:00, run_after=2023-11-02T23:31:30.441486+00:00
[2023-11-02T23:31:30.473+0000] {processor.py:179} INFO - Processing /home/airflow/.local/lib/python3.8/site-packages/airflow/example_dags/example_latest_only_with_trigger.py took 0.100 seconds
[2023-11-02T23:32:01.191+0000] {processor.py:157} INFO - Started process (PID=630) to work on /home/airflow/.local/lib/python3.8/site-packages/airflow/example_dags/example_latest_only_with_trigger.py
[2023-11-02T23:32:01.193+0000] {processor.py:829} INFO - Processing file /home/airflow/.local/lib/python3.8/site-packages/airflow/example_dags/example_latest_only_with_trigger.py for tasks to queue
[2023-11-02T23:32:01.195+0000] {logging_mixin.py:151} INFO - [2023-11-02T23:32:01.195+0000] {dagbag.py:536} INFO - Filling up the DagBag from /home/airflow/.local/lib/python3.8/site-packages/airflow/example_dags/example_latest_only_with_trigger.py
[2023-11-02T23:32:01.200+0000] {processor.py:839} INFO - DAG(s) dict_keys(['latest_only_with_trigger']) retrieved from /home/airflow/.local/lib/python3.8/site-packages/airflow/example_dags/example_latest_only_with_trigger.py
[2023-11-02T23:32:01.224+0000] {logging_mixin.py:151} INFO - [2023-11-02T23:32:01.224+0000] {dag.py:2941} INFO - Sync 1 DAGs
[2023-11-02T23:32:01.248+0000] {logging_mixin.py:151} INFO - [2023-11-02T23:32:01.248+0000] {dag.py:3722} INFO - Setting next_dagrun for latest_only_with_trigger to 2023-11-02T19:32:01.247757+00:00, run_after=2023-11-02T23:32:01.247757+00:00
[2023-11-02T23:32:01.277+0000] {processor.py:179} INFO - Processing /home/airflow/.local/lib/python3.8/site-packages/airflow/example_dags/example_latest_only_with_trigger.py took 0.090 seconds
[2023-11-02T23:32:31.889+0000] {processor.py:157} INFO - Started process (PID=684) to work on /home/airflow/.local/lib/python3.8/site-packages/airflow/example_dags/example_latest_only_with_trigger.py
[2023-11-02T23:32:31.892+0000] {processor.py:829} INFO - Processing file /home/airflow/.local/lib/python3.8/site-packages/airflow/example_dags/example_latest_only_with_trigger.py for tasks to queue
[2023-11-02T23:32:31.895+0000] {logging_mixin.py:151} INFO - [2023-11-02T23:32:31.894+0000] {dagbag.py:536} INFO - Filling up the DagBag from /home/airflow/.local/lib/python3.8/site-packages/airflow/example_dags/example_latest_only_with_trigger.py
[2023-11-02T23:32:31.908+0000] {processor.py:839} INFO - DAG(s) dict_keys(['latest_only_with_trigger']) retrieved from /home/airflow/.local/lib/python3.8/site-packages/airflow/example_dags/example_latest_only_with_trigger.py
[2023-11-02T23:32:31.947+0000] {logging_mixin.py:151} INFO - [2023-11-02T23:32:31.947+0000] {dag.py:2941} INFO - Sync 1 DAGs
[2023-11-02T23:32:31.984+0000] {logging_mixin.py:151} INFO - [2023-11-02T23:32:31.983+0000] {dag.py:3722} INFO - Setting next_dagrun for latest_only_with_trigger to 2023-11-02T19:32:31.980416+00:00, run_after=2023-11-02T23:32:31.980416+00:00
[2023-11-02T23:32:32.019+0000] {processor.py:179} INFO - Processing /home/airflow/.local/lib/python3.8/site-packages/airflow/example_dags/example_latest_only_with_trigger.py took 0.136 seconds
[2023-11-02T23:33:02.116+0000] {processor.py:157} INFO - Started process (PID=737) to work on /home/airflow/.local/lib/python3.8/site-packages/airflow/example_dags/example_latest_only_with_trigger.py
[2023-11-02T23:33:02.117+0000] {processor.py:829} INFO - Processing file /home/airflow/.local/lib/python3.8/site-packages/airflow/example_dags/example_latest_only_with_trigger.py for tasks to queue
[2023-11-02T23:33:02.119+0000] {logging_mixin.py:151} INFO - [2023-11-02T23:33:02.119+0000] {dagbag.py:536} INFO - Filling up the DagBag from /home/airflow/.local/lib/python3.8/site-packages/airflow/example_dags/example_latest_only_with_trigger.py
[2023-11-02T23:33:02.126+0000] {processor.py:839} INFO - DAG(s) dict_keys(['latest_only_with_trigger']) retrieved from /home/airflow/.local/lib/python3.8/site-packages/airflow/example_dags/example_latest_only_with_trigger.py
[2023-11-02T23:33:02.151+0000] {logging_mixin.py:151} INFO - [2023-11-02T23:33:02.151+0000] {dag.py:2941} INFO - Sync 1 DAGs
[2023-11-02T23:33:02.175+0000] {logging_mixin.py:151} INFO - [2023-11-02T23:33:02.175+0000] {dag.py:3722} INFO - Setting next_dagrun for latest_only_with_trigger to 2023-11-02T19:33:02.175393+00:00, run_after=2023-11-02T23:33:02.175393+00:00
[2023-11-02T23:33:02.202+0000] {processor.py:179} INFO - Processing /home/airflow/.local/lib/python3.8/site-packages/airflow/example_dags/example_latest_only_with_trigger.py took 0.090 seconds
[2023-11-02T23:33:32.356+0000] {processor.py:157} INFO - Started process (PID=791) to work on /home/airflow/.local/lib/python3.8/site-packages/airflow/example_dags/example_latest_only_with_trigger.py
[2023-11-02T23:33:32.357+0000] {processor.py:829} INFO - Processing file /home/airflow/.local/lib/python3.8/site-packages/airflow/example_dags/example_latest_only_with_trigger.py for tasks to queue
[2023-11-02T23:33:32.359+0000] {logging_mixin.py:151} INFO - [2023-11-02T23:33:32.358+0000] {dagbag.py:536} INFO - Filling up the DagBag from /home/airflow/.local/lib/python3.8/site-packages/airflow/example_dags/example_latest_only_with_trigger.py
[2023-11-02T23:33:32.364+0000] {processor.py:839} INFO - DAG(s) dict_keys(['latest_only_with_trigger']) retrieved from /home/airflow/.local/lib/python3.8/site-packages/airflow/example_dags/example_latest_only_with_trigger.py
[2023-11-02T23:33:32.389+0000] {logging_mixin.py:151} INFO - [2023-11-02T23:33:32.389+0000] {dag.py:2941} INFO - Sync 1 DAGs
[2023-11-02T23:33:32.413+0000] {logging_mixin.py:151} INFO - [2023-11-02T23:33:32.413+0000] {dag.py:3722} INFO - Setting next_dagrun for latest_only_with_trigger to 2023-11-02T19:33:32.413005+00:00, run_after=2023-11-02T23:33:32.413005+00:00
[2023-11-02T23:33:32.441+0000] {processor.py:179} INFO - Processing /home/airflow/.local/lib/python3.8/site-packages/airflow/example_dags/example_latest_only_with_trigger.py took 0.089 seconds
[2023-11-02T23:34:02.849+0000] {processor.py:157} INFO - Started process (PID=845) to work on /home/airflow/.local/lib/python3.8/site-packages/airflow/example_dags/example_latest_only_with_trigger.py
[2023-11-02T23:34:02.850+0000] {processor.py:829} INFO - Processing file /home/airflow/.local/lib/python3.8/site-packages/airflow/example_dags/example_latest_only_with_trigger.py for tasks to queue
[2023-11-02T23:34:02.852+0000] {logging_mixin.py:151} INFO - [2023-11-02T23:34:02.852+0000] {dagbag.py:536} INFO - Filling up the DagBag from /home/airflow/.local/lib/python3.8/site-packages/airflow/example_dags/example_latest_only_with_trigger.py
[2023-11-02T23:34:02.858+0000] {processor.py:839} INFO - DAG(s) dict_keys(['latest_only_with_trigger']) retrieved from /home/airflow/.local/lib/python3.8/site-packages/airflow/example_dags/example_latest_only_with_trigger.py
[2023-11-02T23:34:02.883+0000] {logging_mixin.py:151} INFO - [2023-11-02T23:34:02.882+0000] {dag.py:2941} INFO - Sync 1 DAGs
[2023-11-02T23:34:02.908+0000] {logging_mixin.py:151} INFO - [2023-11-02T23:34:02.907+0000] {dag.py:3722} INFO - Setting next_dagrun for latest_only_with_trigger to 2023-11-02T19:34:02.907698+00:00, run_after=2023-11-02T23:34:02.907698+00:00
[2023-11-02T23:34:02.935+0000] {processor.py:179} INFO - Processing /home/airflow/.local/lib/python3.8/site-packages/airflow/example_dags/example_latest_only_with_trigger.py took 0.090 seconds
[2023-11-02T23:34:33.449+0000] {processor.py:157} INFO - Started process (PID=898) to work on /home/airflow/.local/lib/python3.8/site-packages/airflow/example_dags/example_latest_only_with_trigger.py
[2023-11-02T23:34:33.450+0000] {processor.py:829} INFO - Processing file /home/airflow/.local/lib/python3.8/site-packages/airflow/example_dags/example_latest_only_with_trigger.py for tasks to queue
[2023-11-02T23:34:33.452+0000] {logging_mixin.py:151} INFO - [2023-11-02T23:34:33.452+0000] {dagbag.py:536} INFO - Filling up the DagBag from /home/airflow/.local/lib/python3.8/site-packages/airflow/example_dags/example_latest_only_with_trigger.py
[2023-11-02T23:34:33.458+0000] {processor.py:839} INFO - DAG(s) dict_keys(['latest_only_with_trigger']) retrieved from /home/airflow/.local/lib/python3.8/site-packages/airflow/example_dags/example_latest_only_with_trigger.py
[2023-11-02T23:34:33.484+0000] {logging_mixin.py:151} INFO - [2023-11-02T23:34:33.484+0000] {dag.py:2941} INFO - Sync 1 DAGs
[2023-11-02T23:34:33.508+0000] {logging_mixin.py:151} INFO - [2023-11-02T23:34:33.508+0000] {dag.py:3722} INFO - Setting next_dagrun for latest_only_with_trigger to 2023-11-02T19:34:33.508456+00:00, run_after=2023-11-02T23:34:33.508456+00:00
[2023-11-02T23:34:33.535+0000] {processor.py:179} INFO - Processing /home/airflow/.local/lib/python3.8/site-packages/airflow/example_dags/example_latest_only_with_trigger.py took 0.089 seconds
[2023-11-02T23:35:04.133+0000] {processor.py:157} INFO - Started process (PID=951) to work on /home/airflow/.local/lib/python3.8/site-packages/airflow/example_dags/example_latest_only_with_trigger.py
[2023-11-02T23:35:04.134+0000] {processor.py:829} INFO - Processing file /home/airflow/.local/lib/python3.8/site-packages/airflow/example_dags/example_latest_only_with_trigger.py for tasks to queue
[2023-11-02T23:35:04.137+0000] {logging_mixin.py:151} INFO - [2023-11-02T23:35:04.136+0000] {dagbag.py:536} INFO - Filling up the DagBag from /home/airflow/.local/lib/python3.8/site-packages/airflow/example_dags/example_latest_only_with_trigger.py
[2023-11-02T23:35:04.143+0000] {processor.py:839} INFO - DAG(s) dict_keys(['latest_only_with_trigger']) retrieved from /home/airflow/.local/lib/python3.8/site-packages/airflow/example_dags/example_latest_only_with_trigger.py
[2023-11-02T23:35:04.175+0000] {logging_mixin.py:151} INFO - [2023-11-02T23:35:04.175+0000] {dag.py:2941} INFO - Sync 1 DAGs
[2023-11-02T23:35:04.205+0000] {logging_mixin.py:151} INFO - [2023-11-02T23:35:04.204+0000] {dag.py:3722} INFO - Setting next_dagrun for latest_only_with_trigger to 2023-11-02T19:35:04.204414+00:00, run_after=2023-11-02T23:35:04.204414+00:00
[2023-11-02T23:35:04.242+0000] {processor.py:179} INFO - Processing /home/airflow/.local/lib/python3.8/site-packages/airflow/example_dags/example_latest_only_with_trigger.py took 0.113 seconds
[2023-11-02T23:35:34.724+0000] {processor.py:157} INFO - Started process (PID=1005) to work on /home/airflow/.local/lib/python3.8/site-packages/airflow/example_dags/example_latest_only_with_trigger.py
[2023-11-02T23:35:34.726+0000] {processor.py:829} INFO - Processing file /home/airflow/.local/lib/python3.8/site-packages/airflow/example_dags/example_latest_only_with_trigger.py for tasks to queue
[2023-11-02T23:35:34.728+0000] {logging_mixin.py:151} INFO - [2023-11-02T23:35:34.728+0000] {dagbag.py:536} INFO - Filling up the DagBag from /home/airflow/.local/lib/python3.8/site-packages/airflow/example_dags/example_latest_only_with_trigger.py
[2023-11-02T23:35:34.735+0000] {processor.py:839} INFO - DAG(s) dict_keys(['latest_only_with_trigger']) retrieved from /home/airflow/.local/lib/python3.8/site-packages/airflow/example_dags/example_latest_only_with_trigger.py
[2023-11-02T23:35:34.770+0000] {logging_mixin.py:151} INFO - [2023-11-02T23:35:34.770+0000] {dag.py:2941} INFO - Sync 1 DAGs
[2023-11-02T23:35:34.806+0000] {logging_mixin.py:151} INFO - [2023-11-02T23:35:34.805+0000] {dag.py:3722} INFO - Setting next_dagrun for latest_only_with_trigger to 2023-11-02T19:35:34.805289+00:00, run_after=2023-11-02T23:35:34.805289+00:00
[2023-11-02T23:35:34.845+0000] {processor.py:179} INFO - Processing /home/airflow/.local/lib/python3.8/site-packages/airflow/example_dags/example_latest_only_with_trigger.py took 0.124 seconds
[2023-11-02T23:36:05.459+0000] {processor.py:157} INFO - Started process (PID=1059) to work on /home/airflow/.local/lib/python3.8/site-packages/airflow/example_dags/example_latest_only_with_trigger.py
[2023-11-02T23:36:05.460+0000] {processor.py:829} INFO - Processing file /home/airflow/.local/lib/python3.8/site-packages/airflow/example_dags/example_latest_only_with_trigger.py for tasks to queue
[2023-11-02T23:36:05.462+0000] {logging_mixin.py:151} INFO - [2023-11-02T23:36:05.462+0000] {dagbag.py:536} INFO - Filling up the DagBag from /home/airflow/.local/lib/python3.8/site-packages/airflow/example_dags/example_latest_only_with_trigger.py
[2023-11-02T23:36:05.468+0000] {processor.py:839} INFO - DAG(s) dict_keys(['latest_only_with_trigger']) retrieved from /home/airflow/.local/lib/python3.8/site-packages/airflow/example_dags/example_latest_only_with_trigger.py
[2023-11-02T23:36:05.492+0000] {logging_mixin.py:151} INFO - [2023-11-02T23:36:05.492+0000] {dag.py:2941} INFO - Sync 1 DAGs
[2023-11-02T23:36:05.517+0000] {logging_mixin.py:151} INFO - [2023-11-02T23:36:05.517+0000] {dag.py:3722} INFO - Setting next_dagrun for latest_only_with_trigger to 2023-11-02T19:36:05.516762+00:00, run_after=2023-11-02T23:36:05.516762+00:00
[2023-11-02T23:36:05.545+0000] {processor.py:179} INFO - Processing /home/airflow/.local/lib/python3.8/site-packages/airflow/example_dags/example_latest_only_with_trigger.py took 0.089 seconds
[2023-11-02T23:36:35.631+0000] {processor.py:157} INFO - Started process (PID=1113) to work on /home/airflow/.local/lib/python3.8/site-packages/airflow/example_dags/example_latest_only_with_trigger.py
[2023-11-02T23:36:35.632+0000] {processor.py:829} INFO - Processing file /home/airflow/.local/lib/python3.8/site-packages/airflow/example_dags/example_latest_only_with_trigger.py for tasks to queue
[2023-11-02T23:36:35.635+0000] {logging_mixin.py:151} INFO - [2023-11-02T23:36:35.634+0000] {dagbag.py:536} INFO - Filling up the DagBag from /home/airflow/.local/lib/python3.8/site-packages/airflow/example_dags/example_latest_only_with_trigger.py
[2023-11-02T23:36:35.640+0000] {processor.py:839} INFO - DAG(s) dict_keys(['latest_only_with_trigger']) retrieved from /home/airflow/.local/lib/python3.8/site-packages/airflow/example_dags/example_latest_only_with_trigger.py
[2023-11-02T23:36:35.666+0000] {logging_mixin.py:151} INFO - [2023-11-02T23:36:35.666+0000] {dag.py:2941} INFO - Sync 1 DAGs
[2023-11-02T23:36:35.690+0000] {logging_mixin.py:151} INFO - [2023-11-02T23:36:35.690+0000] {dag.py:3722} INFO - Setting next_dagrun for latest_only_with_trigger to 2023-11-02T19:36:35.689901+00:00, run_after=2023-11-02T23:36:35.689901+00:00
[2023-11-02T23:36:35.716+0000] {processor.py:179} INFO - Processing /home/airflow/.local/lib/python3.8/site-packages/airflow/example_dags/example_latest_only_with_trigger.py took 0.088 seconds
[2023-11-02T23:37:06.838+0000] {processor.py:157} INFO - Started process (PID=1168) to work on /home/airflow/.local/lib/python3.8/site-packages/airflow/example_dags/example_latest_only_with_trigger.py
[2023-11-02T23:37:06.839+0000] {processor.py:829} INFO - Processing file /home/airflow/.local/lib/python3.8/site-packages/airflow/example_dags/example_latest_only_with_trigger.py for tasks to queue
[2023-11-02T23:37:06.841+0000] {logging_mixin.py:151} INFO - [2023-11-02T23:37:06.841+0000] {dagbag.py:536} INFO - Filling up the DagBag from /home/airflow/.local/lib/python3.8/site-packages/airflow/example_dags/example_latest_only_with_trigger.py
[2023-11-02T23:37:06.847+0000] {processor.py:839} INFO - DAG(s) dict_keys(['latest_only_with_trigger']) retrieved from /home/airflow/.local/lib/python3.8/site-packages/airflow/example_dags/example_latest_only_with_trigger.py
[2023-11-02T23:37:06.874+0000] {logging_mixin.py:151} INFO - [2023-11-02T23:37:06.874+0000] {dag.py:2941} INFO - Sync 1 DAGs
[2023-11-02T23:37:07.054+0000] {logging_mixin.py:151} INFO - [2023-11-02T23:37:07.053+0000] {dag.py:3722} INFO - Setting next_dagrun for latest_only_with_trigger to 2023-11-02T19:37:07.053651+00:00, run_after=2023-11-02T23:37:07.053651+00:00
[2023-11-02T23:37:07.079+0000] {processor.py:179} INFO - Processing /home/airflow/.local/lib/python3.8/site-packages/airflow/example_dags/example_latest_only_with_trigger.py took 0.244 seconds
[2023-11-02T23:37:37.209+0000] {processor.py:157} INFO - Started process (PID=1222) to work on /home/airflow/.local/lib/python3.8/site-packages/airflow/example_dags/example_latest_only_with_trigger.py
[2023-11-02T23:37:37.211+0000] {processor.py:829} INFO - Processing file /home/airflow/.local/lib/python3.8/site-packages/airflow/example_dags/example_latest_only_with_trigger.py for tasks to queue
[2023-11-02T23:37:37.213+0000] {logging_mixin.py:151} INFO - [2023-11-02T23:37:37.213+0000] {dagbag.py:536} INFO - Filling up the DagBag from /home/airflow/.local/lib/python3.8/site-packages/airflow/example_dags/example_latest_only_with_trigger.py
[2023-11-02T23:37:37.219+0000] {processor.py:839} INFO - DAG(s) dict_keys(['latest_only_with_trigger']) retrieved from /home/airflow/.local/lib/python3.8/site-packages/airflow/example_dags/example_latest_only_with_trigger.py
[2023-11-02T23:37:37.246+0000] {logging_mixin.py:151} INFO - [2023-11-02T23:37:37.245+0000] {dag.py:2941} INFO - Sync 1 DAGs
[2023-11-02T23:37:37.272+0000] {logging_mixin.py:151} INFO - [2023-11-02T23:37:37.271+0000] {dag.py:3722} INFO - Setting next_dagrun for latest_only_with_trigger to 2023-11-02T19:37:37.271588+00:00, run_after=2023-11-02T23:37:37.271588+00:00
[2023-11-02T23:37:37.301+0000] {processor.py:179} INFO - Processing /home/airflow/.local/lib/python3.8/site-packages/airflow/example_dags/example_latest_only_with_trigger.py took 0.094 seconds
[2023-11-02T23:38:07.473+0000] {processor.py:157} INFO - Started process (PID=1277) to work on /home/airflow/.local/lib/python3.8/site-packages/airflow/example_dags/example_latest_only_with_trigger.py
[2023-11-02T23:38:07.474+0000] {processor.py:829} INFO - Processing file /home/airflow/.local/lib/python3.8/site-packages/airflow/example_dags/example_latest_only_with_trigger.py for tasks to queue
[2023-11-02T23:38:07.476+0000] {logging_mixin.py:151} INFO - [2023-11-02T23:38:07.476+0000] {dagbag.py:536} INFO - Filling up the DagBag from /home/airflow/.local/lib/python3.8/site-packages/airflow/example_dags/example_latest_only_with_trigger.py
[2023-11-02T23:38:07.482+0000] {processor.py:839} INFO - DAG(s) dict_keys(['latest_only_with_trigger']) retrieved from /home/airflow/.local/lib/python3.8/site-packages/airflow/example_dags/example_latest_only_with_trigger.py
[2023-11-02T23:38:07.515+0000] {logging_mixin.py:151} INFO - [2023-11-02T23:38:07.514+0000] {dag.py:2941} INFO - Sync 1 DAGs
[2023-11-02T23:38:07.539+0000] {logging_mixin.py:151} INFO - [2023-11-02T23:38:07.539+0000] {dag.py:3722} INFO - Setting next_dagrun for latest_only_with_trigger to 2023-11-02T19:38:07.538846+00:00, run_after=2023-11-02T23:38:07.538846+00:00
[2023-11-02T23:38:07.575+0000] {processor.py:179} INFO - Processing /home/airflow/.local/lib/python3.8/site-packages/airflow/example_dags/example_latest_only_with_trigger.py took 0.106 seconds
[2023-11-02T23:38:37.984+0000] {processor.py:157} INFO - Started process (PID=1331) to work on /home/airflow/.local/lib/python3.8/site-packages/airflow/example_dags/example_latest_only_with_trigger.py
[2023-11-02T23:38:37.986+0000] {processor.py:829} INFO - Processing file /home/airflow/.local/lib/python3.8/site-packages/airflow/example_dags/example_latest_only_with_trigger.py for tasks to queue
[2023-11-02T23:38:37.988+0000] {logging_mixin.py:151} INFO - [2023-11-02T23:38:37.988+0000] {dagbag.py:536} INFO - Filling up the DagBag from /home/airflow/.local/lib/python3.8/site-packages/airflow/example_dags/example_latest_only_with_trigger.py
[2023-11-02T23:38:37.994+0000] {processor.py:839} INFO - DAG(s) dict_keys(['latest_only_with_trigger']) retrieved from /home/airflow/.local/lib/python3.8/site-packages/airflow/example_dags/example_latest_only_with_trigger.py
[2023-11-02T23:38:38.024+0000] {logging_mixin.py:151} INFO - [2023-11-02T23:38:38.023+0000] {dag.py:2941} INFO - Sync 1 DAGs
[2023-11-02T23:38:38.210+0000] {logging_mixin.py:151} INFO - [2023-11-02T23:38:38.210+0000] {dag.py:3722} INFO - Setting next_dagrun for latest_only_with_trigger to 2023-11-02T19:38:38.209940+00:00, run_after=2023-11-02T23:38:38.209940+00:00
[2023-11-02T23:38:38.238+0000] {processor.py:179} INFO - Processing /home/airflow/.local/lib/python3.8/site-packages/airflow/example_dags/example_latest_only_with_trigger.py took 0.258 seconds
[2023-11-02T23:39:08.595+0000] {processor.py:157} INFO - Started process (PID=1385) to work on /home/airflow/.local/lib/python3.8/site-packages/airflow/example_dags/example_latest_only_with_trigger.py
[2023-11-02T23:39:08.597+0000] {processor.py:829} INFO - Processing file /home/airflow/.local/lib/python3.8/site-packages/airflow/example_dags/example_latest_only_with_trigger.py for tasks to queue
[2023-11-02T23:39:08.599+0000] {logging_mixin.py:151} INFO - [2023-11-02T23:39:08.599+0000] {dagbag.py:536} INFO - Filling up the DagBag from /home/airflow/.local/lib/python3.8/site-packages/airflow/example_dags/example_latest_only_with_trigger.py
[2023-11-02T23:39:08.606+0000] {processor.py:839} INFO - DAG(s) dict_keys(['latest_only_with_trigger']) retrieved from /home/airflow/.local/lib/python3.8/site-packages/airflow/example_dags/example_latest_only_with_trigger.py
[2023-11-02T23:39:08.636+0000] {logging_mixin.py:151} INFO - [2023-11-02T23:39:08.636+0000] {dag.py:2941} INFO - Sync 1 DAGs
[2023-11-02T23:39:08.664+0000] {logging_mixin.py:151} INFO - [2023-11-02T23:39:08.664+0000] {dag.py:3722} INFO - Setting next_dagrun for latest_only_with_trigger to 2023-11-02T19:39:08.664351+00:00, run_after=2023-11-02T23:39:08.664351+00:00
[2023-11-02T23:39:08.843+0000] {processor.py:179} INFO - Processing /home/airflow/.local/lib/python3.8/site-packages/airflow/example_dags/example_latest_only_with_trigger.py took 0.251 seconds
[2023-11-02T23:39:39.148+0000] {processor.py:157} INFO - Started process (PID=1439) to work on /home/airflow/.local/lib/python3.8/site-packages/airflow/example_dags/example_latest_only_with_trigger.py
[2023-11-02T23:39:39.148+0000] {processor.py:829} INFO - Processing file /home/airflow/.local/lib/python3.8/site-packages/airflow/example_dags/example_latest_only_with_trigger.py for tasks to queue
[2023-11-02T23:39:39.151+0000] {logging_mixin.py:151} INFO - [2023-11-02T23:39:39.151+0000] {dagbag.py:536} INFO - Filling up the DagBag from /home/airflow/.local/lib/python3.8/site-packages/airflow/example_dags/example_latest_only_with_trigger.py
[2023-11-02T23:39:39.157+0000] {processor.py:839} INFO - DAG(s) dict_keys(['latest_only_with_trigger']) retrieved from /home/airflow/.local/lib/python3.8/site-packages/airflow/example_dags/example_latest_only_with_trigger.py
[2023-11-02T23:39:39.183+0000] {logging_mixin.py:151} INFO - [2023-11-02T23:39:39.183+0000] {dag.py:2941} INFO - Sync 1 DAGs
[2023-11-02T23:39:39.208+0000] {logging_mixin.py:151} INFO - [2023-11-02T23:39:39.208+0000] {dag.py:3722} INFO - Setting next_dagrun for latest_only_with_trigger to 2023-11-02T19:39:39.208288+00:00, run_after=2023-11-02T23:39:39.208288+00:00
[2023-11-02T23:39:39.229+0000] {processor.py:179} INFO - Processing /home/airflow/.local/lib/python3.8/site-packages/airflow/example_dags/example_latest_only_with_trigger.py took 0.085 seconds
[2023-11-02T23:40:10.578+0000] {processor.py:157} INFO - Started process (PID=1497) to work on /home/airflow/.local/lib/python3.8/site-packages/airflow/example_dags/example_latest_only_with_trigger.py
[2023-11-02T23:40:10.580+0000] {processor.py:829} INFO - Processing file /home/airflow/.local/lib/python3.8/site-packages/airflow/example_dags/example_latest_only_with_trigger.py for tasks to queue
[2023-11-02T23:40:10.583+0000] {logging_mixin.py:151} INFO - [2023-11-02T23:40:10.582+0000] {dagbag.py:536} INFO - Filling up the DagBag from /home/airflow/.local/lib/python3.8/site-packages/airflow/example_dags/example_latest_only_with_trigger.py
[2023-11-02T23:40:10.592+0000] {processor.py:839} INFO - DAG(s) dict_keys(['latest_only_with_trigger']) retrieved from /home/airflow/.local/lib/python3.8/site-packages/airflow/example_dags/example_latest_only_with_trigger.py
[2023-11-02T23:40:10.621+0000] {logging_mixin.py:151} INFO - [2023-11-02T23:40:10.620+0000] {dag.py:2941} INFO - Sync 1 DAGs
[2023-11-02T23:40:10.655+0000] {logging_mixin.py:151} INFO - [2023-11-02T23:40:10.655+0000] {dag.py:3722} INFO - Setting next_dagrun for latest_only_with_trigger to 2023-11-02T19:40:10.655277+00:00, run_after=2023-11-02T23:40:10.655277+00:00
[2023-11-02T23:40:10.683+0000] {processor.py:179} INFO - Processing /home/airflow/.local/lib/python3.8/site-packages/airflow/example_dags/example_latest_only_with_trigger.py took 0.109 seconds
[2023-11-02T23:40:41.344+0000] {processor.py:157} INFO - Started process (PID=1552) to work on /home/airflow/.local/lib/python3.8/site-packages/airflow/example_dags/example_latest_only_with_trigger.py
[2023-11-02T23:40:41.345+0000] {processor.py:829} INFO - Processing file /home/airflow/.local/lib/python3.8/site-packages/airflow/example_dags/example_latest_only_with_trigger.py for tasks to queue
[2023-11-02T23:40:41.348+0000] {logging_mixin.py:151} INFO - [2023-11-02T23:40:41.347+0000] {dagbag.py:536} INFO - Filling up the DagBag from /home/airflow/.local/lib/python3.8/site-packages/airflow/example_dags/example_latest_only_with_trigger.py
[2023-11-02T23:40:41.355+0000] {processor.py:839} INFO - DAG(s) dict_keys(['latest_only_with_trigger']) retrieved from /home/airflow/.local/lib/python3.8/site-packages/airflow/example_dags/example_latest_only_with_trigger.py
[2023-11-02T23:40:41.387+0000] {logging_mixin.py:151} INFO - [2023-11-02T23:40:41.386+0000] {dag.py:2941} INFO - Sync 1 DAGs
[2023-11-02T23:40:41.656+0000] {logging_mixin.py:151} INFO - [2023-11-02T23:40:41.655+0000] {dag.py:3722} INFO - Setting next_dagrun for latest_only_with_trigger to 2023-11-02T19:40:41.655733+00:00, run_after=2023-11-02T23:40:41.655733+00:00
[2023-11-02T23:40:41.681+0000] {processor.py:179} INFO - Processing /home/airflow/.local/lib/python3.8/site-packages/airflow/example_dags/example_latest_only_with_trigger.py took 0.341 seconds
[2023-11-02T23:41:12.531+0000] {processor.py:157} INFO - Started process (PID=1606) to work on /home/airflow/.local/lib/python3.8/site-packages/airflow/example_dags/example_latest_only_with_trigger.py
[2023-11-02T23:41:12.533+0000] {processor.py:829} INFO - Processing file /home/airflow/.local/lib/python3.8/site-packages/airflow/example_dags/example_latest_only_with_trigger.py for tasks to queue
[2023-11-02T23:41:12.536+0000] {logging_mixin.py:151} INFO - [2023-11-02T23:41:12.535+0000] {dagbag.py:536} INFO - Filling up the DagBag from /home/airflow/.local/lib/python3.8/site-packages/airflow/example_dags/example_latest_only_with_trigger.py
[2023-11-02T23:41:12.541+0000] {processor.py:839} INFO - DAG(s) dict_keys(['latest_only_with_trigger']) retrieved from /home/airflow/.local/lib/python3.8/site-packages/airflow/example_dags/example_latest_only_with_trigger.py
[2023-11-02T23:41:12.572+0000] {logging_mixin.py:151} INFO - [2023-11-02T23:41:12.572+0000] {dag.py:2941} INFO - Sync 1 DAGs
[2023-11-02T23:41:12.602+0000] {logging_mixin.py:151} INFO - [2023-11-02T23:41:12.602+0000] {dag.py:3722} INFO - Setting next_dagrun for latest_only_with_trigger to 2023-11-02T19:41:12.602076+00:00, run_after=2023-11-02T23:41:12.602076+00:00
[2023-11-02T23:41:12.630+0000] {processor.py:179} INFO - Processing /home/airflow/.local/lib/python3.8/site-packages/airflow/example_dags/example_latest_only_with_trigger.py took 0.102 seconds
[2023-11-02T23:41:42.705+0000] {processor.py:157} INFO - Started process (PID=1660) to work on /home/airflow/.local/lib/python3.8/site-packages/airflow/example_dags/example_latest_only_with_trigger.py
[2023-11-02T23:41:42.707+0000] {processor.py:829} INFO - Processing file /home/airflow/.local/lib/python3.8/site-packages/airflow/example_dags/example_latest_only_with_trigger.py for tasks to queue
[2023-11-02T23:41:42.710+0000] {logging_mixin.py:151} INFO - [2023-11-02T23:41:42.710+0000] {dagbag.py:536} INFO - Filling up the DagBag from /home/airflow/.local/lib/python3.8/site-packages/airflow/example_dags/example_latest_only_with_trigger.py
[2023-11-02T23:41:42.715+0000] {processor.py:839} INFO - DAG(s) dict_keys(['latest_only_with_trigger']) retrieved from /home/airflow/.local/lib/python3.8/site-packages/airflow/example_dags/example_latest_only_with_trigger.py
[2023-11-02T23:41:42.742+0000] {logging_mixin.py:151} INFO - [2023-11-02T23:41:42.742+0000] {dag.py:2941} INFO - Sync 1 DAGs
[2023-11-02T23:41:42.769+0000] {logging_mixin.py:151} INFO - [2023-11-02T23:41:42.769+0000] {dag.py:3722} INFO - Setting next_dagrun for latest_only_with_trigger to 2023-11-02T19:41:42.768798+00:00, run_after=2023-11-02T23:41:42.768798+00:00
[2023-11-02T23:41:42.798+0000] {processor.py:179} INFO - Processing /home/airflow/.local/lib/python3.8/site-packages/airflow/example_dags/example_latest_only_with_trigger.py took 0.096 seconds
[2023-11-02T23:42:12.911+0000] {processor.py:157} INFO - Started process (PID=1714) to work on /home/airflow/.local/lib/python3.8/site-packages/airflow/example_dags/example_latest_only_with_trigger.py
[2023-11-02T23:42:12.912+0000] {processor.py:829} INFO - Processing file /home/airflow/.local/lib/python3.8/site-packages/airflow/example_dags/example_latest_only_with_trigger.py for tasks to queue
[2023-11-02T23:42:12.915+0000] {logging_mixin.py:151} INFO - [2023-11-02T23:42:12.914+0000] {dagbag.py:536} INFO - Filling up the DagBag from /home/airflow/.local/lib/python3.8/site-packages/airflow/example_dags/example_latest_only_with_trigger.py
[2023-11-02T23:42:12.921+0000] {processor.py:839} INFO - DAG(s) dict_keys(['latest_only_with_trigger']) retrieved from /home/airflow/.local/lib/python3.8/site-packages/airflow/example_dags/example_latest_only_with_trigger.py
[2023-11-02T23:42:12.952+0000] {logging_mixin.py:151} INFO - [2023-11-02T23:42:12.952+0000] {dag.py:2941} INFO - Sync 1 DAGs
[2023-11-02T23:42:12.977+0000] {logging_mixin.py:151} INFO - [2023-11-02T23:42:12.977+0000] {dag.py:3722} INFO - Setting next_dagrun for latest_only_with_trigger to 2023-11-02T19:42:12.977092+00:00, run_after=2023-11-02T23:42:12.977092+00:00
[2023-11-02T23:42:13.006+0000] {processor.py:179} INFO - Processing /home/airflow/.local/lib/python3.8/site-packages/airflow/example_dags/example_latest_only_with_trigger.py took 0.099 seconds
[2023-11-02T23:42:43.147+0000] {processor.py:157} INFO - Started process (PID=1768) to work on /home/airflow/.local/lib/python3.8/site-packages/airflow/example_dags/example_latest_only_with_trigger.py
[2023-11-02T23:42:43.149+0000] {processor.py:829} INFO - Processing file /home/airflow/.local/lib/python3.8/site-packages/airflow/example_dags/example_latest_only_with_trigger.py for tasks to queue
[2023-11-02T23:42:43.151+0000] {logging_mixin.py:151} INFO - [2023-11-02T23:42:43.151+0000] {dagbag.py:536} INFO - Filling up the DagBag from /home/airflow/.local/lib/python3.8/site-packages/airflow/example_dags/example_latest_only_with_trigger.py
[2023-11-02T23:42:43.158+0000] {processor.py:839} INFO - DAG(s) dict_keys(['latest_only_with_trigger']) retrieved from /home/airflow/.local/lib/python3.8/site-packages/airflow/example_dags/example_latest_only_with_trigger.py
[2023-11-02T23:42:43.194+0000] {logging_mixin.py:151} INFO - [2023-11-02T23:42:43.193+0000] {dag.py:2941} INFO - Sync 1 DAGs
[2023-11-02T23:42:43.222+0000] {logging_mixin.py:151} INFO - [2023-11-02T23:42:43.222+0000] {dag.py:3722} INFO - Setting next_dagrun for latest_only_with_trigger to 2023-11-02T19:42:43.222288+00:00, run_after=2023-11-02T23:42:43.222288+00:00
[2023-11-02T23:42:43.250+0000] {processor.py:179} INFO - Processing /home/airflow/.local/lib/python3.8/site-packages/airflow/example_dags/example_latest_only_with_trigger.py took 0.106 seconds
[2023-11-02T23:43:13.369+0000] {processor.py:157} INFO - Started process (PID=1822) to work on /home/airflow/.local/lib/python3.8/site-packages/airflow/example_dags/example_latest_only_with_trigger.py
[2023-11-02T23:43:13.371+0000] {processor.py:829} INFO - Processing file /home/airflow/.local/lib/python3.8/site-packages/airflow/example_dags/example_latest_only_with_trigger.py for tasks to queue
[2023-11-02T23:43:13.373+0000] {logging_mixin.py:151} INFO - [2023-11-02T23:43:13.373+0000] {dagbag.py:536} INFO - Filling up the DagBag from /home/airflow/.local/lib/python3.8/site-packages/airflow/example_dags/example_latest_only_with_trigger.py
[2023-11-02T23:43:13.380+0000] {processor.py:839} INFO - DAG(s) dict_keys(['latest_only_with_trigger']) retrieved from /home/airflow/.local/lib/python3.8/site-packages/airflow/example_dags/example_latest_only_with_trigger.py
[2023-11-02T23:43:13.409+0000] {logging_mixin.py:151} INFO - [2023-11-02T23:43:13.408+0000] {dag.py:2941} INFO - Sync 1 DAGs
[2023-11-02T23:43:13.436+0000] {logging_mixin.py:151} INFO - [2023-11-02T23:43:13.436+0000] {dag.py:3722} INFO - Setting next_dagrun for latest_only_with_trigger to 2023-11-02T19:43:13.433692+00:00, run_after=2023-11-02T23:43:13.433692+00:00
[2023-11-02T23:43:13.475+0000] {processor.py:179} INFO - Processing /home/airflow/.local/lib/python3.8/site-packages/airflow/example_dags/example_latest_only_with_trigger.py took 0.109 seconds
[2023-11-02T23:43:43.564+0000] {processor.py:157} INFO - Started process (PID=1875) to work on /home/airflow/.local/lib/python3.8/site-packages/airflow/example_dags/example_latest_only_with_trigger.py
[2023-11-02T23:43:43.565+0000] {processor.py:829} INFO - Processing file /home/airflow/.local/lib/python3.8/site-packages/airflow/example_dags/example_latest_only_with_trigger.py for tasks to queue
[2023-11-02T23:43:43.568+0000] {logging_mixin.py:151} INFO - [2023-11-02T23:43:43.567+0000] {dagbag.py:536} INFO - Filling up the DagBag from /home/airflow/.local/lib/python3.8/site-packages/airflow/example_dags/example_latest_only_with_trigger.py
[2023-11-02T23:43:43.574+0000] {processor.py:839} INFO - DAG(s) dict_keys(['latest_only_with_trigger']) retrieved from /home/airflow/.local/lib/python3.8/site-packages/airflow/example_dags/example_latest_only_with_trigger.py
[2023-11-02T23:43:43.604+0000] {logging_mixin.py:151} INFO - [2023-11-02T23:43:43.604+0000] {dag.py:2941} INFO - Sync 1 DAGs
[2023-11-02T23:43:43.629+0000] {logging_mixin.py:151} INFO - [2023-11-02T23:43:43.628+0000] {dag.py:3722} INFO - Setting next_dagrun for latest_only_with_trigger to 2023-11-02T19:43:43.628501+00:00, run_after=2023-11-02T23:43:43.628501+00:00
[2023-11-02T23:43:43.656+0000] {processor.py:179} INFO - Processing /home/airflow/.local/lib/python3.8/site-packages/airflow/example_dags/example_latest_only_with_trigger.py took 0.095 seconds
[2023-11-02T23:44:14.038+0000] {processor.py:157} INFO - Started process (PID=1930) to work on /home/airflow/.local/lib/python3.8/site-packages/airflow/example_dags/example_latest_only_with_trigger.py
[2023-11-02T23:44:14.040+0000] {processor.py:829} INFO - Processing file /home/airflow/.local/lib/python3.8/site-packages/airflow/example_dags/example_latest_only_with_trigger.py for tasks to queue
[2023-11-02T23:44:14.043+0000] {logging_mixin.py:151} INFO - [2023-11-02T23:44:14.042+0000] {dagbag.py:536} INFO - Filling up the DagBag from /home/airflow/.local/lib/python3.8/site-packages/airflow/example_dags/example_latest_only_with_trigger.py
[2023-11-02T23:44:14.049+0000] {processor.py:839} INFO - DAG(s) dict_keys(['latest_only_with_trigger']) retrieved from /home/airflow/.local/lib/python3.8/site-packages/airflow/example_dags/example_latest_only_with_trigger.py
[2023-11-02T23:44:14.089+0000] {logging_mixin.py:151} INFO - [2023-11-02T23:44:14.089+0000] {dag.py:2941} INFO - Sync 1 DAGs
[2023-11-02T23:44:14.120+0000] {logging_mixin.py:151} INFO - [2023-11-02T23:44:14.119+0000] {dag.py:3722} INFO - Setting next_dagrun for latest_only_with_trigger to 2023-11-02T19:44:14.119604+00:00, run_after=2023-11-02T23:44:14.119604+00:00
[2023-11-02T23:44:14.148+0000] {processor.py:179} INFO - Processing /home/airflow/.local/lib/python3.8/site-packages/airflow/example_dags/example_latest_only_with_trigger.py took 0.113 seconds
[2023-11-02T23:44:44.339+0000] {processor.py:157} INFO - Started process (PID=1984) to work on /home/airflow/.local/lib/python3.8/site-packages/airflow/example_dags/example_latest_only_with_trigger.py
[2023-11-02T23:44:44.340+0000] {processor.py:829} INFO - Processing file /home/airflow/.local/lib/python3.8/site-packages/airflow/example_dags/example_latest_only_with_trigger.py for tasks to queue
[2023-11-02T23:44:44.342+0000] {logging_mixin.py:151} INFO - [2023-11-02T23:44:44.342+0000] {dagbag.py:536} INFO - Filling up the DagBag from /home/airflow/.local/lib/python3.8/site-packages/airflow/example_dags/example_latest_only_with_trigger.py
[2023-11-02T23:44:44.348+0000] {processor.py:839} INFO - DAG(s) dict_keys(['latest_only_with_trigger']) retrieved from /home/airflow/.local/lib/python3.8/site-packages/airflow/example_dags/example_latest_only_with_trigger.py
[2023-11-02T23:44:44.382+0000] {logging_mixin.py:151} INFO - [2023-11-02T23:44:44.382+0000] {dag.py:2941} INFO - Sync 1 DAGs
[2023-11-02T23:44:44.413+0000] {logging_mixin.py:151} INFO - [2023-11-02T23:44:44.413+0000] {dag.py:3722} INFO - Setting next_dagrun for latest_only_with_trigger to 2023-11-02T19:44:44.413122+00:00, run_after=2023-11-02T23:44:44.413122+00:00
[2023-11-02T23:44:44.437+0000] {processor.py:179} INFO - Processing /home/airflow/.local/lib/python3.8/site-packages/airflow/example_dags/example_latest_only_with_trigger.py took 0.101 seconds
[2023-11-02T23:45:14.678+0000] {processor.py:157} INFO - Started process (PID=2038) to work on /home/airflow/.local/lib/python3.8/site-packages/airflow/example_dags/example_latest_only_with_trigger.py
[2023-11-02T23:45:14.679+0000] {processor.py:829} INFO - Processing file /home/airflow/.local/lib/python3.8/site-packages/airflow/example_dags/example_latest_only_with_trigger.py for tasks to queue
[2023-11-02T23:45:14.681+0000] {logging_mixin.py:151} INFO - [2023-11-02T23:45:14.681+0000] {dagbag.py:536} INFO - Filling up the DagBag from /home/airflow/.local/lib/python3.8/site-packages/airflow/example_dags/example_latest_only_with_trigger.py
[2023-11-02T23:45:14.687+0000] {processor.py:839} INFO - DAG(s) dict_keys(['latest_only_with_trigger']) retrieved from /home/airflow/.local/lib/python3.8/site-packages/airflow/example_dags/example_latest_only_with_trigger.py
[2023-11-02T23:45:14.718+0000] {logging_mixin.py:151} INFO - [2023-11-02T23:45:14.717+0000] {dag.py:2941} INFO - Sync 1 DAGs
[2023-11-02T23:45:14.744+0000] {logging_mixin.py:151} INFO - [2023-11-02T23:45:14.743+0000] {dag.py:3722} INFO - Setting next_dagrun for latest_only_with_trigger to 2023-11-02T19:45:14.743734+00:00, run_after=2023-11-02T23:45:14.743734+00:00
[2023-11-02T23:45:14.772+0000] {processor.py:179} INFO - Processing /home/airflow/.local/lib/python3.8/site-packages/airflow/example_dags/example_latest_only_with_trigger.py took 0.098 seconds
[2023-11-02T23:45:45.063+0000] {processor.py:157} INFO - Started process (PID=2092) to work on /home/airflow/.local/lib/python3.8/site-packages/airflow/example_dags/example_latest_only_with_trigger.py
[2023-11-02T23:45:45.064+0000] {processor.py:829} INFO - Processing file /home/airflow/.local/lib/python3.8/site-packages/airflow/example_dags/example_latest_only_with_trigger.py for tasks to queue
[2023-11-02T23:45:45.067+0000] {logging_mixin.py:151} INFO - [2023-11-02T23:45:45.066+0000] {dagbag.py:536} INFO - Filling up the DagBag from /home/airflow/.local/lib/python3.8/site-packages/airflow/example_dags/example_latest_only_with_trigger.py
[2023-11-02T23:45:45.074+0000] {processor.py:839} INFO - DAG(s) dict_keys(['latest_only_with_trigger']) retrieved from /home/airflow/.local/lib/python3.8/site-packages/airflow/example_dags/example_latest_only_with_trigger.py
[2023-11-02T23:45:45.101+0000] {logging_mixin.py:151} INFO - [2023-11-02T23:45:45.101+0000] {dag.py:2941} INFO - Sync 1 DAGs
[2023-11-02T23:45:45.126+0000] {logging_mixin.py:151} INFO - [2023-11-02T23:45:45.126+0000] {dag.py:3722} INFO - Setting next_dagrun for latest_only_with_trigger to 2023-11-02T19:45:45.126471+00:00, run_after=2023-11-02T23:45:45.126471+00:00
[2023-11-02T23:45:45.153+0000] {processor.py:179} INFO - Processing /home/airflow/.local/lib/python3.8/site-packages/airflow/example_dags/example_latest_only_with_trigger.py took 0.093 seconds
[2023-11-02T23:46:15.313+0000] {processor.py:157} INFO - Started process (PID=2146) to work on /home/airflow/.local/lib/python3.8/site-packages/airflow/example_dags/example_latest_only_with_trigger.py
[2023-11-02T23:46:15.314+0000] {processor.py:829} INFO - Processing file /home/airflow/.local/lib/python3.8/site-packages/airflow/example_dags/example_latest_only_with_trigger.py for tasks to queue
[2023-11-02T23:46:15.317+0000] {logging_mixin.py:151} INFO - [2023-11-02T23:46:15.316+0000] {dagbag.py:536} INFO - Filling up the DagBag from /home/airflow/.local/lib/python3.8/site-packages/airflow/example_dags/example_latest_only_with_trigger.py
[2023-11-02T23:46:15.323+0000] {processor.py:839} INFO - DAG(s) dict_keys(['latest_only_with_trigger']) retrieved from /home/airflow/.local/lib/python3.8/site-packages/airflow/example_dags/example_latest_only_with_trigger.py
[2023-11-02T23:46:15.353+0000] {logging_mixin.py:151} INFO - [2023-11-02T23:46:15.353+0000] {dag.py:2941} INFO - Sync 1 DAGs
[2023-11-02T23:46:15.382+0000] {logging_mixin.py:151} INFO - [2023-11-02T23:46:15.382+0000] {dag.py:3722} INFO - Setting next_dagrun for latest_only_with_trigger to 2023-11-02T19:46:15.381596+00:00, run_after=2023-11-02T23:46:15.381596+00:00
[2023-11-02T23:46:15.413+0000] {processor.py:179} INFO - Processing /home/airflow/.local/lib/python3.8/site-packages/airflow/example_dags/example_latest_only_with_trigger.py took 0.103 seconds
[2023-11-02T23:46:45.528+0000] {processor.py:157} INFO - Started process (PID=2200) to work on /home/airflow/.local/lib/python3.8/site-packages/airflow/example_dags/example_latest_only_with_trigger.py
[2023-11-02T23:46:45.530+0000] {processor.py:829} INFO - Processing file /home/airflow/.local/lib/python3.8/site-packages/airflow/example_dags/example_latest_only_with_trigger.py for tasks to queue
[2023-11-02T23:46:45.532+0000] {logging_mixin.py:151} INFO - [2023-11-02T23:46:45.532+0000] {dagbag.py:536} INFO - Filling up the DagBag from /home/airflow/.local/lib/python3.8/site-packages/airflow/example_dags/example_latest_only_with_trigger.py
[2023-11-02T23:46:45.538+0000] {processor.py:839} INFO - DAG(s) dict_keys(['latest_only_with_trigger']) retrieved from /home/airflow/.local/lib/python3.8/site-packages/airflow/example_dags/example_latest_only_with_trigger.py
[2023-11-02T23:46:45.565+0000] {logging_mixin.py:151} INFO - [2023-11-02T23:46:45.565+0000] {dag.py:2941} INFO - Sync 1 DAGs
[2023-11-02T23:46:45.590+0000] {logging_mixin.py:151} INFO - [2023-11-02T23:46:45.590+0000] {dag.py:3722} INFO - Setting next_dagrun for latest_only_with_trigger to 2023-11-02T19:46:45.589856+00:00, run_after=2023-11-02T23:46:45.589856+00:00
[2023-11-02T23:46:45.619+0000] {processor.py:179} INFO - Processing /home/airflow/.local/lib/python3.8/site-packages/airflow/example_dags/example_latest_only_with_trigger.py took 0.094 seconds
[2023-11-02T23:47:15.779+0000] {processor.py:157} INFO - Started process (PID=2253) to work on /home/airflow/.local/lib/python3.8/site-packages/airflow/example_dags/example_latest_only_with_trigger.py
[2023-11-02T23:47:15.780+0000] {processor.py:829} INFO - Processing file /home/airflow/.local/lib/python3.8/site-packages/airflow/example_dags/example_latest_only_with_trigger.py for tasks to queue
[2023-11-02T23:47:15.783+0000] {logging_mixin.py:151} INFO - [2023-11-02T23:47:15.782+0000] {dagbag.py:536} INFO - Filling up the DagBag from /home/airflow/.local/lib/python3.8/site-packages/airflow/example_dags/example_latest_only_with_trigger.py
[2023-11-02T23:47:15.788+0000] {processor.py:839} INFO - DAG(s) dict_keys(['latest_only_with_trigger']) retrieved from /home/airflow/.local/lib/python3.8/site-packages/airflow/example_dags/example_latest_only_with_trigger.py
[2023-11-02T23:47:15.815+0000] {logging_mixin.py:151} INFO - [2023-11-02T23:47:15.815+0000] {dag.py:2941} INFO - Sync 1 DAGs
[2023-11-02T23:47:15.841+0000] {logging_mixin.py:151} INFO - [2023-11-02T23:47:15.840+0000] {dag.py:3722} INFO - Setting next_dagrun for latest_only_with_trigger to 2023-11-02T19:47:15.840376+00:00, run_after=2023-11-02T23:47:15.840376+00:00
[2023-11-02T23:47:15.868+0000] {processor.py:179} INFO - Processing /home/airflow/.local/lib/python3.8/site-packages/airflow/example_dags/example_latest_only_with_trigger.py took 0.093 seconds
[2023-11-02T23:47:45.983+0000] {processor.py:157} INFO - Started process (PID=2307) to work on /home/airflow/.local/lib/python3.8/site-packages/airflow/example_dags/example_latest_only_with_trigger.py
[2023-11-02T23:47:45.985+0000] {processor.py:829} INFO - Processing file /home/airflow/.local/lib/python3.8/site-packages/airflow/example_dags/example_latest_only_with_trigger.py for tasks to queue
[2023-11-02T23:47:45.988+0000] {logging_mixin.py:151} INFO - [2023-11-02T23:47:45.988+0000] {dagbag.py:536} INFO - Filling up the DagBag from /home/airflow/.local/lib/python3.8/site-packages/airflow/example_dags/example_latest_only_with_trigger.py
[2023-11-02T23:47:45.996+0000] {processor.py:839} INFO - DAG(s) dict_keys(['latest_only_with_trigger']) retrieved from /home/airflow/.local/lib/python3.8/site-packages/airflow/example_dags/example_latest_only_with_trigger.py
[2023-11-02T23:47:46.022+0000] {logging_mixin.py:151} INFO - [2023-11-02T23:47:46.022+0000] {dag.py:2941} INFO - Sync 1 DAGs
[2023-11-02T23:47:46.056+0000] {logging_mixin.py:151} INFO - [2023-11-02T23:47:46.056+0000] {dag.py:3722} INFO - Setting next_dagrun for latest_only_with_trigger to 2023-11-02T19:47:46.055769+00:00, run_after=2023-11-02T23:47:46.055769+00:00
[2023-11-02T23:47:46.095+0000] {processor.py:179} INFO - Processing /home/airflow/.local/lib/python3.8/site-packages/airflow/example_dags/example_latest_only_with_trigger.py took 0.117 seconds
[2023-11-02T23:48:57.794+0000] {processor.py:157} INFO - Started process (PID=38) to work on /home/airflow/.local/lib/python3.8/site-packages/airflow/example_dags/example_latest_only_with_trigger.py
[2023-11-02T23:48:57.796+0000] {processor.py:829} INFO - Processing file /home/airflow/.local/lib/python3.8/site-packages/airflow/example_dags/example_latest_only_with_trigger.py for tasks to queue
[2023-11-02T23:48:57.799+0000] {logging_mixin.py:151} INFO - [2023-11-02T23:48:57.798+0000] {dagbag.py:536} INFO - Filling up the DagBag from /home/airflow/.local/lib/python3.8/site-packages/airflow/example_dags/example_latest_only_with_trigger.py
[2023-11-02T23:48:57.807+0000] {processor.py:839} INFO - DAG(s) dict_keys(['latest_only_with_trigger']) retrieved from /home/airflow/.local/lib/python3.8/site-packages/airflow/example_dags/example_latest_only_with_trigger.py
[2023-11-02T23:48:57.829+0000] {logging_mixin.py:151} INFO - [2023-11-02T23:48:57.828+0000] {dag.py:2941} INFO - Sync 1 DAGs
[2023-11-02T23:48:57.899+0000] {logging_mixin.py:151} INFO - [2023-11-02T23:48:57.898+0000] {dag.py:3722} INFO - Setting next_dagrun for latest_only_with_trigger to 2023-11-02T19:48:57.898507+00:00, run_after=2023-11-02T23:48:57.898507+00:00
[2023-11-02T23:48:57.943+0000] {processor.py:179} INFO - Processing /home/airflow/.local/lib/python3.8/site-packages/airflow/example_dags/example_latest_only_with_trigger.py took 0.156 seconds
[2023-11-02T23:49:28.137+0000] {processor.py:157} INFO - Started process (PID=92) to work on /home/airflow/.local/lib/python3.8/site-packages/airflow/example_dags/example_latest_only_with_trigger.py
[2023-11-02T23:49:28.138+0000] {processor.py:829} INFO - Processing file /home/airflow/.local/lib/python3.8/site-packages/airflow/example_dags/example_latest_only_with_trigger.py for tasks to queue
[2023-11-02T23:49:28.140+0000] {logging_mixin.py:151} INFO - [2023-11-02T23:49:28.140+0000] {dagbag.py:536} INFO - Filling up the DagBag from /home/airflow/.local/lib/python3.8/site-packages/airflow/example_dags/example_latest_only_with_trigger.py
[2023-11-02T23:49:28.147+0000] {processor.py:839} INFO - DAG(s) dict_keys(['latest_only_with_trigger']) retrieved from /home/airflow/.local/lib/python3.8/site-packages/airflow/example_dags/example_latest_only_with_trigger.py
[2023-11-02T23:49:28.173+0000] {logging_mixin.py:151} INFO - [2023-11-02T23:49:28.173+0000] {dag.py:2941} INFO - Sync 1 DAGs
[2023-11-02T23:49:28.199+0000] {logging_mixin.py:151} INFO - [2023-11-02T23:49:28.198+0000] {dag.py:3722} INFO - Setting next_dagrun for latest_only_with_trigger to 2023-11-02T19:49:28.198620+00:00, run_after=2023-11-02T23:49:28.198620+00:00
[2023-11-02T23:49:28.226+0000] {processor.py:179} INFO - Processing /home/airflow/.local/lib/python3.8/site-packages/airflow/example_dags/example_latest_only_with_trigger.py took 0.092 seconds
[2023-11-02T23:49:58.298+0000] {processor.py:157} INFO - Started process (PID=146) to work on /home/airflow/.local/lib/python3.8/site-packages/airflow/example_dags/example_latest_only_with_trigger.py
[2023-11-02T23:49:58.300+0000] {processor.py:829} INFO - Processing file /home/airflow/.local/lib/python3.8/site-packages/airflow/example_dags/example_latest_only_with_trigger.py for tasks to queue
[2023-11-02T23:49:58.302+0000] {logging_mixin.py:151} INFO - [2023-11-02T23:49:58.302+0000] {dagbag.py:536} INFO - Filling up the DagBag from /home/airflow/.local/lib/python3.8/site-packages/airflow/example_dags/example_latest_only_with_trigger.py
[2023-11-02T23:49:58.308+0000] {processor.py:839} INFO - DAG(s) dict_keys(['latest_only_with_trigger']) retrieved from /home/airflow/.local/lib/python3.8/site-packages/airflow/example_dags/example_latest_only_with_trigger.py
[2023-11-02T23:49:58.338+0000] {logging_mixin.py:151} INFO - [2023-11-02T23:49:58.338+0000] {dag.py:2941} INFO - Sync 1 DAGs
[2023-11-02T23:49:58.365+0000] {logging_mixin.py:151} INFO - [2023-11-02T23:49:58.365+0000] {dag.py:3722} INFO - Setting next_dagrun for latest_only_with_trigger to 2023-11-02T19:49:58.364939+00:00, run_after=2023-11-02T23:49:58.364939+00:00
[2023-11-02T23:49:58.397+0000] {processor.py:179} INFO - Processing /home/airflow/.local/lib/python3.8/site-packages/airflow/example_dags/example_latest_only_with_trigger.py took 0.102 seconds
[2023-11-02T23:50:28.792+0000] {processor.py:157} INFO - Started process (PID=200) to work on /home/airflow/.local/lib/python3.8/site-packages/airflow/example_dags/example_latest_only_with_trigger.py
[2023-11-02T23:50:28.794+0000] {processor.py:829} INFO - Processing file /home/airflow/.local/lib/python3.8/site-packages/airflow/example_dags/example_latest_only_with_trigger.py for tasks to queue
[2023-11-02T23:50:28.796+0000] {logging_mixin.py:151} INFO - [2023-11-02T23:50:28.796+0000] {dagbag.py:536} INFO - Filling up the DagBag from /home/airflow/.local/lib/python3.8/site-packages/airflow/example_dags/example_latest_only_with_trigger.py
[2023-11-02T23:50:28.802+0000] {processor.py:839} INFO - DAG(s) dict_keys(['latest_only_with_trigger']) retrieved from /home/airflow/.local/lib/python3.8/site-packages/airflow/example_dags/example_latest_only_with_trigger.py
[2023-11-02T23:50:28.834+0000] {logging_mixin.py:151} INFO - [2023-11-02T23:50:28.834+0000] {dag.py:2941} INFO - Sync 1 DAGs
[2023-11-02T23:50:28.868+0000] {logging_mixin.py:151} INFO - [2023-11-02T23:50:28.868+0000] {dag.py:3722} INFO - Setting next_dagrun for latest_only_with_trigger to 2023-11-02T19:50:28.868026+00:00, run_after=2023-11-02T23:50:28.868026+00:00
[2023-11-02T23:50:28.897+0000] {processor.py:179} INFO - Processing /home/airflow/.local/lib/python3.8/site-packages/airflow/example_dags/example_latest_only_with_trigger.py took 0.108 seconds
[2023-11-02T23:50:59.228+0000] {processor.py:157} INFO - Started process (PID=254) to work on /home/airflow/.local/lib/python3.8/site-packages/airflow/example_dags/example_latest_only_with_trigger.py
[2023-11-02T23:50:59.229+0000] {processor.py:829} INFO - Processing file /home/airflow/.local/lib/python3.8/site-packages/airflow/example_dags/example_latest_only_with_trigger.py for tasks to queue
[2023-11-02T23:50:59.231+0000] {logging_mixin.py:151} INFO - [2023-11-02T23:50:59.231+0000] {dagbag.py:536} INFO - Filling up the DagBag from /home/airflow/.local/lib/python3.8/site-packages/airflow/example_dags/example_latest_only_with_trigger.py
[2023-11-02T23:50:59.237+0000] {processor.py:839} INFO - DAG(s) dict_keys(['latest_only_with_trigger']) retrieved from /home/airflow/.local/lib/python3.8/site-packages/airflow/example_dags/example_latest_only_with_trigger.py
[2023-11-02T23:50:59.265+0000] {logging_mixin.py:151} INFO - [2023-11-02T23:50:59.265+0000] {dag.py:2941} INFO - Sync 1 DAGs
[2023-11-02T23:50:59.292+0000] {logging_mixin.py:151} INFO - [2023-11-02T23:50:59.291+0000] {dag.py:3722} INFO - Setting next_dagrun for latest_only_with_trigger to 2023-11-02T19:50:59.291516+00:00, run_after=2023-11-02T23:50:59.291516+00:00
[2023-11-02T23:50:59.317+0000] {processor.py:179} INFO - Processing /home/airflow/.local/lib/python3.8/site-packages/airflow/example_dags/example_latest_only_with_trigger.py took 0.093 seconds
[2023-11-02T23:51:29.541+0000] {processor.py:157} INFO - Started process (PID=308) to work on /home/airflow/.local/lib/python3.8/site-packages/airflow/example_dags/example_latest_only_with_trigger.py
[2023-11-02T23:51:29.542+0000] {processor.py:829} INFO - Processing file /home/airflow/.local/lib/python3.8/site-packages/airflow/example_dags/example_latest_only_with_trigger.py for tasks to queue
[2023-11-02T23:51:29.544+0000] {logging_mixin.py:151} INFO - [2023-11-02T23:51:29.544+0000] {dagbag.py:536} INFO - Filling up the DagBag from /home/airflow/.local/lib/python3.8/site-packages/airflow/example_dags/example_latest_only_with_trigger.py
[2023-11-02T23:51:29.550+0000] {processor.py:839} INFO - DAG(s) dict_keys(['latest_only_with_trigger']) retrieved from /home/airflow/.local/lib/python3.8/site-packages/airflow/example_dags/example_latest_only_with_trigger.py
[2023-11-02T23:51:29.577+0000] {logging_mixin.py:151} INFO - [2023-11-02T23:51:29.577+0000] {dag.py:2941} INFO - Sync 1 DAGs
[2023-11-02T23:51:29.603+0000] {logging_mixin.py:151} INFO - [2023-11-02T23:51:29.603+0000] {dag.py:3722} INFO - Setting next_dagrun for latest_only_with_trigger to 2023-11-02T19:51:29.603124+00:00, run_after=2023-11-02T23:51:29.603124+00:00
[2023-11-02T23:51:29.628+0000] {processor.py:179} INFO - Processing /home/airflow/.local/lib/python3.8/site-packages/airflow/example_dags/example_latest_only_with_trigger.py took 0.090 seconds
[2023-11-02T23:51:59.760+0000] {processor.py:157} INFO - Started process (PID=362) to work on /home/airflow/.local/lib/python3.8/site-packages/airflow/example_dags/example_latest_only_with_trigger.py
[2023-11-02T23:51:59.762+0000] {processor.py:829} INFO - Processing file /home/airflow/.local/lib/python3.8/site-packages/airflow/example_dags/example_latest_only_with_trigger.py for tasks to queue
[2023-11-02T23:51:59.764+0000] {logging_mixin.py:151} INFO - [2023-11-02T23:51:59.763+0000] {dagbag.py:536} INFO - Filling up the DagBag from /home/airflow/.local/lib/python3.8/site-packages/airflow/example_dags/example_latest_only_with_trigger.py
[2023-11-02T23:51:59.769+0000] {processor.py:839} INFO - DAG(s) dict_keys(['latest_only_with_trigger']) retrieved from /home/airflow/.local/lib/python3.8/site-packages/airflow/example_dags/example_latest_only_with_trigger.py
[2023-11-02T23:51:59.795+0000] {logging_mixin.py:151} INFO - [2023-11-02T23:51:59.795+0000] {dag.py:2941} INFO - Sync 1 DAGs
[2023-11-02T23:51:59.823+0000] {logging_mixin.py:151} INFO - [2023-11-02T23:51:59.823+0000] {dag.py:3722} INFO - Setting next_dagrun for latest_only_with_trigger to 2023-11-02T19:51:59.823371+00:00, run_after=2023-11-02T23:51:59.823371+00:00
[2023-11-02T23:51:59.860+0000] {processor.py:179} INFO - Processing /home/airflow/.local/lib/python3.8/site-packages/airflow/example_dags/example_latest_only_with_trigger.py took 0.103 seconds
[2023-11-02T23:52:29.950+0000] {processor.py:157} INFO - Started process (PID=416) to work on /home/airflow/.local/lib/python3.8/site-packages/airflow/example_dags/example_latest_only_with_trigger.py
[2023-11-02T23:52:29.951+0000] {processor.py:829} INFO - Processing file /home/airflow/.local/lib/python3.8/site-packages/airflow/example_dags/example_latest_only_with_trigger.py for tasks to queue
[2023-11-02T23:52:29.953+0000] {logging_mixin.py:151} INFO - [2023-11-02T23:52:29.952+0000] {dagbag.py:536} INFO - Filling up the DagBag from /home/airflow/.local/lib/python3.8/site-packages/airflow/example_dags/example_latest_only_with_trigger.py
[2023-11-02T23:52:29.958+0000] {processor.py:839} INFO - DAG(s) dict_keys(['latest_only_with_trigger']) retrieved from /home/airflow/.local/lib/python3.8/site-packages/airflow/example_dags/example_latest_only_with_trigger.py
[2023-11-02T23:52:29.995+0000] {logging_mixin.py:151} INFO - [2023-11-02T23:52:29.995+0000] {dag.py:2941} INFO - Sync 1 DAGs
[2023-11-02T23:52:30.018+0000] {logging_mixin.py:151} INFO - [2023-11-02T23:52:30.018+0000] {dag.py:3722} INFO - Setting next_dagrun for latest_only_with_trigger to 2023-11-02T19:52:30.018348+00:00, run_after=2023-11-02T23:52:30.018348+00:00
[2023-11-02T23:52:30.050+0000] {processor.py:179} INFO - Processing /home/airflow/.local/lib/python3.8/site-packages/airflow/example_dags/example_latest_only_with_trigger.py took 0.104 seconds
[2023-11-02T23:53:00.310+0000] {processor.py:157} INFO - Started process (PID=470) to work on /home/airflow/.local/lib/python3.8/site-packages/airflow/example_dags/example_latest_only_with_trigger.py
[2023-11-02T23:53:00.312+0000] {processor.py:829} INFO - Processing file /home/airflow/.local/lib/python3.8/site-packages/airflow/example_dags/example_latest_only_with_trigger.py for tasks to queue
[2023-11-02T23:53:00.314+0000] {logging_mixin.py:151} INFO - [2023-11-02T23:53:00.314+0000] {dagbag.py:536} INFO - Filling up the DagBag from /home/airflow/.local/lib/python3.8/site-packages/airflow/example_dags/example_latest_only_with_trigger.py
[2023-11-02T23:53:00.322+0000] {processor.py:839} INFO - DAG(s) dict_keys(['latest_only_with_trigger']) retrieved from /home/airflow/.local/lib/python3.8/site-packages/airflow/example_dags/example_latest_only_with_trigger.py
[2023-11-02T23:53:00.359+0000] {logging_mixin.py:151} INFO - [2023-11-02T23:53:00.358+0000] {dag.py:2941} INFO - Sync 1 DAGs
[2023-11-02T23:53:00.386+0000] {logging_mixin.py:151} INFO - [2023-11-02T23:53:00.386+0000] {dag.py:3722} INFO - Setting next_dagrun for latest_only_with_trigger to 2023-11-02T19:53:00.385780+00:00, run_after=2023-11-02T23:53:00.385780+00:00
[2023-11-02T23:53:00.414+0000] {processor.py:179} INFO - Processing /home/airflow/.local/lib/python3.8/site-packages/airflow/example_dags/example_latest_only_with_trigger.py took 0.109 seconds
[2023-11-02T23:53:30.509+0000] {processor.py:157} INFO - Started process (PID=524) to work on /home/airflow/.local/lib/python3.8/site-packages/airflow/example_dags/example_latest_only_with_trigger.py
[2023-11-02T23:53:30.509+0000] {processor.py:829} INFO - Processing file /home/airflow/.local/lib/python3.8/site-packages/airflow/example_dags/example_latest_only_with_trigger.py for tasks to queue
[2023-11-02T23:53:30.511+0000] {logging_mixin.py:151} INFO - [2023-11-02T23:53:30.511+0000] {dagbag.py:536} INFO - Filling up the DagBag from /home/airflow/.local/lib/python3.8/site-packages/airflow/example_dags/example_latest_only_with_trigger.py
[2023-11-02T23:53:30.517+0000] {processor.py:839} INFO - DAG(s) dict_keys(['latest_only_with_trigger']) retrieved from /home/airflow/.local/lib/python3.8/site-packages/airflow/example_dags/example_latest_only_with_trigger.py
[2023-11-02T23:53:30.553+0000] {logging_mixin.py:151} INFO - [2023-11-02T23:53:30.552+0000] {dag.py:2941} INFO - Sync 1 DAGs
[2023-11-02T23:53:30.578+0000] {logging_mixin.py:151} INFO - [2023-11-02T23:53:30.578+0000] {dag.py:3722} INFO - Setting next_dagrun for latest_only_with_trigger to 2023-11-02T19:53:30.578262+00:00, run_after=2023-11-02T23:53:30.578262+00:00
[2023-11-02T23:53:30.610+0000] {processor.py:179} INFO - Processing /home/airflow/.local/lib/python3.8/site-packages/airflow/example_dags/example_latest_only_with_trigger.py took 0.105 seconds
[2023-11-02T23:54:00.772+0000] {processor.py:157} INFO - Started process (PID=578) to work on /home/airflow/.local/lib/python3.8/site-packages/airflow/example_dags/example_latest_only_with_trigger.py
[2023-11-02T23:54:00.773+0000] {processor.py:829} INFO - Processing file /home/airflow/.local/lib/python3.8/site-packages/airflow/example_dags/example_latest_only_with_trigger.py for tasks to queue
[2023-11-02T23:54:00.775+0000] {logging_mixin.py:151} INFO - [2023-11-02T23:54:00.775+0000] {dagbag.py:536} INFO - Filling up the DagBag from /home/airflow/.local/lib/python3.8/site-packages/airflow/example_dags/example_latest_only_with_trigger.py
[2023-11-02T23:54:00.781+0000] {processor.py:839} INFO - DAG(s) dict_keys(['latest_only_with_trigger']) retrieved from /home/airflow/.local/lib/python3.8/site-packages/airflow/example_dags/example_latest_only_with_trigger.py
[2023-11-02T23:54:00.807+0000] {logging_mixin.py:151} INFO - [2023-11-02T23:54:00.807+0000] {dag.py:2941} INFO - Sync 1 DAGs
[2023-11-02T23:54:00.836+0000] {logging_mixin.py:151} INFO - [2023-11-02T23:54:00.835+0000] {dag.py:3722} INFO - Setting next_dagrun for latest_only_with_trigger to 2023-11-02T19:54:00.835617+00:00, run_after=2023-11-02T23:54:00.835617+00:00
[2023-11-02T23:54:00.857+0000] {processor.py:179} INFO - Processing /home/airflow/.local/lib/python3.8/site-packages/airflow/example_dags/example_latest_only_with_trigger.py took 0.088 seconds
[2023-11-02T23:54:31.105+0000] {processor.py:157} INFO - Started process (PID=633) to work on /home/airflow/.local/lib/python3.8/site-packages/airflow/example_dags/example_latest_only_with_trigger.py
[2023-11-02T23:54:31.107+0000] {processor.py:829} INFO - Processing file /home/airflow/.local/lib/python3.8/site-packages/airflow/example_dags/example_latest_only_with_trigger.py for tasks to queue
[2023-11-02T23:54:31.109+0000] {logging_mixin.py:151} INFO - [2023-11-02T23:54:31.108+0000] {dagbag.py:536} INFO - Filling up the DagBag from /home/airflow/.local/lib/python3.8/site-packages/airflow/example_dags/example_latest_only_with_trigger.py
[2023-11-02T23:54:31.114+0000] {processor.py:839} INFO - DAG(s) dict_keys(['latest_only_with_trigger']) retrieved from /home/airflow/.local/lib/python3.8/site-packages/airflow/example_dags/example_latest_only_with_trigger.py
[2023-11-02T23:54:31.140+0000] {logging_mixin.py:151} INFO - [2023-11-02T23:54:31.140+0000] {dag.py:2941} INFO - Sync 1 DAGs
[2023-11-02T23:54:31.167+0000] {logging_mixin.py:151} INFO - [2023-11-02T23:54:31.167+0000] {dag.py:3722} INFO - Setting next_dagrun for latest_only_with_trigger to 2023-11-02T19:54:31.167438+00:00, run_after=2023-11-02T23:54:31.167438+00:00
[2023-11-02T23:54:31.197+0000] {processor.py:179} INFO - Processing /home/airflow/.local/lib/python3.8/site-packages/airflow/example_dags/example_latest_only_with_trigger.py took 0.095 seconds
[2023-11-02T23:55:01.553+0000] {processor.py:157} INFO - Started process (PID=686) to work on /home/airflow/.local/lib/python3.8/site-packages/airflow/example_dags/example_latest_only_with_trigger.py
[2023-11-02T23:55:01.556+0000] {processor.py:829} INFO - Processing file /home/airflow/.local/lib/python3.8/site-packages/airflow/example_dags/example_latest_only_with_trigger.py for tasks to queue
[2023-11-02T23:55:01.560+0000] {logging_mixin.py:151} INFO - [2023-11-02T23:55:01.559+0000] {dagbag.py:536} INFO - Filling up the DagBag from /home/airflow/.local/lib/python3.8/site-packages/airflow/example_dags/example_latest_only_with_trigger.py
[2023-11-02T23:55:01.574+0000] {processor.py:839} INFO - DAG(s) dict_keys(['latest_only_with_trigger']) retrieved from /home/airflow/.local/lib/python3.8/site-packages/airflow/example_dags/example_latest_only_with_trigger.py
[2023-11-02T23:55:01.629+0000] {logging_mixin.py:151} INFO - [2023-11-02T23:55:01.629+0000] {dag.py:2941} INFO - Sync 1 DAGs
[2023-11-02T23:55:01.666+0000] {logging_mixin.py:151} INFO - [2023-11-02T23:55:01.665+0000] {dag.py:3722} INFO - Setting next_dagrun for latest_only_with_trigger to 2023-11-02T19:55:01.665417+00:00, run_after=2023-11-02T23:55:01.665417+00:00
[2023-11-02T23:55:01.712+0000] {processor.py:179} INFO - Processing /home/airflow/.local/lib/python3.8/site-packages/airflow/example_dags/example_latest_only_with_trigger.py took 0.165 seconds
[2023-11-02T23:55:31.852+0000] {processor.py:157} INFO - Started process (PID=740) to work on /home/airflow/.local/lib/python3.8/site-packages/airflow/example_dags/example_latest_only_with_trigger.py
[2023-11-02T23:55:31.853+0000] {processor.py:829} INFO - Processing file /home/airflow/.local/lib/python3.8/site-packages/airflow/example_dags/example_latest_only_with_trigger.py for tasks to queue
[2023-11-02T23:55:31.856+0000] {logging_mixin.py:151} INFO - [2023-11-02T23:55:31.855+0000] {dagbag.py:536} INFO - Filling up the DagBag from /home/airflow/.local/lib/python3.8/site-packages/airflow/example_dags/example_latest_only_with_trigger.py
[2023-11-02T23:55:31.862+0000] {processor.py:839} INFO - DAG(s) dict_keys(['latest_only_with_trigger']) retrieved from /home/airflow/.local/lib/python3.8/site-packages/airflow/example_dags/example_latest_only_with_trigger.py
[2023-11-02T23:55:31.893+0000] {logging_mixin.py:151} INFO - [2023-11-02T23:55:31.893+0000] {dag.py:2941} INFO - Sync 1 DAGs
[2023-11-02T23:55:31.919+0000] {logging_mixin.py:151} INFO - [2023-11-02T23:55:31.919+0000] {dag.py:3722} INFO - Setting next_dagrun for latest_only_with_trigger to 2023-11-02T19:55:31.919377+00:00, run_after=2023-11-02T23:55:31.919377+00:00
[2023-11-02T23:55:31.947+0000] {processor.py:179} INFO - Processing /home/airflow/.local/lib/python3.8/site-packages/airflow/example_dags/example_latest_only_with_trigger.py took 0.100 seconds
[2023-11-02T23:56:02.248+0000] {processor.py:157} INFO - Started process (PID=794) to work on /home/airflow/.local/lib/python3.8/site-packages/airflow/example_dags/example_latest_only_with_trigger.py
[2023-11-02T23:56:02.249+0000] {processor.py:829} INFO - Processing file /home/airflow/.local/lib/python3.8/site-packages/airflow/example_dags/example_latest_only_with_trigger.py for tasks to queue
[2023-11-02T23:56:02.252+0000] {logging_mixin.py:151} INFO - [2023-11-02T23:56:02.251+0000] {dagbag.py:536} INFO - Filling up the DagBag from /home/airflow/.local/lib/python3.8/site-packages/airflow/example_dags/example_latest_only_with_trigger.py
[2023-11-02T23:56:02.257+0000] {processor.py:839} INFO - DAG(s) dict_keys(['latest_only_with_trigger']) retrieved from /home/airflow/.local/lib/python3.8/site-packages/airflow/example_dags/example_latest_only_with_trigger.py
[2023-11-02T23:56:02.286+0000] {logging_mixin.py:151} INFO - [2023-11-02T23:56:02.285+0000] {dag.py:2941} INFO - Sync 1 DAGs
[2023-11-02T23:56:02.315+0000] {logging_mixin.py:151} INFO - [2023-11-02T23:56:02.315+0000] {dag.py:3722} INFO - Setting next_dagrun for latest_only_with_trigger to 2023-11-02T19:56:02.314773+00:00, run_after=2023-11-02T23:56:02.314773+00:00
[2023-11-02T23:56:02.344+0000] {processor.py:179} INFO - Processing /home/airflow/.local/lib/python3.8/site-packages/airflow/example_dags/example_latest_only_with_trigger.py took 0.100 seconds
[2023-11-02T23:56:32.463+0000] {processor.py:157} INFO - Started process (PID=848) to work on /home/airflow/.local/lib/python3.8/site-packages/airflow/example_dags/example_latest_only_with_trigger.py
[2023-11-02T23:56:32.465+0000] {processor.py:829} INFO - Processing file /home/airflow/.local/lib/python3.8/site-packages/airflow/example_dags/example_latest_only_with_trigger.py for tasks to queue
[2023-11-02T23:56:32.467+0000] {logging_mixin.py:151} INFO - [2023-11-02T23:56:32.467+0000] {dagbag.py:536} INFO - Filling up the DagBag from /home/airflow/.local/lib/python3.8/site-packages/airflow/example_dags/example_latest_only_with_trigger.py
[2023-11-02T23:56:32.473+0000] {processor.py:839} INFO - DAG(s) dict_keys(['latest_only_with_trigger']) retrieved from /home/airflow/.local/lib/python3.8/site-packages/airflow/example_dags/example_latest_only_with_trigger.py
[2023-11-02T23:56:32.500+0000] {logging_mixin.py:151} INFO - [2023-11-02T23:56:32.500+0000] {dag.py:2941} INFO - Sync 1 DAGs
[2023-11-02T23:56:32.528+0000] {logging_mixin.py:151} INFO - [2023-11-02T23:56:32.528+0000] {dag.py:3722} INFO - Setting next_dagrun for latest_only_with_trigger to 2023-11-02T19:56:32.527786+00:00, run_after=2023-11-02T23:56:32.527786+00:00
[2023-11-02T23:56:32.556+0000] {processor.py:179} INFO - Processing /home/airflow/.local/lib/python3.8/site-packages/airflow/example_dags/example_latest_only_with_trigger.py took 0.096 seconds
[2023-11-02T23:57:02.770+0000] {processor.py:157} INFO - Started process (PID=902) to work on /home/airflow/.local/lib/python3.8/site-packages/airflow/example_dags/example_latest_only_with_trigger.py
[2023-11-02T23:57:02.771+0000] {processor.py:829} INFO - Processing file /home/airflow/.local/lib/python3.8/site-packages/airflow/example_dags/example_latest_only_with_trigger.py for tasks to queue
[2023-11-02T23:57:02.773+0000] {logging_mixin.py:151} INFO - [2023-11-02T23:57:02.773+0000] {dagbag.py:536} INFO - Filling up the DagBag from /home/airflow/.local/lib/python3.8/site-packages/airflow/example_dags/example_latest_only_with_trigger.py
[2023-11-02T23:57:02.779+0000] {processor.py:839} INFO - DAG(s) dict_keys(['latest_only_with_trigger']) retrieved from /home/airflow/.local/lib/python3.8/site-packages/airflow/example_dags/example_latest_only_with_trigger.py
[2023-11-02T23:57:02.804+0000] {logging_mixin.py:151} INFO - [2023-11-02T23:57:02.804+0000] {dag.py:2941} INFO - Sync 1 DAGs
[2023-11-02T23:57:02.831+0000] {logging_mixin.py:151} INFO - [2023-11-02T23:57:02.830+0000] {dag.py:3722} INFO - Setting next_dagrun for latest_only_with_trigger to 2023-11-02T19:57:02.830610+00:00, run_after=2023-11-02T23:57:02.830610+00:00
[2023-11-02T23:57:02.858+0000] {processor.py:179} INFO - Processing /home/airflow/.local/lib/python3.8/site-packages/airflow/example_dags/example_latest_only_with_trigger.py took 0.091 seconds
[2023-11-02T23:57:33.167+0000] {processor.py:157} INFO - Started process (PID=956) to work on /home/airflow/.local/lib/python3.8/site-packages/airflow/example_dags/example_latest_only_with_trigger.py
[2023-11-02T23:57:33.168+0000] {processor.py:829} INFO - Processing file /home/airflow/.local/lib/python3.8/site-packages/airflow/example_dags/example_latest_only_with_trigger.py for tasks to queue
[2023-11-02T23:57:33.170+0000] {logging_mixin.py:151} INFO - [2023-11-02T23:57:33.170+0000] {dagbag.py:536} INFO - Filling up the DagBag from /home/airflow/.local/lib/python3.8/site-packages/airflow/example_dags/example_latest_only_with_trigger.py
[2023-11-02T23:57:33.177+0000] {processor.py:839} INFO - DAG(s) dict_keys(['latest_only_with_trigger']) retrieved from /home/airflow/.local/lib/python3.8/site-packages/airflow/example_dags/example_latest_only_with_trigger.py
[2023-11-02T23:57:33.204+0000] {logging_mixin.py:151} INFO - [2023-11-02T23:57:33.204+0000] {dag.py:2941} INFO - Sync 1 DAGs
[2023-11-02T23:57:33.232+0000] {logging_mixin.py:151} INFO - [2023-11-02T23:57:33.231+0000] {dag.py:3722} INFO - Setting next_dagrun for latest_only_with_trigger to 2023-11-02T19:57:33.231582+00:00, run_after=2023-11-02T23:57:33.231582+00:00
[2023-11-02T23:57:33.256+0000] {processor.py:179} INFO - Processing /home/airflow/.local/lib/python3.8/site-packages/airflow/example_dags/example_latest_only_with_trigger.py took 0.093 seconds
[2023-11-02T23:58:03.455+0000] {processor.py:157} INFO - Started process (PID=1010) to work on /home/airflow/.local/lib/python3.8/site-packages/airflow/example_dags/example_latest_only_with_trigger.py
[2023-11-02T23:58:03.455+0000] {processor.py:829} INFO - Processing file /home/airflow/.local/lib/python3.8/site-packages/airflow/example_dags/example_latest_only_with_trigger.py for tasks to queue
[2023-11-02T23:58:03.458+0000] {logging_mixin.py:151} INFO - [2023-11-02T23:58:03.458+0000] {dagbag.py:536} INFO - Filling up the DagBag from /home/airflow/.local/lib/python3.8/site-packages/airflow/example_dags/example_latest_only_with_trigger.py
[2023-11-02T23:58:03.464+0000] {processor.py:839} INFO - DAG(s) dict_keys(['latest_only_with_trigger']) retrieved from /home/airflow/.local/lib/python3.8/site-packages/airflow/example_dags/example_latest_only_with_trigger.py
[2023-11-02T23:58:03.494+0000] {logging_mixin.py:151} INFO - [2023-11-02T23:58:03.494+0000] {dag.py:2941} INFO - Sync 1 DAGs
[2023-11-02T23:58:03.524+0000] {logging_mixin.py:151} INFO - [2023-11-02T23:58:03.524+0000] {dag.py:3722} INFO - Setting next_dagrun for latest_only_with_trigger to 2023-11-02T19:58:03.524471+00:00, run_after=2023-11-02T23:58:03.524471+00:00
[2023-11-02T23:58:03.558+0000] {processor.py:179} INFO - Processing /home/airflow/.local/lib/python3.8/site-packages/airflow/example_dags/example_latest_only_with_trigger.py took 0.107 seconds
[2023-11-02T23:58:34.147+0000] {processor.py:157} INFO - Started process (PID=1064) to work on /home/airflow/.local/lib/python3.8/site-packages/airflow/example_dags/example_latest_only_with_trigger.py
[2023-11-02T23:58:34.149+0000] {processor.py:829} INFO - Processing file /home/airflow/.local/lib/python3.8/site-packages/airflow/example_dags/example_latest_only_with_trigger.py for tasks to queue
[2023-11-02T23:58:34.151+0000] {logging_mixin.py:151} INFO - [2023-11-02T23:58:34.151+0000] {dagbag.py:536} INFO - Filling up the DagBag from /home/airflow/.local/lib/python3.8/site-packages/airflow/example_dags/example_latest_only_with_trigger.py
[2023-11-02T23:58:34.157+0000] {processor.py:839} INFO - DAG(s) dict_keys(['latest_only_with_trigger']) retrieved from /home/airflow/.local/lib/python3.8/site-packages/airflow/example_dags/example_latest_only_with_trigger.py
[2023-11-02T23:58:34.187+0000] {logging_mixin.py:151} INFO - [2023-11-02T23:58:34.186+0000] {dag.py:2941} INFO - Sync 1 DAGs
[2023-11-02T23:58:34.217+0000] {logging_mixin.py:151} INFO - [2023-11-02T23:58:34.216+0000] {dag.py:3722} INFO - Setting next_dagrun for latest_only_with_trigger to 2023-11-02T19:58:34.216546+00:00, run_after=2023-11-02T23:58:34.216546+00:00
[2023-11-02T23:58:34.248+0000] {processor.py:179} INFO - Processing /home/airflow/.local/lib/python3.8/site-packages/airflow/example_dags/example_latest_only_with_trigger.py took 0.105 seconds
[2023-11-02T23:59:04.648+0000] {processor.py:157} INFO - Started process (PID=1118) to work on /home/airflow/.local/lib/python3.8/site-packages/airflow/example_dags/example_latest_only_with_trigger.py
[2023-11-02T23:59:04.649+0000] {processor.py:829} INFO - Processing file /home/airflow/.local/lib/python3.8/site-packages/airflow/example_dags/example_latest_only_with_trigger.py for tasks to queue
[2023-11-02T23:59:04.653+0000] {logging_mixin.py:151} INFO - [2023-11-02T23:59:04.652+0000] {dagbag.py:536} INFO - Filling up the DagBag from /home/airflow/.local/lib/python3.8/site-packages/airflow/example_dags/example_latest_only_with_trigger.py
[2023-11-02T23:59:04.663+0000] {processor.py:839} INFO - DAG(s) dict_keys(['latest_only_with_trigger']) retrieved from /home/airflow/.local/lib/python3.8/site-packages/airflow/example_dags/example_latest_only_with_trigger.py
[2023-11-02T23:59:04.694+0000] {logging_mixin.py:151} INFO - [2023-11-02T23:59:04.694+0000] {dag.py:2941} INFO - Sync 1 DAGs
[2023-11-02T23:59:04.736+0000] {logging_mixin.py:151} INFO - [2023-11-02T23:59:04.734+0000] {dag.py:3722} INFO - Setting next_dagrun for latest_only_with_trigger to 2023-11-02T19:59:04.732639+00:00, run_after=2023-11-02T23:59:04.732639+00:00
[2023-11-02T23:59:04.767+0000] {processor.py:179} INFO - Processing /home/airflow/.local/lib/python3.8/site-packages/airflow/example_dags/example_latest_only_with_trigger.py took 0.125 seconds
[2023-11-02T23:59:35.104+0000] {processor.py:157} INFO - Started process (PID=1172) to work on /home/airflow/.local/lib/python3.8/site-packages/airflow/example_dags/example_latest_only_with_trigger.py
[2023-11-02T23:59:35.106+0000] {processor.py:829} INFO - Processing file /home/airflow/.local/lib/python3.8/site-packages/airflow/example_dags/example_latest_only_with_trigger.py for tasks to queue
[2023-11-02T23:59:35.108+0000] {logging_mixin.py:151} INFO - [2023-11-02T23:59:35.108+0000] {dagbag.py:536} INFO - Filling up the DagBag from /home/airflow/.local/lib/python3.8/site-packages/airflow/example_dags/example_latest_only_with_trigger.py
[2023-11-02T23:59:35.115+0000] {processor.py:839} INFO - DAG(s) dict_keys(['latest_only_with_trigger']) retrieved from /home/airflow/.local/lib/python3.8/site-packages/airflow/example_dags/example_latest_only_with_trigger.py
[2023-11-02T23:59:35.143+0000] {logging_mixin.py:151} INFO - [2023-11-02T23:59:35.142+0000] {dag.py:2941} INFO - Sync 1 DAGs
[2023-11-02T23:59:35.170+0000] {logging_mixin.py:151} INFO - [2023-11-02T23:59:35.169+0000] {dag.py:3722} INFO - Setting next_dagrun for latest_only_with_trigger to 2023-11-02T19:59:35.169603+00:00, run_after=2023-11-02T23:59:35.169603+00:00
[2023-11-02T23:59:35.201+0000] {processor.py:179} INFO - Processing /home/airflow/.local/lib/python3.8/site-packages/airflow/example_dags/example_latest_only_with_trigger.py took 0.100 seconds
