[2023-11-02T23:26:27.017+0000] {processor.py:157} INFO - Started process (PID=58) to work on /home/airflow/.local/lib/python3.8/site-packages/airflow/example_dags/example_python_operator.py
[2023-11-02T23:26:27.021+0000] {processor.py:829} INFO - Processing file /home/airflow/.local/lib/python3.8/site-packages/airflow/example_dags/example_python_operator.py for tasks to queue
[2023-11-02T23:26:27.031+0000] {logging_mixin.py:151} INFO - [2023-11-02T23:26:27.031+0000] {dagbag.py:536} INFO - Filling up the DagBag from /home/airflow/.local/lib/python3.8/site-packages/airflow/example_dags/example_python_operator.py
[2023-11-02T23:26:27.049+0000] {processor.py:839} INFO - DAG(s) dict_keys(['example_python_operator']) retrieved from /home/airflow/.local/lib/python3.8/site-packages/airflow/example_dags/example_python_operator.py
[2023-11-02T23:26:27.072+0000] {logging_mixin.py:151} INFO - [2023-11-02T23:26:27.072+0000] {dag.py:2941} INFO - Sync 1 DAGs
[2023-11-02T23:26:27.091+0000] {logging_mixin.py:151} INFO - [2023-11-02T23:26:27.090+0000] {dag.py:3722} INFO - Setting next_dagrun for example_python_operator to None, run_after=None
[2023-11-02T23:26:27.122+0000] {processor.py:179} INFO - Processing /home/airflow/.local/lib/python3.8/site-packages/airflow/example_dags/example_python_operator.py took 0.130 seconds
[2023-11-02T23:26:57.882+0000] {processor.py:157} INFO - Started process (PID=111) to work on /home/airflow/.local/lib/python3.8/site-packages/airflow/example_dags/example_python_operator.py
[2023-11-02T23:26:57.884+0000] {processor.py:829} INFO - Processing file /home/airflow/.local/lib/python3.8/site-packages/airflow/example_dags/example_python_operator.py for tasks to queue
[2023-11-02T23:26:57.886+0000] {logging_mixin.py:151} INFO - [2023-11-02T23:26:57.886+0000] {dagbag.py:536} INFO - Filling up the DagBag from /home/airflow/.local/lib/python3.8/site-packages/airflow/example_dags/example_python_operator.py
[2023-11-02T23:26:57.900+0000] {processor.py:839} INFO - DAG(s) dict_keys(['example_python_operator']) retrieved from /home/airflow/.local/lib/python3.8/site-packages/airflow/example_dags/example_python_operator.py
[2023-11-02T23:26:58.199+0000] {logging_mixin.py:151} INFO - [2023-11-02T23:26:58.198+0000] {dag.py:2941} INFO - Sync 1 DAGs
[2023-11-02T23:26:58.216+0000] {logging_mixin.py:151} INFO - [2023-11-02T23:26:58.216+0000] {dag.py:3722} INFO - Setting next_dagrun for example_python_operator to None, run_after=None
[2023-11-02T23:26:58.254+0000] {processor.py:179} INFO - Processing /home/airflow/.local/lib/python3.8/site-packages/airflow/example_dags/example_python_operator.py took 0.375 seconds
[2023-11-02T23:27:28.401+0000] {processor.py:157} INFO - Started process (PID=165) to work on /home/airflow/.local/lib/python3.8/site-packages/airflow/example_dags/example_python_operator.py
[2023-11-02T23:27:28.402+0000] {processor.py:829} INFO - Processing file /home/airflow/.local/lib/python3.8/site-packages/airflow/example_dags/example_python_operator.py for tasks to queue
[2023-11-02T23:27:28.404+0000] {logging_mixin.py:151} INFO - [2023-11-02T23:27:28.404+0000] {dagbag.py:536} INFO - Filling up the DagBag from /home/airflow/.local/lib/python3.8/site-packages/airflow/example_dags/example_python_operator.py
[2023-11-02T23:27:28.416+0000] {processor.py:839} INFO - DAG(s) dict_keys(['example_python_operator']) retrieved from /home/airflow/.local/lib/python3.8/site-packages/airflow/example_dags/example_python_operator.py
[2023-11-02T23:27:28.444+0000] {logging_mixin.py:151} INFO - [2023-11-02T23:27:28.444+0000] {dag.py:2941} INFO - Sync 1 DAGs
[2023-11-02T23:27:28.458+0000] {logging_mixin.py:151} INFO - [2023-11-02T23:27:28.458+0000] {dag.py:3722} INFO - Setting next_dagrun for example_python_operator to None, run_after=None
[2023-11-02T23:27:28.485+0000] {processor.py:179} INFO - Processing /home/airflow/.local/lib/python3.8/site-packages/airflow/example_dags/example_python_operator.py took 0.087 seconds
[2023-11-02T23:27:58.564+0000] {processor.py:157} INFO - Started process (PID=219) to work on /home/airflow/.local/lib/python3.8/site-packages/airflow/example_dags/example_python_operator.py
[2023-11-02T23:27:58.565+0000] {processor.py:829} INFO - Processing file /home/airflow/.local/lib/python3.8/site-packages/airflow/example_dags/example_python_operator.py for tasks to queue
[2023-11-02T23:27:58.567+0000] {logging_mixin.py:151} INFO - [2023-11-02T23:27:58.567+0000] {dagbag.py:536} INFO - Filling up the DagBag from /home/airflow/.local/lib/python3.8/site-packages/airflow/example_dags/example_python_operator.py
[2023-11-02T23:27:58.579+0000] {processor.py:839} INFO - DAG(s) dict_keys(['example_python_operator']) retrieved from /home/airflow/.local/lib/python3.8/site-packages/airflow/example_dags/example_python_operator.py
[2023-11-02T23:27:58.607+0000] {logging_mixin.py:151} INFO - [2023-11-02T23:27:58.606+0000] {dag.py:2941} INFO - Sync 1 DAGs
[2023-11-02T23:27:58.620+0000] {logging_mixin.py:151} INFO - [2023-11-02T23:27:58.619+0000] {dag.py:3722} INFO - Setting next_dagrun for example_python_operator to None, run_after=None
[2023-11-02T23:27:58.644+0000] {processor.py:179} INFO - Processing /home/airflow/.local/lib/python3.8/site-packages/airflow/example_dags/example_python_operator.py took 0.084 seconds
[2023-11-02T23:28:28.769+0000] {processor.py:157} INFO - Started process (PID=272) to work on /home/airflow/.local/lib/python3.8/site-packages/airflow/example_dags/example_python_operator.py
[2023-11-02T23:28:28.770+0000] {processor.py:829} INFO - Processing file /home/airflow/.local/lib/python3.8/site-packages/airflow/example_dags/example_python_operator.py for tasks to queue
[2023-11-02T23:28:28.772+0000] {logging_mixin.py:151} INFO - [2023-11-02T23:28:28.772+0000] {dagbag.py:536} INFO - Filling up the DagBag from /home/airflow/.local/lib/python3.8/site-packages/airflow/example_dags/example_python_operator.py
[2023-11-02T23:28:28.783+0000] {processor.py:839} INFO - DAG(s) dict_keys(['example_python_operator']) retrieved from /home/airflow/.local/lib/python3.8/site-packages/airflow/example_dags/example_python_operator.py
[2023-11-02T23:28:28.813+0000] {logging_mixin.py:151} INFO - [2023-11-02T23:28:28.812+0000] {dag.py:2941} INFO - Sync 1 DAGs
[2023-11-02T23:28:28.827+0000] {logging_mixin.py:151} INFO - [2023-11-02T23:28:28.826+0000] {dag.py:3722} INFO - Setting next_dagrun for example_python_operator to None, run_after=None
[2023-11-02T23:28:28.852+0000] {processor.py:179} INFO - Processing /home/airflow/.local/lib/python3.8/site-packages/airflow/example_dags/example_python_operator.py took 0.086 seconds
[2023-11-02T23:28:59.002+0000] {processor.py:157} INFO - Started process (PID=326) to work on /home/airflow/.local/lib/python3.8/site-packages/airflow/example_dags/example_python_operator.py
[2023-11-02T23:28:59.003+0000] {processor.py:829} INFO - Processing file /home/airflow/.local/lib/python3.8/site-packages/airflow/example_dags/example_python_operator.py for tasks to queue
[2023-11-02T23:28:59.006+0000] {logging_mixin.py:151} INFO - [2023-11-02T23:28:59.005+0000] {dagbag.py:536} INFO - Filling up the DagBag from /home/airflow/.local/lib/python3.8/site-packages/airflow/example_dags/example_python_operator.py
[2023-11-02T23:28:59.017+0000] {processor.py:839} INFO - DAG(s) dict_keys(['example_python_operator']) retrieved from /home/airflow/.local/lib/python3.8/site-packages/airflow/example_dags/example_python_operator.py
[2023-11-02T23:28:59.047+0000] {logging_mixin.py:151} INFO - [2023-11-02T23:28:59.046+0000] {dag.py:2941} INFO - Sync 1 DAGs
[2023-11-02T23:28:59.061+0000] {logging_mixin.py:151} INFO - [2023-11-02T23:28:59.060+0000] {dag.py:3722} INFO - Setting next_dagrun for example_python_operator to None, run_after=None
[2023-11-02T23:28:59.088+0000] {processor.py:179} INFO - Processing /home/airflow/.local/lib/python3.8/site-packages/airflow/example_dags/example_python_operator.py took 0.089 seconds
[2023-11-02T23:29:29.303+0000] {processor.py:157} INFO - Started process (PID=380) to work on /home/airflow/.local/lib/python3.8/site-packages/airflow/example_dags/example_python_operator.py
[2023-11-02T23:29:29.304+0000] {processor.py:829} INFO - Processing file /home/airflow/.local/lib/python3.8/site-packages/airflow/example_dags/example_python_operator.py for tasks to queue
[2023-11-02T23:29:29.307+0000] {logging_mixin.py:151} INFO - [2023-11-02T23:29:29.306+0000] {dagbag.py:536} INFO - Filling up the DagBag from /home/airflow/.local/lib/python3.8/site-packages/airflow/example_dags/example_python_operator.py
[2023-11-02T23:29:29.316+0000] {processor.py:839} INFO - DAG(s) dict_keys(['example_python_operator']) retrieved from /home/airflow/.local/lib/python3.8/site-packages/airflow/example_dags/example_python_operator.py
[2023-11-02T23:29:29.342+0000] {logging_mixin.py:151} INFO - [2023-11-02T23:29:29.342+0000] {dag.py:2941} INFO - Sync 1 DAGs
[2023-11-02T23:29:29.356+0000] {logging_mixin.py:151} INFO - [2023-11-02T23:29:29.356+0000] {dag.py:3722} INFO - Setting next_dagrun for example_python_operator to None, run_after=None
[2023-11-02T23:29:29.382+0000] {processor.py:179} INFO - Processing /home/airflow/.local/lib/python3.8/site-packages/airflow/example_dags/example_python_operator.py took 0.082 seconds
[2023-11-02T23:29:59.951+0000] {processor.py:157} INFO - Started process (PID=434) to work on /home/airflow/.local/lib/python3.8/site-packages/airflow/example_dags/example_python_operator.py
[2023-11-02T23:29:59.952+0000] {processor.py:829} INFO - Processing file /home/airflow/.local/lib/python3.8/site-packages/airflow/example_dags/example_python_operator.py for tasks to queue
[2023-11-02T23:29:59.954+0000] {logging_mixin.py:151} INFO - [2023-11-02T23:29:59.954+0000] {dagbag.py:536} INFO - Filling up the DagBag from /home/airflow/.local/lib/python3.8/site-packages/airflow/example_dags/example_python_operator.py
[2023-11-02T23:29:59.966+0000] {processor.py:839} INFO - DAG(s) dict_keys(['example_python_operator']) retrieved from /home/airflow/.local/lib/python3.8/site-packages/airflow/example_dags/example_python_operator.py
[2023-11-02T23:29:59.998+0000] {logging_mixin.py:151} INFO - [2023-11-02T23:29:59.998+0000] {dag.py:2941} INFO - Sync 1 DAGs
[2023-11-02T23:30:00.018+0000] {logging_mixin.py:151} INFO - [2023-11-02T23:30:00.017+0000] {dag.py:3722} INFO - Setting next_dagrun for example_python_operator to None, run_after=None
[2023-11-02T23:30:00.051+0000] {processor.py:179} INFO - Processing /home/airflow/.local/lib/python3.8/site-packages/airflow/example_dags/example_python_operator.py took 0.103 seconds
[2023-11-02T23:30:30.920+0000] {processor.py:157} INFO - Started process (PID=488) to work on /home/airflow/.local/lib/python3.8/site-packages/airflow/example_dags/example_python_operator.py
[2023-11-02T23:30:30.922+0000] {processor.py:829} INFO - Processing file /home/airflow/.local/lib/python3.8/site-packages/airflow/example_dags/example_python_operator.py for tasks to queue
[2023-11-02T23:30:30.924+0000] {logging_mixin.py:151} INFO - [2023-11-02T23:30:30.923+0000] {dagbag.py:536} INFO - Filling up the DagBag from /home/airflow/.local/lib/python3.8/site-packages/airflow/example_dags/example_python_operator.py
[2023-11-02T23:30:30.934+0000] {processor.py:839} INFO - DAG(s) dict_keys(['example_python_operator']) retrieved from /home/airflow/.local/lib/python3.8/site-packages/airflow/example_dags/example_python_operator.py
[2023-11-02T23:30:30.964+0000] {logging_mixin.py:151} INFO - [2023-11-02T23:30:30.963+0000] {dag.py:2941} INFO - Sync 1 DAGs
[2023-11-02T23:30:30.978+0000] {logging_mixin.py:151} INFO - [2023-11-02T23:30:30.978+0000] {dag.py:3722} INFO - Setting next_dagrun for example_python_operator to None, run_after=None
[2023-11-02T23:30:31.013+0000] {processor.py:179} INFO - Processing /home/airflow/.local/lib/python3.8/site-packages/airflow/example_dags/example_python_operator.py took 0.096 seconds
[2023-11-02T23:31:01.881+0000] {processor.py:157} INFO - Started process (PID=542) to work on /home/airflow/.local/lib/python3.8/site-packages/airflow/example_dags/example_python_operator.py
[2023-11-02T23:31:01.884+0000] {processor.py:829} INFO - Processing file /home/airflow/.local/lib/python3.8/site-packages/airflow/example_dags/example_python_operator.py for tasks to queue
[2023-11-02T23:31:01.888+0000] {logging_mixin.py:151} INFO - [2023-11-02T23:31:01.888+0000] {dagbag.py:536} INFO - Filling up the DagBag from /home/airflow/.local/lib/python3.8/site-packages/airflow/example_dags/example_python_operator.py
[2023-11-02T23:31:01.904+0000] {processor.py:839} INFO - DAG(s) dict_keys(['example_python_operator']) retrieved from /home/airflow/.local/lib/python3.8/site-packages/airflow/example_dags/example_python_operator.py
[2023-11-02T23:31:01.954+0000] {logging_mixin.py:151} INFO - [2023-11-02T23:31:01.953+0000] {dag.py:2941} INFO - Sync 1 DAGs
[2023-11-02T23:31:01.981+0000] {logging_mixin.py:151} INFO - [2023-11-02T23:31:01.981+0000] {dag.py:3722} INFO - Setting next_dagrun for example_python_operator to None, run_after=None
[2023-11-02T23:31:02.019+0000] {processor.py:179} INFO - Processing /home/airflow/.local/lib/python3.8/site-packages/airflow/example_dags/example_python_operator.py took 0.144 seconds
[2023-11-02T23:31:32.741+0000] {processor.py:157} INFO - Started process (PID=595) to work on /home/airflow/.local/lib/python3.8/site-packages/airflow/example_dags/example_python_operator.py
[2023-11-02T23:31:32.742+0000] {processor.py:829} INFO - Processing file /home/airflow/.local/lib/python3.8/site-packages/airflow/example_dags/example_python_operator.py for tasks to queue
[2023-11-02T23:31:32.744+0000] {logging_mixin.py:151} INFO - [2023-11-02T23:31:32.744+0000] {dagbag.py:536} INFO - Filling up the DagBag from /home/airflow/.local/lib/python3.8/site-packages/airflow/example_dags/example_python_operator.py
[2023-11-02T23:31:32.755+0000] {processor.py:839} INFO - DAG(s) dict_keys(['example_python_operator']) retrieved from /home/airflow/.local/lib/python3.8/site-packages/airflow/example_dags/example_python_operator.py
[2023-11-02T23:31:32.789+0000] {logging_mixin.py:151} INFO - [2023-11-02T23:31:32.789+0000] {dag.py:2941} INFO - Sync 1 DAGs
[2023-11-02T23:31:32.803+0000] {logging_mixin.py:151} INFO - [2023-11-02T23:31:32.803+0000] {dag.py:3722} INFO - Setting next_dagrun for example_python_operator to None, run_after=None
[2023-11-02T23:31:32.831+0000] {processor.py:179} INFO - Processing /home/airflow/.local/lib/python3.8/site-packages/airflow/example_dags/example_python_operator.py took 0.093 seconds
[2023-11-02T23:32:04.327+0000] {processor.py:157} INFO - Started process (PID=649) to work on /home/airflow/.local/lib/python3.8/site-packages/airflow/example_dags/example_python_operator.py
[2023-11-02T23:32:04.338+0000] {processor.py:829} INFO - Processing file /home/airflow/.local/lib/python3.8/site-packages/airflow/example_dags/example_python_operator.py for tasks to queue
[2023-11-02T23:32:04.344+0000] {logging_mixin.py:151} INFO - [2023-11-02T23:32:04.343+0000] {dagbag.py:536} INFO - Filling up the DagBag from /home/airflow/.local/lib/python3.8/site-packages/airflow/example_dags/example_python_operator.py
[2023-11-02T23:32:04.368+0000] {processor.py:839} INFO - DAG(s) dict_keys(['example_python_operator']) retrieved from /home/airflow/.local/lib/python3.8/site-packages/airflow/example_dags/example_python_operator.py
[2023-11-02T23:32:04.414+0000] {logging_mixin.py:151} INFO - [2023-11-02T23:32:04.413+0000] {dag.py:2941} INFO - Sync 1 DAGs
[2023-11-02T23:32:04.431+0000] {logging_mixin.py:151} INFO - [2023-11-02T23:32:04.431+0000] {dag.py:3722} INFO - Setting next_dagrun for example_python_operator to None, run_after=None
[2023-11-02T23:32:04.544+0000] {processor.py:179} INFO - Processing /home/airflow/.local/lib/python3.8/site-packages/airflow/example_dags/example_python_operator.py took 0.224 seconds
[2023-11-02T23:32:34.962+0000] {processor.py:157} INFO - Started process (PID=703) to work on /home/airflow/.local/lib/python3.8/site-packages/airflow/example_dags/example_python_operator.py
[2023-11-02T23:32:34.964+0000] {processor.py:829} INFO - Processing file /home/airflow/.local/lib/python3.8/site-packages/airflow/example_dags/example_python_operator.py for tasks to queue
[2023-11-02T23:32:34.968+0000] {logging_mixin.py:151} INFO - [2023-11-02T23:32:34.967+0000] {dagbag.py:536} INFO - Filling up the DagBag from /home/airflow/.local/lib/python3.8/site-packages/airflow/example_dags/example_python_operator.py
[2023-11-02T23:32:34.991+0000] {processor.py:839} INFO - DAG(s) dict_keys(['example_python_operator']) retrieved from /home/airflow/.local/lib/python3.8/site-packages/airflow/example_dags/example_python_operator.py
[2023-11-02T23:32:35.063+0000] {logging_mixin.py:151} INFO - [2023-11-02T23:32:35.063+0000] {dag.py:2941} INFO - Sync 1 DAGs
[2023-11-02T23:32:35.124+0000] {logging_mixin.py:151} INFO - [2023-11-02T23:32:35.093+0000] {dag.py:3722} INFO - Setting next_dagrun for example_python_operator to None, run_after=None
[2023-11-02T23:32:35.242+0000] {processor.py:179} INFO - Processing /home/airflow/.local/lib/python3.8/site-packages/airflow/example_dags/example_python_operator.py took 0.285 seconds
[2023-11-02T23:33:05.535+0000] {processor.py:157} INFO - Started process (PID=756) to work on /home/airflow/.local/lib/python3.8/site-packages/airflow/example_dags/example_python_operator.py
[2023-11-02T23:33:05.536+0000] {processor.py:829} INFO - Processing file /home/airflow/.local/lib/python3.8/site-packages/airflow/example_dags/example_python_operator.py for tasks to queue
[2023-11-02T23:33:05.538+0000] {logging_mixin.py:151} INFO - [2023-11-02T23:33:05.538+0000] {dagbag.py:536} INFO - Filling up the DagBag from /home/airflow/.local/lib/python3.8/site-packages/airflow/example_dags/example_python_operator.py
[2023-11-02T23:33:05.550+0000] {processor.py:839} INFO - DAG(s) dict_keys(['example_python_operator']) retrieved from /home/airflow/.local/lib/python3.8/site-packages/airflow/example_dags/example_python_operator.py
[2023-11-02T23:33:05.584+0000] {logging_mixin.py:151} INFO - [2023-11-02T23:33:05.584+0000] {dag.py:2941} INFO - Sync 1 DAGs
[2023-11-02T23:33:05.602+0000] {logging_mixin.py:151} INFO - [2023-11-02T23:33:05.601+0000] {dag.py:3722} INFO - Setting next_dagrun for example_python_operator to None, run_after=None
[2023-11-02T23:33:05.627+0000] {processor.py:179} INFO - Processing /home/airflow/.local/lib/python3.8/site-packages/airflow/example_dags/example_python_operator.py took 0.095 seconds
[2023-11-02T23:33:36.564+0000] {processor.py:157} INFO - Started process (PID=810) to work on /home/airflow/.local/lib/python3.8/site-packages/airflow/example_dags/example_python_operator.py
[2023-11-02T23:33:36.565+0000] {processor.py:829} INFO - Processing file /home/airflow/.local/lib/python3.8/site-packages/airflow/example_dags/example_python_operator.py for tasks to queue
[2023-11-02T23:33:36.567+0000] {logging_mixin.py:151} INFO - [2023-11-02T23:33:36.567+0000] {dagbag.py:536} INFO - Filling up the DagBag from /home/airflow/.local/lib/python3.8/site-packages/airflow/example_dags/example_python_operator.py
[2023-11-02T23:33:36.579+0000] {processor.py:839} INFO - DAG(s) dict_keys(['example_python_operator']) retrieved from /home/airflow/.local/lib/python3.8/site-packages/airflow/example_dags/example_python_operator.py
[2023-11-02T23:33:36.608+0000] {logging_mixin.py:151} INFO - [2023-11-02T23:33:36.608+0000] {dag.py:2941} INFO - Sync 1 DAGs
[2023-11-02T23:33:36.624+0000] {logging_mixin.py:151} INFO - [2023-11-02T23:33:36.623+0000] {dag.py:3722} INFO - Setting next_dagrun for example_python_operator to None, run_after=None
[2023-11-02T23:33:36.650+0000] {processor.py:179} INFO - Processing /home/airflow/.local/lib/python3.8/site-packages/airflow/example_dags/example_python_operator.py took 0.089 seconds
[2023-11-02T23:34:07.049+0000] {processor.py:157} INFO - Started process (PID=864) to work on /home/airflow/.local/lib/python3.8/site-packages/airflow/example_dags/example_python_operator.py
[2023-11-02T23:34:07.050+0000] {processor.py:829} INFO - Processing file /home/airflow/.local/lib/python3.8/site-packages/airflow/example_dags/example_python_operator.py for tasks to queue
[2023-11-02T23:34:07.053+0000] {logging_mixin.py:151} INFO - [2023-11-02T23:34:07.052+0000] {dagbag.py:536} INFO - Filling up the DagBag from /home/airflow/.local/lib/python3.8/site-packages/airflow/example_dags/example_python_operator.py
[2023-11-02T23:34:07.064+0000] {processor.py:839} INFO - DAG(s) dict_keys(['example_python_operator']) retrieved from /home/airflow/.local/lib/python3.8/site-packages/airflow/example_dags/example_python_operator.py
[2023-11-02T23:34:07.095+0000] {logging_mixin.py:151} INFO - [2023-11-02T23:34:07.095+0000] {dag.py:2941} INFO - Sync 1 DAGs
[2023-11-02T23:34:07.109+0000] {logging_mixin.py:151} INFO - [2023-11-02T23:34:07.109+0000] {dag.py:3722} INFO - Setting next_dagrun for example_python_operator to None, run_after=None
[2023-11-02T23:34:07.137+0000] {processor.py:179} INFO - Processing /home/airflow/.local/lib/python3.8/site-packages/airflow/example_dags/example_python_operator.py took 0.091 seconds
[2023-11-02T23:34:37.636+0000] {processor.py:157} INFO - Started process (PID=917) to work on /home/airflow/.local/lib/python3.8/site-packages/airflow/example_dags/example_python_operator.py
[2023-11-02T23:34:37.637+0000] {processor.py:829} INFO - Processing file /home/airflow/.local/lib/python3.8/site-packages/airflow/example_dags/example_python_operator.py for tasks to queue
[2023-11-02T23:34:37.639+0000] {logging_mixin.py:151} INFO - [2023-11-02T23:34:37.639+0000] {dagbag.py:536} INFO - Filling up the DagBag from /home/airflow/.local/lib/python3.8/site-packages/airflow/example_dags/example_python_operator.py
[2023-11-02T23:34:37.650+0000] {processor.py:839} INFO - DAG(s) dict_keys(['example_python_operator']) retrieved from /home/airflow/.local/lib/python3.8/site-packages/airflow/example_dags/example_python_operator.py
[2023-11-02T23:34:37.679+0000] {logging_mixin.py:151} INFO - [2023-11-02T23:34:37.678+0000] {dag.py:2941} INFO - Sync 1 DAGs
[2023-11-02T23:34:37.691+0000] {logging_mixin.py:151} INFO - [2023-11-02T23:34:37.691+0000] {dag.py:3722} INFO - Setting next_dagrun for example_python_operator to None, run_after=None
[2023-11-02T23:34:37.724+0000] {processor.py:179} INFO - Processing /home/airflow/.local/lib/python3.8/site-packages/airflow/example_dags/example_python_operator.py took 0.091 seconds
[2023-11-02T23:35:08.403+0000] {processor.py:157} INFO - Started process (PID=970) to work on /home/airflow/.local/lib/python3.8/site-packages/airflow/example_dags/example_python_operator.py
[2023-11-02T23:35:08.404+0000] {processor.py:829} INFO - Processing file /home/airflow/.local/lib/python3.8/site-packages/airflow/example_dags/example_python_operator.py for tasks to queue
[2023-11-02T23:35:08.407+0000] {logging_mixin.py:151} INFO - [2023-11-02T23:35:08.406+0000] {dagbag.py:536} INFO - Filling up the DagBag from /home/airflow/.local/lib/python3.8/site-packages/airflow/example_dags/example_python_operator.py
[2023-11-02T23:35:08.417+0000] {processor.py:839} INFO - DAG(s) dict_keys(['example_python_operator']) retrieved from /home/airflow/.local/lib/python3.8/site-packages/airflow/example_dags/example_python_operator.py
[2023-11-02T23:35:08.446+0000] {logging_mixin.py:151} INFO - [2023-11-02T23:35:08.446+0000] {dag.py:2941} INFO - Sync 1 DAGs
[2023-11-02T23:35:08.461+0000] {logging_mixin.py:151} INFO - [2023-11-02T23:35:08.461+0000] {dag.py:3722} INFO - Setting next_dagrun for example_python_operator to None, run_after=None
[2023-11-02T23:35:08.493+0000] {processor.py:179} INFO - Processing /home/airflow/.local/lib/python3.8/site-packages/airflow/example_dags/example_python_operator.py took 0.093 seconds
[2023-11-02T23:35:39.363+0000] {processor.py:157} INFO - Started process (PID=1024) to work on /home/airflow/.local/lib/python3.8/site-packages/airflow/example_dags/example_python_operator.py
[2023-11-02T23:35:39.364+0000] {processor.py:829} INFO - Processing file /home/airflow/.local/lib/python3.8/site-packages/airflow/example_dags/example_python_operator.py for tasks to queue
[2023-11-02T23:35:39.367+0000] {logging_mixin.py:151} INFO - [2023-11-02T23:35:39.367+0000] {dagbag.py:536} INFO - Filling up the DagBag from /home/airflow/.local/lib/python3.8/site-packages/airflow/example_dags/example_python_operator.py
[2023-11-02T23:35:39.386+0000] {processor.py:839} INFO - DAG(s) dict_keys(['example_python_operator']) retrieved from /home/airflow/.local/lib/python3.8/site-packages/airflow/example_dags/example_python_operator.py
[2023-11-02T23:35:39.431+0000] {logging_mixin.py:151} INFO - [2023-11-02T23:35:39.430+0000] {dag.py:2941} INFO - Sync 1 DAGs
[2023-11-02T23:35:39.448+0000] {logging_mixin.py:151} INFO - [2023-11-02T23:35:39.448+0000] {dag.py:3722} INFO - Setting next_dagrun for example_python_operator to None, run_after=None
[2023-11-02T23:35:39.666+0000] {processor.py:179} INFO - Processing /home/airflow/.local/lib/python3.8/site-packages/airflow/example_dags/example_python_operator.py took 0.307 seconds
[2023-11-02T23:36:09.854+0000] {processor.py:157} INFO - Started process (PID=1085) to work on /home/airflow/.local/lib/python3.8/site-packages/airflow/example_dags/example_python_operator.py
[2023-11-02T23:36:09.855+0000] {processor.py:829} INFO - Processing file /home/airflow/.local/lib/python3.8/site-packages/airflow/example_dags/example_python_operator.py for tasks to queue
[2023-11-02T23:36:09.858+0000] {logging_mixin.py:151} INFO - [2023-11-02T23:36:09.857+0000] {dagbag.py:536} INFO - Filling up the DagBag from /home/airflow/.local/lib/python3.8/site-packages/airflow/example_dags/example_python_operator.py
[2023-11-02T23:36:09.871+0000] {processor.py:839} INFO - DAG(s) dict_keys(['example_python_operator']) retrieved from /home/airflow/.local/lib/python3.8/site-packages/airflow/example_dags/example_python_operator.py
[2023-11-02T23:36:09.904+0000] {logging_mixin.py:151} INFO - [2023-11-02T23:36:09.904+0000] {dag.py:2941} INFO - Sync 1 DAGs
[2023-11-02T23:36:09.918+0000] {logging_mixin.py:151} INFO - [2023-11-02T23:36:09.918+0000] {dag.py:3722} INFO - Setting next_dagrun for example_python_operator to None, run_after=None
[2023-11-02T23:36:09.945+0000] {processor.py:179} INFO - Processing /home/airflow/.local/lib/python3.8/site-packages/airflow/example_dags/example_python_operator.py took 0.095 seconds
[2023-11-02T23:36:40.092+0000] {processor.py:157} INFO - Started process (PID=1140) to work on /home/airflow/.local/lib/python3.8/site-packages/airflow/example_dags/example_python_operator.py
[2023-11-02T23:36:40.093+0000] {processor.py:829} INFO - Processing file /home/airflow/.local/lib/python3.8/site-packages/airflow/example_dags/example_python_operator.py for tasks to queue
[2023-11-02T23:36:40.095+0000] {logging_mixin.py:151} INFO - [2023-11-02T23:36:40.095+0000] {dagbag.py:536} INFO - Filling up the DagBag from /home/airflow/.local/lib/python3.8/site-packages/airflow/example_dags/example_python_operator.py
[2023-11-02T23:36:40.107+0000] {processor.py:839} INFO - DAG(s) dict_keys(['example_python_operator']) retrieved from /home/airflow/.local/lib/python3.8/site-packages/airflow/example_dags/example_python_operator.py
[2023-11-02T23:36:40.137+0000] {logging_mixin.py:151} INFO - [2023-11-02T23:36:40.137+0000] {dag.py:2941} INFO - Sync 1 DAGs
[2023-11-02T23:36:40.150+0000] {logging_mixin.py:151} INFO - [2023-11-02T23:36:40.150+0000] {dag.py:3722} INFO - Setting next_dagrun for example_python_operator to None, run_after=None
[2023-11-02T23:36:40.183+0000] {processor.py:179} INFO - Processing /home/airflow/.local/lib/python3.8/site-packages/airflow/example_dags/example_python_operator.py took 0.095 seconds
[2023-11-02T23:37:11.785+0000] {processor.py:157} INFO - Started process (PID=1194) to work on /home/airflow/.local/lib/python3.8/site-packages/airflow/example_dags/example_python_operator.py
[2023-11-02T23:37:11.787+0000] {processor.py:829} INFO - Processing file /home/airflow/.local/lib/python3.8/site-packages/airflow/example_dags/example_python_operator.py for tasks to queue
[2023-11-02T23:37:11.789+0000] {logging_mixin.py:151} INFO - [2023-11-02T23:37:11.789+0000] {dagbag.py:536} INFO - Filling up the DagBag from /home/airflow/.local/lib/python3.8/site-packages/airflow/example_dags/example_python_operator.py
[2023-11-02T23:37:11.800+0000] {processor.py:839} INFO - DAG(s) dict_keys(['example_python_operator']) retrieved from /home/airflow/.local/lib/python3.8/site-packages/airflow/example_dags/example_python_operator.py
[2023-11-02T23:37:11.831+0000] {logging_mixin.py:151} INFO - [2023-11-02T23:37:11.831+0000] {dag.py:2941} INFO - Sync 1 DAGs
[2023-11-02T23:37:11.845+0000] {logging_mixin.py:151} INFO - [2023-11-02T23:37:11.845+0000] {dag.py:3722} INFO - Setting next_dagrun for example_python_operator to None, run_after=None
[2023-11-02T23:37:11.876+0000] {processor.py:179} INFO - Processing /home/airflow/.local/lib/python3.8/site-packages/airflow/example_dags/example_python_operator.py took 0.094 seconds
[2023-11-02T23:37:42.807+0000] {processor.py:157} INFO - Started process (PID=1249) to work on /home/airflow/.local/lib/python3.8/site-packages/airflow/example_dags/example_python_operator.py
[2023-11-02T23:37:42.808+0000] {processor.py:829} INFO - Processing file /home/airflow/.local/lib/python3.8/site-packages/airflow/example_dags/example_python_operator.py for tasks to queue
[2023-11-02T23:37:42.811+0000] {logging_mixin.py:151} INFO - [2023-11-02T23:37:42.810+0000] {dagbag.py:536} INFO - Filling up the DagBag from /home/airflow/.local/lib/python3.8/site-packages/airflow/example_dags/example_python_operator.py
[2023-11-02T23:37:42.823+0000] {processor.py:839} INFO - DAG(s) dict_keys(['example_python_operator']) retrieved from /home/airflow/.local/lib/python3.8/site-packages/airflow/example_dags/example_python_operator.py
[2023-11-02T23:37:42.851+0000] {logging_mixin.py:151} INFO - [2023-11-02T23:37:42.851+0000] {dag.py:2941} INFO - Sync 1 DAGs
[2023-11-02T23:37:42.867+0000] {logging_mixin.py:151} INFO - [2023-11-02T23:37:42.867+0000] {dag.py:3722} INFO - Setting next_dagrun for example_python_operator to None, run_after=None
[2023-11-02T23:37:43.056+0000] {processor.py:179} INFO - Processing /home/airflow/.local/lib/python3.8/site-packages/airflow/example_dags/example_python_operator.py took 0.252 seconds
[2023-11-02T23:38:13.215+0000] {processor.py:157} INFO - Started process (PID=1303) to work on /home/airflow/.local/lib/python3.8/site-packages/airflow/example_dags/example_python_operator.py
[2023-11-02T23:38:13.215+0000] {processor.py:829} INFO - Processing file /home/airflow/.local/lib/python3.8/site-packages/airflow/example_dags/example_python_operator.py for tasks to queue
[2023-11-02T23:38:13.220+0000] {logging_mixin.py:151} INFO - [2023-11-02T23:38:13.220+0000] {dagbag.py:536} INFO - Filling up the DagBag from /home/airflow/.local/lib/python3.8/site-packages/airflow/example_dags/example_python_operator.py
[2023-11-02T23:38:13.231+0000] {processor.py:839} INFO - DAG(s) dict_keys(['example_python_operator']) retrieved from /home/airflow/.local/lib/python3.8/site-packages/airflow/example_dags/example_python_operator.py
[2023-11-02T23:38:13.267+0000] {logging_mixin.py:151} INFO - [2023-11-02T23:38:13.266+0000] {dag.py:2941} INFO - Sync 1 DAGs
[2023-11-02T23:38:13.281+0000] {logging_mixin.py:151} INFO - [2023-11-02T23:38:13.281+0000] {dag.py:3722} INFO - Setting next_dagrun for example_python_operator to None, run_after=None
[2023-11-02T23:38:13.314+0000] {processor.py:179} INFO - Processing /home/airflow/.local/lib/python3.8/site-packages/airflow/example_dags/example_python_operator.py took 0.103 seconds
[2023-11-02T23:38:44.114+0000] {processor.py:157} INFO - Started process (PID=1357) to work on /home/airflow/.local/lib/python3.8/site-packages/airflow/example_dags/example_python_operator.py
[2023-11-02T23:38:44.115+0000] {processor.py:829} INFO - Processing file /home/airflow/.local/lib/python3.8/site-packages/airflow/example_dags/example_python_operator.py for tasks to queue
[2023-11-02T23:38:44.118+0000] {logging_mixin.py:151} INFO - [2023-11-02T23:38:44.117+0000] {dagbag.py:536} INFO - Filling up the DagBag from /home/airflow/.local/lib/python3.8/site-packages/airflow/example_dags/example_python_operator.py
[2023-11-02T23:38:44.131+0000] {processor.py:839} INFO - DAG(s) dict_keys(['example_python_operator']) retrieved from /home/airflow/.local/lib/python3.8/site-packages/airflow/example_dags/example_python_operator.py
[2023-11-02T23:38:44.164+0000] {logging_mixin.py:151} INFO - [2023-11-02T23:38:44.163+0000] {dag.py:2941} INFO - Sync 1 DAGs
[2023-11-02T23:38:44.181+0000] {logging_mixin.py:151} INFO - [2023-11-02T23:38:44.181+0000] {dag.py:3722} INFO - Setting next_dagrun for example_python_operator to None, run_after=None
[2023-11-02T23:38:44.218+0000] {processor.py:179} INFO - Processing /home/airflow/.local/lib/python3.8/site-packages/airflow/example_dags/example_python_operator.py took 0.108 seconds
[2023-11-02T23:39:14.648+0000] {processor.py:157} INFO - Started process (PID=1411) to work on /home/airflow/.local/lib/python3.8/site-packages/airflow/example_dags/example_python_operator.py
[2023-11-02T23:39:14.649+0000] {processor.py:829} INFO - Processing file /home/airflow/.local/lib/python3.8/site-packages/airflow/example_dags/example_python_operator.py for tasks to queue
[2023-11-02T23:39:14.651+0000] {logging_mixin.py:151} INFO - [2023-11-02T23:39:14.651+0000] {dagbag.py:536} INFO - Filling up the DagBag from /home/airflow/.local/lib/python3.8/site-packages/airflow/example_dags/example_python_operator.py
[2023-11-02T23:39:14.661+0000] {processor.py:839} INFO - DAG(s) dict_keys(['example_python_operator']) retrieved from /home/airflow/.local/lib/python3.8/site-packages/airflow/example_dags/example_python_operator.py
[2023-11-02T23:39:14.690+0000] {logging_mixin.py:151} INFO - [2023-11-02T23:39:14.690+0000] {dag.py:2941} INFO - Sync 1 DAGs
[2023-11-02T23:39:14.856+0000] {logging_mixin.py:151} INFO - [2023-11-02T23:39:14.856+0000] {dag.py:3722} INFO - Setting next_dagrun for example_python_operator to None, run_after=None
[2023-11-02T23:39:14.882+0000] {processor.py:179} INFO - Processing /home/airflow/.local/lib/python3.8/site-packages/airflow/example_dags/example_python_operator.py took 0.237 seconds
[2023-11-02T23:39:45.402+0000] {processor.py:157} INFO - Started process (PID=1464) to work on /home/airflow/.local/lib/python3.8/site-packages/airflow/example_dags/example_python_operator.py
[2023-11-02T23:39:45.404+0000] {processor.py:829} INFO - Processing file /home/airflow/.local/lib/python3.8/site-packages/airflow/example_dags/example_python_operator.py for tasks to queue
[2023-11-02T23:39:45.406+0000] {logging_mixin.py:151} INFO - [2023-11-02T23:39:45.405+0000] {dagbag.py:536} INFO - Filling up the DagBag from /home/airflow/.local/lib/python3.8/site-packages/airflow/example_dags/example_python_operator.py
[2023-11-02T23:39:45.419+0000] {processor.py:839} INFO - DAG(s) dict_keys(['example_python_operator']) retrieved from /home/airflow/.local/lib/python3.8/site-packages/airflow/example_dags/example_python_operator.py
[2023-11-02T23:39:45.454+0000] {logging_mixin.py:151} INFO - [2023-11-02T23:39:45.453+0000] {dag.py:2941} INFO - Sync 1 DAGs
[2023-11-02T23:39:45.470+0000] {logging_mixin.py:151} INFO - [2023-11-02T23:39:45.470+0000] {dag.py:3722} INFO - Setting next_dagrun for example_python_operator to None, run_after=None
[2023-11-02T23:39:45.504+0000] {processor.py:179} INFO - Processing /home/airflow/.local/lib/python3.8/site-packages/airflow/example_dags/example_python_operator.py took 0.105 seconds
[2023-11-02T23:40:15.740+0000] {processor.py:157} INFO - Started process (PID=1517) to work on /home/airflow/.local/lib/python3.8/site-packages/airflow/example_dags/example_python_operator.py
[2023-11-02T23:40:15.741+0000] {processor.py:829} INFO - Processing file /home/airflow/.local/lib/python3.8/site-packages/airflow/example_dags/example_python_operator.py for tasks to queue
[2023-11-02T23:40:15.743+0000] {logging_mixin.py:151} INFO - [2023-11-02T23:40:15.743+0000] {dagbag.py:536} INFO - Filling up the DagBag from /home/airflow/.local/lib/python3.8/site-packages/airflow/example_dags/example_python_operator.py
[2023-11-02T23:40:15.756+0000] {processor.py:839} INFO - DAG(s) dict_keys(['example_python_operator']) retrieved from /home/airflow/.local/lib/python3.8/site-packages/airflow/example_dags/example_python_operator.py
[2023-11-02T23:40:15.788+0000] {logging_mixin.py:151} INFO - [2023-11-02T23:40:15.787+0000] {dag.py:2941} INFO - Sync 1 DAGs
[2023-11-02T23:40:15.802+0000] {logging_mixin.py:151} INFO - [2023-11-02T23:40:15.802+0000] {dag.py:3722} INFO - Setting next_dagrun for example_python_operator to None, run_after=None
[2023-11-02T23:40:15.834+0000] {processor.py:179} INFO - Processing /home/airflow/.local/lib/python3.8/site-packages/airflow/example_dags/example_python_operator.py took 0.098 seconds
[2023-11-02T23:40:46.616+0000] {processor.py:157} INFO - Started process (PID=1571) to work on /home/airflow/.local/lib/python3.8/site-packages/airflow/example_dags/example_python_operator.py
[2023-11-02T23:40:46.618+0000] {processor.py:829} INFO - Processing file /home/airflow/.local/lib/python3.8/site-packages/airflow/example_dags/example_python_operator.py for tasks to queue
[2023-11-02T23:40:46.620+0000] {logging_mixin.py:151} INFO - [2023-11-02T23:40:46.620+0000] {dagbag.py:536} INFO - Filling up the DagBag from /home/airflow/.local/lib/python3.8/site-packages/airflow/example_dags/example_python_operator.py
[2023-11-02T23:40:46.633+0000] {processor.py:839} INFO - DAG(s) dict_keys(['example_python_operator']) retrieved from /home/airflow/.local/lib/python3.8/site-packages/airflow/example_dags/example_python_operator.py
[2023-11-02T23:40:46.857+0000] {logging_mixin.py:151} INFO - [2023-11-02T23:40:46.856+0000] {dag.py:2941} INFO - Sync 1 DAGs
[2023-11-02T23:40:46.879+0000] {logging_mixin.py:151} INFO - [2023-11-02T23:40:46.879+0000] {dag.py:3722} INFO - Setting next_dagrun for example_python_operator to None, run_after=None
[2023-11-02T23:40:46.914+0000] {processor.py:179} INFO - Processing /home/airflow/.local/lib/python3.8/site-packages/airflow/example_dags/example_python_operator.py took 0.301 seconds
[2023-11-02T23:41:17.781+0000] {processor.py:157} INFO - Started process (PID=1625) to work on /home/airflow/.local/lib/python3.8/site-packages/airflow/example_dags/example_python_operator.py
[2023-11-02T23:41:17.782+0000] {processor.py:829} INFO - Processing file /home/airflow/.local/lib/python3.8/site-packages/airflow/example_dags/example_python_operator.py for tasks to queue
[2023-11-02T23:41:17.785+0000] {logging_mixin.py:151} INFO - [2023-11-02T23:41:17.784+0000] {dagbag.py:536} INFO - Filling up the DagBag from /home/airflow/.local/lib/python3.8/site-packages/airflow/example_dags/example_python_operator.py
[2023-11-02T23:41:17.797+0000] {processor.py:839} INFO - DAG(s) dict_keys(['example_python_operator']) retrieved from /home/airflow/.local/lib/python3.8/site-packages/airflow/example_dags/example_python_operator.py
[2023-11-02T23:41:17.822+0000] {logging_mixin.py:151} INFO - [2023-11-02T23:41:17.822+0000] {dag.py:2941} INFO - Sync 1 DAGs
[2023-11-02T23:41:17.837+0000] {logging_mixin.py:151} INFO - [2023-11-02T23:41:17.837+0000] {dag.py:3722} INFO - Setting next_dagrun for example_python_operator to None, run_after=None
[2023-11-02T23:41:17.860+0000] {processor.py:179} INFO - Processing /home/airflow/.local/lib/python3.8/site-packages/airflow/example_dags/example_python_operator.py took 0.082 seconds
[2023-11-02T23:41:47.981+0000] {processor.py:157} INFO - Started process (PID=1679) to work on /home/airflow/.local/lib/python3.8/site-packages/airflow/example_dags/example_python_operator.py
[2023-11-02T23:41:47.982+0000] {processor.py:829} INFO - Processing file /home/airflow/.local/lib/python3.8/site-packages/airflow/example_dags/example_python_operator.py for tasks to queue
[2023-11-02T23:41:47.985+0000] {logging_mixin.py:151} INFO - [2023-11-02T23:41:47.984+0000] {dagbag.py:536} INFO - Filling up the DagBag from /home/airflow/.local/lib/python3.8/site-packages/airflow/example_dags/example_python_operator.py
[2023-11-02T23:41:47.997+0000] {processor.py:839} INFO - DAG(s) dict_keys(['example_python_operator']) retrieved from /home/airflow/.local/lib/python3.8/site-packages/airflow/example_dags/example_python_operator.py
[2023-11-02T23:41:48.026+0000] {logging_mixin.py:151} INFO - [2023-11-02T23:41:48.026+0000] {dag.py:2941} INFO - Sync 1 DAGs
[2023-11-02T23:41:48.039+0000] {logging_mixin.py:151} INFO - [2023-11-02T23:41:48.039+0000] {dag.py:3722} INFO - Setting next_dagrun for example_python_operator to None, run_after=None
[2023-11-02T23:41:48.073+0000] {processor.py:179} INFO - Processing /home/airflow/.local/lib/python3.8/site-packages/airflow/example_dags/example_python_operator.py took 0.095 seconds
[2023-11-02T23:42:18.254+0000] {processor.py:157} INFO - Started process (PID=1733) to work on /home/airflow/.local/lib/python3.8/site-packages/airflow/example_dags/example_python_operator.py
[2023-11-02T23:42:18.256+0000] {processor.py:829} INFO - Processing file /home/airflow/.local/lib/python3.8/site-packages/airflow/example_dags/example_python_operator.py for tasks to queue
[2023-11-02T23:42:18.258+0000] {logging_mixin.py:151} INFO - [2023-11-02T23:42:18.258+0000] {dagbag.py:536} INFO - Filling up the DagBag from /home/airflow/.local/lib/python3.8/site-packages/airflow/example_dags/example_python_operator.py
[2023-11-02T23:42:18.270+0000] {processor.py:839} INFO - DAG(s) dict_keys(['example_python_operator']) retrieved from /home/airflow/.local/lib/python3.8/site-packages/airflow/example_dags/example_python_operator.py
[2023-11-02T23:42:18.301+0000] {logging_mixin.py:151} INFO - [2023-11-02T23:42:18.301+0000] {dag.py:2941} INFO - Sync 1 DAGs
[2023-11-02T23:42:18.317+0000] {logging_mixin.py:151} INFO - [2023-11-02T23:42:18.317+0000] {dag.py:3722} INFO - Setting next_dagrun for example_python_operator to None, run_after=None
[2023-11-02T23:42:18.358+0000] {processor.py:179} INFO - Processing /home/airflow/.local/lib/python3.8/site-packages/airflow/example_dags/example_python_operator.py took 0.107 seconds
[2023-11-02T23:42:48.471+0000] {processor.py:157} INFO - Started process (PID=1787) to work on /home/airflow/.local/lib/python3.8/site-packages/airflow/example_dags/example_python_operator.py
[2023-11-02T23:42:48.473+0000] {processor.py:829} INFO - Processing file /home/airflow/.local/lib/python3.8/site-packages/airflow/example_dags/example_python_operator.py for tasks to queue
[2023-11-02T23:42:48.475+0000] {logging_mixin.py:151} INFO - [2023-11-02T23:42:48.475+0000] {dagbag.py:536} INFO - Filling up the DagBag from /home/airflow/.local/lib/python3.8/site-packages/airflow/example_dags/example_python_operator.py
[2023-11-02T23:42:48.488+0000] {processor.py:839} INFO - DAG(s) dict_keys(['example_python_operator']) retrieved from /home/airflow/.local/lib/python3.8/site-packages/airflow/example_dags/example_python_operator.py
[2023-11-02T23:42:48.523+0000] {logging_mixin.py:151} INFO - [2023-11-02T23:42:48.522+0000] {dag.py:2941} INFO - Sync 1 DAGs
[2023-11-02T23:42:48.537+0000] {logging_mixin.py:151} INFO - [2023-11-02T23:42:48.537+0000] {dag.py:3722} INFO - Setting next_dagrun for example_python_operator to None, run_after=None
[2023-11-02T23:42:48.572+0000] {processor.py:179} INFO - Processing /home/airflow/.local/lib/python3.8/site-packages/airflow/example_dags/example_python_operator.py took 0.105 seconds
[2023-11-02T23:43:18.670+0000] {processor.py:157} INFO - Started process (PID=1841) to work on /home/airflow/.local/lib/python3.8/site-packages/airflow/example_dags/example_python_operator.py
[2023-11-02T23:43:18.672+0000] {processor.py:829} INFO - Processing file /home/airflow/.local/lib/python3.8/site-packages/airflow/example_dags/example_python_operator.py for tasks to queue
[2023-11-02T23:43:18.674+0000] {logging_mixin.py:151} INFO - [2023-11-02T23:43:18.674+0000] {dagbag.py:536} INFO - Filling up the DagBag from /home/airflow/.local/lib/python3.8/site-packages/airflow/example_dags/example_python_operator.py
[2023-11-02T23:43:18.686+0000] {processor.py:839} INFO - DAG(s) dict_keys(['example_python_operator']) retrieved from /home/airflow/.local/lib/python3.8/site-packages/airflow/example_dags/example_python_operator.py
[2023-11-02T23:43:18.715+0000] {logging_mixin.py:151} INFO - [2023-11-02T23:43:18.715+0000] {dag.py:2941} INFO - Sync 1 DAGs
[2023-11-02T23:43:18.729+0000] {logging_mixin.py:151} INFO - [2023-11-02T23:43:18.729+0000] {dag.py:3722} INFO - Setting next_dagrun for example_python_operator to None, run_after=None
[2023-11-02T23:43:18.752+0000] {processor.py:179} INFO - Processing /home/airflow/.local/lib/python3.8/site-packages/airflow/example_dags/example_python_operator.py took 0.087 seconds
[2023-11-02T23:43:48.835+0000] {processor.py:157} INFO - Started process (PID=1895) to work on /home/airflow/.local/lib/python3.8/site-packages/airflow/example_dags/example_python_operator.py
[2023-11-02T23:43:48.836+0000] {processor.py:829} INFO - Processing file /home/airflow/.local/lib/python3.8/site-packages/airflow/example_dags/example_python_operator.py for tasks to queue
[2023-11-02T23:43:48.839+0000] {logging_mixin.py:151} INFO - [2023-11-02T23:43:48.838+0000] {dagbag.py:536} INFO - Filling up the DagBag from /home/airflow/.local/lib/python3.8/site-packages/airflow/example_dags/example_python_operator.py
[2023-11-02T23:43:48.851+0000] {processor.py:839} INFO - DAG(s) dict_keys(['example_python_operator']) retrieved from /home/airflow/.local/lib/python3.8/site-packages/airflow/example_dags/example_python_operator.py
[2023-11-02T23:43:48.878+0000] {logging_mixin.py:151} INFO - [2023-11-02T23:43:48.878+0000] {dag.py:2941} INFO - Sync 1 DAGs
[2023-11-02T23:43:48.891+0000] {logging_mixin.py:151} INFO - [2023-11-02T23:43:48.891+0000] {dag.py:3722} INFO - Setting next_dagrun for example_python_operator to None, run_after=None
[2023-11-02T23:43:48.918+0000] {processor.py:179} INFO - Processing /home/airflow/.local/lib/python3.8/site-packages/airflow/example_dags/example_python_operator.py took 0.086 seconds
[2023-11-02T23:44:19.173+0000] {processor.py:157} INFO - Started process (PID=1949) to work on /home/airflow/.local/lib/python3.8/site-packages/airflow/example_dags/example_python_operator.py
[2023-11-02T23:44:19.175+0000] {processor.py:829} INFO - Processing file /home/airflow/.local/lib/python3.8/site-packages/airflow/example_dags/example_python_operator.py for tasks to queue
[2023-11-02T23:44:19.177+0000] {logging_mixin.py:151} INFO - [2023-11-02T23:44:19.177+0000] {dagbag.py:536} INFO - Filling up the DagBag from /home/airflow/.local/lib/python3.8/site-packages/airflow/example_dags/example_python_operator.py
[2023-11-02T23:44:19.189+0000] {processor.py:839} INFO - DAG(s) dict_keys(['example_python_operator']) retrieved from /home/airflow/.local/lib/python3.8/site-packages/airflow/example_dags/example_python_operator.py
[2023-11-02T23:44:19.220+0000] {logging_mixin.py:151} INFO - [2023-11-02T23:44:19.220+0000] {dag.py:2941} INFO - Sync 1 DAGs
[2023-11-02T23:44:19.238+0000] {logging_mixin.py:151} INFO - [2023-11-02T23:44:19.238+0000] {dag.py:3722} INFO - Setting next_dagrun for example_python_operator to None, run_after=None
[2023-11-02T23:44:19.271+0000] {processor.py:179} INFO - Processing /home/airflow/.local/lib/python3.8/site-packages/airflow/example_dags/example_python_operator.py took 0.101 seconds
[2023-11-02T23:44:49.433+0000] {processor.py:157} INFO - Started process (PID=2003) to work on /home/airflow/.local/lib/python3.8/site-packages/airflow/example_dags/example_python_operator.py
[2023-11-02T23:44:49.434+0000] {processor.py:829} INFO - Processing file /home/airflow/.local/lib/python3.8/site-packages/airflow/example_dags/example_python_operator.py for tasks to queue
[2023-11-02T23:44:49.436+0000] {logging_mixin.py:151} INFO - [2023-11-02T23:44:49.436+0000] {dagbag.py:536} INFO - Filling up the DagBag from /home/airflow/.local/lib/python3.8/site-packages/airflow/example_dags/example_python_operator.py
[2023-11-02T23:44:49.449+0000] {processor.py:839} INFO - DAG(s) dict_keys(['example_python_operator']) retrieved from /home/airflow/.local/lib/python3.8/site-packages/airflow/example_dags/example_python_operator.py
[2023-11-02T23:44:49.481+0000] {logging_mixin.py:151} INFO - [2023-11-02T23:44:49.481+0000] {dag.py:2941} INFO - Sync 1 DAGs
[2023-11-02T23:44:49.498+0000] {logging_mixin.py:151} INFO - [2023-11-02T23:44:49.498+0000] {dag.py:3722} INFO - Setting next_dagrun for example_python_operator to None, run_after=None
[2023-11-02T23:44:49.535+0000] {processor.py:179} INFO - Processing /home/airflow/.local/lib/python3.8/site-packages/airflow/example_dags/example_python_operator.py took 0.105 seconds
[2023-11-02T23:45:20.004+0000] {processor.py:157} INFO - Started process (PID=2057) to work on /home/airflow/.local/lib/python3.8/site-packages/airflow/example_dags/example_python_operator.py
[2023-11-02T23:45:20.005+0000] {processor.py:829} INFO - Processing file /home/airflow/.local/lib/python3.8/site-packages/airflow/example_dags/example_python_operator.py for tasks to queue
[2023-11-02T23:45:20.007+0000] {logging_mixin.py:151} INFO - [2023-11-02T23:45:20.007+0000] {dagbag.py:536} INFO - Filling up the DagBag from /home/airflow/.local/lib/python3.8/site-packages/airflow/example_dags/example_python_operator.py
[2023-11-02T23:45:20.020+0000] {processor.py:839} INFO - DAG(s) dict_keys(['example_python_operator']) retrieved from /home/airflow/.local/lib/python3.8/site-packages/airflow/example_dags/example_python_operator.py
[2023-11-02T23:45:20.051+0000] {logging_mixin.py:151} INFO - [2023-11-02T23:45:20.050+0000] {dag.py:2941} INFO - Sync 1 DAGs
[2023-11-02T23:45:20.064+0000] {logging_mixin.py:151} INFO - [2023-11-02T23:45:20.064+0000] {dag.py:3722} INFO - Setting next_dagrun for example_python_operator to None, run_after=None
[2023-11-02T23:45:20.097+0000] {processor.py:179} INFO - Processing /home/airflow/.local/lib/python3.8/site-packages/airflow/example_dags/example_python_operator.py took 0.097 seconds
[2023-11-02T23:45:50.281+0000] {processor.py:157} INFO - Started process (PID=2111) to work on /home/airflow/.local/lib/python3.8/site-packages/airflow/example_dags/example_python_operator.py
[2023-11-02T23:45:50.283+0000] {processor.py:829} INFO - Processing file /home/airflow/.local/lib/python3.8/site-packages/airflow/example_dags/example_python_operator.py for tasks to queue
[2023-11-02T23:45:50.285+0000] {logging_mixin.py:151} INFO - [2023-11-02T23:45:50.285+0000] {dagbag.py:536} INFO - Filling up the DagBag from /home/airflow/.local/lib/python3.8/site-packages/airflow/example_dags/example_python_operator.py
[2023-11-02T23:45:50.298+0000] {processor.py:839} INFO - DAG(s) dict_keys(['example_python_operator']) retrieved from /home/airflow/.local/lib/python3.8/site-packages/airflow/example_dags/example_python_operator.py
[2023-11-02T23:45:50.328+0000] {logging_mixin.py:151} INFO - [2023-11-02T23:45:50.328+0000] {dag.py:2941} INFO - Sync 1 DAGs
[2023-11-02T23:45:50.342+0000] {logging_mixin.py:151} INFO - [2023-11-02T23:45:50.342+0000] {dag.py:3722} INFO - Setting next_dagrun for example_python_operator to None, run_after=None
[2023-11-02T23:45:50.368+0000] {processor.py:179} INFO - Processing /home/airflow/.local/lib/python3.8/site-packages/airflow/example_dags/example_python_operator.py took 0.090 seconds
[2023-11-02T23:46:20.498+0000] {processor.py:157} INFO - Started process (PID=2165) to work on /home/airflow/.local/lib/python3.8/site-packages/airflow/example_dags/example_python_operator.py
[2023-11-02T23:46:20.499+0000] {processor.py:829} INFO - Processing file /home/airflow/.local/lib/python3.8/site-packages/airflow/example_dags/example_python_operator.py for tasks to queue
[2023-11-02T23:46:20.501+0000] {logging_mixin.py:151} INFO - [2023-11-02T23:46:20.501+0000] {dagbag.py:536} INFO - Filling up the DagBag from /home/airflow/.local/lib/python3.8/site-packages/airflow/example_dags/example_python_operator.py
[2023-11-02T23:46:20.514+0000] {processor.py:839} INFO - DAG(s) dict_keys(['example_python_operator']) retrieved from /home/airflow/.local/lib/python3.8/site-packages/airflow/example_dags/example_python_operator.py
[2023-11-02T23:46:20.543+0000] {logging_mixin.py:151} INFO - [2023-11-02T23:46:20.543+0000] {dag.py:2941} INFO - Sync 1 DAGs
[2023-11-02T23:46:20.559+0000] {logging_mixin.py:151} INFO - [2023-11-02T23:46:20.558+0000] {dag.py:3722} INFO - Setting next_dagrun for example_python_operator to None, run_after=None
[2023-11-02T23:46:20.591+0000] {processor.py:179} INFO - Processing /home/airflow/.local/lib/python3.8/site-packages/airflow/example_dags/example_python_operator.py took 0.096 seconds
[2023-11-02T23:46:50.719+0000] {processor.py:157} INFO - Started process (PID=2219) to work on /home/airflow/.local/lib/python3.8/site-packages/airflow/example_dags/example_python_operator.py
[2023-11-02T23:46:50.720+0000] {processor.py:829} INFO - Processing file /home/airflow/.local/lib/python3.8/site-packages/airflow/example_dags/example_python_operator.py for tasks to queue
[2023-11-02T23:46:50.722+0000] {logging_mixin.py:151} INFO - [2023-11-02T23:46:50.722+0000] {dagbag.py:536} INFO - Filling up the DagBag from /home/airflow/.local/lib/python3.8/site-packages/airflow/example_dags/example_python_operator.py
[2023-11-02T23:46:50.735+0000] {processor.py:839} INFO - DAG(s) dict_keys(['example_python_operator']) retrieved from /home/airflow/.local/lib/python3.8/site-packages/airflow/example_dags/example_python_operator.py
[2023-11-02T23:46:50.769+0000] {logging_mixin.py:151} INFO - [2023-11-02T23:46:50.769+0000] {dag.py:2941} INFO - Sync 1 DAGs
[2023-11-02T23:46:50.784+0000] {logging_mixin.py:151} INFO - [2023-11-02T23:46:50.784+0000] {dag.py:3722} INFO - Setting next_dagrun for example_python_operator to None, run_after=None
[2023-11-02T23:46:50.813+0000] {processor.py:179} INFO - Processing /home/airflow/.local/lib/python3.8/site-packages/airflow/example_dags/example_python_operator.py took 0.098 seconds
[2023-11-02T23:47:20.932+0000] {processor.py:157} INFO - Started process (PID=2272) to work on /home/airflow/.local/lib/python3.8/site-packages/airflow/example_dags/example_python_operator.py
[2023-11-02T23:47:20.934+0000] {processor.py:829} INFO - Processing file /home/airflow/.local/lib/python3.8/site-packages/airflow/example_dags/example_python_operator.py for tasks to queue
[2023-11-02T23:47:20.936+0000] {logging_mixin.py:151} INFO - [2023-11-02T23:47:20.936+0000] {dagbag.py:536} INFO - Filling up the DagBag from /home/airflow/.local/lib/python3.8/site-packages/airflow/example_dags/example_python_operator.py
[2023-11-02T23:47:20.949+0000] {processor.py:839} INFO - DAG(s) dict_keys(['example_python_operator']) retrieved from /home/airflow/.local/lib/python3.8/site-packages/airflow/example_dags/example_python_operator.py
[2023-11-02T23:47:20.980+0000] {logging_mixin.py:151} INFO - [2023-11-02T23:47:20.979+0000] {dag.py:2941} INFO - Sync 1 DAGs
[2023-11-02T23:47:20.994+0000] {logging_mixin.py:151} INFO - [2023-11-02T23:47:20.994+0000] {dag.py:3722} INFO - Setting next_dagrun for example_python_operator to None, run_after=None
[2023-11-02T23:47:21.023+0000] {processor.py:179} INFO - Processing /home/airflow/.local/lib/python3.8/site-packages/airflow/example_dags/example_python_operator.py took 0.095 seconds
[2023-11-02T23:47:51.238+0000] {processor.py:157} INFO - Started process (PID=2326) to work on /home/airflow/.local/lib/python3.8/site-packages/airflow/example_dags/example_python_operator.py
[2023-11-02T23:47:51.239+0000] {processor.py:829} INFO - Processing file /home/airflow/.local/lib/python3.8/site-packages/airflow/example_dags/example_python_operator.py for tasks to queue
[2023-11-02T23:47:51.242+0000] {logging_mixin.py:151} INFO - [2023-11-02T23:47:51.241+0000] {dagbag.py:536} INFO - Filling up the DagBag from /home/airflow/.local/lib/python3.8/site-packages/airflow/example_dags/example_python_operator.py
[2023-11-02T23:47:51.254+0000] {processor.py:839} INFO - DAG(s) dict_keys(['example_python_operator']) retrieved from /home/airflow/.local/lib/python3.8/site-packages/airflow/example_dags/example_python_operator.py
[2023-11-02T23:47:51.285+0000] {logging_mixin.py:151} INFO - [2023-11-02T23:47:51.284+0000] {dag.py:2941} INFO - Sync 1 DAGs
[2023-11-02T23:47:51.298+0000] {logging_mixin.py:151} INFO - [2023-11-02T23:47:51.297+0000] {dag.py:3722} INFO - Setting next_dagrun for example_python_operator to None, run_after=None
[2023-11-02T23:47:51.325+0000] {processor.py:179} INFO - Processing /home/airflow/.local/lib/python3.8/site-packages/airflow/example_dags/example_python_operator.py took 0.090 seconds
[2023-11-02T23:48:59.791+0000] {processor.py:157} INFO - Started process (PID=57) to work on /home/airflow/.local/lib/python3.8/site-packages/airflow/example_dags/example_python_operator.py
[2023-11-02T23:48:59.793+0000] {processor.py:829} INFO - Processing file /home/airflow/.local/lib/python3.8/site-packages/airflow/example_dags/example_python_operator.py for tasks to queue
[2023-11-02T23:48:59.797+0000] {logging_mixin.py:151} INFO - [2023-11-02T23:48:59.797+0000] {dagbag.py:536} INFO - Filling up the DagBag from /home/airflow/.local/lib/python3.8/site-packages/airflow/example_dags/example_python_operator.py
[2023-11-02T23:48:59.818+0000] {processor.py:839} INFO - DAG(s) dict_keys(['example_python_operator']) retrieved from /home/airflow/.local/lib/python3.8/site-packages/airflow/example_dags/example_python_operator.py
[2023-11-02T23:48:59.852+0000] {logging_mixin.py:151} INFO - [2023-11-02T23:48:59.852+0000] {dag.py:2941} INFO - Sync 1 DAGs
[2023-11-02T23:48:59.877+0000] {logging_mixin.py:151} INFO - [2023-11-02T23:48:59.877+0000] {dag.py:3722} INFO - Setting next_dagrun for example_python_operator to None, run_after=None
[2023-11-02T23:48:59.912+0000] {processor.py:179} INFO - Processing /home/airflow/.local/lib/python3.8/site-packages/airflow/example_dags/example_python_operator.py took 0.126 seconds
[2023-11-02T23:49:30.330+0000] {processor.py:157} INFO - Started process (PID=111) to work on /home/airflow/.local/lib/python3.8/site-packages/airflow/example_dags/example_python_operator.py
[2023-11-02T23:49:30.332+0000] {processor.py:829} INFO - Processing file /home/airflow/.local/lib/python3.8/site-packages/airflow/example_dags/example_python_operator.py for tasks to queue
[2023-11-02T23:49:30.337+0000] {logging_mixin.py:151} INFO - [2023-11-02T23:49:30.336+0000] {dagbag.py:536} INFO - Filling up the DagBag from /home/airflow/.local/lib/python3.8/site-packages/airflow/example_dags/example_python_operator.py
[2023-11-02T23:49:30.356+0000] {processor.py:839} INFO - DAG(s) dict_keys(['example_python_operator']) retrieved from /home/airflow/.local/lib/python3.8/site-packages/airflow/example_dags/example_python_operator.py
[2023-11-02T23:49:30.592+0000] {logging_mixin.py:151} INFO - [2023-11-02T23:49:30.592+0000] {dag.py:2941} INFO - Sync 1 DAGs
[2023-11-02T23:49:30.604+0000] {logging_mixin.py:151} INFO - [2023-11-02T23:49:30.604+0000] {dag.py:3722} INFO - Setting next_dagrun for example_python_operator to None, run_after=None
[2023-11-02T23:49:30.634+0000] {processor.py:179} INFO - Processing /home/airflow/.local/lib/python3.8/site-packages/airflow/example_dags/example_python_operator.py took 0.310 seconds
[2023-11-02T23:50:00.708+0000] {processor.py:157} INFO - Started process (PID=166) to work on /home/airflow/.local/lib/python3.8/site-packages/airflow/example_dags/example_python_operator.py
[2023-11-02T23:50:00.710+0000] {processor.py:829} INFO - Processing file /home/airflow/.local/lib/python3.8/site-packages/airflow/example_dags/example_python_operator.py for tasks to queue
[2023-11-02T23:50:00.713+0000] {logging_mixin.py:151} INFO - [2023-11-02T23:50:00.713+0000] {dagbag.py:536} INFO - Filling up the DagBag from /home/airflow/.local/lib/python3.8/site-packages/airflow/example_dags/example_python_operator.py
[2023-11-02T23:50:00.726+0000] {processor.py:839} INFO - DAG(s) dict_keys(['example_python_operator']) retrieved from /home/airflow/.local/lib/python3.8/site-packages/airflow/example_dags/example_python_operator.py
[2023-11-02T23:50:00.764+0000] {logging_mixin.py:151} INFO - [2023-11-02T23:50:00.764+0000] {dag.py:2941} INFO - Sync 1 DAGs
[2023-11-02T23:50:00.784+0000] {logging_mixin.py:151} INFO - [2023-11-02T23:50:00.783+0000] {dag.py:3722} INFO - Setting next_dagrun for example_python_operator to None, run_after=None
[2023-11-02T23:50:00.824+0000] {processor.py:179} INFO - Processing /home/airflow/.local/lib/python3.8/site-packages/airflow/example_dags/example_python_operator.py took 0.120 seconds
[2023-11-02T23:50:31.095+0000] {processor.py:157} INFO - Started process (PID=220) to work on /home/airflow/.local/lib/python3.8/site-packages/airflow/example_dags/example_python_operator.py
[2023-11-02T23:50:31.097+0000] {processor.py:829} INFO - Processing file /home/airflow/.local/lib/python3.8/site-packages/airflow/example_dags/example_python_operator.py for tasks to queue
[2023-11-02T23:50:31.099+0000] {logging_mixin.py:151} INFO - [2023-11-02T23:50:31.098+0000] {dagbag.py:536} INFO - Filling up the DagBag from /home/airflow/.local/lib/python3.8/site-packages/airflow/example_dags/example_python_operator.py
[2023-11-02T23:50:31.109+0000] {processor.py:839} INFO - DAG(s) dict_keys(['example_python_operator']) retrieved from /home/airflow/.local/lib/python3.8/site-packages/airflow/example_dags/example_python_operator.py
[2023-11-02T23:50:31.137+0000] {logging_mixin.py:151} INFO - [2023-11-02T23:50:31.136+0000] {dag.py:2941} INFO - Sync 1 DAGs
[2023-11-02T23:50:31.151+0000] {logging_mixin.py:151} INFO - [2023-11-02T23:50:31.150+0000] {dag.py:3722} INFO - Setting next_dagrun for example_python_operator to None, run_after=None
[2023-11-02T23:50:31.172+0000] {processor.py:179} INFO - Processing /home/airflow/.local/lib/python3.8/site-packages/airflow/example_dags/example_python_operator.py took 0.081 seconds
[2023-11-02T23:51:01.497+0000] {processor.py:157} INFO - Started process (PID=273) to work on /home/airflow/.local/lib/python3.8/site-packages/airflow/example_dags/example_python_operator.py
[2023-11-02T23:51:01.499+0000] {processor.py:829} INFO - Processing file /home/airflow/.local/lib/python3.8/site-packages/airflow/example_dags/example_python_operator.py for tasks to queue
[2023-11-02T23:51:01.501+0000] {logging_mixin.py:151} INFO - [2023-11-02T23:51:01.501+0000] {dagbag.py:536} INFO - Filling up the DagBag from /home/airflow/.local/lib/python3.8/site-packages/airflow/example_dags/example_python_operator.py
[2023-11-02T23:51:01.513+0000] {processor.py:839} INFO - DAG(s) dict_keys(['example_python_operator']) retrieved from /home/airflow/.local/lib/python3.8/site-packages/airflow/example_dags/example_python_operator.py
[2023-11-02T23:51:01.543+0000] {logging_mixin.py:151} INFO - [2023-11-02T23:51:01.543+0000] {dag.py:2941} INFO - Sync 1 DAGs
[2023-11-02T23:51:01.557+0000] {logging_mixin.py:151} INFO - [2023-11-02T23:51:01.556+0000] {dag.py:3722} INFO - Setting next_dagrun for example_python_operator to None, run_after=None
[2023-11-02T23:51:01.588+0000] {processor.py:179} INFO - Processing /home/airflow/.local/lib/python3.8/site-packages/airflow/example_dags/example_python_operator.py took 0.094 seconds
[2023-11-02T23:51:31.767+0000] {processor.py:157} INFO - Started process (PID=327) to work on /home/airflow/.local/lib/python3.8/site-packages/airflow/example_dags/example_python_operator.py
[2023-11-02T23:51:31.768+0000] {processor.py:829} INFO - Processing file /home/airflow/.local/lib/python3.8/site-packages/airflow/example_dags/example_python_operator.py for tasks to queue
[2023-11-02T23:51:31.770+0000] {logging_mixin.py:151} INFO - [2023-11-02T23:51:31.770+0000] {dagbag.py:536} INFO - Filling up the DagBag from /home/airflow/.local/lib/python3.8/site-packages/airflow/example_dags/example_python_operator.py
[2023-11-02T23:51:31.782+0000] {processor.py:839} INFO - DAG(s) dict_keys(['example_python_operator']) retrieved from /home/airflow/.local/lib/python3.8/site-packages/airflow/example_dags/example_python_operator.py
[2023-11-02T23:51:31.810+0000] {logging_mixin.py:151} INFO - [2023-11-02T23:51:31.809+0000] {dag.py:2941} INFO - Sync 1 DAGs
[2023-11-02T23:51:31.823+0000] {logging_mixin.py:151} INFO - [2023-11-02T23:51:31.823+0000] {dag.py:3722} INFO - Setting next_dagrun for example_python_operator to None, run_after=None
[2023-11-02T23:51:31.854+0000] {processor.py:179} INFO - Processing /home/airflow/.local/lib/python3.8/site-packages/airflow/example_dags/example_python_operator.py took 0.090 seconds
[2023-11-02T23:52:02.075+0000] {processor.py:157} INFO - Started process (PID=381) to work on /home/airflow/.local/lib/python3.8/site-packages/airflow/example_dags/example_python_operator.py
[2023-11-02T23:52:02.076+0000] {processor.py:829} INFO - Processing file /home/airflow/.local/lib/python3.8/site-packages/airflow/example_dags/example_python_operator.py for tasks to queue
[2023-11-02T23:52:02.078+0000] {logging_mixin.py:151} INFO - [2023-11-02T23:52:02.078+0000] {dagbag.py:536} INFO - Filling up the DagBag from /home/airflow/.local/lib/python3.8/site-packages/airflow/example_dags/example_python_operator.py
[2023-11-02T23:52:02.089+0000] {processor.py:839} INFO - DAG(s) dict_keys(['example_python_operator']) retrieved from /home/airflow/.local/lib/python3.8/site-packages/airflow/example_dags/example_python_operator.py
[2023-11-02T23:52:02.120+0000] {logging_mixin.py:151} INFO - [2023-11-02T23:52:02.120+0000] {dag.py:2941} INFO - Sync 1 DAGs
[2023-11-02T23:52:02.136+0000] {logging_mixin.py:151} INFO - [2023-11-02T23:52:02.135+0000] {dag.py:3722} INFO - Setting next_dagrun for example_python_operator to None, run_after=None
[2023-11-02T23:52:02.161+0000] {processor.py:179} INFO - Processing /home/airflow/.local/lib/python3.8/site-packages/airflow/example_dags/example_python_operator.py took 0.090 seconds
[2023-11-02T23:52:32.287+0000] {processor.py:157} INFO - Started process (PID=435) to work on /home/airflow/.local/lib/python3.8/site-packages/airflow/example_dags/example_python_operator.py
[2023-11-02T23:52:32.288+0000] {processor.py:829} INFO - Processing file /home/airflow/.local/lib/python3.8/site-packages/airflow/example_dags/example_python_operator.py for tasks to queue
[2023-11-02T23:52:32.290+0000] {logging_mixin.py:151} INFO - [2023-11-02T23:52:32.290+0000] {dagbag.py:536} INFO - Filling up the DagBag from /home/airflow/.local/lib/python3.8/site-packages/airflow/example_dags/example_python_operator.py
[2023-11-02T23:52:32.302+0000] {processor.py:839} INFO - DAG(s) dict_keys(['example_python_operator']) retrieved from /home/airflow/.local/lib/python3.8/site-packages/airflow/example_dags/example_python_operator.py
[2023-11-02T23:52:32.331+0000] {logging_mixin.py:151} INFO - [2023-11-02T23:52:32.331+0000] {dag.py:2941} INFO - Sync 1 DAGs
[2023-11-02T23:52:32.346+0000] {logging_mixin.py:151} INFO - [2023-11-02T23:52:32.346+0000] {dag.py:3722} INFO - Setting next_dagrun for example_python_operator to None, run_after=None
[2023-11-02T23:52:32.375+0000] {processor.py:179} INFO - Processing /home/airflow/.local/lib/python3.8/site-packages/airflow/example_dags/example_python_operator.py took 0.091 seconds
[2023-11-02T23:53:02.460+0000] {processor.py:157} INFO - Started process (PID=489) to work on /home/airflow/.local/lib/python3.8/site-packages/airflow/example_dags/example_python_operator.py
[2023-11-02T23:53:02.462+0000] {processor.py:829} INFO - Processing file /home/airflow/.local/lib/python3.8/site-packages/airflow/example_dags/example_python_operator.py for tasks to queue
[2023-11-02T23:53:02.464+0000] {logging_mixin.py:151} INFO - [2023-11-02T23:53:02.464+0000] {dagbag.py:536} INFO - Filling up the DagBag from /home/airflow/.local/lib/python3.8/site-packages/airflow/example_dags/example_python_operator.py
[2023-11-02T23:53:02.479+0000] {processor.py:839} INFO - DAG(s) dict_keys(['example_python_operator']) retrieved from /home/airflow/.local/lib/python3.8/site-packages/airflow/example_dags/example_python_operator.py
[2023-11-02T23:53:02.508+0000] {logging_mixin.py:151} INFO - [2023-11-02T23:53:02.508+0000] {dag.py:2941} INFO - Sync 1 DAGs
[2023-11-02T23:53:02.524+0000] {logging_mixin.py:151} INFO - [2023-11-02T23:53:02.523+0000] {dag.py:3722} INFO - Setting next_dagrun for example_python_operator to None, run_after=None
[2023-11-02T23:53:02.552+0000] {processor.py:179} INFO - Processing /home/airflow/.local/lib/python3.8/site-packages/airflow/example_dags/example_python_operator.py took 0.097 seconds
[2023-11-02T23:53:32.757+0000] {processor.py:157} INFO - Started process (PID=543) to work on /home/airflow/.local/lib/python3.8/site-packages/airflow/example_dags/example_python_operator.py
[2023-11-02T23:53:32.758+0000] {processor.py:829} INFO - Processing file /home/airflow/.local/lib/python3.8/site-packages/airflow/example_dags/example_python_operator.py for tasks to queue
[2023-11-02T23:53:32.760+0000] {logging_mixin.py:151} INFO - [2023-11-02T23:53:32.760+0000] {dagbag.py:536} INFO - Filling up the DagBag from /home/airflow/.local/lib/python3.8/site-packages/airflow/example_dags/example_python_operator.py
[2023-11-02T23:53:32.771+0000] {processor.py:839} INFO - DAG(s) dict_keys(['example_python_operator']) retrieved from /home/airflow/.local/lib/python3.8/site-packages/airflow/example_dags/example_python_operator.py
[2023-11-02T23:53:32.804+0000] {logging_mixin.py:151} INFO - [2023-11-02T23:53:32.803+0000] {dag.py:2941} INFO - Sync 1 DAGs
[2023-11-02T23:53:32.818+0000] {logging_mixin.py:151} INFO - [2023-11-02T23:53:32.818+0000] {dag.py:3722} INFO - Setting next_dagrun for example_python_operator to None, run_after=None
[2023-11-02T23:53:32.846+0000] {processor.py:179} INFO - Processing /home/airflow/.local/lib/python3.8/site-packages/airflow/example_dags/example_python_operator.py took 0.092 seconds
[2023-11-02T23:54:03.110+0000] {processor.py:157} INFO - Started process (PID=597) to work on /home/airflow/.local/lib/python3.8/site-packages/airflow/example_dags/example_python_operator.py
[2023-11-02T23:54:03.111+0000] {processor.py:829} INFO - Processing file /home/airflow/.local/lib/python3.8/site-packages/airflow/example_dags/example_python_operator.py for tasks to queue
[2023-11-02T23:54:03.113+0000] {logging_mixin.py:151} INFO - [2023-11-02T23:54:03.113+0000] {dagbag.py:536} INFO - Filling up the DagBag from /home/airflow/.local/lib/python3.8/site-packages/airflow/example_dags/example_python_operator.py
[2023-11-02T23:54:03.126+0000] {processor.py:839} INFO - DAG(s) dict_keys(['example_python_operator']) retrieved from /home/airflow/.local/lib/python3.8/site-packages/airflow/example_dags/example_python_operator.py
[2023-11-02T23:54:03.157+0000] {logging_mixin.py:151} INFO - [2023-11-02T23:54:03.157+0000] {dag.py:2941} INFO - Sync 1 DAGs
[2023-11-02T23:54:03.173+0000] {logging_mixin.py:151} INFO - [2023-11-02T23:54:03.173+0000] {dag.py:3722} INFO - Setting next_dagrun for example_python_operator to None, run_after=None
[2023-11-02T23:54:03.201+0000] {processor.py:179} INFO - Processing /home/airflow/.local/lib/python3.8/site-packages/airflow/example_dags/example_python_operator.py took 0.095 seconds
[2023-11-02T23:54:33.377+0000] {processor.py:157} INFO - Started process (PID=652) to work on /home/airflow/.local/lib/python3.8/site-packages/airflow/example_dags/example_python_operator.py
[2023-11-02T23:54:33.379+0000] {processor.py:829} INFO - Processing file /home/airflow/.local/lib/python3.8/site-packages/airflow/example_dags/example_python_operator.py for tasks to queue
[2023-11-02T23:54:33.381+0000] {logging_mixin.py:151} INFO - [2023-11-02T23:54:33.381+0000] {dagbag.py:536} INFO - Filling up the DagBag from /home/airflow/.local/lib/python3.8/site-packages/airflow/example_dags/example_python_operator.py
[2023-11-02T23:54:33.393+0000] {processor.py:839} INFO - DAG(s) dict_keys(['example_python_operator']) retrieved from /home/airflow/.local/lib/python3.8/site-packages/airflow/example_dags/example_python_operator.py
[2023-11-02T23:54:33.422+0000] {logging_mixin.py:151} INFO - [2023-11-02T23:54:33.421+0000] {dag.py:2941} INFO - Sync 1 DAGs
[2023-11-02T23:54:33.438+0000] {logging_mixin.py:151} INFO - [2023-11-02T23:54:33.437+0000] {dag.py:3722} INFO - Setting next_dagrun for example_python_operator to None, run_after=None
[2023-11-02T23:54:33.474+0000] {processor.py:179} INFO - Processing /home/airflow/.local/lib/python3.8/site-packages/airflow/example_dags/example_python_operator.py took 0.100 seconds
[2023-11-02T23:55:04.201+0000] {processor.py:157} INFO - Started process (PID=705) to work on /home/airflow/.local/lib/python3.8/site-packages/airflow/example_dags/example_python_operator.py
[2023-11-02T23:55:04.203+0000] {processor.py:829} INFO - Processing file /home/airflow/.local/lib/python3.8/site-packages/airflow/example_dags/example_python_operator.py for tasks to queue
[2023-11-02T23:55:04.205+0000] {logging_mixin.py:151} INFO - [2023-11-02T23:55:04.204+0000] {dagbag.py:536} INFO - Filling up the DagBag from /home/airflow/.local/lib/python3.8/site-packages/airflow/example_dags/example_python_operator.py
[2023-11-02T23:55:04.219+0000] {processor.py:839} INFO - DAG(s) dict_keys(['example_python_operator']) retrieved from /home/airflow/.local/lib/python3.8/site-packages/airflow/example_dags/example_python_operator.py
[2023-11-02T23:55:04.251+0000] {logging_mixin.py:151} INFO - [2023-11-02T23:55:04.250+0000] {dag.py:2941} INFO - Sync 1 DAGs
[2023-11-02T23:55:04.265+0000] {logging_mixin.py:151} INFO - [2023-11-02T23:55:04.265+0000] {dag.py:3722} INFO - Setting next_dagrun for example_python_operator to None, run_after=None
[2023-11-02T23:55:04.296+0000] {processor.py:179} INFO - Processing /home/airflow/.local/lib/python3.8/site-packages/airflow/example_dags/example_python_operator.py took 0.098 seconds
[2023-11-02T23:55:34.426+0000] {processor.py:157} INFO - Started process (PID=759) to work on /home/airflow/.local/lib/python3.8/site-packages/airflow/example_dags/example_python_operator.py
[2023-11-02T23:55:34.427+0000] {processor.py:829} INFO - Processing file /home/airflow/.local/lib/python3.8/site-packages/airflow/example_dags/example_python_operator.py for tasks to queue
[2023-11-02T23:55:34.429+0000] {logging_mixin.py:151} INFO - [2023-11-02T23:55:34.428+0000] {dagbag.py:536} INFO - Filling up the DagBag from /home/airflow/.local/lib/python3.8/site-packages/airflow/example_dags/example_python_operator.py
[2023-11-02T23:55:34.441+0000] {processor.py:839} INFO - DAG(s) dict_keys(['example_python_operator']) retrieved from /home/airflow/.local/lib/python3.8/site-packages/airflow/example_dags/example_python_operator.py
[2023-11-02T23:55:34.473+0000] {logging_mixin.py:151} INFO - [2023-11-02T23:55:34.473+0000] {dag.py:2941} INFO - Sync 1 DAGs
[2023-11-02T23:55:34.489+0000] {logging_mixin.py:151} INFO - [2023-11-02T23:55:34.489+0000] {dag.py:3722} INFO - Setting next_dagrun for example_python_operator to None, run_after=None
[2023-11-02T23:55:34.523+0000] {processor.py:179} INFO - Processing /home/airflow/.local/lib/python3.8/site-packages/airflow/example_dags/example_python_operator.py took 0.101 seconds
[2023-11-02T23:56:04.624+0000] {processor.py:157} INFO - Started process (PID=813) to work on /home/airflow/.local/lib/python3.8/site-packages/airflow/example_dags/example_python_operator.py
[2023-11-02T23:56:04.626+0000] {processor.py:829} INFO - Processing file /home/airflow/.local/lib/python3.8/site-packages/airflow/example_dags/example_python_operator.py for tasks to queue
[2023-11-02T23:56:04.629+0000] {logging_mixin.py:151} INFO - [2023-11-02T23:56:04.628+0000] {dagbag.py:536} INFO - Filling up the DagBag from /home/airflow/.local/lib/python3.8/site-packages/airflow/example_dags/example_python_operator.py
[2023-11-02T23:56:04.638+0000] {processor.py:839} INFO - DAG(s) dict_keys(['example_python_operator']) retrieved from /home/airflow/.local/lib/python3.8/site-packages/airflow/example_dags/example_python_operator.py
[2023-11-02T23:56:04.669+0000] {logging_mixin.py:151} INFO - [2023-11-02T23:56:04.669+0000] {dag.py:2941} INFO - Sync 1 DAGs
[2023-11-02T23:56:04.685+0000] {logging_mixin.py:151} INFO - [2023-11-02T23:56:04.685+0000] {dag.py:3722} INFO - Setting next_dagrun for example_python_operator to None, run_after=None
[2023-11-02T23:56:04.724+0000] {processor.py:179} INFO - Processing /home/airflow/.local/lib/python3.8/site-packages/airflow/example_dags/example_python_operator.py took 0.103 seconds
[2023-11-02T23:56:35.612+0000] {processor.py:157} INFO - Started process (PID=867) to work on /home/airflow/.local/lib/python3.8/site-packages/airflow/example_dags/example_python_operator.py
[2023-11-02T23:56:35.613+0000] {processor.py:829} INFO - Processing file /home/airflow/.local/lib/python3.8/site-packages/airflow/example_dags/example_python_operator.py for tasks to queue
[2023-11-02T23:56:35.616+0000] {logging_mixin.py:151} INFO - [2023-11-02T23:56:35.615+0000] {dagbag.py:536} INFO - Filling up the DagBag from /home/airflow/.local/lib/python3.8/site-packages/airflow/example_dags/example_python_operator.py
[2023-11-02T23:56:35.627+0000] {processor.py:839} INFO - DAG(s) dict_keys(['example_python_operator']) retrieved from /home/airflow/.local/lib/python3.8/site-packages/airflow/example_dags/example_python_operator.py
[2023-11-02T23:56:35.657+0000] {logging_mixin.py:151} INFO - [2023-11-02T23:56:35.657+0000] {dag.py:2941} INFO - Sync 1 DAGs
[2023-11-02T23:56:35.674+0000] {logging_mixin.py:151} INFO - [2023-11-02T23:56:35.673+0000] {dag.py:3722} INFO - Setting next_dagrun for example_python_operator to None, run_after=None
[2023-11-02T23:56:35.702+0000] {processor.py:179} INFO - Processing /home/airflow/.local/lib/python3.8/site-packages/airflow/example_dags/example_python_operator.py took 0.094 seconds
[2023-11-02T23:57:06.168+0000] {processor.py:157} INFO - Started process (PID=921) to work on /home/airflow/.local/lib/python3.8/site-packages/airflow/example_dags/example_python_operator.py
[2023-11-02T23:57:06.169+0000] {processor.py:829} INFO - Processing file /home/airflow/.local/lib/python3.8/site-packages/airflow/example_dags/example_python_operator.py for tasks to queue
[2023-11-02T23:57:06.171+0000] {logging_mixin.py:151} INFO - [2023-11-02T23:57:06.171+0000] {dagbag.py:536} INFO - Filling up the DagBag from /home/airflow/.local/lib/python3.8/site-packages/airflow/example_dags/example_python_operator.py
[2023-11-02T23:57:06.183+0000] {processor.py:839} INFO - DAG(s) dict_keys(['example_python_operator']) retrieved from /home/airflow/.local/lib/python3.8/site-packages/airflow/example_dags/example_python_operator.py
[2023-11-02T23:57:06.213+0000] {logging_mixin.py:151} INFO - [2023-11-02T23:57:06.213+0000] {dag.py:2941} INFO - Sync 1 DAGs
[2023-11-02T23:57:06.231+0000] {logging_mixin.py:151} INFO - [2023-11-02T23:57:06.230+0000] {dag.py:3722} INFO - Setting next_dagrun for example_python_operator to None, run_after=None
[2023-11-02T23:57:06.261+0000] {processor.py:179} INFO - Processing /home/airflow/.local/lib/python3.8/site-packages/airflow/example_dags/example_python_operator.py took 0.095 seconds
[2023-11-02T23:57:36.468+0000] {processor.py:157} INFO - Started process (PID=975) to work on /home/airflow/.local/lib/python3.8/site-packages/airflow/example_dags/example_python_operator.py
[2023-11-02T23:57:36.469+0000] {processor.py:829} INFO - Processing file /home/airflow/.local/lib/python3.8/site-packages/airflow/example_dags/example_python_operator.py for tasks to queue
[2023-11-02T23:57:36.472+0000] {logging_mixin.py:151} INFO - [2023-11-02T23:57:36.471+0000] {dagbag.py:536} INFO - Filling up the DagBag from /home/airflow/.local/lib/python3.8/site-packages/airflow/example_dags/example_python_operator.py
[2023-11-02T23:57:36.485+0000] {processor.py:839} INFO - DAG(s) dict_keys(['example_python_operator']) retrieved from /home/airflow/.local/lib/python3.8/site-packages/airflow/example_dags/example_python_operator.py
[2023-11-02T23:57:36.515+0000] {logging_mixin.py:151} INFO - [2023-11-02T23:57:36.514+0000] {dag.py:2941} INFO - Sync 1 DAGs
[2023-11-02T23:57:36.531+0000] {logging_mixin.py:151} INFO - [2023-11-02T23:57:36.530+0000] {dag.py:3722} INFO - Setting next_dagrun for example_python_operator to None, run_after=None
[2023-11-02T23:57:36.553+0000] {processor.py:179} INFO - Processing /home/airflow/.local/lib/python3.8/site-packages/airflow/example_dags/example_python_operator.py took 0.089 seconds
[2023-11-02T23:58:06.881+0000] {processor.py:157} INFO - Started process (PID=1029) to work on /home/airflow/.local/lib/python3.8/site-packages/airflow/example_dags/example_python_operator.py
[2023-11-02T23:58:06.882+0000] {processor.py:829} INFO - Processing file /home/airflow/.local/lib/python3.8/site-packages/airflow/example_dags/example_python_operator.py for tasks to queue
[2023-11-02T23:58:06.885+0000] {logging_mixin.py:151} INFO - [2023-11-02T23:58:06.884+0000] {dagbag.py:536} INFO - Filling up the DagBag from /home/airflow/.local/lib/python3.8/site-packages/airflow/example_dags/example_python_operator.py
[2023-11-02T23:58:06.896+0000] {processor.py:839} INFO - DAG(s) dict_keys(['example_python_operator']) retrieved from /home/airflow/.local/lib/python3.8/site-packages/airflow/example_dags/example_python_operator.py
[2023-11-02T23:58:06.927+0000] {logging_mixin.py:151} INFO - [2023-11-02T23:58:06.926+0000] {dag.py:2941} INFO - Sync 1 DAGs
[2023-11-02T23:58:06.945+0000] {logging_mixin.py:151} INFO - [2023-11-02T23:58:06.944+0000] {dag.py:3722} INFO - Setting next_dagrun for example_python_operator to None, run_after=None
[2023-11-02T23:58:06.973+0000] {processor.py:179} INFO - Processing /home/airflow/.local/lib/python3.8/site-packages/airflow/example_dags/example_python_operator.py took 0.098 seconds
[2023-11-02T23:58:37.425+0000] {processor.py:157} INFO - Started process (PID=1083) to work on /home/airflow/.local/lib/python3.8/site-packages/airflow/example_dags/example_python_operator.py
[2023-11-02T23:58:37.427+0000] {processor.py:829} INFO - Processing file /home/airflow/.local/lib/python3.8/site-packages/airflow/example_dags/example_python_operator.py for tasks to queue
[2023-11-02T23:58:37.429+0000] {logging_mixin.py:151} INFO - [2023-11-02T23:58:37.429+0000] {dagbag.py:536} INFO - Filling up the DagBag from /home/airflow/.local/lib/python3.8/site-packages/airflow/example_dags/example_python_operator.py
[2023-11-02T23:58:37.442+0000] {processor.py:839} INFO - DAG(s) dict_keys(['example_python_operator']) retrieved from /home/airflow/.local/lib/python3.8/site-packages/airflow/example_dags/example_python_operator.py
[2023-11-02T23:58:37.474+0000] {logging_mixin.py:151} INFO - [2023-11-02T23:58:37.473+0000] {dag.py:2941} INFO - Sync 1 DAGs
[2023-11-02T23:58:37.489+0000] {logging_mixin.py:151} INFO - [2023-11-02T23:58:37.489+0000] {dag.py:3722} INFO - Setting next_dagrun for example_python_operator to None, run_after=None
[2023-11-02T23:58:37.521+0000] {processor.py:179} INFO - Processing /home/airflow/.local/lib/python3.8/site-packages/airflow/example_dags/example_python_operator.py took 0.099 seconds
[2023-11-02T23:59:07.983+0000] {processor.py:157} INFO - Started process (PID=1137) to work on /home/airflow/.local/lib/python3.8/site-packages/airflow/example_dags/example_python_operator.py
[2023-11-02T23:59:07.984+0000] {processor.py:829} INFO - Processing file /home/airflow/.local/lib/python3.8/site-packages/airflow/example_dags/example_python_operator.py for tasks to queue
[2023-11-02T23:59:07.986+0000] {logging_mixin.py:151} INFO - [2023-11-02T23:59:07.986+0000] {dagbag.py:536} INFO - Filling up the DagBag from /home/airflow/.local/lib/python3.8/site-packages/airflow/example_dags/example_python_operator.py
[2023-11-02T23:59:07.999+0000] {processor.py:839} INFO - DAG(s) dict_keys(['example_python_operator']) retrieved from /home/airflow/.local/lib/python3.8/site-packages/airflow/example_dags/example_python_operator.py
[2023-11-02T23:59:08.029+0000] {logging_mixin.py:151} INFO - [2023-11-02T23:59:08.029+0000] {dag.py:2941} INFO - Sync 1 DAGs
[2023-11-02T23:59:08.044+0000] {logging_mixin.py:151} INFO - [2023-11-02T23:59:08.044+0000] {dag.py:3722} INFO - Setting next_dagrun for example_python_operator to None, run_after=None
[2023-11-02T23:59:08.074+0000] {processor.py:179} INFO - Processing /home/airflow/.local/lib/python3.8/site-packages/airflow/example_dags/example_python_operator.py took 0.095 seconds
[2023-11-02T23:59:38.477+0000] {processor.py:157} INFO - Started process (PID=1191) to work on /home/airflow/.local/lib/python3.8/site-packages/airflow/example_dags/example_python_operator.py
[2023-11-02T23:59:38.478+0000] {processor.py:829} INFO - Processing file /home/airflow/.local/lib/python3.8/site-packages/airflow/example_dags/example_python_operator.py for tasks to queue
[2023-11-02T23:59:38.481+0000] {logging_mixin.py:151} INFO - [2023-11-02T23:59:38.480+0000] {dagbag.py:536} INFO - Filling up the DagBag from /home/airflow/.local/lib/python3.8/site-packages/airflow/example_dags/example_python_operator.py
[2023-11-02T23:59:38.494+0000] {processor.py:839} INFO - DAG(s) dict_keys(['example_python_operator']) retrieved from /home/airflow/.local/lib/python3.8/site-packages/airflow/example_dags/example_python_operator.py
[2023-11-02T23:59:38.553+0000] {logging_mixin.py:151} INFO - [2023-11-02T23:59:38.553+0000] {dag.py:2941} INFO - Sync 1 DAGs
[2023-11-02T23:59:38.577+0000] {logging_mixin.py:151} INFO - [2023-11-02T23:59:38.576+0000] {dag.py:3722} INFO - Setting next_dagrun for example_python_operator to None, run_after=None
[2023-11-02T23:59:38.614+0000] {processor.py:179} INFO - Processing /home/airflow/.local/lib/python3.8/site-packages/airflow/example_dags/example_python_operator.py took 0.142 seconds
