[2023-11-02T23:26:27.493+0000] {processor.py:157} INFO - Started process (PID=63) to work on /home/airflow/.local/lib/python3.8/site-packages/airflow/example_dags/example_dynamic_task_mapping.py
[2023-11-02T23:26:27.494+0000] {processor.py:829} INFO - Processing file /home/airflow/.local/lib/python3.8/site-packages/airflow/example_dags/example_dynamic_task_mapping.py for tasks to queue
[2023-11-02T23:26:27.496+0000] {logging_mixin.py:151} INFO - [2023-11-02T23:26:27.496+0000] {dagbag.py:536} INFO - Filling up the DagBag from /home/airflow/.local/lib/python3.8/site-packages/airflow/example_dags/example_dynamic_task_mapping.py
[2023-11-02T23:26:27.507+0000] {processor.py:839} INFO - DAG(s) dict_keys(['example_dynamic_task_mapping']) retrieved from /home/airflow/.local/lib/python3.8/site-packages/airflow/example_dags/example_dynamic_task_mapping.py
[2023-11-02T23:26:27.547+0000] {logging_mixin.py:151} INFO - [2023-11-02T23:26:27.547+0000] {dag.py:2941} INFO - Sync 1 DAGs
[2023-11-02T23:26:27.579+0000] {logging_mixin.py:151} INFO - [2023-11-02T23:26:27.579+0000] {dag.py:3722} INFO - Setting next_dagrun for example_dynamic_task_mapping to 2022-03-04T00:00:00+00:00, run_after=2022-03-05T00:00:00+00:00
[2023-11-02T23:26:27.627+0000] {processor.py:179} INFO - Processing /home/airflow/.local/lib/python3.8/site-packages/airflow/example_dags/example_dynamic_task_mapping.py took 0.140 seconds
[2023-11-02T23:26:58.422+0000] {processor.py:157} INFO - Started process (PID=116) to work on /home/airflow/.local/lib/python3.8/site-packages/airflow/example_dags/example_dynamic_task_mapping.py
[2023-11-02T23:26:58.424+0000] {processor.py:829} INFO - Processing file /home/airflow/.local/lib/python3.8/site-packages/airflow/example_dags/example_dynamic_task_mapping.py for tasks to queue
[2023-11-02T23:26:58.426+0000] {logging_mixin.py:151} INFO - [2023-11-02T23:26:58.426+0000] {dagbag.py:536} INFO - Filling up the DagBag from /home/airflow/.local/lib/python3.8/site-packages/airflow/example_dags/example_dynamic_task_mapping.py
[2023-11-02T23:26:58.435+0000] {processor.py:839} INFO - DAG(s) dict_keys(['example_dynamic_task_mapping']) retrieved from /home/airflow/.local/lib/python3.8/site-packages/airflow/example_dags/example_dynamic_task_mapping.py
[2023-11-02T23:26:58.461+0000] {logging_mixin.py:151} INFO - [2023-11-02T23:26:58.461+0000] {dag.py:2941} INFO - Sync 1 DAGs
[2023-11-02T23:26:58.508+0000] {logging_mixin.py:151} INFO - [2023-11-02T23:26:58.508+0000] {dag.py:3722} INFO - Setting next_dagrun for example_dynamic_task_mapping to 2022-03-04T00:00:00+00:00, run_after=2022-03-05T00:00:00+00:00
[2023-11-02T23:26:58.536+0000] {processor.py:179} INFO - Processing /home/airflow/.local/lib/python3.8/site-packages/airflow/example_dags/example_dynamic_task_mapping.py took 0.117 seconds
[2023-11-02T23:27:28.860+0000] {processor.py:157} INFO - Started process (PID=170) to work on /home/airflow/.local/lib/python3.8/site-packages/airflow/example_dags/example_dynamic_task_mapping.py
[2023-11-02T23:27:28.861+0000] {processor.py:829} INFO - Processing file /home/airflow/.local/lib/python3.8/site-packages/airflow/example_dags/example_dynamic_task_mapping.py for tasks to queue
[2023-11-02T23:27:28.865+0000] {logging_mixin.py:151} INFO - [2023-11-02T23:27:28.864+0000] {dagbag.py:536} INFO - Filling up the DagBag from /home/airflow/.local/lib/python3.8/site-packages/airflow/example_dags/example_dynamic_task_mapping.py
[2023-11-02T23:27:28.878+0000] {processor.py:839} INFO - DAG(s) dict_keys(['example_dynamic_task_mapping']) retrieved from /home/airflow/.local/lib/python3.8/site-packages/airflow/example_dags/example_dynamic_task_mapping.py
[2023-11-02T23:27:28.901+0000] {logging_mixin.py:151} INFO - [2023-11-02T23:27:28.901+0000] {dag.py:2941} INFO - Sync 1 DAGs
[2023-11-02T23:27:28.928+0000] {logging_mixin.py:151} INFO - [2023-11-02T23:27:28.928+0000] {dag.py:3722} INFO - Setting next_dagrun for example_dynamic_task_mapping to 2022-03-04T00:00:00+00:00, run_after=2022-03-05T00:00:00+00:00
[2023-11-02T23:27:28.952+0000] {processor.py:179} INFO - Processing /home/airflow/.local/lib/python3.8/site-packages/airflow/example_dags/example_dynamic_task_mapping.py took 0.096 seconds
[2023-11-02T23:27:58.993+0000] {processor.py:157} INFO - Started process (PID=224) to work on /home/airflow/.local/lib/python3.8/site-packages/airflow/example_dags/example_dynamic_task_mapping.py
[2023-11-02T23:27:58.995+0000] {processor.py:829} INFO - Processing file /home/airflow/.local/lib/python3.8/site-packages/airflow/example_dags/example_dynamic_task_mapping.py for tasks to queue
[2023-11-02T23:27:58.997+0000] {logging_mixin.py:151} INFO - [2023-11-02T23:27:58.996+0000] {dagbag.py:536} INFO - Filling up the DagBag from /home/airflow/.local/lib/python3.8/site-packages/airflow/example_dags/example_dynamic_task_mapping.py
[2023-11-02T23:27:59.004+0000] {processor.py:839} INFO - DAG(s) dict_keys(['example_dynamic_task_mapping']) retrieved from /home/airflow/.local/lib/python3.8/site-packages/airflow/example_dags/example_dynamic_task_mapping.py
[2023-11-02T23:27:59.028+0000] {logging_mixin.py:151} INFO - [2023-11-02T23:27:59.028+0000] {dag.py:2941} INFO - Sync 1 DAGs
[2023-11-02T23:27:59.053+0000] {logging_mixin.py:151} INFO - [2023-11-02T23:27:59.052+0000] {dag.py:3722} INFO - Setting next_dagrun for example_dynamic_task_mapping to 2022-03-04T00:00:00+00:00, run_after=2022-03-05T00:00:00+00:00
[2023-11-02T23:27:59.078+0000] {processor.py:179} INFO - Processing /home/airflow/.local/lib/python3.8/site-packages/airflow/example_dags/example_dynamic_task_mapping.py took 0.088 seconds
[2023-11-02T23:28:29.197+0000] {processor.py:157} INFO - Started process (PID=277) to work on /home/airflow/.local/lib/python3.8/site-packages/airflow/example_dags/example_dynamic_task_mapping.py
[2023-11-02T23:28:29.199+0000] {processor.py:829} INFO - Processing file /home/airflow/.local/lib/python3.8/site-packages/airflow/example_dags/example_dynamic_task_mapping.py for tasks to queue
[2023-11-02T23:28:29.201+0000] {logging_mixin.py:151} INFO - [2023-11-02T23:28:29.200+0000] {dagbag.py:536} INFO - Filling up the DagBag from /home/airflow/.local/lib/python3.8/site-packages/airflow/example_dags/example_dynamic_task_mapping.py
[2023-11-02T23:28:29.208+0000] {processor.py:839} INFO - DAG(s) dict_keys(['example_dynamic_task_mapping']) retrieved from /home/airflow/.local/lib/python3.8/site-packages/airflow/example_dags/example_dynamic_task_mapping.py
[2023-11-02T23:28:29.234+0000] {logging_mixin.py:151} INFO - [2023-11-02T23:28:29.234+0000] {dag.py:2941} INFO - Sync 1 DAGs
[2023-11-02T23:28:29.262+0000] {logging_mixin.py:151} INFO - [2023-11-02T23:28:29.262+0000] {dag.py:3722} INFO - Setting next_dagrun for example_dynamic_task_mapping to 2022-03-04T00:00:00+00:00, run_after=2022-03-05T00:00:00+00:00
[2023-11-02T23:28:29.288+0000] {processor.py:179} INFO - Processing /home/airflow/.local/lib/python3.8/site-packages/airflow/example_dags/example_dynamic_task_mapping.py took 0.094 seconds
[2023-11-02T23:28:59.344+0000] {processor.py:157} INFO - Started process (PID=331) to work on /home/airflow/.local/lib/python3.8/site-packages/airflow/example_dags/example_dynamic_task_mapping.py
[2023-11-02T23:28:59.346+0000] {processor.py:829} INFO - Processing file /home/airflow/.local/lib/python3.8/site-packages/airflow/example_dags/example_dynamic_task_mapping.py for tasks to queue
[2023-11-02T23:28:59.348+0000] {logging_mixin.py:151} INFO - [2023-11-02T23:28:59.348+0000] {dagbag.py:536} INFO - Filling up the DagBag from /home/airflow/.local/lib/python3.8/site-packages/airflow/example_dags/example_dynamic_task_mapping.py
[2023-11-02T23:28:59.355+0000] {processor.py:839} INFO - DAG(s) dict_keys(['example_dynamic_task_mapping']) retrieved from /home/airflow/.local/lib/python3.8/site-packages/airflow/example_dags/example_dynamic_task_mapping.py
[2023-11-02T23:28:59.380+0000] {logging_mixin.py:151} INFO - [2023-11-02T23:28:59.380+0000] {dag.py:2941} INFO - Sync 1 DAGs
[2023-11-02T23:28:59.405+0000] {logging_mixin.py:151} INFO - [2023-11-02T23:28:59.404+0000] {dag.py:3722} INFO - Setting next_dagrun for example_dynamic_task_mapping to 2022-03-04T00:00:00+00:00, run_after=2022-03-05T00:00:00+00:00
[2023-11-02T23:28:59.429+0000] {processor.py:179} INFO - Processing /home/airflow/.local/lib/python3.8/site-packages/airflow/example_dags/example_dynamic_task_mapping.py took 0.088 seconds
[2023-11-02T23:29:29.626+0000] {processor.py:157} INFO - Started process (PID=385) to work on /home/airflow/.local/lib/python3.8/site-packages/airflow/example_dags/example_dynamic_task_mapping.py
[2023-11-02T23:29:29.628+0000] {processor.py:829} INFO - Processing file /home/airflow/.local/lib/python3.8/site-packages/airflow/example_dags/example_dynamic_task_mapping.py for tasks to queue
[2023-11-02T23:29:29.630+0000] {logging_mixin.py:151} INFO - [2023-11-02T23:29:29.629+0000] {dagbag.py:536} INFO - Filling up the DagBag from /home/airflow/.local/lib/python3.8/site-packages/airflow/example_dags/example_dynamic_task_mapping.py
[2023-11-02T23:29:29.639+0000] {processor.py:839} INFO - DAG(s) dict_keys(['example_dynamic_task_mapping']) retrieved from /home/airflow/.local/lib/python3.8/site-packages/airflow/example_dags/example_dynamic_task_mapping.py
[2023-11-02T23:29:29.667+0000] {logging_mixin.py:151} INFO - [2023-11-02T23:29:29.667+0000] {dag.py:2941} INFO - Sync 1 DAGs
[2023-11-02T23:29:29.715+0000] {logging_mixin.py:151} INFO - [2023-11-02T23:29:29.714+0000] {dag.py:3722} INFO - Setting next_dagrun for example_dynamic_task_mapping to 2022-03-04T00:00:00+00:00, run_after=2022-03-05T00:00:00+00:00
[2023-11-02T23:29:29.744+0000] {processor.py:179} INFO - Processing /home/airflow/.local/lib/python3.8/site-packages/airflow/example_dags/example_dynamic_task_mapping.py took 0.121 seconds
[2023-11-02T23:30:00.302+0000] {processor.py:157} INFO - Started process (PID=439) to work on /home/airflow/.local/lib/python3.8/site-packages/airflow/example_dags/example_dynamic_task_mapping.py
[2023-11-02T23:30:00.303+0000] {processor.py:829} INFO - Processing file /home/airflow/.local/lib/python3.8/site-packages/airflow/example_dags/example_dynamic_task_mapping.py for tasks to queue
[2023-11-02T23:30:00.305+0000] {logging_mixin.py:151} INFO - [2023-11-02T23:30:00.305+0000] {dagbag.py:536} INFO - Filling up the DagBag from /home/airflow/.local/lib/python3.8/site-packages/airflow/example_dags/example_dynamic_task_mapping.py
[2023-11-02T23:30:00.314+0000] {processor.py:839} INFO - DAG(s) dict_keys(['example_dynamic_task_mapping']) retrieved from /home/airflow/.local/lib/python3.8/site-packages/airflow/example_dags/example_dynamic_task_mapping.py
[2023-11-02T23:30:00.339+0000] {logging_mixin.py:151} INFO - [2023-11-02T23:30:00.338+0000] {dag.py:2941} INFO - Sync 1 DAGs
[2023-11-02T23:30:00.364+0000] {logging_mixin.py:151} INFO - [2023-11-02T23:30:00.363+0000] {dag.py:3722} INFO - Setting next_dagrun for example_dynamic_task_mapping to 2022-03-04T00:00:00+00:00, run_after=2022-03-05T00:00:00+00:00
[2023-11-02T23:30:00.389+0000] {processor.py:179} INFO - Processing /home/airflow/.local/lib/python3.8/site-packages/airflow/example_dags/example_dynamic_task_mapping.py took 0.091 seconds
[2023-11-02T23:30:31.231+0000] {processor.py:157} INFO - Started process (PID=493) to work on /home/airflow/.local/lib/python3.8/site-packages/airflow/example_dags/example_dynamic_task_mapping.py
[2023-11-02T23:30:31.233+0000] {processor.py:829} INFO - Processing file /home/airflow/.local/lib/python3.8/site-packages/airflow/example_dags/example_dynamic_task_mapping.py for tasks to queue
[2023-11-02T23:30:31.236+0000] {logging_mixin.py:151} INFO - [2023-11-02T23:30:31.236+0000] {dagbag.py:536} INFO - Filling up the DagBag from /home/airflow/.local/lib/python3.8/site-packages/airflow/example_dags/example_dynamic_task_mapping.py
[2023-11-02T23:30:31.242+0000] {processor.py:839} INFO - DAG(s) dict_keys(['example_dynamic_task_mapping']) retrieved from /home/airflow/.local/lib/python3.8/site-packages/airflow/example_dags/example_dynamic_task_mapping.py
[2023-11-02T23:30:31.272+0000] {logging_mixin.py:151} INFO - [2023-11-02T23:30:31.271+0000] {dag.py:2941} INFO - Sync 1 DAGs
[2023-11-02T23:30:31.296+0000] {logging_mixin.py:151} INFO - [2023-11-02T23:30:31.296+0000] {dag.py:3722} INFO - Setting next_dagrun for example_dynamic_task_mapping to 2022-03-04T00:00:00+00:00, run_after=2022-03-05T00:00:00+00:00
[2023-11-02T23:30:31.319+0000] {processor.py:179} INFO - Processing /home/airflow/.local/lib/python3.8/site-packages/airflow/example_dags/example_dynamic_task_mapping.py took 0.091 seconds
[2023-11-02T23:31:02.324+0000] {processor.py:157} INFO - Started process (PID=547) to work on /home/airflow/.local/lib/python3.8/site-packages/airflow/example_dags/example_dynamic_task_mapping.py
[2023-11-02T23:31:02.326+0000] {processor.py:829} INFO - Processing file /home/airflow/.local/lib/python3.8/site-packages/airflow/example_dags/example_dynamic_task_mapping.py for tasks to queue
[2023-11-02T23:31:02.329+0000] {logging_mixin.py:151} INFO - [2023-11-02T23:31:02.328+0000] {dagbag.py:536} INFO - Filling up the DagBag from /home/airflow/.local/lib/python3.8/site-packages/airflow/example_dags/example_dynamic_task_mapping.py
[2023-11-02T23:31:02.358+0000] {processor.py:839} INFO - DAG(s) dict_keys(['example_dynamic_task_mapping']) retrieved from /home/airflow/.local/lib/python3.8/site-packages/airflow/example_dags/example_dynamic_task_mapping.py
[2023-11-02T23:31:02.397+0000] {logging_mixin.py:151} INFO - [2023-11-02T23:31:02.397+0000] {dag.py:2941} INFO - Sync 1 DAGs
[2023-11-02T23:31:02.437+0000] {logging_mixin.py:151} INFO - [2023-11-02T23:31:02.436+0000] {dag.py:3722} INFO - Setting next_dagrun for example_dynamic_task_mapping to 2022-03-04T00:00:00+00:00, run_after=2022-03-05T00:00:00+00:00
[2023-11-02T23:31:02.469+0000] {processor.py:179} INFO - Processing /home/airflow/.local/lib/python3.8/site-packages/airflow/example_dags/example_dynamic_task_mapping.py took 0.148 seconds
[2023-11-02T23:31:33.158+0000] {processor.py:157} INFO - Started process (PID=600) to work on /home/airflow/.local/lib/python3.8/site-packages/airflow/example_dags/example_dynamic_task_mapping.py
[2023-11-02T23:31:33.160+0000] {processor.py:829} INFO - Processing file /home/airflow/.local/lib/python3.8/site-packages/airflow/example_dags/example_dynamic_task_mapping.py for tasks to queue
[2023-11-02T23:31:33.162+0000] {logging_mixin.py:151} INFO - [2023-11-02T23:31:33.162+0000] {dagbag.py:536} INFO - Filling up the DagBag from /home/airflow/.local/lib/python3.8/site-packages/airflow/example_dags/example_dynamic_task_mapping.py
[2023-11-02T23:31:33.170+0000] {processor.py:839} INFO - DAG(s) dict_keys(['example_dynamic_task_mapping']) retrieved from /home/airflow/.local/lib/python3.8/site-packages/airflow/example_dags/example_dynamic_task_mapping.py
[2023-11-02T23:31:33.198+0000] {logging_mixin.py:151} INFO - [2023-11-02T23:31:33.198+0000] {dag.py:2941} INFO - Sync 1 DAGs
[2023-11-02T23:31:33.225+0000] {logging_mixin.py:151} INFO - [2023-11-02T23:31:33.225+0000] {dag.py:3722} INFO - Setting next_dagrun for example_dynamic_task_mapping to 2022-03-04T00:00:00+00:00, run_after=2022-03-05T00:00:00+00:00
[2023-11-02T23:31:33.254+0000] {processor.py:179} INFO - Processing /home/airflow/.local/lib/python3.8/site-packages/airflow/example_dags/example_dynamic_task_mapping.py took 0.100 seconds
[2023-11-02T23:32:04.999+0000] {processor.py:157} INFO - Started process (PID=654) to work on /home/airflow/.local/lib/python3.8/site-packages/airflow/example_dags/example_dynamic_task_mapping.py
[2023-11-02T23:32:05.001+0000] {processor.py:829} INFO - Processing file /home/airflow/.local/lib/python3.8/site-packages/airflow/example_dags/example_dynamic_task_mapping.py for tasks to queue
[2023-11-02T23:32:05.004+0000] {logging_mixin.py:151} INFO - [2023-11-02T23:32:05.004+0000] {dagbag.py:536} INFO - Filling up the DagBag from /home/airflow/.local/lib/python3.8/site-packages/airflow/example_dags/example_dynamic_task_mapping.py
[2023-11-02T23:32:05.012+0000] {processor.py:839} INFO - DAG(s) dict_keys(['example_dynamic_task_mapping']) retrieved from /home/airflow/.local/lib/python3.8/site-packages/airflow/example_dags/example_dynamic_task_mapping.py
[2023-11-02T23:32:05.044+0000] {logging_mixin.py:151} INFO - [2023-11-02T23:32:05.044+0000] {dag.py:2941} INFO - Sync 1 DAGs
[2023-11-02T23:32:05.075+0000] {logging_mixin.py:151} INFO - [2023-11-02T23:32:05.075+0000] {dag.py:3722} INFO - Setting next_dagrun for example_dynamic_task_mapping to 2022-03-04T00:00:00+00:00, run_after=2022-03-05T00:00:00+00:00
[2023-11-02T23:32:05.105+0000] {processor.py:179} INFO - Processing /home/airflow/.local/lib/python3.8/site-packages/airflow/example_dags/example_dynamic_task_mapping.py took 0.109 seconds
[2023-11-02T23:32:35.624+0000] {processor.py:157} INFO - Started process (PID=708) to work on /home/airflow/.local/lib/python3.8/site-packages/airflow/example_dags/example_dynamic_task_mapping.py
[2023-11-02T23:32:35.625+0000] {processor.py:829} INFO - Processing file /home/airflow/.local/lib/python3.8/site-packages/airflow/example_dags/example_dynamic_task_mapping.py for tasks to queue
[2023-11-02T23:32:35.636+0000] {logging_mixin.py:151} INFO - [2023-11-02T23:32:35.635+0000] {dagbag.py:536} INFO - Filling up the DagBag from /home/airflow/.local/lib/python3.8/site-packages/airflow/example_dags/example_dynamic_task_mapping.py
[2023-11-02T23:32:35.652+0000] {processor.py:839} INFO - DAG(s) dict_keys(['example_dynamic_task_mapping']) retrieved from /home/airflow/.local/lib/python3.8/site-packages/airflow/example_dags/example_dynamic_task_mapping.py
[2023-11-02T23:32:35.729+0000] {logging_mixin.py:151} INFO - [2023-11-02T23:32:35.729+0000] {dag.py:2941} INFO - Sync 1 DAGs
[2023-11-02T23:32:35.794+0000] {logging_mixin.py:151} INFO - [2023-11-02T23:32:35.794+0000] {dag.py:3722} INFO - Setting next_dagrun for example_dynamic_task_mapping to 2022-03-04T00:00:00+00:00, run_after=2022-03-05T00:00:00+00:00
[2023-11-02T23:32:35.862+0000] {processor.py:179} INFO - Processing /home/airflow/.local/lib/python3.8/site-packages/airflow/example_dags/example_dynamic_task_mapping.py took 0.243 seconds
[2023-11-02T23:33:06.698+0000] {processor.py:157} INFO - Started process (PID=761) to work on /home/airflow/.local/lib/python3.8/site-packages/airflow/example_dags/example_dynamic_task_mapping.py
[2023-11-02T23:33:06.700+0000] {processor.py:829} INFO - Processing file /home/airflow/.local/lib/python3.8/site-packages/airflow/example_dags/example_dynamic_task_mapping.py for tasks to queue
[2023-11-02T23:33:06.702+0000] {logging_mixin.py:151} INFO - [2023-11-02T23:33:06.702+0000] {dagbag.py:536} INFO - Filling up the DagBag from /home/airflow/.local/lib/python3.8/site-packages/airflow/example_dags/example_dynamic_task_mapping.py
[2023-11-02T23:33:06.710+0000] {processor.py:839} INFO - DAG(s) dict_keys(['example_dynamic_task_mapping']) retrieved from /home/airflow/.local/lib/python3.8/site-packages/airflow/example_dags/example_dynamic_task_mapping.py
[2023-11-02T23:33:06.737+0000] {logging_mixin.py:151} INFO - [2023-11-02T23:33:06.737+0000] {dag.py:2941} INFO - Sync 1 DAGs
[2023-11-02T23:33:06.763+0000] {logging_mixin.py:151} INFO - [2023-11-02T23:33:06.763+0000] {dag.py:3722} INFO - Setting next_dagrun for example_dynamic_task_mapping to 2022-03-04T00:00:00+00:00, run_after=2022-03-05T00:00:00+00:00
[2023-11-02T23:33:06.793+0000] {processor.py:179} INFO - Processing /home/airflow/.local/lib/python3.8/site-packages/airflow/example_dags/example_dynamic_task_mapping.py took 0.098 seconds
[2023-11-02T23:33:36.911+0000] {processor.py:157} INFO - Started process (PID=815) to work on /home/airflow/.local/lib/python3.8/site-packages/airflow/example_dags/example_dynamic_task_mapping.py
[2023-11-02T23:33:36.912+0000] {processor.py:829} INFO - Processing file /home/airflow/.local/lib/python3.8/site-packages/airflow/example_dags/example_dynamic_task_mapping.py for tasks to queue
[2023-11-02T23:33:36.915+0000] {logging_mixin.py:151} INFO - [2023-11-02T23:33:36.914+0000] {dagbag.py:536} INFO - Filling up the DagBag from /home/airflow/.local/lib/python3.8/site-packages/airflow/example_dags/example_dynamic_task_mapping.py
[2023-11-02T23:33:36.923+0000] {processor.py:839} INFO - DAG(s) dict_keys(['example_dynamic_task_mapping']) retrieved from /home/airflow/.local/lib/python3.8/site-packages/airflow/example_dags/example_dynamic_task_mapping.py
[2023-11-02T23:33:36.947+0000] {logging_mixin.py:151} INFO - [2023-11-02T23:33:36.947+0000] {dag.py:2941} INFO - Sync 1 DAGs
[2023-11-02T23:33:36.972+0000] {logging_mixin.py:151} INFO - [2023-11-02T23:33:36.972+0000] {dag.py:3722} INFO - Setting next_dagrun for example_dynamic_task_mapping to 2022-03-04T00:00:00+00:00, run_after=2022-03-05T00:00:00+00:00
[2023-11-02T23:33:36.997+0000] {processor.py:179} INFO - Processing /home/airflow/.local/lib/python3.8/site-packages/airflow/example_dags/example_dynamic_task_mapping.py took 0.089 seconds
[2023-11-02T23:34:07.313+0000] {processor.py:157} INFO - Started process (PID=869) to work on /home/airflow/.local/lib/python3.8/site-packages/airflow/example_dags/example_dynamic_task_mapping.py
[2023-11-02T23:34:07.314+0000] {processor.py:829} INFO - Processing file /home/airflow/.local/lib/python3.8/site-packages/airflow/example_dags/example_dynamic_task_mapping.py for tasks to queue
[2023-11-02T23:34:07.316+0000] {logging_mixin.py:151} INFO - [2023-11-02T23:34:07.316+0000] {dagbag.py:536} INFO - Filling up the DagBag from /home/airflow/.local/lib/python3.8/site-packages/airflow/example_dags/example_dynamic_task_mapping.py
[2023-11-02T23:34:07.324+0000] {processor.py:839} INFO - DAG(s) dict_keys(['example_dynamic_task_mapping']) retrieved from /home/airflow/.local/lib/python3.8/site-packages/airflow/example_dags/example_dynamic_task_mapping.py
[2023-11-02T23:34:07.354+0000] {logging_mixin.py:151} INFO - [2023-11-02T23:34:07.353+0000] {dag.py:2941} INFO - Sync 1 DAGs
[2023-11-02T23:34:07.389+0000] {logging_mixin.py:151} INFO - [2023-11-02T23:34:07.388+0000] {dag.py:3722} INFO - Setting next_dagrun for example_dynamic_task_mapping to 2022-03-04T00:00:00+00:00, run_after=2022-03-05T00:00:00+00:00
[2023-11-02T23:34:07.420+0000] {processor.py:179} INFO - Processing /home/airflow/.local/lib/python3.8/site-packages/airflow/example_dags/example_dynamic_task_mapping.py took 0.111 seconds
[2023-11-02T23:34:37.980+0000] {processor.py:157} INFO - Started process (PID=922) to work on /home/airflow/.local/lib/python3.8/site-packages/airflow/example_dags/example_dynamic_task_mapping.py
[2023-11-02T23:34:37.982+0000] {processor.py:829} INFO - Processing file /home/airflow/.local/lib/python3.8/site-packages/airflow/example_dags/example_dynamic_task_mapping.py for tasks to queue
[2023-11-02T23:34:37.984+0000] {logging_mixin.py:151} INFO - [2023-11-02T23:34:37.984+0000] {dagbag.py:536} INFO - Filling up the DagBag from /home/airflow/.local/lib/python3.8/site-packages/airflow/example_dags/example_dynamic_task_mapping.py
[2023-11-02T23:34:37.992+0000] {processor.py:839} INFO - DAG(s) dict_keys(['example_dynamic_task_mapping']) retrieved from /home/airflow/.local/lib/python3.8/site-packages/airflow/example_dags/example_dynamic_task_mapping.py
[2023-11-02T23:34:38.019+0000] {logging_mixin.py:151} INFO - [2023-11-02T23:34:38.019+0000] {dag.py:2941} INFO - Sync 1 DAGs
[2023-11-02T23:34:38.043+0000] {logging_mixin.py:151} INFO - [2023-11-02T23:34:38.043+0000] {dag.py:3722} INFO - Setting next_dagrun for example_dynamic_task_mapping to 2022-03-04T00:00:00+00:00, run_after=2022-03-05T00:00:00+00:00
[2023-11-02T23:34:38.069+0000] {processor.py:179} INFO - Processing /home/airflow/.local/lib/python3.8/site-packages/airflow/example_dags/example_dynamic_task_mapping.py took 0.092 seconds
[2023-11-02T23:35:08.725+0000] {processor.py:157} INFO - Started process (PID=975) to work on /home/airflow/.local/lib/python3.8/site-packages/airflow/example_dags/example_dynamic_task_mapping.py
[2023-11-02T23:35:08.726+0000] {processor.py:829} INFO - Processing file /home/airflow/.local/lib/python3.8/site-packages/airflow/example_dags/example_dynamic_task_mapping.py for tasks to queue
[2023-11-02T23:35:08.728+0000] {logging_mixin.py:151} INFO - [2023-11-02T23:35:08.728+0000] {dagbag.py:536} INFO - Filling up the DagBag from /home/airflow/.local/lib/python3.8/site-packages/airflow/example_dags/example_dynamic_task_mapping.py
[2023-11-02T23:35:08.735+0000] {processor.py:839} INFO - DAG(s) dict_keys(['example_dynamic_task_mapping']) retrieved from /home/airflow/.local/lib/python3.8/site-packages/airflow/example_dags/example_dynamic_task_mapping.py
[2023-11-02T23:35:08.760+0000] {logging_mixin.py:151} INFO - [2023-11-02T23:35:08.760+0000] {dag.py:2941} INFO - Sync 1 DAGs
[2023-11-02T23:35:08.785+0000] {logging_mixin.py:151} INFO - [2023-11-02T23:35:08.785+0000] {dag.py:3722} INFO - Setting next_dagrun for example_dynamic_task_mapping to 2022-03-04T00:00:00+00:00, run_after=2022-03-05T00:00:00+00:00
[2023-11-02T23:35:08.810+0000] {processor.py:179} INFO - Processing /home/airflow/.local/lib/python3.8/site-packages/airflow/example_dags/example_dynamic_task_mapping.py took 0.089 seconds
[2023-11-02T23:35:40.020+0000] {processor.py:157} INFO - Started process (PID=1036) to work on /home/airflow/.local/lib/python3.8/site-packages/airflow/example_dags/example_dynamic_task_mapping.py
[2023-11-02T23:35:40.022+0000] {processor.py:829} INFO - Processing file /home/airflow/.local/lib/python3.8/site-packages/airflow/example_dags/example_dynamic_task_mapping.py for tasks to queue
[2023-11-02T23:35:40.024+0000] {logging_mixin.py:151} INFO - [2023-11-02T23:35:40.023+0000] {dagbag.py:536} INFO - Filling up the DagBag from /home/airflow/.local/lib/python3.8/site-packages/airflow/example_dags/example_dynamic_task_mapping.py
[2023-11-02T23:35:40.031+0000] {processor.py:839} INFO - DAG(s) dict_keys(['example_dynamic_task_mapping']) retrieved from /home/airflow/.local/lib/python3.8/site-packages/airflow/example_dags/example_dynamic_task_mapping.py
[2023-11-02T23:35:40.061+0000] {logging_mixin.py:151} INFO - [2023-11-02T23:35:40.061+0000] {dag.py:2941} INFO - Sync 1 DAGs
[2023-11-02T23:35:40.272+0000] {logging_mixin.py:151} INFO - [2023-11-02T23:35:40.272+0000] {dag.py:3722} INFO - Setting next_dagrun for example_dynamic_task_mapping to 2022-03-04T00:00:00+00:00, run_after=2022-03-05T00:00:00+00:00
[2023-11-02T23:35:40.299+0000] {processor.py:179} INFO - Processing /home/airflow/.local/lib/python3.8/site-packages/airflow/example_dags/example_dynamic_task_mapping.py took 0.282 seconds
[2023-11-02T23:36:10.441+0000] {processor.py:157} INFO - Started process (PID=1090) to work on /home/airflow/.local/lib/python3.8/site-packages/airflow/example_dags/example_dynamic_task_mapping.py
[2023-11-02T23:36:10.442+0000] {processor.py:829} INFO - Processing file /home/airflow/.local/lib/python3.8/site-packages/airflow/example_dags/example_dynamic_task_mapping.py for tasks to queue
[2023-11-02T23:36:10.444+0000] {logging_mixin.py:151} INFO - [2023-11-02T23:36:10.444+0000] {dagbag.py:536} INFO - Filling up the DagBag from /home/airflow/.local/lib/python3.8/site-packages/airflow/example_dags/example_dynamic_task_mapping.py
[2023-11-02T23:36:10.451+0000] {processor.py:839} INFO - DAG(s) dict_keys(['example_dynamic_task_mapping']) retrieved from /home/airflow/.local/lib/python3.8/site-packages/airflow/example_dags/example_dynamic_task_mapping.py
[2023-11-02T23:36:10.475+0000] {logging_mixin.py:151} INFO - [2023-11-02T23:36:10.474+0000] {dag.py:2941} INFO - Sync 1 DAGs
[2023-11-02T23:36:10.501+0000] {logging_mixin.py:151} INFO - [2023-11-02T23:36:10.501+0000] {dag.py:3722} INFO - Setting next_dagrun for example_dynamic_task_mapping to 2022-03-04T00:00:00+00:00, run_after=2022-03-05T00:00:00+00:00
[2023-11-02T23:36:10.528+0000] {processor.py:179} INFO - Processing /home/airflow/.local/lib/python3.8/site-packages/airflow/example_dags/example_dynamic_task_mapping.py took 0.090 seconds
[2023-11-02T23:36:40.569+0000] {processor.py:157} INFO - Started process (PID=1145) to work on /home/airflow/.local/lib/python3.8/site-packages/airflow/example_dags/example_dynamic_task_mapping.py
[2023-11-02T23:36:40.570+0000] {processor.py:829} INFO - Processing file /home/airflow/.local/lib/python3.8/site-packages/airflow/example_dags/example_dynamic_task_mapping.py for tasks to queue
[2023-11-02T23:36:40.572+0000] {logging_mixin.py:151} INFO - [2023-11-02T23:36:40.572+0000] {dagbag.py:536} INFO - Filling up the DagBag from /home/airflow/.local/lib/python3.8/site-packages/airflow/example_dags/example_dynamic_task_mapping.py
[2023-11-02T23:36:40.579+0000] {processor.py:839} INFO - DAG(s) dict_keys(['example_dynamic_task_mapping']) retrieved from /home/airflow/.local/lib/python3.8/site-packages/airflow/example_dags/example_dynamic_task_mapping.py
[2023-11-02T23:36:40.603+0000] {logging_mixin.py:151} INFO - [2023-11-02T23:36:40.603+0000] {dag.py:2941} INFO - Sync 1 DAGs
[2023-11-02T23:36:40.628+0000] {logging_mixin.py:151} INFO - [2023-11-02T23:36:40.628+0000] {dag.py:3722} INFO - Setting next_dagrun for example_dynamic_task_mapping to 2022-03-04T00:00:00+00:00, run_after=2022-03-05T00:00:00+00:00
[2023-11-02T23:36:40.655+0000] {processor.py:179} INFO - Processing /home/airflow/.local/lib/python3.8/site-packages/airflow/example_dags/example_dynamic_task_mapping.py took 0.089 seconds
[2023-11-02T23:37:12.257+0000] {processor.py:157} INFO - Started process (PID=1199) to work on /home/airflow/.local/lib/python3.8/site-packages/airflow/example_dags/example_dynamic_task_mapping.py
[2023-11-02T23:37:12.259+0000] {processor.py:829} INFO - Processing file /home/airflow/.local/lib/python3.8/site-packages/airflow/example_dags/example_dynamic_task_mapping.py for tasks to queue
[2023-11-02T23:37:12.261+0000] {logging_mixin.py:151} INFO - [2023-11-02T23:37:12.261+0000] {dagbag.py:536} INFO - Filling up the DagBag from /home/airflow/.local/lib/python3.8/site-packages/airflow/example_dags/example_dynamic_task_mapping.py
[2023-11-02T23:37:12.269+0000] {processor.py:839} INFO - DAG(s) dict_keys(['example_dynamic_task_mapping']) retrieved from /home/airflow/.local/lib/python3.8/site-packages/airflow/example_dags/example_dynamic_task_mapping.py
[2023-11-02T23:37:12.307+0000] {logging_mixin.py:151} INFO - [2023-11-02T23:37:12.307+0000] {dag.py:2941} INFO - Sync 1 DAGs
[2023-11-02T23:37:12.336+0000] {logging_mixin.py:151} INFO - [2023-11-02T23:37:12.336+0000] {dag.py:3722} INFO - Setting next_dagrun for example_dynamic_task_mapping to 2022-03-04T00:00:00+00:00, run_after=2022-03-05T00:00:00+00:00
[2023-11-02T23:37:12.362+0000] {processor.py:179} INFO - Processing /home/airflow/.local/lib/python3.8/site-packages/airflow/example_dags/example_dynamic_task_mapping.py took 0.108 seconds
[2023-11-02T23:37:43.440+0000] {processor.py:157} INFO - Started process (PID=1254) to work on /home/airflow/.local/lib/python3.8/site-packages/airflow/example_dags/example_dynamic_task_mapping.py
[2023-11-02T23:37:43.441+0000] {processor.py:829} INFO - Processing file /home/airflow/.local/lib/python3.8/site-packages/airflow/example_dags/example_dynamic_task_mapping.py for tasks to queue
[2023-11-02T23:37:43.444+0000] {logging_mixin.py:151} INFO - [2023-11-02T23:37:43.443+0000] {dagbag.py:536} INFO - Filling up the DagBag from /home/airflow/.local/lib/python3.8/site-packages/airflow/example_dags/example_dynamic_task_mapping.py
[2023-11-02T23:37:43.452+0000] {processor.py:839} INFO - DAG(s) dict_keys(['example_dynamic_task_mapping']) retrieved from /home/airflow/.local/lib/python3.8/site-packages/airflow/example_dags/example_dynamic_task_mapping.py
[2023-11-02T23:37:43.480+0000] {logging_mixin.py:151} INFO - [2023-11-02T23:37:43.480+0000] {dag.py:2941} INFO - Sync 1 DAGs
[2023-11-02T23:37:43.663+0000] {logging_mixin.py:151} INFO - [2023-11-02T23:37:43.663+0000] {dag.py:3722} INFO - Setting next_dagrun for example_dynamic_task_mapping to 2022-03-04T00:00:00+00:00, run_after=2022-03-05T00:00:00+00:00
[2023-11-02T23:37:43.692+0000] {processor.py:179} INFO - Processing /home/airflow/.local/lib/python3.8/site-packages/airflow/example_dags/example_dynamic_task_mapping.py took 0.255 seconds
[2023-11-02T23:38:13.740+0000] {processor.py:157} INFO - Started process (PID=1308) to work on /home/airflow/.local/lib/python3.8/site-packages/airflow/example_dags/example_dynamic_task_mapping.py
[2023-11-02T23:38:13.741+0000] {processor.py:829} INFO - Processing file /home/airflow/.local/lib/python3.8/site-packages/airflow/example_dags/example_dynamic_task_mapping.py for tasks to queue
[2023-11-02T23:38:13.744+0000] {logging_mixin.py:151} INFO - [2023-11-02T23:38:13.743+0000] {dagbag.py:536} INFO - Filling up the DagBag from /home/airflow/.local/lib/python3.8/site-packages/airflow/example_dags/example_dynamic_task_mapping.py
[2023-11-02T23:38:13.751+0000] {processor.py:839} INFO - DAG(s) dict_keys(['example_dynamic_task_mapping']) retrieved from /home/airflow/.local/lib/python3.8/site-packages/airflow/example_dags/example_dynamic_task_mapping.py
[2023-11-02T23:38:13.789+0000] {logging_mixin.py:151} INFO - [2023-11-02T23:38:13.788+0000] {dag.py:2941} INFO - Sync 1 DAGs
[2023-11-02T23:38:13.827+0000] {logging_mixin.py:151} INFO - [2023-11-02T23:38:13.826+0000] {dag.py:3722} INFO - Setting next_dagrun for example_dynamic_task_mapping to 2022-03-04T00:00:00+00:00, run_after=2022-03-05T00:00:00+00:00
[2023-11-02T23:38:13.855+0000] {processor.py:179} INFO - Processing /home/airflow/.local/lib/python3.8/site-packages/airflow/example_dags/example_dynamic_task_mapping.py took 0.119 seconds
[2023-11-02T23:38:44.463+0000] {processor.py:157} INFO - Started process (PID=1362) to work on /home/airflow/.local/lib/python3.8/site-packages/airflow/example_dags/example_dynamic_task_mapping.py
[2023-11-02T23:38:44.465+0000] {processor.py:829} INFO - Processing file /home/airflow/.local/lib/python3.8/site-packages/airflow/example_dags/example_dynamic_task_mapping.py for tasks to queue
[2023-11-02T23:38:44.467+0000] {logging_mixin.py:151} INFO - [2023-11-02T23:38:44.467+0000] {dagbag.py:536} INFO - Filling up the DagBag from /home/airflow/.local/lib/python3.8/site-packages/airflow/example_dags/example_dynamic_task_mapping.py
[2023-11-02T23:38:44.475+0000] {processor.py:839} INFO - DAG(s) dict_keys(['example_dynamic_task_mapping']) retrieved from /home/airflow/.local/lib/python3.8/site-packages/airflow/example_dags/example_dynamic_task_mapping.py
[2023-11-02T23:38:44.504+0000] {logging_mixin.py:151} INFO - [2023-11-02T23:38:44.504+0000] {dag.py:2941} INFO - Sync 1 DAGs
[2023-11-02T23:38:44.529+0000] {logging_mixin.py:151} INFO - [2023-11-02T23:38:44.529+0000] {dag.py:3722} INFO - Setting next_dagrun for example_dynamic_task_mapping to 2022-03-04T00:00:00+00:00, run_after=2022-03-05T00:00:00+00:00
[2023-11-02T23:38:44.557+0000] {processor.py:179} INFO - Processing /home/airflow/.local/lib/python3.8/site-packages/airflow/example_dags/example_dynamic_task_mapping.py took 0.097 seconds
[2023-11-02T23:39:15.488+0000] {processor.py:157} INFO - Started process (PID=1416) to work on /home/airflow/.local/lib/python3.8/site-packages/airflow/example_dags/example_dynamic_task_mapping.py
[2023-11-02T23:39:15.489+0000] {processor.py:829} INFO - Processing file /home/airflow/.local/lib/python3.8/site-packages/airflow/example_dags/example_dynamic_task_mapping.py for tasks to queue
[2023-11-02T23:39:15.491+0000] {logging_mixin.py:151} INFO - [2023-11-02T23:39:15.491+0000] {dagbag.py:536} INFO - Filling up the DagBag from /home/airflow/.local/lib/python3.8/site-packages/airflow/example_dags/example_dynamic_task_mapping.py
[2023-11-02T23:39:15.499+0000] {processor.py:839} INFO - DAG(s) dict_keys(['example_dynamic_task_mapping']) retrieved from /home/airflow/.local/lib/python3.8/site-packages/airflow/example_dags/example_dynamic_task_mapping.py
[2023-11-02T23:39:15.525+0000] {logging_mixin.py:151} INFO - [2023-11-02T23:39:15.525+0000] {dag.py:2941} INFO - Sync 1 DAGs
[2023-11-02T23:39:15.717+0000] {logging_mixin.py:151} INFO - [2023-11-02T23:39:15.717+0000] {dag.py:3722} INFO - Setting next_dagrun for example_dynamic_task_mapping to 2022-03-04T00:00:00+00:00, run_after=2022-03-05T00:00:00+00:00
[2023-11-02T23:39:15.742+0000] {processor.py:179} INFO - Processing /home/airflow/.local/lib/python3.8/site-packages/airflow/example_dags/example_dynamic_task_mapping.py took 0.258 seconds
[2023-11-02T23:39:45.978+0000] {processor.py:157} INFO - Started process (PID=1469) to work on /home/airflow/.local/lib/python3.8/site-packages/airflow/example_dags/example_dynamic_task_mapping.py
[2023-11-02T23:39:45.980+0000] {processor.py:829} INFO - Processing file /home/airflow/.local/lib/python3.8/site-packages/airflow/example_dags/example_dynamic_task_mapping.py for tasks to queue
[2023-11-02T23:39:45.983+0000] {logging_mixin.py:151} INFO - [2023-11-02T23:39:45.982+0000] {dagbag.py:536} INFO - Filling up the DagBag from /home/airflow/.local/lib/python3.8/site-packages/airflow/example_dags/example_dynamic_task_mapping.py
[2023-11-02T23:39:45.993+0000] {processor.py:839} INFO - DAG(s) dict_keys(['example_dynamic_task_mapping']) retrieved from /home/airflow/.local/lib/python3.8/site-packages/airflow/example_dags/example_dynamic_task_mapping.py
[2023-11-02T23:39:46.023+0000] {logging_mixin.py:151} INFO - [2023-11-02T23:39:46.023+0000] {dag.py:2941} INFO - Sync 1 DAGs
[2023-11-02T23:39:46.052+0000] {logging_mixin.py:151} INFO - [2023-11-02T23:39:46.051+0000] {dag.py:3722} INFO - Setting next_dagrun for example_dynamic_task_mapping to 2022-03-04T00:00:00+00:00, run_after=2022-03-05T00:00:00+00:00
[2023-11-02T23:39:46.269+0000] {processor.py:179} INFO - Processing /home/airflow/.local/lib/python3.8/site-packages/airflow/example_dags/example_dynamic_task_mapping.py took 0.295 seconds
[2023-11-02T23:40:17.109+0000] {processor.py:157} INFO - Started process (PID=1522) to work on /home/airflow/.local/lib/python3.8/site-packages/airflow/example_dags/example_dynamic_task_mapping.py
[2023-11-02T23:40:17.110+0000] {processor.py:829} INFO - Processing file /home/airflow/.local/lib/python3.8/site-packages/airflow/example_dags/example_dynamic_task_mapping.py for tasks to queue
[2023-11-02T23:40:17.112+0000] {logging_mixin.py:151} INFO - [2023-11-02T23:40:17.112+0000] {dagbag.py:536} INFO - Filling up the DagBag from /home/airflow/.local/lib/python3.8/site-packages/airflow/example_dags/example_dynamic_task_mapping.py
[2023-11-02T23:40:17.128+0000] {processor.py:839} INFO - DAG(s) dict_keys(['example_dynamic_task_mapping']) retrieved from /home/airflow/.local/lib/python3.8/site-packages/airflow/example_dags/example_dynamic_task_mapping.py
[2023-11-02T23:40:17.182+0000] {logging_mixin.py:151} INFO - [2023-11-02T23:40:17.181+0000] {dag.py:2941} INFO - Sync 1 DAGs
[2023-11-02T23:40:17.213+0000] {logging_mixin.py:151} INFO - [2023-11-02T23:40:17.212+0000] {dag.py:3722} INFO - Setting next_dagrun for example_dynamic_task_mapping to 2022-03-04T00:00:00+00:00, run_after=2022-03-05T00:00:00+00:00
[2023-11-02T23:40:17.241+0000] {processor.py:179} INFO - Processing /home/airflow/.local/lib/python3.8/site-packages/airflow/example_dags/example_dynamic_task_mapping.py took 0.137 seconds
[2023-11-02T23:40:47.524+0000] {processor.py:157} INFO - Started process (PID=1576) to work on /home/airflow/.local/lib/python3.8/site-packages/airflow/example_dags/example_dynamic_task_mapping.py
[2023-11-02T23:40:47.526+0000] {processor.py:829} INFO - Processing file /home/airflow/.local/lib/python3.8/site-packages/airflow/example_dags/example_dynamic_task_mapping.py for tasks to queue
[2023-11-02T23:40:47.528+0000] {logging_mixin.py:151} INFO - [2023-11-02T23:40:47.528+0000] {dagbag.py:536} INFO - Filling up the DagBag from /home/airflow/.local/lib/python3.8/site-packages/airflow/example_dags/example_dynamic_task_mapping.py
[2023-11-02T23:40:47.537+0000] {processor.py:839} INFO - DAG(s) dict_keys(['example_dynamic_task_mapping']) retrieved from /home/airflow/.local/lib/python3.8/site-packages/airflow/example_dags/example_dynamic_task_mapping.py
[2023-11-02T23:40:47.723+0000] {logging_mixin.py:151} INFO - [2023-11-02T23:40:47.722+0000] {dag.py:2941} INFO - Sync 1 DAGs
[2023-11-02T23:40:47.745+0000] {logging_mixin.py:151} INFO - [2023-11-02T23:40:47.745+0000] {dag.py:3722} INFO - Setting next_dagrun for example_dynamic_task_mapping to 2022-03-04T00:00:00+00:00, run_after=2022-03-05T00:00:00+00:00
[2023-11-02T23:40:47.772+0000] {processor.py:179} INFO - Processing /home/airflow/.local/lib/python3.8/site-packages/airflow/example_dags/example_dynamic_task_mapping.py took 0.252 seconds
[2023-11-02T23:41:18.137+0000] {processor.py:157} INFO - Started process (PID=1630) to work on /home/airflow/.local/lib/python3.8/site-packages/airflow/example_dags/example_dynamic_task_mapping.py
[2023-11-02T23:41:18.138+0000] {processor.py:829} INFO - Processing file /home/airflow/.local/lib/python3.8/site-packages/airflow/example_dags/example_dynamic_task_mapping.py for tasks to queue
[2023-11-02T23:41:18.141+0000] {logging_mixin.py:151} INFO - [2023-11-02T23:41:18.140+0000] {dagbag.py:536} INFO - Filling up the DagBag from /home/airflow/.local/lib/python3.8/site-packages/airflow/example_dags/example_dynamic_task_mapping.py
[2023-11-02T23:41:18.148+0000] {processor.py:839} INFO - DAG(s) dict_keys(['example_dynamic_task_mapping']) retrieved from /home/airflow/.local/lib/python3.8/site-packages/airflow/example_dags/example_dynamic_task_mapping.py
[2023-11-02T23:41:18.176+0000] {logging_mixin.py:151} INFO - [2023-11-02T23:41:18.175+0000] {dag.py:2941} INFO - Sync 1 DAGs
[2023-11-02T23:41:18.201+0000] {logging_mixin.py:151} INFO - [2023-11-02T23:41:18.200+0000] {dag.py:3722} INFO - Setting next_dagrun for example_dynamic_task_mapping to 2022-03-04T00:00:00+00:00, run_after=2022-03-05T00:00:00+00:00
[2023-11-02T23:41:18.226+0000] {processor.py:179} INFO - Processing /home/airflow/.local/lib/python3.8/site-packages/airflow/example_dags/example_dynamic_task_mapping.py took 0.093 seconds
[2023-11-02T23:41:48.333+0000] {processor.py:157} INFO - Started process (PID=1684) to work on /home/airflow/.local/lib/python3.8/site-packages/airflow/example_dags/example_dynamic_task_mapping.py
[2023-11-02T23:41:48.334+0000] {processor.py:829} INFO - Processing file /home/airflow/.local/lib/python3.8/site-packages/airflow/example_dags/example_dynamic_task_mapping.py for tasks to queue
[2023-11-02T23:41:48.336+0000] {logging_mixin.py:151} INFO - [2023-11-02T23:41:48.336+0000] {dagbag.py:536} INFO - Filling up the DagBag from /home/airflow/.local/lib/python3.8/site-packages/airflow/example_dags/example_dynamic_task_mapping.py
[2023-11-02T23:41:48.344+0000] {processor.py:839} INFO - DAG(s) dict_keys(['example_dynamic_task_mapping']) retrieved from /home/airflow/.local/lib/python3.8/site-packages/airflow/example_dags/example_dynamic_task_mapping.py
[2023-11-02T23:41:48.376+0000] {logging_mixin.py:151} INFO - [2023-11-02T23:41:48.376+0000] {dag.py:2941} INFO - Sync 1 DAGs
[2023-11-02T23:41:48.404+0000] {logging_mixin.py:151} INFO - [2023-11-02T23:41:48.403+0000] {dag.py:3722} INFO - Setting next_dagrun for example_dynamic_task_mapping to 2022-03-04T00:00:00+00:00, run_after=2022-03-05T00:00:00+00:00
[2023-11-02T23:41:48.439+0000] {processor.py:179} INFO - Processing /home/airflow/.local/lib/python3.8/site-packages/airflow/example_dags/example_dynamic_task_mapping.py took 0.109 seconds
[2023-11-02T23:42:18.615+0000] {processor.py:157} INFO - Started process (PID=1738) to work on /home/airflow/.local/lib/python3.8/site-packages/airflow/example_dags/example_dynamic_task_mapping.py
[2023-11-02T23:42:18.616+0000] {processor.py:829} INFO - Processing file /home/airflow/.local/lib/python3.8/site-packages/airflow/example_dags/example_dynamic_task_mapping.py for tasks to queue
[2023-11-02T23:42:18.619+0000] {logging_mixin.py:151} INFO - [2023-11-02T23:42:18.618+0000] {dagbag.py:536} INFO - Filling up the DagBag from /home/airflow/.local/lib/python3.8/site-packages/airflow/example_dags/example_dynamic_task_mapping.py
[2023-11-02T23:42:18.626+0000] {processor.py:839} INFO - DAG(s) dict_keys(['example_dynamic_task_mapping']) retrieved from /home/airflow/.local/lib/python3.8/site-packages/airflow/example_dags/example_dynamic_task_mapping.py
[2023-11-02T23:42:18.652+0000] {logging_mixin.py:151} INFO - [2023-11-02T23:42:18.652+0000] {dag.py:2941} INFO - Sync 1 DAGs
[2023-11-02T23:42:18.676+0000] {logging_mixin.py:151} INFO - [2023-11-02T23:42:18.676+0000] {dag.py:3722} INFO - Setting next_dagrun for example_dynamic_task_mapping to 2022-03-04T00:00:00+00:00, run_after=2022-03-05T00:00:00+00:00
[2023-11-02T23:42:18.702+0000] {processor.py:179} INFO - Processing /home/airflow/.local/lib/python3.8/site-packages/airflow/example_dags/example_dynamic_task_mapping.py took 0.090 seconds
[2023-11-02T23:42:48.849+0000] {processor.py:157} INFO - Started process (PID=1792) to work on /home/airflow/.local/lib/python3.8/site-packages/airflow/example_dags/example_dynamic_task_mapping.py
[2023-11-02T23:42:48.850+0000] {processor.py:829} INFO - Processing file /home/airflow/.local/lib/python3.8/site-packages/airflow/example_dags/example_dynamic_task_mapping.py for tasks to queue
[2023-11-02T23:42:48.853+0000] {logging_mixin.py:151} INFO - [2023-11-02T23:42:48.852+0000] {dagbag.py:536} INFO - Filling up the DagBag from /home/airflow/.local/lib/python3.8/site-packages/airflow/example_dags/example_dynamic_task_mapping.py
[2023-11-02T23:42:48.861+0000] {processor.py:839} INFO - DAG(s) dict_keys(['example_dynamic_task_mapping']) retrieved from /home/airflow/.local/lib/python3.8/site-packages/airflow/example_dags/example_dynamic_task_mapping.py
[2023-11-02T23:42:48.894+0000] {logging_mixin.py:151} INFO - [2023-11-02T23:42:48.894+0000] {dag.py:2941} INFO - Sync 1 DAGs
[2023-11-02T23:42:48.923+0000] {logging_mixin.py:151} INFO - [2023-11-02T23:42:48.922+0000] {dag.py:3722} INFO - Setting next_dagrun for example_dynamic_task_mapping to 2022-03-04T00:00:00+00:00, run_after=2022-03-05T00:00:00+00:00
[2023-11-02T23:42:48.949+0000] {processor.py:179} INFO - Processing /home/airflow/.local/lib/python3.8/site-packages/airflow/example_dags/example_dynamic_task_mapping.py took 0.104 seconds
[2023-11-02T23:43:19.128+0000] {processor.py:157} INFO - Started process (PID=1846) to work on /home/airflow/.local/lib/python3.8/site-packages/airflow/example_dags/example_dynamic_task_mapping.py
[2023-11-02T23:43:19.129+0000] {processor.py:829} INFO - Processing file /home/airflow/.local/lib/python3.8/site-packages/airflow/example_dags/example_dynamic_task_mapping.py for tasks to queue
[2023-11-02T23:43:19.131+0000] {logging_mixin.py:151} INFO - [2023-11-02T23:43:19.131+0000] {dagbag.py:536} INFO - Filling up the DagBag from /home/airflow/.local/lib/python3.8/site-packages/airflow/example_dags/example_dynamic_task_mapping.py
[2023-11-02T23:43:19.138+0000] {processor.py:839} INFO - DAG(s) dict_keys(['example_dynamic_task_mapping']) retrieved from /home/airflow/.local/lib/python3.8/site-packages/airflow/example_dags/example_dynamic_task_mapping.py
[2023-11-02T23:43:19.162+0000] {logging_mixin.py:151} INFO - [2023-11-02T23:43:19.162+0000] {dag.py:2941} INFO - Sync 1 DAGs
[2023-11-02T23:43:19.185+0000] {logging_mixin.py:151} INFO - [2023-11-02T23:43:19.185+0000] {dag.py:3722} INFO - Setting next_dagrun for example_dynamic_task_mapping to 2022-03-04T00:00:00+00:00, run_after=2022-03-05T00:00:00+00:00
[2023-11-02T23:43:19.210+0000] {processor.py:179} INFO - Processing /home/airflow/.local/lib/python3.8/site-packages/airflow/example_dags/example_dynamic_task_mapping.py took 0.086 seconds
[2023-11-02T23:43:49.304+0000] {processor.py:157} INFO - Started process (PID=1900) to work on /home/airflow/.local/lib/python3.8/site-packages/airflow/example_dags/example_dynamic_task_mapping.py
[2023-11-02T23:43:49.305+0000] {processor.py:829} INFO - Processing file /home/airflow/.local/lib/python3.8/site-packages/airflow/example_dags/example_dynamic_task_mapping.py for tasks to queue
[2023-11-02T23:43:49.307+0000] {logging_mixin.py:151} INFO - [2023-11-02T23:43:49.307+0000] {dagbag.py:536} INFO - Filling up the DagBag from /home/airflow/.local/lib/python3.8/site-packages/airflow/example_dags/example_dynamic_task_mapping.py
[2023-11-02T23:43:49.314+0000] {processor.py:839} INFO - DAG(s) dict_keys(['example_dynamic_task_mapping']) retrieved from /home/airflow/.local/lib/python3.8/site-packages/airflow/example_dags/example_dynamic_task_mapping.py
[2023-11-02T23:43:49.341+0000] {logging_mixin.py:151} INFO - [2023-11-02T23:43:49.341+0000] {dag.py:2941} INFO - Sync 1 DAGs
[2023-11-02T23:43:49.370+0000] {logging_mixin.py:151} INFO - [2023-11-02T23:43:49.370+0000] {dag.py:3722} INFO - Setting next_dagrun for example_dynamic_task_mapping to 2022-03-04T00:00:00+00:00, run_after=2022-03-05T00:00:00+00:00
[2023-11-02T23:43:49.395+0000] {processor.py:179} INFO - Processing /home/airflow/.local/lib/python3.8/site-packages/airflow/example_dags/example_dynamic_task_mapping.py took 0.095 seconds
[2023-11-02T23:44:19.528+0000] {processor.py:157} INFO - Started process (PID=1954) to work on /home/airflow/.local/lib/python3.8/site-packages/airflow/example_dags/example_dynamic_task_mapping.py
[2023-11-02T23:44:19.530+0000] {processor.py:829} INFO - Processing file /home/airflow/.local/lib/python3.8/site-packages/airflow/example_dags/example_dynamic_task_mapping.py for tasks to queue
[2023-11-02T23:44:19.532+0000] {logging_mixin.py:151} INFO - [2023-11-02T23:44:19.532+0000] {dagbag.py:536} INFO - Filling up the DagBag from /home/airflow/.local/lib/python3.8/site-packages/airflow/example_dags/example_dynamic_task_mapping.py
[2023-11-02T23:44:19.540+0000] {processor.py:839} INFO - DAG(s) dict_keys(['example_dynamic_task_mapping']) retrieved from /home/airflow/.local/lib/python3.8/site-packages/airflow/example_dags/example_dynamic_task_mapping.py
[2023-11-02T23:44:19.565+0000] {logging_mixin.py:151} INFO - [2023-11-02T23:44:19.565+0000] {dag.py:2941} INFO - Sync 1 DAGs
[2023-11-02T23:44:19.590+0000] {logging_mixin.py:151} INFO - [2023-11-02T23:44:19.590+0000] {dag.py:3722} INFO - Setting next_dagrun for example_dynamic_task_mapping to 2022-03-04T00:00:00+00:00, run_after=2022-03-05T00:00:00+00:00
[2023-11-02T23:44:19.617+0000] {processor.py:179} INFO - Processing /home/airflow/.local/lib/python3.8/site-packages/airflow/example_dags/example_dynamic_task_mapping.py took 0.092 seconds
[2023-11-02T23:44:49.787+0000] {processor.py:157} INFO - Started process (PID=2008) to work on /home/airflow/.local/lib/python3.8/site-packages/airflow/example_dags/example_dynamic_task_mapping.py
[2023-11-02T23:44:49.789+0000] {processor.py:829} INFO - Processing file /home/airflow/.local/lib/python3.8/site-packages/airflow/example_dags/example_dynamic_task_mapping.py for tasks to queue
[2023-11-02T23:44:49.795+0000] {logging_mixin.py:151} INFO - [2023-11-02T23:44:49.794+0000] {dagbag.py:536} INFO - Filling up the DagBag from /home/airflow/.local/lib/python3.8/site-packages/airflow/example_dags/example_dynamic_task_mapping.py
[2023-11-02T23:44:49.804+0000] {processor.py:839} INFO - DAG(s) dict_keys(['example_dynamic_task_mapping']) retrieved from /home/airflow/.local/lib/python3.8/site-packages/airflow/example_dags/example_dynamic_task_mapping.py
[2023-11-02T23:44:49.841+0000] {logging_mixin.py:151} INFO - [2023-11-02T23:44:49.840+0000] {dag.py:2941} INFO - Sync 1 DAGs
[2023-11-02T23:44:49.879+0000] {logging_mixin.py:151} INFO - [2023-11-02T23:44:49.879+0000] {dag.py:3722} INFO - Setting next_dagrun for example_dynamic_task_mapping to 2022-03-04T00:00:00+00:00, run_after=2022-03-05T00:00:00+00:00
[2023-11-02T23:44:49.915+0000] {processor.py:179} INFO - Processing /home/airflow/.local/lib/python3.8/site-packages/airflow/example_dags/example_dynamic_task_mapping.py took 0.132 seconds
[2023-11-02T23:45:20.473+0000] {processor.py:157} INFO - Started process (PID=2062) to work on /home/airflow/.local/lib/python3.8/site-packages/airflow/example_dags/example_dynamic_task_mapping.py
[2023-11-02T23:45:20.475+0000] {processor.py:829} INFO - Processing file /home/airflow/.local/lib/python3.8/site-packages/airflow/example_dags/example_dynamic_task_mapping.py for tasks to queue
[2023-11-02T23:45:20.477+0000] {logging_mixin.py:151} INFO - [2023-11-02T23:45:20.477+0000] {dagbag.py:536} INFO - Filling up the DagBag from /home/airflow/.local/lib/python3.8/site-packages/airflow/example_dags/example_dynamic_task_mapping.py
[2023-11-02T23:45:20.484+0000] {processor.py:839} INFO - DAG(s) dict_keys(['example_dynamic_task_mapping']) retrieved from /home/airflow/.local/lib/python3.8/site-packages/airflow/example_dags/example_dynamic_task_mapping.py
[2023-11-02T23:45:20.508+0000] {logging_mixin.py:151} INFO - [2023-11-02T23:45:20.508+0000] {dag.py:2941} INFO - Sync 1 DAGs
[2023-11-02T23:45:20.532+0000] {logging_mixin.py:151} INFO - [2023-11-02T23:45:20.532+0000] {dag.py:3722} INFO - Setting next_dagrun for example_dynamic_task_mapping to 2022-03-04T00:00:00+00:00, run_after=2022-03-05T00:00:00+00:00
[2023-11-02T23:45:20.559+0000] {processor.py:179} INFO - Processing /home/airflow/.local/lib/python3.8/site-packages/airflow/example_dags/example_dynamic_task_mapping.py took 0.089 seconds
[2023-11-02T23:45:50.657+0000] {processor.py:157} INFO - Started process (PID=2116) to work on /home/airflow/.local/lib/python3.8/site-packages/airflow/example_dags/example_dynamic_task_mapping.py
[2023-11-02T23:45:50.658+0000] {processor.py:829} INFO - Processing file /home/airflow/.local/lib/python3.8/site-packages/airflow/example_dags/example_dynamic_task_mapping.py for tasks to queue
[2023-11-02T23:45:50.661+0000] {logging_mixin.py:151} INFO - [2023-11-02T23:45:50.660+0000] {dagbag.py:536} INFO - Filling up the DagBag from /home/airflow/.local/lib/python3.8/site-packages/airflow/example_dags/example_dynamic_task_mapping.py
[2023-11-02T23:45:50.668+0000] {processor.py:839} INFO - DAG(s) dict_keys(['example_dynamic_task_mapping']) retrieved from /home/airflow/.local/lib/python3.8/site-packages/airflow/example_dags/example_dynamic_task_mapping.py
[2023-11-02T23:45:50.694+0000] {logging_mixin.py:151} INFO - [2023-11-02T23:45:50.694+0000] {dag.py:2941} INFO - Sync 1 DAGs
[2023-11-02T23:45:50.720+0000] {logging_mixin.py:151} INFO - [2023-11-02T23:45:50.719+0000] {dag.py:3722} INFO - Setting next_dagrun for example_dynamic_task_mapping to 2022-03-04T00:00:00+00:00, run_after=2022-03-05T00:00:00+00:00
[2023-11-02T23:45:50.744+0000] {processor.py:179} INFO - Processing /home/airflow/.local/lib/python3.8/site-packages/airflow/example_dags/example_dynamic_task_mapping.py took 0.091 seconds
[2023-11-02T23:46:20.862+0000] {processor.py:157} INFO - Started process (PID=2170) to work on /home/airflow/.local/lib/python3.8/site-packages/airflow/example_dags/example_dynamic_task_mapping.py
[2023-11-02T23:46:20.863+0000] {processor.py:829} INFO - Processing file /home/airflow/.local/lib/python3.8/site-packages/airflow/example_dags/example_dynamic_task_mapping.py for tasks to queue
[2023-11-02T23:46:20.866+0000] {logging_mixin.py:151} INFO - [2023-11-02T23:46:20.865+0000] {dagbag.py:536} INFO - Filling up the DagBag from /home/airflow/.local/lib/python3.8/site-packages/airflow/example_dags/example_dynamic_task_mapping.py
[2023-11-02T23:46:20.874+0000] {processor.py:839} INFO - DAG(s) dict_keys(['example_dynamic_task_mapping']) retrieved from /home/airflow/.local/lib/python3.8/site-packages/airflow/example_dags/example_dynamic_task_mapping.py
[2023-11-02T23:46:20.902+0000] {logging_mixin.py:151} INFO - [2023-11-02T23:46:20.901+0000] {dag.py:2941} INFO - Sync 1 DAGs
[2023-11-02T23:46:20.928+0000] {logging_mixin.py:151} INFO - [2023-11-02T23:46:20.927+0000] {dag.py:3722} INFO - Setting next_dagrun for example_dynamic_task_mapping to 2022-03-04T00:00:00+00:00, run_after=2022-03-05T00:00:00+00:00
[2023-11-02T23:46:20.953+0000] {processor.py:179} INFO - Processing /home/airflow/.local/lib/python3.8/site-packages/airflow/example_dags/example_dynamic_task_mapping.py took 0.095 seconds
[2023-11-02T23:46:51.190+0000] {processor.py:157} INFO - Started process (PID=2224) to work on /home/airflow/.local/lib/python3.8/site-packages/airflow/example_dags/example_dynamic_task_mapping.py
[2023-11-02T23:46:51.192+0000] {processor.py:829} INFO - Processing file /home/airflow/.local/lib/python3.8/site-packages/airflow/example_dags/example_dynamic_task_mapping.py for tasks to queue
[2023-11-02T23:46:51.194+0000] {logging_mixin.py:151} INFO - [2023-11-02T23:46:51.194+0000] {dagbag.py:536} INFO - Filling up the DagBag from /home/airflow/.local/lib/python3.8/site-packages/airflow/example_dags/example_dynamic_task_mapping.py
[2023-11-02T23:46:51.203+0000] {processor.py:839} INFO - DAG(s) dict_keys(['example_dynamic_task_mapping']) retrieved from /home/airflow/.local/lib/python3.8/site-packages/airflow/example_dags/example_dynamic_task_mapping.py
[2023-11-02T23:46:51.226+0000] {logging_mixin.py:151} INFO - [2023-11-02T23:46:51.225+0000] {dag.py:2941} INFO - Sync 1 DAGs
[2023-11-02T23:46:51.248+0000] {logging_mixin.py:151} INFO - [2023-11-02T23:46:51.248+0000] {dag.py:3722} INFO - Setting next_dagrun for example_dynamic_task_mapping to 2022-03-04T00:00:00+00:00, run_after=2022-03-05T00:00:00+00:00
[2023-11-02T23:46:51.273+0000] {processor.py:179} INFO - Processing /home/airflow/.local/lib/python3.8/site-packages/airflow/example_dags/example_dynamic_task_mapping.py took 0.086 seconds
[2023-11-02T23:47:21.384+0000] {processor.py:157} INFO - Started process (PID=2277) to work on /home/airflow/.local/lib/python3.8/site-packages/airflow/example_dags/example_dynamic_task_mapping.py
[2023-11-02T23:47:21.385+0000] {processor.py:829} INFO - Processing file /home/airflow/.local/lib/python3.8/site-packages/airflow/example_dags/example_dynamic_task_mapping.py for tasks to queue
[2023-11-02T23:47:21.387+0000] {logging_mixin.py:151} INFO - [2023-11-02T23:47:21.387+0000] {dagbag.py:536} INFO - Filling up the DagBag from /home/airflow/.local/lib/python3.8/site-packages/airflow/example_dags/example_dynamic_task_mapping.py
[2023-11-02T23:47:21.394+0000] {processor.py:839} INFO - DAG(s) dict_keys(['example_dynamic_task_mapping']) retrieved from /home/airflow/.local/lib/python3.8/site-packages/airflow/example_dags/example_dynamic_task_mapping.py
[2023-11-02T23:47:21.419+0000] {logging_mixin.py:151} INFO - [2023-11-02T23:47:21.418+0000] {dag.py:2941} INFO - Sync 1 DAGs
[2023-11-02T23:47:21.444+0000] {logging_mixin.py:151} INFO - [2023-11-02T23:47:21.444+0000] {dag.py:3722} INFO - Setting next_dagrun for example_dynamic_task_mapping to 2022-03-04T00:00:00+00:00, run_after=2022-03-05T00:00:00+00:00
[2023-11-02T23:47:21.466+0000] {processor.py:179} INFO - Processing /home/airflow/.local/lib/python3.8/site-packages/airflow/example_dags/example_dynamic_task_mapping.py took 0.086 seconds
[2023-11-02T23:47:51.596+0000] {processor.py:157} INFO - Started process (PID=2331) to work on /home/airflow/.local/lib/python3.8/site-packages/airflow/example_dags/example_dynamic_task_mapping.py
[2023-11-02T23:47:51.598+0000] {processor.py:829} INFO - Processing file /home/airflow/.local/lib/python3.8/site-packages/airflow/example_dags/example_dynamic_task_mapping.py for tasks to queue
[2023-11-02T23:47:51.602+0000] {logging_mixin.py:151} INFO - [2023-11-02T23:47:51.601+0000] {dagbag.py:536} INFO - Filling up the DagBag from /home/airflow/.local/lib/python3.8/site-packages/airflow/example_dags/example_dynamic_task_mapping.py
[2023-11-02T23:47:51.611+0000] {processor.py:839} INFO - DAG(s) dict_keys(['example_dynamic_task_mapping']) retrieved from /home/airflow/.local/lib/python3.8/site-packages/airflow/example_dags/example_dynamic_task_mapping.py
[2023-11-02T23:47:51.642+0000] {logging_mixin.py:151} INFO - [2023-11-02T23:47:51.642+0000] {dag.py:2941} INFO - Sync 1 DAGs
[2023-11-02T23:47:51.674+0000] {logging_mixin.py:151} INFO - [2023-11-02T23:47:51.674+0000] {dag.py:3722} INFO - Setting next_dagrun for example_dynamic_task_mapping to 2022-03-04T00:00:00+00:00, run_after=2022-03-05T00:00:00+00:00
[2023-11-02T23:47:51.721+0000] {processor.py:179} INFO - Processing /home/airflow/.local/lib/python3.8/site-packages/airflow/example_dags/example_dynamic_task_mapping.py took 0.130 seconds
[2023-11-02T23:49:00.254+0000] {processor.py:157} INFO - Started process (PID=62) to work on /home/airflow/.local/lib/python3.8/site-packages/airflow/example_dags/example_dynamic_task_mapping.py
[2023-11-02T23:49:00.255+0000] {processor.py:829} INFO - Processing file /home/airflow/.local/lib/python3.8/site-packages/airflow/example_dags/example_dynamic_task_mapping.py for tasks to queue
[2023-11-02T23:49:00.258+0000] {logging_mixin.py:151} INFO - [2023-11-02T23:49:00.257+0000] {dagbag.py:536} INFO - Filling up the DagBag from /home/airflow/.local/lib/python3.8/site-packages/airflow/example_dags/example_dynamic_task_mapping.py
[2023-11-02T23:49:00.275+0000] {processor.py:839} INFO - DAG(s) dict_keys(['example_dynamic_task_mapping']) retrieved from /home/airflow/.local/lib/python3.8/site-packages/airflow/example_dags/example_dynamic_task_mapping.py
[2023-11-02T23:49:00.305+0000] {logging_mixin.py:151} INFO - [2023-11-02T23:49:00.304+0000] {dag.py:2941} INFO - Sync 1 DAGs
[2023-11-02T23:49:00.347+0000] {logging_mixin.py:151} INFO - [2023-11-02T23:49:00.346+0000] {dag.py:3722} INFO - Setting next_dagrun for example_dynamic_task_mapping to 2022-03-04T00:00:00+00:00, run_after=2022-03-05T00:00:00+00:00
[2023-11-02T23:49:00.377+0000] {processor.py:179} INFO - Processing /home/airflow/.local/lib/python3.8/site-packages/airflow/example_dags/example_dynamic_task_mapping.py took 0.128 seconds
[2023-11-02T23:49:30.749+0000] {processor.py:157} INFO - Started process (PID=116) to work on /home/airflow/.local/lib/python3.8/site-packages/airflow/example_dags/example_dynamic_task_mapping.py
[2023-11-02T23:49:30.750+0000] {processor.py:829} INFO - Processing file /home/airflow/.local/lib/python3.8/site-packages/airflow/example_dags/example_dynamic_task_mapping.py for tasks to queue
[2023-11-02T23:49:30.753+0000] {logging_mixin.py:151} INFO - [2023-11-02T23:49:30.752+0000] {dagbag.py:536} INFO - Filling up the DagBag from /home/airflow/.local/lib/python3.8/site-packages/airflow/example_dags/example_dynamic_task_mapping.py
[2023-11-02T23:49:30.761+0000] {processor.py:839} INFO - DAG(s) dict_keys(['example_dynamic_task_mapping']) retrieved from /home/airflow/.local/lib/python3.8/site-packages/airflow/example_dags/example_dynamic_task_mapping.py
[2023-11-02T23:49:30.790+0000] {logging_mixin.py:151} INFO - [2023-11-02T23:49:30.790+0000] {dag.py:2941} INFO - Sync 1 DAGs
[2023-11-02T23:49:30.816+0000] {logging_mixin.py:151} INFO - [2023-11-02T23:49:30.816+0000] {dag.py:3722} INFO - Setting next_dagrun for example_dynamic_task_mapping to 2022-03-04T00:00:00+00:00, run_after=2022-03-05T00:00:00+00:00
[2023-11-02T23:49:30.839+0000] {processor.py:179} INFO - Processing /home/airflow/.local/lib/python3.8/site-packages/airflow/example_dags/example_dynamic_task_mapping.py took 0.092 seconds
[2023-11-02T23:50:00.978+0000] {processor.py:157} INFO - Started process (PID=170) to work on /home/airflow/.local/lib/python3.8/site-packages/airflow/example_dags/example_dynamic_task_mapping.py
[2023-11-02T23:50:00.979+0000] {processor.py:829} INFO - Processing file /home/airflow/.local/lib/python3.8/site-packages/airflow/example_dags/example_dynamic_task_mapping.py for tasks to queue
[2023-11-02T23:50:00.982+0000] {logging_mixin.py:151} INFO - [2023-11-02T23:50:00.981+0000] {dagbag.py:536} INFO - Filling up the DagBag from /home/airflow/.local/lib/python3.8/site-packages/airflow/example_dags/example_dynamic_task_mapping.py
[2023-11-02T23:50:00.989+0000] {processor.py:839} INFO - DAG(s) dict_keys(['example_dynamic_task_mapping']) retrieved from /home/airflow/.local/lib/python3.8/site-packages/airflow/example_dags/example_dynamic_task_mapping.py
[2023-11-02T23:50:01.014+0000] {logging_mixin.py:151} INFO - [2023-11-02T23:50:01.014+0000] {dag.py:2941} INFO - Sync 1 DAGs
[2023-11-02T23:50:01.041+0000] {logging_mixin.py:151} INFO - [2023-11-02T23:50:01.041+0000] {dag.py:3722} INFO - Setting next_dagrun for example_dynamic_task_mapping to 2022-03-04T00:00:00+00:00, run_after=2022-03-05T00:00:00+00:00
[2023-11-02T23:50:01.070+0000] {processor.py:179} INFO - Processing /home/airflow/.local/lib/python3.8/site-packages/airflow/example_dags/example_dynamic_task_mapping.py took 0.097 seconds
[2023-11-02T23:50:31.306+0000] {processor.py:157} INFO - Started process (PID=224) to work on /home/airflow/.local/lib/python3.8/site-packages/airflow/example_dags/example_dynamic_task_mapping.py
[2023-11-02T23:50:31.307+0000] {processor.py:829} INFO - Processing file /home/airflow/.local/lib/python3.8/site-packages/airflow/example_dags/example_dynamic_task_mapping.py for tasks to queue
[2023-11-02T23:50:31.309+0000] {logging_mixin.py:151} INFO - [2023-11-02T23:50:31.309+0000] {dagbag.py:536} INFO - Filling up the DagBag from /home/airflow/.local/lib/python3.8/site-packages/airflow/example_dags/example_dynamic_task_mapping.py
[2023-11-02T23:50:31.316+0000] {processor.py:839} INFO - DAG(s) dict_keys(['example_dynamic_task_mapping']) retrieved from /home/airflow/.local/lib/python3.8/site-packages/airflow/example_dags/example_dynamic_task_mapping.py
[2023-11-02T23:50:31.342+0000] {logging_mixin.py:151} INFO - [2023-11-02T23:50:31.341+0000] {dag.py:2941} INFO - Sync 1 DAGs
[2023-11-02T23:50:31.368+0000] {logging_mixin.py:151} INFO - [2023-11-02T23:50:31.368+0000] {dag.py:3722} INFO - Setting next_dagrun for example_dynamic_task_mapping to 2022-03-04T00:00:00+00:00, run_after=2022-03-05T00:00:00+00:00
[2023-11-02T23:50:31.397+0000] {processor.py:179} INFO - Processing /home/airflow/.local/lib/python3.8/site-packages/airflow/example_dags/example_dynamic_task_mapping.py took 0.094 seconds
[2023-11-02T23:51:01.826+0000] {processor.py:157} INFO - Started process (PID=278) to work on /home/airflow/.local/lib/python3.8/site-packages/airflow/example_dags/example_dynamic_task_mapping.py
[2023-11-02T23:51:01.828+0000] {processor.py:829} INFO - Processing file /home/airflow/.local/lib/python3.8/site-packages/airflow/example_dags/example_dynamic_task_mapping.py for tasks to queue
[2023-11-02T23:51:01.830+0000] {logging_mixin.py:151} INFO - [2023-11-02T23:51:01.830+0000] {dagbag.py:536} INFO - Filling up the DagBag from /home/airflow/.local/lib/python3.8/site-packages/airflow/example_dags/example_dynamic_task_mapping.py
[2023-11-02T23:51:01.837+0000] {processor.py:839} INFO - DAG(s) dict_keys(['example_dynamic_task_mapping']) retrieved from /home/airflow/.local/lib/python3.8/site-packages/airflow/example_dags/example_dynamic_task_mapping.py
[2023-11-02T23:51:01.866+0000] {logging_mixin.py:151} INFO - [2023-11-02T23:51:01.865+0000] {dag.py:2941} INFO - Sync 1 DAGs
[2023-11-02T23:51:01.895+0000] {logging_mixin.py:151} INFO - [2023-11-02T23:51:01.895+0000] {dag.py:3722} INFO - Setting next_dagrun for example_dynamic_task_mapping to 2022-03-04T00:00:00+00:00, run_after=2022-03-05T00:00:00+00:00
[2023-11-02T23:51:01.923+0000] {processor.py:179} INFO - Processing /home/airflow/.local/lib/python3.8/site-packages/airflow/example_dags/example_dynamic_task_mapping.py took 0.100 seconds
[2023-11-02T23:51:32.089+0000] {processor.py:157} INFO - Started process (PID=332) to work on /home/airflow/.local/lib/python3.8/site-packages/airflow/example_dags/example_dynamic_task_mapping.py
[2023-11-02T23:51:32.091+0000] {processor.py:829} INFO - Processing file /home/airflow/.local/lib/python3.8/site-packages/airflow/example_dags/example_dynamic_task_mapping.py for tasks to queue
[2023-11-02T23:51:32.093+0000] {logging_mixin.py:151} INFO - [2023-11-02T23:51:32.093+0000] {dagbag.py:536} INFO - Filling up the DagBag from /home/airflow/.local/lib/python3.8/site-packages/airflow/example_dags/example_dynamic_task_mapping.py
[2023-11-02T23:51:32.100+0000] {processor.py:839} INFO - DAG(s) dict_keys(['example_dynamic_task_mapping']) retrieved from /home/airflow/.local/lib/python3.8/site-packages/airflow/example_dags/example_dynamic_task_mapping.py
[2023-11-02T23:51:32.127+0000] {logging_mixin.py:151} INFO - [2023-11-02T23:51:32.127+0000] {dag.py:2941} INFO - Sync 1 DAGs
[2023-11-02T23:51:32.154+0000] {logging_mixin.py:151} INFO - [2023-11-02T23:51:32.154+0000] {dag.py:3722} INFO - Setting next_dagrun for example_dynamic_task_mapping to 2022-03-04T00:00:00+00:00, run_after=2022-03-05T00:00:00+00:00
[2023-11-02T23:51:32.183+0000] {processor.py:179} INFO - Processing /home/airflow/.local/lib/python3.8/site-packages/airflow/example_dags/example_dynamic_task_mapping.py took 0.098 seconds
[2023-11-02T23:52:02.324+0000] {processor.py:157} INFO - Started process (PID=386) to work on /home/airflow/.local/lib/python3.8/site-packages/airflow/example_dags/example_dynamic_task_mapping.py
[2023-11-02T23:52:02.326+0000] {processor.py:829} INFO - Processing file /home/airflow/.local/lib/python3.8/site-packages/airflow/example_dags/example_dynamic_task_mapping.py for tasks to queue
[2023-11-02T23:52:02.328+0000] {logging_mixin.py:151} INFO - [2023-11-02T23:52:02.327+0000] {dagbag.py:536} INFO - Filling up the DagBag from /home/airflow/.local/lib/python3.8/site-packages/airflow/example_dags/example_dynamic_task_mapping.py
[2023-11-02T23:52:02.333+0000] {processor.py:839} INFO - DAG(s) dict_keys(['example_dynamic_task_mapping']) retrieved from /home/airflow/.local/lib/python3.8/site-packages/airflow/example_dags/example_dynamic_task_mapping.py
[2023-11-02T23:52:02.360+0000] {logging_mixin.py:151} INFO - [2023-11-02T23:52:02.360+0000] {dag.py:2941} INFO - Sync 1 DAGs
[2023-11-02T23:52:02.386+0000] {logging_mixin.py:151} INFO - [2023-11-02T23:52:02.385+0000] {dag.py:3722} INFO - Setting next_dagrun for example_dynamic_task_mapping to 2022-03-04T00:00:00+00:00, run_after=2022-03-05T00:00:00+00:00
[2023-11-02T23:52:02.408+0000] {processor.py:179} INFO - Processing /home/airflow/.local/lib/python3.8/site-packages/airflow/example_dags/example_dynamic_task_mapping.py took 0.088 seconds
[2023-11-02T23:52:32.567+0000] {processor.py:157} INFO - Started process (PID=440) to work on /home/airflow/.local/lib/python3.8/site-packages/airflow/example_dags/example_dynamic_task_mapping.py
[2023-11-02T23:52:32.568+0000] {processor.py:829} INFO - Processing file /home/airflow/.local/lib/python3.8/site-packages/airflow/example_dags/example_dynamic_task_mapping.py for tasks to queue
[2023-11-02T23:52:32.570+0000] {logging_mixin.py:151} INFO - [2023-11-02T23:52:32.570+0000] {dagbag.py:536} INFO - Filling up the DagBag from /home/airflow/.local/lib/python3.8/site-packages/airflow/example_dags/example_dynamic_task_mapping.py
[2023-11-02T23:52:32.577+0000] {processor.py:839} INFO - DAG(s) dict_keys(['example_dynamic_task_mapping']) retrieved from /home/airflow/.local/lib/python3.8/site-packages/airflow/example_dags/example_dynamic_task_mapping.py
[2023-11-02T23:52:32.608+0000] {logging_mixin.py:151} INFO - [2023-11-02T23:52:32.607+0000] {dag.py:2941} INFO - Sync 1 DAGs
[2023-11-02T23:52:32.643+0000] {logging_mixin.py:151} INFO - [2023-11-02T23:52:32.643+0000] {dag.py:3722} INFO - Setting next_dagrun for example_dynamic_task_mapping to 2022-03-04T00:00:00+00:00, run_after=2022-03-05T00:00:00+00:00
[2023-11-02T23:52:32.673+0000] {processor.py:179} INFO - Processing /home/airflow/.local/lib/python3.8/site-packages/airflow/example_dags/example_dynamic_task_mapping.py took 0.109 seconds
[2023-11-02T23:53:02.755+0000] {processor.py:157} INFO - Started process (PID=494) to work on /home/airflow/.local/lib/python3.8/site-packages/airflow/example_dags/example_dynamic_task_mapping.py
[2023-11-02T23:53:02.757+0000] {processor.py:829} INFO - Processing file /home/airflow/.local/lib/python3.8/site-packages/airflow/example_dags/example_dynamic_task_mapping.py for tasks to queue
[2023-11-02T23:53:02.759+0000] {logging_mixin.py:151} INFO - [2023-11-02T23:53:02.759+0000] {dagbag.py:536} INFO - Filling up the DagBag from /home/airflow/.local/lib/python3.8/site-packages/airflow/example_dags/example_dynamic_task_mapping.py
[2023-11-02T23:53:02.766+0000] {processor.py:839} INFO - DAG(s) dict_keys(['example_dynamic_task_mapping']) retrieved from /home/airflow/.local/lib/python3.8/site-packages/airflow/example_dags/example_dynamic_task_mapping.py
[2023-11-02T23:53:02.792+0000] {logging_mixin.py:151} INFO - [2023-11-02T23:53:02.792+0000] {dag.py:2941} INFO - Sync 1 DAGs
[2023-11-02T23:53:02.817+0000] {logging_mixin.py:151} INFO - [2023-11-02T23:53:02.816+0000] {dag.py:3722} INFO - Setting next_dagrun for example_dynamic_task_mapping to 2022-03-04T00:00:00+00:00, run_after=2022-03-05T00:00:00+00:00
[2023-11-02T23:53:02.854+0000] {processor.py:179} INFO - Processing /home/airflow/.local/lib/python3.8/site-packages/airflow/example_dags/example_dynamic_task_mapping.py took 0.102 seconds
[2023-11-02T23:53:33.041+0000] {processor.py:157} INFO - Started process (PID=548) to work on /home/airflow/.local/lib/python3.8/site-packages/airflow/example_dags/example_dynamic_task_mapping.py
[2023-11-02T23:53:33.042+0000] {processor.py:829} INFO - Processing file /home/airflow/.local/lib/python3.8/site-packages/airflow/example_dags/example_dynamic_task_mapping.py for tasks to queue
[2023-11-02T23:53:33.045+0000] {logging_mixin.py:151} INFO - [2023-11-02T23:53:33.044+0000] {dagbag.py:536} INFO - Filling up the DagBag from /home/airflow/.local/lib/python3.8/site-packages/airflow/example_dags/example_dynamic_task_mapping.py
[2023-11-02T23:53:33.053+0000] {processor.py:839} INFO - DAG(s) dict_keys(['example_dynamic_task_mapping']) retrieved from /home/airflow/.local/lib/python3.8/site-packages/airflow/example_dags/example_dynamic_task_mapping.py
[2023-11-02T23:53:33.087+0000] {logging_mixin.py:151} INFO - [2023-11-02T23:53:33.087+0000] {dag.py:2941} INFO - Sync 1 DAGs
[2023-11-02T23:53:33.126+0000] {logging_mixin.py:151} INFO - [2023-11-02T23:53:33.126+0000] {dag.py:3722} INFO - Setting next_dagrun for example_dynamic_task_mapping to 2022-03-04T00:00:00+00:00, run_after=2022-03-05T00:00:00+00:00
[2023-11-02T23:53:33.153+0000] {processor.py:179} INFO - Processing /home/airflow/.local/lib/python3.8/site-packages/airflow/example_dags/example_dynamic_task_mapping.py took 0.118 seconds
[2023-11-02T23:54:03.376+0000] {processor.py:157} INFO - Started process (PID=602) to work on /home/airflow/.local/lib/python3.8/site-packages/airflow/example_dags/example_dynamic_task_mapping.py
[2023-11-02T23:54:03.378+0000] {processor.py:829} INFO - Processing file /home/airflow/.local/lib/python3.8/site-packages/airflow/example_dags/example_dynamic_task_mapping.py for tasks to queue
[2023-11-02T23:54:03.381+0000] {logging_mixin.py:151} INFO - [2023-11-02T23:54:03.380+0000] {dagbag.py:536} INFO - Filling up the DagBag from /home/airflow/.local/lib/python3.8/site-packages/airflow/example_dags/example_dynamic_task_mapping.py
[2023-11-02T23:54:03.388+0000] {processor.py:839} INFO - DAG(s) dict_keys(['example_dynamic_task_mapping']) retrieved from /home/airflow/.local/lib/python3.8/site-packages/airflow/example_dags/example_dynamic_task_mapping.py
[2023-11-02T23:54:03.412+0000] {logging_mixin.py:151} INFO - [2023-11-02T23:54:03.412+0000] {dag.py:2941} INFO - Sync 1 DAGs
[2023-11-02T23:54:03.437+0000] {logging_mixin.py:151} INFO - [2023-11-02T23:54:03.437+0000] {dag.py:3722} INFO - Setting next_dagrun for example_dynamic_task_mapping to 2022-03-04T00:00:00+00:00, run_after=2022-03-05T00:00:00+00:00
[2023-11-02T23:54:03.463+0000] {processor.py:179} INFO - Processing /home/airflow/.local/lib/python3.8/site-packages/airflow/example_dags/example_dynamic_task_mapping.py took 0.090 seconds
[2023-11-02T23:54:33.650+0000] {processor.py:157} INFO - Started process (PID=657) to work on /home/airflow/.local/lib/python3.8/site-packages/airflow/example_dags/example_dynamic_task_mapping.py
[2023-11-02T23:54:33.652+0000] {processor.py:829} INFO - Processing file /home/airflow/.local/lib/python3.8/site-packages/airflow/example_dags/example_dynamic_task_mapping.py for tasks to queue
[2023-11-02T23:54:33.655+0000] {logging_mixin.py:151} INFO - [2023-11-02T23:54:33.654+0000] {dagbag.py:536} INFO - Filling up the DagBag from /home/airflow/.local/lib/python3.8/site-packages/airflow/example_dags/example_dynamic_task_mapping.py
[2023-11-02T23:54:33.663+0000] {processor.py:839} INFO - DAG(s) dict_keys(['example_dynamic_task_mapping']) retrieved from /home/airflow/.local/lib/python3.8/site-packages/airflow/example_dags/example_dynamic_task_mapping.py
[2023-11-02T23:54:33.690+0000] {logging_mixin.py:151} INFO - [2023-11-02T23:54:33.689+0000] {dag.py:2941} INFO - Sync 1 DAGs
[2023-11-02T23:54:33.717+0000] {logging_mixin.py:151} INFO - [2023-11-02T23:54:33.716+0000] {dag.py:3722} INFO - Setting next_dagrun for example_dynamic_task_mapping to 2022-03-04T00:00:00+00:00, run_after=2022-03-05T00:00:00+00:00
[2023-11-02T23:54:33.745+0000] {processor.py:179} INFO - Processing /home/airflow/.local/lib/python3.8/site-packages/airflow/example_dags/example_dynamic_task_mapping.py took 0.097 seconds
[2023-11-02T23:55:04.564+0000] {processor.py:157} INFO - Started process (PID=710) to work on /home/airflow/.local/lib/python3.8/site-packages/airflow/example_dags/example_dynamic_task_mapping.py
[2023-11-02T23:55:04.565+0000] {processor.py:829} INFO - Processing file /home/airflow/.local/lib/python3.8/site-packages/airflow/example_dags/example_dynamic_task_mapping.py for tasks to queue
[2023-11-02T23:55:04.567+0000] {logging_mixin.py:151} INFO - [2023-11-02T23:55:04.567+0000] {dagbag.py:536} INFO - Filling up the DagBag from /home/airflow/.local/lib/python3.8/site-packages/airflow/example_dags/example_dynamic_task_mapping.py
[2023-11-02T23:55:04.575+0000] {processor.py:839} INFO - DAG(s) dict_keys(['example_dynamic_task_mapping']) retrieved from /home/airflow/.local/lib/python3.8/site-packages/airflow/example_dags/example_dynamic_task_mapping.py
[2023-11-02T23:55:04.651+0000] {logging_mixin.py:151} INFO - [2023-11-02T23:55:04.650+0000] {dag.py:2941} INFO - Sync 1 DAGs
[2023-11-02T23:55:04.711+0000] {logging_mixin.py:151} INFO - [2023-11-02T23:55:04.711+0000] {dag.py:3722} INFO - Setting next_dagrun for example_dynamic_task_mapping to 2022-03-04T00:00:00+00:00, run_after=2022-03-05T00:00:00+00:00
[2023-11-02T23:55:04.785+0000] {processor.py:179} INFO - Processing /home/airflow/.local/lib/python3.8/site-packages/airflow/example_dags/example_dynamic_task_mapping.py took 0.225 seconds
[2023-11-02T23:55:35.785+0000] {processor.py:157} INFO - Started process (PID=764) to work on /home/airflow/.local/lib/python3.8/site-packages/airflow/example_dags/example_dynamic_task_mapping.py
[2023-11-02T23:55:35.786+0000] {processor.py:829} INFO - Processing file /home/airflow/.local/lib/python3.8/site-packages/airflow/example_dags/example_dynamic_task_mapping.py for tasks to queue
[2023-11-02T23:55:35.788+0000] {logging_mixin.py:151} INFO - [2023-11-02T23:55:35.788+0000] {dagbag.py:536} INFO - Filling up the DagBag from /home/airflow/.local/lib/python3.8/site-packages/airflow/example_dags/example_dynamic_task_mapping.py
[2023-11-02T23:55:35.796+0000] {processor.py:839} INFO - DAG(s) dict_keys(['example_dynamic_task_mapping']) retrieved from /home/airflow/.local/lib/python3.8/site-packages/airflow/example_dags/example_dynamic_task_mapping.py
[2023-11-02T23:55:35.824+0000] {logging_mixin.py:151} INFO - [2023-11-02T23:55:35.823+0000] {dag.py:2941} INFO - Sync 1 DAGs
[2023-11-02T23:55:35.850+0000] {logging_mixin.py:151} INFO - [2023-11-02T23:55:35.849+0000] {dag.py:3722} INFO - Setting next_dagrun for example_dynamic_task_mapping to 2022-03-04T00:00:00+00:00, run_after=2022-03-05T00:00:00+00:00
[2023-11-02T23:55:35.875+0000] {processor.py:179} INFO - Processing /home/airflow/.local/lib/python3.8/site-packages/airflow/example_dags/example_dynamic_task_mapping.py took 0.093 seconds
[2023-11-02T23:56:05.973+0000] {processor.py:157} INFO - Started process (PID=818) to work on /home/airflow/.local/lib/python3.8/site-packages/airflow/example_dags/example_dynamic_task_mapping.py
[2023-11-02T23:56:05.975+0000] {processor.py:829} INFO - Processing file /home/airflow/.local/lib/python3.8/site-packages/airflow/example_dags/example_dynamic_task_mapping.py for tasks to queue
[2023-11-02T23:56:05.978+0000] {logging_mixin.py:151} INFO - [2023-11-02T23:56:05.977+0000] {dagbag.py:536} INFO - Filling up the DagBag from /home/airflow/.local/lib/python3.8/site-packages/airflow/example_dags/example_dynamic_task_mapping.py
[2023-11-02T23:56:05.986+0000] {processor.py:839} INFO - DAG(s) dict_keys(['example_dynamic_task_mapping']) retrieved from /home/airflow/.local/lib/python3.8/site-packages/airflow/example_dags/example_dynamic_task_mapping.py
[2023-11-02T23:56:06.014+0000] {logging_mixin.py:151} INFO - [2023-11-02T23:56:06.014+0000] {dag.py:2941} INFO - Sync 1 DAGs
[2023-11-02T23:56:06.041+0000] {logging_mixin.py:151} INFO - [2023-11-02T23:56:06.041+0000] {dag.py:3722} INFO - Setting next_dagrun for example_dynamic_task_mapping to 2022-03-04T00:00:00+00:00, run_after=2022-03-05T00:00:00+00:00
[2023-11-02T23:56:06.080+0000] {processor.py:179} INFO - Processing /home/airflow/.local/lib/python3.8/site-packages/airflow/example_dags/example_dynamic_task_mapping.py took 0.111 seconds
[2023-11-02T23:56:36.888+0000] {processor.py:157} INFO - Started process (PID=872) to work on /home/airflow/.local/lib/python3.8/site-packages/airflow/example_dags/example_dynamic_task_mapping.py
[2023-11-02T23:56:36.890+0000] {processor.py:829} INFO - Processing file /home/airflow/.local/lib/python3.8/site-packages/airflow/example_dags/example_dynamic_task_mapping.py for tasks to queue
[2023-11-02T23:56:36.892+0000] {logging_mixin.py:151} INFO - [2023-11-02T23:56:36.891+0000] {dagbag.py:536} INFO - Filling up the DagBag from /home/airflow/.local/lib/python3.8/site-packages/airflow/example_dags/example_dynamic_task_mapping.py
[2023-11-02T23:56:36.900+0000] {processor.py:839} INFO - DAG(s) dict_keys(['example_dynamic_task_mapping']) retrieved from /home/airflow/.local/lib/python3.8/site-packages/airflow/example_dags/example_dynamic_task_mapping.py
[2023-11-02T23:56:36.933+0000] {logging_mixin.py:151} INFO - [2023-11-02T23:56:36.933+0000] {dag.py:2941} INFO - Sync 1 DAGs
[2023-11-02T23:56:36.960+0000] {logging_mixin.py:151} INFO - [2023-11-02T23:56:36.960+0000] {dag.py:3722} INFO - Setting next_dagrun for example_dynamic_task_mapping to 2022-03-04T00:00:00+00:00, run_after=2022-03-05T00:00:00+00:00
[2023-11-02T23:56:36.989+0000] {processor.py:179} INFO - Processing /home/airflow/.local/lib/python3.8/site-packages/airflow/example_dags/example_dynamic_task_mapping.py took 0.104 seconds
[2023-11-02T23:57:07.323+0000] {processor.py:157} INFO - Started process (PID=926) to work on /home/airflow/.local/lib/python3.8/site-packages/airflow/example_dags/example_dynamic_task_mapping.py
[2023-11-02T23:57:07.324+0000] {processor.py:829} INFO - Processing file /home/airflow/.local/lib/python3.8/site-packages/airflow/example_dags/example_dynamic_task_mapping.py for tasks to queue
[2023-11-02T23:57:07.326+0000] {logging_mixin.py:151} INFO - [2023-11-02T23:57:07.326+0000] {dagbag.py:536} INFO - Filling up the DagBag from /home/airflow/.local/lib/python3.8/site-packages/airflow/example_dags/example_dynamic_task_mapping.py
[2023-11-02T23:57:07.334+0000] {processor.py:839} INFO - DAG(s) dict_keys(['example_dynamic_task_mapping']) retrieved from /home/airflow/.local/lib/python3.8/site-packages/airflow/example_dags/example_dynamic_task_mapping.py
[2023-11-02T23:57:07.360+0000] {logging_mixin.py:151} INFO - [2023-11-02T23:57:07.359+0000] {dag.py:2941} INFO - Sync 1 DAGs
[2023-11-02T23:57:07.388+0000] {logging_mixin.py:151} INFO - [2023-11-02T23:57:07.388+0000] {dag.py:3722} INFO - Setting next_dagrun for example_dynamic_task_mapping to 2022-03-04T00:00:00+00:00, run_after=2022-03-05T00:00:00+00:00
[2023-11-02T23:57:07.417+0000] {processor.py:179} INFO - Processing /home/airflow/.local/lib/python3.8/site-packages/airflow/example_dags/example_dynamic_task_mapping.py took 0.097 seconds
[2023-11-02T23:57:37.746+0000] {processor.py:157} INFO - Started process (PID=980) to work on /home/airflow/.local/lib/python3.8/site-packages/airflow/example_dags/example_dynamic_task_mapping.py
[2023-11-02T23:57:37.747+0000] {processor.py:829} INFO - Processing file /home/airflow/.local/lib/python3.8/site-packages/airflow/example_dags/example_dynamic_task_mapping.py for tasks to queue
[2023-11-02T23:57:37.749+0000] {logging_mixin.py:151} INFO - [2023-11-02T23:57:37.749+0000] {dagbag.py:536} INFO - Filling up the DagBag from /home/airflow/.local/lib/python3.8/site-packages/airflow/example_dags/example_dynamic_task_mapping.py
[2023-11-02T23:57:37.757+0000] {processor.py:839} INFO - DAG(s) dict_keys(['example_dynamic_task_mapping']) retrieved from /home/airflow/.local/lib/python3.8/site-packages/airflow/example_dags/example_dynamic_task_mapping.py
[2023-11-02T23:57:37.786+0000] {logging_mixin.py:151} INFO - [2023-11-02T23:57:37.786+0000] {dag.py:2941} INFO - Sync 1 DAGs
[2023-11-02T23:57:37.812+0000] {logging_mixin.py:151} INFO - [2023-11-02T23:57:37.811+0000] {dag.py:3722} INFO - Setting next_dagrun for example_dynamic_task_mapping to 2022-03-04T00:00:00+00:00, run_after=2022-03-05T00:00:00+00:00
[2023-11-02T23:57:37.838+0000] {processor.py:179} INFO - Processing /home/airflow/.local/lib/python3.8/site-packages/airflow/example_dags/example_dynamic_task_mapping.py took 0.096 seconds
[2023-11-02T23:58:08.146+0000] {processor.py:157} INFO - Started process (PID=1034) to work on /home/airflow/.local/lib/python3.8/site-packages/airflow/example_dags/example_dynamic_task_mapping.py
[2023-11-02T23:58:08.147+0000] {processor.py:829} INFO - Processing file /home/airflow/.local/lib/python3.8/site-packages/airflow/example_dags/example_dynamic_task_mapping.py for tasks to queue
[2023-11-02T23:58:08.149+0000] {logging_mixin.py:151} INFO - [2023-11-02T23:58:08.149+0000] {dagbag.py:536} INFO - Filling up the DagBag from /home/airflow/.local/lib/python3.8/site-packages/airflow/example_dags/example_dynamic_task_mapping.py
[2023-11-02T23:58:08.156+0000] {processor.py:839} INFO - DAG(s) dict_keys(['example_dynamic_task_mapping']) retrieved from /home/airflow/.local/lib/python3.8/site-packages/airflow/example_dags/example_dynamic_task_mapping.py
[2023-11-02T23:58:08.183+0000] {logging_mixin.py:151} INFO - [2023-11-02T23:58:08.182+0000] {dag.py:2941} INFO - Sync 1 DAGs
[2023-11-02T23:58:08.211+0000] {logging_mixin.py:151} INFO - [2023-11-02T23:58:08.210+0000] {dag.py:3722} INFO - Setting next_dagrun for example_dynamic_task_mapping to 2022-03-04T00:00:00+00:00, run_after=2022-03-05T00:00:00+00:00
[2023-11-02T23:58:08.240+0000] {processor.py:179} INFO - Processing /home/airflow/.local/lib/python3.8/site-packages/airflow/example_dags/example_dynamic_task_mapping.py took 0.098 seconds
[2023-11-02T23:58:38.687+0000] {processor.py:157} INFO - Started process (PID=1088) to work on /home/airflow/.local/lib/python3.8/site-packages/airflow/example_dags/example_dynamic_task_mapping.py
[2023-11-02T23:58:38.689+0000] {processor.py:829} INFO - Processing file /home/airflow/.local/lib/python3.8/site-packages/airflow/example_dags/example_dynamic_task_mapping.py for tasks to queue
[2023-11-02T23:58:38.691+0000] {logging_mixin.py:151} INFO - [2023-11-02T23:58:38.691+0000] {dagbag.py:536} INFO - Filling up the DagBag from /home/airflow/.local/lib/python3.8/site-packages/airflow/example_dags/example_dynamic_task_mapping.py
[2023-11-02T23:58:38.700+0000] {processor.py:839} INFO - DAG(s) dict_keys(['example_dynamic_task_mapping']) retrieved from /home/airflow/.local/lib/python3.8/site-packages/airflow/example_dags/example_dynamic_task_mapping.py
[2023-11-02T23:58:38.734+0000] {logging_mixin.py:151} INFO - [2023-11-02T23:58:38.734+0000] {dag.py:2941} INFO - Sync 1 DAGs
[2023-11-02T23:58:38.761+0000] {logging_mixin.py:151} INFO - [2023-11-02T23:58:38.761+0000] {dag.py:3722} INFO - Setting next_dagrun for example_dynamic_task_mapping to 2022-03-04T00:00:00+00:00, run_after=2022-03-05T00:00:00+00:00
[2023-11-02T23:58:38.790+0000] {processor.py:179} INFO - Processing /home/airflow/.local/lib/python3.8/site-packages/airflow/example_dags/example_dynamic_task_mapping.py took 0.106 seconds
[2023-11-02T23:59:09.246+0000] {processor.py:157} INFO - Started process (PID=1142) to work on /home/airflow/.local/lib/python3.8/site-packages/airflow/example_dags/example_dynamic_task_mapping.py
[2023-11-02T23:59:09.247+0000] {processor.py:829} INFO - Processing file /home/airflow/.local/lib/python3.8/site-packages/airflow/example_dags/example_dynamic_task_mapping.py for tasks to queue
[2023-11-02T23:59:09.249+0000] {logging_mixin.py:151} INFO - [2023-11-02T23:59:09.248+0000] {dagbag.py:536} INFO - Filling up the DagBag from /home/airflow/.local/lib/python3.8/site-packages/airflow/example_dags/example_dynamic_task_mapping.py
[2023-11-02T23:59:09.256+0000] {processor.py:839} INFO - DAG(s) dict_keys(['example_dynamic_task_mapping']) retrieved from /home/airflow/.local/lib/python3.8/site-packages/airflow/example_dags/example_dynamic_task_mapping.py
[2023-11-02T23:59:09.289+0000] {logging_mixin.py:151} INFO - [2023-11-02T23:59:09.289+0000] {dag.py:2941} INFO - Sync 1 DAGs
[2023-11-02T23:59:09.316+0000] {logging_mixin.py:151} INFO - [2023-11-02T23:59:09.315+0000] {dag.py:3722} INFO - Setting next_dagrun for example_dynamic_task_mapping to 2022-03-04T00:00:00+00:00, run_after=2022-03-05T00:00:00+00:00
[2023-11-02T23:59:09.341+0000] {processor.py:179} INFO - Processing /home/airflow/.local/lib/python3.8/site-packages/airflow/example_dags/example_dynamic_task_mapping.py took 0.098 seconds
[2023-11-02T23:59:39.791+0000] {processor.py:157} INFO - Started process (PID=1196) to work on /home/airflow/.local/lib/python3.8/site-packages/airflow/example_dags/example_dynamic_task_mapping.py
[2023-11-02T23:59:39.792+0000] {processor.py:829} INFO - Processing file /home/airflow/.local/lib/python3.8/site-packages/airflow/example_dags/example_dynamic_task_mapping.py for tasks to queue
[2023-11-02T23:59:39.794+0000] {logging_mixin.py:151} INFO - [2023-11-02T23:59:39.794+0000] {dagbag.py:536} INFO - Filling up the DagBag from /home/airflow/.local/lib/python3.8/site-packages/airflow/example_dags/example_dynamic_task_mapping.py
[2023-11-02T23:59:39.803+0000] {processor.py:839} INFO - DAG(s) dict_keys(['example_dynamic_task_mapping']) retrieved from /home/airflow/.local/lib/python3.8/site-packages/airflow/example_dags/example_dynamic_task_mapping.py
[2023-11-02T23:59:39.831+0000] {logging_mixin.py:151} INFO - [2023-11-02T23:59:39.830+0000] {dag.py:2941} INFO - Sync 1 DAGs
[2023-11-02T23:59:39.857+0000] {logging_mixin.py:151} INFO - [2023-11-02T23:59:39.857+0000] {dag.py:3722} INFO - Setting next_dagrun for example_dynamic_task_mapping to 2022-03-04T00:00:00+00:00, run_after=2022-03-05T00:00:00+00:00
[2023-11-02T23:59:39.886+0000] {processor.py:179} INFO - Processing /home/airflow/.local/lib/python3.8/site-packages/airflow/example_dags/example_dynamic_task_mapping.py took 0.098 seconds
