[2023-11-02T23:26:26.104+0000] {processor.py:157} INFO - Started process (PID=49) to work on /home/airflow/.local/lib/python3.8/site-packages/airflow/example_dags/example_params_trigger_ui.py
[2023-11-02T23:26:26.105+0000] {processor.py:829} INFO - Processing file /home/airflow/.local/lib/python3.8/site-packages/airflow/example_dags/example_params_trigger_ui.py for tasks to queue
[2023-11-02T23:26:26.108+0000] {logging_mixin.py:151} INFO - [2023-11-02T23:26:26.107+0000] {dagbag.py:536} INFO - Filling up the DagBag from /home/airflow/.local/lib/python3.8/site-packages/airflow/example_dags/example_params_trigger_ui.py
[2023-11-02T23:26:26.140+0000] {processor.py:839} INFO - DAG(s) dict_keys(['example_params_trigger_ui']) retrieved from /home/airflow/.local/lib/python3.8/site-packages/airflow/example_dags/example_params_trigger_ui.py
[2023-11-02T23:26:26.160+0000] {logging_mixin.py:151} INFO - [2023-11-02T23:26:26.160+0000] {dag.py:2941} INFO - Sync 1 DAGs
[2023-11-02T23:26:26.180+0000] {logging_mixin.py:151} INFO - [2023-11-02T23:26:26.180+0000] {dag.py:3722} INFO - Setting next_dagrun for example_params_trigger_ui to None, run_after=None
[2023-11-02T23:26:26.213+0000] {processor.py:179} INFO - Processing /home/airflow/.local/lib/python3.8/site-packages/airflow/example_dags/example_params_trigger_ui.py took 0.130 seconds
[2023-11-02T23:26:56.276+0000] {processor.py:157} INFO - Started process (PID=102) to work on /home/airflow/.local/lib/python3.8/site-packages/airflow/example_dags/example_params_trigger_ui.py
[2023-11-02T23:26:56.278+0000] {processor.py:829} INFO - Processing file /home/airflow/.local/lib/python3.8/site-packages/airflow/example_dags/example_params_trigger_ui.py for tasks to queue
[2023-11-02T23:26:56.280+0000] {logging_mixin.py:151} INFO - [2023-11-02T23:26:56.280+0000] {dagbag.py:536} INFO - Filling up the DagBag from /home/airflow/.local/lib/python3.8/site-packages/airflow/example_dags/example_params_trigger_ui.py
[2023-11-02T23:26:56.297+0000] {processor.py:839} INFO - DAG(s) dict_keys(['example_params_trigger_ui']) retrieved from /home/airflow/.local/lib/python3.8/site-packages/airflow/example_dags/example_params_trigger_ui.py
[2023-11-02T23:26:56.352+0000] {logging_mixin.py:151} INFO - [2023-11-02T23:26:56.352+0000] {dag.py:2941} INFO - Sync 1 DAGs
[2023-11-02T23:26:56.366+0000] {logging_mixin.py:151} INFO - [2023-11-02T23:26:56.366+0000] {dag.py:3722} INFO - Setting next_dagrun for example_params_trigger_ui to None, run_after=None
[2023-11-02T23:26:56.390+0000] {processor.py:179} INFO - Processing /home/airflow/.local/lib/python3.8/site-packages/airflow/example_dags/example_params_trigger_ui.py took 0.117 seconds
[2023-11-02T23:27:26.858+0000] {processor.py:157} INFO - Started process (PID=156) to work on /home/airflow/.local/lib/python3.8/site-packages/airflow/example_dags/example_params_trigger_ui.py
[2023-11-02T23:27:26.860+0000] {processor.py:829} INFO - Processing file /home/airflow/.local/lib/python3.8/site-packages/airflow/example_dags/example_params_trigger_ui.py for tasks to queue
[2023-11-02T23:27:26.861+0000] {logging_mixin.py:151} INFO - [2023-11-02T23:27:26.861+0000] {dagbag.py:536} INFO - Filling up the DagBag from /home/airflow/.local/lib/python3.8/site-packages/airflow/example_dags/example_params_trigger_ui.py
[2023-11-02T23:27:26.879+0000] {processor.py:839} INFO - DAG(s) dict_keys(['example_params_trigger_ui']) retrieved from /home/airflow/.local/lib/python3.8/site-packages/airflow/example_dags/example_params_trigger_ui.py
[2023-11-02T23:27:26.934+0000] {logging_mixin.py:151} INFO - [2023-11-02T23:27:26.933+0000] {dag.py:2941} INFO - Sync 1 DAGs
[2023-11-02T23:27:26.947+0000] {logging_mixin.py:151} INFO - [2023-11-02T23:27:26.947+0000] {dag.py:3722} INFO - Setting next_dagrun for example_params_trigger_ui to None, run_after=None
[2023-11-02T23:27:26.972+0000] {processor.py:179} INFO - Processing /home/airflow/.local/lib/python3.8/site-packages/airflow/example_dags/example_params_trigger_ui.py took 0.117 seconds
[2023-11-02T23:27:57.062+0000] {processor.py:157} INFO - Started process (PID=210) to work on /home/airflow/.local/lib/python3.8/site-packages/airflow/example_dags/example_params_trigger_ui.py
[2023-11-02T23:27:57.064+0000] {processor.py:829} INFO - Processing file /home/airflow/.local/lib/python3.8/site-packages/airflow/example_dags/example_params_trigger_ui.py for tasks to queue
[2023-11-02T23:27:57.067+0000] {logging_mixin.py:151} INFO - [2023-11-02T23:27:57.066+0000] {dagbag.py:536} INFO - Filling up the DagBag from /home/airflow/.local/lib/python3.8/site-packages/airflow/example_dags/example_params_trigger_ui.py
[2023-11-02T23:27:57.084+0000] {processor.py:839} INFO - DAG(s) dict_keys(['example_params_trigger_ui']) retrieved from /home/airflow/.local/lib/python3.8/site-packages/airflow/example_dags/example_params_trigger_ui.py
[2023-11-02T23:27:57.136+0000] {logging_mixin.py:151} INFO - [2023-11-02T23:27:57.136+0000] {dag.py:2941} INFO - Sync 1 DAGs
[2023-11-02T23:27:57.150+0000] {logging_mixin.py:151} INFO - [2023-11-02T23:27:57.150+0000] {dag.py:3722} INFO - Setting next_dagrun for example_params_trigger_ui to None, run_after=None
[2023-11-02T23:27:57.174+0000] {processor.py:179} INFO - Processing /home/airflow/.local/lib/python3.8/site-packages/airflow/example_dags/example_params_trigger_ui.py took 0.115 seconds
[2023-11-02T23:28:27.208+0000] {processor.py:157} INFO - Started process (PID=263) to work on /home/airflow/.local/lib/python3.8/site-packages/airflow/example_dags/example_params_trigger_ui.py
[2023-11-02T23:28:27.210+0000] {processor.py:829} INFO - Processing file /home/airflow/.local/lib/python3.8/site-packages/airflow/example_dags/example_params_trigger_ui.py for tasks to queue
[2023-11-02T23:28:27.212+0000] {logging_mixin.py:151} INFO - [2023-11-02T23:28:27.212+0000] {dagbag.py:536} INFO - Filling up the DagBag from /home/airflow/.local/lib/python3.8/site-packages/airflow/example_dags/example_params_trigger_ui.py
[2023-11-02T23:28:27.228+0000] {processor.py:839} INFO - DAG(s) dict_keys(['example_params_trigger_ui']) retrieved from /home/airflow/.local/lib/python3.8/site-packages/airflow/example_dags/example_params_trigger_ui.py
[2023-11-02T23:28:27.294+0000] {logging_mixin.py:151} INFO - [2023-11-02T23:28:27.293+0000] {dag.py:2941} INFO - Sync 1 DAGs
[2023-11-02T23:28:27.307+0000] {logging_mixin.py:151} INFO - [2023-11-02T23:28:27.307+0000] {dag.py:3722} INFO - Setting next_dagrun for example_params_trigger_ui to None, run_after=None
[2023-11-02T23:28:27.331+0000] {processor.py:179} INFO - Processing /home/airflow/.local/lib/python3.8/site-packages/airflow/example_dags/example_params_trigger_ui.py took 0.126 seconds
[2023-11-02T23:28:57.462+0000] {processor.py:157} INFO - Started process (PID=317) to work on /home/airflow/.local/lib/python3.8/site-packages/airflow/example_dags/example_params_trigger_ui.py
[2023-11-02T23:28:57.463+0000] {processor.py:829} INFO - Processing file /home/airflow/.local/lib/python3.8/site-packages/airflow/example_dags/example_params_trigger_ui.py for tasks to queue
[2023-11-02T23:28:57.465+0000] {logging_mixin.py:151} INFO - [2023-11-02T23:28:57.465+0000] {dagbag.py:536} INFO - Filling up the DagBag from /home/airflow/.local/lib/python3.8/site-packages/airflow/example_dags/example_params_trigger_ui.py
[2023-11-02T23:28:57.482+0000] {processor.py:839} INFO - DAG(s) dict_keys(['example_params_trigger_ui']) retrieved from /home/airflow/.local/lib/python3.8/site-packages/airflow/example_dags/example_params_trigger_ui.py
[2023-11-02T23:28:57.538+0000] {logging_mixin.py:151} INFO - [2023-11-02T23:28:57.537+0000] {dag.py:2941} INFO - Sync 1 DAGs
[2023-11-02T23:28:57.551+0000] {logging_mixin.py:151} INFO - [2023-11-02T23:28:57.551+0000] {dag.py:3722} INFO - Setting next_dagrun for example_params_trigger_ui to None, run_after=None
[2023-11-02T23:28:57.574+0000] {processor.py:179} INFO - Processing /home/airflow/.local/lib/python3.8/site-packages/airflow/example_dags/example_params_trigger_ui.py took 0.115 seconds
[2023-11-02T23:29:27.691+0000] {processor.py:157} INFO - Started process (PID=371) to work on /home/airflow/.local/lib/python3.8/site-packages/airflow/example_dags/example_params_trigger_ui.py
[2023-11-02T23:29:27.693+0000] {processor.py:829} INFO - Processing file /home/airflow/.local/lib/python3.8/site-packages/airflow/example_dags/example_params_trigger_ui.py for tasks to queue
[2023-11-02T23:29:27.695+0000] {logging_mixin.py:151} INFO - [2023-11-02T23:29:27.695+0000] {dagbag.py:536} INFO - Filling up the DagBag from /home/airflow/.local/lib/python3.8/site-packages/airflow/example_dags/example_params_trigger_ui.py
[2023-11-02T23:29:27.712+0000] {processor.py:839} INFO - DAG(s) dict_keys(['example_params_trigger_ui']) retrieved from /home/airflow/.local/lib/python3.8/site-packages/airflow/example_dags/example_params_trigger_ui.py
[2023-11-02T23:29:27.762+0000] {logging_mixin.py:151} INFO - [2023-11-02T23:29:27.761+0000] {dag.py:2941} INFO - Sync 1 DAGs
[2023-11-02T23:29:27.776+0000] {logging_mixin.py:151} INFO - [2023-11-02T23:29:27.776+0000] {dag.py:3722} INFO - Setting next_dagrun for example_params_trigger_ui to None, run_after=None
[2023-11-02T23:29:27.800+0000] {processor.py:179} INFO - Processing /home/airflow/.local/lib/python3.8/site-packages/airflow/example_dags/example_params_trigger_ui.py took 0.112 seconds
[2023-11-02T23:29:58.379+0000] {processor.py:157} INFO - Started process (PID=425) to work on /home/airflow/.local/lib/python3.8/site-packages/airflow/example_dags/example_params_trigger_ui.py
[2023-11-02T23:29:58.380+0000] {processor.py:829} INFO - Processing file /home/airflow/.local/lib/python3.8/site-packages/airflow/example_dags/example_params_trigger_ui.py for tasks to queue
[2023-11-02T23:29:58.382+0000] {logging_mixin.py:151} INFO - [2023-11-02T23:29:58.382+0000] {dagbag.py:536} INFO - Filling up the DagBag from /home/airflow/.local/lib/python3.8/site-packages/airflow/example_dags/example_params_trigger_ui.py
[2023-11-02T23:29:58.400+0000] {processor.py:839} INFO - DAG(s) dict_keys(['example_params_trigger_ui']) retrieved from /home/airflow/.local/lib/python3.8/site-packages/airflow/example_dags/example_params_trigger_ui.py
[2023-11-02T23:29:58.464+0000] {logging_mixin.py:151} INFO - [2023-11-02T23:29:58.464+0000] {dag.py:2941} INFO - Sync 1 DAGs
[2023-11-02T23:29:58.478+0000] {logging_mixin.py:151} INFO - [2023-11-02T23:29:58.478+0000] {dag.py:3722} INFO - Setting next_dagrun for example_params_trigger_ui to None, run_after=None
[2023-11-02T23:29:58.504+0000] {processor.py:179} INFO - Processing /home/airflow/.local/lib/python3.8/site-packages/airflow/example_dags/example_params_trigger_ui.py took 0.129 seconds
[2023-11-02T23:30:29.217+0000] {processor.py:157} INFO - Started process (PID=479) to work on /home/airflow/.local/lib/python3.8/site-packages/airflow/example_dags/example_params_trigger_ui.py
[2023-11-02T23:30:29.218+0000] {processor.py:829} INFO - Processing file /home/airflow/.local/lib/python3.8/site-packages/airflow/example_dags/example_params_trigger_ui.py for tasks to queue
[2023-11-02T23:30:29.221+0000] {logging_mixin.py:151} INFO - [2023-11-02T23:30:29.221+0000] {dagbag.py:536} INFO - Filling up the DagBag from /home/airflow/.local/lib/python3.8/site-packages/airflow/example_dags/example_params_trigger_ui.py
[2023-11-02T23:30:29.242+0000] {processor.py:839} INFO - DAG(s) dict_keys(['example_params_trigger_ui']) retrieved from /home/airflow/.local/lib/python3.8/site-packages/airflow/example_dags/example_params_trigger_ui.py
[2023-11-02T23:30:29.307+0000] {logging_mixin.py:151} INFO - [2023-11-02T23:30:29.307+0000] {dag.py:2941} INFO - Sync 1 DAGs
[2023-11-02T23:30:29.320+0000] {logging_mixin.py:151} INFO - [2023-11-02T23:30:29.320+0000] {dag.py:3722} INFO - Setting next_dagrun for example_params_trigger_ui to None, run_after=None
[2023-11-02T23:30:29.351+0000] {processor.py:179} INFO - Processing /home/airflow/.local/lib/python3.8/site-packages/airflow/example_dags/example_params_trigger_ui.py took 0.138 seconds
[2023-11-02T23:31:00.196+0000] {processor.py:157} INFO - Started process (PID=533) to work on /home/airflow/.local/lib/python3.8/site-packages/airflow/example_dags/example_params_trigger_ui.py
[2023-11-02T23:31:00.198+0000] {processor.py:829} INFO - Processing file /home/airflow/.local/lib/python3.8/site-packages/airflow/example_dags/example_params_trigger_ui.py for tasks to queue
[2023-11-02T23:31:00.201+0000] {logging_mixin.py:151} INFO - [2023-11-02T23:31:00.201+0000] {dagbag.py:536} INFO - Filling up the DagBag from /home/airflow/.local/lib/python3.8/site-packages/airflow/example_dags/example_params_trigger_ui.py
[2023-11-02T23:31:00.221+0000] {processor.py:839} INFO - DAG(s) dict_keys(['example_params_trigger_ui']) retrieved from /home/airflow/.local/lib/python3.8/site-packages/airflow/example_dags/example_params_trigger_ui.py
[2023-11-02T23:31:00.283+0000] {logging_mixin.py:151} INFO - [2023-11-02T23:31:00.283+0000] {dag.py:2941} INFO - Sync 1 DAGs
[2023-11-02T23:31:00.298+0000] {logging_mixin.py:151} INFO - [2023-11-02T23:31:00.298+0000] {dag.py:3722} INFO - Setting next_dagrun for example_params_trigger_ui to None, run_after=None
[2023-11-02T23:31:00.326+0000] {processor.py:179} INFO - Processing /home/airflow/.local/lib/python3.8/site-packages/airflow/example_dags/example_params_trigger_ui.py took 0.133 seconds
[2023-11-02T23:31:31.095+0000] {processor.py:157} INFO - Started process (PID=586) to work on /home/airflow/.local/lib/python3.8/site-packages/airflow/example_dags/example_params_trigger_ui.py
[2023-11-02T23:31:31.096+0000] {processor.py:829} INFO - Processing file /home/airflow/.local/lib/python3.8/site-packages/airflow/example_dags/example_params_trigger_ui.py for tasks to queue
[2023-11-02T23:31:31.099+0000] {logging_mixin.py:151} INFO - [2023-11-02T23:31:31.099+0000] {dagbag.py:536} INFO - Filling up the DagBag from /home/airflow/.local/lib/python3.8/site-packages/airflow/example_dags/example_params_trigger_ui.py
[2023-11-02T23:31:31.120+0000] {processor.py:839} INFO - DAG(s) dict_keys(['example_params_trigger_ui']) retrieved from /home/airflow/.local/lib/python3.8/site-packages/airflow/example_dags/example_params_trigger_ui.py
[2023-11-02T23:31:31.187+0000] {logging_mixin.py:151} INFO - [2023-11-02T23:31:31.187+0000] {dag.py:2941} INFO - Sync 1 DAGs
[2023-11-02T23:31:31.202+0000] {logging_mixin.py:151} INFO - [2023-11-02T23:31:31.202+0000] {dag.py:3722} INFO - Setting next_dagrun for example_params_trigger_ui to None, run_after=None
[2023-11-02T23:31:31.236+0000] {processor.py:179} INFO - Processing /home/airflow/.local/lib/python3.8/site-packages/airflow/example_dags/example_params_trigger_ui.py took 0.144 seconds
[2023-11-02T23:32:01.898+0000] {processor.py:157} INFO - Started process (PID=640) to work on /home/airflow/.local/lib/python3.8/site-packages/airflow/example_dags/example_params_trigger_ui.py
[2023-11-02T23:32:01.899+0000] {processor.py:829} INFO - Processing file /home/airflow/.local/lib/python3.8/site-packages/airflow/example_dags/example_params_trigger_ui.py for tasks to queue
[2023-11-02T23:32:01.901+0000] {logging_mixin.py:151} INFO - [2023-11-02T23:32:01.901+0000] {dagbag.py:536} INFO - Filling up the DagBag from /home/airflow/.local/lib/python3.8/site-packages/airflow/example_dags/example_params_trigger_ui.py
[2023-11-02T23:32:01.922+0000] {processor.py:839} INFO - DAG(s) dict_keys(['example_params_trigger_ui']) retrieved from /home/airflow/.local/lib/python3.8/site-packages/airflow/example_dags/example_params_trigger_ui.py
[2023-11-02T23:32:02.003+0000] {logging_mixin.py:151} INFO - [2023-11-02T23:32:02.002+0000] {dag.py:2941} INFO - Sync 1 DAGs
[2023-11-02T23:32:02.019+0000] {logging_mixin.py:151} INFO - [2023-11-02T23:32:02.019+0000] {dag.py:3722} INFO - Setting next_dagrun for example_params_trigger_ui to None, run_after=None
[2023-11-02T23:32:02.043+0000] {processor.py:179} INFO - Processing /home/airflow/.local/lib/python3.8/site-packages/airflow/example_dags/example_params_trigger_ui.py took 0.149 seconds
[2023-11-02T23:32:32.684+0000] {processor.py:157} INFO - Started process (PID=694) to work on /home/airflow/.local/lib/python3.8/site-packages/airflow/example_dags/example_params_trigger_ui.py
[2023-11-02T23:32:32.685+0000] {processor.py:829} INFO - Processing file /home/airflow/.local/lib/python3.8/site-packages/airflow/example_dags/example_params_trigger_ui.py for tasks to queue
[2023-11-02T23:32:32.688+0000] {logging_mixin.py:151} INFO - [2023-11-02T23:32:32.688+0000] {dagbag.py:536} INFO - Filling up the DagBag from /home/airflow/.local/lib/python3.8/site-packages/airflow/example_dags/example_params_trigger_ui.py
[2023-11-02T23:32:32.722+0000] {processor.py:839} INFO - DAG(s) dict_keys(['example_params_trigger_ui']) retrieved from /home/airflow/.local/lib/python3.8/site-packages/airflow/example_dags/example_params_trigger_ui.py
[2023-11-02T23:32:32.806+0000] {logging_mixin.py:151} INFO - [2023-11-02T23:32:32.805+0000] {dag.py:2941} INFO - Sync 1 DAGs
[2023-11-02T23:32:32.823+0000] {logging_mixin.py:151} INFO - [2023-11-02T23:32:32.823+0000] {dag.py:3722} INFO - Setting next_dagrun for example_params_trigger_ui to None, run_after=None
[2023-11-02T23:32:32.855+0000] {processor.py:179} INFO - Processing /home/airflow/.local/lib/python3.8/site-packages/airflow/example_dags/example_params_trigger_ui.py took 0.175 seconds
[2023-11-02T23:33:02.928+0000] {processor.py:157} INFO - Started process (PID=747) to work on /home/airflow/.local/lib/python3.8/site-packages/airflow/example_dags/example_params_trigger_ui.py
[2023-11-02T23:33:02.930+0000] {processor.py:829} INFO - Processing file /home/airflow/.local/lib/python3.8/site-packages/airflow/example_dags/example_params_trigger_ui.py for tasks to queue
[2023-11-02T23:33:02.932+0000] {logging_mixin.py:151} INFO - [2023-11-02T23:33:02.932+0000] {dagbag.py:536} INFO - Filling up the DagBag from /home/airflow/.local/lib/python3.8/site-packages/airflow/example_dags/example_params_trigger_ui.py
[2023-11-02T23:33:02.950+0000] {processor.py:839} INFO - DAG(s) dict_keys(['example_params_trigger_ui']) retrieved from /home/airflow/.local/lib/python3.8/site-packages/airflow/example_dags/example_params_trigger_ui.py
[2023-11-02T23:33:03.009+0000] {logging_mixin.py:151} INFO - [2023-11-02T23:33:03.008+0000] {dag.py:2941} INFO - Sync 1 DAGs
[2023-11-02T23:33:03.023+0000] {logging_mixin.py:151} INFO - [2023-11-02T23:33:03.023+0000] {dag.py:3722} INFO - Setting next_dagrun for example_params_trigger_ui to None, run_after=None
[2023-11-02T23:33:03.049+0000] {processor.py:179} INFO - Processing /home/airflow/.local/lib/python3.8/site-packages/airflow/example_dags/example_params_trigger_ui.py took 0.123 seconds
[2023-11-02T23:33:33.943+0000] {processor.py:157} INFO - Started process (PID=801) to work on /home/airflow/.local/lib/python3.8/site-packages/airflow/example_dags/example_params_trigger_ui.py
[2023-11-02T23:33:33.943+0000] {processor.py:829} INFO - Processing file /home/airflow/.local/lib/python3.8/site-packages/airflow/example_dags/example_params_trigger_ui.py for tasks to queue
[2023-11-02T23:33:33.945+0000] {logging_mixin.py:151} INFO - [2023-11-02T23:33:33.945+0000] {dagbag.py:536} INFO - Filling up the DagBag from /home/airflow/.local/lib/python3.8/site-packages/airflow/example_dags/example_params_trigger_ui.py
[2023-11-02T23:33:33.964+0000] {processor.py:839} INFO - DAG(s) dict_keys(['example_params_trigger_ui']) retrieved from /home/airflow/.local/lib/python3.8/site-packages/airflow/example_dags/example_params_trigger_ui.py
[2023-11-02T23:33:34.017+0000] {logging_mixin.py:151} INFO - [2023-11-02T23:33:34.017+0000] {dag.py:2941} INFO - Sync 1 DAGs
[2023-11-02T23:33:34.032+0000] {logging_mixin.py:151} INFO - [2023-11-02T23:33:34.032+0000] {dag.py:3722} INFO - Setting next_dagrun for example_params_trigger_ui to None, run_after=None
[2023-11-02T23:33:34.055+0000] {processor.py:179} INFO - Processing /home/airflow/.local/lib/python3.8/site-packages/airflow/example_dags/example_params_trigger_ui.py took 0.116 seconds
[2023-11-02T23:34:04.435+0000] {processor.py:157} INFO - Started process (PID=855) to work on /home/airflow/.local/lib/python3.8/site-packages/airflow/example_dags/example_params_trigger_ui.py
[2023-11-02T23:34:04.436+0000] {processor.py:829} INFO - Processing file /home/airflow/.local/lib/python3.8/site-packages/airflow/example_dags/example_params_trigger_ui.py for tasks to queue
[2023-11-02T23:34:04.439+0000] {logging_mixin.py:151} INFO - [2023-11-02T23:34:04.438+0000] {dagbag.py:536} INFO - Filling up the DagBag from /home/airflow/.local/lib/python3.8/site-packages/airflow/example_dags/example_params_trigger_ui.py
[2023-11-02T23:34:04.461+0000] {processor.py:839} INFO - DAG(s) dict_keys(['example_params_trigger_ui']) retrieved from /home/airflow/.local/lib/python3.8/site-packages/airflow/example_dags/example_params_trigger_ui.py
[2023-11-02T23:34:04.518+0000] {logging_mixin.py:151} INFO - [2023-11-02T23:34:04.518+0000] {dag.py:2941} INFO - Sync 1 DAGs
[2023-11-02T23:34:04.532+0000] {logging_mixin.py:151} INFO - [2023-11-02T23:34:04.532+0000] {dag.py:3722} INFO - Setting next_dagrun for example_params_trigger_ui to None, run_after=None
[2023-11-02T23:34:04.558+0000] {processor.py:179} INFO - Processing /home/airflow/.local/lib/python3.8/site-packages/airflow/example_dags/example_params_trigger_ui.py took 0.127 seconds
[2023-11-02T23:34:35.028+0000] {processor.py:157} INFO - Started process (PID=908) to work on /home/airflow/.local/lib/python3.8/site-packages/airflow/example_dags/example_params_trigger_ui.py
[2023-11-02T23:34:35.030+0000] {processor.py:829} INFO - Processing file /home/airflow/.local/lib/python3.8/site-packages/airflow/example_dags/example_params_trigger_ui.py for tasks to queue
[2023-11-02T23:34:35.032+0000] {logging_mixin.py:151} INFO - [2023-11-02T23:34:35.032+0000] {dagbag.py:536} INFO - Filling up the DagBag from /home/airflow/.local/lib/python3.8/site-packages/airflow/example_dags/example_params_trigger_ui.py
[2023-11-02T23:34:35.053+0000] {processor.py:839} INFO - DAG(s) dict_keys(['example_params_trigger_ui']) retrieved from /home/airflow/.local/lib/python3.8/site-packages/airflow/example_dags/example_params_trigger_ui.py
[2023-11-02T23:34:35.108+0000] {logging_mixin.py:151} INFO - [2023-11-02T23:34:35.108+0000] {dag.py:2941} INFO - Sync 1 DAGs
[2023-11-02T23:34:35.122+0000] {logging_mixin.py:151} INFO - [2023-11-02T23:34:35.122+0000] {dag.py:3722} INFO - Setting next_dagrun for example_params_trigger_ui to None, run_after=None
[2023-11-02T23:34:35.145+0000] {processor.py:179} INFO - Processing /home/airflow/.local/lib/python3.8/site-packages/airflow/example_dags/example_params_trigger_ui.py took 0.120 seconds
[2023-11-02T23:35:05.766+0000] {processor.py:157} INFO - Started process (PID=961) to work on /home/airflow/.local/lib/python3.8/site-packages/airflow/example_dags/example_params_trigger_ui.py
[2023-11-02T23:35:05.767+0000] {processor.py:829} INFO - Processing file /home/airflow/.local/lib/python3.8/site-packages/airflow/example_dags/example_params_trigger_ui.py for tasks to queue
[2023-11-02T23:35:05.769+0000] {logging_mixin.py:151} INFO - [2023-11-02T23:35:05.769+0000] {dagbag.py:536} INFO - Filling up the DagBag from /home/airflow/.local/lib/python3.8/site-packages/airflow/example_dags/example_params_trigger_ui.py
[2023-11-02T23:35:05.788+0000] {processor.py:839} INFO - DAG(s) dict_keys(['example_params_trigger_ui']) retrieved from /home/airflow/.local/lib/python3.8/site-packages/airflow/example_dags/example_params_trigger_ui.py
[2023-11-02T23:35:05.844+0000] {logging_mixin.py:151} INFO - [2023-11-02T23:35:05.844+0000] {dag.py:2941} INFO - Sync 1 DAGs
[2023-11-02T23:35:05.863+0000] {logging_mixin.py:151} INFO - [2023-11-02T23:35:05.862+0000] {dag.py:3722} INFO - Setting next_dagrun for example_params_trigger_ui to None, run_after=None
[2023-11-02T23:35:05.891+0000] {processor.py:179} INFO - Processing /home/airflow/.local/lib/python3.8/site-packages/airflow/example_dags/example_params_trigger_ui.py took 0.129 seconds
[2023-11-02T23:35:36.377+0000] {processor.py:157} INFO - Started process (PID=1015) to work on /home/airflow/.local/lib/python3.8/site-packages/airflow/example_dags/example_params_trigger_ui.py
[2023-11-02T23:35:36.378+0000] {processor.py:829} INFO - Processing file /home/airflow/.local/lib/python3.8/site-packages/airflow/example_dags/example_params_trigger_ui.py for tasks to queue
[2023-11-02T23:35:36.380+0000] {logging_mixin.py:151} INFO - [2023-11-02T23:35:36.380+0000] {dagbag.py:536} INFO - Filling up the DagBag from /home/airflow/.local/lib/python3.8/site-packages/airflow/example_dags/example_params_trigger_ui.py
[2023-11-02T23:35:36.401+0000] {processor.py:839} INFO - DAG(s) dict_keys(['example_params_trigger_ui']) retrieved from /home/airflow/.local/lib/python3.8/site-packages/airflow/example_dags/example_params_trigger_ui.py
[2023-11-02T23:35:36.452+0000] {logging_mixin.py:151} INFO - [2023-11-02T23:35:36.452+0000] {dag.py:2941} INFO - Sync 1 DAGs
[2023-11-02T23:35:36.467+0000] {logging_mixin.py:151} INFO - [2023-11-02T23:35:36.467+0000] {dag.py:3722} INFO - Setting next_dagrun for example_params_trigger_ui to None, run_after=None
[2023-11-02T23:35:36.661+0000] {processor.py:179} INFO - Processing /home/airflow/.local/lib/python3.8/site-packages/airflow/example_dags/example_params_trigger_ui.py took 0.287 seconds
[2023-11-02T23:36:07.140+0000] {processor.py:157} INFO - Started process (PID=1069) to work on /home/airflow/.local/lib/python3.8/site-packages/airflow/example_dags/example_params_trigger_ui.py
[2023-11-02T23:36:07.140+0000] {processor.py:829} INFO - Processing file /home/airflow/.local/lib/python3.8/site-packages/airflow/example_dags/example_params_trigger_ui.py for tasks to queue
[2023-11-02T23:36:07.143+0000] {logging_mixin.py:151} INFO - [2023-11-02T23:36:07.143+0000] {dagbag.py:536} INFO - Filling up the DagBag from /home/airflow/.local/lib/python3.8/site-packages/airflow/example_dags/example_params_trigger_ui.py
[2023-11-02T23:36:07.163+0000] {processor.py:839} INFO - DAG(s) dict_keys(['example_params_trigger_ui']) retrieved from /home/airflow/.local/lib/python3.8/site-packages/airflow/example_dags/example_params_trigger_ui.py
[2023-11-02T23:36:07.218+0000] {logging_mixin.py:151} INFO - [2023-11-02T23:36:07.218+0000] {dag.py:2941} INFO - Sync 1 DAGs
[2023-11-02T23:36:07.233+0000] {logging_mixin.py:151} INFO - [2023-11-02T23:36:07.232+0000] {dag.py:3722} INFO - Setting next_dagrun for example_params_trigger_ui to None, run_after=None
[2023-11-02T23:36:07.261+0000] {processor.py:179} INFO - Processing /home/airflow/.local/lib/python3.8/site-packages/airflow/example_dags/example_params_trigger_ui.py took 0.126 seconds
[2023-11-02T23:36:37.425+0000] {processor.py:157} INFO - Started process (PID=1123) to work on /home/airflow/.local/lib/python3.8/site-packages/airflow/example_dags/example_params_trigger_ui.py
[2023-11-02T23:36:37.427+0000] {processor.py:829} INFO - Processing file /home/airflow/.local/lib/python3.8/site-packages/airflow/example_dags/example_params_trigger_ui.py for tasks to queue
[2023-11-02T23:36:37.429+0000] {logging_mixin.py:151} INFO - [2023-11-02T23:36:37.428+0000] {dagbag.py:536} INFO - Filling up the DagBag from /home/airflow/.local/lib/python3.8/site-packages/airflow/example_dags/example_params_trigger_ui.py
[2023-11-02T23:36:37.448+0000] {processor.py:839} INFO - DAG(s) dict_keys(['example_params_trigger_ui']) retrieved from /home/airflow/.local/lib/python3.8/site-packages/airflow/example_dags/example_params_trigger_ui.py
[2023-11-02T23:36:37.506+0000] {logging_mixin.py:151} INFO - [2023-11-02T23:36:37.505+0000] {dag.py:2941} INFO - Sync 1 DAGs
[2023-11-02T23:36:37.520+0000] {logging_mixin.py:151} INFO - [2023-11-02T23:36:37.519+0000] {dag.py:3722} INFO - Setting next_dagrun for example_params_trigger_ui to None, run_after=None
[2023-11-02T23:36:37.544+0000] {processor.py:179} INFO - Processing /home/airflow/.local/lib/python3.8/site-packages/airflow/example_dags/example_params_trigger_ui.py took 0.122 seconds
[2023-11-02T23:37:08.304+0000] {processor.py:157} INFO - Started process (PID=1178) to work on /home/airflow/.local/lib/python3.8/site-packages/airflow/example_dags/example_params_trigger_ui.py
[2023-11-02T23:37:08.306+0000] {processor.py:829} INFO - Processing file /home/airflow/.local/lib/python3.8/site-packages/airflow/example_dags/example_params_trigger_ui.py for tasks to queue
[2023-11-02T23:37:08.308+0000] {logging_mixin.py:151} INFO - [2023-11-02T23:37:08.308+0000] {dagbag.py:536} INFO - Filling up the DagBag from /home/airflow/.local/lib/python3.8/site-packages/airflow/example_dags/example_params_trigger_ui.py
[2023-11-02T23:37:08.326+0000] {processor.py:839} INFO - DAG(s) dict_keys(['example_params_trigger_ui']) retrieved from /home/airflow/.local/lib/python3.8/site-packages/airflow/example_dags/example_params_trigger_ui.py
[2023-11-02T23:37:08.385+0000] {logging_mixin.py:151} INFO - [2023-11-02T23:37:08.385+0000] {dag.py:2941} INFO - Sync 1 DAGs
[2023-11-02T23:37:08.555+0000] {logging_mixin.py:151} INFO - [2023-11-02T23:37:08.555+0000] {dag.py:3722} INFO - Setting next_dagrun for example_params_trigger_ui to None, run_after=None
[2023-11-02T23:37:08.579+0000] {processor.py:179} INFO - Processing /home/airflow/.local/lib/python3.8/site-packages/airflow/example_dags/example_params_trigger_ui.py took 0.278 seconds
[2023-11-02T23:37:38.728+0000] {processor.py:157} INFO - Started process (PID=1232) to work on /home/airflow/.local/lib/python3.8/site-packages/airflow/example_dags/example_params_trigger_ui.py
[2023-11-02T23:37:38.729+0000] {processor.py:829} INFO - Processing file /home/airflow/.local/lib/python3.8/site-packages/airflow/example_dags/example_params_trigger_ui.py for tasks to queue
[2023-11-02T23:37:38.731+0000] {logging_mixin.py:151} INFO - [2023-11-02T23:37:38.731+0000] {dagbag.py:536} INFO - Filling up the DagBag from /home/airflow/.local/lib/python3.8/site-packages/airflow/example_dags/example_params_trigger_ui.py
[2023-11-02T23:37:38.750+0000] {processor.py:839} INFO - DAG(s) dict_keys(['example_params_trigger_ui']) retrieved from /home/airflow/.local/lib/python3.8/site-packages/airflow/example_dags/example_params_trigger_ui.py
[2023-11-02T23:37:38.809+0000] {logging_mixin.py:151} INFO - [2023-11-02T23:37:38.808+0000] {dag.py:2941} INFO - Sync 1 DAGs
[2023-11-02T23:37:38.824+0000] {logging_mixin.py:151} INFO - [2023-11-02T23:37:38.824+0000] {dag.py:3722} INFO - Setting next_dagrun for example_params_trigger_ui to None, run_after=None
[2023-11-02T23:37:39.007+0000] {processor.py:179} INFO - Processing /home/airflow/.local/lib/python3.8/site-packages/airflow/example_dags/example_params_trigger_ui.py took 0.283 seconds
[2023-11-02T23:38:09.161+0000] {processor.py:157} INFO - Started process (PID=1287) to work on /home/airflow/.local/lib/python3.8/site-packages/airflow/example_dags/example_params_trigger_ui.py
[2023-11-02T23:38:09.162+0000] {processor.py:829} INFO - Processing file /home/airflow/.local/lib/python3.8/site-packages/airflow/example_dags/example_params_trigger_ui.py for tasks to queue
[2023-11-02T23:38:09.164+0000] {logging_mixin.py:151} INFO - [2023-11-02T23:38:09.164+0000] {dagbag.py:536} INFO - Filling up the DagBag from /home/airflow/.local/lib/python3.8/site-packages/airflow/example_dags/example_params_trigger_ui.py
[2023-11-02T23:38:09.189+0000] {processor.py:839} INFO - DAG(s) dict_keys(['example_params_trigger_ui']) retrieved from /home/airflow/.local/lib/python3.8/site-packages/airflow/example_dags/example_params_trigger_ui.py
[2023-11-02T23:38:09.268+0000] {logging_mixin.py:151} INFO - [2023-11-02T23:38:09.267+0000] {dag.py:2941} INFO - Sync 1 DAGs
[2023-11-02T23:38:09.290+0000] {logging_mixin.py:151} INFO - [2023-11-02T23:38:09.290+0000] {dag.py:3722} INFO - Setting next_dagrun for example_params_trigger_ui to None, run_after=None
[2023-11-02T23:38:09.325+0000] {processor.py:179} INFO - Processing /home/airflow/.local/lib/python3.8/site-packages/airflow/example_dags/example_params_trigger_ui.py took 0.169 seconds
[2023-11-02T23:38:40.537+0000] {processor.py:157} INFO - Started process (PID=1348) to work on /home/airflow/.local/lib/python3.8/site-packages/airflow/example_dags/example_params_trigger_ui.py
[2023-11-02T23:38:40.539+0000] {processor.py:829} INFO - Processing file /home/airflow/.local/lib/python3.8/site-packages/airflow/example_dags/example_params_trigger_ui.py for tasks to queue
[2023-11-02T23:38:40.541+0000] {logging_mixin.py:151} INFO - [2023-11-02T23:38:40.541+0000] {dagbag.py:536} INFO - Filling up the DagBag from /home/airflow/.local/lib/python3.8/site-packages/airflow/example_dags/example_params_trigger_ui.py
[2023-11-02T23:38:40.562+0000] {processor.py:839} INFO - DAG(s) dict_keys(['example_params_trigger_ui']) retrieved from /home/airflow/.local/lib/python3.8/site-packages/airflow/example_dags/example_params_trigger_ui.py
[2023-11-02T23:38:40.642+0000] {logging_mixin.py:151} INFO - [2023-11-02T23:38:40.642+0000] {dag.py:2941} INFO - Sync 1 DAGs
[2023-11-02T23:38:40.658+0000] {logging_mixin.py:151} INFO - [2023-11-02T23:38:40.658+0000] {dag.py:3722} INFO - Setting next_dagrun for example_params_trigger_ui to None, run_after=None
[2023-11-02T23:38:40.690+0000] {processor.py:179} INFO - Processing /home/airflow/.local/lib/python3.8/site-packages/airflow/example_dags/example_params_trigger_ui.py took 0.156 seconds
[2023-11-02T23:39:11.042+0000] {processor.py:157} INFO - Started process (PID=1401) to work on /home/airflow/.local/lib/python3.8/site-packages/airflow/example_dags/example_params_trigger_ui.py
[2023-11-02T23:39:11.043+0000] {processor.py:829} INFO - Processing file /home/airflow/.local/lib/python3.8/site-packages/airflow/example_dags/example_params_trigger_ui.py for tasks to queue
[2023-11-02T23:39:11.045+0000] {logging_mixin.py:151} INFO - [2023-11-02T23:39:11.045+0000] {dagbag.py:536} INFO - Filling up the DagBag from /home/airflow/.local/lib/python3.8/site-packages/airflow/example_dags/example_params_trigger_ui.py
[2023-11-02T23:39:11.063+0000] {processor.py:839} INFO - DAG(s) dict_keys(['example_params_trigger_ui']) retrieved from /home/airflow/.local/lib/python3.8/site-packages/airflow/example_dags/example_params_trigger_ui.py
[2023-11-02T23:39:11.125+0000] {logging_mixin.py:151} INFO - [2023-11-02T23:39:11.125+0000] {dag.py:2941} INFO - Sync 1 DAGs
[2023-11-02T23:39:11.309+0000] {logging_mixin.py:151} INFO - [2023-11-02T23:39:11.309+0000] {dag.py:3722} INFO - Setting next_dagrun for example_params_trigger_ui to None, run_after=None
[2023-11-02T23:39:11.331+0000] {processor.py:179} INFO - Processing /home/airflow/.local/lib/python3.8/site-packages/airflow/example_dags/example_params_trigger_ui.py took 0.292 seconds
[2023-11-02T23:39:41.815+0000] {processor.py:157} INFO - Started process (PID=1455) to work on /home/airflow/.local/lib/python3.8/site-packages/airflow/example_dags/example_params_trigger_ui.py
[2023-11-02T23:39:41.817+0000] {processor.py:829} INFO - Processing file /home/airflow/.local/lib/python3.8/site-packages/airflow/example_dags/example_params_trigger_ui.py for tasks to queue
[2023-11-02T23:39:41.821+0000] {logging_mixin.py:151} INFO - [2023-11-02T23:39:41.820+0000] {dagbag.py:536} INFO - Filling up the DagBag from /home/airflow/.local/lib/python3.8/site-packages/airflow/example_dags/example_params_trigger_ui.py
[2023-11-02T23:39:41.838+0000] {processor.py:839} INFO - DAG(s) dict_keys(['example_params_trigger_ui']) retrieved from /home/airflow/.local/lib/python3.8/site-packages/airflow/example_dags/example_params_trigger_ui.py
[2023-11-02T23:39:41.891+0000] {logging_mixin.py:151} INFO - [2023-11-02T23:39:41.891+0000] {dag.py:2941} INFO - Sync 1 DAGs
[2023-11-02T23:39:41.904+0000] {logging_mixin.py:151} INFO - [2023-11-02T23:39:41.903+0000] {dag.py:3722} INFO - Setting next_dagrun for example_params_trigger_ui to None, run_after=None
[2023-11-02T23:39:41.933+0000] {processor.py:179} INFO - Processing /home/airflow/.local/lib/python3.8/site-packages/airflow/example_dags/example_params_trigger_ui.py took 0.121 seconds
[2023-11-02T23:40:12.301+0000] {processor.py:157} INFO - Started process (PID=1508) to work on /home/airflow/.local/lib/python3.8/site-packages/airflow/example_dags/example_params_trigger_ui.py
[2023-11-02T23:40:12.302+0000] {processor.py:829} INFO - Processing file /home/airflow/.local/lib/python3.8/site-packages/airflow/example_dags/example_params_trigger_ui.py for tasks to queue
[2023-11-02T23:40:12.304+0000] {logging_mixin.py:151} INFO - [2023-11-02T23:40:12.304+0000] {dagbag.py:536} INFO - Filling up the DagBag from /home/airflow/.local/lib/python3.8/site-packages/airflow/example_dags/example_params_trigger_ui.py
[2023-11-02T23:40:12.323+0000] {processor.py:839} INFO - DAG(s) dict_keys(['example_params_trigger_ui']) retrieved from /home/airflow/.local/lib/python3.8/site-packages/airflow/example_dags/example_params_trigger_ui.py
[2023-11-02T23:40:12.376+0000] {logging_mixin.py:151} INFO - [2023-11-02T23:40:12.376+0000] {dag.py:2941} INFO - Sync 1 DAGs
[2023-11-02T23:40:12.388+0000] {logging_mixin.py:151} INFO - [2023-11-02T23:40:12.388+0000] {dag.py:3722} INFO - Setting next_dagrun for example_params_trigger_ui to None, run_after=None
[2023-11-02T23:40:12.414+0000] {processor.py:179} INFO - Processing /home/airflow/.local/lib/python3.8/site-packages/airflow/example_dags/example_params_trigger_ui.py took 0.117 seconds
[2023-11-02T23:40:43.144+0000] {processor.py:157} INFO - Started process (PID=1562) to work on /home/airflow/.local/lib/python3.8/site-packages/airflow/example_dags/example_params_trigger_ui.py
[2023-11-02T23:40:43.146+0000] {processor.py:829} INFO - Processing file /home/airflow/.local/lib/python3.8/site-packages/airflow/example_dags/example_params_trigger_ui.py for tasks to queue
[2023-11-02T23:40:43.148+0000] {logging_mixin.py:151} INFO - [2023-11-02T23:40:43.147+0000] {dagbag.py:536} INFO - Filling up the DagBag from /home/airflow/.local/lib/python3.8/site-packages/airflow/example_dags/example_params_trigger_ui.py
[2023-11-02T23:40:43.167+0000] {processor.py:839} INFO - DAG(s) dict_keys(['example_params_trigger_ui']) retrieved from /home/airflow/.local/lib/python3.8/site-packages/airflow/example_dags/example_params_trigger_ui.py
[2023-11-02T23:40:43.384+0000] {logging_mixin.py:151} INFO - [2023-11-02T23:40:43.384+0000] {dag.py:2941} INFO - Sync 1 DAGs
[2023-11-02T23:40:43.399+0000] {logging_mixin.py:151} INFO - [2023-11-02T23:40:43.398+0000] {dag.py:3722} INFO - Setting next_dagrun for example_params_trigger_ui to None, run_after=None
[2023-11-02T23:40:43.425+0000] {processor.py:179} INFO - Processing /home/airflow/.local/lib/python3.8/site-packages/airflow/example_dags/example_params_trigger_ui.py took 0.284 seconds
[2023-11-02T23:41:14.275+0000] {processor.py:157} INFO - Started process (PID=1616) to work on /home/airflow/.local/lib/python3.8/site-packages/airflow/example_dags/example_params_trigger_ui.py
[2023-11-02T23:41:14.276+0000] {processor.py:829} INFO - Processing file /home/airflow/.local/lib/python3.8/site-packages/airflow/example_dags/example_params_trigger_ui.py for tasks to queue
[2023-11-02T23:41:14.278+0000] {logging_mixin.py:151} INFO - [2023-11-02T23:41:14.278+0000] {dagbag.py:536} INFO - Filling up the DagBag from /home/airflow/.local/lib/python3.8/site-packages/airflow/example_dags/example_params_trigger_ui.py
[2023-11-02T23:41:14.295+0000] {processor.py:839} INFO - DAG(s) dict_keys(['example_params_trigger_ui']) retrieved from /home/airflow/.local/lib/python3.8/site-packages/airflow/example_dags/example_params_trigger_ui.py
[2023-11-02T23:41:14.357+0000] {logging_mixin.py:151} INFO - [2023-11-02T23:41:14.357+0000] {dag.py:2941} INFO - Sync 1 DAGs
[2023-11-02T23:41:14.372+0000] {logging_mixin.py:151} INFO - [2023-11-02T23:41:14.372+0000] {dag.py:3722} INFO - Setting next_dagrun for example_params_trigger_ui to None, run_after=None
[2023-11-02T23:41:14.404+0000] {processor.py:179} INFO - Processing /home/airflow/.local/lib/python3.8/site-packages/airflow/example_dags/example_params_trigger_ui.py took 0.132 seconds
[2023-11-02T23:41:44.502+0000] {processor.py:157} INFO - Started process (PID=1670) to work on /home/airflow/.local/lib/python3.8/site-packages/airflow/example_dags/example_params_trigger_ui.py
[2023-11-02T23:41:44.504+0000] {processor.py:829} INFO - Processing file /home/airflow/.local/lib/python3.8/site-packages/airflow/example_dags/example_params_trigger_ui.py for tasks to queue
[2023-11-02T23:41:44.506+0000] {logging_mixin.py:151} INFO - [2023-11-02T23:41:44.506+0000] {dagbag.py:536} INFO - Filling up the DagBag from /home/airflow/.local/lib/python3.8/site-packages/airflow/example_dags/example_params_trigger_ui.py
[2023-11-02T23:41:44.525+0000] {processor.py:839} INFO - DAG(s) dict_keys(['example_params_trigger_ui']) retrieved from /home/airflow/.local/lib/python3.8/site-packages/airflow/example_dags/example_params_trigger_ui.py
[2023-11-02T23:41:44.597+0000] {logging_mixin.py:151} INFO - [2023-11-02T23:41:44.597+0000] {dag.py:2941} INFO - Sync 1 DAGs
[2023-11-02T23:41:44.611+0000] {logging_mixin.py:151} INFO - [2023-11-02T23:41:44.611+0000] {dag.py:3722} INFO - Setting next_dagrun for example_params_trigger_ui to None, run_after=None
[2023-11-02T23:41:44.662+0000] {processor.py:179} INFO - Processing /home/airflow/.local/lib/python3.8/site-packages/airflow/example_dags/example_params_trigger_ui.py took 0.164 seconds
[2023-11-02T23:42:14.713+0000] {processor.py:157} INFO - Started process (PID=1724) to work on /home/airflow/.local/lib/python3.8/site-packages/airflow/example_dags/example_params_trigger_ui.py
[2023-11-02T23:42:14.714+0000] {processor.py:829} INFO - Processing file /home/airflow/.local/lib/python3.8/site-packages/airflow/example_dags/example_params_trigger_ui.py for tasks to queue
[2023-11-02T23:42:14.716+0000] {logging_mixin.py:151} INFO - [2023-11-02T23:42:14.716+0000] {dagbag.py:536} INFO - Filling up the DagBag from /home/airflow/.local/lib/python3.8/site-packages/airflow/example_dags/example_params_trigger_ui.py
[2023-11-02T23:42:14.735+0000] {processor.py:839} INFO - DAG(s) dict_keys(['example_params_trigger_ui']) retrieved from /home/airflow/.local/lib/python3.8/site-packages/airflow/example_dags/example_params_trigger_ui.py
[2023-11-02T23:42:14.794+0000] {logging_mixin.py:151} INFO - [2023-11-02T23:42:14.794+0000] {dag.py:2941} INFO - Sync 1 DAGs
[2023-11-02T23:42:14.807+0000] {logging_mixin.py:151} INFO - [2023-11-02T23:42:14.807+0000] {dag.py:3722} INFO - Setting next_dagrun for example_params_trigger_ui to None, run_after=None
[2023-11-02T23:42:14.836+0000] {processor.py:179} INFO - Processing /home/airflow/.local/lib/python3.8/site-packages/airflow/example_dags/example_params_trigger_ui.py took 0.126 seconds
[2023-11-02T23:42:44.953+0000] {processor.py:157} INFO - Started process (PID=1778) to work on /home/airflow/.local/lib/python3.8/site-packages/airflow/example_dags/example_params_trigger_ui.py
[2023-11-02T23:42:44.954+0000] {processor.py:829} INFO - Processing file /home/airflow/.local/lib/python3.8/site-packages/airflow/example_dags/example_params_trigger_ui.py for tasks to queue
[2023-11-02T23:42:44.957+0000] {logging_mixin.py:151} INFO - [2023-11-02T23:42:44.957+0000] {dagbag.py:536} INFO - Filling up the DagBag from /home/airflow/.local/lib/python3.8/site-packages/airflow/example_dags/example_params_trigger_ui.py
[2023-11-02T23:42:44.975+0000] {processor.py:839} INFO - DAG(s) dict_keys(['example_params_trigger_ui']) retrieved from /home/airflow/.local/lib/python3.8/site-packages/airflow/example_dags/example_params_trigger_ui.py
[2023-11-02T23:42:45.037+0000] {logging_mixin.py:151} INFO - [2023-11-02T23:42:45.037+0000] {dag.py:2941} INFO - Sync 1 DAGs
[2023-11-02T23:42:45.051+0000] {logging_mixin.py:151} INFO - [2023-11-02T23:42:45.051+0000] {dag.py:3722} INFO - Setting next_dagrun for example_params_trigger_ui to None, run_after=None
[2023-11-02T23:42:45.080+0000] {processor.py:179} INFO - Processing /home/airflow/.local/lib/python3.8/site-packages/airflow/example_dags/example_params_trigger_ui.py took 0.131 seconds
[2023-11-02T23:43:15.140+0000] {processor.py:157} INFO - Started process (PID=1832) to work on /home/airflow/.local/lib/python3.8/site-packages/airflow/example_dags/example_params_trigger_ui.py
[2023-11-02T23:43:15.141+0000] {processor.py:829} INFO - Processing file /home/airflow/.local/lib/python3.8/site-packages/airflow/example_dags/example_params_trigger_ui.py for tasks to queue
[2023-11-02T23:43:15.144+0000] {logging_mixin.py:151} INFO - [2023-11-02T23:43:15.143+0000] {dagbag.py:536} INFO - Filling up the DagBag from /home/airflow/.local/lib/python3.8/site-packages/airflow/example_dags/example_params_trigger_ui.py
[2023-11-02T23:43:15.162+0000] {processor.py:839} INFO - DAG(s) dict_keys(['example_params_trigger_ui']) retrieved from /home/airflow/.local/lib/python3.8/site-packages/airflow/example_dags/example_params_trigger_ui.py
[2023-11-02T23:43:15.217+0000] {logging_mixin.py:151} INFO - [2023-11-02T23:43:15.217+0000] {dag.py:2941} INFO - Sync 1 DAGs
[2023-11-02T23:43:15.233+0000] {logging_mixin.py:151} INFO - [2023-11-02T23:43:15.233+0000] {dag.py:3722} INFO - Setting next_dagrun for example_params_trigger_ui to None, run_after=None
[2023-11-02T23:43:15.262+0000] {processor.py:179} INFO - Processing /home/airflow/.local/lib/python3.8/site-packages/airflow/example_dags/example_params_trigger_ui.py took 0.125 seconds
[2023-11-02T23:43:45.329+0000] {processor.py:157} INFO - Started process (PID=1886) to work on /home/airflow/.local/lib/python3.8/site-packages/airflow/example_dags/example_params_trigger_ui.py
[2023-11-02T23:43:45.330+0000] {processor.py:829} INFO - Processing file /home/airflow/.local/lib/python3.8/site-packages/airflow/example_dags/example_params_trigger_ui.py for tasks to queue
[2023-11-02T23:43:45.332+0000] {logging_mixin.py:151} INFO - [2023-11-02T23:43:45.332+0000] {dagbag.py:536} INFO - Filling up the DagBag from /home/airflow/.local/lib/python3.8/site-packages/airflow/example_dags/example_params_trigger_ui.py
[2023-11-02T23:43:45.350+0000] {processor.py:839} INFO - DAG(s) dict_keys(['example_params_trigger_ui']) retrieved from /home/airflow/.local/lib/python3.8/site-packages/airflow/example_dags/example_params_trigger_ui.py
[2023-11-02T23:43:45.408+0000] {logging_mixin.py:151} INFO - [2023-11-02T23:43:45.408+0000] {dag.py:2941} INFO - Sync 1 DAGs
[2023-11-02T23:43:45.422+0000] {logging_mixin.py:151} INFO - [2023-11-02T23:43:45.422+0000] {dag.py:3722} INFO - Setting next_dagrun for example_params_trigger_ui to None, run_after=None
[2023-11-02T23:43:45.451+0000] {processor.py:179} INFO - Processing /home/airflow/.local/lib/python3.8/site-packages/airflow/example_dags/example_params_trigger_ui.py took 0.125 seconds
[2023-11-02T23:44:15.679+0000] {processor.py:157} INFO - Started process (PID=1940) to work on /home/airflow/.local/lib/python3.8/site-packages/airflow/example_dags/example_params_trigger_ui.py
[2023-11-02T23:44:15.680+0000] {processor.py:829} INFO - Processing file /home/airflow/.local/lib/python3.8/site-packages/airflow/example_dags/example_params_trigger_ui.py for tasks to queue
[2023-11-02T23:44:15.683+0000] {logging_mixin.py:151} INFO - [2023-11-02T23:44:15.683+0000] {dagbag.py:536} INFO - Filling up the DagBag from /home/airflow/.local/lib/python3.8/site-packages/airflow/example_dags/example_params_trigger_ui.py
[2023-11-02T23:44:15.702+0000] {processor.py:839} INFO - DAG(s) dict_keys(['example_params_trigger_ui']) retrieved from /home/airflow/.local/lib/python3.8/site-packages/airflow/example_dags/example_params_trigger_ui.py
[2023-11-02T23:44:15.758+0000] {logging_mixin.py:151} INFO - [2023-11-02T23:44:15.758+0000] {dag.py:2941} INFO - Sync 1 DAGs
[2023-11-02T23:44:15.772+0000] {logging_mixin.py:151} INFO - [2023-11-02T23:44:15.772+0000] {dag.py:3722} INFO - Setting next_dagrun for example_params_trigger_ui to None, run_after=None
[2023-11-02T23:44:15.801+0000] {processor.py:179} INFO - Processing /home/airflow/.local/lib/python3.8/site-packages/airflow/example_dags/example_params_trigger_ui.py took 0.125 seconds
[2023-11-02T23:44:45.911+0000] {processor.py:157} INFO - Started process (PID=1994) to work on /home/airflow/.local/lib/python3.8/site-packages/airflow/example_dags/example_params_trigger_ui.py
[2023-11-02T23:44:45.912+0000] {processor.py:829} INFO - Processing file /home/airflow/.local/lib/python3.8/site-packages/airflow/example_dags/example_params_trigger_ui.py for tasks to queue
[2023-11-02T23:44:45.914+0000] {logging_mixin.py:151} INFO - [2023-11-02T23:44:45.914+0000] {dagbag.py:536} INFO - Filling up the DagBag from /home/airflow/.local/lib/python3.8/site-packages/airflow/example_dags/example_params_trigger_ui.py
[2023-11-02T23:44:45.932+0000] {processor.py:839} INFO - DAG(s) dict_keys(['example_params_trigger_ui']) retrieved from /home/airflow/.local/lib/python3.8/site-packages/airflow/example_dags/example_params_trigger_ui.py
[2023-11-02T23:44:45.988+0000] {logging_mixin.py:151} INFO - [2023-11-02T23:44:45.988+0000] {dag.py:2941} INFO - Sync 1 DAGs
[2023-11-02T23:44:46.002+0000] {logging_mixin.py:151} INFO - [2023-11-02T23:44:46.002+0000] {dag.py:3722} INFO - Setting next_dagrun for example_params_trigger_ui to None, run_after=None
[2023-11-02T23:44:46.031+0000] {processor.py:179} INFO - Processing /home/airflow/.local/lib/python3.8/site-packages/airflow/example_dags/example_params_trigger_ui.py took 0.123 seconds
[2023-11-02T23:45:16.477+0000] {processor.py:157} INFO - Started process (PID=2048) to work on /home/airflow/.local/lib/python3.8/site-packages/airflow/example_dags/example_params_trigger_ui.py
[2023-11-02T23:45:16.478+0000] {processor.py:829} INFO - Processing file /home/airflow/.local/lib/python3.8/site-packages/airflow/example_dags/example_params_trigger_ui.py for tasks to queue
[2023-11-02T23:45:16.480+0000] {logging_mixin.py:151} INFO - [2023-11-02T23:45:16.480+0000] {dagbag.py:536} INFO - Filling up the DagBag from /home/airflow/.local/lib/python3.8/site-packages/airflow/example_dags/example_params_trigger_ui.py
[2023-11-02T23:45:16.500+0000] {processor.py:839} INFO - DAG(s) dict_keys(['example_params_trigger_ui']) retrieved from /home/airflow/.local/lib/python3.8/site-packages/airflow/example_dags/example_params_trigger_ui.py
[2023-11-02T23:45:16.560+0000] {logging_mixin.py:151} INFO - [2023-11-02T23:45:16.559+0000] {dag.py:2941} INFO - Sync 1 DAGs
[2023-11-02T23:45:16.572+0000] {logging_mixin.py:151} INFO - [2023-11-02T23:45:16.572+0000] {dag.py:3722} INFO - Setting next_dagrun for example_params_trigger_ui to None, run_after=None
[2023-11-02T23:45:16.603+0000] {processor.py:179} INFO - Processing /home/airflow/.local/lib/python3.8/site-packages/airflow/example_dags/example_params_trigger_ui.py took 0.129 seconds
[2023-11-02T23:45:46.722+0000] {processor.py:157} INFO - Started process (PID=2102) to work on /home/airflow/.local/lib/python3.8/site-packages/airflow/example_dags/example_params_trigger_ui.py
[2023-11-02T23:45:46.723+0000] {processor.py:829} INFO - Processing file /home/airflow/.local/lib/python3.8/site-packages/airflow/example_dags/example_params_trigger_ui.py for tasks to queue
[2023-11-02T23:45:46.725+0000] {logging_mixin.py:151} INFO - [2023-11-02T23:45:46.724+0000] {dagbag.py:536} INFO - Filling up the DagBag from /home/airflow/.local/lib/python3.8/site-packages/airflow/example_dags/example_params_trigger_ui.py
[2023-11-02T23:45:46.744+0000] {processor.py:839} INFO - DAG(s) dict_keys(['example_params_trigger_ui']) retrieved from /home/airflow/.local/lib/python3.8/site-packages/airflow/example_dags/example_params_trigger_ui.py
[2023-11-02T23:45:46.815+0000] {logging_mixin.py:151} INFO - [2023-11-02T23:45:46.815+0000] {dag.py:2941} INFO - Sync 1 DAGs
[2023-11-02T23:45:46.829+0000] {logging_mixin.py:151} INFO - [2023-11-02T23:45:46.829+0000] {dag.py:3722} INFO - Setting next_dagrun for example_params_trigger_ui to None, run_after=None
[2023-11-02T23:45:46.859+0000] {processor.py:179} INFO - Processing /home/airflow/.local/lib/python3.8/site-packages/airflow/example_dags/example_params_trigger_ui.py took 0.141 seconds
[2023-11-02T23:46:16.964+0000] {processor.py:157} INFO - Started process (PID=2156) to work on /home/airflow/.local/lib/python3.8/site-packages/airflow/example_dags/example_params_trigger_ui.py
[2023-11-02T23:46:16.965+0000] {processor.py:829} INFO - Processing file /home/airflow/.local/lib/python3.8/site-packages/airflow/example_dags/example_params_trigger_ui.py for tasks to queue
[2023-11-02T23:46:16.968+0000] {logging_mixin.py:151} INFO - [2023-11-02T23:46:16.968+0000] {dagbag.py:536} INFO - Filling up the DagBag from /home/airflow/.local/lib/python3.8/site-packages/airflow/example_dags/example_params_trigger_ui.py
[2023-11-02T23:46:16.987+0000] {processor.py:839} INFO - DAG(s) dict_keys(['example_params_trigger_ui']) retrieved from /home/airflow/.local/lib/python3.8/site-packages/airflow/example_dags/example_params_trigger_ui.py
[2023-11-02T23:46:17.042+0000] {logging_mixin.py:151} INFO - [2023-11-02T23:46:17.042+0000] {dag.py:2941} INFO - Sync 1 DAGs
[2023-11-02T23:46:17.057+0000] {logging_mixin.py:151} INFO - [2023-11-02T23:46:17.057+0000] {dag.py:3722} INFO - Setting next_dagrun for example_params_trigger_ui to None, run_after=None
[2023-11-02T23:46:17.089+0000] {processor.py:179} INFO - Processing /home/airflow/.local/lib/python3.8/site-packages/airflow/example_dags/example_params_trigger_ui.py took 0.128 seconds
[2023-11-02T23:46:47.172+0000] {processor.py:157} INFO - Started process (PID=2210) to work on /home/airflow/.local/lib/python3.8/site-packages/airflow/example_dags/example_params_trigger_ui.py
[2023-11-02T23:46:47.174+0000] {processor.py:829} INFO - Processing file /home/airflow/.local/lib/python3.8/site-packages/airflow/example_dags/example_params_trigger_ui.py for tasks to queue
[2023-11-02T23:46:47.177+0000] {logging_mixin.py:151} INFO - [2023-11-02T23:46:47.176+0000] {dagbag.py:536} INFO - Filling up the DagBag from /home/airflow/.local/lib/python3.8/site-packages/airflow/example_dags/example_params_trigger_ui.py
[2023-11-02T23:46:47.193+0000] {processor.py:839} INFO - DAG(s) dict_keys(['example_params_trigger_ui']) retrieved from /home/airflow/.local/lib/python3.8/site-packages/airflow/example_dags/example_params_trigger_ui.py
[2023-11-02T23:46:47.251+0000] {logging_mixin.py:151} INFO - [2023-11-02T23:46:47.251+0000] {dag.py:2941} INFO - Sync 1 DAGs
[2023-11-02T23:46:47.264+0000] {logging_mixin.py:151} INFO - [2023-11-02T23:46:47.263+0000] {dag.py:3722} INFO - Setting next_dagrun for example_params_trigger_ui to None, run_after=None
[2023-11-02T23:46:47.286+0000] {processor.py:179} INFO - Processing /home/airflow/.local/lib/python3.8/site-packages/airflow/example_dags/example_params_trigger_ui.py took 0.118 seconds
[2023-11-02T23:47:17.399+0000] {processor.py:157} INFO - Started process (PID=2263) to work on /home/airflow/.local/lib/python3.8/site-packages/airflow/example_dags/example_params_trigger_ui.py
[2023-11-02T23:47:17.400+0000] {processor.py:829} INFO - Processing file /home/airflow/.local/lib/python3.8/site-packages/airflow/example_dags/example_params_trigger_ui.py for tasks to queue
[2023-11-02T23:47:17.402+0000] {logging_mixin.py:151} INFO - [2023-11-02T23:47:17.402+0000] {dagbag.py:536} INFO - Filling up the DagBag from /home/airflow/.local/lib/python3.8/site-packages/airflow/example_dags/example_params_trigger_ui.py
[2023-11-02T23:47:17.421+0000] {processor.py:839} INFO - DAG(s) dict_keys(['example_params_trigger_ui']) retrieved from /home/airflow/.local/lib/python3.8/site-packages/airflow/example_dags/example_params_trigger_ui.py
[2023-11-02T23:47:17.477+0000] {logging_mixin.py:151} INFO - [2023-11-02T23:47:17.477+0000] {dag.py:2941} INFO - Sync 1 DAGs
[2023-11-02T23:47:17.492+0000] {logging_mixin.py:151} INFO - [2023-11-02T23:47:17.491+0000] {dag.py:3722} INFO - Setting next_dagrun for example_params_trigger_ui to None, run_after=None
[2023-11-02T23:47:17.519+0000] {processor.py:179} INFO - Processing /home/airflow/.local/lib/python3.8/site-packages/airflow/example_dags/example_params_trigger_ui.py took 0.124 seconds
[2023-11-02T23:47:47.794+0000] {processor.py:157} INFO - Started process (PID=2317) to work on /home/airflow/.local/lib/python3.8/site-packages/airflow/example_dags/example_params_trigger_ui.py
[2023-11-02T23:47:47.796+0000] {processor.py:829} INFO - Processing file /home/airflow/.local/lib/python3.8/site-packages/airflow/example_dags/example_params_trigger_ui.py for tasks to queue
[2023-11-02T23:47:47.798+0000] {logging_mixin.py:151} INFO - [2023-11-02T23:47:47.798+0000] {dagbag.py:536} INFO - Filling up the DagBag from /home/airflow/.local/lib/python3.8/site-packages/airflow/example_dags/example_params_trigger_ui.py
[2023-11-02T23:47:47.817+0000] {processor.py:839} INFO - DAG(s) dict_keys(['example_params_trigger_ui']) retrieved from /home/airflow/.local/lib/python3.8/site-packages/airflow/example_dags/example_params_trigger_ui.py
[2023-11-02T23:47:47.878+0000] {logging_mixin.py:151} INFO - [2023-11-02T23:47:47.878+0000] {dag.py:2941} INFO - Sync 1 DAGs
[2023-11-02T23:47:47.893+0000] {logging_mixin.py:151} INFO - [2023-11-02T23:47:47.892+0000] {dag.py:3722} INFO - Setting next_dagrun for example_params_trigger_ui to None, run_after=None
[2023-11-02T23:47:47.923+0000] {processor.py:179} INFO - Processing /home/airflow/.local/lib/python3.8/site-packages/airflow/example_dags/example_params_trigger_ui.py took 0.133 seconds
[2023-11-02T23:48:58.733+0000] {processor.py:157} INFO - Started process (PID=48) to work on /home/airflow/.local/lib/python3.8/site-packages/airflow/example_dags/example_params_trigger_ui.py
[2023-11-02T23:48:58.735+0000] {processor.py:829} INFO - Processing file /home/airflow/.local/lib/python3.8/site-packages/airflow/example_dags/example_params_trigger_ui.py for tasks to queue
[2023-11-02T23:48:58.737+0000] {logging_mixin.py:151} INFO - [2023-11-02T23:48:58.737+0000] {dagbag.py:536} INFO - Filling up the DagBag from /home/airflow/.local/lib/python3.8/site-packages/airflow/example_dags/example_params_trigger_ui.py
[2023-11-02T23:48:58.769+0000] {processor.py:839} INFO - DAG(s) dict_keys(['example_params_trigger_ui']) retrieved from /home/airflow/.local/lib/python3.8/site-packages/airflow/example_dags/example_params_trigger_ui.py
[2023-11-02T23:48:58.795+0000] {logging_mixin.py:151} INFO - [2023-11-02T23:48:58.795+0000] {dag.py:2941} INFO - Sync 1 DAGs
[2023-11-02T23:48:58.815+0000] {logging_mixin.py:151} INFO - [2023-11-02T23:48:58.815+0000] {dag.py:3722} INFO - Setting next_dagrun for example_params_trigger_ui to None, run_after=None
[2023-11-02T23:48:58.847+0000] {processor.py:179} INFO - Processing /home/airflow/.local/lib/python3.8/site-packages/airflow/example_dags/example_params_trigger_ui.py took 0.118 seconds
[2023-11-02T23:49:29.726+0000] {processor.py:157} INFO - Started process (PID=102) to work on /home/airflow/.local/lib/python3.8/site-packages/airflow/example_dags/example_params_trigger_ui.py
[2023-11-02T23:49:29.728+0000] {processor.py:829} INFO - Processing file /home/airflow/.local/lib/python3.8/site-packages/airflow/example_dags/example_params_trigger_ui.py for tasks to queue
[2023-11-02T23:49:29.730+0000] {logging_mixin.py:151} INFO - [2023-11-02T23:49:29.730+0000] {dagbag.py:536} INFO - Filling up the DagBag from /home/airflow/.local/lib/python3.8/site-packages/airflow/example_dags/example_params_trigger_ui.py
[2023-11-02T23:49:29.750+0000] {processor.py:839} INFO - DAG(s) dict_keys(['example_params_trigger_ui']) retrieved from /home/airflow/.local/lib/python3.8/site-packages/airflow/example_dags/example_params_trigger_ui.py
[2023-11-02T23:49:29.822+0000] {logging_mixin.py:151} INFO - [2023-11-02T23:49:29.822+0000] {dag.py:2941} INFO - Sync 1 DAGs
[2023-11-02T23:49:29.844+0000] {logging_mixin.py:151} INFO - [2023-11-02T23:49:29.843+0000] {dag.py:3722} INFO - Setting next_dagrun for example_params_trigger_ui to None, run_after=None
[2023-11-02T23:49:29.884+0000] {processor.py:179} INFO - Processing /home/airflow/.local/lib/python3.8/site-packages/airflow/example_dags/example_params_trigger_ui.py took 0.161 seconds
[2023-11-02T23:50:00.008+0000] {processor.py:157} INFO - Started process (PID=157) to work on /home/airflow/.local/lib/python3.8/site-packages/airflow/example_dags/example_params_trigger_ui.py
[2023-11-02T23:50:00.011+0000] {processor.py:829} INFO - Processing file /home/airflow/.local/lib/python3.8/site-packages/airflow/example_dags/example_params_trigger_ui.py for tasks to queue
[2023-11-02T23:50:00.014+0000] {logging_mixin.py:151} INFO - [2023-11-02T23:50:00.013+0000] {dagbag.py:536} INFO - Filling up the DagBag from /home/airflow/.local/lib/python3.8/site-packages/airflow/example_dags/example_params_trigger_ui.py
[2023-11-02T23:50:00.031+0000] {processor.py:839} INFO - DAG(s) dict_keys(['example_params_trigger_ui']) retrieved from /home/airflow/.local/lib/python3.8/site-packages/airflow/example_dags/example_params_trigger_ui.py
[2023-11-02T23:50:00.084+0000] {logging_mixin.py:151} INFO - [2023-11-02T23:50:00.084+0000] {dag.py:2941} INFO - Sync 1 DAGs
[2023-11-02T23:50:00.099+0000] {logging_mixin.py:151} INFO - [2023-11-02T23:50:00.099+0000] {dag.py:3722} INFO - Setting next_dagrun for example_params_trigger_ui to None, run_after=None
[2023-11-02T23:50:00.132+0000] {processor.py:179} INFO - Processing /home/airflow/.local/lib/python3.8/site-packages/airflow/example_dags/example_params_trigger_ui.py took 0.130 seconds
[2023-11-02T23:50:30.400+0000] {processor.py:157} INFO - Started process (PID=210) to work on /home/airflow/.local/lib/python3.8/site-packages/airflow/example_dags/example_params_trigger_ui.py
[2023-11-02T23:50:30.401+0000] {processor.py:829} INFO - Processing file /home/airflow/.local/lib/python3.8/site-packages/airflow/example_dags/example_params_trigger_ui.py for tasks to queue
[2023-11-02T23:50:30.403+0000] {logging_mixin.py:151} INFO - [2023-11-02T23:50:30.403+0000] {dagbag.py:536} INFO - Filling up the DagBag from /home/airflow/.local/lib/python3.8/site-packages/airflow/example_dags/example_params_trigger_ui.py
[2023-11-02T23:50:30.422+0000] {processor.py:839} INFO - DAG(s) dict_keys(['example_params_trigger_ui']) retrieved from /home/airflow/.local/lib/python3.8/site-packages/airflow/example_dags/example_params_trigger_ui.py
[2023-11-02T23:50:30.479+0000] {logging_mixin.py:151} INFO - [2023-11-02T23:50:30.479+0000] {dag.py:2941} INFO - Sync 1 DAGs
[2023-11-02T23:50:30.493+0000] {logging_mixin.py:151} INFO - [2023-11-02T23:50:30.493+0000] {dag.py:3722} INFO - Setting next_dagrun for example_params_trigger_ui to None, run_after=None
[2023-11-02T23:50:30.523+0000] {processor.py:179} INFO - Processing /home/airflow/.local/lib/python3.8/site-packages/airflow/example_dags/example_params_trigger_ui.py took 0.127 seconds
[2023-11-02T23:51:00.820+0000] {processor.py:157} INFO - Started process (PID=264) to work on /home/airflow/.local/lib/python3.8/site-packages/airflow/example_dags/example_params_trigger_ui.py
[2023-11-02T23:51:00.821+0000] {processor.py:829} INFO - Processing file /home/airflow/.local/lib/python3.8/site-packages/airflow/example_dags/example_params_trigger_ui.py for tasks to queue
[2023-11-02T23:51:00.823+0000] {logging_mixin.py:151} INFO - [2023-11-02T23:51:00.823+0000] {dagbag.py:536} INFO - Filling up the DagBag from /home/airflow/.local/lib/python3.8/site-packages/airflow/example_dags/example_params_trigger_ui.py
[2023-11-02T23:51:00.843+0000] {processor.py:839} INFO - DAG(s) dict_keys(['example_params_trigger_ui']) retrieved from /home/airflow/.local/lib/python3.8/site-packages/airflow/example_dags/example_params_trigger_ui.py
[2023-11-02T23:51:00.903+0000] {logging_mixin.py:151} INFO - [2023-11-02T23:51:00.903+0000] {dag.py:2941} INFO - Sync 1 DAGs
[2023-11-02T23:51:00.919+0000] {logging_mixin.py:151} INFO - [2023-11-02T23:51:00.919+0000] {dag.py:3722} INFO - Setting next_dagrun for example_params_trigger_ui to None, run_after=None
[2023-11-02T23:51:00.954+0000] {processor.py:179} INFO - Processing /home/airflow/.local/lib/python3.8/site-packages/airflow/example_dags/example_params_trigger_ui.py took 0.138 seconds
[2023-11-02T23:51:31.165+0000] {processor.py:157} INFO - Started process (PID=318) to work on /home/airflow/.local/lib/python3.8/site-packages/airflow/example_dags/example_params_trigger_ui.py
[2023-11-02T23:51:31.166+0000] {processor.py:829} INFO - Processing file /home/airflow/.local/lib/python3.8/site-packages/airflow/example_dags/example_params_trigger_ui.py for tasks to queue
[2023-11-02T23:51:31.167+0000] {logging_mixin.py:151} INFO - [2023-11-02T23:51:31.167+0000] {dagbag.py:536} INFO - Filling up the DagBag from /home/airflow/.local/lib/python3.8/site-packages/airflow/example_dags/example_params_trigger_ui.py
[2023-11-02T23:51:31.183+0000] {processor.py:839} INFO - DAG(s) dict_keys(['example_params_trigger_ui']) retrieved from /home/airflow/.local/lib/python3.8/site-packages/airflow/example_dags/example_params_trigger_ui.py
[2023-11-02T23:51:31.240+0000] {logging_mixin.py:151} INFO - [2023-11-02T23:51:31.240+0000] {dag.py:2941} INFO - Sync 1 DAGs
[2023-11-02T23:51:31.254+0000] {logging_mixin.py:151} INFO - [2023-11-02T23:51:31.254+0000] {dag.py:3722} INFO - Setting next_dagrun for example_params_trigger_ui to None, run_after=None
[2023-11-02T23:51:31.280+0000] {processor.py:179} INFO - Processing /home/airflow/.local/lib/python3.8/site-packages/airflow/example_dags/example_params_trigger_ui.py took 0.118 seconds
[2023-11-02T23:52:01.502+0000] {processor.py:157} INFO - Started process (PID=372) to work on /home/airflow/.local/lib/python3.8/site-packages/airflow/example_dags/example_params_trigger_ui.py
[2023-11-02T23:52:01.503+0000] {processor.py:829} INFO - Processing file /home/airflow/.local/lib/python3.8/site-packages/airflow/example_dags/example_params_trigger_ui.py for tasks to queue
[2023-11-02T23:52:01.505+0000] {logging_mixin.py:151} INFO - [2023-11-02T23:52:01.505+0000] {dagbag.py:536} INFO - Filling up the DagBag from /home/airflow/.local/lib/python3.8/site-packages/airflow/example_dags/example_params_trigger_ui.py
[2023-11-02T23:52:01.522+0000] {processor.py:839} INFO - DAG(s) dict_keys(['example_params_trigger_ui']) retrieved from /home/airflow/.local/lib/python3.8/site-packages/airflow/example_dags/example_params_trigger_ui.py
[2023-11-02T23:52:01.573+0000] {logging_mixin.py:151} INFO - [2023-11-02T23:52:01.572+0000] {dag.py:2941} INFO - Sync 1 DAGs
[2023-11-02T23:52:01.586+0000] {logging_mixin.py:151} INFO - [2023-11-02T23:52:01.586+0000] {dag.py:3722} INFO - Setting next_dagrun for example_params_trigger_ui to None, run_after=None
[2023-11-02T23:52:01.620+0000] {processor.py:179} INFO - Processing /home/airflow/.local/lib/python3.8/site-packages/airflow/example_dags/example_params_trigger_ui.py took 0.121 seconds
[2023-11-02T23:52:31.708+0000] {processor.py:157} INFO - Started process (PID=426) to work on /home/airflow/.local/lib/python3.8/site-packages/airflow/example_dags/example_params_trigger_ui.py
[2023-11-02T23:52:31.709+0000] {processor.py:829} INFO - Processing file /home/airflow/.local/lib/python3.8/site-packages/airflow/example_dags/example_params_trigger_ui.py for tasks to queue
[2023-11-02T23:52:31.711+0000] {logging_mixin.py:151} INFO - [2023-11-02T23:52:31.710+0000] {dagbag.py:536} INFO - Filling up the DagBag from /home/airflow/.local/lib/python3.8/site-packages/airflow/example_dags/example_params_trigger_ui.py
[2023-11-02T23:52:31.727+0000] {processor.py:839} INFO - DAG(s) dict_keys(['example_params_trigger_ui']) retrieved from /home/airflow/.local/lib/python3.8/site-packages/airflow/example_dags/example_params_trigger_ui.py
[2023-11-02T23:52:31.781+0000] {logging_mixin.py:151} INFO - [2023-11-02T23:52:31.781+0000] {dag.py:2941} INFO - Sync 1 DAGs
[2023-11-02T23:52:31.795+0000] {logging_mixin.py:151} INFO - [2023-11-02T23:52:31.794+0000] {dag.py:3722} INFO - Setting next_dagrun for example_params_trigger_ui to None, run_after=None
[2023-11-02T23:52:31.823+0000] {processor.py:179} INFO - Processing /home/airflow/.local/lib/python3.8/site-packages/airflow/example_dags/example_params_trigger_ui.py took 0.118 seconds
[2023-11-02T23:53:01.913+0000] {processor.py:157} INFO - Started process (PID=480) to work on /home/airflow/.local/lib/python3.8/site-packages/airflow/example_dags/example_params_trigger_ui.py
[2023-11-02T23:53:01.915+0000] {processor.py:829} INFO - Processing file /home/airflow/.local/lib/python3.8/site-packages/airflow/example_dags/example_params_trigger_ui.py for tasks to queue
[2023-11-02T23:53:01.917+0000] {logging_mixin.py:151} INFO - [2023-11-02T23:53:01.916+0000] {dagbag.py:536} INFO - Filling up the DagBag from /home/airflow/.local/lib/python3.8/site-packages/airflow/example_dags/example_params_trigger_ui.py
[2023-11-02T23:53:01.935+0000] {processor.py:839} INFO - DAG(s) dict_keys(['example_params_trigger_ui']) retrieved from /home/airflow/.local/lib/python3.8/site-packages/airflow/example_dags/example_params_trigger_ui.py
[2023-11-02T23:53:02.004+0000] {logging_mixin.py:151} INFO - [2023-11-02T23:53:02.003+0000] {dag.py:2941} INFO - Sync 1 DAGs
[2023-11-02T23:53:02.023+0000] {logging_mixin.py:151} INFO - [2023-11-02T23:53:02.023+0000] {dag.py:3722} INFO - Setting next_dagrun for example_params_trigger_ui to None, run_after=None
[2023-11-02T23:53:02.053+0000] {processor.py:179} INFO - Processing /home/airflow/.local/lib/python3.8/site-packages/airflow/example_dags/example_params_trigger_ui.py took 0.143 seconds
[2023-11-02T23:53:32.238+0000] {processor.py:157} INFO - Started process (PID=535) to work on /home/airflow/.local/lib/python3.8/site-packages/airflow/example_dags/example_params_trigger_ui.py
[2023-11-02T23:53:32.239+0000] {processor.py:829} INFO - Processing file /home/airflow/.local/lib/python3.8/site-packages/airflow/example_dags/example_params_trigger_ui.py for tasks to queue
[2023-11-02T23:53:32.241+0000] {logging_mixin.py:151} INFO - [2023-11-02T23:53:32.241+0000] {dagbag.py:536} INFO - Filling up the DagBag from /home/airflow/.local/lib/python3.8/site-packages/airflow/example_dags/example_params_trigger_ui.py
[2023-11-02T23:53:32.256+0000] {processor.py:839} INFO - DAG(s) dict_keys(['example_params_trigger_ui']) retrieved from /home/airflow/.local/lib/python3.8/site-packages/airflow/example_dags/example_params_trigger_ui.py
[2023-11-02T23:53:32.313+0000] {logging_mixin.py:151} INFO - [2023-11-02T23:53:32.312+0000] {dag.py:2941} INFO - Sync 1 DAGs
[2023-11-02T23:53:32.326+0000] {logging_mixin.py:151} INFO - [2023-11-02T23:53:32.326+0000] {dag.py:3722} INFO - Setting next_dagrun for example_params_trigger_ui to None, run_after=None
[2023-11-02T23:53:32.351+0000] {processor.py:179} INFO - Processing /home/airflow/.local/lib/python3.8/site-packages/airflow/example_dags/example_params_trigger_ui.py took 0.116 seconds
[2023-11-02T23:54:02.539+0000] {processor.py:157} INFO - Started process (PID=589) to work on /home/airflow/.local/lib/python3.8/site-packages/airflow/example_dags/example_params_trigger_ui.py
[2023-11-02T23:54:02.541+0000] {processor.py:829} INFO - Processing file /home/airflow/.local/lib/python3.8/site-packages/airflow/example_dags/example_params_trigger_ui.py for tasks to queue
[2023-11-02T23:54:02.543+0000] {logging_mixin.py:151} INFO - [2023-11-02T23:54:02.542+0000] {dagbag.py:536} INFO - Filling up the DagBag from /home/airflow/.local/lib/python3.8/site-packages/airflow/example_dags/example_params_trigger_ui.py
[2023-11-02T23:54:02.559+0000] {processor.py:839} INFO - DAG(s) dict_keys(['example_params_trigger_ui']) retrieved from /home/airflow/.local/lib/python3.8/site-packages/airflow/example_dags/example_params_trigger_ui.py
[2023-11-02T23:54:02.618+0000] {logging_mixin.py:151} INFO - [2023-11-02T23:54:02.618+0000] {dag.py:2941} INFO - Sync 1 DAGs
[2023-11-02T23:54:02.631+0000] {logging_mixin.py:151} INFO - [2023-11-02T23:54:02.631+0000] {dag.py:3722} INFO - Setting next_dagrun for example_params_trigger_ui to None, run_after=None
[2023-11-02T23:54:02.661+0000] {processor.py:179} INFO - Processing /home/airflow/.local/lib/python3.8/site-packages/airflow/example_dags/example_params_trigger_ui.py took 0.125 seconds
[2023-11-02T23:54:32.785+0000] {processor.py:157} INFO - Started process (PID=644) to work on /home/airflow/.local/lib/python3.8/site-packages/airflow/example_dags/example_params_trigger_ui.py
[2023-11-02T23:54:32.787+0000] {processor.py:829} INFO - Processing file /home/airflow/.local/lib/python3.8/site-packages/airflow/example_dags/example_params_trigger_ui.py for tasks to queue
[2023-11-02T23:54:32.789+0000] {logging_mixin.py:151} INFO - [2023-11-02T23:54:32.789+0000] {dagbag.py:536} INFO - Filling up the DagBag from /home/airflow/.local/lib/python3.8/site-packages/airflow/example_dags/example_params_trigger_ui.py
[2023-11-02T23:54:32.808+0000] {processor.py:839} INFO - DAG(s) dict_keys(['example_params_trigger_ui']) retrieved from /home/airflow/.local/lib/python3.8/site-packages/airflow/example_dags/example_params_trigger_ui.py
[2023-11-02T23:54:32.874+0000] {logging_mixin.py:151} INFO - [2023-11-02T23:54:32.873+0000] {dag.py:2941} INFO - Sync 1 DAGs
[2023-11-02T23:54:32.889+0000] {logging_mixin.py:151} INFO - [2023-11-02T23:54:32.889+0000] {dag.py:3722} INFO - Setting next_dagrun for example_params_trigger_ui to None, run_after=None
[2023-11-02T23:54:32.934+0000] {processor.py:179} INFO - Processing /home/airflow/.local/lib/python3.8/site-packages/airflow/example_dags/example_params_trigger_ui.py took 0.152 seconds
[2023-11-02T23:55:03.388+0000] {processor.py:157} INFO - Started process (PID=696) to work on /home/airflow/.local/lib/python3.8/site-packages/airflow/example_dags/example_params_trigger_ui.py
[2023-11-02T23:55:03.390+0000] {processor.py:829} INFO - Processing file /home/airflow/.local/lib/python3.8/site-packages/airflow/example_dags/example_params_trigger_ui.py for tasks to queue
[2023-11-02T23:55:03.392+0000] {logging_mixin.py:151} INFO - [2023-11-02T23:55:03.392+0000] {dagbag.py:536} INFO - Filling up the DagBag from /home/airflow/.local/lib/python3.8/site-packages/airflow/example_dags/example_params_trigger_ui.py
[2023-11-02T23:55:03.412+0000] {processor.py:839} INFO - DAG(s) dict_keys(['example_params_trigger_ui']) retrieved from /home/airflow/.local/lib/python3.8/site-packages/airflow/example_dags/example_params_trigger_ui.py
[2023-11-02T23:55:03.475+0000] {logging_mixin.py:151} INFO - [2023-11-02T23:55:03.474+0000] {dag.py:2941} INFO - Sync 1 DAGs
[2023-11-02T23:55:03.490+0000] {logging_mixin.py:151} INFO - [2023-11-02T23:55:03.490+0000] {dag.py:3722} INFO - Setting next_dagrun for example_params_trigger_ui to None, run_after=None
[2023-11-02T23:55:03.516+0000] {processor.py:179} INFO - Processing /home/airflow/.local/lib/python3.8/site-packages/airflow/example_dags/example_params_trigger_ui.py took 0.131 seconds
[2023-11-02T23:55:33.585+0000] {processor.py:157} INFO - Started process (PID=750) to work on /home/airflow/.local/lib/python3.8/site-packages/airflow/example_dags/example_params_trigger_ui.py
[2023-11-02T23:55:33.586+0000] {processor.py:829} INFO - Processing file /home/airflow/.local/lib/python3.8/site-packages/airflow/example_dags/example_params_trigger_ui.py for tasks to queue
[2023-11-02T23:55:33.588+0000] {logging_mixin.py:151} INFO - [2023-11-02T23:55:33.588+0000] {dagbag.py:536} INFO - Filling up the DagBag from /home/airflow/.local/lib/python3.8/site-packages/airflow/example_dags/example_params_trigger_ui.py
[2023-11-02T23:55:33.604+0000] {processor.py:839} INFO - DAG(s) dict_keys(['example_params_trigger_ui']) retrieved from /home/airflow/.local/lib/python3.8/site-packages/airflow/example_dags/example_params_trigger_ui.py
[2023-11-02T23:55:33.660+0000] {logging_mixin.py:151} INFO - [2023-11-02T23:55:33.660+0000] {dag.py:2941} INFO - Sync 1 DAGs
[2023-11-02T23:55:33.677+0000] {logging_mixin.py:151} INFO - [2023-11-02T23:55:33.677+0000] {dag.py:3722} INFO - Setting next_dagrun for example_params_trigger_ui to None, run_after=None
[2023-11-02T23:55:33.706+0000] {processor.py:179} INFO - Processing /home/airflow/.local/lib/python3.8/site-packages/airflow/example_dags/example_params_trigger_ui.py took 0.124 seconds
[2023-11-02T23:56:04.024+0000] {processor.py:157} INFO - Started process (PID=804) to work on /home/airflow/.local/lib/python3.8/site-packages/airflow/example_dags/example_params_trigger_ui.py
[2023-11-02T23:56:04.025+0000] {processor.py:829} INFO - Processing file /home/airflow/.local/lib/python3.8/site-packages/airflow/example_dags/example_params_trigger_ui.py for tasks to queue
[2023-11-02T23:56:04.028+0000] {logging_mixin.py:151} INFO - [2023-11-02T23:56:04.028+0000] {dagbag.py:536} INFO - Filling up the DagBag from /home/airflow/.local/lib/python3.8/site-packages/airflow/example_dags/example_params_trigger_ui.py
[2023-11-02T23:56:04.048+0000] {processor.py:839} INFO - DAG(s) dict_keys(['example_params_trigger_ui']) retrieved from /home/airflow/.local/lib/python3.8/site-packages/airflow/example_dags/example_params_trigger_ui.py
[2023-11-02T23:56:04.121+0000] {logging_mixin.py:151} INFO - [2023-11-02T23:56:04.120+0000] {dag.py:2941} INFO - Sync 1 DAGs
[2023-11-02T23:56:04.137+0000] {logging_mixin.py:151} INFO - [2023-11-02T23:56:04.137+0000] {dag.py:3722} INFO - Setting next_dagrun for example_params_trigger_ui to None, run_after=None
[2023-11-02T23:56:04.170+0000] {processor.py:179} INFO - Processing /home/airflow/.local/lib/python3.8/site-packages/airflow/example_dags/example_params_trigger_ui.py took 0.149 seconds
[2023-11-02T23:56:35.068+0000] {processor.py:157} INFO - Started process (PID=858) to work on /home/airflow/.local/lib/python3.8/site-packages/airflow/example_dags/example_params_trigger_ui.py
[2023-11-02T23:56:35.070+0000] {processor.py:829} INFO - Processing file /home/airflow/.local/lib/python3.8/site-packages/airflow/example_dags/example_params_trigger_ui.py for tasks to queue
[2023-11-02T23:56:35.072+0000] {logging_mixin.py:151} INFO - [2023-11-02T23:56:35.071+0000] {dagbag.py:536} INFO - Filling up the DagBag from /home/airflow/.local/lib/python3.8/site-packages/airflow/example_dags/example_params_trigger_ui.py
[2023-11-02T23:56:35.090+0000] {processor.py:839} INFO - DAG(s) dict_keys(['example_params_trigger_ui']) retrieved from /home/airflow/.local/lib/python3.8/site-packages/airflow/example_dags/example_params_trigger_ui.py
[2023-11-02T23:56:35.151+0000] {logging_mixin.py:151} INFO - [2023-11-02T23:56:35.150+0000] {dag.py:2941} INFO - Sync 1 DAGs
[2023-11-02T23:56:35.167+0000] {logging_mixin.py:151} INFO - [2023-11-02T23:56:35.167+0000] {dag.py:3722} INFO - Setting next_dagrun for example_params_trigger_ui to None, run_after=None
[2023-11-02T23:56:35.196+0000] {processor.py:179} INFO - Processing /home/airflow/.local/lib/python3.8/site-packages/airflow/example_dags/example_params_trigger_ui.py took 0.131 seconds
[2023-11-02T23:57:05.408+0000] {processor.py:157} INFO - Started process (PID=912) to work on /home/airflow/.local/lib/python3.8/site-packages/airflow/example_dags/example_params_trigger_ui.py
[2023-11-02T23:57:05.409+0000] {processor.py:829} INFO - Processing file /home/airflow/.local/lib/python3.8/site-packages/airflow/example_dags/example_params_trigger_ui.py for tasks to queue
[2023-11-02T23:57:05.411+0000] {logging_mixin.py:151} INFO - [2023-11-02T23:57:05.410+0000] {dagbag.py:536} INFO - Filling up the DagBag from /home/airflow/.local/lib/python3.8/site-packages/airflow/example_dags/example_params_trigger_ui.py
[2023-11-02T23:57:05.428+0000] {processor.py:839} INFO - DAG(s) dict_keys(['example_params_trigger_ui']) retrieved from /home/airflow/.local/lib/python3.8/site-packages/airflow/example_dags/example_params_trigger_ui.py
[2023-11-02T23:57:05.496+0000] {logging_mixin.py:151} INFO - [2023-11-02T23:57:05.496+0000] {dag.py:2941} INFO - Sync 1 DAGs
[2023-11-02T23:57:05.512+0000] {logging_mixin.py:151} INFO - [2023-11-02T23:57:05.511+0000] {dag.py:3722} INFO - Setting next_dagrun for example_params_trigger_ui to None, run_after=None
[2023-11-02T23:57:05.540+0000] {processor.py:179} INFO - Processing /home/airflow/.local/lib/python3.8/site-packages/airflow/example_dags/example_params_trigger_ui.py took 0.136 seconds
[2023-11-02T23:57:35.825+0000] {processor.py:157} INFO - Started process (PID=966) to work on /home/airflow/.local/lib/python3.8/site-packages/airflow/example_dags/example_params_trigger_ui.py
[2023-11-02T23:57:35.827+0000] {processor.py:829} INFO - Processing file /home/airflow/.local/lib/python3.8/site-packages/airflow/example_dags/example_params_trigger_ui.py for tasks to queue
[2023-11-02T23:57:35.830+0000] {logging_mixin.py:151} INFO - [2023-11-02T23:57:35.829+0000] {dagbag.py:536} INFO - Filling up the DagBag from /home/airflow/.local/lib/python3.8/site-packages/airflow/example_dags/example_params_trigger_ui.py
[2023-11-02T23:57:35.846+0000] {processor.py:839} INFO - DAG(s) dict_keys(['example_params_trigger_ui']) retrieved from /home/airflow/.local/lib/python3.8/site-packages/airflow/example_dags/example_params_trigger_ui.py
[2023-11-02T23:57:35.903+0000] {logging_mixin.py:151} INFO - [2023-11-02T23:57:35.902+0000] {dag.py:2941} INFO - Sync 1 DAGs
[2023-11-02T23:57:35.917+0000] {logging_mixin.py:151} INFO - [2023-11-02T23:57:35.917+0000] {dag.py:3722} INFO - Setting next_dagrun for example_params_trigger_ui to None, run_after=None
[2023-11-02T23:57:35.944+0000] {processor.py:179} INFO - Processing /home/airflow/.local/lib/python3.8/site-packages/airflow/example_dags/example_params_trigger_ui.py took 0.123 seconds
[2023-11-02T23:58:06.207+0000] {processor.py:157} INFO - Started process (PID=1020) to work on /home/airflow/.local/lib/python3.8/site-packages/airflow/example_dags/example_params_trigger_ui.py
[2023-11-02T23:58:06.208+0000] {processor.py:829} INFO - Processing file /home/airflow/.local/lib/python3.8/site-packages/airflow/example_dags/example_params_trigger_ui.py for tasks to queue
[2023-11-02T23:58:06.210+0000] {logging_mixin.py:151} INFO - [2023-11-02T23:58:06.209+0000] {dagbag.py:536} INFO - Filling up the DagBag from /home/airflow/.local/lib/python3.8/site-packages/airflow/example_dags/example_params_trigger_ui.py
[2023-11-02T23:58:06.227+0000] {processor.py:839} INFO - DAG(s) dict_keys(['example_params_trigger_ui']) retrieved from /home/airflow/.local/lib/python3.8/site-packages/airflow/example_dags/example_params_trigger_ui.py
[2023-11-02T23:58:06.285+0000] {logging_mixin.py:151} INFO - [2023-11-02T23:58:06.284+0000] {dag.py:2941} INFO - Sync 1 DAGs
[2023-11-02T23:58:06.300+0000] {logging_mixin.py:151} INFO - [2023-11-02T23:58:06.300+0000] {dag.py:3722} INFO - Setting next_dagrun for example_params_trigger_ui to None, run_after=None
[2023-11-02T23:58:06.328+0000] {processor.py:179} INFO - Processing /home/airflow/.local/lib/python3.8/site-packages/airflow/example_dags/example_params_trigger_ui.py took 0.125 seconds
[2023-11-02T23:58:36.775+0000] {processor.py:157} INFO - Started process (PID=1074) to work on /home/airflow/.local/lib/python3.8/site-packages/airflow/example_dags/example_params_trigger_ui.py
[2023-11-02T23:58:36.776+0000] {processor.py:829} INFO - Processing file /home/airflow/.local/lib/python3.8/site-packages/airflow/example_dags/example_params_trigger_ui.py for tasks to queue
[2023-11-02T23:58:36.779+0000] {logging_mixin.py:151} INFO - [2023-11-02T23:58:36.779+0000] {dagbag.py:536} INFO - Filling up the DagBag from /home/airflow/.local/lib/python3.8/site-packages/airflow/example_dags/example_params_trigger_ui.py
[2023-11-02T23:58:36.795+0000] {processor.py:839} INFO - DAG(s) dict_keys(['example_params_trigger_ui']) retrieved from /home/airflow/.local/lib/python3.8/site-packages/airflow/example_dags/example_params_trigger_ui.py
[2023-11-02T23:58:36.853+0000] {logging_mixin.py:151} INFO - [2023-11-02T23:58:36.853+0000] {dag.py:2941} INFO - Sync 1 DAGs
[2023-11-02T23:58:36.869+0000] {logging_mixin.py:151} INFO - [2023-11-02T23:58:36.869+0000] {dag.py:3722} INFO - Setting next_dagrun for example_params_trigger_ui to None, run_after=None
[2023-11-02T23:58:36.898+0000] {processor.py:179} INFO - Processing /home/airflow/.local/lib/python3.8/site-packages/airflow/example_dags/example_params_trigger_ui.py took 0.127 seconds
[2023-11-02T23:59:07.332+0000] {processor.py:157} INFO - Started process (PID=1128) to work on /home/airflow/.local/lib/python3.8/site-packages/airflow/example_dags/example_params_trigger_ui.py
[2023-11-02T23:59:07.333+0000] {processor.py:829} INFO - Processing file /home/airflow/.local/lib/python3.8/site-packages/airflow/example_dags/example_params_trigger_ui.py for tasks to queue
[2023-11-02T23:59:07.335+0000] {logging_mixin.py:151} INFO - [2023-11-02T23:59:07.335+0000] {dagbag.py:536} INFO - Filling up the DagBag from /home/airflow/.local/lib/python3.8/site-packages/airflow/example_dags/example_params_trigger_ui.py
[2023-11-02T23:59:07.352+0000] {processor.py:839} INFO - DAG(s) dict_keys(['example_params_trigger_ui']) retrieved from /home/airflow/.local/lib/python3.8/site-packages/airflow/example_dags/example_params_trigger_ui.py
[2023-11-02T23:59:07.411+0000] {logging_mixin.py:151} INFO - [2023-11-02T23:59:07.411+0000] {dag.py:2941} INFO - Sync 1 DAGs
[2023-11-02T23:59:07.426+0000] {logging_mixin.py:151} INFO - [2023-11-02T23:59:07.425+0000] {dag.py:3722} INFO - Setting next_dagrun for example_params_trigger_ui to None, run_after=None
[2023-11-02T23:59:07.455+0000] {processor.py:179} INFO - Processing /home/airflow/.local/lib/python3.8/site-packages/airflow/example_dags/example_params_trigger_ui.py took 0.126 seconds
[2023-11-02T23:59:37.844+0000] {processor.py:157} INFO - Started process (PID=1182) to work on /home/airflow/.local/lib/python3.8/site-packages/airflow/example_dags/example_params_trigger_ui.py
[2023-11-02T23:59:37.846+0000] {processor.py:829} INFO - Processing file /home/airflow/.local/lib/python3.8/site-packages/airflow/example_dags/example_params_trigger_ui.py for tasks to queue
[2023-11-02T23:59:37.849+0000] {logging_mixin.py:151} INFO - [2023-11-02T23:59:37.849+0000] {dagbag.py:536} INFO - Filling up the DagBag from /home/airflow/.local/lib/python3.8/site-packages/airflow/example_dags/example_params_trigger_ui.py
[2023-11-02T23:59:37.870+0000] {processor.py:839} INFO - DAG(s) dict_keys(['example_params_trigger_ui']) retrieved from /home/airflow/.local/lib/python3.8/site-packages/airflow/example_dags/example_params_trigger_ui.py
[2023-11-02T23:59:37.936+0000] {logging_mixin.py:151} INFO - [2023-11-02T23:59:37.936+0000] {dag.py:2941} INFO - Sync 1 DAGs
[2023-11-02T23:59:37.952+0000] {logging_mixin.py:151} INFO - [2023-11-02T23:59:37.951+0000] {dag.py:3722} INFO - Setting next_dagrun for example_params_trigger_ui to None, run_after=None
[2023-11-02T23:59:37.990+0000] {processor.py:179} INFO - Processing /home/airflow/.local/lib/python3.8/site-packages/airflow/example_dags/example_params_trigger_ui.py took 0.150 seconds
