[2023-11-02T23:26:27.833+0000] {processor.py:157} INFO - Started process (PID=66) to work on /home/airflow/.local/lib/python3.8/site-packages/airflow/example_dags/example_task_group_decorator.py
[2023-11-02T23:26:27.835+0000] {processor.py:829} INFO - Processing file /home/airflow/.local/lib/python3.8/site-packages/airflow/example_dags/example_task_group_decorator.py for tasks to queue
[2023-11-02T23:26:27.838+0000] {logging_mixin.py:151} INFO - [2023-11-02T23:26:27.837+0000] {dagbag.py:536} INFO - Filling up the DagBag from /home/airflow/.local/lib/python3.8/site-packages/airflow/example_dags/example_task_group_decorator.py
[2023-11-02T23:26:27.863+0000] {processor.py:839} INFO - DAG(s) dict_keys(['example_task_group_decorator']) retrieved from /home/airflow/.local/lib/python3.8/site-packages/airflow/example_dags/example_task_group_decorator.py
[2023-11-02T23:26:27.896+0000] {logging_mixin.py:151} INFO - [2023-11-02T23:26:27.895+0000] {dag.py:2941} INFO - Sync 1 DAGs
[2023-11-02T23:26:27.952+0000] {logging_mixin.py:151} INFO - [2023-11-02T23:26:27.951+0000] {dag.py:3722} INFO - Setting next_dagrun for example_task_group_decorator to 2023-11-01T23:26:27.951157+00:00, run_after=2023-11-02T23:26:27.951157+00:00
[2023-11-02T23:26:28.022+0000] {processor.py:179} INFO - Processing /home/airflow/.local/lib/python3.8/site-packages/airflow/example_dags/example_task_group_decorator.py took 0.194 seconds
[2023-11-02T23:26:58.674+0000] {processor.py:157} INFO - Started process (PID=119) to work on /home/airflow/.local/lib/python3.8/site-packages/airflow/example_dags/example_task_group_decorator.py
[2023-11-02T23:26:58.675+0000] {processor.py:829} INFO - Processing file /home/airflow/.local/lib/python3.8/site-packages/airflow/example_dags/example_task_group_decorator.py for tasks to queue
[2023-11-02T23:26:58.677+0000] {logging_mixin.py:151} INFO - [2023-11-02T23:26:58.677+0000] {dagbag.py:536} INFO - Filling up the DagBag from /home/airflow/.local/lib/python3.8/site-packages/airflow/example_dags/example_task_group_decorator.py
[2023-11-02T23:26:58.703+0000] {processor.py:839} INFO - DAG(s) dict_keys(['example_task_group_decorator']) retrieved from /home/airflow/.local/lib/python3.8/site-packages/airflow/example_dags/example_task_group_decorator.py
[2023-11-02T23:26:58.780+0000] {logging_mixin.py:151} INFO - [2023-11-02T23:26:58.779+0000] {dag.py:2941} INFO - Sync 1 DAGs
[2023-11-02T23:26:58.853+0000] {logging_mixin.py:151} INFO - [2023-11-02T23:26:58.853+0000] {dag.py:3722} INFO - Setting next_dagrun for example_task_group_decorator to 2023-11-01T23:26:58.852742+00:00, run_after=2023-11-02T23:26:58.852742+00:00
[2023-11-02T23:26:58.883+0000] {processor.py:179} INFO - Processing /home/airflow/.local/lib/python3.8/site-packages/airflow/example_dags/example_task_group_decorator.py took 0.214 seconds
[2023-11-02T23:27:29.031+0000] {processor.py:157} INFO - Started process (PID=173) to work on /home/airflow/.local/lib/python3.8/site-packages/airflow/example_dags/example_task_group_decorator.py
[2023-11-02T23:27:29.033+0000] {processor.py:829} INFO - Processing file /home/airflow/.local/lib/python3.8/site-packages/airflow/example_dags/example_task_group_decorator.py for tasks to queue
[2023-11-02T23:27:29.038+0000] {logging_mixin.py:151} INFO - [2023-11-02T23:27:29.038+0000] {dagbag.py:536} INFO - Filling up the DagBag from /home/airflow/.local/lib/python3.8/site-packages/airflow/example_dags/example_task_group_decorator.py
[2023-11-02T23:27:29.062+0000] {processor.py:839} INFO - DAG(s) dict_keys(['example_task_group_decorator']) retrieved from /home/airflow/.local/lib/python3.8/site-packages/airflow/example_dags/example_task_group_decorator.py
[2023-11-02T23:27:29.119+0000] {logging_mixin.py:151} INFO - [2023-11-02T23:27:29.118+0000] {dag.py:2941} INFO - Sync 1 DAGs
[2023-11-02T23:27:29.174+0000] {logging_mixin.py:151} INFO - [2023-11-02T23:27:29.173+0000] {dag.py:3722} INFO - Setting next_dagrun for example_task_group_decorator to 2023-11-01T23:27:29.173698+00:00, run_after=2023-11-02T23:27:29.173698+00:00
[2023-11-02T23:27:29.200+0000] {processor.py:179} INFO - Processing /home/airflow/.local/lib/python3.8/site-packages/airflow/example_dags/example_task_group_decorator.py took 0.175 seconds
[2023-11-02T23:28:00.116+0000] {processor.py:157} INFO - Started process (PID=227) to work on /home/airflow/.local/lib/python3.8/site-packages/airflow/example_dags/example_task_group_decorator.py
[2023-11-02T23:28:00.118+0000] {processor.py:829} INFO - Processing file /home/airflow/.local/lib/python3.8/site-packages/airflow/example_dags/example_task_group_decorator.py for tasks to queue
[2023-11-02T23:28:00.120+0000] {logging_mixin.py:151} INFO - [2023-11-02T23:28:00.120+0000] {dagbag.py:536} INFO - Filling up the DagBag from /home/airflow/.local/lib/python3.8/site-packages/airflow/example_dags/example_task_group_decorator.py
[2023-11-02T23:28:00.137+0000] {processor.py:839} INFO - DAG(s) dict_keys(['example_task_group_decorator']) retrieved from /home/airflow/.local/lib/python3.8/site-packages/airflow/example_dags/example_task_group_decorator.py
[2023-11-02T23:28:00.169+0000] {logging_mixin.py:151} INFO - [2023-11-02T23:28:00.169+0000] {dag.py:2941} INFO - Sync 1 DAGs
[2023-11-02T23:28:00.196+0000] {logging_mixin.py:151} INFO - [2023-11-02T23:28:00.196+0000] {dag.py:3722} INFO - Setting next_dagrun for example_task_group_decorator to 2023-11-01T23:28:00.195892+00:00, run_after=2023-11-02T23:28:00.195892+00:00
[2023-11-02T23:28:00.225+0000] {processor.py:179} INFO - Processing /home/airflow/.local/lib/python3.8/site-packages/airflow/example_dags/example_task_group_decorator.py took 0.113 seconds
[2023-11-02T23:28:30.332+0000] {processor.py:157} INFO - Started process (PID=280) to work on /home/airflow/.local/lib/python3.8/site-packages/airflow/example_dags/example_task_group_decorator.py
[2023-11-02T23:28:30.335+0000] {processor.py:829} INFO - Processing file /home/airflow/.local/lib/python3.8/site-packages/airflow/example_dags/example_task_group_decorator.py for tasks to queue
[2023-11-02T23:28:30.337+0000] {logging_mixin.py:151} INFO - [2023-11-02T23:28:30.337+0000] {dagbag.py:536} INFO - Filling up the DagBag from /home/airflow/.local/lib/python3.8/site-packages/airflow/example_dags/example_task_group_decorator.py
[2023-11-02T23:28:30.353+0000] {processor.py:839} INFO - DAG(s) dict_keys(['example_task_group_decorator']) retrieved from /home/airflow/.local/lib/python3.8/site-packages/airflow/example_dags/example_task_group_decorator.py
[2023-11-02T23:28:30.381+0000] {logging_mixin.py:151} INFO - [2023-11-02T23:28:30.380+0000] {dag.py:2941} INFO - Sync 1 DAGs
[2023-11-02T23:28:30.405+0000] {logging_mixin.py:151} INFO - [2023-11-02T23:28:30.405+0000] {dag.py:3722} INFO - Setting next_dagrun for example_task_group_decorator to 2023-11-01T23:28:30.405442+00:00, run_after=2023-11-02T23:28:30.405442+00:00
[2023-11-02T23:28:30.432+0000] {processor.py:179} INFO - Processing /home/airflow/.local/lib/python3.8/site-packages/airflow/example_dags/example_task_group_decorator.py took 0.104 seconds
[2023-11-02T23:29:00.469+0000] {processor.py:157} INFO - Started process (PID=334) to work on /home/airflow/.local/lib/python3.8/site-packages/airflow/example_dags/example_task_group_decorator.py
[2023-11-02T23:29:00.471+0000] {processor.py:829} INFO - Processing file /home/airflow/.local/lib/python3.8/site-packages/airflow/example_dags/example_task_group_decorator.py for tasks to queue
[2023-11-02T23:29:00.472+0000] {logging_mixin.py:151} INFO - [2023-11-02T23:29:00.472+0000] {dagbag.py:536} INFO - Filling up the DagBag from /home/airflow/.local/lib/python3.8/site-packages/airflow/example_dags/example_task_group_decorator.py
[2023-11-02T23:29:00.487+0000] {processor.py:839} INFO - DAG(s) dict_keys(['example_task_group_decorator']) retrieved from /home/airflow/.local/lib/python3.8/site-packages/airflow/example_dags/example_task_group_decorator.py
[2023-11-02T23:29:00.515+0000] {logging_mixin.py:151} INFO - [2023-11-02T23:29:00.514+0000] {dag.py:2941} INFO - Sync 1 DAGs
[2023-11-02T23:29:00.537+0000] {logging_mixin.py:151} INFO - [2023-11-02T23:29:00.536+0000] {dag.py:3722} INFO - Setting next_dagrun for example_task_group_decorator to 2023-11-01T23:29:00.536521+00:00, run_after=2023-11-02T23:29:00.536521+00:00
[2023-11-02T23:29:00.558+0000] {processor.py:179} INFO - Processing /home/airflow/.local/lib/python3.8/site-packages/airflow/example_dags/example_task_group_decorator.py took 0.091 seconds
[2023-11-02T23:29:30.787+0000] {processor.py:157} INFO - Started process (PID=388) to work on /home/airflow/.local/lib/python3.8/site-packages/airflow/example_dags/example_task_group_decorator.py
[2023-11-02T23:29:30.788+0000] {processor.py:829} INFO - Processing file /home/airflow/.local/lib/python3.8/site-packages/airflow/example_dags/example_task_group_decorator.py for tasks to queue
[2023-11-02T23:29:30.790+0000] {logging_mixin.py:151} INFO - [2023-11-02T23:29:30.790+0000] {dagbag.py:536} INFO - Filling up the DagBag from /home/airflow/.local/lib/python3.8/site-packages/airflow/example_dags/example_task_group_decorator.py
[2023-11-02T23:29:30.806+0000] {processor.py:839} INFO - DAG(s) dict_keys(['example_task_group_decorator']) retrieved from /home/airflow/.local/lib/python3.8/site-packages/airflow/example_dags/example_task_group_decorator.py
[2023-11-02T23:29:30.834+0000] {logging_mixin.py:151} INFO - [2023-11-02T23:29:30.834+0000] {dag.py:2941} INFO - Sync 1 DAGs
[2023-11-02T23:29:30.861+0000] {logging_mixin.py:151} INFO - [2023-11-02T23:29:30.861+0000] {dag.py:3722} INFO - Setting next_dagrun for example_task_group_decorator to 2023-11-01T23:29:30.860086+00:00, run_after=2023-11-02T23:29:30.860086+00:00
[2023-11-02T23:29:30.893+0000] {processor.py:179} INFO - Processing /home/airflow/.local/lib/python3.8/site-packages/airflow/example_dags/example_task_group_decorator.py took 0.109 seconds
[2023-11-02T23:30:01.428+0000] {processor.py:157} INFO - Started process (PID=442) to work on /home/airflow/.local/lib/python3.8/site-packages/airflow/example_dags/example_task_group_decorator.py
[2023-11-02T23:30:01.429+0000] {processor.py:829} INFO - Processing file /home/airflow/.local/lib/python3.8/site-packages/airflow/example_dags/example_task_group_decorator.py for tasks to queue
[2023-11-02T23:30:01.432+0000] {logging_mixin.py:151} INFO - [2023-11-02T23:30:01.431+0000] {dagbag.py:536} INFO - Filling up the DagBag from /home/airflow/.local/lib/python3.8/site-packages/airflow/example_dags/example_task_group_decorator.py
[2023-11-02T23:30:01.449+0000] {processor.py:839} INFO - DAG(s) dict_keys(['example_task_group_decorator']) retrieved from /home/airflow/.local/lib/python3.8/site-packages/airflow/example_dags/example_task_group_decorator.py
[2023-11-02T23:30:01.486+0000] {logging_mixin.py:151} INFO - [2023-11-02T23:30:01.485+0000] {dag.py:2941} INFO - Sync 1 DAGs
[2023-11-02T23:30:01.514+0000] {logging_mixin.py:151} INFO - [2023-11-02T23:30:01.514+0000] {dag.py:3722} INFO - Setting next_dagrun for example_task_group_decorator to 2023-11-01T23:30:01.514114+00:00, run_after=2023-11-02T23:30:01.514114+00:00
[2023-11-02T23:30:01.540+0000] {processor.py:179} INFO - Processing /home/airflow/.local/lib/python3.8/site-packages/airflow/example_dags/example_task_group_decorator.py took 0.116 seconds
[2023-11-02T23:30:32.360+0000] {processor.py:157} INFO - Started process (PID=496) to work on /home/airflow/.local/lib/python3.8/site-packages/airflow/example_dags/example_task_group_decorator.py
[2023-11-02T23:30:32.362+0000] {processor.py:829} INFO - Processing file /home/airflow/.local/lib/python3.8/site-packages/airflow/example_dags/example_task_group_decorator.py for tasks to queue
[2023-11-02T23:30:32.364+0000] {logging_mixin.py:151} INFO - [2023-11-02T23:30:32.364+0000] {dagbag.py:536} INFO - Filling up the DagBag from /home/airflow/.local/lib/python3.8/site-packages/airflow/example_dags/example_task_group_decorator.py
[2023-11-02T23:30:32.380+0000] {processor.py:839} INFO - DAG(s) dict_keys(['example_task_group_decorator']) retrieved from /home/airflow/.local/lib/python3.8/site-packages/airflow/example_dags/example_task_group_decorator.py
[2023-11-02T23:30:32.409+0000] {logging_mixin.py:151} INFO - [2023-11-02T23:30:32.409+0000] {dag.py:2941} INFO - Sync 1 DAGs
[2023-11-02T23:30:32.439+0000] {logging_mixin.py:151} INFO - [2023-11-02T23:30:32.439+0000] {dag.py:3722} INFO - Setting next_dagrun for example_task_group_decorator to 2023-11-01T23:30:32.439070+00:00, run_after=2023-11-02T23:30:32.439070+00:00
[2023-11-02T23:30:32.472+0000] {processor.py:179} INFO - Processing /home/airflow/.local/lib/python3.8/site-packages/airflow/example_dags/example_task_group_decorator.py took 0.115 seconds
[2023-11-02T23:31:02.764+0000] {processor.py:157} INFO - Started process (PID=550) to work on /home/airflow/.local/lib/python3.8/site-packages/airflow/example_dags/example_task_group_decorator.py
[2023-11-02T23:31:02.768+0000] {processor.py:829} INFO - Processing file /home/airflow/.local/lib/python3.8/site-packages/airflow/example_dags/example_task_group_decorator.py for tasks to queue
[2023-11-02T23:31:02.771+0000] {logging_mixin.py:151} INFO - [2023-11-02T23:31:02.771+0000] {dagbag.py:536} INFO - Filling up the DagBag from /home/airflow/.local/lib/python3.8/site-packages/airflow/example_dags/example_task_group_decorator.py
[2023-11-02T23:31:02.801+0000] {processor.py:839} INFO - DAG(s) dict_keys(['example_task_group_decorator']) retrieved from /home/airflow/.local/lib/python3.8/site-packages/airflow/example_dags/example_task_group_decorator.py
[2023-11-02T23:31:02.839+0000] {logging_mixin.py:151} INFO - [2023-11-02T23:31:02.839+0000] {dag.py:2941} INFO - Sync 1 DAGs
[2023-11-02T23:31:02.875+0000] {logging_mixin.py:151} INFO - [2023-11-02T23:31:02.875+0000] {dag.py:3722} INFO - Setting next_dagrun for example_task_group_decorator to 2023-11-01T23:31:02.874745+00:00, run_after=2023-11-02T23:31:02.874745+00:00
[2023-11-02T23:31:02.909+0000] {processor.py:179} INFO - Processing /home/airflow/.local/lib/python3.8/site-packages/airflow/example_dags/example_task_group_decorator.py took 0.149 seconds
[2023-11-02T23:31:33.406+0000] {processor.py:157} INFO - Started process (PID=603) to work on /home/airflow/.local/lib/python3.8/site-packages/airflow/example_dags/example_task_group_decorator.py
[2023-11-02T23:31:33.407+0000] {processor.py:829} INFO - Processing file /home/airflow/.local/lib/python3.8/site-packages/airflow/example_dags/example_task_group_decorator.py for tasks to queue
[2023-11-02T23:31:33.409+0000] {logging_mixin.py:151} INFO - [2023-11-02T23:31:33.409+0000] {dagbag.py:536} INFO - Filling up the DagBag from /home/airflow/.local/lib/python3.8/site-packages/airflow/example_dags/example_task_group_decorator.py
[2023-11-02T23:31:33.426+0000] {processor.py:839} INFO - DAG(s) dict_keys(['example_task_group_decorator']) retrieved from /home/airflow/.local/lib/python3.8/site-packages/airflow/example_dags/example_task_group_decorator.py
[2023-11-02T23:31:33.455+0000] {logging_mixin.py:151} INFO - [2023-11-02T23:31:33.455+0000] {dag.py:2941} INFO - Sync 1 DAGs
[2023-11-02T23:31:33.482+0000] {logging_mixin.py:151} INFO - [2023-11-02T23:31:33.482+0000] {dag.py:3722} INFO - Setting next_dagrun for example_task_group_decorator to 2023-11-01T23:31:33.481870+00:00, run_after=2023-11-02T23:31:33.481870+00:00
[2023-11-02T23:31:33.513+0000] {processor.py:179} INFO - Processing /home/airflow/.local/lib/python3.8/site-packages/airflow/example_dags/example_task_group_decorator.py took 0.110 seconds
[2023-11-02T23:32:05.225+0000] {processor.py:157} INFO - Started process (PID=657) to work on /home/airflow/.local/lib/python3.8/site-packages/airflow/example_dags/example_task_group_decorator.py
[2023-11-02T23:32:05.227+0000] {processor.py:829} INFO - Processing file /home/airflow/.local/lib/python3.8/site-packages/airflow/example_dags/example_task_group_decorator.py for tasks to queue
[2023-11-02T23:32:05.229+0000] {logging_mixin.py:151} INFO - [2023-11-02T23:32:05.229+0000] {dagbag.py:536} INFO - Filling up the DagBag from /home/airflow/.local/lib/python3.8/site-packages/airflow/example_dags/example_task_group_decorator.py
[2023-11-02T23:32:05.247+0000] {processor.py:839} INFO - DAG(s) dict_keys(['example_task_group_decorator']) retrieved from /home/airflow/.local/lib/python3.8/site-packages/airflow/example_dags/example_task_group_decorator.py
[2023-11-02T23:32:05.302+0000] {logging_mixin.py:151} INFO - [2023-11-02T23:32:05.301+0000] {dag.py:2941} INFO - Sync 1 DAGs
[2023-11-02T23:32:05.344+0000] {logging_mixin.py:151} INFO - [2023-11-02T23:32:05.344+0000] {dag.py:3722} INFO - Setting next_dagrun for example_task_group_decorator to 2023-11-01T23:32:05.344134+00:00, run_after=2023-11-02T23:32:05.344134+00:00
[2023-11-02T23:32:05.381+0000] {processor.py:179} INFO - Processing /home/airflow/.local/lib/python3.8/site-packages/airflow/example_dags/example_task_group_decorator.py took 0.160 seconds
[2023-11-02T23:32:36.073+0000] {processor.py:157} INFO - Started process (PID=711) to work on /home/airflow/.local/lib/python3.8/site-packages/airflow/example_dags/example_task_group_decorator.py
[2023-11-02T23:32:36.075+0000] {processor.py:829} INFO - Processing file /home/airflow/.local/lib/python3.8/site-packages/airflow/example_dags/example_task_group_decorator.py for tasks to queue
[2023-11-02T23:32:36.078+0000] {logging_mixin.py:151} INFO - [2023-11-02T23:32:36.078+0000] {dagbag.py:536} INFO - Filling up the DagBag from /home/airflow/.local/lib/python3.8/site-packages/airflow/example_dags/example_task_group_decorator.py
[2023-11-02T23:32:36.105+0000] {processor.py:839} INFO - DAG(s) dict_keys(['example_task_group_decorator']) retrieved from /home/airflow/.local/lib/python3.8/site-packages/airflow/example_dags/example_task_group_decorator.py
[2023-11-02T23:32:36.172+0000] {logging_mixin.py:151} INFO - [2023-11-02T23:32:36.172+0000] {dag.py:2941} INFO - Sync 1 DAGs
[2023-11-02T23:32:36.212+0000] {logging_mixin.py:151} INFO - [2023-11-02T23:32:36.212+0000] {dag.py:3722} INFO - Setting next_dagrun for example_task_group_decorator to 2023-11-01T23:32:36.211810+00:00, run_after=2023-11-02T23:32:36.211810+00:00
[2023-11-02T23:32:36.298+0000] {processor.py:179} INFO - Processing /home/airflow/.local/lib/python3.8/site-packages/airflow/example_dags/example_task_group_decorator.py took 0.229 seconds
[2023-11-02T23:33:06.945+0000] {processor.py:157} INFO - Started process (PID=764) to work on /home/airflow/.local/lib/python3.8/site-packages/airflow/example_dags/example_task_group_decorator.py
[2023-11-02T23:33:06.945+0000] {processor.py:829} INFO - Processing file /home/airflow/.local/lib/python3.8/site-packages/airflow/example_dags/example_task_group_decorator.py for tasks to queue
[2023-11-02T23:33:06.947+0000] {logging_mixin.py:151} INFO - [2023-11-02T23:33:06.947+0000] {dagbag.py:536} INFO - Filling up the DagBag from /home/airflow/.local/lib/python3.8/site-packages/airflow/example_dags/example_task_group_decorator.py
[2023-11-02T23:33:06.964+0000] {processor.py:839} INFO - DAG(s) dict_keys(['example_task_group_decorator']) retrieved from /home/airflow/.local/lib/python3.8/site-packages/airflow/example_dags/example_task_group_decorator.py
[2023-11-02T23:33:06.993+0000] {logging_mixin.py:151} INFO - [2023-11-02T23:33:06.993+0000] {dag.py:2941} INFO - Sync 1 DAGs
[2023-11-02T23:33:07.021+0000] {logging_mixin.py:151} INFO - [2023-11-02T23:33:07.020+0000] {dag.py:3722} INFO - Setting next_dagrun for example_task_group_decorator to 2023-11-01T23:33:07.020505+00:00, run_after=2023-11-02T23:33:07.020505+00:00
[2023-11-02T23:33:07.052+0000] {processor.py:179} INFO - Processing /home/airflow/.local/lib/python3.8/site-packages/airflow/example_dags/example_task_group_decorator.py took 0.111 seconds
[2023-11-02T23:33:37.201+0000] {processor.py:157} INFO - Started process (PID=818) to work on /home/airflow/.local/lib/python3.8/site-packages/airflow/example_dags/example_task_group_decorator.py
[2023-11-02T23:33:37.202+0000] {processor.py:829} INFO - Processing file /home/airflow/.local/lib/python3.8/site-packages/airflow/example_dags/example_task_group_decorator.py for tasks to queue
[2023-11-02T23:33:37.204+0000] {logging_mixin.py:151} INFO - [2023-11-02T23:33:37.204+0000] {dagbag.py:536} INFO - Filling up the DagBag from /home/airflow/.local/lib/python3.8/site-packages/airflow/example_dags/example_task_group_decorator.py
[2023-11-02T23:33:37.218+0000] {processor.py:839} INFO - DAG(s) dict_keys(['example_task_group_decorator']) retrieved from /home/airflow/.local/lib/python3.8/site-packages/airflow/example_dags/example_task_group_decorator.py
[2023-11-02T23:33:37.246+0000] {logging_mixin.py:151} INFO - [2023-11-02T23:33:37.246+0000] {dag.py:2941} INFO - Sync 1 DAGs
[2023-11-02T23:33:37.272+0000] {logging_mixin.py:151} INFO - [2023-11-02T23:33:37.272+0000] {dag.py:3722} INFO - Setting next_dagrun for example_task_group_decorator to 2023-11-01T23:33:37.271817+00:00, run_after=2023-11-02T23:33:37.271817+00:00
[2023-11-02T23:33:37.296+0000] {processor.py:179} INFO - Processing /home/airflow/.local/lib/python3.8/site-packages/airflow/example_dags/example_task_group_decorator.py took 0.099 seconds
[2023-11-02T23:34:07.544+0000] {processor.py:157} INFO - Started process (PID=872) to work on /home/airflow/.local/lib/python3.8/site-packages/airflow/example_dags/example_task_group_decorator.py
[2023-11-02T23:34:07.546+0000] {processor.py:829} INFO - Processing file /home/airflow/.local/lib/python3.8/site-packages/airflow/example_dags/example_task_group_decorator.py for tasks to queue
[2023-11-02T23:34:07.548+0000] {logging_mixin.py:151} INFO - [2023-11-02T23:34:07.548+0000] {dagbag.py:536} INFO - Filling up the DagBag from /home/airflow/.local/lib/python3.8/site-packages/airflow/example_dags/example_task_group_decorator.py
[2023-11-02T23:34:07.565+0000] {processor.py:839} INFO - DAG(s) dict_keys(['example_task_group_decorator']) retrieved from /home/airflow/.local/lib/python3.8/site-packages/airflow/example_dags/example_task_group_decorator.py
[2023-11-02T23:34:07.592+0000] {logging_mixin.py:151} INFO - [2023-11-02T23:34:07.592+0000] {dag.py:2941} INFO - Sync 1 DAGs
[2023-11-02T23:34:07.620+0000] {logging_mixin.py:151} INFO - [2023-11-02T23:34:07.619+0000] {dag.py:3722} INFO - Setting next_dagrun for example_task_group_decorator to 2023-11-01T23:34:07.619443+00:00, run_after=2023-11-02T23:34:07.619443+00:00
[2023-11-02T23:34:07.648+0000] {processor.py:179} INFO - Processing /home/airflow/.local/lib/python3.8/site-packages/airflow/example_dags/example_task_group_decorator.py took 0.107 seconds
[2023-11-02T23:34:38.141+0000] {processor.py:157} INFO - Started process (PID=925) to work on /home/airflow/.local/lib/python3.8/site-packages/airflow/example_dags/example_task_group_decorator.py
[2023-11-02T23:34:38.143+0000] {processor.py:829} INFO - Processing file /home/airflow/.local/lib/python3.8/site-packages/airflow/example_dags/example_task_group_decorator.py for tasks to queue
[2023-11-02T23:34:38.145+0000] {logging_mixin.py:151} INFO - [2023-11-02T23:34:38.144+0000] {dagbag.py:536} INFO - Filling up the DagBag from /home/airflow/.local/lib/python3.8/site-packages/airflow/example_dags/example_task_group_decorator.py
[2023-11-02T23:34:38.161+0000] {processor.py:839} INFO - DAG(s) dict_keys(['example_task_group_decorator']) retrieved from /home/airflow/.local/lib/python3.8/site-packages/airflow/example_dags/example_task_group_decorator.py
[2023-11-02T23:34:38.191+0000] {logging_mixin.py:151} INFO - [2023-11-02T23:34:38.191+0000] {dag.py:2941} INFO - Sync 1 DAGs
[2023-11-02T23:34:38.218+0000] {logging_mixin.py:151} INFO - [2023-11-02T23:34:38.218+0000] {dag.py:3722} INFO - Setting next_dagrun for example_task_group_decorator to 2023-11-01T23:34:38.218065+00:00, run_after=2023-11-02T23:34:38.218065+00:00
[2023-11-02T23:34:38.245+0000] {processor.py:179} INFO - Processing /home/airflow/.local/lib/python3.8/site-packages/airflow/example_dags/example_task_group_decorator.py took 0.107 seconds
[2023-11-02T23:35:08.913+0000] {processor.py:157} INFO - Started process (PID=978) to work on /home/airflow/.local/lib/python3.8/site-packages/airflow/example_dags/example_task_group_decorator.py
[2023-11-02T23:35:08.915+0000] {processor.py:829} INFO - Processing file /home/airflow/.local/lib/python3.8/site-packages/airflow/example_dags/example_task_group_decorator.py for tasks to queue
[2023-11-02T23:35:08.917+0000] {logging_mixin.py:151} INFO - [2023-11-02T23:35:08.917+0000] {dagbag.py:536} INFO - Filling up the DagBag from /home/airflow/.local/lib/python3.8/site-packages/airflow/example_dags/example_task_group_decorator.py
[2023-11-02T23:35:08.934+0000] {processor.py:839} INFO - DAG(s) dict_keys(['example_task_group_decorator']) retrieved from /home/airflow/.local/lib/python3.8/site-packages/airflow/example_dags/example_task_group_decorator.py
[2023-11-02T23:35:08.970+0000] {logging_mixin.py:151} INFO - [2023-11-02T23:35:08.970+0000] {dag.py:2941} INFO - Sync 1 DAGs
[2023-11-02T23:35:09.003+0000] {logging_mixin.py:151} INFO - [2023-11-02T23:35:09.002+0000] {dag.py:3722} INFO - Setting next_dagrun for example_task_group_decorator to 2023-11-01T23:35:09.000953+00:00, run_after=2023-11-02T23:35:09.000953+00:00
[2023-11-02T23:35:09.053+0000] {processor.py:179} INFO - Processing /home/airflow/.local/lib/python3.8/site-packages/airflow/example_dags/example_task_group_decorator.py took 0.142 seconds
[2023-11-02T23:35:40.561+0000] {processor.py:157} INFO - Started process (PID=1039) to work on /home/airflow/.local/lib/python3.8/site-packages/airflow/example_dags/example_task_group_decorator.py
[2023-11-02T23:35:40.562+0000] {processor.py:829} INFO - Processing file /home/airflow/.local/lib/python3.8/site-packages/airflow/example_dags/example_task_group_decorator.py for tasks to queue
[2023-11-02T23:35:40.565+0000] {logging_mixin.py:151} INFO - [2023-11-02T23:35:40.564+0000] {dagbag.py:536} INFO - Filling up the DagBag from /home/airflow/.local/lib/python3.8/site-packages/airflow/example_dags/example_task_group_decorator.py
[2023-11-02T23:35:40.588+0000] {processor.py:839} INFO - DAG(s) dict_keys(['example_task_group_decorator']) retrieved from /home/airflow/.local/lib/python3.8/site-packages/airflow/example_dags/example_task_group_decorator.py
[2023-11-02T23:35:40.618+0000] {logging_mixin.py:151} INFO - [2023-11-02T23:35:40.618+0000] {dag.py:2941} INFO - Sync 1 DAGs
[2023-11-02T23:35:40.818+0000] {logging_mixin.py:151} INFO - [2023-11-02T23:35:40.817+0000] {dag.py:3722} INFO - Setting next_dagrun for example_task_group_decorator to 2023-11-01T23:35:40.817690+00:00, run_after=2023-11-02T23:35:40.817690+00:00
[2023-11-02T23:35:40.841+0000] {processor.py:179} INFO - Processing /home/airflow/.local/lib/python3.8/site-packages/airflow/example_dags/example_task_group_decorator.py took 0.283 seconds
[2023-11-02T23:36:11.581+0000] {processor.py:157} INFO - Started process (PID=1093) to work on /home/airflow/.local/lib/python3.8/site-packages/airflow/example_dags/example_task_group_decorator.py
[2023-11-02T23:36:11.581+0000] {processor.py:829} INFO - Processing file /home/airflow/.local/lib/python3.8/site-packages/airflow/example_dags/example_task_group_decorator.py for tasks to queue
[2023-11-02T23:36:11.584+0000] {logging_mixin.py:151} INFO - [2023-11-02T23:36:11.584+0000] {dagbag.py:536} INFO - Filling up the DagBag from /home/airflow/.local/lib/python3.8/site-packages/airflow/example_dags/example_task_group_decorator.py
[2023-11-02T23:36:11.600+0000] {processor.py:839} INFO - DAG(s) dict_keys(['example_task_group_decorator']) retrieved from /home/airflow/.local/lib/python3.8/site-packages/airflow/example_dags/example_task_group_decorator.py
[2023-11-02T23:36:11.629+0000] {logging_mixin.py:151} INFO - [2023-11-02T23:36:11.629+0000] {dag.py:2941} INFO - Sync 1 DAGs
[2023-11-02T23:36:11.660+0000] {logging_mixin.py:151} INFO - [2023-11-02T23:36:11.660+0000] {dag.py:3722} INFO - Setting next_dagrun for example_task_group_decorator to 2023-11-01T23:36:11.660062+00:00, run_after=2023-11-02T23:36:11.660062+00:00
[2023-11-02T23:36:11.697+0000] {processor.py:179} INFO - Processing /home/airflow/.local/lib/python3.8/site-packages/airflow/example_dags/example_task_group_decorator.py took 0.119 seconds
[2023-11-02T23:36:41.723+0000] {processor.py:157} INFO - Started process (PID=1148) to work on /home/airflow/.local/lib/python3.8/site-packages/airflow/example_dags/example_task_group_decorator.py
[2023-11-02T23:36:41.724+0000] {processor.py:829} INFO - Processing file /home/airflow/.local/lib/python3.8/site-packages/airflow/example_dags/example_task_group_decorator.py for tasks to queue
[2023-11-02T23:36:41.726+0000] {logging_mixin.py:151} INFO - [2023-11-02T23:36:41.726+0000] {dagbag.py:536} INFO - Filling up the DagBag from /home/airflow/.local/lib/python3.8/site-packages/airflow/example_dags/example_task_group_decorator.py
[2023-11-02T23:36:41.740+0000] {processor.py:839} INFO - DAG(s) dict_keys(['example_task_group_decorator']) retrieved from /home/airflow/.local/lib/python3.8/site-packages/airflow/example_dags/example_task_group_decorator.py
[2023-11-02T23:36:41.768+0000] {logging_mixin.py:151} INFO - [2023-11-02T23:36:41.768+0000] {dag.py:2941} INFO - Sync 1 DAGs
[2023-11-02T23:36:41.793+0000] {logging_mixin.py:151} INFO - [2023-11-02T23:36:41.793+0000] {dag.py:3722} INFO - Setting next_dagrun for example_task_group_decorator to 2023-11-01T23:36:41.793252+00:00, run_after=2023-11-02T23:36:41.793252+00:00
[2023-11-02T23:36:41.819+0000] {processor.py:179} INFO - Processing /home/airflow/.local/lib/python3.8/site-packages/airflow/example_dags/example_task_group_decorator.py took 0.100 seconds
[2023-11-02T23:37:12.429+0000] {processor.py:157} INFO - Started process (PID=1202) to work on /home/airflow/.local/lib/python3.8/site-packages/airflow/example_dags/example_task_group_decorator.py
[2023-11-02T23:37:12.431+0000] {processor.py:829} INFO - Processing file /home/airflow/.local/lib/python3.8/site-packages/airflow/example_dags/example_task_group_decorator.py for tasks to queue
[2023-11-02T23:37:12.433+0000] {logging_mixin.py:151} INFO - [2023-11-02T23:37:12.433+0000] {dagbag.py:536} INFO - Filling up the DagBag from /home/airflow/.local/lib/python3.8/site-packages/airflow/example_dags/example_task_group_decorator.py
[2023-11-02T23:37:12.449+0000] {processor.py:839} INFO - DAG(s) dict_keys(['example_task_group_decorator']) retrieved from /home/airflow/.local/lib/python3.8/site-packages/airflow/example_dags/example_task_group_decorator.py
[2023-11-02T23:37:12.479+0000] {logging_mixin.py:151} INFO - [2023-11-02T23:37:12.479+0000] {dag.py:2941} INFO - Sync 1 DAGs
[2023-11-02T23:37:12.507+0000] {logging_mixin.py:151} INFO - [2023-11-02T23:37:12.507+0000] {dag.py:3722} INFO - Setting next_dagrun for example_task_group_decorator to 2023-11-01T23:37:12.507216+00:00, run_after=2023-11-02T23:37:12.507216+00:00
[2023-11-02T23:37:12.537+0000] {processor.py:179} INFO - Processing /home/airflow/.local/lib/python3.8/site-packages/airflow/example_dags/example_task_group_decorator.py took 0.110 seconds
[2023-11-02T23:37:43.990+0000] {processor.py:157} INFO - Started process (PID=1257) to work on /home/airflow/.local/lib/python3.8/site-packages/airflow/example_dags/example_task_group_decorator.py
[2023-11-02T23:37:43.992+0000] {processor.py:829} INFO - Processing file /home/airflow/.local/lib/python3.8/site-packages/airflow/example_dags/example_task_group_decorator.py for tasks to queue
[2023-11-02T23:37:43.994+0000] {logging_mixin.py:151} INFO - [2023-11-02T23:37:43.994+0000] {dagbag.py:536} INFO - Filling up the DagBag from /home/airflow/.local/lib/python3.8/site-packages/airflow/example_dags/example_task_group_decorator.py
[2023-11-02T23:37:44.012+0000] {processor.py:839} INFO - DAG(s) dict_keys(['example_task_group_decorator']) retrieved from /home/airflow/.local/lib/python3.8/site-packages/airflow/example_dags/example_task_group_decorator.py
[2023-11-02T23:37:44.043+0000] {logging_mixin.py:151} INFO - [2023-11-02T23:37:44.043+0000] {dag.py:2941} INFO - Sync 1 DAGs
[2023-11-02T23:37:44.243+0000] {logging_mixin.py:151} INFO - [2023-11-02T23:37:44.243+0000] {dag.py:3722} INFO - Setting next_dagrun for example_task_group_decorator to 2023-11-01T23:37:44.242803+00:00, run_after=2023-11-02T23:37:44.242803+00:00
[2023-11-02T23:37:44.288+0000] {processor.py:179} INFO - Processing /home/airflow/.local/lib/python3.8/site-packages/airflow/example_dags/example_task_group_decorator.py took 0.301 seconds
[2023-11-02T23:38:15.004+0000] {processor.py:157} INFO - Started process (PID=1311) to work on /home/airflow/.local/lib/python3.8/site-packages/airflow/example_dags/example_task_group_decorator.py
[2023-11-02T23:38:15.005+0000] {processor.py:829} INFO - Processing file /home/airflow/.local/lib/python3.8/site-packages/airflow/example_dags/example_task_group_decorator.py for tasks to queue
[2023-11-02T23:38:15.007+0000] {logging_mixin.py:151} INFO - [2023-11-02T23:38:15.007+0000] {dagbag.py:536} INFO - Filling up the DagBag from /home/airflow/.local/lib/python3.8/site-packages/airflow/example_dags/example_task_group_decorator.py
[2023-11-02T23:38:15.032+0000] {processor.py:839} INFO - DAG(s) dict_keys(['example_task_group_decorator']) retrieved from /home/airflow/.local/lib/python3.8/site-packages/airflow/example_dags/example_task_group_decorator.py
[2023-11-02T23:38:15.075+0000] {logging_mixin.py:151} INFO - [2023-11-02T23:38:15.074+0000] {dag.py:2941} INFO - Sync 1 DAGs
[2023-11-02T23:38:15.104+0000] {logging_mixin.py:151} INFO - [2023-11-02T23:38:15.104+0000] {dag.py:3722} INFO - Setting next_dagrun for example_task_group_decorator to 2023-11-01T23:38:15.104216+00:00, run_after=2023-11-02T23:38:15.104216+00:00
[2023-11-02T23:38:15.135+0000] {processor.py:179} INFO - Processing /home/airflow/.local/lib/python3.8/site-packages/airflow/example_dags/example_task_group_decorator.py took 0.136 seconds
[2023-11-02T23:38:45.634+0000] {processor.py:157} INFO - Started process (PID=1365) to work on /home/airflow/.local/lib/python3.8/site-packages/airflow/example_dags/example_task_group_decorator.py
[2023-11-02T23:38:45.635+0000] {processor.py:829} INFO - Processing file /home/airflow/.local/lib/python3.8/site-packages/airflow/example_dags/example_task_group_decorator.py for tasks to queue
[2023-11-02T23:38:45.637+0000] {logging_mixin.py:151} INFO - [2023-11-02T23:38:45.637+0000] {dagbag.py:536} INFO - Filling up the DagBag from /home/airflow/.local/lib/python3.8/site-packages/airflow/example_dags/example_task_group_decorator.py
[2023-11-02T23:38:45.652+0000] {processor.py:839} INFO - DAG(s) dict_keys(['example_task_group_decorator']) retrieved from /home/airflow/.local/lib/python3.8/site-packages/airflow/example_dags/example_task_group_decorator.py
[2023-11-02T23:38:45.680+0000] {logging_mixin.py:151} INFO - [2023-11-02T23:38:45.679+0000] {dag.py:2941} INFO - Sync 1 DAGs
[2023-11-02T23:38:45.706+0000] {logging_mixin.py:151} INFO - [2023-11-02T23:38:45.706+0000] {dag.py:3722} INFO - Setting next_dagrun for example_task_group_decorator to 2023-11-01T23:38:45.706098+00:00, run_after=2023-11-02T23:38:45.706098+00:00
[2023-11-02T23:38:45.735+0000] {processor.py:179} INFO - Processing /home/airflow/.local/lib/python3.8/site-packages/airflow/example_dags/example_task_group_decorator.py took 0.105 seconds
[2023-11-02T23:39:16.067+0000] {processor.py:157} INFO - Started process (PID=1419) to work on /home/airflow/.local/lib/python3.8/site-packages/airflow/example_dags/example_task_group_decorator.py
[2023-11-02T23:39:16.068+0000] {processor.py:829} INFO - Processing file /home/airflow/.local/lib/python3.8/site-packages/airflow/example_dags/example_task_group_decorator.py for tasks to queue
[2023-11-02T23:39:16.070+0000] {logging_mixin.py:151} INFO - [2023-11-02T23:39:16.070+0000] {dagbag.py:536} INFO - Filling up the DagBag from /home/airflow/.local/lib/python3.8/site-packages/airflow/example_dags/example_task_group_decorator.py
[2023-11-02T23:39:16.086+0000] {processor.py:839} INFO - DAG(s) dict_keys(['example_task_group_decorator']) retrieved from /home/airflow/.local/lib/python3.8/site-packages/airflow/example_dags/example_task_group_decorator.py
[2023-11-02T23:39:16.124+0000] {logging_mixin.py:151} INFO - [2023-11-02T23:39:16.124+0000] {dag.py:2941} INFO - Sync 1 DAGs
[2023-11-02T23:39:16.321+0000] {logging_mixin.py:151} INFO - [2023-11-02T23:39:16.321+0000] {dag.py:3722} INFO - Setting next_dagrun for example_task_group_decorator to 2023-11-01T23:39:16.320997+00:00, run_after=2023-11-02T23:39:16.320997+00:00
[2023-11-02T23:39:16.348+0000] {processor.py:179} INFO - Processing /home/airflow/.local/lib/python3.8/site-packages/airflow/example_dags/example_task_group_decorator.py took 0.285 seconds
[2023-11-02T23:39:46.545+0000] {processor.py:157} INFO - Started process (PID=1472) to work on /home/airflow/.local/lib/python3.8/site-packages/airflow/example_dags/example_task_group_decorator.py
[2023-11-02T23:39:46.547+0000] {processor.py:829} INFO - Processing file /home/airflow/.local/lib/python3.8/site-packages/airflow/example_dags/example_task_group_decorator.py for tasks to queue
[2023-11-02T23:39:46.550+0000] {logging_mixin.py:151} INFO - [2023-11-02T23:39:46.549+0000] {dagbag.py:536} INFO - Filling up the DagBag from /home/airflow/.local/lib/python3.8/site-packages/airflow/example_dags/example_task_group_decorator.py
[2023-11-02T23:39:46.570+0000] {processor.py:839} INFO - DAG(s) dict_keys(['example_task_group_decorator']) retrieved from /home/airflow/.local/lib/python3.8/site-packages/airflow/example_dags/example_task_group_decorator.py
[2023-11-02T23:39:46.611+0000] {logging_mixin.py:151} INFO - [2023-11-02T23:39:46.611+0000] {dag.py:2941} INFO - Sync 1 DAGs
[2023-11-02T23:39:46.643+0000] {logging_mixin.py:151} INFO - [2023-11-02T23:39:46.642+0000] {dag.py:3722} INFO - Setting next_dagrun for example_task_group_decorator to 2023-11-01T23:39:46.642632+00:00, run_after=2023-11-02T23:39:46.642632+00:00
[2023-11-02T23:39:46.873+0000] {processor.py:179} INFO - Processing /home/airflow/.local/lib/python3.8/site-packages/airflow/example_dags/example_task_group_decorator.py took 0.331 seconds
[2023-11-02T23:40:17.407+0000] {processor.py:157} INFO - Started process (PID=1525) to work on /home/airflow/.local/lib/python3.8/site-packages/airflow/example_dags/example_task_group_decorator.py
[2023-11-02T23:40:17.408+0000] {processor.py:829} INFO - Processing file /home/airflow/.local/lib/python3.8/site-packages/airflow/example_dags/example_task_group_decorator.py for tasks to queue
[2023-11-02T23:40:17.410+0000] {logging_mixin.py:151} INFO - [2023-11-02T23:40:17.410+0000] {dagbag.py:536} INFO - Filling up the DagBag from /home/airflow/.local/lib/python3.8/site-packages/airflow/example_dags/example_task_group_decorator.py
[2023-11-02T23:40:17.425+0000] {processor.py:839} INFO - DAG(s) dict_keys(['example_task_group_decorator']) retrieved from /home/airflow/.local/lib/python3.8/site-packages/airflow/example_dags/example_task_group_decorator.py
[2023-11-02T23:40:17.458+0000] {logging_mixin.py:151} INFO - [2023-11-02T23:40:17.458+0000] {dag.py:2941} INFO - Sync 1 DAGs
[2023-11-02T23:40:17.487+0000] {logging_mixin.py:151} INFO - [2023-11-02T23:40:17.486+0000] {dag.py:3722} INFO - Setting next_dagrun for example_task_group_decorator to 2023-11-01T23:40:17.486615+00:00, run_after=2023-11-02T23:40:17.486615+00:00
[2023-11-02T23:40:17.519+0000] {processor.py:179} INFO - Processing /home/airflow/.local/lib/python3.8/site-packages/airflow/example_dags/example_task_group_decorator.py took 0.114 seconds
[2023-11-02T23:40:48.084+0000] {processor.py:157} INFO - Started process (PID=1579) to work on /home/airflow/.local/lib/python3.8/site-packages/airflow/example_dags/example_task_group_decorator.py
[2023-11-02T23:40:48.086+0000] {processor.py:829} INFO - Processing file /home/airflow/.local/lib/python3.8/site-packages/airflow/example_dags/example_task_group_decorator.py for tasks to queue
[2023-11-02T23:40:48.088+0000] {logging_mixin.py:151} INFO - [2023-11-02T23:40:48.088+0000] {dagbag.py:536} INFO - Filling up the DagBag from /home/airflow/.local/lib/python3.8/site-packages/airflow/example_dags/example_task_group_decorator.py
[2023-11-02T23:40:48.104+0000] {processor.py:839} INFO - DAG(s) dict_keys(['example_task_group_decorator']) retrieved from /home/airflow/.local/lib/python3.8/site-packages/airflow/example_dags/example_task_group_decorator.py
[2023-11-02T23:40:48.308+0000] {logging_mixin.py:151} INFO - [2023-11-02T23:40:48.307+0000] {dag.py:2941} INFO - Sync 1 DAGs
[2023-11-02T23:40:48.331+0000] {logging_mixin.py:151} INFO - [2023-11-02T23:40:48.330+0000] {dag.py:3722} INFO - Setting next_dagrun for example_task_group_decorator to 2023-11-01T23:40:48.330554+00:00, run_after=2023-11-02T23:40:48.330554+00:00
[2023-11-02T23:40:48.357+0000] {processor.py:179} INFO - Processing /home/airflow/.local/lib/python3.8/site-packages/airflow/example_dags/example_task_group_decorator.py took 0.276 seconds
[2023-11-02T23:41:18.384+0000] {processor.py:157} INFO - Started process (PID=1633) to work on /home/airflow/.local/lib/python3.8/site-packages/airflow/example_dags/example_task_group_decorator.py
[2023-11-02T23:41:18.385+0000] {processor.py:829} INFO - Processing file /home/airflow/.local/lib/python3.8/site-packages/airflow/example_dags/example_task_group_decorator.py for tasks to queue
[2023-11-02T23:41:18.388+0000] {logging_mixin.py:151} INFO - [2023-11-02T23:41:18.388+0000] {dagbag.py:536} INFO - Filling up the DagBag from /home/airflow/.local/lib/python3.8/site-packages/airflow/example_dags/example_task_group_decorator.py
[2023-11-02T23:41:18.402+0000] {processor.py:839} INFO - DAG(s) dict_keys(['example_task_group_decorator']) retrieved from /home/airflow/.local/lib/python3.8/site-packages/airflow/example_dags/example_task_group_decorator.py
[2023-11-02T23:41:18.432+0000] {logging_mixin.py:151} INFO - [2023-11-02T23:41:18.431+0000] {dag.py:2941} INFO - Sync 1 DAGs
[2023-11-02T23:41:18.456+0000] {logging_mixin.py:151} INFO - [2023-11-02T23:41:18.455+0000] {dag.py:3722} INFO - Setting next_dagrun for example_task_group_decorator to 2023-11-01T23:41:18.455735+00:00, run_after=2023-11-02T23:41:18.455735+00:00
[2023-11-02T23:41:18.483+0000] {processor.py:179} INFO - Processing /home/airflow/.local/lib/python3.8/site-packages/airflow/example_dags/example_task_group_decorator.py took 0.102 seconds
[2023-11-02T23:41:48.566+0000] {processor.py:157} INFO - Started process (PID=1687) to work on /home/airflow/.local/lib/python3.8/site-packages/airflow/example_dags/example_task_group_decorator.py
[2023-11-02T23:41:48.568+0000] {processor.py:829} INFO - Processing file /home/airflow/.local/lib/python3.8/site-packages/airflow/example_dags/example_task_group_decorator.py for tasks to queue
[2023-11-02T23:41:48.571+0000] {logging_mixin.py:151} INFO - [2023-11-02T23:41:48.570+0000] {dagbag.py:536} INFO - Filling up the DagBag from /home/airflow/.local/lib/python3.8/site-packages/airflow/example_dags/example_task_group_decorator.py
[2023-11-02T23:41:48.585+0000] {processor.py:839} INFO - DAG(s) dict_keys(['example_task_group_decorator']) retrieved from /home/airflow/.local/lib/python3.8/site-packages/airflow/example_dags/example_task_group_decorator.py
[2023-11-02T23:41:48.612+0000] {logging_mixin.py:151} INFO - [2023-11-02T23:41:48.612+0000] {dag.py:2941} INFO - Sync 1 DAGs
[2023-11-02T23:41:48.638+0000] {logging_mixin.py:151} INFO - [2023-11-02T23:41:48.638+0000] {dag.py:3722} INFO - Setting next_dagrun for example_task_group_decorator to 2023-11-01T23:41:48.638459+00:00, run_after=2023-11-02T23:41:48.638459+00:00
[2023-11-02T23:41:48.665+0000] {processor.py:179} INFO - Processing /home/airflow/.local/lib/python3.8/site-packages/airflow/example_dags/example_task_group_decorator.py took 0.102 seconds
[2023-11-02T23:42:18.963+0000] {processor.py:157} INFO - Started process (PID=1741) to work on /home/airflow/.local/lib/python3.8/site-packages/airflow/example_dags/example_task_group_decorator.py
[2023-11-02T23:42:18.965+0000] {processor.py:829} INFO - Processing file /home/airflow/.local/lib/python3.8/site-packages/airflow/example_dags/example_task_group_decorator.py for tasks to queue
[2023-11-02T23:42:18.967+0000] {logging_mixin.py:151} INFO - [2023-11-02T23:42:18.967+0000] {dagbag.py:536} INFO - Filling up the DagBag from /home/airflow/.local/lib/python3.8/site-packages/airflow/example_dags/example_task_group_decorator.py
[2023-11-02T23:42:18.983+0000] {processor.py:839} INFO - DAG(s) dict_keys(['example_task_group_decorator']) retrieved from /home/airflow/.local/lib/python3.8/site-packages/airflow/example_dags/example_task_group_decorator.py
[2023-11-02T23:42:19.020+0000] {logging_mixin.py:151} INFO - [2023-11-02T23:42:19.020+0000] {dag.py:2941} INFO - Sync 1 DAGs
[2023-11-02T23:42:19.050+0000] {logging_mixin.py:151} INFO - [2023-11-02T23:42:19.050+0000] {dag.py:3722} INFO - Setting next_dagrun for example_task_group_decorator to 2023-11-01T23:42:19.050027+00:00, run_after=2023-11-02T23:42:19.050027+00:00
[2023-11-02T23:42:19.083+0000] {processor.py:179} INFO - Processing /home/airflow/.local/lib/python3.8/site-packages/airflow/example_dags/example_task_group_decorator.py took 0.123 seconds
[2023-11-02T23:42:50.054+0000] {processor.py:157} INFO - Started process (PID=1795) to work on /home/airflow/.local/lib/python3.8/site-packages/airflow/example_dags/example_task_group_decorator.py
[2023-11-02T23:42:50.056+0000] {processor.py:829} INFO - Processing file /home/airflow/.local/lib/python3.8/site-packages/airflow/example_dags/example_task_group_decorator.py for tasks to queue
[2023-11-02T23:42:50.058+0000] {logging_mixin.py:151} INFO - [2023-11-02T23:42:50.058+0000] {dagbag.py:536} INFO - Filling up the DagBag from /home/airflow/.local/lib/python3.8/site-packages/airflow/example_dags/example_task_group_decorator.py
[2023-11-02T23:42:50.079+0000] {processor.py:839} INFO - DAG(s) dict_keys(['example_task_group_decorator']) retrieved from /home/airflow/.local/lib/python3.8/site-packages/airflow/example_dags/example_task_group_decorator.py
[2023-11-02T23:42:50.109+0000] {logging_mixin.py:151} INFO - [2023-11-02T23:42:50.108+0000] {dag.py:2941} INFO - Sync 1 DAGs
[2023-11-02T23:42:50.134+0000] {logging_mixin.py:151} INFO - [2023-11-02T23:42:50.134+0000] {dag.py:3722} INFO - Setting next_dagrun for example_task_group_decorator to 2023-11-01T23:42:50.134003+00:00, run_after=2023-11-02T23:42:50.134003+00:00
[2023-11-02T23:42:50.162+0000] {processor.py:179} INFO - Processing /home/airflow/.local/lib/python3.8/site-packages/airflow/example_dags/example_task_group_decorator.py took 0.112 seconds
[2023-11-02T23:43:20.364+0000] {processor.py:157} INFO - Started process (PID=1849) to work on /home/airflow/.local/lib/python3.8/site-packages/airflow/example_dags/example_task_group_decorator.py
[2023-11-02T23:43:20.366+0000] {processor.py:829} INFO - Processing file /home/airflow/.local/lib/python3.8/site-packages/airflow/example_dags/example_task_group_decorator.py for tasks to queue
[2023-11-02T23:43:20.368+0000] {logging_mixin.py:151} INFO - [2023-11-02T23:43:20.368+0000] {dagbag.py:536} INFO - Filling up the DagBag from /home/airflow/.local/lib/python3.8/site-packages/airflow/example_dags/example_task_group_decorator.py
[2023-11-02T23:43:20.385+0000] {processor.py:839} INFO - DAG(s) dict_keys(['example_task_group_decorator']) retrieved from /home/airflow/.local/lib/python3.8/site-packages/airflow/example_dags/example_task_group_decorator.py
[2023-11-02T23:43:20.419+0000] {logging_mixin.py:151} INFO - [2023-11-02T23:43:20.419+0000] {dag.py:2941} INFO - Sync 1 DAGs
[2023-11-02T23:43:20.447+0000] {logging_mixin.py:151} INFO - [2023-11-02T23:43:20.447+0000] {dag.py:3722} INFO - Setting next_dagrun for example_task_group_decorator to 2023-11-01T23:43:20.446723+00:00, run_after=2023-11-02T23:43:20.446723+00:00
[2023-11-02T23:43:20.480+0000] {processor.py:179} INFO - Processing /home/airflow/.local/lib/python3.8/site-packages/airflow/example_dags/example_task_group_decorator.py took 0.119 seconds
[2023-11-02T23:43:50.549+0000] {processor.py:157} INFO - Started process (PID=1903) to work on /home/airflow/.local/lib/python3.8/site-packages/airflow/example_dags/example_task_group_decorator.py
[2023-11-02T23:43:50.550+0000] {processor.py:829} INFO - Processing file /home/airflow/.local/lib/python3.8/site-packages/airflow/example_dags/example_task_group_decorator.py for tasks to queue
[2023-11-02T23:43:50.553+0000] {logging_mixin.py:151} INFO - [2023-11-02T23:43:50.552+0000] {dagbag.py:536} INFO - Filling up the DagBag from /home/airflow/.local/lib/python3.8/site-packages/airflow/example_dags/example_task_group_decorator.py
[2023-11-02T23:43:50.567+0000] {processor.py:839} INFO - DAG(s) dict_keys(['example_task_group_decorator']) retrieved from /home/airflow/.local/lib/python3.8/site-packages/airflow/example_dags/example_task_group_decorator.py
[2023-11-02T23:43:50.596+0000] {logging_mixin.py:151} INFO - [2023-11-02T23:43:50.595+0000] {dag.py:2941} INFO - Sync 1 DAGs
[2023-11-02T23:43:50.620+0000] {logging_mixin.py:151} INFO - [2023-11-02T23:43:50.620+0000] {dag.py:3722} INFO - Setting next_dagrun for example_task_group_decorator to 2023-11-01T23:43:50.620112+00:00, run_after=2023-11-02T23:43:50.620112+00:00
[2023-11-02T23:43:50.650+0000] {processor.py:179} INFO - Processing /home/airflow/.local/lib/python3.8/site-packages/airflow/example_dags/example_task_group_decorator.py took 0.104 seconds
[2023-11-02T23:44:20.765+0000] {processor.py:157} INFO - Started process (PID=1957) to work on /home/airflow/.local/lib/python3.8/site-packages/airflow/example_dags/example_task_group_decorator.py
[2023-11-02T23:44:20.766+0000] {processor.py:829} INFO - Processing file /home/airflow/.local/lib/python3.8/site-packages/airflow/example_dags/example_task_group_decorator.py for tasks to queue
[2023-11-02T23:44:20.769+0000] {logging_mixin.py:151} INFO - [2023-11-02T23:44:20.768+0000] {dagbag.py:536} INFO - Filling up the DagBag from /home/airflow/.local/lib/python3.8/site-packages/airflow/example_dags/example_task_group_decorator.py
[2023-11-02T23:44:20.784+0000] {processor.py:839} INFO - DAG(s) dict_keys(['example_task_group_decorator']) retrieved from /home/airflow/.local/lib/python3.8/site-packages/airflow/example_dags/example_task_group_decorator.py
[2023-11-02T23:44:20.812+0000] {logging_mixin.py:151} INFO - [2023-11-02T23:44:20.812+0000] {dag.py:2941} INFO - Sync 1 DAGs
[2023-11-02T23:44:20.837+0000] {logging_mixin.py:151} INFO - [2023-11-02T23:44:20.837+0000] {dag.py:3722} INFO - Setting next_dagrun for example_task_group_decorator to 2023-11-01T23:44:20.837159+00:00, run_after=2023-11-02T23:44:20.837159+00:00
[2023-11-02T23:44:20.865+0000] {processor.py:179} INFO - Processing /home/airflow/.local/lib/python3.8/site-packages/airflow/example_dags/example_task_group_decorator.py took 0.104 seconds
[2023-11-02T23:44:51.030+0000] {processor.py:157} INFO - Started process (PID=2011) to work on /home/airflow/.local/lib/python3.8/site-packages/airflow/example_dags/example_task_group_decorator.py
[2023-11-02T23:44:51.031+0000] {processor.py:829} INFO - Processing file /home/airflow/.local/lib/python3.8/site-packages/airflow/example_dags/example_task_group_decorator.py for tasks to queue
[2023-11-02T23:44:51.034+0000] {logging_mixin.py:151} INFO - [2023-11-02T23:44:51.033+0000] {dagbag.py:536} INFO - Filling up the DagBag from /home/airflow/.local/lib/python3.8/site-packages/airflow/example_dags/example_task_group_decorator.py
[2023-11-02T23:44:51.052+0000] {processor.py:839} INFO - DAG(s) dict_keys(['example_task_group_decorator']) retrieved from /home/airflow/.local/lib/python3.8/site-packages/airflow/example_dags/example_task_group_decorator.py
[2023-11-02T23:44:51.086+0000] {logging_mixin.py:151} INFO - [2023-11-02T23:44:51.086+0000] {dag.py:2941} INFO - Sync 1 DAGs
[2023-11-02T23:44:51.117+0000] {logging_mixin.py:151} INFO - [2023-11-02T23:44:51.116+0000] {dag.py:3722} INFO - Setting next_dagrun for example_task_group_decorator to 2023-11-01T23:44:51.116696+00:00, run_after=2023-11-02T23:44:51.116696+00:00
[2023-11-02T23:44:51.157+0000] {processor.py:179} INFO - Processing /home/airflow/.local/lib/python3.8/site-packages/airflow/example_dags/example_task_group_decorator.py took 0.130 seconds
[2023-11-02T23:45:21.605+0000] {processor.py:157} INFO - Started process (PID=2065) to work on /home/airflow/.local/lib/python3.8/site-packages/airflow/example_dags/example_task_group_decorator.py
[2023-11-02T23:45:21.606+0000] {processor.py:829} INFO - Processing file /home/airflow/.local/lib/python3.8/site-packages/airflow/example_dags/example_task_group_decorator.py for tasks to queue
[2023-11-02T23:45:21.609+0000] {logging_mixin.py:151} INFO - [2023-11-02T23:45:21.608+0000] {dagbag.py:536} INFO - Filling up the DagBag from /home/airflow/.local/lib/python3.8/site-packages/airflow/example_dags/example_task_group_decorator.py
[2023-11-02T23:45:21.624+0000] {processor.py:839} INFO - DAG(s) dict_keys(['example_task_group_decorator']) retrieved from /home/airflow/.local/lib/python3.8/site-packages/airflow/example_dags/example_task_group_decorator.py
[2023-11-02T23:45:21.655+0000] {logging_mixin.py:151} INFO - [2023-11-02T23:45:21.655+0000] {dag.py:2941} INFO - Sync 1 DAGs
[2023-11-02T23:45:21.679+0000] {logging_mixin.py:151} INFO - [2023-11-02T23:45:21.679+0000] {dag.py:3722} INFO - Setting next_dagrun for example_task_group_decorator to 2023-11-01T23:45:21.679502+00:00, run_after=2023-11-02T23:45:21.679502+00:00
[2023-11-02T23:45:21.710+0000] {processor.py:179} INFO - Processing /home/airflow/.local/lib/python3.8/site-packages/airflow/example_dags/example_task_group_decorator.py took 0.108 seconds
[2023-11-02T23:45:51.879+0000] {processor.py:157} INFO - Started process (PID=2119) to work on /home/airflow/.local/lib/python3.8/site-packages/airflow/example_dags/example_task_group_decorator.py
[2023-11-02T23:45:51.881+0000] {processor.py:829} INFO - Processing file /home/airflow/.local/lib/python3.8/site-packages/airflow/example_dags/example_task_group_decorator.py for tasks to queue
[2023-11-02T23:45:51.883+0000] {logging_mixin.py:151} INFO - [2023-11-02T23:45:51.883+0000] {dagbag.py:536} INFO - Filling up the DagBag from /home/airflow/.local/lib/python3.8/site-packages/airflow/example_dags/example_task_group_decorator.py
[2023-11-02T23:45:51.899+0000] {processor.py:839} INFO - DAG(s) dict_keys(['example_task_group_decorator']) retrieved from /home/airflow/.local/lib/python3.8/site-packages/airflow/example_dags/example_task_group_decorator.py
[2023-11-02T23:45:51.928+0000] {logging_mixin.py:151} INFO - [2023-11-02T23:45:51.928+0000] {dag.py:2941} INFO - Sync 1 DAGs
[2023-11-02T23:45:51.952+0000] {logging_mixin.py:151} INFO - [2023-11-02T23:45:51.952+0000] {dag.py:3722} INFO - Setting next_dagrun for example_task_group_decorator to 2023-11-01T23:45:51.951852+00:00, run_after=2023-11-02T23:45:51.951852+00:00
[2023-11-02T23:45:51.981+0000] {processor.py:179} INFO - Processing /home/airflow/.local/lib/python3.8/site-packages/airflow/example_dags/example_task_group_decorator.py took 0.105 seconds
[2023-11-02T23:46:22.089+0000] {processor.py:157} INFO - Started process (PID=2173) to work on /home/airflow/.local/lib/python3.8/site-packages/airflow/example_dags/example_task_group_decorator.py
[2023-11-02T23:46:22.090+0000] {processor.py:829} INFO - Processing file /home/airflow/.local/lib/python3.8/site-packages/airflow/example_dags/example_task_group_decorator.py for tasks to queue
[2023-11-02T23:46:22.092+0000] {logging_mixin.py:151} INFO - [2023-11-02T23:46:22.092+0000] {dagbag.py:536} INFO - Filling up the DagBag from /home/airflow/.local/lib/python3.8/site-packages/airflow/example_dags/example_task_group_decorator.py
[2023-11-02T23:46:22.108+0000] {processor.py:839} INFO - DAG(s) dict_keys(['example_task_group_decorator']) retrieved from /home/airflow/.local/lib/python3.8/site-packages/airflow/example_dags/example_task_group_decorator.py
[2023-11-02T23:46:22.136+0000] {logging_mixin.py:151} INFO - [2023-11-02T23:46:22.135+0000] {dag.py:2941} INFO - Sync 1 DAGs
[2023-11-02T23:46:22.162+0000] {logging_mixin.py:151} INFO - [2023-11-02T23:46:22.161+0000] {dag.py:3722} INFO - Setting next_dagrun for example_task_group_decorator to 2023-11-01T23:46:22.161456+00:00, run_after=2023-11-02T23:46:22.161456+00:00
[2023-11-02T23:46:22.187+0000] {processor.py:179} INFO - Processing /home/airflow/.local/lib/python3.8/site-packages/airflow/example_dags/example_task_group_decorator.py took 0.102 seconds
[2023-11-02T23:46:52.326+0000] {processor.py:157} INFO - Started process (PID=2227) to work on /home/airflow/.local/lib/python3.8/site-packages/airflow/example_dags/example_task_group_decorator.py
[2023-11-02T23:46:52.328+0000] {processor.py:829} INFO - Processing file /home/airflow/.local/lib/python3.8/site-packages/airflow/example_dags/example_task_group_decorator.py for tasks to queue
[2023-11-02T23:46:52.330+0000] {logging_mixin.py:151} INFO - [2023-11-02T23:46:52.330+0000] {dagbag.py:536} INFO - Filling up the DagBag from /home/airflow/.local/lib/python3.8/site-packages/airflow/example_dags/example_task_group_decorator.py
[2023-11-02T23:46:52.346+0000] {processor.py:839} INFO - DAG(s) dict_keys(['example_task_group_decorator']) retrieved from /home/airflow/.local/lib/python3.8/site-packages/airflow/example_dags/example_task_group_decorator.py
[2023-11-02T23:46:52.378+0000] {logging_mixin.py:151} INFO - [2023-11-02T23:46:52.378+0000] {dag.py:2941} INFO - Sync 1 DAGs
[2023-11-02T23:46:52.403+0000] {logging_mixin.py:151} INFO - [2023-11-02T23:46:52.402+0000] {dag.py:3722} INFO - Setting next_dagrun for example_task_group_decorator to 2023-11-01T23:46:52.402681+00:00, run_after=2023-11-02T23:46:52.402681+00:00
[2023-11-02T23:46:52.431+0000] {processor.py:179} INFO - Processing /home/airflow/.local/lib/python3.8/site-packages/airflow/example_dags/example_task_group_decorator.py took 0.109 seconds
[2023-11-02T23:47:22.629+0000] {processor.py:157} INFO - Started process (PID=2280) to work on /home/airflow/.local/lib/python3.8/site-packages/airflow/example_dags/example_task_group_decorator.py
[2023-11-02T23:47:22.631+0000] {processor.py:829} INFO - Processing file /home/airflow/.local/lib/python3.8/site-packages/airflow/example_dags/example_task_group_decorator.py for tasks to queue
[2023-11-02T23:47:22.633+0000] {logging_mixin.py:151} INFO - [2023-11-02T23:47:22.633+0000] {dagbag.py:536} INFO - Filling up the DagBag from /home/airflow/.local/lib/python3.8/site-packages/airflow/example_dags/example_task_group_decorator.py
[2023-11-02T23:47:22.649+0000] {processor.py:839} INFO - DAG(s) dict_keys(['example_task_group_decorator']) retrieved from /home/airflow/.local/lib/python3.8/site-packages/airflow/example_dags/example_task_group_decorator.py
[2023-11-02T23:47:22.682+0000] {logging_mixin.py:151} INFO - [2023-11-02T23:47:22.681+0000] {dag.py:2941} INFO - Sync 1 DAGs
[2023-11-02T23:47:22.706+0000] {logging_mixin.py:151} INFO - [2023-11-02T23:47:22.706+0000] {dag.py:3722} INFO - Setting next_dagrun for example_task_group_decorator to 2023-11-01T23:47:22.705601+00:00, run_after=2023-11-02T23:47:22.705601+00:00
[2023-11-02T23:47:22.734+0000] {processor.py:179} INFO - Processing /home/airflow/.local/lib/python3.8/site-packages/airflow/example_dags/example_task_group_decorator.py took 0.108 seconds
[2023-11-02T23:47:52.834+0000] {processor.py:157} INFO - Started process (PID=2334) to work on /home/airflow/.local/lib/python3.8/site-packages/airflow/example_dags/example_task_group_decorator.py
[2023-11-02T23:47:52.835+0000] {processor.py:829} INFO - Processing file /home/airflow/.local/lib/python3.8/site-packages/airflow/example_dags/example_task_group_decorator.py for tasks to queue
[2023-11-02T23:47:52.838+0000] {logging_mixin.py:151} INFO - [2023-11-02T23:47:52.838+0000] {dagbag.py:536} INFO - Filling up the DagBag from /home/airflow/.local/lib/python3.8/site-packages/airflow/example_dags/example_task_group_decorator.py
[2023-11-02T23:47:52.855+0000] {processor.py:839} INFO - DAG(s) dict_keys(['example_task_group_decorator']) retrieved from /home/airflow/.local/lib/python3.8/site-packages/airflow/example_dags/example_task_group_decorator.py
[2023-11-02T23:47:52.888+0000] {logging_mixin.py:151} INFO - [2023-11-02T23:47:52.888+0000] {dag.py:2941} INFO - Sync 1 DAGs
[2023-11-02T23:47:52.916+0000] {logging_mixin.py:151} INFO - [2023-11-02T23:47:52.915+0000] {dag.py:3722} INFO - Setting next_dagrun for example_task_group_decorator to 2023-11-01T23:47:52.915709+00:00, run_after=2023-11-02T23:47:52.915709+00:00
[2023-11-02T23:47:52.946+0000] {processor.py:179} INFO - Processing /home/airflow/.local/lib/python3.8/site-packages/airflow/example_dags/example_task_group_decorator.py took 0.116 seconds
[2023-11-02T23:49:00.570+0000] {processor.py:157} INFO - Started process (PID=65) to work on /home/airflow/.local/lib/python3.8/site-packages/airflow/example_dags/example_task_group_decorator.py
[2023-11-02T23:49:00.571+0000] {processor.py:829} INFO - Processing file /home/airflow/.local/lib/python3.8/site-packages/airflow/example_dags/example_task_group_decorator.py for tasks to queue
[2023-11-02T23:49:00.573+0000] {logging_mixin.py:151} INFO - [2023-11-02T23:49:00.573+0000] {dagbag.py:536} INFO - Filling up the DagBag from /home/airflow/.local/lib/python3.8/site-packages/airflow/example_dags/example_task_group_decorator.py
[2023-11-02T23:49:00.593+0000] {processor.py:839} INFO - DAG(s) dict_keys(['example_task_group_decorator']) retrieved from /home/airflow/.local/lib/python3.8/site-packages/airflow/example_dags/example_task_group_decorator.py
[2023-11-02T23:49:00.610+0000] {logging_mixin.py:151} INFO - [2023-11-02T23:49:00.610+0000] {dag.py:2941} INFO - Sync 1 DAGs
[2023-11-02T23:49:00.638+0000] {logging_mixin.py:151} INFO - [2023-11-02T23:49:00.638+0000] {dag.py:3722} INFO - Setting next_dagrun for example_task_group_decorator to 2023-11-01T23:49:00.637626+00:00, run_after=2023-11-02T23:49:00.637626+00:00
[2023-11-02T23:49:00.667+0000] {processor.py:179} INFO - Processing /home/airflow/.local/lib/python3.8/site-packages/airflow/example_dags/example_task_group_decorator.py took 0.101 seconds
[2023-11-02T23:49:30.924+0000] {processor.py:157} INFO - Started process (PID=119) to work on /home/airflow/.local/lib/python3.8/site-packages/airflow/example_dags/example_task_group_decorator.py
[2023-11-02T23:49:30.925+0000] {processor.py:829} INFO - Processing file /home/airflow/.local/lib/python3.8/site-packages/airflow/example_dags/example_task_group_decorator.py for tasks to queue
[2023-11-02T23:49:30.928+0000] {logging_mixin.py:151} INFO - [2023-11-02T23:49:30.927+0000] {dagbag.py:536} INFO - Filling up the DagBag from /home/airflow/.local/lib/python3.8/site-packages/airflow/example_dags/example_task_group_decorator.py
[2023-11-02T23:49:30.945+0000] {processor.py:839} INFO - DAG(s) dict_keys(['example_task_group_decorator']) retrieved from /home/airflow/.local/lib/python3.8/site-packages/airflow/example_dags/example_task_group_decorator.py
[2023-11-02T23:49:30.979+0000] {logging_mixin.py:151} INFO - [2023-11-02T23:49:30.979+0000] {dag.py:2941} INFO - Sync 1 DAGs
[2023-11-02T23:49:31.008+0000] {logging_mixin.py:151} INFO - [2023-11-02T23:49:31.007+0000] {dag.py:3722} INFO - Setting next_dagrun for example_task_group_decorator to 2023-11-01T23:49:31.007720+00:00, run_after=2023-11-02T23:49:31.007720+00:00
[2023-11-02T23:49:31.045+0000] {processor.py:179} INFO - Processing /home/airflow/.local/lib/python3.8/site-packages/airflow/example_dags/example_task_group_decorator.py took 0.126 seconds
[2023-11-02T23:50:01.157+0000] {processor.py:157} INFO - Started process (PID=173) to work on /home/airflow/.local/lib/python3.8/site-packages/airflow/example_dags/example_task_group_decorator.py
[2023-11-02T23:50:01.159+0000] {processor.py:829} INFO - Processing file /home/airflow/.local/lib/python3.8/site-packages/airflow/example_dags/example_task_group_decorator.py for tasks to queue
[2023-11-02T23:50:01.162+0000] {logging_mixin.py:151} INFO - [2023-11-02T23:50:01.161+0000] {dagbag.py:536} INFO - Filling up the DagBag from /home/airflow/.local/lib/python3.8/site-packages/airflow/example_dags/example_task_group_decorator.py
[2023-11-02T23:50:01.178+0000] {processor.py:839} INFO - DAG(s) dict_keys(['example_task_group_decorator']) retrieved from /home/airflow/.local/lib/python3.8/site-packages/airflow/example_dags/example_task_group_decorator.py
[2023-11-02T23:50:01.213+0000] {logging_mixin.py:151} INFO - [2023-11-02T23:50:01.212+0000] {dag.py:2941} INFO - Sync 1 DAGs
[2023-11-02T23:50:01.241+0000] {logging_mixin.py:151} INFO - [2023-11-02T23:50:01.241+0000] {dag.py:3722} INFO - Setting next_dagrun for example_task_group_decorator to 2023-11-01T23:50:01.241209+00:00, run_after=2023-11-02T23:50:01.241209+00:00
[2023-11-02T23:50:01.269+0000] {processor.py:179} INFO - Processing /home/airflow/.local/lib/python3.8/site-packages/airflow/example_dags/example_task_group_decorator.py took 0.116 seconds
[2023-11-02T23:50:31.483+0000] {processor.py:157} INFO - Started process (PID=227) to work on /home/airflow/.local/lib/python3.8/site-packages/airflow/example_dags/example_task_group_decorator.py
[2023-11-02T23:50:31.484+0000] {processor.py:829} INFO - Processing file /home/airflow/.local/lib/python3.8/site-packages/airflow/example_dags/example_task_group_decorator.py for tasks to queue
[2023-11-02T23:50:31.486+0000] {logging_mixin.py:151} INFO - [2023-11-02T23:50:31.486+0000] {dagbag.py:536} INFO - Filling up the DagBag from /home/airflow/.local/lib/python3.8/site-packages/airflow/example_dags/example_task_group_decorator.py
[2023-11-02T23:50:31.500+0000] {processor.py:839} INFO - DAG(s) dict_keys(['example_task_group_decorator']) retrieved from /home/airflow/.local/lib/python3.8/site-packages/airflow/example_dags/example_task_group_decorator.py
[2023-11-02T23:50:31.528+0000] {logging_mixin.py:151} INFO - [2023-11-02T23:50:31.527+0000] {dag.py:2941} INFO - Sync 1 DAGs
[2023-11-02T23:50:31.552+0000] {logging_mixin.py:151} INFO - [2023-11-02T23:50:31.552+0000] {dag.py:3722} INFO - Setting next_dagrun for example_task_group_decorator to 2023-11-01T23:50:31.552098+00:00, run_after=2023-11-02T23:50:31.552098+00:00
[2023-11-02T23:50:31.579+0000] {processor.py:179} INFO - Processing /home/airflow/.local/lib/python3.8/site-packages/airflow/example_dags/example_task_group_decorator.py took 0.099 seconds
[2023-11-02T23:51:02.015+0000] {processor.py:157} INFO - Started process (PID=281) to work on /home/airflow/.local/lib/python3.8/site-packages/airflow/example_dags/example_task_group_decorator.py
[2023-11-02T23:51:02.016+0000] {processor.py:829} INFO - Processing file /home/airflow/.local/lib/python3.8/site-packages/airflow/example_dags/example_task_group_decorator.py for tasks to queue
[2023-11-02T23:51:02.019+0000] {logging_mixin.py:151} INFO - [2023-11-02T23:51:02.019+0000] {dagbag.py:536} INFO - Filling up the DagBag from /home/airflow/.local/lib/python3.8/site-packages/airflow/example_dags/example_task_group_decorator.py
[2023-11-02T23:51:02.034+0000] {processor.py:839} INFO - DAG(s) dict_keys(['example_task_group_decorator']) retrieved from /home/airflow/.local/lib/python3.8/site-packages/airflow/example_dags/example_task_group_decorator.py
[2023-11-02T23:51:02.066+0000] {logging_mixin.py:151} INFO - [2023-11-02T23:51:02.065+0000] {dag.py:2941} INFO - Sync 1 DAGs
[2023-11-02T23:51:02.093+0000] {logging_mixin.py:151} INFO - [2023-11-02T23:51:02.093+0000] {dag.py:3722} INFO - Setting next_dagrun for example_task_group_decorator to 2023-11-01T23:51:02.092974+00:00, run_after=2023-11-02T23:51:02.092974+00:00
[2023-11-02T23:51:02.121+0000] {processor.py:179} INFO - Processing /home/airflow/.local/lib/python3.8/site-packages/airflow/example_dags/example_task_group_decorator.py took 0.110 seconds
[2023-11-02T23:51:32.258+0000] {processor.py:157} INFO - Started process (PID=335) to work on /home/airflow/.local/lib/python3.8/site-packages/airflow/example_dags/example_task_group_decorator.py
[2023-11-02T23:51:32.259+0000] {processor.py:829} INFO - Processing file /home/airflow/.local/lib/python3.8/site-packages/airflow/example_dags/example_task_group_decorator.py for tasks to queue
[2023-11-02T23:51:32.261+0000] {logging_mixin.py:151} INFO - [2023-11-02T23:51:32.261+0000] {dagbag.py:536} INFO - Filling up the DagBag from /home/airflow/.local/lib/python3.8/site-packages/airflow/example_dags/example_task_group_decorator.py
[2023-11-02T23:51:32.276+0000] {processor.py:839} INFO - DAG(s) dict_keys(['example_task_group_decorator']) retrieved from /home/airflow/.local/lib/python3.8/site-packages/airflow/example_dags/example_task_group_decorator.py
[2023-11-02T23:51:32.304+0000] {logging_mixin.py:151} INFO - [2023-11-02T23:51:32.304+0000] {dag.py:2941} INFO - Sync 1 DAGs
[2023-11-02T23:51:32.331+0000] {logging_mixin.py:151} INFO - [2023-11-02T23:51:32.331+0000] {dag.py:3722} INFO - Setting next_dagrun for example_task_group_decorator to 2023-11-01T23:51:32.330883+00:00, run_after=2023-11-02T23:51:32.330883+00:00
[2023-11-02T23:51:32.359+0000] {processor.py:179} INFO - Processing /home/airflow/.local/lib/python3.8/site-packages/airflow/example_dags/example_task_group_decorator.py took 0.104 seconds
[2023-11-02T23:52:02.533+0000] {processor.py:157} INFO - Started process (PID=389) to work on /home/airflow/.local/lib/python3.8/site-packages/airflow/example_dags/example_task_group_decorator.py
[2023-11-02T23:52:02.534+0000] {processor.py:829} INFO - Processing file /home/airflow/.local/lib/python3.8/site-packages/airflow/example_dags/example_task_group_decorator.py for tasks to queue
[2023-11-02T23:52:02.536+0000] {logging_mixin.py:151} INFO - [2023-11-02T23:52:02.536+0000] {dagbag.py:536} INFO - Filling up the DagBag from /home/airflow/.local/lib/python3.8/site-packages/airflow/example_dags/example_task_group_decorator.py
[2023-11-02T23:52:02.551+0000] {processor.py:839} INFO - DAG(s) dict_keys(['example_task_group_decorator']) retrieved from /home/airflow/.local/lib/python3.8/site-packages/airflow/example_dags/example_task_group_decorator.py
[2023-11-02T23:52:02.583+0000] {logging_mixin.py:151} INFO - [2023-11-02T23:52:02.582+0000] {dag.py:2941} INFO - Sync 1 DAGs
[2023-11-02T23:52:02.607+0000] {logging_mixin.py:151} INFO - [2023-11-02T23:52:02.607+0000] {dag.py:3722} INFO - Setting next_dagrun for example_task_group_decorator to 2023-11-01T23:52:02.607046+00:00, run_after=2023-11-02T23:52:02.607046+00:00
[2023-11-02T23:52:02.635+0000] {processor.py:179} INFO - Processing /home/airflow/.local/lib/python3.8/site-packages/airflow/example_dags/example_task_group_decorator.py took 0.105 seconds
[2023-11-02T23:52:32.794+0000] {processor.py:157} INFO - Started process (PID=443) to work on /home/airflow/.local/lib/python3.8/site-packages/airflow/example_dags/example_task_group_decorator.py
[2023-11-02T23:52:32.794+0000] {processor.py:829} INFO - Processing file /home/airflow/.local/lib/python3.8/site-packages/airflow/example_dags/example_task_group_decorator.py for tasks to queue
[2023-11-02T23:52:32.797+0000] {logging_mixin.py:151} INFO - [2023-11-02T23:52:32.796+0000] {dagbag.py:536} INFO - Filling up the DagBag from /home/airflow/.local/lib/python3.8/site-packages/airflow/example_dags/example_task_group_decorator.py
[2023-11-02T23:52:32.814+0000] {processor.py:839} INFO - DAG(s) dict_keys(['example_task_group_decorator']) retrieved from /home/airflow/.local/lib/python3.8/site-packages/airflow/example_dags/example_task_group_decorator.py
[2023-11-02T23:52:32.849+0000] {logging_mixin.py:151} INFO - [2023-11-02T23:52:32.849+0000] {dag.py:2941} INFO - Sync 1 DAGs
[2023-11-02T23:52:32.878+0000] {logging_mixin.py:151} INFO - [2023-11-02T23:52:32.878+0000] {dag.py:3722} INFO - Setting next_dagrun for example_task_group_decorator to 2023-11-01T23:52:32.877717+00:00, run_after=2023-11-02T23:52:32.877717+00:00
[2023-11-02T23:52:32.908+0000] {processor.py:179} INFO - Processing /home/airflow/.local/lib/python3.8/site-packages/airflow/example_dags/example_task_group_decorator.py took 0.118 seconds
[2023-11-02T23:53:02.982+0000] {processor.py:157} INFO - Started process (PID=497) to work on /home/airflow/.local/lib/python3.8/site-packages/airflow/example_dags/example_task_group_decorator.py
[2023-11-02T23:53:02.984+0000] {processor.py:829} INFO - Processing file /home/airflow/.local/lib/python3.8/site-packages/airflow/example_dags/example_task_group_decorator.py for tasks to queue
[2023-11-02T23:53:02.986+0000] {logging_mixin.py:151} INFO - [2023-11-02T23:53:02.986+0000] {dagbag.py:536} INFO - Filling up the DagBag from /home/airflow/.local/lib/python3.8/site-packages/airflow/example_dags/example_task_group_decorator.py
[2023-11-02T23:53:03.002+0000] {processor.py:839} INFO - DAG(s) dict_keys(['example_task_group_decorator']) retrieved from /home/airflow/.local/lib/python3.8/site-packages/airflow/example_dags/example_task_group_decorator.py
[2023-11-02T23:53:03.032+0000] {logging_mixin.py:151} INFO - [2023-11-02T23:53:03.031+0000] {dag.py:2941} INFO - Sync 1 DAGs
[2023-11-02T23:53:03.058+0000] {logging_mixin.py:151} INFO - [2023-11-02T23:53:03.057+0000] {dag.py:3722} INFO - Setting next_dagrun for example_task_group_decorator to 2023-11-01T23:53:03.057455+00:00, run_after=2023-11-02T23:53:03.057455+00:00
[2023-11-02T23:53:03.080+0000] {processor.py:179} INFO - Processing /home/airflow/.local/lib/python3.8/site-packages/airflow/example_dags/example_task_group_decorator.py took 0.101 seconds
[2023-11-02T23:53:33.312+0000] {processor.py:157} INFO - Started process (PID=551) to work on /home/airflow/.local/lib/python3.8/site-packages/airflow/example_dags/example_task_group_decorator.py
[2023-11-02T23:53:33.313+0000] {processor.py:829} INFO - Processing file /home/airflow/.local/lib/python3.8/site-packages/airflow/example_dags/example_task_group_decorator.py for tasks to queue
[2023-11-02T23:53:33.315+0000] {logging_mixin.py:151} INFO - [2023-11-02T23:53:33.315+0000] {dagbag.py:536} INFO - Filling up the DagBag from /home/airflow/.local/lib/python3.8/site-packages/airflow/example_dags/example_task_group_decorator.py
[2023-11-02T23:53:33.329+0000] {processor.py:839} INFO - DAG(s) dict_keys(['example_task_group_decorator']) retrieved from /home/airflow/.local/lib/python3.8/site-packages/airflow/example_dags/example_task_group_decorator.py
[2023-11-02T23:53:33.361+0000] {logging_mixin.py:151} INFO - [2023-11-02T23:53:33.360+0000] {dag.py:2941} INFO - Sync 1 DAGs
[2023-11-02T23:53:33.388+0000] {logging_mixin.py:151} INFO - [2023-11-02T23:53:33.388+0000] {dag.py:3722} INFO - Setting next_dagrun for example_task_group_decorator to 2023-11-01T23:53:33.387954+00:00, run_after=2023-11-02T23:53:33.387954+00:00
[2023-11-02T23:53:33.421+0000] {processor.py:179} INFO - Processing /home/airflow/.local/lib/python3.8/site-packages/airflow/example_dags/example_task_group_decorator.py took 0.113 seconds
[2023-11-02T23:54:03.597+0000] {processor.py:157} INFO - Started process (PID=605) to work on /home/airflow/.local/lib/python3.8/site-packages/airflow/example_dags/example_task_group_decorator.py
[2023-11-02T23:54:03.598+0000] {processor.py:829} INFO - Processing file /home/airflow/.local/lib/python3.8/site-packages/airflow/example_dags/example_task_group_decorator.py for tasks to queue
[2023-11-02T23:54:03.601+0000] {logging_mixin.py:151} INFO - [2023-11-02T23:54:03.600+0000] {dagbag.py:536} INFO - Filling up the DagBag from /home/airflow/.local/lib/python3.8/site-packages/airflow/example_dags/example_task_group_decorator.py
[2023-11-02T23:54:03.616+0000] {processor.py:839} INFO - DAG(s) dict_keys(['example_task_group_decorator']) retrieved from /home/airflow/.local/lib/python3.8/site-packages/airflow/example_dags/example_task_group_decorator.py
[2023-11-02T23:54:03.646+0000] {logging_mixin.py:151} INFO - [2023-11-02T23:54:03.646+0000] {dag.py:2941} INFO - Sync 1 DAGs
[2023-11-02T23:54:03.670+0000] {logging_mixin.py:151} INFO - [2023-11-02T23:54:03.670+0000] {dag.py:3722} INFO - Setting next_dagrun for example_task_group_decorator to 2023-11-01T23:54:03.670056+00:00, run_after=2023-11-02T23:54:03.670056+00:00
[2023-11-02T23:54:03.698+0000] {processor.py:179} INFO - Processing /home/airflow/.local/lib/python3.8/site-packages/airflow/example_dags/example_task_group_decorator.py took 0.104 seconds
[2023-11-02T23:54:33.867+0000] {processor.py:157} INFO - Started process (PID=660) to work on /home/airflow/.local/lib/python3.8/site-packages/airflow/example_dags/example_task_group_decorator.py
[2023-11-02T23:54:33.868+0000] {processor.py:829} INFO - Processing file /home/airflow/.local/lib/python3.8/site-packages/airflow/example_dags/example_task_group_decorator.py for tasks to queue
[2023-11-02T23:54:33.870+0000] {logging_mixin.py:151} INFO - [2023-11-02T23:54:33.870+0000] {dagbag.py:536} INFO - Filling up the DagBag from /home/airflow/.local/lib/python3.8/site-packages/airflow/example_dags/example_task_group_decorator.py
[2023-11-02T23:54:33.885+0000] {processor.py:839} INFO - DAG(s) dict_keys(['example_task_group_decorator']) retrieved from /home/airflow/.local/lib/python3.8/site-packages/airflow/example_dags/example_task_group_decorator.py
[2023-11-02T23:54:33.914+0000] {logging_mixin.py:151} INFO - [2023-11-02T23:54:33.913+0000] {dag.py:2941} INFO - Sync 1 DAGs
[2023-11-02T23:54:33.940+0000] {logging_mixin.py:151} INFO - [2023-11-02T23:54:33.939+0000] {dag.py:3722} INFO - Setting next_dagrun for example_task_group_decorator to 2023-11-01T23:54:33.939531+00:00, run_after=2023-11-02T23:54:33.939531+00:00
[2023-11-02T23:54:33.967+0000] {processor.py:179} INFO - Processing /home/airflow/.local/lib/python3.8/site-packages/airflow/example_dags/example_task_group_decorator.py took 0.104 seconds
[2023-11-02T23:55:05.001+0000] {processor.py:157} INFO - Started process (PID=713) to work on /home/airflow/.local/lib/python3.8/site-packages/airflow/example_dags/example_task_group_decorator.py
[2023-11-02T23:55:05.003+0000] {processor.py:829} INFO - Processing file /home/airflow/.local/lib/python3.8/site-packages/airflow/example_dags/example_task_group_decorator.py for tasks to queue
[2023-11-02T23:55:05.005+0000] {logging_mixin.py:151} INFO - [2023-11-02T23:55:05.004+0000] {dagbag.py:536} INFO - Filling up the DagBag from /home/airflow/.local/lib/python3.8/site-packages/airflow/example_dags/example_task_group_decorator.py
[2023-11-02T23:55:05.022+0000] {processor.py:839} INFO - DAG(s) dict_keys(['example_task_group_decorator']) retrieved from /home/airflow/.local/lib/python3.8/site-packages/airflow/example_dags/example_task_group_decorator.py
[2023-11-02T23:55:05.060+0000] {logging_mixin.py:151} INFO - [2023-11-02T23:55:05.060+0000] {dag.py:2941} INFO - Sync 1 DAGs
[2023-11-02T23:55:05.093+0000] {logging_mixin.py:151} INFO - [2023-11-02T23:55:05.092+0000] {dag.py:3722} INFO - Setting next_dagrun for example_task_group_decorator to 2023-11-01T23:55:05.092439+00:00, run_after=2023-11-02T23:55:05.092439+00:00
[2023-11-02T23:55:05.129+0000] {processor.py:179} INFO - Processing /home/airflow/.local/lib/python3.8/site-packages/airflow/example_dags/example_task_group_decorator.py took 0.132 seconds
[2023-11-02T23:55:36.030+0000] {processor.py:157} INFO - Started process (PID=767) to work on /home/airflow/.local/lib/python3.8/site-packages/airflow/example_dags/example_task_group_decorator.py
[2023-11-02T23:55:36.031+0000] {processor.py:829} INFO - Processing file /home/airflow/.local/lib/python3.8/site-packages/airflow/example_dags/example_task_group_decorator.py for tasks to queue
[2023-11-02T23:55:36.033+0000] {logging_mixin.py:151} INFO - [2023-11-02T23:55:36.033+0000] {dagbag.py:536} INFO - Filling up the DagBag from /home/airflow/.local/lib/python3.8/site-packages/airflow/example_dags/example_task_group_decorator.py
[2023-11-02T23:55:36.047+0000] {processor.py:839} INFO - DAG(s) dict_keys(['example_task_group_decorator']) retrieved from /home/airflow/.local/lib/python3.8/site-packages/airflow/example_dags/example_task_group_decorator.py
[2023-11-02T23:55:36.078+0000] {logging_mixin.py:151} INFO - [2023-11-02T23:55:36.077+0000] {dag.py:2941} INFO - Sync 1 DAGs
[2023-11-02T23:55:36.102+0000] {logging_mixin.py:151} INFO - [2023-11-02T23:55:36.102+0000] {dag.py:3722} INFO - Setting next_dagrun for example_task_group_decorator to 2023-11-01T23:55:36.102231+00:00, run_after=2023-11-02T23:55:36.102231+00:00
[2023-11-02T23:55:36.134+0000] {processor.py:179} INFO - Processing /home/airflow/.local/lib/python3.8/site-packages/airflow/example_dags/example_task_group_decorator.py took 0.107 seconds
[2023-11-02T23:56:06.233+0000] {processor.py:157} INFO - Started process (PID=821) to work on /home/airflow/.local/lib/python3.8/site-packages/airflow/example_dags/example_task_group_decorator.py
[2023-11-02T23:56:06.234+0000] {processor.py:829} INFO - Processing file /home/airflow/.local/lib/python3.8/site-packages/airflow/example_dags/example_task_group_decorator.py for tasks to queue
[2023-11-02T23:56:06.236+0000] {logging_mixin.py:151} INFO - [2023-11-02T23:56:06.236+0000] {dagbag.py:536} INFO - Filling up the DagBag from /home/airflow/.local/lib/python3.8/site-packages/airflow/example_dags/example_task_group_decorator.py
[2023-11-02T23:56:06.252+0000] {processor.py:839} INFO - DAG(s) dict_keys(['example_task_group_decorator']) retrieved from /home/airflow/.local/lib/python3.8/site-packages/airflow/example_dags/example_task_group_decorator.py
[2023-11-02T23:56:06.286+0000] {logging_mixin.py:151} INFO - [2023-11-02T23:56:06.286+0000] {dag.py:2941} INFO - Sync 1 DAGs
[2023-11-02T23:56:06.315+0000] {logging_mixin.py:151} INFO - [2023-11-02T23:56:06.315+0000] {dag.py:3722} INFO - Setting next_dagrun for example_task_group_decorator to 2023-11-01T23:56:06.315183+00:00, run_after=2023-11-02T23:56:06.315183+00:00
[2023-11-02T23:56:06.348+0000] {processor.py:179} INFO - Processing /home/airflow/.local/lib/python3.8/site-packages/airflow/example_dags/example_task_group_decorator.py took 0.118 seconds
[2023-11-02T23:56:37.132+0000] {processor.py:157} INFO - Started process (PID=875) to work on /home/airflow/.local/lib/python3.8/site-packages/airflow/example_dags/example_task_group_decorator.py
[2023-11-02T23:56:37.134+0000] {processor.py:829} INFO - Processing file /home/airflow/.local/lib/python3.8/site-packages/airflow/example_dags/example_task_group_decorator.py for tasks to queue
[2023-11-02T23:56:37.136+0000] {logging_mixin.py:151} INFO - [2023-11-02T23:56:37.135+0000] {dagbag.py:536} INFO - Filling up the DagBag from /home/airflow/.local/lib/python3.8/site-packages/airflow/example_dags/example_task_group_decorator.py
[2023-11-02T23:56:37.153+0000] {processor.py:839} INFO - DAG(s) dict_keys(['example_task_group_decorator']) retrieved from /home/airflow/.local/lib/python3.8/site-packages/airflow/example_dags/example_task_group_decorator.py
[2023-11-02T23:56:37.183+0000] {logging_mixin.py:151} INFO - [2023-11-02T23:56:37.183+0000] {dag.py:2941} INFO - Sync 1 DAGs
[2023-11-02T23:56:37.212+0000] {logging_mixin.py:151} INFO - [2023-11-02T23:56:37.211+0000] {dag.py:3722} INFO - Setting next_dagrun for example_task_group_decorator to 2023-11-01T23:56:37.211646+00:00, run_after=2023-11-02T23:56:37.211646+00:00
[2023-11-02T23:56:37.248+0000] {processor.py:179} INFO - Processing /home/airflow/.local/lib/python3.8/site-packages/airflow/example_dags/example_task_group_decorator.py took 0.120 seconds
[2023-11-02T23:57:07.562+0000] {processor.py:157} INFO - Started process (PID=929) to work on /home/airflow/.local/lib/python3.8/site-packages/airflow/example_dags/example_task_group_decorator.py
[2023-11-02T23:57:07.563+0000] {processor.py:829} INFO - Processing file /home/airflow/.local/lib/python3.8/site-packages/airflow/example_dags/example_task_group_decorator.py for tasks to queue
[2023-11-02T23:57:07.565+0000] {logging_mixin.py:151} INFO - [2023-11-02T23:57:07.565+0000] {dagbag.py:536} INFO - Filling up the DagBag from /home/airflow/.local/lib/python3.8/site-packages/airflow/example_dags/example_task_group_decorator.py
[2023-11-02T23:57:07.584+0000] {processor.py:839} INFO - DAG(s) dict_keys(['example_task_group_decorator']) retrieved from /home/airflow/.local/lib/python3.8/site-packages/airflow/example_dags/example_task_group_decorator.py
[2023-11-02T23:57:07.618+0000] {logging_mixin.py:151} INFO - [2023-11-02T23:57:07.617+0000] {dag.py:2941} INFO - Sync 1 DAGs
[2023-11-02T23:57:07.646+0000] {logging_mixin.py:151} INFO - [2023-11-02T23:57:07.645+0000] {dag.py:3722} INFO - Setting next_dagrun for example_task_group_decorator to 2023-11-01T23:57:07.645670+00:00, run_after=2023-11-02T23:57:07.645670+00:00
[2023-11-02T23:57:07.674+0000] {processor.py:179} INFO - Processing /home/airflow/.local/lib/python3.8/site-packages/airflow/example_dags/example_task_group_decorator.py took 0.116 seconds
[2023-11-02T23:57:38.017+0000] {processor.py:157} INFO - Started process (PID=983) to work on /home/airflow/.local/lib/python3.8/site-packages/airflow/example_dags/example_task_group_decorator.py
[2023-11-02T23:57:38.019+0000] {processor.py:829} INFO - Processing file /home/airflow/.local/lib/python3.8/site-packages/airflow/example_dags/example_task_group_decorator.py for tasks to queue
[2023-11-02T23:57:38.021+0000] {logging_mixin.py:151} INFO - [2023-11-02T23:57:38.020+0000] {dagbag.py:536} INFO - Filling up the DagBag from /home/airflow/.local/lib/python3.8/site-packages/airflow/example_dags/example_task_group_decorator.py
[2023-11-02T23:57:38.037+0000] {processor.py:839} INFO - DAG(s) dict_keys(['example_task_group_decorator']) retrieved from /home/airflow/.local/lib/python3.8/site-packages/airflow/example_dags/example_task_group_decorator.py
[2023-11-02T23:57:38.070+0000] {logging_mixin.py:151} INFO - [2023-11-02T23:57:38.070+0000] {dag.py:2941} INFO - Sync 1 DAGs
[2023-11-02T23:57:38.100+0000] {logging_mixin.py:151} INFO - [2023-11-02T23:57:38.099+0000] {dag.py:3722} INFO - Setting next_dagrun for example_task_group_decorator to 2023-11-01T23:57:38.099656+00:00, run_after=2023-11-02T23:57:38.099656+00:00
[2023-11-02T23:57:38.137+0000] {processor.py:179} INFO - Processing /home/airflow/.local/lib/python3.8/site-packages/airflow/example_dags/example_task_group_decorator.py took 0.123 seconds
[2023-11-02T23:58:08.390+0000] {processor.py:157} INFO - Started process (PID=1037) to work on /home/airflow/.local/lib/python3.8/site-packages/airflow/example_dags/example_task_group_decorator.py
[2023-11-02T23:58:08.390+0000] {processor.py:829} INFO - Processing file /home/airflow/.local/lib/python3.8/site-packages/airflow/example_dags/example_task_group_decorator.py for tasks to queue
[2023-11-02T23:58:08.392+0000] {logging_mixin.py:151} INFO - [2023-11-02T23:58:08.392+0000] {dagbag.py:536} INFO - Filling up the DagBag from /home/airflow/.local/lib/python3.8/site-packages/airflow/example_dags/example_task_group_decorator.py
[2023-11-02T23:58:08.411+0000] {processor.py:839} INFO - DAG(s) dict_keys(['example_task_group_decorator']) retrieved from /home/airflow/.local/lib/python3.8/site-packages/airflow/example_dags/example_task_group_decorator.py
[2023-11-02T23:58:08.440+0000] {logging_mixin.py:151} INFO - [2023-11-02T23:58:08.440+0000] {dag.py:2941} INFO - Sync 1 DAGs
[2023-11-02T23:58:08.470+0000] {logging_mixin.py:151} INFO - [2023-11-02T23:58:08.470+0000] {dag.py:3722} INFO - Setting next_dagrun for example_task_group_decorator to 2023-11-01T23:58:08.470107+00:00, run_after=2023-11-02T23:58:08.470107+00:00
[2023-11-02T23:58:08.497+0000] {processor.py:179} INFO - Processing /home/airflow/.local/lib/python3.8/site-packages/airflow/example_dags/example_task_group_decorator.py took 0.111 seconds
[2023-11-02T23:58:38.972+0000] {processor.py:157} INFO - Started process (PID=1091) to work on /home/airflow/.local/lib/python3.8/site-packages/airflow/example_dags/example_task_group_decorator.py
[2023-11-02T23:58:38.973+0000] {processor.py:829} INFO - Processing file /home/airflow/.local/lib/python3.8/site-packages/airflow/example_dags/example_task_group_decorator.py for tasks to queue
[2023-11-02T23:58:38.975+0000] {logging_mixin.py:151} INFO - [2023-11-02T23:58:38.975+0000] {dagbag.py:536} INFO - Filling up the DagBag from /home/airflow/.local/lib/python3.8/site-packages/airflow/example_dags/example_task_group_decorator.py
[2023-11-02T23:58:38.994+0000] {processor.py:839} INFO - DAG(s) dict_keys(['example_task_group_decorator']) retrieved from /home/airflow/.local/lib/python3.8/site-packages/airflow/example_dags/example_task_group_decorator.py
[2023-11-02T23:58:39.028+0000] {logging_mixin.py:151} INFO - [2023-11-02T23:58:39.027+0000] {dag.py:2941} INFO - Sync 1 DAGs
[2023-11-02T23:58:39.056+0000] {logging_mixin.py:151} INFO - [2023-11-02T23:58:39.055+0000] {dag.py:3722} INFO - Setting next_dagrun for example_task_group_decorator to 2023-11-01T23:58:39.055578+00:00, run_after=2023-11-02T23:58:39.055578+00:00
[2023-11-02T23:58:39.088+0000] {processor.py:179} INFO - Processing /home/airflow/.local/lib/python3.8/site-packages/airflow/example_dags/example_task_group_decorator.py took 0.119 seconds
[2023-11-02T23:59:09.497+0000] {processor.py:157} INFO - Started process (PID=1145) to work on /home/airflow/.local/lib/python3.8/site-packages/airflow/example_dags/example_task_group_decorator.py
[2023-11-02T23:59:09.498+0000] {processor.py:829} INFO - Processing file /home/airflow/.local/lib/python3.8/site-packages/airflow/example_dags/example_task_group_decorator.py for tasks to queue
[2023-11-02T23:59:09.500+0000] {logging_mixin.py:151} INFO - [2023-11-02T23:59:09.500+0000] {dagbag.py:536} INFO - Filling up the DagBag from /home/airflow/.local/lib/python3.8/site-packages/airflow/example_dags/example_task_group_decorator.py
[2023-11-02T23:59:09.514+0000] {processor.py:839} INFO - DAG(s) dict_keys(['example_task_group_decorator']) retrieved from /home/airflow/.local/lib/python3.8/site-packages/airflow/example_dags/example_task_group_decorator.py
[2023-11-02T23:59:09.541+0000] {logging_mixin.py:151} INFO - [2023-11-02T23:59:09.541+0000] {dag.py:2941} INFO - Sync 1 DAGs
[2023-11-02T23:59:09.567+0000] {logging_mixin.py:151} INFO - [2023-11-02T23:59:09.567+0000] {dag.py:3722} INFO - Setting next_dagrun for example_task_group_decorator to 2023-11-01T23:59:09.567402+00:00, run_after=2023-11-02T23:59:09.567402+00:00
[2023-11-02T23:59:09.594+0000] {processor.py:179} INFO - Processing /home/airflow/.local/lib/python3.8/site-packages/airflow/example_dags/example_task_group_decorator.py took 0.100 seconds
[2023-11-02T23:59:40.036+0000] {processor.py:157} INFO - Started process (PID=1199) to work on /home/airflow/.local/lib/python3.8/site-packages/airflow/example_dags/example_task_group_decorator.py
[2023-11-02T23:59:40.037+0000] {processor.py:829} INFO - Processing file /home/airflow/.local/lib/python3.8/site-packages/airflow/example_dags/example_task_group_decorator.py for tasks to queue
[2023-11-02T23:59:40.039+0000] {logging_mixin.py:151} INFO - [2023-11-02T23:59:40.039+0000] {dagbag.py:536} INFO - Filling up the DagBag from /home/airflow/.local/lib/python3.8/site-packages/airflow/example_dags/example_task_group_decorator.py
[2023-11-02T23:59:40.056+0000] {processor.py:839} INFO - DAG(s) dict_keys(['example_task_group_decorator']) retrieved from /home/airflow/.local/lib/python3.8/site-packages/airflow/example_dags/example_task_group_decorator.py
[2023-11-02T23:59:40.086+0000] {logging_mixin.py:151} INFO - [2023-11-02T23:59:40.086+0000] {dag.py:2941} INFO - Sync 1 DAGs
[2023-11-02T23:59:40.115+0000] {logging_mixin.py:151} INFO - [2023-11-02T23:59:40.114+0000] {dag.py:3722} INFO - Setting next_dagrun for example_task_group_decorator to 2023-11-01T23:59:40.114695+00:00, run_after=2023-11-02T23:59:40.114695+00:00
[2023-11-02T23:59:40.144+0000] {processor.py:179} INFO - Processing /home/airflow/.local/lib/python3.8/site-packages/airflow/example_dags/example_task_group_decorator.py took 0.113 seconds
