[2023-11-03T00:00:10.938+0000] {processor.py:157} INFO - Started process (PID=1252) to work on /home/airflow/.local/lib/python3.8/site-packages/airflow/example_dags/example_branch_operator.py
[2023-11-03T00:00:10.939+0000] {processor.py:829} INFO - Processing file /home/airflow/.local/lib/python3.8/site-packages/airflow/example_dags/example_branch_operator.py for tasks to queue
[2023-11-03T00:00:10.941+0000] {logging_mixin.py:151} INFO - [2023-11-03T00:00:10.941+0000] {dagbag.py:536} INFO - Filling up the DagBag from /home/airflow/.local/lib/python3.8/site-packages/airflow/example_dags/example_branch_operator.py
[2023-11-03T00:00:10.951+0000] {processor.py:839} INFO - DAG(s) dict_keys(['example_branch_operator']) retrieved from /home/airflow/.local/lib/python3.8/site-packages/airflow/example_dags/example_branch_operator.py
[2023-11-03T00:00:10.986+0000] {logging_mixin.py:151} INFO - [2023-11-03T00:00:10.986+0000] {dag.py:2941} INFO - Sync 1 DAGs
[2023-11-03T00:00:11.014+0000] {logging_mixin.py:151} INFO - [2023-11-03T00:00:11.014+0000] {dag.py:3722} INFO - Setting next_dagrun for example_branch_operator to 2023-11-02T00:00:00+00:00, run_after=2023-11-03T00:00:00+00:00
[2023-11-03T00:00:11.043+0000] {processor.py:179} INFO - Processing /home/airflow/.local/lib/python3.8/site-packages/airflow/example_dags/example_branch_operator.py took 0.109 seconds
[2023-11-03T00:00:41.160+0000] {processor.py:157} INFO - Started process (PID=1306) to work on /home/airflow/.local/lib/python3.8/site-packages/airflow/example_dags/example_branch_operator.py
[2023-11-03T00:00:41.162+0000] {processor.py:829} INFO - Processing file /home/airflow/.local/lib/python3.8/site-packages/airflow/example_dags/example_branch_operator.py for tasks to queue
[2023-11-03T00:00:41.165+0000] {logging_mixin.py:151} INFO - [2023-11-03T00:00:41.164+0000] {dagbag.py:536} INFO - Filling up the DagBag from /home/airflow/.local/lib/python3.8/site-packages/airflow/example_dags/example_branch_operator.py
[2023-11-03T00:00:41.176+0000] {processor.py:839} INFO - DAG(s) dict_keys(['example_branch_operator']) retrieved from /home/airflow/.local/lib/python3.8/site-packages/airflow/example_dags/example_branch_operator.py
[2023-11-03T00:00:41.219+0000] {logging_mixin.py:151} INFO - [2023-11-03T00:00:41.219+0000] {dag.py:2941} INFO - Sync 1 DAGs
[2023-11-03T00:00:41.282+0000] {logging_mixin.py:151} INFO - [2023-11-03T00:00:41.281+0000] {dag.py:3722} INFO - Setting next_dagrun for example_branch_operator to 2023-11-02T00:00:00+00:00, run_after=2023-11-03T00:00:00+00:00
[2023-11-03T00:00:41.318+0000] {processor.py:179} INFO - Processing /home/airflow/.local/lib/python3.8/site-packages/airflow/example_dags/example_branch_operator.py took 0.163 seconds
[2023-11-03T00:01:11.662+0000] {processor.py:157} INFO - Started process (PID=1360) to work on /home/airflow/.local/lib/python3.8/site-packages/airflow/example_dags/example_branch_operator.py
[2023-11-03T00:01:11.664+0000] {processor.py:829} INFO - Processing file /home/airflow/.local/lib/python3.8/site-packages/airflow/example_dags/example_branch_operator.py for tasks to queue
[2023-11-03T00:01:11.666+0000] {logging_mixin.py:151} INFO - [2023-11-03T00:01:11.666+0000] {dagbag.py:536} INFO - Filling up the DagBag from /home/airflow/.local/lib/python3.8/site-packages/airflow/example_dags/example_branch_operator.py
[2023-11-03T00:01:11.676+0000] {processor.py:839} INFO - DAG(s) dict_keys(['example_branch_operator']) retrieved from /home/airflow/.local/lib/python3.8/site-packages/airflow/example_dags/example_branch_operator.py
[2023-11-03T00:01:11.707+0000] {logging_mixin.py:151} INFO - [2023-11-03T00:01:11.707+0000] {dag.py:2941} INFO - Sync 1 DAGs
[2023-11-03T00:01:11.734+0000] {logging_mixin.py:151} INFO - [2023-11-03T00:01:11.734+0000] {dag.py:3722} INFO - Setting next_dagrun for example_branch_operator to 2023-11-02T00:00:00+00:00, run_after=2023-11-03T00:00:00+00:00
[2023-11-03T00:01:11.767+0000] {processor.py:179} INFO - Processing /home/airflow/.local/lib/python3.8/site-packages/airflow/example_dags/example_branch_operator.py took 0.108 seconds
[2023-11-03T00:01:42.229+0000] {processor.py:157} INFO - Started process (PID=1414) to work on /home/airflow/.local/lib/python3.8/site-packages/airflow/example_dags/example_branch_operator.py
[2023-11-03T00:01:42.230+0000] {processor.py:829} INFO - Processing file /home/airflow/.local/lib/python3.8/site-packages/airflow/example_dags/example_branch_operator.py for tasks to queue
[2023-11-03T00:01:42.232+0000] {logging_mixin.py:151} INFO - [2023-11-03T00:01:42.232+0000] {dagbag.py:536} INFO - Filling up the DagBag from /home/airflow/.local/lib/python3.8/site-packages/airflow/example_dags/example_branch_operator.py
[2023-11-03T00:01:42.241+0000] {processor.py:839} INFO - DAG(s) dict_keys(['example_branch_operator']) retrieved from /home/airflow/.local/lib/python3.8/site-packages/airflow/example_dags/example_branch_operator.py
[2023-11-03T00:01:42.275+0000] {logging_mixin.py:151} INFO - [2023-11-03T00:01:42.275+0000] {dag.py:2941} INFO - Sync 1 DAGs
[2023-11-03T00:01:42.303+0000] {logging_mixin.py:151} INFO - [2023-11-03T00:01:42.303+0000] {dag.py:3722} INFO - Setting next_dagrun for example_branch_operator to 2023-11-02T00:00:00+00:00, run_after=2023-11-03T00:00:00+00:00
[2023-11-03T00:01:42.337+0000] {processor.py:179} INFO - Processing /home/airflow/.local/lib/python3.8/site-packages/airflow/example_dags/example_branch_operator.py took 0.112 seconds
[2023-11-03T00:02:12.953+0000] {processor.py:157} INFO - Started process (PID=1468) to work on /home/airflow/.local/lib/python3.8/site-packages/airflow/example_dags/example_branch_operator.py
[2023-11-03T00:02:12.954+0000] {processor.py:829} INFO - Processing file /home/airflow/.local/lib/python3.8/site-packages/airflow/example_dags/example_branch_operator.py for tasks to queue
[2023-11-03T00:02:12.956+0000] {logging_mixin.py:151} INFO - [2023-11-03T00:02:12.956+0000] {dagbag.py:536} INFO - Filling up the DagBag from /home/airflow/.local/lib/python3.8/site-packages/airflow/example_dags/example_branch_operator.py
[2023-11-03T00:02:12.966+0000] {processor.py:839} INFO - DAG(s) dict_keys(['example_branch_operator']) retrieved from /home/airflow/.local/lib/python3.8/site-packages/airflow/example_dags/example_branch_operator.py
[2023-11-03T00:02:12.994+0000] {logging_mixin.py:151} INFO - [2023-11-03T00:02:12.993+0000] {dag.py:2941} INFO - Sync 1 DAGs
[2023-11-03T00:02:13.022+0000] {logging_mixin.py:151} INFO - [2023-11-03T00:02:13.022+0000] {dag.py:3722} INFO - Setting next_dagrun for example_branch_operator to 2023-11-02T00:00:00+00:00, run_after=2023-11-03T00:00:00+00:00
[2023-11-03T00:02:13.046+0000] {processor.py:179} INFO - Processing /home/airflow/.local/lib/python3.8/site-packages/airflow/example_dags/example_branch_operator.py took 0.097 seconds
[2023-11-03T00:02:43.455+0000] {processor.py:157} INFO - Started process (PID=1522) to work on /home/airflow/.local/lib/python3.8/site-packages/airflow/example_dags/example_branch_operator.py
[2023-11-03T00:02:43.457+0000] {processor.py:829} INFO - Processing file /home/airflow/.local/lib/python3.8/site-packages/airflow/example_dags/example_branch_operator.py for tasks to queue
[2023-11-03T00:02:43.459+0000] {logging_mixin.py:151} INFO - [2023-11-03T00:02:43.459+0000] {dagbag.py:536} INFO - Filling up the DagBag from /home/airflow/.local/lib/python3.8/site-packages/airflow/example_dags/example_branch_operator.py
[2023-11-03T00:02:43.468+0000] {processor.py:839} INFO - DAG(s) dict_keys(['example_branch_operator']) retrieved from /home/airflow/.local/lib/python3.8/site-packages/airflow/example_dags/example_branch_operator.py
[2023-11-03T00:02:43.499+0000] {logging_mixin.py:151} INFO - [2023-11-03T00:02:43.499+0000] {dag.py:2941} INFO - Sync 1 DAGs
[2023-11-03T00:02:43.529+0000] {logging_mixin.py:151} INFO - [2023-11-03T00:02:43.529+0000] {dag.py:3722} INFO - Setting next_dagrun for example_branch_operator to 2023-11-02T00:00:00+00:00, run_after=2023-11-03T00:00:00+00:00
[2023-11-03T00:02:43.559+0000] {processor.py:179} INFO - Processing /home/airflow/.local/lib/python3.8/site-packages/airflow/example_dags/example_branch_operator.py took 0.107 seconds
[2023-11-03T00:03:13.965+0000] {processor.py:157} INFO - Started process (PID=1576) to work on /home/airflow/.local/lib/python3.8/site-packages/airflow/example_dags/example_branch_operator.py
[2023-11-03T00:03:13.967+0000] {processor.py:829} INFO - Processing file /home/airflow/.local/lib/python3.8/site-packages/airflow/example_dags/example_branch_operator.py for tasks to queue
[2023-11-03T00:03:13.969+0000] {logging_mixin.py:151} INFO - [2023-11-03T00:03:13.969+0000] {dagbag.py:536} INFO - Filling up the DagBag from /home/airflow/.local/lib/python3.8/site-packages/airflow/example_dags/example_branch_operator.py
[2023-11-03T00:03:13.980+0000] {processor.py:839} INFO - DAG(s) dict_keys(['example_branch_operator']) retrieved from /home/airflow/.local/lib/python3.8/site-packages/airflow/example_dags/example_branch_operator.py
[2023-11-03T00:03:14.013+0000] {logging_mixin.py:151} INFO - [2023-11-03T00:03:14.013+0000] {dag.py:2941} INFO - Sync 1 DAGs
[2023-11-03T00:03:14.054+0000] {logging_mixin.py:151} INFO - [2023-11-03T00:03:14.053+0000] {dag.py:3722} INFO - Setting next_dagrun for example_branch_operator to 2023-11-02T00:00:00+00:00, run_after=2023-11-03T00:00:00+00:00
[2023-11-03T00:03:14.084+0000] {processor.py:179} INFO - Processing /home/airflow/.local/lib/python3.8/site-packages/airflow/example_dags/example_branch_operator.py took 0.123 seconds
[2023-11-03T00:03:44.383+0000] {processor.py:157} INFO - Started process (PID=1630) to work on /home/airflow/.local/lib/python3.8/site-packages/airflow/example_dags/example_branch_operator.py
[2023-11-03T00:03:44.384+0000] {processor.py:829} INFO - Processing file /home/airflow/.local/lib/python3.8/site-packages/airflow/example_dags/example_branch_operator.py for tasks to queue
[2023-11-03T00:03:44.386+0000] {logging_mixin.py:151} INFO - [2023-11-03T00:03:44.386+0000] {dagbag.py:536} INFO - Filling up the DagBag from /home/airflow/.local/lib/python3.8/site-packages/airflow/example_dags/example_branch_operator.py
[2023-11-03T00:03:44.396+0000] {processor.py:839} INFO - DAG(s) dict_keys(['example_branch_operator']) retrieved from /home/airflow/.local/lib/python3.8/site-packages/airflow/example_dags/example_branch_operator.py
[2023-11-03T00:03:44.424+0000] {logging_mixin.py:151} INFO - [2023-11-03T00:03:44.424+0000] {dag.py:2941} INFO - Sync 1 DAGs
[2023-11-03T00:03:44.452+0000] {logging_mixin.py:151} INFO - [2023-11-03T00:03:44.452+0000] {dag.py:3722} INFO - Setting next_dagrun for example_branch_operator to 2023-11-02T00:00:00+00:00, run_after=2023-11-03T00:00:00+00:00
[2023-11-03T00:03:44.481+0000] {processor.py:179} INFO - Processing /home/airflow/.local/lib/python3.8/site-packages/airflow/example_dags/example_branch_operator.py took 0.101 seconds
[2023-11-03T00:04:14.991+0000] {processor.py:157} INFO - Started process (PID=1683) to work on /home/airflow/.local/lib/python3.8/site-packages/airflow/example_dags/example_branch_operator.py
[2023-11-03T00:04:14.992+0000] {processor.py:829} INFO - Processing file /home/airflow/.local/lib/python3.8/site-packages/airflow/example_dags/example_branch_operator.py for tasks to queue
[2023-11-03T00:04:14.994+0000] {logging_mixin.py:151} INFO - [2023-11-03T00:04:14.994+0000] {dagbag.py:536} INFO - Filling up the DagBag from /home/airflow/.local/lib/python3.8/site-packages/airflow/example_dags/example_branch_operator.py
[2023-11-03T00:04:15.004+0000] {processor.py:839} INFO - DAG(s) dict_keys(['example_branch_operator']) retrieved from /home/airflow/.local/lib/python3.8/site-packages/airflow/example_dags/example_branch_operator.py
[2023-11-03T00:04:15.036+0000] {logging_mixin.py:151} INFO - [2023-11-03T00:04:15.036+0000] {dag.py:2941} INFO - Sync 1 DAGs
[2023-11-03T00:04:15.067+0000] {logging_mixin.py:151} INFO - [2023-11-03T00:04:15.066+0000] {dag.py:3722} INFO - Setting next_dagrun for example_branch_operator to 2023-11-02T00:00:00+00:00, run_after=2023-11-03T00:00:00+00:00
[2023-11-03T00:04:15.095+0000] {processor.py:179} INFO - Processing /home/airflow/.local/lib/python3.8/site-packages/airflow/example_dags/example_branch_operator.py took 0.107 seconds
[2023-11-03T00:04:45.452+0000] {processor.py:157} INFO - Started process (PID=1737) to work on /home/airflow/.local/lib/python3.8/site-packages/airflow/example_dags/example_branch_operator.py
[2023-11-03T00:04:45.453+0000] {processor.py:829} INFO - Processing file /home/airflow/.local/lib/python3.8/site-packages/airflow/example_dags/example_branch_operator.py for tasks to queue
[2023-11-03T00:04:45.455+0000] {logging_mixin.py:151} INFO - [2023-11-03T00:04:45.455+0000] {dagbag.py:536} INFO - Filling up the DagBag from /home/airflow/.local/lib/python3.8/site-packages/airflow/example_dags/example_branch_operator.py
[2023-11-03T00:04:45.464+0000] {processor.py:839} INFO - DAG(s) dict_keys(['example_branch_operator']) retrieved from /home/airflow/.local/lib/python3.8/site-packages/airflow/example_dags/example_branch_operator.py
[2023-11-03T00:04:45.492+0000] {logging_mixin.py:151} INFO - [2023-11-03T00:04:45.491+0000] {dag.py:2941} INFO - Sync 1 DAGs
[2023-11-03T00:04:45.520+0000] {logging_mixin.py:151} INFO - [2023-11-03T00:04:45.520+0000] {dag.py:3722} INFO - Setting next_dagrun for example_branch_operator to 2023-11-02T00:00:00+00:00, run_after=2023-11-03T00:00:00+00:00
[2023-11-03T00:04:45.550+0000] {processor.py:179} INFO - Processing /home/airflow/.local/lib/python3.8/site-packages/airflow/example_dags/example_branch_operator.py took 0.102 seconds
[2023-11-03T00:05:16.491+0000] {processor.py:157} INFO - Started process (PID=1791) to work on /home/airflow/.local/lib/python3.8/site-packages/airflow/example_dags/example_branch_operator.py
[2023-11-03T00:05:16.493+0000] {processor.py:829} INFO - Processing file /home/airflow/.local/lib/python3.8/site-packages/airflow/example_dags/example_branch_operator.py for tasks to queue
[2023-11-03T00:05:16.495+0000] {logging_mixin.py:151} INFO - [2023-11-03T00:05:16.495+0000] {dagbag.py:536} INFO - Filling up the DagBag from /home/airflow/.local/lib/python3.8/site-packages/airflow/example_dags/example_branch_operator.py
[2023-11-03T00:05:16.507+0000] {processor.py:839} INFO - DAG(s) dict_keys(['example_branch_operator']) retrieved from /home/airflow/.local/lib/python3.8/site-packages/airflow/example_dags/example_branch_operator.py
[2023-11-03T00:05:16.573+0000] {logging_mixin.py:151} INFO - [2023-11-03T00:05:16.572+0000] {dag.py:2941} INFO - Sync 1 DAGs
[2023-11-03T00:05:16.613+0000] {logging_mixin.py:151} INFO - [2023-11-03T00:05:16.613+0000] {dag.py:3722} INFO - Setting next_dagrun for example_branch_operator to 2023-11-02T00:00:00+00:00, run_after=2023-11-03T00:00:00+00:00
[2023-11-03T00:05:16.660+0000] {processor.py:179} INFO - Processing /home/airflow/.local/lib/python3.8/site-packages/airflow/example_dags/example_branch_operator.py took 0.173 seconds
[2023-11-03T00:05:46.704+0000] {processor.py:157} INFO - Started process (PID=1845) to work on /home/airflow/.local/lib/python3.8/site-packages/airflow/example_dags/example_branch_operator.py
[2023-11-03T00:05:46.705+0000] {processor.py:829} INFO - Processing file /home/airflow/.local/lib/python3.8/site-packages/airflow/example_dags/example_branch_operator.py for tasks to queue
[2023-11-03T00:05:46.707+0000] {logging_mixin.py:151} INFO - [2023-11-03T00:05:46.707+0000] {dagbag.py:536} INFO - Filling up the DagBag from /home/airflow/.local/lib/python3.8/site-packages/airflow/example_dags/example_branch_operator.py
[2023-11-03T00:05:46.719+0000] {processor.py:839} INFO - DAG(s) dict_keys(['example_branch_operator']) retrieved from /home/airflow/.local/lib/python3.8/site-packages/airflow/example_dags/example_branch_operator.py
[2023-11-03T00:05:46.751+0000] {logging_mixin.py:151} INFO - [2023-11-03T00:05:46.750+0000] {dag.py:2941} INFO - Sync 1 DAGs
[2023-11-03T00:05:46.778+0000] {logging_mixin.py:151} INFO - [2023-11-03T00:05:46.777+0000] {dag.py:3722} INFO - Setting next_dagrun for example_branch_operator to 2023-11-02T00:00:00+00:00, run_after=2023-11-03T00:00:00+00:00
[2023-11-03T00:05:46.806+0000] {processor.py:179} INFO - Processing /home/airflow/.local/lib/python3.8/site-packages/airflow/example_dags/example_branch_operator.py took 0.106 seconds
[2023-11-03T00:06:16.860+0000] {processor.py:157} INFO - Started process (PID=1899) to work on /home/airflow/.local/lib/python3.8/site-packages/airflow/example_dags/example_branch_operator.py
[2023-11-03T00:06:16.861+0000] {processor.py:829} INFO - Processing file /home/airflow/.local/lib/python3.8/site-packages/airflow/example_dags/example_branch_operator.py for tasks to queue
[2023-11-03T00:06:16.863+0000] {logging_mixin.py:151} INFO - [2023-11-03T00:06:16.863+0000] {dagbag.py:536} INFO - Filling up the DagBag from /home/airflow/.local/lib/python3.8/site-packages/airflow/example_dags/example_branch_operator.py
[2023-11-03T00:06:16.873+0000] {processor.py:839} INFO - DAG(s) dict_keys(['example_branch_operator']) retrieved from /home/airflow/.local/lib/python3.8/site-packages/airflow/example_dags/example_branch_operator.py
[2023-11-03T00:06:16.902+0000] {logging_mixin.py:151} INFO - [2023-11-03T00:06:16.902+0000] {dag.py:2941} INFO - Sync 1 DAGs
[2023-11-03T00:06:16.929+0000] {logging_mixin.py:151} INFO - [2023-11-03T00:06:16.928+0000] {dag.py:3722} INFO - Setting next_dagrun for example_branch_operator to 2023-11-02T00:00:00+00:00, run_after=2023-11-03T00:00:00+00:00
[2023-11-03T00:06:16.954+0000] {processor.py:179} INFO - Processing /home/airflow/.local/lib/python3.8/site-packages/airflow/example_dags/example_branch_operator.py took 0.097 seconds
[2023-11-03T00:06:47.442+0000] {processor.py:157} INFO - Started process (PID=1961) to work on /home/airflow/.local/lib/python3.8/site-packages/airflow/example_dags/example_branch_operator.py
[2023-11-03T00:06:47.443+0000] {processor.py:829} INFO - Processing file /home/airflow/.local/lib/python3.8/site-packages/airflow/example_dags/example_branch_operator.py for tasks to queue
[2023-11-03T00:06:47.446+0000] {logging_mixin.py:151} INFO - [2023-11-03T00:06:47.445+0000] {dagbag.py:536} INFO - Filling up the DagBag from /home/airflow/.local/lib/python3.8/site-packages/airflow/example_dags/example_branch_operator.py
[2023-11-03T00:06:47.472+0000] {processor.py:839} INFO - DAG(s) dict_keys(['example_branch_operator']) retrieved from /home/airflow/.local/lib/python3.8/site-packages/airflow/example_dags/example_branch_operator.py
[2023-11-03T00:06:47.512+0000] {logging_mixin.py:151} INFO - [2023-11-03T00:06:47.512+0000] {dag.py:2941} INFO - Sync 1 DAGs
[2023-11-03T00:06:47.537+0000] {logging_mixin.py:151} INFO - [2023-11-03T00:06:47.537+0000] {dag.py:3722} INFO - Setting next_dagrun for example_branch_operator to 2023-11-02T00:00:00+00:00, run_after=2023-11-03T00:00:00+00:00
[2023-11-03T00:06:47.563+0000] {processor.py:179} INFO - Processing /home/airflow/.local/lib/python3.8/site-packages/airflow/example_dags/example_branch_operator.py took 0.125 seconds
[2023-11-03T00:07:17.939+0000] {processor.py:157} INFO - Started process (PID=2015) to work on /home/airflow/.local/lib/python3.8/site-packages/airflow/example_dags/example_branch_operator.py
[2023-11-03T00:07:17.940+0000] {processor.py:829} INFO - Processing file /home/airflow/.local/lib/python3.8/site-packages/airflow/example_dags/example_branch_operator.py for tasks to queue
[2023-11-03T00:07:17.942+0000] {logging_mixin.py:151} INFO - [2023-11-03T00:07:17.942+0000] {dagbag.py:536} INFO - Filling up the DagBag from /home/airflow/.local/lib/python3.8/site-packages/airflow/example_dags/example_branch_operator.py
[2023-11-03T00:07:17.953+0000] {processor.py:839} INFO - DAG(s) dict_keys(['example_branch_operator']) retrieved from /home/airflow/.local/lib/python3.8/site-packages/airflow/example_dags/example_branch_operator.py
[2023-11-03T00:07:17.985+0000] {logging_mixin.py:151} INFO - [2023-11-03T00:07:17.985+0000] {dag.py:2941} INFO - Sync 1 DAGs
[2023-11-03T00:07:18.011+0000] {logging_mixin.py:151} INFO - [2023-11-03T00:07:18.011+0000] {dag.py:3722} INFO - Setting next_dagrun for example_branch_operator to 2023-11-02T00:00:00+00:00, run_after=2023-11-03T00:00:00+00:00
[2023-11-03T00:07:18.037+0000] {processor.py:179} INFO - Processing /home/airflow/.local/lib/python3.8/site-packages/airflow/example_dags/example_branch_operator.py took 0.101 seconds
[2023-11-03T00:07:48.328+0000] {processor.py:157} INFO - Started process (PID=2069) to work on /home/airflow/.local/lib/python3.8/site-packages/airflow/example_dags/example_branch_operator.py
[2023-11-03T00:07:48.329+0000] {processor.py:829} INFO - Processing file /home/airflow/.local/lib/python3.8/site-packages/airflow/example_dags/example_branch_operator.py for tasks to queue
[2023-11-03T00:07:48.332+0000] {logging_mixin.py:151} INFO - [2023-11-03T00:07:48.331+0000] {dagbag.py:536} INFO - Filling up the DagBag from /home/airflow/.local/lib/python3.8/site-packages/airflow/example_dags/example_branch_operator.py
[2023-11-03T00:07:48.341+0000] {processor.py:839} INFO - DAG(s) dict_keys(['example_branch_operator']) retrieved from /home/airflow/.local/lib/python3.8/site-packages/airflow/example_dags/example_branch_operator.py
[2023-11-03T00:07:48.374+0000] {logging_mixin.py:151} INFO - [2023-11-03T00:07:48.370+0000] {dag.py:2941} INFO - Sync 1 DAGs
[2023-11-03T00:07:48.403+0000] {logging_mixin.py:151} INFO - [2023-11-03T00:07:48.402+0000] {dag.py:3722} INFO - Setting next_dagrun for example_branch_operator to 2023-11-02T00:00:00+00:00, run_after=2023-11-03T00:00:00+00:00
[2023-11-03T00:07:48.430+0000] {processor.py:179} INFO - Processing /home/airflow/.local/lib/python3.8/site-packages/airflow/example_dags/example_branch_operator.py took 0.104 seconds
[2023-11-03T00:08:19.842+0000] {processor.py:157} INFO - Started process (PID=2123) to work on /home/airflow/.local/lib/python3.8/site-packages/airflow/example_dags/example_branch_operator.py
[2023-11-03T00:08:19.844+0000] {processor.py:829} INFO - Processing file /home/airflow/.local/lib/python3.8/site-packages/airflow/example_dags/example_branch_operator.py for tasks to queue
[2023-11-03T00:08:19.848+0000] {logging_mixin.py:151} INFO - [2023-11-03T00:08:19.847+0000] {dagbag.py:536} INFO - Filling up the DagBag from /home/airflow/.local/lib/python3.8/site-packages/airflow/example_dags/example_branch_operator.py
[2023-11-03T00:08:19.861+0000] {processor.py:839} INFO - DAG(s) dict_keys(['example_branch_operator']) retrieved from /home/airflow/.local/lib/python3.8/site-packages/airflow/example_dags/example_branch_operator.py
[2023-11-03T00:08:19.910+0000] {logging_mixin.py:151} INFO - [2023-11-03T00:08:19.910+0000] {dag.py:2941} INFO - Sync 1 DAGs
[2023-11-03T00:08:19.947+0000] {logging_mixin.py:151} INFO - [2023-11-03T00:08:19.947+0000] {dag.py:3722} INFO - Setting next_dagrun for example_branch_operator to 2023-11-02T00:00:00+00:00, run_after=2023-11-03T00:00:00+00:00
[2023-11-03T00:08:19.981+0000] {processor.py:179} INFO - Processing /home/airflow/.local/lib/python3.8/site-packages/airflow/example_dags/example_branch_operator.py took 0.151 seconds
[2023-11-03T00:08:50.103+0000] {processor.py:157} INFO - Started process (PID=2177) to work on /home/airflow/.local/lib/python3.8/site-packages/airflow/example_dags/example_branch_operator.py
[2023-11-03T00:08:50.104+0000] {processor.py:829} INFO - Processing file /home/airflow/.local/lib/python3.8/site-packages/airflow/example_dags/example_branch_operator.py for tasks to queue
[2023-11-03T00:08:50.105+0000] {logging_mixin.py:151} INFO - [2023-11-03T00:08:50.105+0000] {dagbag.py:536} INFO - Filling up the DagBag from /home/airflow/.local/lib/python3.8/site-packages/airflow/example_dags/example_branch_operator.py
[2023-11-03T00:08:50.115+0000] {processor.py:839} INFO - DAG(s) dict_keys(['example_branch_operator']) retrieved from /home/airflow/.local/lib/python3.8/site-packages/airflow/example_dags/example_branch_operator.py
[2023-11-03T00:08:50.142+0000] {logging_mixin.py:151} INFO - [2023-11-03T00:08:50.142+0000] {dag.py:2941} INFO - Sync 1 DAGs
[2023-11-03T00:08:50.171+0000] {logging_mixin.py:151} INFO - [2023-11-03T00:08:50.171+0000] {dag.py:3722} INFO - Setting next_dagrun for example_branch_operator to 2023-11-02T00:00:00+00:00, run_after=2023-11-03T00:00:00+00:00
[2023-11-03T00:08:50.202+0000] {processor.py:179} INFO - Processing /home/airflow/.local/lib/python3.8/site-packages/airflow/example_dags/example_branch_operator.py took 0.103 seconds
[2023-11-03T00:09:20.508+0000] {processor.py:157} INFO - Started process (PID=2231) to work on /home/airflow/.local/lib/python3.8/site-packages/airflow/example_dags/example_branch_operator.py
[2023-11-03T00:09:20.510+0000] {processor.py:829} INFO - Processing file /home/airflow/.local/lib/python3.8/site-packages/airflow/example_dags/example_branch_operator.py for tasks to queue
[2023-11-03T00:09:20.512+0000] {logging_mixin.py:151} INFO - [2023-11-03T00:09:20.512+0000] {dagbag.py:536} INFO - Filling up the DagBag from /home/airflow/.local/lib/python3.8/site-packages/airflow/example_dags/example_branch_operator.py
[2023-11-03T00:09:20.524+0000] {processor.py:839} INFO - DAG(s) dict_keys(['example_branch_operator']) retrieved from /home/airflow/.local/lib/python3.8/site-packages/airflow/example_dags/example_branch_operator.py
[2023-11-03T00:09:20.563+0000] {logging_mixin.py:151} INFO - [2023-11-03T00:09:20.563+0000] {dag.py:2941} INFO - Sync 1 DAGs
[2023-11-03T00:09:20.597+0000] {logging_mixin.py:151} INFO - [2023-11-03T00:09:20.596+0000] {dag.py:3722} INFO - Setting next_dagrun for example_branch_operator to 2023-11-02T00:00:00+00:00, run_after=2023-11-03T00:00:00+00:00
[2023-11-03T00:09:20.626+0000] {processor.py:179} INFO - Processing /home/airflow/.local/lib/python3.8/site-packages/airflow/example_dags/example_branch_operator.py took 0.122 seconds
[2023-11-03T00:09:51.515+0000] {processor.py:157} INFO - Started process (PID=2285) to work on /home/airflow/.local/lib/python3.8/site-packages/airflow/example_dags/example_branch_operator.py
[2023-11-03T00:09:51.516+0000] {processor.py:829} INFO - Processing file /home/airflow/.local/lib/python3.8/site-packages/airflow/example_dags/example_branch_operator.py for tasks to queue
[2023-11-03T00:09:51.519+0000] {logging_mixin.py:151} INFO - [2023-11-03T00:09:51.518+0000] {dagbag.py:536} INFO - Filling up the DagBag from /home/airflow/.local/lib/python3.8/site-packages/airflow/example_dags/example_branch_operator.py
[2023-11-03T00:09:51.530+0000] {processor.py:839} INFO - DAG(s) dict_keys(['example_branch_operator']) retrieved from /home/airflow/.local/lib/python3.8/site-packages/airflow/example_dags/example_branch_operator.py
[2023-11-03T00:09:51.565+0000] {logging_mixin.py:151} INFO - [2023-11-03T00:09:51.565+0000] {dag.py:2941} INFO - Sync 1 DAGs
[2023-11-03T00:09:51.599+0000] {logging_mixin.py:151} INFO - [2023-11-03T00:09:51.599+0000] {dag.py:3722} INFO - Setting next_dagrun for example_branch_operator to 2023-11-02T00:00:00+00:00, run_after=2023-11-03T00:00:00+00:00
[2023-11-03T00:09:51.637+0000] {processor.py:179} INFO - Processing /home/airflow/.local/lib/python3.8/site-packages/airflow/example_dags/example_branch_operator.py took 0.125 seconds
[2023-11-03T00:10:23.962+0000] {processor.py:157} INFO - Started process (PID=2339) to work on /home/airflow/.local/lib/python3.8/site-packages/airflow/example_dags/example_branch_operator.py
[2023-11-03T00:10:23.966+0000] {processor.py:829} INFO - Processing file /home/airflow/.local/lib/python3.8/site-packages/airflow/example_dags/example_branch_operator.py for tasks to queue
[2023-11-03T00:10:23.969+0000] {logging_mixin.py:151} INFO - [2023-11-03T00:10:23.968+0000] {dagbag.py:536} INFO - Filling up the DagBag from /home/airflow/.local/lib/python3.8/site-packages/airflow/example_dags/example_branch_operator.py
[2023-11-03T00:10:23.984+0000] {processor.py:839} INFO - DAG(s) dict_keys(['example_branch_operator']) retrieved from /home/airflow/.local/lib/python3.8/site-packages/airflow/example_dags/example_branch_operator.py
[2023-11-03T00:10:24.029+0000] {logging_mixin.py:151} INFO - [2023-11-03T00:10:24.028+0000] {dag.py:2941} INFO - Sync 1 DAGs
[2023-11-03T00:10:24.352+0000] {logging_mixin.py:151} INFO - [2023-11-03T00:10:24.352+0000] {dag.py:3722} INFO - Setting next_dagrun for example_branch_operator to 2023-11-02T00:00:00+00:00, run_after=2023-11-03T00:00:00+00:00
[2023-11-03T00:10:24.411+0000] {processor.py:179} INFO - Processing /home/airflow/.local/lib/python3.8/site-packages/airflow/example_dags/example_branch_operator.py took 0.453 seconds
[2023-11-03T00:10:55.591+0000] {processor.py:157} INFO - Started process (PID=2393) to work on /home/airflow/.local/lib/python3.8/site-packages/airflow/example_dags/example_branch_operator.py
[2023-11-03T00:10:55.593+0000] {processor.py:829} INFO - Processing file /home/airflow/.local/lib/python3.8/site-packages/airflow/example_dags/example_branch_operator.py for tasks to queue
[2023-11-03T00:10:55.599+0000] {logging_mixin.py:151} INFO - [2023-11-03T00:10:55.597+0000] {dagbag.py:536} INFO - Filling up the DagBag from /home/airflow/.local/lib/python3.8/site-packages/airflow/example_dags/example_branch_operator.py
[2023-11-03T00:10:55.620+0000] {processor.py:839} INFO - DAG(s) dict_keys(['example_branch_operator']) retrieved from /home/airflow/.local/lib/python3.8/site-packages/airflow/example_dags/example_branch_operator.py
[2023-11-03T00:10:55.699+0000] {logging_mixin.py:151} INFO - [2023-11-03T00:10:55.699+0000] {dag.py:2941} INFO - Sync 1 DAGs
[2023-11-03T00:10:55.768+0000] {logging_mixin.py:151} INFO - [2023-11-03T00:10:55.768+0000] {dag.py:3722} INFO - Setting next_dagrun for example_branch_operator to 2023-11-02T00:00:00+00:00, run_after=2023-11-03T00:00:00+00:00
[2023-11-03T00:10:56.064+0000] {processor.py:179} INFO - Processing /home/airflow/.local/lib/python3.8/site-packages/airflow/example_dags/example_branch_operator.py took 0.484 seconds
[2023-11-03T00:11:26.113+0000] {processor.py:157} INFO - Started process (PID=2447) to work on /home/airflow/.local/lib/python3.8/site-packages/airflow/example_dags/example_branch_operator.py
[2023-11-03T00:11:26.116+0000] {processor.py:829} INFO - Processing file /home/airflow/.local/lib/python3.8/site-packages/airflow/example_dags/example_branch_operator.py for tasks to queue
[2023-11-03T00:11:26.118+0000] {logging_mixin.py:151} INFO - [2023-11-03T00:11:26.117+0000] {dagbag.py:536} INFO - Filling up the DagBag from /home/airflow/.local/lib/python3.8/site-packages/airflow/example_dags/example_branch_operator.py
[2023-11-03T00:11:26.128+0000] {processor.py:839} INFO - DAG(s) dict_keys(['example_branch_operator']) retrieved from /home/airflow/.local/lib/python3.8/site-packages/airflow/example_dags/example_branch_operator.py
[2023-11-03T00:11:26.155+0000] {logging_mixin.py:151} INFO - [2023-11-03T00:11:26.154+0000] {dag.py:2941} INFO - Sync 1 DAGs
[2023-11-03T00:11:26.180+0000] {logging_mixin.py:151} INFO - [2023-11-03T00:11:26.180+0000] {dag.py:3722} INFO - Setting next_dagrun for example_branch_operator to 2023-11-02T00:00:00+00:00, run_after=2023-11-03T00:00:00+00:00
[2023-11-03T00:11:26.208+0000] {processor.py:179} INFO - Processing /home/airflow/.local/lib/python3.8/site-packages/airflow/example_dags/example_branch_operator.py took 0.098 seconds
[2023-11-03T00:11:56.909+0000] {processor.py:157} INFO - Started process (PID=2501) to work on /home/airflow/.local/lib/python3.8/site-packages/airflow/example_dags/example_branch_operator.py
[2023-11-03T00:11:56.910+0000] {processor.py:829} INFO - Processing file /home/airflow/.local/lib/python3.8/site-packages/airflow/example_dags/example_branch_operator.py for tasks to queue
[2023-11-03T00:11:56.912+0000] {logging_mixin.py:151} INFO - [2023-11-03T00:11:56.912+0000] {dagbag.py:536} INFO - Filling up the DagBag from /home/airflow/.local/lib/python3.8/site-packages/airflow/example_dags/example_branch_operator.py
[2023-11-03T00:11:56.922+0000] {processor.py:839} INFO - DAG(s) dict_keys(['example_branch_operator']) retrieved from /home/airflow/.local/lib/python3.8/site-packages/airflow/example_dags/example_branch_operator.py
[2023-11-03T00:11:56.958+0000] {logging_mixin.py:151} INFO - [2023-11-03T00:11:56.958+0000] {dag.py:2941} INFO - Sync 1 DAGs
[2023-11-03T00:11:56.984+0000] {logging_mixin.py:151} INFO - [2023-11-03T00:11:56.984+0000] {dag.py:3722} INFO - Setting next_dagrun for example_branch_operator to 2023-11-02T00:00:00+00:00, run_after=2023-11-03T00:00:00+00:00
[2023-11-03T00:11:57.015+0000] {processor.py:179} INFO - Processing /home/airflow/.local/lib/python3.8/site-packages/airflow/example_dags/example_branch_operator.py took 0.109 seconds
[2023-11-03T00:12:28.090+0000] {processor.py:157} INFO - Started process (PID=2556) to work on /home/airflow/.local/lib/python3.8/site-packages/airflow/example_dags/example_branch_operator.py
[2023-11-03T00:12:28.092+0000] {processor.py:829} INFO - Processing file /home/airflow/.local/lib/python3.8/site-packages/airflow/example_dags/example_branch_operator.py for tasks to queue
[2023-11-03T00:12:28.094+0000] {logging_mixin.py:151} INFO - [2023-11-03T00:12:28.094+0000] {dagbag.py:536} INFO - Filling up the DagBag from /home/airflow/.local/lib/python3.8/site-packages/airflow/example_dags/example_branch_operator.py
[2023-11-03T00:12:28.104+0000] {processor.py:839} INFO - DAG(s) dict_keys(['example_branch_operator']) retrieved from /home/airflow/.local/lib/python3.8/site-packages/airflow/example_dags/example_branch_operator.py
[2023-11-03T00:12:28.129+0000] {logging_mixin.py:151} INFO - [2023-11-03T00:12:28.129+0000] {dag.py:2941} INFO - Sync 1 DAGs
[2023-11-03T00:12:28.295+0000] {logging_mixin.py:151} INFO - [2023-11-03T00:12:28.294+0000] {dag.py:3722} INFO - Setting next_dagrun for example_branch_operator to 2023-11-02T00:00:00+00:00, run_after=2023-11-03T00:00:00+00:00
[2023-11-03T00:12:28.318+0000] {processor.py:179} INFO - Processing /home/airflow/.local/lib/python3.8/site-packages/airflow/example_dags/example_branch_operator.py took 0.231 seconds
[2023-11-03T00:12:58.733+0000] {processor.py:157} INFO - Started process (PID=2610) to work on /home/airflow/.local/lib/python3.8/site-packages/airflow/example_dags/example_branch_operator.py
[2023-11-03T00:12:58.734+0000] {processor.py:829} INFO - Processing file /home/airflow/.local/lib/python3.8/site-packages/airflow/example_dags/example_branch_operator.py for tasks to queue
[2023-11-03T00:12:58.737+0000] {logging_mixin.py:151} INFO - [2023-11-03T00:12:58.736+0000] {dagbag.py:536} INFO - Filling up the DagBag from /home/airflow/.local/lib/python3.8/site-packages/airflow/example_dags/example_branch_operator.py
[2023-11-03T00:12:58.749+0000] {processor.py:839} INFO - DAG(s) dict_keys(['example_branch_operator']) retrieved from /home/airflow/.local/lib/python3.8/site-packages/airflow/example_dags/example_branch_operator.py
[2023-11-03T00:12:58.783+0000] {logging_mixin.py:151} INFO - [2023-11-03T00:12:58.783+0000] {dag.py:2941} INFO - Sync 1 DAGs
[2023-11-03T00:12:58.816+0000] {logging_mixin.py:151} INFO - [2023-11-03T00:12:58.816+0000] {dag.py:3722} INFO - Setting next_dagrun for example_branch_operator to 2023-11-02T00:00:00+00:00, run_after=2023-11-03T00:00:00+00:00
[2023-11-03T00:12:58.850+0000] {processor.py:179} INFO - Processing /home/airflow/.local/lib/python3.8/site-packages/airflow/example_dags/example_branch_operator.py took 0.122 seconds
[2023-11-03T00:13:29.551+0000] {processor.py:157} INFO - Started process (PID=2664) to work on /home/airflow/.local/lib/python3.8/site-packages/airflow/example_dags/example_branch_operator.py
[2023-11-03T00:13:29.551+0000] {processor.py:829} INFO - Processing file /home/airflow/.local/lib/python3.8/site-packages/airflow/example_dags/example_branch_operator.py for tasks to queue
[2023-11-03T00:13:29.555+0000] {logging_mixin.py:151} INFO - [2023-11-03T00:13:29.554+0000] {dagbag.py:536} INFO - Filling up the DagBag from /home/airflow/.local/lib/python3.8/site-packages/airflow/example_dags/example_branch_operator.py
[2023-11-03T00:13:29.569+0000] {processor.py:839} INFO - DAG(s) dict_keys(['example_branch_operator']) retrieved from /home/airflow/.local/lib/python3.8/site-packages/airflow/example_dags/example_branch_operator.py
[2023-11-03T00:13:29.813+0000] {logging_mixin.py:151} INFO - [2023-11-03T00:13:29.813+0000] {dag.py:2941} INFO - Sync 1 DAGs
[2023-11-03T00:13:29.843+0000] {logging_mixin.py:151} INFO - [2023-11-03T00:13:29.842+0000] {dag.py:3722} INFO - Setting next_dagrun for example_branch_operator to 2023-11-02T00:00:00+00:00, run_after=2023-11-03T00:00:00+00:00
[2023-11-03T00:13:29.868+0000] {processor.py:179} INFO - Processing /home/airflow/.local/lib/python3.8/site-packages/airflow/example_dags/example_branch_operator.py took 0.322 seconds
[2023-11-03T00:13:59.920+0000] {processor.py:157} INFO - Started process (PID=2718) to work on /home/airflow/.local/lib/python3.8/site-packages/airflow/example_dags/example_branch_operator.py
[2023-11-03T00:13:59.921+0000] {processor.py:829} INFO - Processing file /home/airflow/.local/lib/python3.8/site-packages/airflow/example_dags/example_branch_operator.py for tasks to queue
[2023-11-03T00:13:59.923+0000] {logging_mixin.py:151} INFO - [2023-11-03T00:13:59.923+0000] {dagbag.py:536} INFO - Filling up the DagBag from /home/airflow/.local/lib/python3.8/site-packages/airflow/example_dags/example_branch_operator.py
[2023-11-03T00:13:59.933+0000] {processor.py:839} INFO - DAG(s) dict_keys(['example_branch_operator']) retrieved from /home/airflow/.local/lib/python3.8/site-packages/airflow/example_dags/example_branch_operator.py
[2023-11-03T00:13:59.965+0000] {logging_mixin.py:151} INFO - [2023-11-03T00:13:59.965+0000] {dag.py:2941} INFO - Sync 1 DAGs
[2023-11-03T00:13:59.995+0000] {logging_mixin.py:151} INFO - [2023-11-03T00:13:59.994+0000] {dag.py:3722} INFO - Setting next_dagrun for example_branch_operator to 2023-11-02T00:00:00+00:00, run_after=2023-11-03T00:00:00+00:00
[2023-11-03T00:14:00.027+0000] {processor.py:179} INFO - Processing /home/airflow/.local/lib/python3.8/site-packages/airflow/example_dags/example_branch_operator.py took 0.111 seconds
[2023-11-03T00:14:30.969+0000] {processor.py:157} INFO - Started process (PID=2772) to work on /home/airflow/.local/lib/python3.8/site-packages/airflow/example_dags/example_branch_operator.py
[2023-11-03T00:14:30.970+0000] {processor.py:829} INFO - Processing file /home/airflow/.local/lib/python3.8/site-packages/airflow/example_dags/example_branch_operator.py for tasks to queue
[2023-11-03T00:14:30.974+0000] {logging_mixin.py:151} INFO - [2023-11-03T00:14:30.973+0000] {dagbag.py:536} INFO - Filling up the DagBag from /home/airflow/.local/lib/python3.8/site-packages/airflow/example_dags/example_branch_operator.py
[2023-11-03T00:14:30.987+0000] {processor.py:839} INFO - DAG(s) dict_keys(['example_branch_operator']) retrieved from /home/airflow/.local/lib/python3.8/site-packages/airflow/example_dags/example_branch_operator.py
[2023-11-03T00:14:31.016+0000] {logging_mixin.py:151} INFO - [2023-11-03T00:14:31.016+0000] {dag.py:2941} INFO - Sync 1 DAGs
[2023-11-03T00:14:31.044+0000] {logging_mixin.py:151} INFO - [2023-11-03T00:14:31.044+0000] {dag.py:3722} INFO - Setting next_dagrun for example_branch_operator to 2023-11-02T00:00:00+00:00, run_after=2023-11-03T00:00:00+00:00
[2023-11-03T00:14:31.075+0000] {processor.py:179} INFO - Processing /home/airflow/.local/lib/python3.8/site-packages/airflow/example_dags/example_branch_operator.py took 0.111 seconds
[2023-11-03T00:15:01.433+0000] {processor.py:157} INFO - Started process (PID=2826) to work on /home/airflow/.local/lib/python3.8/site-packages/airflow/example_dags/example_branch_operator.py
[2023-11-03T00:15:01.434+0000] {processor.py:829} INFO - Processing file /home/airflow/.local/lib/python3.8/site-packages/airflow/example_dags/example_branch_operator.py for tasks to queue
[2023-11-03T00:15:01.436+0000] {logging_mixin.py:151} INFO - [2023-11-03T00:15:01.436+0000] {dagbag.py:536} INFO - Filling up the DagBag from /home/airflow/.local/lib/python3.8/site-packages/airflow/example_dags/example_branch_operator.py
[2023-11-03T00:15:01.445+0000] {processor.py:839} INFO - DAG(s) dict_keys(['example_branch_operator']) retrieved from /home/airflow/.local/lib/python3.8/site-packages/airflow/example_dags/example_branch_operator.py
[2023-11-03T00:15:01.477+0000] {logging_mixin.py:151} INFO - [2023-11-03T00:15:01.476+0000] {dag.py:2941} INFO - Sync 1 DAGs
[2023-11-03T00:15:01.505+0000] {logging_mixin.py:151} INFO - [2023-11-03T00:15:01.505+0000] {dag.py:3722} INFO - Setting next_dagrun for example_branch_operator to 2023-11-02T00:00:00+00:00, run_after=2023-11-03T00:00:00+00:00
[2023-11-03T00:15:01.539+0000] {processor.py:179} INFO - Processing /home/airflow/.local/lib/python3.8/site-packages/airflow/example_dags/example_branch_operator.py took 0.109 seconds
[2023-11-03T00:15:31.642+0000] {processor.py:157} INFO - Started process (PID=2880) to work on /home/airflow/.local/lib/python3.8/site-packages/airflow/example_dags/example_branch_operator.py
[2023-11-03T00:15:31.643+0000] {processor.py:829} INFO - Processing file /home/airflow/.local/lib/python3.8/site-packages/airflow/example_dags/example_branch_operator.py for tasks to queue
[2023-11-03T00:15:31.645+0000] {logging_mixin.py:151} INFO - [2023-11-03T00:15:31.645+0000] {dagbag.py:536} INFO - Filling up the DagBag from /home/airflow/.local/lib/python3.8/site-packages/airflow/example_dags/example_branch_operator.py
[2023-11-03T00:15:31.655+0000] {processor.py:839} INFO - DAG(s) dict_keys(['example_branch_operator']) retrieved from /home/airflow/.local/lib/python3.8/site-packages/airflow/example_dags/example_branch_operator.py
[2023-11-03T00:15:31.686+0000] {logging_mixin.py:151} INFO - [2023-11-03T00:15:31.686+0000] {dag.py:2941} INFO - Sync 1 DAGs
[2023-11-03T00:15:31.712+0000] {logging_mixin.py:151} INFO - [2023-11-03T00:15:31.712+0000] {dag.py:3722} INFO - Setting next_dagrun for example_branch_operator to 2023-11-02T00:00:00+00:00, run_after=2023-11-03T00:00:00+00:00
[2023-11-03T00:15:31.741+0000] {processor.py:179} INFO - Processing /home/airflow/.local/lib/python3.8/site-packages/airflow/example_dags/example_branch_operator.py took 0.103 seconds
[2023-11-03T00:16:01.912+0000] {processor.py:157} INFO - Started process (PID=2934) to work on /home/airflow/.local/lib/python3.8/site-packages/airflow/example_dags/example_branch_operator.py
[2023-11-03T00:16:01.913+0000] {processor.py:829} INFO - Processing file /home/airflow/.local/lib/python3.8/site-packages/airflow/example_dags/example_branch_operator.py for tasks to queue
[2023-11-03T00:16:01.915+0000] {logging_mixin.py:151} INFO - [2023-11-03T00:16:01.915+0000] {dagbag.py:536} INFO - Filling up the DagBag from /home/airflow/.local/lib/python3.8/site-packages/airflow/example_dags/example_branch_operator.py
[2023-11-03T00:16:01.925+0000] {processor.py:839} INFO - DAG(s) dict_keys(['example_branch_operator']) retrieved from /home/airflow/.local/lib/python3.8/site-packages/airflow/example_dags/example_branch_operator.py
[2023-11-03T00:16:01.954+0000] {logging_mixin.py:151} INFO - [2023-11-03T00:16:01.954+0000] {dag.py:2941} INFO - Sync 1 DAGs
[2023-11-03T00:16:01.980+0000] {logging_mixin.py:151} INFO - [2023-11-03T00:16:01.980+0000] {dag.py:3722} INFO - Setting next_dagrun for example_branch_operator to 2023-11-02T00:00:00+00:00, run_after=2023-11-03T00:00:00+00:00
[2023-11-03T00:16:02.007+0000] {processor.py:179} INFO - Processing /home/airflow/.local/lib/python3.8/site-packages/airflow/example_dags/example_branch_operator.py took 0.098 seconds
[2023-11-03T00:16:32.073+0000] {processor.py:157} INFO - Started process (PID=2988) to work on /home/airflow/.local/lib/python3.8/site-packages/airflow/example_dags/example_branch_operator.py
[2023-11-03T00:16:32.074+0000] {processor.py:829} INFO - Processing file /home/airflow/.local/lib/python3.8/site-packages/airflow/example_dags/example_branch_operator.py for tasks to queue
[2023-11-03T00:16:32.076+0000] {logging_mixin.py:151} INFO - [2023-11-03T00:16:32.076+0000] {dagbag.py:536} INFO - Filling up the DagBag from /home/airflow/.local/lib/python3.8/site-packages/airflow/example_dags/example_branch_operator.py
[2023-11-03T00:16:32.087+0000] {processor.py:839} INFO - DAG(s) dict_keys(['example_branch_operator']) retrieved from /home/airflow/.local/lib/python3.8/site-packages/airflow/example_dags/example_branch_operator.py
[2023-11-03T00:16:32.117+0000] {logging_mixin.py:151} INFO - [2023-11-03T00:16:32.117+0000] {dag.py:2941} INFO - Sync 1 DAGs
[2023-11-03T00:16:32.145+0000] {logging_mixin.py:151} INFO - [2023-11-03T00:16:32.144+0000] {dag.py:3722} INFO - Setting next_dagrun for example_branch_operator to 2023-11-02T00:00:00+00:00, run_after=2023-11-03T00:00:00+00:00
[2023-11-03T00:16:32.180+0000] {processor.py:179} INFO - Processing /home/airflow/.local/lib/python3.8/site-packages/airflow/example_dags/example_branch_operator.py took 0.110 seconds
[2023-11-03T00:17:02.270+0000] {processor.py:157} INFO - Started process (PID=3042) to work on /home/airflow/.local/lib/python3.8/site-packages/airflow/example_dags/example_branch_operator.py
[2023-11-03T00:17:02.271+0000] {processor.py:829} INFO - Processing file /home/airflow/.local/lib/python3.8/site-packages/airflow/example_dags/example_branch_operator.py for tasks to queue
[2023-11-03T00:17:02.274+0000] {logging_mixin.py:151} INFO - [2023-11-03T00:17:02.273+0000] {dagbag.py:536} INFO - Filling up the DagBag from /home/airflow/.local/lib/python3.8/site-packages/airflow/example_dags/example_branch_operator.py
[2023-11-03T00:17:02.284+0000] {processor.py:839} INFO - DAG(s) dict_keys(['example_branch_operator']) retrieved from /home/airflow/.local/lib/python3.8/site-packages/airflow/example_dags/example_branch_operator.py
[2023-11-03T00:17:02.320+0000] {logging_mixin.py:151} INFO - [2023-11-03T00:17:02.319+0000] {dag.py:2941} INFO - Sync 1 DAGs
[2023-11-03T00:17:02.353+0000] {logging_mixin.py:151} INFO - [2023-11-03T00:17:02.352+0000] {dag.py:3722} INFO - Setting next_dagrun for example_branch_operator to 2023-11-02T00:00:00+00:00, run_after=2023-11-03T00:00:00+00:00
[2023-11-03T00:17:02.382+0000] {processor.py:179} INFO - Processing /home/airflow/.local/lib/python3.8/site-packages/airflow/example_dags/example_branch_operator.py took 0.115 seconds
[2023-11-03T00:17:32.506+0000] {processor.py:157} INFO - Started process (PID=3096) to work on /home/airflow/.local/lib/python3.8/site-packages/airflow/example_dags/example_branch_operator.py
[2023-11-03T00:17:32.506+0000] {processor.py:829} INFO - Processing file /home/airflow/.local/lib/python3.8/site-packages/airflow/example_dags/example_branch_operator.py for tasks to queue
[2023-11-03T00:17:32.509+0000] {logging_mixin.py:151} INFO - [2023-11-03T00:17:32.508+0000] {dagbag.py:536} INFO - Filling up the DagBag from /home/airflow/.local/lib/python3.8/site-packages/airflow/example_dags/example_branch_operator.py
[2023-11-03T00:17:32.519+0000] {processor.py:839} INFO - DAG(s) dict_keys(['example_branch_operator']) retrieved from /home/airflow/.local/lib/python3.8/site-packages/airflow/example_dags/example_branch_operator.py
[2023-11-03T00:17:32.547+0000] {logging_mixin.py:151} INFO - [2023-11-03T00:17:32.547+0000] {dag.py:2941} INFO - Sync 1 DAGs
[2023-11-03T00:17:32.574+0000] {logging_mixin.py:151} INFO - [2023-11-03T00:17:32.573+0000] {dag.py:3722} INFO - Setting next_dagrun for example_branch_operator to 2023-11-02T00:00:00+00:00, run_after=2023-11-03T00:00:00+00:00
[2023-11-03T00:17:32.603+0000] {processor.py:179} INFO - Processing /home/airflow/.local/lib/python3.8/site-packages/airflow/example_dags/example_branch_operator.py took 0.101 seconds
[2023-11-03T00:18:02.743+0000] {processor.py:157} INFO - Started process (PID=3150) to work on /home/airflow/.local/lib/python3.8/site-packages/airflow/example_dags/example_branch_operator.py
[2023-11-03T00:18:02.745+0000] {processor.py:829} INFO - Processing file /home/airflow/.local/lib/python3.8/site-packages/airflow/example_dags/example_branch_operator.py for tasks to queue
[2023-11-03T00:18:02.747+0000] {logging_mixin.py:151} INFO - [2023-11-03T00:18:02.747+0000] {dagbag.py:536} INFO - Filling up the DagBag from /home/airflow/.local/lib/python3.8/site-packages/airflow/example_dags/example_branch_operator.py
[2023-11-03T00:18:02.759+0000] {processor.py:839} INFO - DAG(s) dict_keys(['example_branch_operator']) retrieved from /home/airflow/.local/lib/python3.8/site-packages/airflow/example_dags/example_branch_operator.py
[2023-11-03T00:18:02.790+0000] {logging_mixin.py:151} INFO - [2023-11-03T00:18:02.790+0000] {dag.py:2941} INFO - Sync 1 DAGs
[2023-11-03T00:18:02.819+0000] {logging_mixin.py:151} INFO - [2023-11-03T00:18:02.819+0000] {dag.py:3722} INFO - Setting next_dagrun for example_branch_operator to 2023-11-02T00:00:00+00:00, run_after=2023-11-03T00:00:00+00:00
[2023-11-03T00:18:02.848+0000] {processor.py:179} INFO - Processing /home/airflow/.local/lib/python3.8/site-packages/airflow/example_dags/example_branch_operator.py took 0.109 seconds
[2023-11-03T00:18:32.962+0000] {processor.py:157} INFO - Started process (PID=3204) to work on /home/airflow/.local/lib/python3.8/site-packages/airflow/example_dags/example_branch_operator.py
[2023-11-03T00:18:32.963+0000] {processor.py:829} INFO - Processing file /home/airflow/.local/lib/python3.8/site-packages/airflow/example_dags/example_branch_operator.py for tasks to queue
[2023-11-03T00:18:32.966+0000] {logging_mixin.py:151} INFO - [2023-11-03T00:18:32.965+0000] {dagbag.py:536} INFO - Filling up the DagBag from /home/airflow/.local/lib/python3.8/site-packages/airflow/example_dags/example_branch_operator.py
[2023-11-03T00:18:32.975+0000] {processor.py:839} INFO - DAG(s) dict_keys(['example_branch_operator']) retrieved from /home/airflow/.local/lib/python3.8/site-packages/airflow/example_dags/example_branch_operator.py
[2023-11-03T00:18:33.009+0000] {logging_mixin.py:151} INFO - [2023-11-03T00:18:33.009+0000] {dag.py:2941} INFO - Sync 1 DAGs
[2023-11-03T00:18:33.039+0000] {logging_mixin.py:151} INFO - [2023-11-03T00:18:33.039+0000] {dag.py:3722} INFO - Setting next_dagrun for example_branch_operator to 2023-11-02T00:00:00+00:00, run_after=2023-11-03T00:00:00+00:00
[2023-11-03T00:18:33.067+0000] {processor.py:179} INFO - Processing /home/airflow/.local/lib/python3.8/site-packages/airflow/example_dags/example_branch_operator.py took 0.109 seconds
[2023-11-03T00:19:03.575+0000] {processor.py:157} INFO - Started process (PID=3258) to work on /home/airflow/.local/lib/python3.8/site-packages/airflow/example_dags/example_branch_operator.py
[2023-11-03T00:19:03.577+0000] {processor.py:829} INFO - Processing file /home/airflow/.local/lib/python3.8/site-packages/airflow/example_dags/example_branch_operator.py for tasks to queue
[2023-11-03T00:19:03.580+0000] {logging_mixin.py:151} INFO - [2023-11-03T00:19:03.579+0000] {dagbag.py:536} INFO - Filling up the DagBag from /home/airflow/.local/lib/python3.8/site-packages/airflow/example_dags/example_branch_operator.py
[2023-11-03T00:19:03.589+0000] {processor.py:839} INFO - DAG(s) dict_keys(['example_branch_operator']) retrieved from /home/airflow/.local/lib/python3.8/site-packages/airflow/example_dags/example_branch_operator.py
[2023-11-03T00:19:03.622+0000] {logging_mixin.py:151} INFO - [2023-11-03T00:19:03.622+0000] {dag.py:2941} INFO - Sync 1 DAGs
[2023-11-03T00:19:03.650+0000] {logging_mixin.py:151} INFO - [2023-11-03T00:19:03.650+0000] {dag.py:3722} INFO - Setting next_dagrun for example_branch_operator to 2023-11-02T00:00:00+00:00, run_after=2023-11-03T00:00:00+00:00
[2023-11-03T00:19:03.677+0000] {processor.py:179} INFO - Processing /home/airflow/.local/lib/python3.8/site-packages/airflow/example_dags/example_branch_operator.py took 0.106 seconds
[2023-11-03T00:19:33.957+0000] {processor.py:157} INFO - Started process (PID=3312) to work on /home/airflow/.local/lib/python3.8/site-packages/airflow/example_dags/example_branch_operator.py
[2023-11-03T00:19:33.958+0000] {processor.py:829} INFO - Processing file /home/airflow/.local/lib/python3.8/site-packages/airflow/example_dags/example_branch_operator.py for tasks to queue
[2023-11-03T00:19:33.960+0000] {logging_mixin.py:151} INFO - [2023-11-03T00:19:33.960+0000] {dagbag.py:536} INFO - Filling up the DagBag from /home/airflow/.local/lib/python3.8/site-packages/airflow/example_dags/example_branch_operator.py
[2023-11-03T00:19:33.972+0000] {processor.py:839} INFO - DAG(s) dict_keys(['example_branch_operator']) retrieved from /home/airflow/.local/lib/python3.8/site-packages/airflow/example_dags/example_branch_operator.py
[2023-11-03T00:19:34.005+0000] {logging_mixin.py:151} INFO - [2023-11-03T00:19:34.005+0000] {dag.py:2941} INFO - Sync 1 DAGs
[2023-11-03T00:19:34.033+0000] {logging_mixin.py:151} INFO - [2023-11-03T00:19:34.033+0000] {dag.py:3722} INFO - Setting next_dagrun for example_branch_operator to 2023-11-02T00:00:00+00:00, run_after=2023-11-03T00:00:00+00:00
[2023-11-03T00:19:34.068+0000] {processor.py:179} INFO - Processing /home/airflow/.local/lib/python3.8/site-packages/airflow/example_dags/example_branch_operator.py took 0.115 seconds
[2023-11-03T00:20:04.154+0000] {processor.py:157} INFO - Started process (PID=3366) to work on /home/airflow/.local/lib/python3.8/site-packages/airflow/example_dags/example_branch_operator.py
[2023-11-03T00:20:04.156+0000] {processor.py:829} INFO - Processing file /home/airflow/.local/lib/python3.8/site-packages/airflow/example_dags/example_branch_operator.py for tasks to queue
[2023-11-03T00:20:04.157+0000] {logging_mixin.py:151} INFO - [2023-11-03T00:20:04.157+0000] {dagbag.py:536} INFO - Filling up the DagBag from /home/airflow/.local/lib/python3.8/site-packages/airflow/example_dags/example_branch_operator.py
[2023-11-03T00:20:04.169+0000] {processor.py:839} INFO - DAG(s) dict_keys(['example_branch_operator']) retrieved from /home/airflow/.local/lib/python3.8/site-packages/airflow/example_dags/example_branch_operator.py
[2023-11-03T00:20:04.208+0000] {logging_mixin.py:151} INFO - [2023-11-03T00:20:04.208+0000] {dag.py:2941} INFO - Sync 1 DAGs
[2023-11-03T00:20:04.237+0000] {logging_mixin.py:151} INFO - [2023-11-03T00:20:04.237+0000] {dag.py:3722} INFO - Setting next_dagrun for example_branch_operator to 2023-11-02T00:00:00+00:00, run_after=2023-11-03T00:00:00+00:00
[2023-11-03T00:20:04.273+0000] {processor.py:179} INFO - Processing /home/airflow/.local/lib/python3.8/site-packages/airflow/example_dags/example_branch_operator.py took 0.122 seconds
[2023-11-03T00:20:34.551+0000] {processor.py:157} INFO - Started process (PID=3420) to work on /home/airflow/.local/lib/python3.8/site-packages/airflow/example_dags/example_branch_operator.py
[2023-11-03T00:20:34.552+0000] {processor.py:829} INFO - Processing file /home/airflow/.local/lib/python3.8/site-packages/airflow/example_dags/example_branch_operator.py for tasks to queue
[2023-11-03T00:20:34.555+0000] {logging_mixin.py:151} INFO - [2023-11-03T00:20:34.554+0000] {dagbag.py:536} INFO - Filling up the DagBag from /home/airflow/.local/lib/python3.8/site-packages/airflow/example_dags/example_branch_operator.py
[2023-11-03T00:20:34.564+0000] {processor.py:839} INFO - DAG(s) dict_keys(['example_branch_operator']) retrieved from /home/airflow/.local/lib/python3.8/site-packages/airflow/example_dags/example_branch_operator.py
[2023-11-03T00:20:34.589+0000] {logging_mixin.py:151} INFO - [2023-11-03T00:20:34.589+0000] {dag.py:2941} INFO - Sync 1 DAGs
[2023-11-03T00:20:34.614+0000] {logging_mixin.py:151} INFO - [2023-11-03T00:20:34.614+0000] {dag.py:3722} INFO - Setting next_dagrun for example_branch_operator to 2023-11-02T00:00:00+00:00, run_after=2023-11-03T00:00:00+00:00
[2023-11-03T00:20:34.637+0000] {processor.py:179} INFO - Processing /home/airflow/.local/lib/python3.8/site-packages/airflow/example_dags/example_branch_operator.py took 0.089 seconds
[2023-11-03T00:21:04.806+0000] {processor.py:157} INFO - Started process (PID=3474) to work on /home/airflow/.local/lib/python3.8/site-packages/airflow/example_dags/example_branch_operator.py
[2023-11-03T00:21:04.807+0000] {processor.py:829} INFO - Processing file /home/airflow/.local/lib/python3.8/site-packages/airflow/example_dags/example_branch_operator.py for tasks to queue
[2023-11-03T00:21:04.809+0000] {logging_mixin.py:151} INFO - [2023-11-03T00:21:04.809+0000] {dagbag.py:536} INFO - Filling up the DagBag from /home/airflow/.local/lib/python3.8/site-packages/airflow/example_dags/example_branch_operator.py
[2023-11-03T00:21:04.818+0000] {processor.py:839} INFO - DAG(s) dict_keys(['example_branch_operator']) retrieved from /home/airflow/.local/lib/python3.8/site-packages/airflow/example_dags/example_branch_operator.py
[2023-11-03T00:21:04.846+0000] {logging_mixin.py:151} INFO - [2023-11-03T00:21:04.846+0000] {dag.py:2941} INFO - Sync 1 DAGs
[2023-11-03T00:21:04.871+0000] {logging_mixin.py:151} INFO - [2023-11-03T00:21:04.871+0000] {dag.py:3722} INFO - Setting next_dagrun for example_branch_operator to 2023-11-02T00:00:00+00:00, run_after=2023-11-03T00:00:00+00:00
[2023-11-03T00:21:04.899+0000] {processor.py:179} INFO - Processing /home/airflow/.local/lib/python3.8/site-packages/airflow/example_dags/example_branch_operator.py took 0.096 seconds
[2023-11-03T00:21:35.051+0000] {processor.py:157} INFO - Started process (PID=3528) to work on /home/airflow/.local/lib/python3.8/site-packages/airflow/example_dags/example_branch_operator.py
[2023-11-03T00:21:35.052+0000] {processor.py:829} INFO - Processing file /home/airflow/.local/lib/python3.8/site-packages/airflow/example_dags/example_branch_operator.py for tasks to queue
[2023-11-03T00:21:35.055+0000] {logging_mixin.py:151} INFO - [2023-11-03T00:21:35.054+0000] {dagbag.py:536} INFO - Filling up the DagBag from /home/airflow/.local/lib/python3.8/site-packages/airflow/example_dags/example_branch_operator.py
[2023-11-03T00:21:35.066+0000] {processor.py:839} INFO - DAG(s) dict_keys(['example_branch_operator']) retrieved from /home/airflow/.local/lib/python3.8/site-packages/airflow/example_dags/example_branch_operator.py
[2023-11-03T00:21:35.097+0000] {logging_mixin.py:151} INFO - [2023-11-03T00:21:35.096+0000] {dag.py:2941} INFO - Sync 1 DAGs
[2023-11-03T00:21:35.125+0000] {logging_mixin.py:151} INFO - [2023-11-03T00:21:35.125+0000] {dag.py:3722} INFO - Setting next_dagrun for example_branch_operator to 2023-11-02T00:00:00+00:00, run_after=2023-11-03T00:00:00+00:00
[2023-11-03T00:21:35.156+0000] {processor.py:179} INFO - Processing /home/airflow/.local/lib/python3.8/site-packages/airflow/example_dags/example_branch_operator.py took 0.108 seconds
[2023-11-03T00:22:05.510+0000] {processor.py:157} INFO - Started process (PID=3582) to work on /home/airflow/.local/lib/python3.8/site-packages/airflow/example_dags/example_branch_operator.py
[2023-11-03T00:22:05.512+0000] {processor.py:829} INFO - Processing file /home/airflow/.local/lib/python3.8/site-packages/airflow/example_dags/example_branch_operator.py for tasks to queue
[2023-11-03T00:22:05.514+0000] {logging_mixin.py:151} INFO - [2023-11-03T00:22:05.514+0000] {dagbag.py:536} INFO - Filling up the DagBag from /home/airflow/.local/lib/python3.8/site-packages/airflow/example_dags/example_branch_operator.py
[2023-11-03T00:22:05.524+0000] {processor.py:839} INFO - DAG(s) dict_keys(['example_branch_operator']) retrieved from /home/airflow/.local/lib/python3.8/site-packages/airflow/example_dags/example_branch_operator.py
[2023-11-03T00:22:05.550+0000] {logging_mixin.py:151} INFO - [2023-11-03T00:22:05.550+0000] {dag.py:2941} INFO - Sync 1 DAGs
[2023-11-03T00:22:05.578+0000] {logging_mixin.py:151} INFO - [2023-11-03T00:22:05.577+0000] {dag.py:3722} INFO - Setting next_dagrun for example_branch_operator to 2023-11-02T00:00:00+00:00, run_after=2023-11-03T00:00:00+00:00
[2023-11-03T00:22:05.602+0000] {processor.py:179} INFO - Processing /home/airflow/.local/lib/python3.8/site-packages/airflow/example_dags/example_branch_operator.py took 0.095 seconds
[2023-11-03T00:22:35.784+0000] {processor.py:157} INFO - Started process (PID=3636) to work on /home/airflow/.local/lib/python3.8/site-packages/airflow/example_dags/example_branch_operator.py
[2023-11-03T00:22:35.784+0000] {processor.py:829} INFO - Processing file /home/airflow/.local/lib/python3.8/site-packages/airflow/example_dags/example_branch_operator.py for tasks to queue
[2023-11-03T00:22:35.787+0000] {logging_mixin.py:151} INFO - [2023-11-03T00:22:35.787+0000] {dagbag.py:536} INFO - Filling up the DagBag from /home/airflow/.local/lib/python3.8/site-packages/airflow/example_dags/example_branch_operator.py
[2023-11-03T00:22:35.797+0000] {processor.py:839} INFO - DAG(s) dict_keys(['example_branch_operator']) retrieved from /home/airflow/.local/lib/python3.8/site-packages/airflow/example_dags/example_branch_operator.py
[2023-11-03T00:22:35.828+0000] {logging_mixin.py:151} INFO - [2023-11-03T00:22:35.828+0000] {dag.py:2941} INFO - Sync 1 DAGs
[2023-11-03T00:22:35.856+0000] {logging_mixin.py:151} INFO - [2023-11-03T00:22:35.856+0000] {dag.py:3722} INFO - Setting next_dagrun for example_branch_operator to 2023-11-02T00:00:00+00:00, run_after=2023-11-03T00:00:00+00:00
[2023-11-03T00:22:35.883+0000] {processor.py:179} INFO - Processing /home/airflow/.local/lib/python3.8/site-packages/airflow/example_dags/example_branch_operator.py took 0.103 seconds
[2023-11-03T00:23:06.276+0000] {processor.py:157} INFO - Started process (PID=3690) to work on /home/airflow/.local/lib/python3.8/site-packages/airflow/example_dags/example_branch_operator.py
[2023-11-03T00:23:06.277+0000] {processor.py:829} INFO - Processing file /home/airflow/.local/lib/python3.8/site-packages/airflow/example_dags/example_branch_operator.py for tasks to queue
[2023-11-03T00:23:06.279+0000] {logging_mixin.py:151} INFO - [2023-11-03T00:23:06.279+0000] {dagbag.py:536} INFO - Filling up the DagBag from /home/airflow/.local/lib/python3.8/site-packages/airflow/example_dags/example_branch_operator.py
[2023-11-03T00:23:06.288+0000] {processor.py:839} INFO - DAG(s) dict_keys(['example_branch_operator']) retrieved from /home/airflow/.local/lib/python3.8/site-packages/airflow/example_dags/example_branch_operator.py
[2023-11-03T00:23:06.315+0000] {logging_mixin.py:151} INFO - [2023-11-03T00:23:06.315+0000] {dag.py:2941} INFO - Sync 1 DAGs
[2023-11-03T00:23:06.341+0000] {logging_mixin.py:151} INFO - [2023-11-03T00:23:06.340+0000] {dag.py:3722} INFO - Setting next_dagrun for example_branch_operator to 2023-11-02T00:00:00+00:00, run_after=2023-11-03T00:00:00+00:00
[2023-11-03T00:23:06.366+0000] {processor.py:179} INFO - Processing /home/airflow/.local/lib/python3.8/site-packages/airflow/example_dags/example_branch_operator.py took 0.094 seconds
[2023-11-03T00:23:36.869+0000] {processor.py:157} INFO - Started process (PID=3744) to work on /home/airflow/.local/lib/python3.8/site-packages/airflow/example_dags/example_branch_operator.py
[2023-11-03T00:23:36.870+0000] {processor.py:829} INFO - Processing file /home/airflow/.local/lib/python3.8/site-packages/airflow/example_dags/example_branch_operator.py for tasks to queue
[2023-11-03T00:23:36.872+0000] {logging_mixin.py:151} INFO - [2023-11-03T00:23:36.872+0000] {dagbag.py:536} INFO - Filling up the DagBag from /home/airflow/.local/lib/python3.8/site-packages/airflow/example_dags/example_branch_operator.py
[2023-11-03T00:23:36.884+0000] {processor.py:839} INFO - DAG(s) dict_keys(['example_branch_operator']) retrieved from /home/airflow/.local/lib/python3.8/site-packages/airflow/example_dags/example_branch_operator.py
[2023-11-03T00:23:36.921+0000] {logging_mixin.py:151} INFO - [2023-11-03T00:23:36.921+0000] {dag.py:2941} INFO - Sync 1 DAGs
[2023-11-03T00:23:36.955+0000] {logging_mixin.py:151} INFO - [2023-11-03T00:23:36.955+0000] {dag.py:3722} INFO - Setting next_dagrun for example_branch_operator to 2023-11-02T00:00:00+00:00, run_after=2023-11-03T00:00:00+00:00
[2023-11-03T00:23:36.985+0000] {processor.py:179} INFO - Processing /home/airflow/.local/lib/python3.8/site-packages/airflow/example_dags/example_branch_operator.py took 0.122 seconds
[2023-11-03T00:24:07.058+0000] {processor.py:157} INFO - Started process (PID=3798) to work on /home/airflow/.local/lib/python3.8/site-packages/airflow/example_dags/example_branch_operator.py
[2023-11-03T00:24:07.060+0000] {processor.py:829} INFO - Processing file /home/airflow/.local/lib/python3.8/site-packages/airflow/example_dags/example_branch_operator.py for tasks to queue
[2023-11-03T00:24:07.063+0000] {logging_mixin.py:151} INFO - [2023-11-03T00:24:07.062+0000] {dagbag.py:536} INFO - Filling up the DagBag from /home/airflow/.local/lib/python3.8/site-packages/airflow/example_dags/example_branch_operator.py
[2023-11-03T00:24:07.072+0000] {processor.py:839} INFO - DAG(s) dict_keys(['example_branch_operator']) retrieved from /home/airflow/.local/lib/python3.8/site-packages/airflow/example_dags/example_branch_operator.py
[2023-11-03T00:24:07.105+0000] {logging_mixin.py:151} INFO - [2023-11-03T00:24:07.105+0000] {dag.py:2941} INFO - Sync 1 DAGs
[2023-11-03T00:24:07.137+0000] {logging_mixin.py:151} INFO - [2023-11-03T00:24:07.137+0000] {dag.py:3722} INFO - Setting next_dagrun for example_branch_operator to 2023-11-02T00:00:00+00:00, run_after=2023-11-03T00:00:00+00:00
[2023-11-03T00:24:07.163+0000] {processor.py:179} INFO - Processing /home/airflow/.local/lib/python3.8/site-packages/airflow/example_dags/example_branch_operator.py took 0.108 seconds
[2023-11-03T00:24:37.362+0000] {processor.py:157} INFO - Started process (PID=3853) to work on /home/airflow/.local/lib/python3.8/site-packages/airflow/example_dags/example_branch_operator.py
[2023-11-03T00:24:37.363+0000] {processor.py:829} INFO - Processing file /home/airflow/.local/lib/python3.8/site-packages/airflow/example_dags/example_branch_operator.py for tasks to queue
[2023-11-03T00:24:37.366+0000] {logging_mixin.py:151} INFO - [2023-11-03T00:24:37.365+0000] {dagbag.py:536} INFO - Filling up the DagBag from /home/airflow/.local/lib/python3.8/site-packages/airflow/example_dags/example_branch_operator.py
[2023-11-03T00:24:37.377+0000] {processor.py:839} INFO - DAG(s) dict_keys(['example_branch_operator']) retrieved from /home/airflow/.local/lib/python3.8/site-packages/airflow/example_dags/example_branch_operator.py
[2023-11-03T00:24:37.409+0000] {logging_mixin.py:151} INFO - [2023-11-03T00:24:37.408+0000] {dag.py:2941} INFO - Sync 1 DAGs
[2023-11-03T00:24:37.437+0000] {logging_mixin.py:151} INFO - [2023-11-03T00:24:37.436+0000] {dag.py:3722} INFO - Setting next_dagrun for example_branch_operator to 2023-11-02T00:00:00+00:00, run_after=2023-11-03T00:00:00+00:00
[2023-11-03T00:24:37.466+0000] {processor.py:179} INFO - Processing /home/airflow/.local/lib/python3.8/site-packages/airflow/example_dags/example_branch_operator.py took 0.107 seconds
[2023-11-03T00:25:07.514+0000] {processor.py:157} INFO - Started process (PID=3906) to work on /home/airflow/.local/lib/python3.8/site-packages/airflow/example_dags/example_branch_operator.py
[2023-11-03T00:25:07.515+0000] {processor.py:829} INFO - Processing file /home/airflow/.local/lib/python3.8/site-packages/airflow/example_dags/example_branch_operator.py for tasks to queue
[2023-11-03T00:25:07.517+0000] {logging_mixin.py:151} INFO - [2023-11-03T00:25:07.517+0000] {dagbag.py:536} INFO - Filling up the DagBag from /home/airflow/.local/lib/python3.8/site-packages/airflow/example_dags/example_branch_operator.py
[2023-11-03T00:25:07.528+0000] {processor.py:839} INFO - DAG(s) dict_keys(['example_branch_operator']) retrieved from /home/airflow/.local/lib/python3.8/site-packages/airflow/example_dags/example_branch_operator.py
[2023-11-03T00:25:07.560+0000] {logging_mixin.py:151} INFO - [2023-11-03T00:25:07.559+0000] {dag.py:2941} INFO - Sync 1 DAGs
[2023-11-03T00:25:07.587+0000] {logging_mixin.py:151} INFO - [2023-11-03T00:25:07.587+0000] {dag.py:3722} INFO - Setting next_dagrun for example_branch_operator to 2023-11-02T00:00:00+00:00, run_after=2023-11-03T00:00:00+00:00
[2023-11-03T00:25:07.613+0000] {processor.py:179} INFO - Processing /home/airflow/.local/lib/python3.8/site-packages/airflow/example_dags/example_branch_operator.py took 0.103 seconds
[2023-11-03T00:25:37.692+0000] {processor.py:157} INFO - Started process (PID=3960) to work on /home/airflow/.local/lib/python3.8/site-packages/airflow/example_dags/example_branch_operator.py
[2023-11-03T00:25:37.693+0000] {processor.py:829} INFO - Processing file /home/airflow/.local/lib/python3.8/site-packages/airflow/example_dags/example_branch_operator.py for tasks to queue
[2023-11-03T00:25:37.697+0000] {logging_mixin.py:151} INFO - [2023-11-03T00:25:37.697+0000] {dagbag.py:536} INFO - Filling up the DagBag from /home/airflow/.local/lib/python3.8/site-packages/airflow/example_dags/example_branch_operator.py
[2023-11-03T00:25:37.707+0000] {processor.py:839} INFO - DAG(s) dict_keys(['example_branch_operator']) retrieved from /home/airflow/.local/lib/python3.8/site-packages/airflow/example_dags/example_branch_operator.py
[2023-11-03T00:25:37.744+0000] {logging_mixin.py:151} INFO - [2023-11-03T00:25:37.744+0000] {dag.py:2941} INFO - Sync 1 DAGs
[2023-11-03T00:25:37.772+0000] {logging_mixin.py:151} INFO - [2023-11-03T00:25:37.772+0000] {dag.py:3722} INFO - Setting next_dagrun for example_branch_operator to 2023-11-02T00:00:00+00:00, run_after=2023-11-03T00:00:00+00:00
[2023-11-03T00:25:37.803+0000] {processor.py:179} INFO - Processing /home/airflow/.local/lib/python3.8/site-packages/airflow/example_dags/example_branch_operator.py took 0.115 seconds
[2023-11-03T00:26:08.040+0000] {processor.py:157} INFO - Started process (PID=4014) to work on /home/airflow/.local/lib/python3.8/site-packages/airflow/example_dags/example_branch_operator.py
[2023-11-03T00:26:08.042+0000] {processor.py:829} INFO - Processing file /home/airflow/.local/lib/python3.8/site-packages/airflow/example_dags/example_branch_operator.py for tasks to queue
[2023-11-03T00:26:08.044+0000] {logging_mixin.py:151} INFO - [2023-11-03T00:26:08.043+0000] {dagbag.py:536} INFO - Filling up the DagBag from /home/airflow/.local/lib/python3.8/site-packages/airflow/example_dags/example_branch_operator.py
[2023-11-03T00:26:08.052+0000] {processor.py:839} INFO - DAG(s) dict_keys(['example_branch_operator']) retrieved from /home/airflow/.local/lib/python3.8/site-packages/airflow/example_dags/example_branch_operator.py
[2023-11-03T00:26:08.079+0000] {logging_mixin.py:151} INFO - [2023-11-03T00:26:08.079+0000] {dag.py:2941} INFO - Sync 1 DAGs
[2023-11-03T00:26:08.104+0000] {logging_mixin.py:151} INFO - [2023-11-03T00:26:08.104+0000] {dag.py:3722} INFO - Setting next_dagrun for example_branch_operator to 2023-11-02T00:00:00+00:00, run_after=2023-11-03T00:00:00+00:00
[2023-11-03T00:26:08.132+0000] {processor.py:179} INFO - Processing /home/airflow/.local/lib/python3.8/site-packages/airflow/example_dags/example_branch_operator.py took 0.095 seconds
[2023-11-03T00:26:38.240+0000] {processor.py:157} INFO - Started process (PID=4068) to work on /home/airflow/.local/lib/python3.8/site-packages/airflow/example_dags/example_branch_operator.py
[2023-11-03T00:26:38.241+0000] {processor.py:829} INFO - Processing file /home/airflow/.local/lib/python3.8/site-packages/airflow/example_dags/example_branch_operator.py for tasks to queue
[2023-11-03T00:26:38.243+0000] {logging_mixin.py:151} INFO - [2023-11-03T00:26:38.243+0000] {dagbag.py:536} INFO - Filling up the DagBag from /home/airflow/.local/lib/python3.8/site-packages/airflow/example_dags/example_branch_operator.py
[2023-11-03T00:26:38.252+0000] {processor.py:839} INFO - DAG(s) dict_keys(['example_branch_operator']) retrieved from /home/airflow/.local/lib/python3.8/site-packages/airflow/example_dags/example_branch_operator.py
[2023-11-03T00:26:38.277+0000] {logging_mixin.py:151} INFO - [2023-11-03T00:26:38.276+0000] {dag.py:2941} INFO - Sync 1 DAGs
[2023-11-03T00:26:38.302+0000] {logging_mixin.py:151} INFO - [2023-11-03T00:26:38.302+0000] {dag.py:3722} INFO - Setting next_dagrun for example_branch_operator to 2023-11-02T00:00:00+00:00, run_after=2023-11-03T00:00:00+00:00
[2023-11-03T00:26:38.328+0000] {processor.py:179} INFO - Processing /home/airflow/.local/lib/python3.8/site-packages/airflow/example_dags/example_branch_operator.py took 0.091 seconds
[2023-11-03T00:27:08.403+0000] {processor.py:157} INFO - Started process (PID=4122) to work on /home/airflow/.local/lib/python3.8/site-packages/airflow/example_dags/example_branch_operator.py
[2023-11-03T00:27:08.405+0000] {processor.py:829} INFO - Processing file /home/airflow/.local/lib/python3.8/site-packages/airflow/example_dags/example_branch_operator.py for tasks to queue
[2023-11-03T00:27:08.407+0000] {logging_mixin.py:151} INFO - [2023-11-03T00:27:08.407+0000] {dagbag.py:536} INFO - Filling up the DagBag from /home/airflow/.local/lib/python3.8/site-packages/airflow/example_dags/example_branch_operator.py
[2023-11-03T00:27:08.415+0000] {processor.py:839} INFO - DAG(s) dict_keys(['example_branch_operator']) retrieved from /home/airflow/.local/lib/python3.8/site-packages/airflow/example_dags/example_branch_operator.py
[2023-11-03T00:27:08.443+0000] {logging_mixin.py:151} INFO - [2023-11-03T00:27:08.442+0000] {dag.py:2941} INFO - Sync 1 DAGs
[2023-11-03T00:27:08.468+0000] {logging_mixin.py:151} INFO - [2023-11-03T00:27:08.468+0000] {dag.py:3722} INFO - Setting next_dagrun for example_branch_operator to 2023-11-02T00:00:00+00:00, run_after=2023-11-03T00:00:00+00:00
[2023-11-03T00:27:08.493+0000] {processor.py:179} INFO - Processing /home/airflow/.local/lib/python3.8/site-packages/airflow/example_dags/example_branch_operator.py took 0.092 seconds
[2023-11-03T00:27:38.585+0000] {processor.py:157} INFO - Started process (PID=4176) to work on /home/airflow/.local/lib/python3.8/site-packages/airflow/example_dags/example_branch_operator.py
[2023-11-03T00:27:38.586+0000] {processor.py:829} INFO - Processing file /home/airflow/.local/lib/python3.8/site-packages/airflow/example_dags/example_branch_operator.py for tasks to queue
[2023-11-03T00:27:38.588+0000] {logging_mixin.py:151} INFO - [2023-11-03T00:27:38.588+0000] {dagbag.py:536} INFO - Filling up the DagBag from /home/airflow/.local/lib/python3.8/site-packages/airflow/example_dags/example_branch_operator.py
[2023-11-03T00:27:38.597+0000] {processor.py:839} INFO - DAG(s) dict_keys(['example_branch_operator']) retrieved from /home/airflow/.local/lib/python3.8/site-packages/airflow/example_dags/example_branch_operator.py
[2023-11-03T00:27:38.623+0000] {logging_mixin.py:151} INFO - [2023-11-03T00:27:38.623+0000] {dag.py:2941} INFO - Sync 1 DAGs
[2023-11-03T00:27:38.646+0000] {logging_mixin.py:151} INFO - [2023-11-03T00:27:38.646+0000] {dag.py:3722} INFO - Setting next_dagrun for example_branch_operator to 2023-11-02T00:00:00+00:00, run_after=2023-11-03T00:00:00+00:00
[2023-11-03T00:27:38.669+0000] {processor.py:179} INFO - Processing /home/airflow/.local/lib/python3.8/site-packages/airflow/example_dags/example_branch_operator.py took 0.087 seconds
[2023-11-03T00:28:08.770+0000] {processor.py:157} INFO - Started process (PID=4230) to work on /home/airflow/.local/lib/python3.8/site-packages/airflow/example_dags/example_branch_operator.py
[2023-11-03T00:28:08.772+0000] {processor.py:829} INFO - Processing file /home/airflow/.local/lib/python3.8/site-packages/airflow/example_dags/example_branch_operator.py for tasks to queue
[2023-11-03T00:28:08.774+0000] {logging_mixin.py:151} INFO - [2023-11-03T00:28:08.774+0000] {dagbag.py:536} INFO - Filling up the DagBag from /home/airflow/.local/lib/python3.8/site-packages/airflow/example_dags/example_branch_operator.py
[2023-11-03T00:28:08.783+0000] {processor.py:839} INFO - DAG(s) dict_keys(['example_branch_operator']) retrieved from /home/airflow/.local/lib/python3.8/site-packages/airflow/example_dags/example_branch_operator.py
[2023-11-03T00:28:08.808+0000] {logging_mixin.py:151} INFO - [2023-11-03T00:28:08.808+0000] {dag.py:2941} INFO - Sync 1 DAGs
[2023-11-03T00:28:08.833+0000] {logging_mixin.py:151} INFO - [2023-11-03T00:28:08.832+0000] {dag.py:3722} INFO - Setting next_dagrun for example_branch_operator to 2023-11-02T00:00:00+00:00, run_after=2023-11-03T00:00:00+00:00
[2023-11-03T00:28:08.857+0000] {processor.py:179} INFO - Processing /home/airflow/.local/lib/python3.8/site-packages/airflow/example_dags/example_branch_operator.py took 0.090 seconds
[2023-11-03T00:28:38.975+0000] {processor.py:157} INFO - Started process (PID=4284) to work on /home/airflow/.local/lib/python3.8/site-packages/airflow/example_dags/example_branch_operator.py
[2023-11-03T00:28:38.976+0000] {processor.py:829} INFO - Processing file /home/airflow/.local/lib/python3.8/site-packages/airflow/example_dags/example_branch_operator.py for tasks to queue
[2023-11-03T00:28:38.979+0000] {logging_mixin.py:151} INFO - [2023-11-03T00:28:38.978+0000] {dagbag.py:536} INFO - Filling up the DagBag from /home/airflow/.local/lib/python3.8/site-packages/airflow/example_dags/example_branch_operator.py
[2023-11-03T00:28:38.990+0000] {processor.py:839} INFO - DAG(s) dict_keys(['example_branch_operator']) retrieved from /home/airflow/.local/lib/python3.8/site-packages/airflow/example_dags/example_branch_operator.py
[2023-11-03T00:28:39.018+0000] {logging_mixin.py:151} INFO - [2023-11-03T00:28:39.018+0000] {dag.py:2941} INFO - Sync 1 DAGs
[2023-11-03T00:28:39.049+0000] {logging_mixin.py:151} INFO - [2023-11-03T00:28:39.049+0000] {dag.py:3722} INFO - Setting next_dagrun for example_branch_operator to 2023-11-02T00:00:00+00:00, run_after=2023-11-03T00:00:00+00:00
[2023-11-03T00:28:39.076+0000] {processor.py:179} INFO - Processing /home/airflow/.local/lib/python3.8/site-packages/airflow/example_dags/example_branch_operator.py took 0.105 seconds
[2023-11-03T00:29:09.142+0000] {processor.py:157} INFO - Started process (PID=4339) to work on /home/airflow/.local/lib/python3.8/site-packages/airflow/example_dags/example_branch_operator.py
[2023-11-03T00:29:09.143+0000] {processor.py:829} INFO - Processing file /home/airflow/.local/lib/python3.8/site-packages/airflow/example_dags/example_branch_operator.py for tasks to queue
[2023-11-03T00:29:09.144+0000] {logging_mixin.py:151} INFO - [2023-11-03T00:29:09.144+0000] {dagbag.py:536} INFO - Filling up the DagBag from /home/airflow/.local/lib/python3.8/site-packages/airflow/example_dags/example_branch_operator.py
[2023-11-03T00:29:09.153+0000] {processor.py:839} INFO - DAG(s) dict_keys(['example_branch_operator']) retrieved from /home/airflow/.local/lib/python3.8/site-packages/airflow/example_dags/example_branch_operator.py
[2023-11-03T00:29:09.180+0000] {logging_mixin.py:151} INFO - [2023-11-03T00:29:09.180+0000] {dag.py:2941} INFO - Sync 1 DAGs
[2023-11-03T00:29:09.205+0000] {logging_mixin.py:151} INFO - [2023-11-03T00:29:09.205+0000] {dag.py:3722} INFO - Setting next_dagrun for example_branch_operator to 2023-11-02T00:00:00+00:00, run_after=2023-11-03T00:00:00+00:00
[2023-11-03T00:29:09.226+0000] {processor.py:179} INFO - Processing /home/airflow/.local/lib/python3.8/site-packages/airflow/example_dags/example_branch_operator.py took 0.087 seconds
[2023-11-03T00:29:39.416+0000] {processor.py:157} INFO - Started process (PID=4393) to work on /home/airflow/.local/lib/python3.8/site-packages/airflow/example_dags/example_branch_operator.py
[2023-11-03T00:29:39.417+0000] {processor.py:829} INFO - Processing file /home/airflow/.local/lib/python3.8/site-packages/airflow/example_dags/example_branch_operator.py for tasks to queue
[2023-11-03T00:29:39.419+0000] {logging_mixin.py:151} INFO - [2023-11-03T00:29:39.419+0000] {dagbag.py:536} INFO - Filling up the DagBag from /home/airflow/.local/lib/python3.8/site-packages/airflow/example_dags/example_branch_operator.py
[2023-11-03T00:29:39.428+0000] {processor.py:839} INFO - DAG(s) dict_keys(['example_branch_operator']) retrieved from /home/airflow/.local/lib/python3.8/site-packages/airflow/example_dags/example_branch_operator.py
[2023-11-03T00:29:39.454+0000] {logging_mixin.py:151} INFO - [2023-11-03T00:29:39.454+0000] {dag.py:2941} INFO - Sync 1 DAGs
[2023-11-03T00:29:39.480+0000] {logging_mixin.py:151} INFO - [2023-11-03T00:29:39.480+0000] {dag.py:3722} INFO - Setting next_dagrun for example_branch_operator to 2023-11-02T00:00:00+00:00, run_after=2023-11-03T00:00:00+00:00
[2023-11-03T00:29:39.505+0000] {processor.py:179} INFO - Processing /home/airflow/.local/lib/python3.8/site-packages/airflow/example_dags/example_branch_operator.py took 0.092 seconds
[2023-11-03T00:30:09.795+0000] {processor.py:157} INFO - Started process (PID=4446) to work on /home/airflow/.local/lib/python3.8/site-packages/airflow/example_dags/example_branch_operator.py
[2023-11-03T00:30:09.796+0000] {processor.py:829} INFO - Processing file /home/airflow/.local/lib/python3.8/site-packages/airflow/example_dags/example_branch_operator.py for tasks to queue
[2023-11-03T00:30:09.799+0000] {logging_mixin.py:151} INFO - [2023-11-03T00:30:09.799+0000] {dagbag.py:536} INFO - Filling up the DagBag from /home/airflow/.local/lib/python3.8/site-packages/airflow/example_dags/example_branch_operator.py
[2023-11-03T00:30:09.810+0000] {processor.py:839} INFO - DAG(s) dict_keys(['example_branch_operator']) retrieved from /home/airflow/.local/lib/python3.8/site-packages/airflow/example_dags/example_branch_operator.py
[2023-11-03T00:30:09.839+0000] {logging_mixin.py:151} INFO - [2023-11-03T00:30:09.839+0000] {dag.py:2941} INFO - Sync 1 DAGs
[2023-11-03T00:30:09.869+0000] {logging_mixin.py:151} INFO - [2023-11-03T00:30:09.869+0000] {dag.py:3722} INFO - Setting next_dagrun for example_branch_operator to 2023-11-02T00:00:00+00:00, run_after=2023-11-03T00:00:00+00:00
[2023-11-03T00:30:09.896+0000] {processor.py:179} INFO - Processing /home/airflow/.local/lib/python3.8/site-packages/airflow/example_dags/example_branch_operator.py took 0.105 seconds
[2023-11-03T00:30:40.614+0000] {processor.py:157} INFO - Started process (PID=4500) to work on /home/airflow/.local/lib/python3.8/site-packages/airflow/example_dags/example_branch_operator.py
[2023-11-03T00:30:40.615+0000] {processor.py:829} INFO - Processing file /home/airflow/.local/lib/python3.8/site-packages/airflow/example_dags/example_branch_operator.py for tasks to queue
[2023-11-03T00:30:40.618+0000] {logging_mixin.py:151} INFO - [2023-11-03T00:30:40.618+0000] {dagbag.py:536} INFO - Filling up the DagBag from /home/airflow/.local/lib/python3.8/site-packages/airflow/example_dags/example_branch_operator.py
[2023-11-03T00:30:40.628+0000] {processor.py:839} INFO - DAG(s) dict_keys(['example_branch_operator']) retrieved from /home/airflow/.local/lib/python3.8/site-packages/airflow/example_dags/example_branch_operator.py
[2023-11-03T00:30:40.656+0000] {logging_mixin.py:151} INFO - [2023-11-03T00:30:40.656+0000] {dag.py:2941} INFO - Sync 1 DAGs
[2023-11-03T00:30:40.683+0000] {logging_mixin.py:151} INFO - [2023-11-03T00:30:40.683+0000] {dag.py:3722} INFO - Setting next_dagrun for example_branch_operator to 2023-11-02T00:00:00+00:00, run_after=2023-11-03T00:00:00+00:00
[2023-11-03T00:30:40.714+0000] {processor.py:179} INFO - Processing /home/airflow/.local/lib/python3.8/site-packages/airflow/example_dags/example_branch_operator.py took 0.103 seconds
