[2023-11-03T00:00:08.631+0000] {processor.py:157} INFO - Started process (PID=1234) to work on /home/airflow/.local/lib/python3.8/site-packages/airflow/example_dags/example_task_group.py
[2023-11-03T00:00:08.632+0000] {processor.py:829} INFO - Processing file /home/airflow/.local/lib/python3.8/site-packages/airflow/example_dags/example_task_group.py for tasks to queue
[2023-11-03T00:00:08.634+0000] {logging_mixin.py:151} INFO - [2023-11-03T00:00:08.634+0000] {dagbag.py:536} INFO - Filling up the DagBag from /home/airflow/.local/lib/python3.8/site-packages/airflow/example_dags/example_task_group.py
[2023-11-03T00:00:08.641+0000] {processor.py:839} INFO - DAG(s) dict_keys(['example_task_group']) retrieved from /home/airflow/.local/lib/python3.8/site-packages/airflow/example_dags/example_task_group.py
[2023-11-03T00:00:08.668+0000] {logging_mixin.py:151} INFO - [2023-11-03T00:00:08.668+0000] {dag.py:2941} INFO - Sync 1 DAGs
[2023-11-03T00:00:08.695+0000] {logging_mixin.py:151} INFO - [2023-11-03T00:00:08.694+0000] {dag.py:3722} INFO - Setting next_dagrun for example_task_group to 2023-11-02T00:00:08.694584+00:00, run_after=2023-11-03T00:00:08.694584+00:00
[2023-11-03T00:00:08.723+0000] {processor.py:179} INFO - Processing /home/airflow/.local/lib/python3.8/site-packages/airflow/example_dags/example_task_group.py took 0.096 seconds
[2023-11-03T00:00:39.455+0000] {processor.py:157} INFO - Started process (PID=1288) to work on /home/airflow/.local/lib/python3.8/site-packages/airflow/example_dags/example_task_group.py
[2023-11-03T00:00:39.456+0000] {processor.py:829} INFO - Processing file /home/airflow/.local/lib/python3.8/site-packages/airflow/example_dags/example_task_group.py for tasks to queue
[2023-11-03T00:00:39.459+0000] {logging_mixin.py:151} INFO - [2023-11-03T00:00:39.459+0000] {dagbag.py:536} INFO - Filling up the DagBag from /home/airflow/.local/lib/python3.8/site-packages/airflow/example_dags/example_task_group.py
[2023-11-03T00:00:39.468+0000] {processor.py:839} INFO - DAG(s) dict_keys(['example_task_group']) retrieved from /home/airflow/.local/lib/python3.8/site-packages/airflow/example_dags/example_task_group.py
[2023-11-03T00:00:39.518+0000] {logging_mixin.py:151} INFO - [2023-11-03T00:00:39.518+0000] {dag.py:2941} INFO - Sync 1 DAGs
[2023-11-03T00:00:39.572+0000] {logging_mixin.py:151} INFO - [2023-11-03T00:00:39.571+0000] {dag.py:3722} INFO - Setting next_dagrun for example_task_group to 2023-11-02T00:00:39.570490+00:00, run_after=2023-11-03T00:00:39.570490+00:00
[2023-11-03T00:00:39.649+0000] {processor.py:179} INFO - Processing /home/airflow/.local/lib/python3.8/site-packages/airflow/example_dags/example_task_group.py took 0.198 seconds
[2023-11-03T00:01:10.593+0000] {processor.py:157} INFO - Started process (PID=1342) to work on /home/airflow/.local/lib/python3.8/site-packages/airflow/example_dags/example_task_group.py
[2023-11-03T00:01:10.594+0000] {processor.py:829} INFO - Processing file /home/airflow/.local/lib/python3.8/site-packages/airflow/example_dags/example_task_group.py for tasks to queue
[2023-11-03T00:01:10.597+0000] {logging_mixin.py:151} INFO - [2023-11-03T00:01:10.596+0000] {dagbag.py:536} INFO - Filling up the DagBag from /home/airflow/.local/lib/python3.8/site-packages/airflow/example_dags/example_task_group.py
[2023-11-03T00:01:10.604+0000] {processor.py:839} INFO - DAG(s) dict_keys(['example_task_group']) retrieved from /home/airflow/.local/lib/python3.8/site-packages/airflow/example_dags/example_task_group.py
[2023-11-03T00:01:10.635+0000] {logging_mixin.py:151} INFO - [2023-11-03T00:01:10.635+0000] {dag.py:2941} INFO - Sync 1 DAGs
[2023-11-03T00:01:10.659+0000] {logging_mixin.py:151} INFO - [2023-11-03T00:01:10.659+0000] {dag.py:3722} INFO - Setting next_dagrun for example_task_group to 2023-11-02T00:01:10.658967+00:00, run_after=2023-11-03T00:01:10.658967+00:00
[2023-11-03T00:01:10.688+0000] {processor.py:179} INFO - Processing /home/airflow/.local/lib/python3.8/site-packages/airflow/example_dags/example_task_group.py took 0.099 seconds
[2023-11-03T00:01:40.899+0000] {processor.py:157} INFO - Started process (PID=1396) to work on /home/airflow/.local/lib/python3.8/site-packages/airflow/example_dags/example_task_group.py
[2023-11-03T00:01:40.900+0000] {processor.py:829} INFO - Processing file /home/airflow/.local/lib/python3.8/site-packages/airflow/example_dags/example_task_group.py for tasks to queue
[2023-11-03T00:01:40.903+0000] {logging_mixin.py:151} INFO - [2023-11-03T00:01:40.903+0000] {dagbag.py:536} INFO - Filling up the DagBag from /home/airflow/.local/lib/python3.8/site-packages/airflow/example_dags/example_task_group.py
[2023-11-03T00:01:40.910+0000] {processor.py:839} INFO - DAG(s) dict_keys(['example_task_group']) retrieved from /home/airflow/.local/lib/python3.8/site-packages/airflow/example_dags/example_task_group.py
[2023-11-03T00:01:40.941+0000] {logging_mixin.py:151} INFO - [2023-11-03T00:01:40.940+0000] {dag.py:2941} INFO - Sync 1 DAGs
[2023-11-03T00:01:40.968+0000] {logging_mixin.py:151} INFO - [2023-11-03T00:01:40.967+0000] {dag.py:3722} INFO - Setting next_dagrun for example_task_group to 2023-11-02T00:01:40.967542+00:00, run_after=2023-11-03T00:01:40.967542+00:00
[2023-11-03T00:01:40.996+0000] {processor.py:179} INFO - Processing /home/airflow/.local/lib/python3.8/site-packages/airflow/example_dags/example_task_group.py took 0.100 seconds
[2023-11-03T00:02:11.788+0000] {processor.py:157} INFO - Started process (PID=1450) to work on /home/airflow/.local/lib/python3.8/site-packages/airflow/example_dags/example_task_group.py
[2023-11-03T00:02:11.790+0000] {processor.py:829} INFO - Processing file /home/airflow/.local/lib/python3.8/site-packages/airflow/example_dags/example_task_group.py for tasks to queue
[2023-11-03T00:02:11.793+0000] {logging_mixin.py:151} INFO - [2023-11-03T00:02:11.792+0000] {dagbag.py:536} INFO - Filling up the DagBag from /home/airflow/.local/lib/python3.8/site-packages/airflow/example_dags/example_task_group.py
[2023-11-03T00:02:11.800+0000] {processor.py:839} INFO - DAG(s) dict_keys(['example_task_group']) retrieved from /home/airflow/.local/lib/python3.8/site-packages/airflow/example_dags/example_task_group.py
[2023-11-03T00:02:11.827+0000] {logging_mixin.py:151} INFO - [2023-11-03T00:02:11.826+0000] {dag.py:2941} INFO - Sync 1 DAGs
[2023-11-03T00:02:11.852+0000] {logging_mixin.py:151} INFO - [2023-11-03T00:02:11.852+0000] {dag.py:3722} INFO - Setting next_dagrun for example_task_group to 2023-11-02T00:02:11.852400+00:00, run_after=2023-11-03T00:02:11.852400+00:00
[2023-11-03T00:02:11.879+0000] {processor.py:179} INFO - Processing /home/airflow/.local/lib/python3.8/site-packages/airflow/example_dags/example_task_group.py took 0.095 seconds
[2023-11-03T00:02:42.093+0000] {processor.py:157} INFO - Started process (PID=1504) to work on /home/airflow/.local/lib/python3.8/site-packages/airflow/example_dags/example_task_group.py
[2023-11-03T00:02:42.096+0000] {processor.py:829} INFO - Processing file /home/airflow/.local/lib/python3.8/site-packages/airflow/example_dags/example_task_group.py for tasks to queue
[2023-11-03T00:02:42.100+0000] {logging_mixin.py:151} INFO - [2023-11-03T00:02:42.099+0000] {dagbag.py:536} INFO - Filling up the DagBag from /home/airflow/.local/lib/python3.8/site-packages/airflow/example_dags/example_task_group.py
[2023-11-03T00:02:42.109+0000] {processor.py:839} INFO - DAG(s) dict_keys(['example_task_group']) retrieved from /home/airflow/.local/lib/python3.8/site-packages/airflow/example_dags/example_task_group.py
[2023-11-03T00:02:42.133+0000] {logging_mixin.py:151} INFO - [2023-11-03T00:02:42.133+0000] {dag.py:2941} INFO - Sync 1 DAGs
[2023-11-03T00:02:42.159+0000] {logging_mixin.py:151} INFO - [2023-11-03T00:02:42.158+0000] {dag.py:3722} INFO - Setting next_dagrun for example_task_group to 2023-11-02T00:02:42.158605+00:00, run_after=2023-11-03T00:02:42.158605+00:00
[2023-11-03T00:02:42.189+0000] {processor.py:179} INFO - Processing /home/airflow/.local/lib/python3.8/site-packages/airflow/example_dags/example_task_group.py took 0.100 seconds
[2023-11-03T00:03:12.562+0000] {processor.py:157} INFO - Started process (PID=1558) to work on /home/airflow/.local/lib/python3.8/site-packages/airflow/example_dags/example_task_group.py
[2023-11-03T00:03:12.564+0000] {processor.py:829} INFO - Processing file /home/airflow/.local/lib/python3.8/site-packages/airflow/example_dags/example_task_group.py for tasks to queue
[2023-11-03T00:03:12.566+0000] {logging_mixin.py:151} INFO - [2023-11-03T00:03:12.566+0000] {dagbag.py:536} INFO - Filling up the DagBag from /home/airflow/.local/lib/python3.8/site-packages/airflow/example_dags/example_task_group.py
[2023-11-03T00:03:12.573+0000] {processor.py:839} INFO - DAG(s) dict_keys(['example_task_group']) retrieved from /home/airflow/.local/lib/python3.8/site-packages/airflow/example_dags/example_task_group.py
[2023-11-03T00:03:12.607+0000] {logging_mixin.py:151} INFO - [2023-11-03T00:03:12.607+0000] {dag.py:2941} INFO - Sync 1 DAGs
[2023-11-03T00:03:12.636+0000] {logging_mixin.py:151} INFO - [2023-11-03T00:03:12.635+0000] {dag.py:3722} INFO - Setting next_dagrun for example_task_group to 2023-11-02T00:03:12.635083+00:00, run_after=2023-11-03T00:03:12.635083+00:00
[2023-11-03T00:03:12.670+0000] {processor.py:179} INFO - Processing /home/airflow/.local/lib/python3.8/site-packages/airflow/example_dags/example_task_group.py took 0.111 seconds
[2023-11-03T00:03:43.242+0000] {processor.py:157} INFO - Started process (PID=1612) to work on /home/airflow/.local/lib/python3.8/site-packages/airflow/example_dags/example_task_group.py
[2023-11-03T00:03:43.244+0000] {processor.py:829} INFO - Processing file /home/airflow/.local/lib/python3.8/site-packages/airflow/example_dags/example_task_group.py for tasks to queue
[2023-11-03T00:03:43.247+0000] {logging_mixin.py:151} INFO - [2023-11-03T00:03:43.246+0000] {dagbag.py:536} INFO - Filling up the DagBag from /home/airflow/.local/lib/python3.8/site-packages/airflow/example_dags/example_task_group.py
[2023-11-03T00:03:43.254+0000] {processor.py:839} INFO - DAG(s) dict_keys(['example_task_group']) retrieved from /home/airflow/.local/lib/python3.8/site-packages/airflow/example_dags/example_task_group.py
[2023-11-03T00:03:43.287+0000] {logging_mixin.py:151} INFO - [2023-11-03T00:03:43.287+0000] {dag.py:2941} INFO - Sync 1 DAGs
[2023-11-03T00:03:43.316+0000] {logging_mixin.py:151} INFO - [2023-11-03T00:03:43.316+0000] {dag.py:3722} INFO - Setting next_dagrun for example_task_group to 2023-11-02T00:03:43.316536+00:00, run_after=2023-11-03T00:03:43.316536+00:00
[2023-11-03T00:03:43.347+0000] {processor.py:179} INFO - Processing /home/airflow/.local/lib/python3.8/site-packages/airflow/example_dags/example_task_group.py took 0.108 seconds
[2023-11-03T00:04:13.665+0000] {processor.py:157} INFO - Started process (PID=1665) to work on /home/airflow/.local/lib/python3.8/site-packages/airflow/example_dags/example_task_group.py
[2023-11-03T00:04:13.667+0000] {processor.py:829} INFO - Processing file /home/airflow/.local/lib/python3.8/site-packages/airflow/example_dags/example_task_group.py for tasks to queue
[2023-11-03T00:04:13.669+0000] {logging_mixin.py:151} INFO - [2023-11-03T00:04:13.669+0000] {dagbag.py:536} INFO - Filling up the DagBag from /home/airflow/.local/lib/python3.8/site-packages/airflow/example_dags/example_task_group.py
[2023-11-03T00:04:13.676+0000] {processor.py:839} INFO - DAG(s) dict_keys(['example_task_group']) retrieved from /home/airflow/.local/lib/python3.8/site-packages/airflow/example_dags/example_task_group.py
[2023-11-03T00:04:13.708+0000] {logging_mixin.py:151} INFO - [2023-11-03T00:04:13.707+0000] {dag.py:2941} INFO - Sync 1 DAGs
[2023-11-03T00:04:13.734+0000] {logging_mixin.py:151} INFO - [2023-11-03T00:04:13.733+0000] {dag.py:3722} INFO - Setting next_dagrun for example_task_group to 2023-11-02T00:04:13.733572+00:00, run_after=2023-11-03T00:04:13.733572+00:00
[2023-11-03T00:04:13.763+0000] {processor.py:179} INFO - Processing /home/airflow/.local/lib/python3.8/site-packages/airflow/example_dags/example_task_group.py took 0.101 seconds
[2023-11-03T00:04:44.082+0000] {processor.py:157} INFO - Started process (PID=1719) to work on /home/airflow/.local/lib/python3.8/site-packages/airflow/example_dags/example_task_group.py
[2023-11-03T00:04:44.083+0000] {processor.py:829} INFO - Processing file /home/airflow/.local/lib/python3.8/site-packages/airflow/example_dags/example_task_group.py for tasks to queue
[2023-11-03T00:04:44.086+0000] {logging_mixin.py:151} INFO - [2023-11-03T00:04:44.086+0000] {dagbag.py:536} INFO - Filling up the DagBag from /home/airflow/.local/lib/python3.8/site-packages/airflow/example_dags/example_task_group.py
[2023-11-03T00:04:44.093+0000] {processor.py:839} INFO - DAG(s) dict_keys(['example_task_group']) retrieved from /home/airflow/.local/lib/python3.8/site-packages/airflow/example_dags/example_task_group.py
[2023-11-03T00:04:44.121+0000] {logging_mixin.py:151} INFO - [2023-11-03T00:04:44.121+0000] {dag.py:2941} INFO - Sync 1 DAGs
[2023-11-03T00:04:44.147+0000] {logging_mixin.py:151} INFO - [2023-11-03T00:04:44.147+0000] {dag.py:3722} INFO - Setting next_dagrun for example_task_group to 2023-11-02T00:04:44.147360+00:00, run_after=2023-11-03T00:04:44.147360+00:00
[2023-11-03T00:04:44.179+0000] {processor.py:179} INFO - Processing /home/airflow/.local/lib/python3.8/site-packages/airflow/example_dags/example_task_group.py took 0.100 seconds
[2023-11-03T00:05:14.928+0000] {processor.py:157} INFO - Started process (PID=1773) to work on /home/airflow/.local/lib/python3.8/site-packages/airflow/example_dags/example_task_group.py
[2023-11-03T00:05:14.929+0000] {processor.py:829} INFO - Processing file /home/airflow/.local/lib/python3.8/site-packages/airflow/example_dags/example_task_group.py for tasks to queue
[2023-11-03T00:05:14.933+0000] {logging_mixin.py:151} INFO - [2023-11-03T00:05:14.932+0000] {dagbag.py:536} INFO - Filling up the DagBag from /home/airflow/.local/lib/python3.8/site-packages/airflow/example_dags/example_task_group.py
[2023-11-03T00:05:14.941+0000] {processor.py:839} INFO - DAG(s) dict_keys(['example_task_group']) retrieved from /home/airflow/.local/lib/python3.8/site-packages/airflow/example_dags/example_task_group.py
[2023-11-03T00:05:14.988+0000] {logging_mixin.py:151} INFO - [2023-11-03T00:05:14.988+0000] {dag.py:2941} INFO - Sync 1 DAGs
[2023-11-03T00:05:15.019+0000] {logging_mixin.py:151} INFO - [2023-11-03T00:05:15.019+0000] {dag.py:3722} INFO - Setting next_dagrun for example_task_group to 2023-11-02T00:05:15.019456+00:00, run_after=2023-11-03T00:05:15.019456+00:00
[2023-11-03T00:05:15.068+0000] {processor.py:179} INFO - Processing /home/airflow/.local/lib/python3.8/site-packages/airflow/example_dags/example_task_group.py took 0.144 seconds
[2023-11-03T00:05:45.130+0000] {processor.py:157} INFO - Started process (PID=1827) to work on /home/airflow/.local/lib/python3.8/site-packages/airflow/example_dags/example_task_group.py
[2023-11-03T00:05:45.131+0000] {processor.py:829} INFO - Processing file /home/airflow/.local/lib/python3.8/site-packages/airflow/example_dags/example_task_group.py for tasks to queue
[2023-11-03T00:05:45.134+0000] {logging_mixin.py:151} INFO - [2023-11-03T00:05:45.133+0000] {dagbag.py:536} INFO - Filling up the DagBag from /home/airflow/.local/lib/python3.8/site-packages/airflow/example_dags/example_task_group.py
[2023-11-03T00:05:45.141+0000] {processor.py:839} INFO - DAG(s) dict_keys(['example_task_group']) retrieved from /home/airflow/.local/lib/python3.8/site-packages/airflow/example_dags/example_task_group.py
[2023-11-03T00:05:45.172+0000] {logging_mixin.py:151} INFO - [2023-11-03T00:05:45.172+0000] {dag.py:2941} INFO - Sync 1 DAGs
[2023-11-03T00:05:45.198+0000] {logging_mixin.py:151} INFO - [2023-11-03T00:05:45.198+0000] {dag.py:3722} INFO - Setting next_dagrun for example_task_group to 2023-11-02T00:05:45.197986+00:00, run_after=2023-11-03T00:05:45.197986+00:00
[2023-11-03T00:05:45.229+0000] {processor.py:179} INFO - Processing /home/airflow/.local/lib/python3.8/site-packages/airflow/example_dags/example_task_group.py took 0.102 seconds
[2023-11-03T00:06:15.628+0000] {processor.py:157} INFO - Started process (PID=1881) to work on /home/airflow/.local/lib/python3.8/site-packages/airflow/example_dags/example_task_group.py
[2023-11-03T00:06:15.630+0000] {processor.py:829} INFO - Processing file /home/airflow/.local/lib/python3.8/site-packages/airflow/example_dags/example_task_group.py for tasks to queue
[2023-11-03T00:06:15.633+0000] {logging_mixin.py:151} INFO - [2023-11-03T00:06:15.632+0000] {dagbag.py:536} INFO - Filling up the DagBag from /home/airflow/.local/lib/python3.8/site-packages/airflow/example_dags/example_task_group.py
[2023-11-03T00:06:15.640+0000] {processor.py:839} INFO - DAG(s) dict_keys(['example_task_group']) retrieved from /home/airflow/.local/lib/python3.8/site-packages/airflow/example_dags/example_task_group.py
[2023-11-03T00:06:15.668+0000] {logging_mixin.py:151} INFO - [2023-11-03T00:06:15.668+0000] {dag.py:2941} INFO - Sync 1 DAGs
[2023-11-03T00:06:15.694+0000] {logging_mixin.py:151} INFO - [2023-11-03T00:06:15.694+0000] {dag.py:3722} INFO - Setting next_dagrun for example_task_group to 2023-11-02T00:06:15.694174+00:00, run_after=2023-11-03T00:06:15.694174+00:00
[2023-11-03T00:06:15.722+0000] {processor.py:179} INFO - Processing /home/airflow/.local/lib/python3.8/site-packages/airflow/example_dags/example_task_group.py took 0.096 seconds
[2023-11-03T00:06:46.165+0000] {processor.py:157} INFO - Started process (PID=1936) to work on /home/airflow/.local/lib/python3.8/site-packages/airflow/example_dags/example_task_group.py
[2023-11-03T00:06:46.166+0000] {processor.py:829} INFO - Processing file /home/airflow/.local/lib/python3.8/site-packages/airflow/example_dags/example_task_group.py for tasks to queue
[2023-11-03T00:06:46.168+0000] {logging_mixin.py:151} INFO - [2023-11-03T00:06:46.168+0000] {dagbag.py:536} INFO - Filling up the DagBag from /home/airflow/.local/lib/python3.8/site-packages/airflow/example_dags/example_task_group.py
[2023-11-03T00:06:46.176+0000] {processor.py:839} INFO - DAG(s) dict_keys(['example_task_group']) retrieved from /home/airflow/.local/lib/python3.8/site-packages/airflow/example_dags/example_task_group.py
[2023-11-03T00:06:46.206+0000] {logging_mixin.py:151} INFO - [2023-11-03T00:06:46.206+0000] {dag.py:2941} INFO - Sync 1 DAGs
[2023-11-03T00:06:46.231+0000] {logging_mixin.py:151} INFO - [2023-11-03T00:06:46.231+0000] {dag.py:3722} INFO - Setting next_dagrun for example_task_group to 2023-11-02T00:06:46.230823+00:00, run_after=2023-11-03T00:06:46.230823+00:00
[2023-11-03T00:06:46.257+0000] {processor.py:179} INFO - Processing /home/airflow/.local/lib/python3.8/site-packages/airflow/example_dags/example_task_group.py took 0.095 seconds
[2023-11-03T00:07:16.657+0000] {processor.py:157} INFO - Started process (PID=1990) to work on /home/airflow/.local/lib/python3.8/site-packages/airflow/example_dags/example_task_group.py
[2023-11-03T00:07:16.658+0000] {processor.py:829} INFO - Processing file /home/airflow/.local/lib/python3.8/site-packages/airflow/example_dags/example_task_group.py for tasks to queue
[2023-11-03T00:07:16.661+0000] {logging_mixin.py:151} INFO - [2023-11-03T00:07:16.660+0000] {dagbag.py:536} INFO - Filling up the DagBag from /home/airflow/.local/lib/python3.8/site-packages/airflow/example_dags/example_task_group.py
[2023-11-03T00:07:16.668+0000] {processor.py:839} INFO - DAG(s) dict_keys(['example_task_group']) retrieved from /home/airflow/.local/lib/python3.8/site-packages/airflow/example_dags/example_task_group.py
[2023-11-03T00:07:16.696+0000] {logging_mixin.py:151} INFO - [2023-11-03T00:07:16.696+0000] {dag.py:2941} INFO - Sync 1 DAGs
[2023-11-03T00:07:16.724+0000] {logging_mixin.py:151} INFO - [2023-11-03T00:07:16.724+0000] {dag.py:3722} INFO - Setting next_dagrun for example_task_group to 2023-11-02T00:07:16.724056+00:00, run_after=2023-11-03T00:07:16.724056+00:00
[2023-11-03T00:07:16.756+0000] {processor.py:179} INFO - Processing /home/airflow/.local/lib/python3.8/site-packages/airflow/example_dags/example_task_group.py took 0.103 seconds
[2023-11-03T00:07:47.063+0000] {processor.py:157} INFO - Started process (PID=2044) to work on /home/airflow/.local/lib/python3.8/site-packages/airflow/example_dags/example_task_group.py
[2023-11-03T00:07:47.064+0000] {processor.py:829} INFO - Processing file /home/airflow/.local/lib/python3.8/site-packages/airflow/example_dags/example_task_group.py for tasks to queue
[2023-11-03T00:07:47.067+0000] {logging_mixin.py:151} INFO - [2023-11-03T00:07:47.067+0000] {dagbag.py:536} INFO - Filling up the DagBag from /home/airflow/.local/lib/python3.8/site-packages/airflow/example_dags/example_task_group.py
[2023-11-03T00:07:47.074+0000] {processor.py:839} INFO - DAG(s) dict_keys(['example_task_group']) retrieved from /home/airflow/.local/lib/python3.8/site-packages/airflow/example_dags/example_task_group.py
[2023-11-03T00:07:47.104+0000] {logging_mixin.py:151} INFO - [2023-11-03T00:07:47.104+0000] {dag.py:2941} INFO - Sync 1 DAGs
[2023-11-03T00:07:47.130+0000] {logging_mixin.py:151} INFO - [2023-11-03T00:07:47.130+0000] {dag.py:3722} INFO - Setting next_dagrun for example_task_group to 2023-11-02T00:07:47.129548+00:00, run_after=2023-11-03T00:07:47.129548+00:00
[2023-11-03T00:07:47.161+0000] {processor.py:179} INFO - Processing /home/airflow/.local/lib/python3.8/site-packages/airflow/example_dags/example_task_group.py took 0.101 seconds
[2023-11-03T00:08:17.504+0000] {processor.py:157} INFO - Started process (PID=2098) to work on /home/airflow/.local/lib/python3.8/site-packages/airflow/example_dags/example_task_group.py
[2023-11-03T00:08:17.506+0000] {processor.py:829} INFO - Processing file /home/airflow/.local/lib/python3.8/site-packages/airflow/example_dags/example_task_group.py for tasks to queue
[2023-11-03T00:08:17.509+0000] {logging_mixin.py:151} INFO - [2023-11-03T00:08:17.508+0000] {dagbag.py:536} INFO - Filling up the DagBag from /home/airflow/.local/lib/python3.8/site-packages/airflow/example_dags/example_task_group.py
[2023-11-03T00:08:17.518+0000] {processor.py:839} INFO - DAG(s) dict_keys(['example_task_group']) retrieved from /home/airflow/.local/lib/python3.8/site-packages/airflow/example_dags/example_task_group.py
[2023-11-03T00:08:17.584+0000] {logging_mixin.py:151} INFO - [2023-11-03T00:08:17.583+0000] {dag.py:2941} INFO - Sync 1 DAGs
[2023-11-03T00:08:17.617+0000] {logging_mixin.py:151} INFO - [2023-11-03T00:08:17.617+0000] {dag.py:3722} INFO - Setting next_dagrun for example_task_group to 2023-11-02T00:08:17.616790+00:00, run_after=2023-11-03T00:08:17.616790+00:00
[2023-11-03T00:08:17.986+0000] {processor.py:179} INFO - Processing /home/airflow/.local/lib/python3.8/site-packages/airflow/example_dags/example_task_group.py took 0.485 seconds
[2023-11-03T00:08:48.277+0000] {processor.py:157} INFO - Started process (PID=2159) to work on /home/airflow/.local/lib/python3.8/site-packages/airflow/example_dags/example_task_group.py
[2023-11-03T00:08:48.278+0000] {processor.py:829} INFO - Processing file /home/airflow/.local/lib/python3.8/site-packages/airflow/example_dags/example_task_group.py for tasks to queue
[2023-11-03T00:08:48.281+0000] {logging_mixin.py:151} INFO - [2023-11-03T00:08:48.281+0000] {dagbag.py:536} INFO - Filling up the DagBag from /home/airflow/.local/lib/python3.8/site-packages/airflow/example_dags/example_task_group.py
[2023-11-03T00:08:48.289+0000] {processor.py:839} INFO - DAG(s) dict_keys(['example_task_group']) retrieved from /home/airflow/.local/lib/python3.8/site-packages/airflow/example_dags/example_task_group.py
[2023-11-03T00:08:48.320+0000] {logging_mixin.py:151} INFO - [2023-11-03T00:08:48.320+0000] {dag.py:2941} INFO - Sync 1 DAGs
[2023-11-03T00:08:48.350+0000] {logging_mixin.py:151} INFO - [2023-11-03T00:08:48.349+0000] {dag.py:3722} INFO - Setting next_dagrun for example_task_group to 2023-11-02T00:08:48.349299+00:00, run_after=2023-11-03T00:08:48.349299+00:00
[2023-11-03T00:08:48.381+0000] {processor.py:179} INFO - Processing /home/airflow/.local/lib/python3.8/site-packages/airflow/example_dags/example_task_group.py took 0.107 seconds
[2023-11-03T00:09:19.250+0000] {processor.py:157} INFO - Started process (PID=2213) to work on /home/airflow/.local/lib/python3.8/site-packages/airflow/example_dags/example_task_group.py
[2023-11-03T00:09:19.251+0000] {processor.py:829} INFO - Processing file /home/airflow/.local/lib/python3.8/site-packages/airflow/example_dags/example_task_group.py for tasks to queue
[2023-11-03T00:09:19.255+0000] {logging_mixin.py:151} INFO - [2023-11-03T00:09:19.254+0000] {dagbag.py:536} INFO - Filling up the DagBag from /home/airflow/.local/lib/python3.8/site-packages/airflow/example_dags/example_task_group.py
[2023-11-03T00:09:19.262+0000] {processor.py:839} INFO - DAG(s) dict_keys(['example_task_group']) retrieved from /home/airflow/.local/lib/python3.8/site-packages/airflow/example_dags/example_task_group.py
[2023-11-03T00:09:19.301+0000] {logging_mixin.py:151} INFO - [2023-11-03T00:09:19.301+0000] {dag.py:2941} INFO - Sync 1 DAGs
[2023-11-03T00:09:19.330+0000] {logging_mixin.py:151} INFO - [2023-11-03T00:09:19.330+0000] {dag.py:3722} INFO - Setting next_dagrun for example_task_group to 2023-11-02T00:09:19.329912+00:00, run_after=2023-11-03T00:09:19.329912+00:00
[2023-11-03T00:09:19.372+0000] {processor.py:179} INFO - Processing /home/airflow/.local/lib/python3.8/site-packages/airflow/example_dags/example_task_group.py took 0.126 seconds
[2023-11-03T00:09:49.841+0000] {processor.py:157} INFO - Started process (PID=2267) to work on /home/airflow/.local/lib/python3.8/site-packages/airflow/example_dags/example_task_group.py
[2023-11-03T00:09:49.842+0000] {processor.py:829} INFO - Processing file /home/airflow/.local/lib/python3.8/site-packages/airflow/example_dags/example_task_group.py for tasks to queue
[2023-11-03T00:09:49.846+0000] {logging_mixin.py:151} INFO - [2023-11-03T00:09:49.845+0000] {dagbag.py:536} INFO - Filling up the DagBag from /home/airflow/.local/lib/python3.8/site-packages/airflow/example_dags/example_task_group.py
[2023-11-03T00:09:49.857+0000] {processor.py:839} INFO - DAG(s) dict_keys(['example_task_group']) retrieved from /home/airflow/.local/lib/python3.8/site-packages/airflow/example_dags/example_task_group.py
[2023-11-03T00:09:49.897+0000] {logging_mixin.py:151} INFO - [2023-11-03T00:09:49.895+0000] {dag.py:2941} INFO - Sync 1 DAGs
[2023-11-03T00:09:49.940+0000] {logging_mixin.py:151} INFO - [2023-11-03T00:09:49.940+0000] {dag.py:3722} INFO - Setting next_dagrun for example_task_group to 2023-11-02T00:09:49.939807+00:00, run_after=2023-11-03T00:09:49.939807+00:00
[2023-11-03T00:09:49.978+0000] {processor.py:179} INFO - Processing /home/airflow/.local/lib/python3.8/site-packages/airflow/example_dags/example_task_group.py took 0.143 seconds
[2023-11-03T00:10:20.500+0000] {processor.py:157} INFO - Started process (PID=2321) to work on /home/airflow/.local/lib/python3.8/site-packages/airflow/example_dags/example_task_group.py
[2023-11-03T00:10:20.503+0000] {processor.py:829} INFO - Processing file /home/airflow/.local/lib/python3.8/site-packages/airflow/example_dags/example_task_group.py for tasks to queue
[2023-11-03T00:10:20.507+0000] {logging_mixin.py:151} INFO - [2023-11-03T00:10:20.507+0000] {dagbag.py:536} INFO - Filling up the DagBag from /home/airflow/.local/lib/python3.8/site-packages/airflow/example_dags/example_task_group.py
[2023-11-03T00:10:20.516+0000] {processor.py:839} INFO - DAG(s) dict_keys(['example_task_group']) retrieved from /home/airflow/.local/lib/python3.8/site-packages/airflow/example_dags/example_task_group.py
[2023-11-03T00:10:20.556+0000] {logging_mixin.py:151} INFO - [2023-11-03T00:10:20.556+0000] {dag.py:2941} INFO - Sync 1 DAGs
[2023-11-03T00:10:20.798+0000] {logging_mixin.py:151} INFO - [2023-11-03T00:10:20.797+0000] {dag.py:3722} INFO - Setting next_dagrun for example_task_group to 2023-11-02T00:10:20.796890+00:00, run_after=2023-11-03T00:10:20.796890+00:00
[2023-11-03T00:10:20.832+0000] {processor.py:179} INFO - Processing /home/airflow/.local/lib/python3.8/site-packages/airflow/example_dags/example_task_group.py took 0.336 seconds
[2023-11-03T00:10:50.971+0000] {processor.py:157} INFO - Started process (PID=2375) to work on /home/airflow/.local/lib/python3.8/site-packages/airflow/example_dags/example_task_group.py
[2023-11-03T00:10:50.972+0000] {processor.py:829} INFO - Processing file /home/airflow/.local/lib/python3.8/site-packages/airflow/example_dags/example_task_group.py for tasks to queue
[2023-11-03T00:10:50.976+0000] {logging_mixin.py:151} INFO - [2023-11-03T00:10:50.975+0000] {dagbag.py:536} INFO - Filling up the DagBag from /home/airflow/.local/lib/python3.8/site-packages/airflow/example_dags/example_task_group.py
[2023-11-03T00:10:50.984+0000] {processor.py:839} INFO - DAG(s) dict_keys(['example_task_group']) retrieved from /home/airflow/.local/lib/python3.8/site-packages/airflow/example_dags/example_task_group.py
[2023-11-03T00:10:51.020+0000] {logging_mixin.py:151} INFO - [2023-11-03T00:10:51.020+0000] {dag.py:2941} INFO - Sync 1 DAGs
[2023-11-03T00:10:51.052+0000] {logging_mixin.py:151} INFO - [2023-11-03T00:10:51.051+0000] {dag.py:3722} INFO - Setting next_dagrun for example_task_group to 2023-11-02T00:10:51.050994+00:00, run_after=2023-11-03T00:10:51.050994+00:00
[2023-11-03T00:10:51.094+0000] {processor.py:179} INFO - Processing /home/airflow/.local/lib/python3.8/site-packages/airflow/example_dags/example_task_group.py took 0.128 seconds
[2023-11-03T00:11:21.736+0000] {processor.py:157} INFO - Started process (PID=2429) to work on /home/airflow/.local/lib/python3.8/site-packages/airflow/example_dags/example_task_group.py
[2023-11-03T00:11:21.738+0000] {processor.py:829} INFO - Processing file /home/airflow/.local/lib/python3.8/site-packages/airflow/example_dags/example_task_group.py for tasks to queue
[2023-11-03T00:11:21.741+0000] {logging_mixin.py:151} INFO - [2023-11-03T00:11:21.741+0000] {dagbag.py:536} INFO - Filling up the DagBag from /home/airflow/.local/lib/python3.8/site-packages/airflow/example_dags/example_task_group.py
[2023-11-03T00:11:21.752+0000] {processor.py:839} INFO - DAG(s) dict_keys(['example_task_group']) retrieved from /home/airflow/.local/lib/python3.8/site-packages/airflow/example_dags/example_task_group.py
[2023-11-03T00:11:21.785+0000] {logging_mixin.py:151} INFO - [2023-11-03T00:11:21.784+0000] {dag.py:2941} INFO - Sync 1 DAGs
[2023-11-03T00:11:21.816+0000] {logging_mixin.py:151} INFO - [2023-11-03T00:11:21.815+0000] {dag.py:3722} INFO - Setting next_dagrun for example_task_group to 2023-11-02T00:11:21.815607+00:00, run_after=2023-11-03T00:11:21.815607+00:00
[2023-11-03T00:11:21.850+0000] {processor.py:179} INFO - Processing /home/airflow/.local/lib/python3.8/site-packages/airflow/example_dags/example_task_group.py took 0.120 seconds
[2023-11-03T00:11:52.193+0000] {processor.py:157} INFO - Started process (PID=2483) to work on /home/airflow/.local/lib/python3.8/site-packages/airflow/example_dags/example_task_group.py
[2023-11-03T00:11:52.194+0000] {processor.py:829} INFO - Processing file /home/airflow/.local/lib/python3.8/site-packages/airflow/example_dags/example_task_group.py for tasks to queue
[2023-11-03T00:11:52.197+0000] {logging_mixin.py:151} INFO - [2023-11-03T00:11:52.196+0000] {dagbag.py:536} INFO - Filling up the DagBag from /home/airflow/.local/lib/python3.8/site-packages/airflow/example_dags/example_task_group.py
[2023-11-03T00:11:52.208+0000] {processor.py:839} INFO - DAG(s) dict_keys(['example_task_group']) retrieved from /home/airflow/.local/lib/python3.8/site-packages/airflow/example_dags/example_task_group.py
[2023-11-03T00:11:52.243+0000] {logging_mixin.py:151} INFO - [2023-11-03T00:11:52.242+0000] {dag.py:2941} INFO - Sync 1 DAGs
[2023-11-03T00:11:52.475+0000] {logging_mixin.py:151} INFO - [2023-11-03T00:11:52.475+0000] {dag.py:3722} INFO - Setting next_dagrun for example_task_group to 2023-11-02T00:11:52.475189+00:00, run_after=2023-11-03T00:11:52.475189+00:00
[2023-11-03T00:11:52.506+0000] {processor.py:179} INFO - Processing /home/airflow/.local/lib/python3.8/site-packages/airflow/example_dags/example_task_group.py took 0.317 seconds
[2023-11-03T00:12:22.891+0000] {processor.py:157} INFO - Started process (PID=2538) to work on /home/airflow/.local/lib/python3.8/site-packages/airflow/example_dags/example_task_group.py
[2023-11-03T00:12:22.892+0000] {processor.py:829} INFO - Processing file /home/airflow/.local/lib/python3.8/site-packages/airflow/example_dags/example_task_group.py for tasks to queue
[2023-11-03T00:12:22.895+0000] {logging_mixin.py:151} INFO - [2023-11-03T00:12:22.895+0000] {dagbag.py:536} INFO - Filling up the DagBag from /home/airflow/.local/lib/python3.8/site-packages/airflow/example_dags/example_task_group.py
[2023-11-03T00:12:22.904+0000] {processor.py:839} INFO - DAG(s) dict_keys(['example_task_group']) retrieved from /home/airflow/.local/lib/python3.8/site-packages/airflow/example_dags/example_task_group.py
[2023-11-03T00:12:22.940+0000] {logging_mixin.py:151} INFO - [2023-11-03T00:12:22.939+0000] {dag.py:2941} INFO - Sync 1 DAGs
[2023-11-03T00:12:23.204+0000] {logging_mixin.py:151} INFO - [2023-11-03T00:12:23.204+0000] {dag.py:3722} INFO - Setting next_dagrun for example_task_group to 2023-11-02T00:12:23.204520+00:00, run_after=2023-11-03T00:12:23.204520+00:00
[2023-11-03T00:12:23.237+0000] {processor.py:179} INFO - Processing /home/airflow/.local/lib/python3.8/site-packages/airflow/example_dags/example_task_group.py took 0.350 seconds
[2023-11-03T00:12:53.332+0000] {processor.py:157} INFO - Started process (PID=2592) to work on /home/airflow/.local/lib/python3.8/site-packages/airflow/example_dags/example_task_group.py
[2023-11-03T00:12:53.334+0000] {processor.py:829} INFO - Processing file /home/airflow/.local/lib/python3.8/site-packages/airflow/example_dags/example_task_group.py for tasks to queue
[2023-11-03T00:12:53.336+0000] {logging_mixin.py:151} INFO - [2023-11-03T00:12:53.336+0000] {dagbag.py:536} INFO - Filling up the DagBag from /home/airflow/.local/lib/python3.8/site-packages/airflow/example_dags/example_task_group.py
[2023-11-03T00:12:53.344+0000] {processor.py:839} INFO - DAG(s) dict_keys(['example_task_group']) retrieved from /home/airflow/.local/lib/python3.8/site-packages/airflow/example_dags/example_task_group.py
[2023-11-03T00:12:53.374+0000] {logging_mixin.py:151} INFO - [2023-11-03T00:12:53.374+0000] {dag.py:2941} INFO - Sync 1 DAGs
[2023-11-03T00:12:53.402+0000] {logging_mixin.py:151} INFO - [2023-11-03T00:12:53.402+0000] {dag.py:3722} INFO - Setting next_dagrun for example_task_group to 2023-11-02T00:12:53.401708+00:00, run_after=2023-11-03T00:12:53.401708+00:00
[2023-11-03T00:12:53.425+0000] {processor.py:179} INFO - Processing /home/airflow/.local/lib/python3.8/site-packages/airflow/example_dags/example_task_group.py took 0.096 seconds
[2023-11-03T00:13:25.488+0000] {processor.py:157} INFO - Started process (PID=2646) to work on /home/airflow/.local/lib/python3.8/site-packages/airflow/example_dags/example_task_group.py
[2023-11-03T00:13:25.490+0000] {processor.py:829} INFO - Processing file /home/airflow/.local/lib/python3.8/site-packages/airflow/example_dags/example_task_group.py for tasks to queue
[2023-11-03T00:13:25.493+0000] {logging_mixin.py:151} INFO - [2023-11-03T00:13:25.492+0000] {dagbag.py:536} INFO - Filling up the DagBag from /home/airflow/.local/lib/python3.8/site-packages/airflow/example_dags/example_task_group.py
[2023-11-03T00:13:25.502+0000] {processor.py:839} INFO - DAG(s) dict_keys(['example_task_group']) retrieved from /home/airflow/.local/lib/python3.8/site-packages/airflow/example_dags/example_task_group.py
[2023-11-03T00:13:25.737+0000] {logging_mixin.py:151} INFO - [2023-11-03T00:13:25.737+0000] {dag.py:2941} INFO - Sync 1 DAGs
[2023-11-03T00:13:25.765+0000] {logging_mixin.py:151} INFO - [2023-11-03T00:13:25.765+0000] {dag.py:3722} INFO - Setting next_dagrun for example_task_group to 2023-11-02T00:13:25.764732+00:00, run_after=2023-11-03T00:13:25.764732+00:00
[2023-11-03T00:13:25.797+0000] {processor.py:179} INFO - Processing /home/airflow/.local/lib/python3.8/site-packages/airflow/example_dags/example_task_group.py took 0.313 seconds
[2023-11-03T00:13:56.415+0000] {processor.py:157} INFO - Started process (PID=2700) to work on /home/airflow/.local/lib/python3.8/site-packages/airflow/example_dags/example_task_group.py
[2023-11-03T00:13:56.416+0000] {processor.py:829} INFO - Processing file /home/airflow/.local/lib/python3.8/site-packages/airflow/example_dags/example_task_group.py for tasks to queue
[2023-11-03T00:13:56.419+0000] {logging_mixin.py:151} INFO - [2023-11-03T00:13:56.419+0000] {dagbag.py:536} INFO - Filling up the DagBag from /home/airflow/.local/lib/python3.8/site-packages/airflow/example_dags/example_task_group.py
[2023-11-03T00:13:56.428+0000] {processor.py:839} INFO - DAG(s) dict_keys(['example_task_group']) retrieved from /home/airflow/.local/lib/python3.8/site-packages/airflow/example_dags/example_task_group.py
[2023-11-03T00:13:56.452+0000] {logging_mixin.py:151} INFO - [2023-11-03T00:13:56.452+0000] {dag.py:2941} INFO - Sync 1 DAGs
[2023-11-03T00:13:56.479+0000] {logging_mixin.py:151} INFO - [2023-11-03T00:13:56.478+0000] {dag.py:3722} INFO - Setting next_dagrun for example_task_group to 2023-11-02T00:13:56.478666+00:00, run_after=2023-11-03T00:13:56.478666+00:00
[2023-11-03T00:13:56.506+0000] {processor.py:179} INFO - Processing /home/airflow/.local/lib/python3.8/site-packages/airflow/example_dags/example_task_group.py took 0.094 seconds
[2023-11-03T00:14:26.972+0000] {processor.py:157} INFO - Started process (PID=2754) to work on /home/airflow/.local/lib/python3.8/site-packages/airflow/example_dags/example_task_group.py
[2023-11-03T00:14:26.973+0000] {processor.py:829} INFO - Processing file /home/airflow/.local/lib/python3.8/site-packages/airflow/example_dags/example_task_group.py for tasks to queue
[2023-11-03T00:14:26.977+0000] {logging_mixin.py:151} INFO - [2023-11-03T00:14:26.976+0000] {dagbag.py:536} INFO - Filling up the DagBag from /home/airflow/.local/lib/python3.8/site-packages/airflow/example_dags/example_task_group.py
[2023-11-03T00:14:26.984+0000] {processor.py:839} INFO - DAG(s) dict_keys(['example_task_group']) retrieved from /home/airflow/.local/lib/python3.8/site-packages/airflow/example_dags/example_task_group.py
[2023-11-03T00:14:27.012+0000] {logging_mixin.py:151} INFO - [2023-11-03T00:14:27.012+0000] {dag.py:2941} INFO - Sync 1 DAGs
[2023-11-03T00:14:27.037+0000] {logging_mixin.py:151} INFO - [2023-11-03T00:14:27.036+0000] {dag.py:3722} INFO - Setting next_dagrun for example_task_group to 2023-11-02T00:14:27.036620+00:00, run_after=2023-11-03T00:14:27.036620+00:00
[2023-11-03T00:14:27.059+0000] {processor.py:179} INFO - Processing /home/airflow/.local/lib/python3.8/site-packages/airflow/example_dags/example_task_group.py took 0.090 seconds
[2023-11-03T00:14:57.166+0000] {processor.py:157} INFO - Started process (PID=2808) to work on /home/airflow/.local/lib/python3.8/site-packages/airflow/example_dags/example_task_group.py
[2023-11-03T00:14:57.167+0000] {processor.py:829} INFO - Processing file /home/airflow/.local/lib/python3.8/site-packages/airflow/example_dags/example_task_group.py for tasks to queue
[2023-11-03T00:14:57.169+0000] {logging_mixin.py:151} INFO - [2023-11-03T00:14:57.169+0000] {dagbag.py:536} INFO - Filling up the DagBag from /home/airflow/.local/lib/python3.8/site-packages/airflow/example_dags/example_task_group.py
[2023-11-03T00:14:57.177+0000] {processor.py:839} INFO - DAG(s) dict_keys(['example_task_group']) retrieved from /home/airflow/.local/lib/python3.8/site-packages/airflow/example_dags/example_task_group.py
[2023-11-03T00:14:57.205+0000] {logging_mixin.py:151} INFO - [2023-11-03T00:14:57.204+0000] {dag.py:2941} INFO - Sync 1 DAGs
[2023-11-03T00:14:57.232+0000] {logging_mixin.py:151} INFO - [2023-11-03T00:14:57.231+0000] {dag.py:3722} INFO - Setting next_dagrun for example_task_group to 2023-11-02T00:14:57.231353+00:00, run_after=2023-11-03T00:14:57.231353+00:00
[2023-11-03T00:14:57.261+0000] {processor.py:179} INFO - Processing /home/airflow/.local/lib/python3.8/site-packages/airflow/example_dags/example_task_group.py took 0.098 seconds
[2023-11-03T00:15:27.486+0000] {processor.py:157} INFO - Started process (PID=2862) to work on /home/airflow/.local/lib/python3.8/site-packages/airflow/example_dags/example_task_group.py
[2023-11-03T00:15:27.487+0000] {processor.py:829} INFO - Processing file /home/airflow/.local/lib/python3.8/site-packages/airflow/example_dags/example_task_group.py for tasks to queue
[2023-11-03T00:15:27.490+0000] {logging_mixin.py:151} INFO - [2023-11-03T00:15:27.489+0000] {dagbag.py:536} INFO - Filling up the DagBag from /home/airflow/.local/lib/python3.8/site-packages/airflow/example_dags/example_task_group.py
[2023-11-03T00:15:27.498+0000] {processor.py:839} INFO - DAG(s) dict_keys(['example_task_group']) retrieved from /home/airflow/.local/lib/python3.8/site-packages/airflow/example_dags/example_task_group.py
[2023-11-03T00:15:27.523+0000] {logging_mixin.py:151} INFO - [2023-11-03T00:15:27.522+0000] {dag.py:2941} INFO - Sync 1 DAGs
[2023-11-03T00:15:27.550+0000] {logging_mixin.py:151} INFO - [2023-11-03T00:15:27.550+0000] {dag.py:3722} INFO - Setting next_dagrun for example_task_group to 2023-11-02T00:15:27.549903+00:00, run_after=2023-11-03T00:15:27.549903+00:00
[2023-11-03T00:15:27.574+0000] {processor.py:179} INFO - Processing /home/airflow/.local/lib/python3.8/site-packages/airflow/example_dags/example_task_group.py took 0.092 seconds
[2023-11-03T00:15:57.771+0000] {processor.py:157} INFO - Started process (PID=2916) to work on /home/airflow/.local/lib/python3.8/site-packages/airflow/example_dags/example_task_group.py
[2023-11-03T00:15:57.772+0000] {processor.py:829} INFO - Processing file /home/airflow/.local/lib/python3.8/site-packages/airflow/example_dags/example_task_group.py for tasks to queue
[2023-11-03T00:15:57.774+0000] {logging_mixin.py:151} INFO - [2023-11-03T00:15:57.774+0000] {dagbag.py:536} INFO - Filling up the DagBag from /home/airflow/.local/lib/python3.8/site-packages/airflow/example_dags/example_task_group.py
[2023-11-03T00:15:57.782+0000] {processor.py:839} INFO - DAG(s) dict_keys(['example_task_group']) retrieved from /home/airflow/.local/lib/python3.8/site-packages/airflow/example_dags/example_task_group.py
[2023-11-03T00:15:57.809+0000] {logging_mixin.py:151} INFO - [2023-11-03T00:15:57.809+0000] {dag.py:2941} INFO - Sync 1 DAGs
[2023-11-03T00:15:57.834+0000] {logging_mixin.py:151} INFO - [2023-11-03T00:15:57.834+0000] {dag.py:3722} INFO - Setting next_dagrun for example_task_group to 2023-11-02T00:15:57.834133+00:00, run_after=2023-11-03T00:15:57.834133+00:00
[2023-11-03T00:15:57.860+0000] {processor.py:179} INFO - Processing /home/airflow/.local/lib/python3.8/site-packages/airflow/example_dags/example_task_group.py took 0.093 seconds
[2023-11-03T00:16:27.920+0000] {processor.py:157} INFO - Started process (PID=2970) to work on /home/airflow/.local/lib/python3.8/site-packages/airflow/example_dags/example_task_group.py
[2023-11-03T00:16:27.920+0000] {processor.py:829} INFO - Processing file /home/airflow/.local/lib/python3.8/site-packages/airflow/example_dags/example_task_group.py for tasks to queue
[2023-11-03T00:16:27.923+0000] {logging_mixin.py:151} INFO - [2023-11-03T00:16:27.922+0000] {dagbag.py:536} INFO - Filling up the DagBag from /home/airflow/.local/lib/python3.8/site-packages/airflow/example_dags/example_task_group.py
[2023-11-03T00:16:27.930+0000] {processor.py:839} INFO - DAG(s) dict_keys(['example_task_group']) retrieved from /home/airflow/.local/lib/python3.8/site-packages/airflow/example_dags/example_task_group.py
[2023-11-03T00:16:27.957+0000] {logging_mixin.py:151} INFO - [2023-11-03T00:16:27.956+0000] {dag.py:2941} INFO - Sync 1 DAGs
[2023-11-03T00:16:27.982+0000] {logging_mixin.py:151} INFO - [2023-11-03T00:16:27.982+0000] {dag.py:3722} INFO - Setting next_dagrun for example_task_group to 2023-11-02T00:16:27.982361+00:00, run_after=2023-11-03T00:16:27.982361+00:00
[2023-11-03T00:16:28.009+0000] {processor.py:179} INFO - Processing /home/airflow/.local/lib/python3.8/site-packages/airflow/example_dags/example_task_group.py took 0.092 seconds
[2023-11-03T00:16:58.141+0000] {processor.py:157} INFO - Started process (PID=3024) to work on /home/airflow/.local/lib/python3.8/site-packages/airflow/example_dags/example_task_group.py
[2023-11-03T00:16:58.142+0000] {processor.py:829} INFO - Processing file /home/airflow/.local/lib/python3.8/site-packages/airflow/example_dags/example_task_group.py for tasks to queue
[2023-11-03T00:16:58.145+0000] {logging_mixin.py:151} INFO - [2023-11-03T00:16:58.144+0000] {dagbag.py:536} INFO - Filling up the DagBag from /home/airflow/.local/lib/python3.8/site-packages/airflow/example_dags/example_task_group.py
[2023-11-03T00:16:58.151+0000] {processor.py:839} INFO - DAG(s) dict_keys(['example_task_group']) retrieved from /home/airflow/.local/lib/python3.8/site-packages/airflow/example_dags/example_task_group.py
[2023-11-03T00:16:58.177+0000] {logging_mixin.py:151} INFO - [2023-11-03T00:16:58.177+0000] {dag.py:2941} INFO - Sync 1 DAGs
[2023-11-03T00:16:58.201+0000] {logging_mixin.py:151} INFO - [2023-11-03T00:16:58.201+0000] {dag.py:3722} INFO - Setting next_dagrun for example_task_group to 2023-11-02T00:16:58.201310+00:00, run_after=2023-11-03T00:16:58.201310+00:00
[2023-11-03T00:16:58.227+0000] {processor.py:179} INFO - Processing /home/airflow/.local/lib/python3.8/site-packages/airflow/example_dags/example_task_group.py took 0.089 seconds
[2023-11-03T00:17:28.475+0000] {processor.py:157} INFO - Started process (PID=3078) to work on /home/airflow/.local/lib/python3.8/site-packages/airflow/example_dags/example_task_group.py
[2023-11-03T00:17:28.478+0000] {processor.py:829} INFO - Processing file /home/airflow/.local/lib/python3.8/site-packages/airflow/example_dags/example_task_group.py for tasks to queue
[2023-11-03T00:17:28.481+0000] {logging_mixin.py:151} INFO - [2023-11-03T00:17:28.480+0000] {dagbag.py:536} INFO - Filling up the DagBag from /home/airflow/.local/lib/python3.8/site-packages/airflow/example_dags/example_task_group.py
[2023-11-03T00:17:28.488+0000] {processor.py:839} INFO - DAG(s) dict_keys(['example_task_group']) retrieved from /home/airflow/.local/lib/python3.8/site-packages/airflow/example_dags/example_task_group.py
[2023-11-03T00:17:28.518+0000] {logging_mixin.py:151} INFO - [2023-11-03T00:17:28.518+0000] {dag.py:2941} INFO - Sync 1 DAGs
[2023-11-03T00:17:28.543+0000] {logging_mixin.py:151} INFO - [2023-11-03T00:17:28.542+0000] {dag.py:3722} INFO - Setting next_dagrun for example_task_group to 2023-11-02T00:17:28.542634+00:00, run_after=2023-11-03T00:17:28.542634+00:00
[2023-11-03T00:17:28.568+0000] {processor.py:179} INFO - Processing /home/airflow/.local/lib/python3.8/site-packages/airflow/example_dags/example_task_group.py took 0.097 seconds
[2023-11-03T00:17:59.228+0000] {processor.py:157} INFO - Started process (PID=3132) to work on /home/airflow/.local/lib/python3.8/site-packages/airflow/example_dags/example_task_group.py
[2023-11-03T00:17:59.230+0000] {processor.py:829} INFO - Processing file /home/airflow/.local/lib/python3.8/site-packages/airflow/example_dags/example_task_group.py for tasks to queue
[2023-11-03T00:17:59.232+0000] {logging_mixin.py:151} INFO - [2023-11-03T00:17:59.232+0000] {dagbag.py:536} INFO - Filling up the DagBag from /home/airflow/.local/lib/python3.8/site-packages/airflow/example_dags/example_task_group.py
[2023-11-03T00:17:59.239+0000] {processor.py:839} INFO - DAG(s) dict_keys(['example_task_group']) retrieved from /home/airflow/.local/lib/python3.8/site-packages/airflow/example_dags/example_task_group.py
[2023-11-03T00:17:59.270+0000] {logging_mixin.py:151} INFO - [2023-11-03T00:17:59.270+0000] {dag.py:2941} INFO - Sync 1 DAGs
[2023-11-03T00:17:59.303+0000] {logging_mixin.py:151} INFO - [2023-11-03T00:17:59.303+0000] {dag.py:3722} INFO - Setting next_dagrun for example_task_group to 2023-11-02T00:17:59.303029+00:00, run_after=2023-11-03T00:17:59.303029+00:00
[2023-11-03T00:17:59.345+0000] {processor.py:179} INFO - Processing /home/airflow/.local/lib/python3.8/site-packages/airflow/example_dags/example_task_group.py took 0.121 seconds
[2023-11-03T00:18:29.746+0000] {processor.py:157} INFO - Started process (PID=3186) to work on /home/airflow/.local/lib/python3.8/site-packages/airflow/example_dags/example_task_group.py
[2023-11-03T00:18:29.747+0000] {processor.py:829} INFO - Processing file /home/airflow/.local/lib/python3.8/site-packages/airflow/example_dags/example_task_group.py for tasks to queue
[2023-11-03T00:18:29.749+0000] {logging_mixin.py:151} INFO - [2023-11-03T00:18:29.749+0000] {dagbag.py:536} INFO - Filling up the DagBag from /home/airflow/.local/lib/python3.8/site-packages/airflow/example_dags/example_task_group.py
[2023-11-03T00:18:29.756+0000] {processor.py:839} INFO - DAG(s) dict_keys(['example_task_group']) retrieved from /home/airflow/.local/lib/python3.8/site-packages/airflow/example_dags/example_task_group.py
[2023-11-03T00:18:29.782+0000] {logging_mixin.py:151} INFO - [2023-11-03T00:18:29.782+0000] {dag.py:2941} INFO - Sync 1 DAGs
[2023-11-03T00:18:29.805+0000] {logging_mixin.py:151} INFO - [2023-11-03T00:18:29.805+0000] {dag.py:3722} INFO - Setting next_dagrun for example_task_group to 2023-11-02T00:18:29.804837+00:00, run_after=2023-11-03T00:18:29.804837+00:00
[2023-11-03T00:18:29.831+0000] {processor.py:179} INFO - Processing /home/airflow/.local/lib/python3.8/site-packages/airflow/example_dags/example_task_group.py took 0.088 seconds
[2023-11-03T00:19:00.355+0000] {processor.py:157} INFO - Started process (PID=3240) to work on /home/airflow/.local/lib/python3.8/site-packages/airflow/example_dags/example_task_group.py
[2023-11-03T00:19:00.356+0000] {processor.py:829} INFO - Processing file /home/airflow/.local/lib/python3.8/site-packages/airflow/example_dags/example_task_group.py for tasks to queue
[2023-11-03T00:19:00.359+0000] {logging_mixin.py:151} INFO - [2023-11-03T00:19:00.359+0000] {dagbag.py:536} INFO - Filling up the DagBag from /home/airflow/.local/lib/python3.8/site-packages/airflow/example_dags/example_task_group.py
[2023-11-03T00:19:00.368+0000] {processor.py:839} INFO - DAG(s) dict_keys(['example_task_group']) retrieved from /home/airflow/.local/lib/python3.8/site-packages/airflow/example_dags/example_task_group.py
[2023-11-03T00:19:00.405+0000] {logging_mixin.py:151} INFO - [2023-11-03T00:19:00.405+0000] {dag.py:2941} INFO - Sync 1 DAGs
[2023-11-03T00:19:00.438+0000] {logging_mixin.py:151} INFO - [2023-11-03T00:19:00.438+0000] {dag.py:3722} INFO - Setting next_dagrun for example_task_group to 2023-11-02T00:19:00.438371+00:00, run_after=2023-11-03T00:19:00.438371+00:00
[2023-11-03T00:19:00.483+0000] {processor.py:179} INFO - Processing /home/airflow/.local/lib/python3.8/site-packages/airflow/example_dags/example_task_group.py took 0.132 seconds
[2023-11-03T00:19:30.670+0000] {processor.py:157} INFO - Started process (PID=3294) to work on /home/airflow/.local/lib/python3.8/site-packages/airflow/example_dags/example_task_group.py
[2023-11-03T00:19:30.671+0000] {processor.py:829} INFO - Processing file /home/airflow/.local/lib/python3.8/site-packages/airflow/example_dags/example_task_group.py for tasks to queue
[2023-11-03T00:19:30.673+0000] {logging_mixin.py:151} INFO - [2023-11-03T00:19:30.673+0000] {dagbag.py:536} INFO - Filling up the DagBag from /home/airflow/.local/lib/python3.8/site-packages/airflow/example_dags/example_task_group.py
[2023-11-03T00:19:30.681+0000] {processor.py:839} INFO - DAG(s) dict_keys(['example_task_group']) retrieved from /home/airflow/.local/lib/python3.8/site-packages/airflow/example_dags/example_task_group.py
[2023-11-03T00:19:30.712+0000] {logging_mixin.py:151} INFO - [2023-11-03T00:19:30.711+0000] {dag.py:2941} INFO - Sync 1 DAGs
[2023-11-03T00:19:30.737+0000] {logging_mixin.py:151} INFO - [2023-11-03T00:19:30.737+0000] {dag.py:3722} INFO - Setting next_dagrun for example_task_group to 2023-11-02T00:19:30.736861+00:00, run_after=2023-11-03T00:19:30.736861+00:00
[2023-11-03T00:19:30.764+0000] {processor.py:179} INFO - Processing /home/airflow/.local/lib/python3.8/site-packages/airflow/example_dags/example_task_group.py took 0.097 seconds
[2023-11-03T00:20:00.906+0000] {processor.py:157} INFO - Started process (PID=3348) to work on /home/airflow/.local/lib/python3.8/site-packages/airflow/example_dags/example_task_group.py
[2023-11-03T00:20:00.907+0000] {processor.py:829} INFO - Processing file /home/airflow/.local/lib/python3.8/site-packages/airflow/example_dags/example_task_group.py for tasks to queue
[2023-11-03T00:20:00.911+0000] {logging_mixin.py:151} INFO - [2023-11-03T00:20:00.910+0000] {dagbag.py:536} INFO - Filling up the DagBag from /home/airflow/.local/lib/python3.8/site-packages/airflow/example_dags/example_task_group.py
[2023-11-03T00:20:00.919+0000] {processor.py:839} INFO - DAG(s) dict_keys(['example_task_group']) retrieved from /home/airflow/.local/lib/python3.8/site-packages/airflow/example_dags/example_task_group.py
[2023-11-03T00:20:00.951+0000] {logging_mixin.py:151} INFO - [2023-11-03T00:20:00.951+0000] {dag.py:2941} INFO - Sync 1 DAGs
[2023-11-03T00:20:00.980+0000] {logging_mixin.py:151} INFO - [2023-11-03T00:20:00.979+0000] {dag.py:3722} INFO - Setting next_dagrun for example_task_group to 2023-11-02T00:20:00.979394+00:00, run_after=2023-11-03T00:20:00.979394+00:00
[2023-11-03T00:20:01.014+0000] {processor.py:179} INFO - Processing /home/airflow/.local/lib/python3.8/site-packages/airflow/example_dags/example_task_group.py took 0.112 seconds
[2023-11-03T00:20:31.317+0000] {processor.py:157} INFO - Started process (PID=3402) to work on /home/airflow/.local/lib/python3.8/site-packages/airflow/example_dags/example_task_group.py
[2023-11-03T00:20:31.318+0000] {processor.py:829} INFO - Processing file /home/airflow/.local/lib/python3.8/site-packages/airflow/example_dags/example_task_group.py for tasks to queue
[2023-11-03T00:20:31.320+0000] {logging_mixin.py:151} INFO - [2023-11-03T00:20:31.320+0000] {dagbag.py:536} INFO - Filling up the DagBag from /home/airflow/.local/lib/python3.8/site-packages/airflow/example_dags/example_task_group.py
[2023-11-03T00:20:31.328+0000] {processor.py:839} INFO - DAG(s) dict_keys(['example_task_group']) retrieved from /home/airflow/.local/lib/python3.8/site-packages/airflow/example_dags/example_task_group.py
[2023-11-03T00:20:31.356+0000] {logging_mixin.py:151} INFO - [2023-11-03T00:20:31.356+0000] {dag.py:2941} INFO - Sync 1 DAGs
[2023-11-03T00:20:31.384+0000] {logging_mixin.py:151} INFO - [2023-11-03T00:20:31.383+0000] {dag.py:3722} INFO - Setting next_dagrun for example_task_group to 2023-11-02T00:20:31.383515+00:00, run_after=2023-11-03T00:20:31.383515+00:00
[2023-11-03T00:20:31.412+0000] {processor.py:179} INFO - Processing /home/airflow/.local/lib/python3.8/site-packages/airflow/example_dags/example_task_group.py took 0.098 seconds
[2023-11-03T00:21:01.582+0000] {processor.py:157} INFO - Started process (PID=3456) to work on /home/airflow/.local/lib/python3.8/site-packages/airflow/example_dags/example_task_group.py
[2023-11-03T00:21:01.583+0000] {processor.py:829} INFO - Processing file /home/airflow/.local/lib/python3.8/site-packages/airflow/example_dags/example_task_group.py for tasks to queue
[2023-11-03T00:21:01.587+0000] {logging_mixin.py:151} INFO - [2023-11-03T00:21:01.586+0000] {dagbag.py:536} INFO - Filling up the DagBag from /home/airflow/.local/lib/python3.8/site-packages/airflow/example_dags/example_task_group.py
[2023-11-03T00:21:01.595+0000] {processor.py:839} INFO - DAG(s) dict_keys(['example_task_group']) retrieved from /home/airflow/.local/lib/python3.8/site-packages/airflow/example_dags/example_task_group.py
[2023-11-03T00:21:01.626+0000] {logging_mixin.py:151} INFO - [2023-11-03T00:21:01.626+0000] {dag.py:2941} INFO - Sync 1 DAGs
[2023-11-03T00:21:01.655+0000] {logging_mixin.py:151} INFO - [2023-11-03T00:21:01.654+0000] {dag.py:3722} INFO - Setting next_dagrun for example_task_group to 2023-11-02T00:21:01.654459+00:00, run_after=2023-11-03T00:21:01.654459+00:00
[2023-11-03T00:21:01.694+0000] {processor.py:179} INFO - Processing /home/airflow/.local/lib/python3.8/site-packages/airflow/example_dags/example_task_group.py took 0.115 seconds
[2023-11-03T00:21:31.742+0000] {processor.py:157} INFO - Started process (PID=3510) to work on /home/airflow/.local/lib/python3.8/site-packages/airflow/example_dags/example_task_group.py
[2023-11-03T00:21:31.743+0000] {processor.py:829} INFO - Processing file /home/airflow/.local/lib/python3.8/site-packages/airflow/example_dags/example_task_group.py for tasks to queue
[2023-11-03T00:21:31.746+0000] {logging_mixin.py:151} INFO - [2023-11-03T00:21:31.746+0000] {dagbag.py:536} INFO - Filling up the DagBag from /home/airflow/.local/lib/python3.8/site-packages/airflow/example_dags/example_task_group.py
[2023-11-03T00:21:31.754+0000] {processor.py:839} INFO - DAG(s) dict_keys(['example_task_group']) retrieved from /home/airflow/.local/lib/python3.8/site-packages/airflow/example_dags/example_task_group.py
[2023-11-03T00:21:31.781+0000] {logging_mixin.py:151} INFO - [2023-11-03T00:21:31.781+0000] {dag.py:2941} INFO - Sync 1 DAGs
[2023-11-03T00:21:31.807+0000] {logging_mixin.py:151} INFO - [2023-11-03T00:21:31.807+0000] {dag.py:3722} INFO - Setting next_dagrun for example_task_group to 2023-11-02T00:21:31.807266+00:00, run_after=2023-11-03T00:21:31.807266+00:00
[2023-11-03T00:21:31.855+0000] {processor.py:179} INFO - Processing /home/airflow/.local/lib/python3.8/site-packages/airflow/example_dags/example_task_group.py took 0.116 seconds
[2023-11-03T00:22:02.220+0000] {processor.py:157} INFO - Started process (PID=3564) to work on /home/airflow/.local/lib/python3.8/site-packages/airflow/example_dags/example_task_group.py
[2023-11-03T00:22:02.221+0000] {processor.py:829} INFO - Processing file /home/airflow/.local/lib/python3.8/site-packages/airflow/example_dags/example_task_group.py for tasks to queue
[2023-11-03T00:22:02.223+0000] {logging_mixin.py:151} INFO - [2023-11-03T00:22:02.223+0000] {dagbag.py:536} INFO - Filling up the DagBag from /home/airflow/.local/lib/python3.8/site-packages/airflow/example_dags/example_task_group.py
[2023-11-03T00:22:02.230+0000] {processor.py:839} INFO - DAG(s) dict_keys(['example_task_group']) retrieved from /home/airflow/.local/lib/python3.8/site-packages/airflow/example_dags/example_task_group.py
[2023-11-03T00:22:02.261+0000] {logging_mixin.py:151} INFO - [2023-11-03T00:22:02.260+0000] {dag.py:2941} INFO - Sync 1 DAGs
[2023-11-03T00:22:02.289+0000] {logging_mixin.py:151} INFO - [2023-11-03T00:22:02.288+0000] {dag.py:3722} INFO - Setting next_dagrun for example_task_group to 2023-11-02T00:22:02.288710+00:00, run_after=2023-11-03T00:22:02.288710+00:00
[2023-11-03T00:22:02.317+0000] {processor.py:179} INFO - Processing /home/airflow/.local/lib/python3.8/site-packages/airflow/example_dags/example_task_group.py took 0.100 seconds
[2023-11-03T00:22:32.544+0000] {processor.py:157} INFO - Started process (PID=3618) to work on /home/airflow/.local/lib/python3.8/site-packages/airflow/example_dags/example_task_group.py
[2023-11-03T00:22:32.545+0000] {processor.py:829} INFO - Processing file /home/airflow/.local/lib/python3.8/site-packages/airflow/example_dags/example_task_group.py for tasks to queue
[2023-11-03T00:22:32.547+0000] {logging_mixin.py:151} INFO - [2023-11-03T00:22:32.547+0000] {dagbag.py:536} INFO - Filling up the DagBag from /home/airflow/.local/lib/python3.8/site-packages/airflow/example_dags/example_task_group.py
[2023-11-03T00:22:32.555+0000] {processor.py:839} INFO - DAG(s) dict_keys(['example_task_group']) retrieved from /home/airflow/.local/lib/python3.8/site-packages/airflow/example_dags/example_task_group.py
[2023-11-03T00:22:32.583+0000] {logging_mixin.py:151} INFO - [2023-11-03T00:22:32.582+0000] {dag.py:2941} INFO - Sync 1 DAGs
[2023-11-03T00:22:32.611+0000] {logging_mixin.py:151} INFO - [2023-11-03T00:22:32.611+0000] {dag.py:3722} INFO - Setting next_dagrun for example_task_group to 2023-11-02T00:22:32.610935+00:00, run_after=2023-11-03T00:22:32.610935+00:00
[2023-11-03T00:22:32.639+0000] {processor.py:179} INFO - Processing /home/airflow/.local/lib/python3.8/site-packages/airflow/example_dags/example_task_group.py took 0.098 seconds
[2023-11-03T00:23:03.020+0000] {processor.py:157} INFO - Started process (PID=3672) to work on /home/airflow/.local/lib/python3.8/site-packages/airflow/example_dags/example_task_group.py
[2023-11-03T00:23:03.022+0000] {processor.py:829} INFO - Processing file /home/airflow/.local/lib/python3.8/site-packages/airflow/example_dags/example_task_group.py for tasks to queue
[2023-11-03T00:23:03.025+0000] {logging_mixin.py:151} INFO - [2023-11-03T00:23:03.025+0000] {dagbag.py:536} INFO - Filling up the DagBag from /home/airflow/.local/lib/python3.8/site-packages/airflow/example_dags/example_task_group.py
[2023-11-03T00:23:03.034+0000] {processor.py:839} INFO - DAG(s) dict_keys(['example_task_group']) retrieved from /home/airflow/.local/lib/python3.8/site-packages/airflow/example_dags/example_task_group.py
[2023-11-03T00:23:03.065+0000] {logging_mixin.py:151} INFO - [2023-11-03T00:23:03.065+0000] {dag.py:2941} INFO - Sync 1 DAGs
[2023-11-03T00:23:03.092+0000] {logging_mixin.py:151} INFO - [2023-11-03T00:23:03.092+0000] {dag.py:3722} INFO - Setting next_dagrun for example_task_group to 2023-11-02T00:23:03.092410+00:00, run_after=2023-11-03T00:23:03.092410+00:00
[2023-11-03T00:23:03.125+0000] {processor.py:179} INFO - Processing /home/airflow/.local/lib/python3.8/site-packages/airflow/example_dags/example_task_group.py took 0.108 seconds
[2023-11-03T00:23:33.621+0000] {processor.py:157} INFO - Started process (PID=3726) to work on /home/airflow/.local/lib/python3.8/site-packages/airflow/example_dags/example_task_group.py
[2023-11-03T00:23:33.622+0000] {processor.py:829} INFO - Processing file /home/airflow/.local/lib/python3.8/site-packages/airflow/example_dags/example_task_group.py for tasks to queue
[2023-11-03T00:23:33.625+0000] {logging_mixin.py:151} INFO - [2023-11-03T00:23:33.624+0000] {dagbag.py:536} INFO - Filling up the DagBag from /home/airflow/.local/lib/python3.8/site-packages/airflow/example_dags/example_task_group.py
[2023-11-03T00:23:33.632+0000] {processor.py:839} INFO - DAG(s) dict_keys(['example_task_group']) retrieved from /home/airflow/.local/lib/python3.8/site-packages/airflow/example_dags/example_task_group.py
[2023-11-03T00:23:33.660+0000] {logging_mixin.py:151} INFO - [2023-11-03T00:23:33.660+0000] {dag.py:2941} INFO - Sync 1 DAGs
[2023-11-03T00:23:33.687+0000] {logging_mixin.py:151} INFO - [2023-11-03T00:23:33.687+0000] {dag.py:3722} INFO - Setting next_dagrun for example_task_group to 2023-11-02T00:23:33.687071+00:00, run_after=2023-11-03T00:23:33.687071+00:00
[2023-11-03T00:23:33.716+0000] {processor.py:179} INFO - Processing /home/airflow/.local/lib/python3.8/site-packages/airflow/example_dags/example_task_group.py took 0.098 seconds
[2023-11-03T00:24:03.936+0000] {processor.py:157} INFO - Started process (PID=3780) to work on /home/airflow/.local/lib/python3.8/site-packages/airflow/example_dags/example_task_group.py
[2023-11-03T00:24:03.937+0000] {processor.py:829} INFO - Processing file /home/airflow/.local/lib/python3.8/site-packages/airflow/example_dags/example_task_group.py for tasks to queue
[2023-11-03T00:24:03.941+0000] {logging_mixin.py:151} INFO - [2023-11-03T00:24:03.940+0000] {dagbag.py:536} INFO - Filling up the DagBag from /home/airflow/.local/lib/python3.8/site-packages/airflow/example_dags/example_task_group.py
[2023-11-03T00:24:03.949+0000] {processor.py:839} INFO - DAG(s) dict_keys(['example_task_group']) retrieved from /home/airflow/.local/lib/python3.8/site-packages/airflow/example_dags/example_task_group.py
[2023-11-03T00:24:03.979+0000] {logging_mixin.py:151} INFO - [2023-11-03T00:24:03.979+0000] {dag.py:2941} INFO - Sync 1 DAGs
[2023-11-03T00:24:04.006+0000] {logging_mixin.py:151} INFO - [2023-11-03T00:24:04.006+0000] {dag.py:3722} INFO - Setting next_dagrun for example_task_group to 2023-11-02T00:24:04.005974+00:00, run_after=2023-11-03T00:24:04.005974+00:00
[2023-11-03T00:24:04.035+0000] {processor.py:179} INFO - Processing /home/airflow/.local/lib/python3.8/site-packages/airflow/example_dags/example_task_group.py took 0.103 seconds
[2023-11-03T00:24:34.100+0000] {processor.py:157} INFO - Started process (PID=3835) to work on /home/airflow/.local/lib/python3.8/site-packages/airflow/example_dags/example_task_group.py
[2023-11-03T00:24:34.101+0000] {processor.py:829} INFO - Processing file /home/airflow/.local/lib/python3.8/site-packages/airflow/example_dags/example_task_group.py for tasks to queue
[2023-11-03T00:24:34.104+0000] {logging_mixin.py:151} INFO - [2023-11-03T00:24:34.103+0000] {dagbag.py:536} INFO - Filling up the DagBag from /home/airflow/.local/lib/python3.8/site-packages/airflow/example_dags/example_task_group.py
[2023-11-03T00:24:34.111+0000] {processor.py:839} INFO - DAG(s) dict_keys(['example_task_group']) retrieved from /home/airflow/.local/lib/python3.8/site-packages/airflow/example_dags/example_task_group.py
[2023-11-03T00:24:34.138+0000] {logging_mixin.py:151} INFO - [2023-11-03T00:24:34.138+0000] {dag.py:2941} INFO - Sync 1 DAGs
[2023-11-03T00:24:34.164+0000] {logging_mixin.py:151} INFO - [2023-11-03T00:24:34.164+0000] {dag.py:3722} INFO - Setting next_dagrun for example_task_group to 2023-11-02T00:24:34.163851+00:00, run_after=2023-11-03T00:24:34.163851+00:00
[2023-11-03T00:24:34.192+0000] {processor.py:179} INFO - Processing /home/airflow/.local/lib/python3.8/site-packages/airflow/example_dags/example_task_group.py took 0.095 seconds
[2023-11-03T00:25:04.259+0000] {processor.py:157} INFO - Started process (PID=3888) to work on /home/airflow/.local/lib/python3.8/site-packages/airflow/example_dags/example_task_group.py
[2023-11-03T00:25:04.260+0000] {processor.py:829} INFO - Processing file /home/airflow/.local/lib/python3.8/site-packages/airflow/example_dags/example_task_group.py for tasks to queue
[2023-11-03T00:25:04.262+0000] {logging_mixin.py:151} INFO - [2023-11-03T00:25:04.262+0000] {dagbag.py:536} INFO - Filling up the DagBag from /home/airflow/.local/lib/python3.8/site-packages/airflow/example_dags/example_task_group.py
[2023-11-03T00:25:04.270+0000] {processor.py:839} INFO - DAG(s) dict_keys(['example_task_group']) retrieved from /home/airflow/.local/lib/python3.8/site-packages/airflow/example_dags/example_task_group.py
[2023-11-03T00:25:04.298+0000] {logging_mixin.py:151} INFO - [2023-11-03T00:25:04.297+0000] {dag.py:2941} INFO - Sync 1 DAGs
[2023-11-03T00:25:04.321+0000] {logging_mixin.py:151} INFO - [2023-11-03T00:25:04.321+0000] {dag.py:3722} INFO - Setting next_dagrun for example_task_group to 2023-11-02T00:25:04.320899+00:00, run_after=2023-11-03T00:25:04.320899+00:00
[2023-11-03T00:25:04.348+0000] {processor.py:179} INFO - Processing /home/airflow/.local/lib/python3.8/site-packages/airflow/example_dags/example_task_group.py took 0.093 seconds
[2023-11-03T00:25:34.527+0000] {processor.py:157} INFO - Started process (PID=3942) to work on /home/airflow/.local/lib/python3.8/site-packages/airflow/example_dags/example_task_group.py
[2023-11-03T00:25:34.528+0000] {processor.py:829} INFO - Processing file /home/airflow/.local/lib/python3.8/site-packages/airflow/example_dags/example_task_group.py for tasks to queue
[2023-11-03T00:25:34.531+0000] {logging_mixin.py:151} INFO - [2023-11-03T00:25:34.530+0000] {dagbag.py:536} INFO - Filling up the DagBag from /home/airflow/.local/lib/python3.8/site-packages/airflow/example_dags/example_task_group.py
[2023-11-03T00:25:34.538+0000] {processor.py:839} INFO - DAG(s) dict_keys(['example_task_group']) retrieved from /home/airflow/.local/lib/python3.8/site-packages/airflow/example_dags/example_task_group.py
[2023-11-03T00:25:34.565+0000] {logging_mixin.py:151} INFO - [2023-11-03T00:25:34.565+0000] {dag.py:2941} INFO - Sync 1 DAGs
[2023-11-03T00:25:34.589+0000] {logging_mixin.py:151} INFO - [2023-11-03T00:25:34.589+0000] {dag.py:3722} INFO - Setting next_dagrun for example_task_group to 2023-11-02T00:25:34.589208+00:00, run_after=2023-11-03T00:25:34.589208+00:00
[2023-11-03T00:25:34.615+0000] {processor.py:179} INFO - Processing /home/airflow/.local/lib/python3.8/site-packages/airflow/example_dags/example_task_group.py took 0.092 seconds
[2023-11-03T00:26:04.673+0000] {processor.py:157} INFO - Started process (PID=3996) to work on /home/airflow/.local/lib/python3.8/site-packages/airflow/example_dags/example_task_group.py
[2023-11-03T00:26:04.674+0000] {processor.py:829} INFO - Processing file /home/airflow/.local/lib/python3.8/site-packages/airflow/example_dags/example_task_group.py for tasks to queue
[2023-11-03T00:26:04.677+0000] {logging_mixin.py:151} INFO - [2023-11-03T00:26:04.677+0000] {dagbag.py:536} INFO - Filling up the DagBag from /home/airflow/.local/lib/python3.8/site-packages/airflow/example_dags/example_task_group.py
[2023-11-03T00:26:04.685+0000] {processor.py:839} INFO - DAG(s) dict_keys(['example_task_group']) retrieved from /home/airflow/.local/lib/python3.8/site-packages/airflow/example_dags/example_task_group.py
[2023-11-03T00:26:04.711+0000] {logging_mixin.py:151} INFO - [2023-11-03T00:26:04.711+0000] {dag.py:2941} INFO - Sync 1 DAGs
[2023-11-03T00:26:04.735+0000] {logging_mixin.py:151} INFO - [2023-11-03T00:26:04.735+0000] {dag.py:3722} INFO - Setting next_dagrun for example_task_group to 2023-11-02T00:26:04.735196+00:00, run_after=2023-11-03T00:26:04.735196+00:00
[2023-11-03T00:26:04.763+0000] {processor.py:179} INFO - Processing /home/airflow/.local/lib/python3.8/site-packages/airflow/example_dags/example_task_group.py took 0.094 seconds
[2023-11-03T00:26:34.854+0000] {processor.py:157} INFO - Started process (PID=4050) to work on /home/airflow/.local/lib/python3.8/site-packages/airflow/example_dags/example_task_group.py
[2023-11-03T00:26:34.856+0000] {processor.py:829} INFO - Processing file /home/airflow/.local/lib/python3.8/site-packages/airflow/example_dags/example_task_group.py for tasks to queue
[2023-11-03T00:26:34.859+0000] {logging_mixin.py:151} INFO - [2023-11-03T00:26:34.858+0000] {dagbag.py:536} INFO - Filling up the DagBag from /home/airflow/.local/lib/python3.8/site-packages/airflow/example_dags/example_task_group.py
[2023-11-03T00:26:34.865+0000] {processor.py:839} INFO - DAG(s) dict_keys(['example_task_group']) retrieved from /home/airflow/.local/lib/python3.8/site-packages/airflow/example_dags/example_task_group.py
[2023-11-03T00:26:34.892+0000] {logging_mixin.py:151} INFO - [2023-11-03T00:26:34.892+0000] {dag.py:2941} INFO - Sync 1 DAGs
[2023-11-03T00:26:34.916+0000] {logging_mixin.py:151} INFO - [2023-11-03T00:26:34.916+0000] {dag.py:3722} INFO - Setting next_dagrun for example_task_group to 2023-11-02T00:26:34.916568+00:00, run_after=2023-11-03T00:26:34.916568+00:00
[2023-11-03T00:26:34.942+0000] {processor.py:179} INFO - Processing /home/airflow/.local/lib/python3.8/site-packages/airflow/example_dags/example_task_group.py took 0.090 seconds
[2023-11-03T00:27:05.139+0000] {processor.py:157} INFO - Started process (PID=4104) to work on /home/airflow/.local/lib/python3.8/site-packages/airflow/example_dags/example_task_group.py
[2023-11-03T00:27:05.140+0000] {processor.py:829} INFO - Processing file /home/airflow/.local/lib/python3.8/site-packages/airflow/example_dags/example_task_group.py for tasks to queue
[2023-11-03T00:27:05.142+0000] {logging_mixin.py:151} INFO - [2023-11-03T00:27:05.142+0000] {dagbag.py:536} INFO - Filling up the DagBag from /home/airflow/.local/lib/python3.8/site-packages/airflow/example_dags/example_task_group.py
[2023-11-03T00:27:05.149+0000] {processor.py:839} INFO - DAG(s) dict_keys(['example_task_group']) retrieved from /home/airflow/.local/lib/python3.8/site-packages/airflow/example_dags/example_task_group.py
[2023-11-03T00:27:05.175+0000] {logging_mixin.py:151} INFO - [2023-11-03T00:27:05.175+0000] {dag.py:2941} INFO - Sync 1 DAGs
[2023-11-03T00:27:05.200+0000] {logging_mixin.py:151} INFO - [2023-11-03T00:27:05.200+0000] {dag.py:3722} INFO - Setting next_dagrun for example_task_group to 2023-11-02T00:27:05.200114+00:00, run_after=2023-11-03T00:27:05.200114+00:00
[2023-11-03T00:27:05.228+0000] {processor.py:179} INFO - Processing /home/airflow/.local/lib/python3.8/site-packages/airflow/example_dags/example_task_group.py took 0.092 seconds
[2023-11-03T00:27:35.309+0000] {processor.py:157} INFO - Started process (PID=4158) to work on /home/airflow/.local/lib/python3.8/site-packages/airflow/example_dags/example_task_group.py
[2023-11-03T00:27:35.310+0000] {processor.py:829} INFO - Processing file /home/airflow/.local/lib/python3.8/site-packages/airflow/example_dags/example_task_group.py for tasks to queue
[2023-11-03T00:27:35.313+0000] {logging_mixin.py:151} INFO - [2023-11-03T00:27:35.312+0000] {dagbag.py:536} INFO - Filling up the DagBag from /home/airflow/.local/lib/python3.8/site-packages/airflow/example_dags/example_task_group.py
[2023-11-03T00:27:35.320+0000] {processor.py:839} INFO - DAG(s) dict_keys(['example_task_group']) retrieved from /home/airflow/.local/lib/python3.8/site-packages/airflow/example_dags/example_task_group.py
[2023-11-03T00:27:35.347+0000] {logging_mixin.py:151} INFO - [2023-11-03T00:27:35.347+0000] {dag.py:2941} INFO - Sync 1 DAGs
[2023-11-03T00:27:35.371+0000] {logging_mixin.py:151} INFO - [2023-11-03T00:27:35.371+0000] {dag.py:3722} INFO - Setting next_dagrun for example_task_group to 2023-11-02T00:27:35.371004+00:00, run_after=2023-11-03T00:27:35.371004+00:00
[2023-11-03T00:27:35.395+0000] {processor.py:179} INFO - Processing /home/airflow/.local/lib/python3.8/site-packages/airflow/example_dags/example_task_group.py took 0.089 seconds
[2023-11-03T00:28:05.530+0000] {processor.py:157} INFO - Started process (PID=4212) to work on /home/airflow/.local/lib/python3.8/site-packages/airflow/example_dags/example_task_group.py
[2023-11-03T00:28:05.532+0000] {processor.py:829} INFO - Processing file /home/airflow/.local/lib/python3.8/site-packages/airflow/example_dags/example_task_group.py for tasks to queue
[2023-11-03T00:28:05.533+0000] {logging_mixin.py:151} INFO - [2023-11-03T00:28:05.533+0000] {dagbag.py:536} INFO - Filling up the DagBag from /home/airflow/.local/lib/python3.8/site-packages/airflow/example_dags/example_task_group.py
[2023-11-03T00:28:05.540+0000] {processor.py:839} INFO - DAG(s) dict_keys(['example_task_group']) retrieved from /home/airflow/.local/lib/python3.8/site-packages/airflow/example_dags/example_task_group.py
[2023-11-03T00:28:05.564+0000] {logging_mixin.py:151} INFO - [2023-11-03T00:28:05.564+0000] {dag.py:2941} INFO - Sync 1 DAGs
[2023-11-03T00:28:05.588+0000] {logging_mixin.py:151} INFO - [2023-11-03T00:28:05.588+0000] {dag.py:3722} INFO - Setting next_dagrun for example_task_group to 2023-11-02T00:28:05.587888+00:00, run_after=2023-11-03T00:28:05.587888+00:00
[2023-11-03T00:28:05.614+0000] {processor.py:179} INFO - Processing /home/airflow/.local/lib/python3.8/site-packages/airflow/example_dags/example_task_group.py took 0.087 seconds
[2023-11-03T00:28:35.763+0000] {processor.py:157} INFO - Started process (PID=4266) to work on /home/airflow/.local/lib/python3.8/site-packages/airflow/example_dags/example_task_group.py
[2023-11-03T00:28:35.765+0000] {processor.py:829} INFO - Processing file /home/airflow/.local/lib/python3.8/site-packages/airflow/example_dags/example_task_group.py for tasks to queue
[2023-11-03T00:28:35.767+0000] {logging_mixin.py:151} INFO - [2023-11-03T00:28:35.766+0000] {dagbag.py:536} INFO - Filling up the DagBag from /home/airflow/.local/lib/python3.8/site-packages/airflow/example_dags/example_task_group.py
[2023-11-03T00:28:35.774+0000] {processor.py:839} INFO - DAG(s) dict_keys(['example_task_group']) retrieved from /home/airflow/.local/lib/python3.8/site-packages/airflow/example_dags/example_task_group.py
[2023-11-03T00:28:35.800+0000] {logging_mixin.py:151} INFO - [2023-11-03T00:28:35.799+0000] {dag.py:2941} INFO - Sync 1 DAGs
[2023-11-03T00:28:35.825+0000] {logging_mixin.py:151} INFO - [2023-11-03T00:28:35.825+0000] {dag.py:3722} INFO - Setting next_dagrun for example_task_group to 2023-11-02T00:28:35.824908+00:00, run_after=2023-11-03T00:28:35.824908+00:00
[2023-11-03T00:28:35.851+0000] {processor.py:179} INFO - Processing /home/airflow/.local/lib/python3.8/site-packages/airflow/example_dags/example_task_group.py took 0.090 seconds
[2023-11-03T00:29:06.104+0000] {processor.py:157} INFO - Started process (PID=4321) to work on /home/airflow/.local/lib/python3.8/site-packages/airflow/example_dags/example_task_group.py
[2023-11-03T00:29:06.104+0000] {processor.py:829} INFO - Processing file /home/airflow/.local/lib/python3.8/site-packages/airflow/example_dags/example_task_group.py for tasks to queue
[2023-11-03T00:29:06.106+0000] {logging_mixin.py:151} INFO - [2023-11-03T00:29:06.106+0000] {dagbag.py:536} INFO - Filling up the DagBag from /home/airflow/.local/lib/python3.8/site-packages/airflow/example_dags/example_task_group.py
[2023-11-03T00:29:06.113+0000] {processor.py:839} INFO - DAG(s) dict_keys(['example_task_group']) retrieved from /home/airflow/.local/lib/python3.8/site-packages/airflow/example_dags/example_task_group.py
[2023-11-03T00:29:06.139+0000] {logging_mixin.py:151} INFO - [2023-11-03T00:29:06.139+0000] {dag.py:2941} INFO - Sync 1 DAGs
[2023-11-03T00:29:06.163+0000] {logging_mixin.py:151} INFO - [2023-11-03T00:29:06.163+0000] {dag.py:3722} INFO - Setting next_dagrun for example_task_group to 2023-11-02T00:29:06.162892+00:00, run_after=2023-11-03T00:29:06.162892+00:00
[2023-11-03T00:29:06.187+0000] {processor.py:179} INFO - Processing /home/airflow/.local/lib/python3.8/site-packages/airflow/example_dags/example_task_group.py took 0.087 seconds
[2023-11-03T00:29:36.348+0000] {processor.py:157} INFO - Started process (PID=4375) to work on /home/airflow/.local/lib/python3.8/site-packages/airflow/example_dags/example_task_group.py
[2023-11-03T00:29:36.349+0000] {processor.py:829} INFO - Processing file /home/airflow/.local/lib/python3.8/site-packages/airflow/example_dags/example_task_group.py for tasks to queue
[2023-11-03T00:29:36.352+0000] {logging_mixin.py:151} INFO - [2023-11-03T00:29:36.351+0000] {dagbag.py:536} INFO - Filling up the DagBag from /home/airflow/.local/lib/python3.8/site-packages/airflow/example_dags/example_task_group.py
[2023-11-03T00:29:36.359+0000] {processor.py:839} INFO - DAG(s) dict_keys(['example_task_group']) retrieved from /home/airflow/.local/lib/python3.8/site-packages/airflow/example_dags/example_task_group.py
[2023-11-03T00:29:36.386+0000] {logging_mixin.py:151} INFO - [2023-11-03T00:29:36.386+0000] {dag.py:2941} INFO - Sync 1 DAGs
[2023-11-03T00:29:36.411+0000] {logging_mixin.py:151} INFO - [2023-11-03T00:29:36.411+0000] {dag.py:3722} INFO - Setting next_dagrun for example_task_group to 2023-11-02T00:29:36.411358+00:00, run_after=2023-11-03T00:29:36.411358+00:00
[2023-11-03T00:29:36.439+0000] {processor.py:179} INFO - Processing /home/airflow/.local/lib/python3.8/site-packages/airflow/example_dags/example_task_group.py took 0.095 seconds
[2023-11-03T00:30:06.696+0000] {processor.py:157} INFO - Started process (PID=4428) to work on /home/airflow/.local/lib/python3.8/site-packages/airflow/example_dags/example_task_group.py
[2023-11-03T00:30:06.698+0000] {processor.py:829} INFO - Processing file /home/airflow/.local/lib/python3.8/site-packages/airflow/example_dags/example_task_group.py for tasks to queue
[2023-11-03T00:30:06.701+0000] {logging_mixin.py:151} INFO - [2023-11-03T00:30:06.701+0000] {dagbag.py:536} INFO - Filling up the DagBag from /home/airflow/.local/lib/python3.8/site-packages/airflow/example_dags/example_task_group.py
[2023-11-03T00:30:06.709+0000] {processor.py:839} INFO - DAG(s) dict_keys(['example_task_group']) retrieved from /home/airflow/.local/lib/python3.8/site-packages/airflow/example_dags/example_task_group.py
[2023-11-03T00:30:06.736+0000] {logging_mixin.py:151} INFO - [2023-11-03T00:30:06.736+0000] {dag.py:2941} INFO - Sync 1 DAGs
[2023-11-03T00:30:06.762+0000] {logging_mixin.py:151} INFO - [2023-11-03T00:30:06.762+0000] {dag.py:3722} INFO - Setting next_dagrun for example_task_group to 2023-11-02T00:30:06.762036+00:00, run_after=2023-11-03T00:30:06.762036+00:00
[2023-11-03T00:30:06.799+0000] {processor.py:179} INFO - Processing /home/airflow/.local/lib/python3.8/site-packages/airflow/example_dags/example_task_group.py took 0.106 seconds
[2023-11-03T00:30:37.505+0000] {processor.py:157} INFO - Started process (PID=4482) to work on /home/airflow/.local/lib/python3.8/site-packages/airflow/example_dags/example_task_group.py
[2023-11-03T00:30:37.507+0000] {processor.py:829} INFO - Processing file /home/airflow/.local/lib/python3.8/site-packages/airflow/example_dags/example_task_group.py for tasks to queue
[2023-11-03T00:30:37.509+0000] {logging_mixin.py:151} INFO - [2023-11-03T00:30:37.509+0000] {dagbag.py:536} INFO - Filling up the DagBag from /home/airflow/.local/lib/python3.8/site-packages/airflow/example_dags/example_task_group.py
[2023-11-03T00:30:37.517+0000] {processor.py:839} INFO - DAG(s) dict_keys(['example_task_group']) retrieved from /home/airflow/.local/lib/python3.8/site-packages/airflow/example_dags/example_task_group.py
[2023-11-03T00:30:37.543+0000] {logging_mixin.py:151} INFO - [2023-11-03T00:30:37.543+0000] {dag.py:2941} INFO - Sync 1 DAGs
[2023-11-03T00:30:37.570+0000] {logging_mixin.py:151} INFO - [2023-11-03T00:30:37.569+0000] {dag.py:3722} INFO - Setting next_dagrun for example_task_group to 2023-11-02T00:30:37.569494+00:00, run_after=2023-11-03T00:30:37.569494+00:00
[2023-11-03T00:30:37.595+0000] {processor.py:179} INFO - Processing /home/airflow/.local/lib/python3.8/site-packages/airflow/example_dags/example_task_group.py took 0.094 seconds
