[2023-11-03T00:00:11.394+0000] {processor.py:157} INFO - Started process (PID=1257) to work on /home/airflow/.local/lib/python3.8/site-packages/airflow/example_dags/example_bash_operator.py
[2023-11-03T00:00:11.395+0000] {processor.py:829} INFO - Processing file /home/airflow/.local/lib/python3.8/site-packages/airflow/example_dags/example_bash_operator.py for tasks to queue
[2023-11-03T00:00:11.397+0000] {logging_mixin.py:151} INFO - [2023-11-03T00:00:11.397+0000] {dagbag.py:536} INFO - Filling up the DagBag from /home/airflow/.local/lib/python3.8/site-packages/airflow/example_dags/example_bash_operator.py
[2023-11-03T00:00:11.409+0000] {processor.py:839} INFO - DAG(s) dict_keys(['example_bash_operator']) retrieved from /home/airflow/.local/lib/python3.8/site-packages/airflow/example_dags/example_bash_operator.py
[2023-11-03T00:00:11.452+0000] {logging_mixin.py:151} INFO - [2023-11-03T00:00:11.451+0000] {dag.py:2941} INFO - Sync 1 DAGs
[2023-11-03T00:00:11.481+0000] {logging_mixin.py:151} INFO - [2023-11-03T00:00:11.481+0000] {dag.py:3722} INFO - Setting next_dagrun for example_bash_operator to 2023-11-02T00:00:00+00:00, run_after=2023-11-03T00:00:00+00:00
[2023-11-03T00:00:11.517+0000] {processor.py:179} INFO - Processing /home/airflow/.local/lib/python3.8/site-packages/airflow/example_dags/example_bash_operator.py took 0.126 seconds
[2023-11-03T00:00:41.688+0000] {processor.py:157} INFO - Started process (PID=1311) to work on /home/airflow/.local/lib/python3.8/site-packages/airflow/example_dags/example_bash_operator.py
[2023-11-03T00:00:41.689+0000] {processor.py:829} INFO - Processing file /home/airflow/.local/lib/python3.8/site-packages/airflow/example_dags/example_bash_operator.py for tasks to queue
[2023-11-03T00:00:41.692+0000] {logging_mixin.py:151} INFO - [2023-11-03T00:00:41.691+0000] {dagbag.py:536} INFO - Filling up the DagBag from /home/airflow/.local/lib/python3.8/site-packages/airflow/example_dags/example_bash_operator.py
[2023-11-03T00:00:41.707+0000] {processor.py:839} INFO - DAG(s) dict_keys(['example_bash_operator']) retrieved from /home/airflow/.local/lib/python3.8/site-packages/airflow/example_dags/example_bash_operator.py
[2023-11-03T00:00:41.764+0000] {logging_mixin.py:151} INFO - [2023-11-03T00:00:41.764+0000] {dag.py:2941} INFO - Sync 1 DAGs
[2023-11-03T00:00:41.804+0000] {logging_mixin.py:151} INFO - [2023-11-03T00:00:41.804+0000] {dag.py:3722} INFO - Setting next_dagrun for example_bash_operator to 2023-11-02T00:00:00+00:00, run_after=2023-11-03T00:00:00+00:00
[2023-11-03T00:00:41.848+0000] {processor.py:179} INFO - Processing /home/airflow/.local/lib/python3.8/site-packages/airflow/example_dags/example_bash_operator.py took 0.164 seconds
[2023-11-03T00:01:12.068+0000] {processor.py:157} INFO - Started process (PID=1365) to work on /home/airflow/.local/lib/python3.8/site-packages/airflow/example_dags/example_bash_operator.py
[2023-11-03T00:01:12.069+0000] {processor.py:829} INFO - Processing file /home/airflow/.local/lib/python3.8/site-packages/airflow/example_dags/example_bash_operator.py for tasks to queue
[2023-11-03T00:01:12.072+0000] {logging_mixin.py:151} INFO - [2023-11-03T00:01:12.071+0000] {dagbag.py:536} INFO - Filling up the DagBag from /home/airflow/.local/lib/python3.8/site-packages/airflow/example_dags/example_bash_operator.py
[2023-11-03T00:01:12.084+0000] {processor.py:839} INFO - DAG(s) dict_keys(['example_bash_operator']) retrieved from /home/airflow/.local/lib/python3.8/site-packages/airflow/example_dags/example_bash_operator.py
[2023-11-03T00:01:12.120+0000] {logging_mixin.py:151} INFO - [2023-11-03T00:01:12.120+0000] {dag.py:2941} INFO - Sync 1 DAGs
[2023-11-03T00:01:12.147+0000] {logging_mixin.py:151} INFO - [2023-11-03T00:01:12.147+0000] {dag.py:3722} INFO - Setting next_dagrun for example_bash_operator to 2023-11-02T00:00:00+00:00, run_after=2023-11-03T00:00:00+00:00
[2023-11-03T00:01:12.176+0000] {processor.py:179} INFO - Processing /home/airflow/.local/lib/python3.8/site-packages/airflow/example_dags/example_bash_operator.py took 0.111 seconds
[2023-11-03T00:01:42.650+0000] {processor.py:157} INFO - Started process (PID=1419) to work on /home/airflow/.local/lib/python3.8/site-packages/airflow/example_dags/example_bash_operator.py
[2023-11-03T00:01:42.652+0000] {processor.py:829} INFO - Processing file /home/airflow/.local/lib/python3.8/site-packages/airflow/example_dags/example_bash_operator.py for tasks to queue
[2023-11-03T00:01:42.653+0000] {logging_mixin.py:151} INFO - [2023-11-03T00:01:42.653+0000] {dagbag.py:536} INFO - Filling up the DagBag from /home/airflow/.local/lib/python3.8/site-packages/airflow/example_dags/example_bash_operator.py
[2023-11-03T00:01:42.664+0000] {processor.py:839} INFO - DAG(s) dict_keys(['example_bash_operator']) retrieved from /home/airflow/.local/lib/python3.8/site-packages/airflow/example_dags/example_bash_operator.py
[2023-11-03T00:01:42.697+0000] {logging_mixin.py:151} INFO - [2023-11-03T00:01:42.697+0000] {dag.py:2941} INFO - Sync 1 DAGs
[2023-11-03T00:01:42.723+0000] {logging_mixin.py:151} INFO - [2023-11-03T00:01:42.723+0000] {dag.py:3722} INFO - Setting next_dagrun for example_bash_operator to 2023-11-02T00:00:00+00:00, run_after=2023-11-03T00:00:00+00:00
[2023-11-03T00:01:42.750+0000] {processor.py:179} INFO - Processing /home/airflow/.local/lib/python3.8/site-packages/airflow/example_dags/example_bash_operator.py took 0.102 seconds
[2023-11-03T00:02:13.339+0000] {processor.py:157} INFO - Started process (PID=1473) to work on /home/airflow/.local/lib/python3.8/site-packages/airflow/example_dags/example_bash_operator.py
[2023-11-03T00:02:13.340+0000] {processor.py:829} INFO - Processing file /home/airflow/.local/lib/python3.8/site-packages/airflow/example_dags/example_bash_operator.py for tasks to queue
[2023-11-03T00:02:13.342+0000] {logging_mixin.py:151} INFO - [2023-11-03T00:02:13.342+0000] {dagbag.py:536} INFO - Filling up the DagBag from /home/airflow/.local/lib/python3.8/site-packages/airflow/example_dags/example_bash_operator.py
[2023-11-03T00:02:13.354+0000] {processor.py:839} INFO - DAG(s) dict_keys(['example_bash_operator']) retrieved from /home/airflow/.local/lib/python3.8/site-packages/airflow/example_dags/example_bash_operator.py
[2023-11-03T00:02:13.389+0000] {logging_mixin.py:151} INFO - [2023-11-03T00:02:13.389+0000] {dag.py:2941} INFO - Sync 1 DAGs
[2023-11-03T00:02:13.417+0000] {logging_mixin.py:151} INFO - [2023-11-03T00:02:13.417+0000] {dag.py:3722} INFO - Setting next_dagrun for example_bash_operator to 2023-11-02T00:00:00+00:00, run_after=2023-11-03T00:00:00+00:00
[2023-11-03T00:02:13.449+0000] {processor.py:179} INFO - Processing /home/airflow/.local/lib/python3.8/site-packages/airflow/example_dags/example_bash_operator.py took 0.113 seconds
[2023-11-03T00:02:43.853+0000] {processor.py:157} INFO - Started process (PID=1527) to work on /home/airflow/.local/lib/python3.8/site-packages/airflow/example_dags/example_bash_operator.py
[2023-11-03T00:02:43.855+0000] {processor.py:829} INFO - Processing file /home/airflow/.local/lib/python3.8/site-packages/airflow/example_dags/example_bash_operator.py for tasks to queue
[2023-11-03T00:02:43.858+0000] {logging_mixin.py:151} INFO - [2023-11-03T00:02:43.858+0000] {dagbag.py:536} INFO - Filling up the DagBag from /home/airflow/.local/lib/python3.8/site-packages/airflow/example_dags/example_bash_operator.py
[2023-11-03T00:02:43.870+0000] {processor.py:839} INFO - DAG(s) dict_keys(['example_bash_operator']) retrieved from /home/airflow/.local/lib/python3.8/site-packages/airflow/example_dags/example_bash_operator.py
[2023-11-03T00:02:43.904+0000] {logging_mixin.py:151} INFO - [2023-11-03T00:02:43.904+0000] {dag.py:2941} INFO - Sync 1 DAGs
[2023-11-03T00:02:43.934+0000] {logging_mixin.py:151} INFO - [2023-11-03T00:02:43.934+0000] {dag.py:3722} INFO - Setting next_dagrun for example_bash_operator to 2023-11-02T00:00:00+00:00, run_after=2023-11-03T00:00:00+00:00
[2023-11-03T00:02:43.964+0000] {processor.py:179} INFO - Processing /home/airflow/.local/lib/python3.8/site-packages/airflow/example_dags/example_bash_operator.py took 0.114 seconds
[2023-11-03T00:03:14.382+0000] {processor.py:157} INFO - Started process (PID=1581) to work on /home/airflow/.local/lib/python3.8/site-packages/airflow/example_dags/example_bash_operator.py
[2023-11-03T00:03:14.383+0000] {processor.py:829} INFO - Processing file /home/airflow/.local/lib/python3.8/site-packages/airflow/example_dags/example_bash_operator.py for tasks to queue
[2023-11-03T00:03:14.386+0000] {logging_mixin.py:151} INFO - [2023-11-03T00:03:14.385+0000] {dagbag.py:536} INFO - Filling up the DagBag from /home/airflow/.local/lib/python3.8/site-packages/airflow/example_dags/example_bash_operator.py
[2023-11-03T00:03:14.401+0000] {processor.py:839} INFO - DAG(s) dict_keys(['example_bash_operator']) retrieved from /home/airflow/.local/lib/python3.8/site-packages/airflow/example_dags/example_bash_operator.py
[2023-11-03T00:03:14.442+0000] {logging_mixin.py:151} INFO - [2023-11-03T00:03:14.442+0000] {dag.py:2941} INFO - Sync 1 DAGs
[2023-11-03T00:03:14.471+0000] {logging_mixin.py:151} INFO - [2023-11-03T00:03:14.470+0000] {dag.py:3722} INFO - Setting next_dagrun for example_bash_operator to 2023-11-02T00:00:00+00:00, run_after=2023-11-03T00:00:00+00:00
[2023-11-03T00:03:14.500+0000] {processor.py:179} INFO - Processing /home/airflow/.local/lib/python3.8/site-packages/airflow/example_dags/example_bash_operator.py took 0.122 seconds
[2023-11-03T00:03:44.772+0000] {processor.py:157} INFO - Started process (PID=1635) to work on /home/airflow/.local/lib/python3.8/site-packages/airflow/example_dags/example_bash_operator.py
[2023-11-03T00:03:44.773+0000] {processor.py:829} INFO - Processing file /home/airflow/.local/lib/python3.8/site-packages/airflow/example_dags/example_bash_operator.py for tasks to queue
[2023-11-03T00:03:44.775+0000] {logging_mixin.py:151} INFO - [2023-11-03T00:03:44.775+0000] {dagbag.py:536} INFO - Filling up the DagBag from /home/airflow/.local/lib/python3.8/site-packages/airflow/example_dags/example_bash_operator.py
[2023-11-03T00:03:44.787+0000] {processor.py:839} INFO - DAG(s) dict_keys(['example_bash_operator']) retrieved from /home/airflow/.local/lib/python3.8/site-packages/airflow/example_dags/example_bash_operator.py
[2023-11-03T00:03:44.821+0000] {logging_mixin.py:151} INFO - [2023-11-03T00:03:44.821+0000] {dag.py:2941} INFO - Sync 1 DAGs
[2023-11-03T00:03:44.846+0000] {logging_mixin.py:151} INFO - [2023-11-03T00:03:44.846+0000] {dag.py:3722} INFO - Setting next_dagrun for example_bash_operator to 2023-11-02T00:00:00+00:00, run_after=2023-11-03T00:00:00+00:00
[2023-11-03T00:03:44.871+0000] {processor.py:179} INFO - Processing /home/airflow/.local/lib/python3.8/site-packages/airflow/example_dags/example_bash_operator.py took 0.102 seconds
[2023-11-03T00:04:15.404+0000] {processor.py:157} INFO - Started process (PID=1688) to work on /home/airflow/.local/lib/python3.8/site-packages/airflow/example_dags/example_bash_operator.py
[2023-11-03T00:04:15.405+0000] {processor.py:829} INFO - Processing file /home/airflow/.local/lib/python3.8/site-packages/airflow/example_dags/example_bash_operator.py for tasks to queue
[2023-11-03T00:04:15.408+0000] {logging_mixin.py:151} INFO - [2023-11-03T00:04:15.407+0000] {dagbag.py:536} INFO - Filling up the DagBag from /home/airflow/.local/lib/python3.8/site-packages/airflow/example_dags/example_bash_operator.py
[2023-11-03T00:04:15.420+0000] {processor.py:839} INFO - DAG(s) dict_keys(['example_bash_operator']) retrieved from /home/airflow/.local/lib/python3.8/site-packages/airflow/example_dags/example_bash_operator.py
[2023-11-03T00:04:15.457+0000] {logging_mixin.py:151} INFO - [2023-11-03T00:04:15.457+0000] {dag.py:2941} INFO - Sync 1 DAGs
[2023-11-03T00:04:15.484+0000] {logging_mixin.py:151} INFO - [2023-11-03T00:04:15.484+0000] {dag.py:3722} INFO - Setting next_dagrun for example_bash_operator to 2023-11-02T00:00:00+00:00, run_after=2023-11-03T00:00:00+00:00
[2023-11-03T00:04:15.512+0000] {processor.py:179} INFO - Processing /home/airflow/.local/lib/python3.8/site-packages/airflow/example_dags/example_bash_operator.py took 0.111 seconds
[2023-11-03T00:04:45.864+0000] {processor.py:157} INFO - Started process (PID=1742) to work on /home/airflow/.local/lib/python3.8/site-packages/airflow/example_dags/example_bash_operator.py
[2023-11-03T00:04:45.866+0000] {processor.py:829} INFO - Processing file /home/airflow/.local/lib/python3.8/site-packages/airflow/example_dags/example_bash_operator.py for tasks to queue
[2023-11-03T00:04:45.870+0000] {logging_mixin.py:151} INFO - [2023-11-03T00:04:45.869+0000] {dagbag.py:536} INFO - Filling up the DagBag from /home/airflow/.local/lib/python3.8/site-packages/airflow/example_dags/example_bash_operator.py
[2023-11-03T00:04:45.892+0000] {processor.py:839} INFO - DAG(s) dict_keys(['example_bash_operator']) retrieved from /home/airflow/.local/lib/python3.8/site-packages/airflow/example_dags/example_bash_operator.py
[2023-11-03T00:04:45.930+0000] {logging_mixin.py:151} INFO - [2023-11-03T00:04:45.930+0000] {dag.py:2941} INFO - Sync 1 DAGs
[2023-11-03T00:04:45.961+0000] {logging_mixin.py:151} INFO - [2023-11-03T00:04:45.961+0000] {dag.py:3722} INFO - Setting next_dagrun for example_bash_operator to 2023-11-02T00:00:00+00:00, run_after=2023-11-03T00:00:00+00:00
[2023-11-03T00:04:45.995+0000] {processor.py:179} INFO - Processing /home/airflow/.local/lib/python3.8/site-packages/airflow/example_dags/example_bash_operator.py took 0.134 seconds
[2023-11-03T00:05:17.158+0000] {processor.py:157} INFO - Started process (PID=1803) to work on /home/airflow/.local/lib/python3.8/site-packages/airflow/example_dags/example_bash_operator.py
[2023-11-03T00:05:17.160+0000] {processor.py:829} INFO - Processing file /home/airflow/.local/lib/python3.8/site-packages/airflow/example_dags/example_bash_operator.py for tasks to queue
[2023-11-03T00:05:17.162+0000] {logging_mixin.py:151} INFO - [2023-11-03T00:05:17.162+0000] {dagbag.py:536} INFO - Filling up the DagBag from /home/airflow/.local/lib/python3.8/site-packages/airflow/example_dags/example_bash_operator.py
[2023-11-03T00:05:17.177+0000] {processor.py:839} INFO - DAG(s) dict_keys(['example_bash_operator']) retrieved from /home/airflow/.local/lib/python3.8/site-packages/airflow/example_dags/example_bash_operator.py
[2023-11-03T00:05:17.218+0000] {logging_mixin.py:151} INFO - [2023-11-03T00:05:17.218+0000] {dag.py:2941} INFO - Sync 1 DAGs
[2023-11-03T00:05:17.255+0000] {logging_mixin.py:151} INFO - [2023-11-03T00:05:17.255+0000] {dag.py:3722} INFO - Setting next_dagrun for example_bash_operator to 2023-11-02T00:00:00+00:00, run_after=2023-11-03T00:00:00+00:00
[2023-11-03T00:05:17.304+0000] {processor.py:179} INFO - Processing /home/airflow/.local/lib/python3.8/site-packages/airflow/example_dags/example_bash_operator.py took 0.151 seconds
[2023-11-03T00:05:48.097+0000] {processor.py:157} INFO - Started process (PID=1857) to work on /home/airflow/.local/lib/python3.8/site-packages/airflow/example_dags/example_bash_operator.py
[2023-11-03T00:05:48.098+0000] {processor.py:829} INFO - Processing file /home/airflow/.local/lib/python3.8/site-packages/airflow/example_dags/example_bash_operator.py for tasks to queue
[2023-11-03T00:05:48.100+0000] {logging_mixin.py:151} INFO - [2023-11-03T00:05:48.100+0000] {dagbag.py:536} INFO - Filling up the DagBag from /home/airflow/.local/lib/python3.8/site-packages/airflow/example_dags/example_bash_operator.py
[2023-11-03T00:05:48.112+0000] {processor.py:839} INFO - DAG(s) dict_keys(['example_bash_operator']) retrieved from /home/airflow/.local/lib/python3.8/site-packages/airflow/example_dags/example_bash_operator.py
[2023-11-03T00:05:48.147+0000] {logging_mixin.py:151} INFO - [2023-11-03T00:05:48.147+0000] {dag.py:2941} INFO - Sync 1 DAGs
[2023-11-03T00:05:48.177+0000] {logging_mixin.py:151} INFO - [2023-11-03T00:05:48.176+0000] {dag.py:3722} INFO - Setting next_dagrun for example_bash_operator to 2023-11-02T00:00:00+00:00, run_after=2023-11-03T00:00:00+00:00
[2023-11-03T00:05:48.207+0000] {processor.py:179} INFO - Processing /home/airflow/.local/lib/python3.8/site-packages/airflow/example_dags/example_bash_operator.py took 0.114 seconds
[2023-11-03T00:06:18.246+0000] {processor.py:157} INFO - Started process (PID=1912) to work on /home/airflow/.local/lib/python3.8/site-packages/airflow/example_dags/example_bash_operator.py
[2023-11-03T00:06:18.248+0000] {processor.py:829} INFO - Processing file /home/airflow/.local/lib/python3.8/site-packages/airflow/example_dags/example_bash_operator.py for tasks to queue
[2023-11-03T00:06:18.250+0000] {logging_mixin.py:151} INFO - [2023-11-03T00:06:18.250+0000] {dagbag.py:536} INFO - Filling up the DagBag from /home/airflow/.local/lib/python3.8/site-packages/airflow/example_dags/example_bash_operator.py
[2023-11-03T00:06:18.262+0000] {processor.py:839} INFO - DAG(s) dict_keys(['example_bash_operator']) retrieved from /home/airflow/.local/lib/python3.8/site-packages/airflow/example_dags/example_bash_operator.py
[2023-11-03T00:06:18.295+0000] {logging_mixin.py:151} INFO - [2023-11-03T00:06:18.295+0000] {dag.py:2941} INFO - Sync 1 DAGs
[2023-11-03T00:06:18.323+0000] {logging_mixin.py:151} INFO - [2023-11-03T00:06:18.322+0000] {dag.py:3722} INFO - Setting next_dagrun for example_bash_operator to 2023-11-02T00:00:00+00:00, run_after=2023-11-03T00:00:00+00:00
[2023-11-03T00:06:18.345+0000] {processor.py:179} INFO - Processing /home/airflow/.local/lib/python3.8/site-packages/airflow/example_dags/example_bash_operator.py took 0.103 seconds
[2023-11-03T00:06:48.850+0000] {processor.py:157} INFO - Started process (PID=1966) to work on /home/airflow/.local/lib/python3.8/site-packages/airflow/example_dags/example_bash_operator.py
[2023-11-03T00:06:48.851+0000] {processor.py:829} INFO - Processing file /home/airflow/.local/lib/python3.8/site-packages/airflow/example_dags/example_bash_operator.py for tasks to queue
[2023-11-03T00:06:48.853+0000] {logging_mixin.py:151} INFO - [2023-11-03T00:06:48.853+0000] {dagbag.py:536} INFO - Filling up the DagBag from /home/airflow/.local/lib/python3.8/site-packages/airflow/example_dags/example_bash_operator.py
[2023-11-03T00:06:48.866+0000] {processor.py:839} INFO - DAG(s) dict_keys(['example_bash_operator']) retrieved from /home/airflow/.local/lib/python3.8/site-packages/airflow/example_dags/example_bash_operator.py
[2023-11-03T00:06:48.910+0000] {logging_mixin.py:151} INFO - [2023-11-03T00:06:48.909+0000] {dag.py:2941} INFO - Sync 1 DAGs
[2023-11-03T00:06:48.945+0000] {logging_mixin.py:151} INFO - [2023-11-03T00:06:48.944+0000] {dag.py:3722} INFO - Setting next_dagrun for example_bash_operator to 2023-11-02T00:00:00+00:00, run_after=2023-11-03T00:00:00+00:00
[2023-11-03T00:06:48.972+0000] {processor.py:179} INFO - Processing /home/airflow/.local/lib/python3.8/site-packages/airflow/example_dags/example_bash_operator.py took 0.126 seconds
[2023-11-03T00:07:19.275+0000] {processor.py:157} INFO - Started process (PID=2020) to work on /home/airflow/.local/lib/python3.8/site-packages/airflow/example_dags/example_bash_operator.py
[2023-11-03T00:07:19.277+0000] {processor.py:829} INFO - Processing file /home/airflow/.local/lib/python3.8/site-packages/airflow/example_dags/example_bash_operator.py for tasks to queue
[2023-11-03T00:07:19.279+0000] {logging_mixin.py:151} INFO - [2023-11-03T00:07:19.278+0000] {dagbag.py:536} INFO - Filling up the DagBag from /home/airflow/.local/lib/python3.8/site-packages/airflow/example_dags/example_bash_operator.py
[2023-11-03T00:07:19.291+0000] {processor.py:839} INFO - DAG(s) dict_keys(['example_bash_operator']) retrieved from /home/airflow/.local/lib/python3.8/site-packages/airflow/example_dags/example_bash_operator.py
[2023-11-03T00:07:19.343+0000] {logging_mixin.py:151} INFO - [2023-11-03T00:07:19.343+0000] {dag.py:2941} INFO - Sync 1 DAGs
[2023-11-03T00:07:19.371+0000] {logging_mixin.py:151} INFO - [2023-11-03T00:07:19.371+0000] {dag.py:3722} INFO - Setting next_dagrun for example_bash_operator to 2023-11-02T00:00:00+00:00, run_after=2023-11-03T00:00:00+00:00
[2023-11-03T00:07:19.400+0000] {processor.py:179} INFO - Processing /home/airflow/.local/lib/python3.8/site-packages/airflow/example_dags/example_bash_operator.py took 0.128 seconds
[2023-11-03T00:07:49.604+0000] {processor.py:157} INFO - Started process (PID=2073) to work on /home/airflow/.local/lib/python3.8/site-packages/airflow/example_dags/example_bash_operator.py
[2023-11-03T00:07:49.604+0000] {processor.py:829} INFO - Processing file /home/airflow/.local/lib/python3.8/site-packages/airflow/example_dags/example_bash_operator.py for tasks to queue
[2023-11-03T00:07:49.607+0000] {logging_mixin.py:151} INFO - [2023-11-03T00:07:49.606+0000] {dagbag.py:536} INFO - Filling up the DagBag from /home/airflow/.local/lib/python3.8/site-packages/airflow/example_dags/example_bash_operator.py
[2023-11-03T00:07:49.619+0000] {processor.py:839} INFO - DAG(s) dict_keys(['example_bash_operator']) retrieved from /home/airflow/.local/lib/python3.8/site-packages/airflow/example_dags/example_bash_operator.py
[2023-11-03T00:07:49.656+0000] {logging_mixin.py:151} INFO - [2023-11-03T00:07:49.656+0000] {dag.py:2941} INFO - Sync 1 DAGs
[2023-11-03T00:07:49.684+0000] {logging_mixin.py:151} INFO - [2023-11-03T00:07:49.684+0000] {dag.py:3722} INFO - Setting next_dagrun for example_bash_operator to 2023-11-02T00:00:00+00:00, run_after=2023-11-03T00:00:00+00:00
[2023-11-03T00:07:49.711+0000] {processor.py:179} INFO - Processing /home/airflow/.local/lib/python3.8/site-packages/airflow/example_dags/example_bash_operator.py took 0.111 seconds
[2023-11-03T00:08:20.384+0000] {processor.py:157} INFO - Started process (PID=2128) to work on /home/airflow/.local/lib/python3.8/site-packages/airflow/example_dags/example_bash_operator.py
[2023-11-03T00:08:20.385+0000] {processor.py:829} INFO - Processing file /home/airflow/.local/lib/python3.8/site-packages/airflow/example_dags/example_bash_operator.py for tasks to queue
[2023-11-03T00:08:20.388+0000] {logging_mixin.py:151} INFO - [2023-11-03T00:08:20.387+0000] {dagbag.py:536} INFO - Filling up the DagBag from /home/airflow/.local/lib/python3.8/site-packages/airflow/example_dags/example_bash_operator.py
[2023-11-03T00:08:20.401+0000] {processor.py:839} INFO - DAG(s) dict_keys(['example_bash_operator']) retrieved from /home/airflow/.local/lib/python3.8/site-packages/airflow/example_dags/example_bash_operator.py
[2023-11-03T00:08:20.455+0000] {logging_mixin.py:151} INFO - [2023-11-03T00:08:20.455+0000] {dag.py:2941} INFO - Sync 1 DAGs
[2023-11-03T00:08:20.496+0000] {logging_mixin.py:151} INFO - [2023-11-03T00:08:20.495+0000] {dag.py:3722} INFO - Setting next_dagrun for example_bash_operator to 2023-11-02T00:00:00+00:00, run_after=2023-11-03T00:00:00+00:00
[2023-11-03T00:08:20.529+0000] {processor.py:179} INFO - Processing /home/airflow/.local/lib/python3.8/site-packages/airflow/example_dags/example_bash_operator.py took 0.150 seconds
[2023-11-03T00:08:51.194+0000] {processor.py:157} INFO - Started process (PID=2182) to work on /home/airflow/.local/lib/python3.8/site-packages/airflow/example_dags/example_bash_operator.py
[2023-11-03T00:08:51.195+0000] {processor.py:829} INFO - Processing file /home/airflow/.local/lib/python3.8/site-packages/airflow/example_dags/example_bash_operator.py for tasks to queue
[2023-11-03T00:08:51.198+0000] {logging_mixin.py:151} INFO - [2023-11-03T00:08:51.197+0000] {dagbag.py:536} INFO - Filling up the DagBag from /home/airflow/.local/lib/python3.8/site-packages/airflow/example_dags/example_bash_operator.py
[2023-11-03T00:08:51.212+0000] {processor.py:839} INFO - DAG(s) dict_keys(['example_bash_operator']) retrieved from /home/airflow/.local/lib/python3.8/site-packages/airflow/example_dags/example_bash_operator.py
[2023-11-03T00:08:51.270+0000] {logging_mixin.py:151} INFO - [2023-11-03T00:08:51.270+0000] {dag.py:2941} INFO - Sync 1 DAGs
[2023-11-03T00:08:51.480+0000] {logging_mixin.py:151} INFO - [2023-11-03T00:08:51.480+0000] {dag.py:3722} INFO - Setting next_dagrun for example_bash_operator to 2023-11-02T00:00:00+00:00, run_after=2023-11-03T00:00:00+00:00
[2023-11-03T00:08:51.515+0000] {processor.py:179} INFO - Processing /home/airflow/.local/lib/python3.8/site-packages/airflow/example_dags/example_bash_operator.py took 0.326 seconds
[2023-11-03T00:09:21.930+0000] {processor.py:157} INFO - Started process (PID=2236) to work on /home/airflow/.local/lib/python3.8/site-packages/airflow/example_dags/example_bash_operator.py
[2023-11-03T00:09:21.932+0000] {processor.py:829} INFO - Processing file /home/airflow/.local/lib/python3.8/site-packages/airflow/example_dags/example_bash_operator.py for tasks to queue
[2023-11-03T00:09:21.935+0000] {logging_mixin.py:151} INFO - [2023-11-03T00:09:21.935+0000] {dagbag.py:536} INFO - Filling up the DagBag from /home/airflow/.local/lib/python3.8/site-packages/airflow/example_dags/example_bash_operator.py
[2023-11-03T00:09:21.948+0000] {processor.py:839} INFO - DAG(s) dict_keys(['example_bash_operator']) retrieved from /home/airflow/.local/lib/python3.8/site-packages/airflow/example_dags/example_bash_operator.py
[2023-11-03T00:09:21.993+0000] {logging_mixin.py:151} INFO - [2023-11-03T00:09:21.993+0000] {dag.py:2941} INFO - Sync 1 DAGs
[2023-11-03T00:09:22.025+0000] {logging_mixin.py:151} INFO - [2023-11-03T00:09:22.024+0000] {dag.py:3722} INFO - Setting next_dagrun for example_bash_operator to 2023-11-02T00:00:00+00:00, run_after=2023-11-03T00:00:00+00:00
[2023-11-03T00:09:22.058+0000] {processor.py:179} INFO - Processing /home/airflow/.local/lib/python3.8/site-packages/airflow/example_dags/example_bash_operator.py took 0.131 seconds
[2023-11-03T00:09:52.901+0000] {processor.py:157} INFO - Started process (PID=2290) to work on /home/airflow/.local/lib/python3.8/site-packages/airflow/example_dags/example_bash_operator.py
[2023-11-03T00:09:52.903+0000] {processor.py:829} INFO - Processing file /home/airflow/.local/lib/python3.8/site-packages/airflow/example_dags/example_bash_operator.py for tasks to queue
[2023-11-03T00:09:52.906+0000] {logging_mixin.py:151} INFO - [2023-11-03T00:09:52.905+0000] {dagbag.py:536} INFO - Filling up the DagBag from /home/airflow/.local/lib/python3.8/site-packages/airflow/example_dags/example_bash_operator.py
[2023-11-03T00:09:52.921+0000] {processor.py:839} INFO - DAG(s) dict_keys(['example_bash_operator']) retrieved from /home/airflow/.local/lib/python3.8/site-packages/airflow/example_dags/example_bash_operator.py
[2023-11-03T00:09:52.972+0000] {logging_mixin.py:151} INFO - [2023-11-03T00:09:52.971+0000] {dag.py:2941} INFO - Sync 1 DAGs
[2023-11-03T00:09:53.006+0000] {logging_mixin.py:151} INFO - [2023-11-03T00:09:53.006+0000] {dag.py:3722} INFO - Setting next_dagrun for example_bash_operator to 2023-11-02T00:00:00+00:00, run_after=2023-11-03T00:00:00+00:00
[2023-11-03T00:09:53.043+0000] {processor.py:179} INFO - Processing /home/airflow/.local/lib/python3.8/site-packages/airflow/example_dags/example_bash_operator.py took 0.146 seconds
[2023-11-03T00:10:25.098+0000] {processor.py:157} INFO - Started process (PID=2344) to work on /home/airflow/.local/lib/python3.8/site-packages/airflow/example_dags/example_bash_operator.py
[2023-11-03T00:10:25.100+0000] {processor.py:829} INFO - Processing file /home/airflow/.local/lib/python3.8/site-packages/airflow/example_dags/example_bash_operator.py for tasks to queue
[2023-11-03T00:10:25.103+0000] {logging_mixin.py:151} INFO - [2023-11-03T00:10:25.102+0000] {dagbag.py:536} INFO - Filling up the DagBag from /home/airflow/.local/lib/python3.8/site-packages/airflow/example_dags/example_bash_operator.py
[2023-11-03T00:10:25.119+0000] {processor.py:839} INFO - DAG(s) dict_keys(['example_bash_operator']) retrieved from /home/airflow/.local/lib/python3.8/site-packages/airflow/example_dags/example_bash_operator.py
[2023-11-03T00:10:25.177+0000] {logging_mixin.py:151} INFO - [2023-11-03T00:10:25.177+0000] {dag.py:2941} INFO - Sync 1 DAGs
[2023-11-03T00:10:25.219+0000] {logging_mixin.py:151} INFO - [2023-11-03T00:10:25.218+0000] {dag.py:3722} INFO - Setting next_dagrun for example_bash_operator to 2023-11-02T00:00:00+00:00, run_after=2023-11-03T00:00:00+00:00
[2023-11-03T00:10:25.250+0000] {processor.py:179} INFO - Processing /home/airflow/.local/lib/python3.8/site-packages/airflow/example_dags/example_bash_operator.py took 0.159 seconds
[2023-11-03T00:10:57.008+0000] {processor.py:157} INFO - Started process (PID=2398) to work on /home/airflow/.local/lib/python3.8/site-packages/airflow/example_dags/example_bash_operator.py
[2023-11-03T00:10:57.010+0000] {processor.py:829} INFO - Processing file /home/airflow/.local/lib/python3.8/site-packages/airflow/example_dags/example_bash_operator.py for tasks to queue
[2023-11-03T00:10:57.012+0000] {logging_mixin.py:151} INFO - [2023-11-03T00:10:57.012+0000] {dagbag.py:536} INFO - Filling up the DagBag from /home/airflow/.local/lib/python3.8/site-packages/airflow/example_dags/example_bash_operator.py
[2023-11-03T00:10:57.028+0000] {processor.py:839} INFO - DAG(s) dict_keys(['example_bash_operator']) retrieved from /home/airflow/.local/lib/python3.8/site-packages/airflow/example_dags/example_bash_operator.py
[2023-11-03T00:10:57.075+0000] {logging_mixin.py:151} INFO - [2023-11-03T00:10:57.075+0000] {dag.py:2941} INFO - Sync 1 DAGs
[2023-11-03T00:10:57.313+0000] {logging_mixin.py:151} INFO - [2023-11-03T00:10:57.313+0000] {dag.py:3722} INFO - Setting next_dagrun for example_bash_operator to 2023-11-02T00:00:00+00:00, run_after=2023-11-03T00:00:00+00:00
[2023-11-03T00:10:57.343+0000] {processor.py:179} INFO - Processing /home/airflow/.local/lib/python3.8/site-packages/airflow/example_dags/example_bash_operator.py took 0.340 seconds
[2023-11-03T00:11:27.452+0000] {processor.py:157} INFO - Started process (PID=2452) to work on /home/airflow/.local/lib/python3.8/site-packages/airflow/example_dags/example_bash_operator.py
[2023-11-03T00:11:27.454+0000] {processor.py:829} INFO - Processing file /home/airflow/.local/lib/python3.8/site-packages/airflow/example_dags/example_bash_operator.py for tasks to queue
[2023-11-03T00:11:27.456+0000] {logging_mixin.py:151} INFO - [2023-11-03T00:11:27.456+0000] {dagbag.py:536} INFO - Filling up the DagBag from /home/airflow/.local/lib/python3.8/site-packages/airflow/example_dags/example_bash_operator.py
[2023-11-03T00:11:27.472+0000] {processor.py:839} INFO - DAG(s) dict_keys(['example_bash_operator']) retrieved from /home/airflow/.local/lib/python3.8/site-packages/airflow/example_dags/example_bash_operator.py
[2023-11-03T00:11:27.523+0000] {logging_mixin.py:151} INFO - [2023-11-03T00:11:27.522+0000] {dag.py:2941} INFO - Sync 1 DAGs
[2023-11-03T00:11:27.568+0000] {logging_mixin.py:151} INFO - [2023-11-03T00:11:27.568+0000] {dag.py:3722} INFO - Setting next_dagrun for example_bash_operator to 2023-11-02T00:00:00+00:00, run_after=2023-11-03T00:00:00+00:00
[2023-11-03T00:11:27.604+0000] {processor.py:179} INFO - Processing /home/airflow/.local/lib/python3.8/site-packages/airflow/example_dags/example_bash_operator.py took 0.156 seconds
[2023-11-03T00:11:58.309+0000] {processor.py:157} INFO - Started process (PID=2506) to work on /home/airflow/.local/lib/python3.8/site-packages/airflow/example_dags/example_bash_operator.py
[2023-11-03T00:11:58.310+0000] {processor.py:829} INFO - Processing file /home/airflow/.local/lib/python3.8/site-packages/airflow/example_dags/example_bash_operator.py for tasks to queue
[2023-11-03T00:11:58.312+0000] {logging_mixin.py:151} INFO - [2023-11-03T00:11:58.312+0000] {dagbag.py:536} INFO - Filling up the DagBag from /home/airflow/.local/lib/python3.8/site-packages/airflow/example_dags/example_bash_operator.py
[2023-11-03T00:11:58.323+0000] {processor.py:839} INFO - DAG(s) dict_keys(['example_bash_operator']) retrieved from /home/airflow/.local/lib/python3.8/site-packages/airflow/example_dags/example_bash_operator.py
[2023-11-03T00:11:58.359+0000] {logging_mixin.py:151} INFO - [2023-11-03T00:11:58.359+0000] {dag.py:2941} INFO - Sync 1 DAGs
[2023-11-03T00:11:58.389+0000] {logging_mixin.py:151} INFO - [2023-11-03T00:11:58.389+0000] {dag.py:3722} INFO - Setting next_dagrun for example_bash_operator to 2023-11-02T00:00:00+00:00, run_after=2023-11-03T00:00:00+00:00
[2023-11-03T00:11:58.415+0000] {processor.py:179} INFO - Processing /home/airflow/.local/lib/python3.8/site-packages/airflow/example_dags/example_bash_operator.py took 0.110 seconds
[2023-11-03T00:12:29.063+0000] {processor.py:157} INFO - Started process (PID=2561) to work on /home/airflow/.local/lib/python3.8/site-packages/airflow/example_dags/example_bash_operator.py
[2023-11-03T00:12:29.064+0000] {processor.py:829} INFO - Processing file /home/airflow/.local/lib/python3.8/site-packages/airflow/example_dags/example_bash_operator.py for tasks to queue
[2023-11-03T00:12:29.067+0000] {logging_mixin.py:151} INFO - [2023-11-03T00:12:29.067+0000] {dagbag.py:536} INFO - Filling up the DagBag from /home/airflow/.local/lib/python3.8/site-packages/airflow/example_dags/example_bash_operator.py
[2023-11-03T00:12:29.087+0000] {processor.py:839} INFO - DAG(s) dict_keys(['example_bash_operator']) retrieved from /home/airflow/.local/lib/python3.8/site-packages/airflow/example_dags/example_bash_operator.py
[2023-11-03T00:12:29.132+0000] {logging_mixin.py:151} INFO - [2023-11-03T00:12:29.132+0000] {dag.py:2941} INFO - Sync 1 DAGs
[2023-11-03T00:12:29.363+0000] {logging_mixin.py:151} INFO - [2023-11-03T00:12:29.362+0000] {dag.py:3722} INFO - Setting next_dagrun for example_bash_operator to 2023-11-02T00:00:00+00:00, run_after=2023-11-03T00:00:00+00:00
[2023-11-03T00:12:29.397+0000] {processor.py:179} INFO - Processing /home/airflow/.local/lib/python3.8/site-packages/airflow/example_dags/example_bash_operator.py took 0.338 seconds
[2023-11-03T00:12:59.611+0000] {processor.py:157} INFO - Started process (PID=2615) to work on /home/airflow/.local/lib/python3.8/site-packages/airflow/example_dags/example_bash_operator.py
[2023-11-03T00:12:59.612+0000] {processor.py:829} INFO - Processing file /home/airflow/.local/lib/python3.8/site-packages/airflow/example_dags/example_bash_operator.py for tasks to queue
[2023-11-03T00:12:59.615+0000] {logging_mixin.py:151} INFO - [2023-11-03T00:12:59.615+0000] {dagbag.py:536} INFO - Filling up the DagBag from /home/airflow/.local/lib/python3.8/site-packages/airflow/example_dags/example_bash_operator.py
[2023-11-03T00:12:59.630+0000] {processor.py:839} INFO - DAG(s) dict_keys(['example_bash_operator']) retrieved from /home/airflow/.local/lib/python3.8/site-packages/airflow/example_dags/example_bash_operator.py
[2023-11-03T00:12:59.680+0000] {logging_mixin.py:151} INFO - [2023-11-03T00:12:59.680+0000] {dag.py:2941} INFO - Sync 1 DAGs
[2023-11-03T00:12:59.716+0000] {logging_mixin.py:151} INFO - [2023-11-03T00:12:59.715+0000] {dag.py:3722} INFO - Setting next_dagrun for example_bash_operator to 2023-11-02T00:00:00+00:00, run_after=2023-11-03T00:00:00+00:00
[2023-11-03T00:12:59.940+0000] {processor.py:179} INFO - Processing /home/airflow/.local/lib/python3.8/site-packages/airflow/example_dags/example_bash_operator.py took 0.335 seconds
[2023-11-03T00:13:30.743+0000] {processor.py:157} INFO - Started process (PID=2669) to work on /home/airflow/.local/lib/python3.8/site-packages/airflow/example_dags/example_bash_operator.py
[2023-11-03T00:13:30.744+0000] {processor.py:829} INFO - Processing file /home/airflow/.local/lib/python3.8/site-packages/airflow/example_dags/example_bash_operator.py for tasks to queue
[2023-11-03T00:13:30.747+0000] {logging_mixin.py:151} INFO - [2023-11-03T00:13:30.746+0000] {dagbag.py:536} INFO - Filling up the DagBag from /home/airflow/.local/lib/python3.8/site-packages/airflow/example_dags/example_bash_operator.py
[2023-11-03T00:13:30.978+0000] {processor.py:839} INFO - DAG(s) dict_keys(['example_bash_operator']) retrieved from /home/airflow/.local/lib/python3.8/site-packages/airflow/example_dags/example_bash_operator.py
[2023-11-03T00:13:31.041+0000] {logging_mixin.py:151} INFO - [2023-11-03T00:13:31.041+0000] {dag.py:2941} INFO - Sync 1 DAGs
[2023-11-03T00:13:31.072+0000] {logging_mixin.py:151} INFO - [2023-11-03T00:13:31.071+0000] {dag.py:3722} INFO - Setting next_dagrun for example_bash_operator to 2023-11-02T00:00:00+00:00, run_after=2023-11-03T00:00:00+00:00
[2023-11-03T00:13:31.104+0000] {processor.py:179} INFO - Processing /home/airflow/.local/lib/python3.8/site-packages/airflow/example_dags/example_bash_operator.py took 0.368 seconds
[2023-11-03T00:14:01.280+0000] {processor.py:157} INFO - Started process (PID=2723) to work on /home/airflow/.local/lib/python3.8/site-packages/airflow/example_dags/example_bash_operator.py
[2023-11-03T00:14:01.283+0000] {processor.py:829} INFO - Processing file /home/airflow/.local/lib/python3.8/site-packages/airflow/example_dags/example_bash_operator.py for tasks to queue
[2023-11-03T00:14:01.285+0000] {logging_mixin.py:151} INFO - [2023-11-03T00:14:01.285+0000] {dagbag.py:536} INFO - Filling up the DagBag from /home/airflow/.local/lib/python3.8/site-packages/airflow/example_dags/example_bash_operator.py
[2023-11-03T00:14:01.300+0000] {processor.py:839} INFO - DAG(s) dict_keys(['example_bash_operator']) retrieved from /home/airflow/.local/lib/python3.8/site-packages/airflow/example_dags/example_bash_operator.py
[2023-11-03T00:14:01.345+0000] {logging_mixin.py:151} INFO - [2023-11-03T00:14:01.345+0000] {dag.py:2941} INFO - Sync 1 DAGs
[2023-11-03T00:14:01.372+0000] {logging_mixin.py:151} INFO - [2023-11-03T00:14:01.372+0000] {dag.py:3722} INFO - Setting next_dagrun for example_bash_operator to 2023-11-02T00:00:00+00:00, run_after=2023-11-03T00:00:00+00:00
[2023-11-03T00:14:01.409+0000] {processor.py:179} INFO - Processing /home/airflow/.local/lib/python3.8/site-packages/airflow/example_dags/example_bash_operator.py took 0.134 seconds
[2023-11-03T00:14:32.301+0000] {processor.py:157} INFO - Started process (PID=2777) to work on /home/airflow/.local/lib/python3.8/site-packages/airflow/example_dags/example_bash_operator.py
[2023-11-03T00:14:32.302+0000] {processor.py:829} INFO - Processing file /home/airflow/.local/lib/python3.8/site-packages/airflow/example_dags/example_bash_operator.py for tasks to queue
[2023-11-03T00:14:32.304+0000] {logging_mixin.py:151} INFO - [2023-11-03T00:14:32.304+0000] {dagbag.py:536} INFO - Filling up the DagBag from /home/airflow/.local/lib/python3.8/site-packages/airflow/example_dags/example_bash_operator.py
[2023-11-03T00:14:32.315+0000] {processor.py:839} INFO - DAG(s) dict_keys(['example_bash_operator']) retrieved from /home/airflow/.local/lib/python3.8/site-packages/airflow/example_dags/example_bash_operator.py
[2023-11-03T00:14:32.351+0000] {logging_mixin.py:151} INFO - [2023-11-03T00:14:32.351+0000] {dag.py:2941} INFO - Sync 1 DAGs
[2023-11-03T00:14:32.378+0000] {logging_mixin.py:151} INFO - [2023-11-03T00:14:32.378+0000] {dag.py:3722} INFO - Setting next_dagrun for example_bash_operator to 2023-11-02T00:00:00+00:00, run_after=2023-11-03T00:00:00+00:00
[2023-11-03T00:14:32.429+0000] {processor.py:179} INFO - Processing /home/airflow/.local/lib/python3.8/site-packages/airflow/example_dags/example_bash_operator.py took 0.131 seconds
[2023-11-03T00:15:02.827+0000] {processor.py:157} INFO - Started process (PID=2831) to work on /home/airflow/.local/lib/python3.8/site-packages/airflow/example_dags/example_bash_operator.py
[2023-11-03T00:15:02.828+0000] {processor.py:829} INFO - Processing file /home/airflow/.local/lib/python3.8/site-packages/airflow/example_dags/example_bash_operator.py for tasks to queue
[2023-11-03T00:15:02.831+0000] {logging_mixin.py:151} INFO - [2023-11-03T00:15:02.831+0000] {dagbag.py:536} INFO - Filling up the DagBag from /home/airflow/.local/lib/python3.8/site-packages/airflow/example_dags/example_bash_operator.py
[2023-11-03T00:15:02.846+0000] {processor.py:839} INFO - DAG(s) dict_keys(['example_bash_operator']) retrieved from /home/airflow/.local/lib/python3.8/site-packages/airflow/example_dags/example_bash_operator.py
[2023-11-03T00:15:02.888+0000] {logging_mixin.py:151} INFO - [2023-11-03T00:15:02.887+0000] {dag.py:2941} INFO - Sync 1 DAGs
[2023-11-03T00:15:02.918+0000] {logging_mixin.py:151} INFO - [2023-11-03T00:15:02.918+0000] {dag.py:3722} INFO - Setting next_dagrun for example_bash_operator to 2023-11-02T00:00:00+00:00, run_after=2023-11-03T00:00:00+00:00
[2023-11-03T00:15:02.958+0000] {processor.py:179} INFO - Processing /home/airflow/.local/lib/python3.8/site-packages/airflow/example_dags/example_bash_operator.py took 0.135 seconds
[2023-11-03T00:15:33.132+0000] {processor.py:157} INFO - Started process (PID=2885) to work on /home/airflow/.local/lib/python3.8/site-packages/airflow/example_dags/example_bash_operator.py
[2023-11-03T00:15:33.132+0000] {processor.py:829} INFO - Processing file /home/airflow/.local/lib/python3.8/site-packages/airflow/example_dags/example_bash_operator.py for tasks to queue
[2023-11-03T00:15:33.135+0000] {logging_mixin.py:151} INFO - [2023-11-03T00:15:33.134+0000] {dagbag.py:536} INFO - Filling up the DagBag from /home/airflow/.local/lib/python3.8/site-packages/airflow/example_dags/example_bash_operator.py
[2023-11-03T00:15:33.151+0000] {processor.py:839} INFO - DAG(s) dict_keys(['example_bash_operator']) retrieved from /home/airflow/.local/lib/python3.8/site-packages/airflow/example_dags/example_bash_operator.py
[2023-11-03T00:15:33.188+0000] {logging_mixin.py:151} INFO - [2023-11-03T00:15:33.188+0000] {dag.py:2941} INFO - Sync 1 DAGs
[2023-11-03T00:15:33.229+0000] {logging_mixin.py:151} INFO - [2023-11-03T00:15:33.227+0000] {dag.py:3722} INFO - Setting next_dagrun for example_bash_operator to 2023-11-02T00:00:00+00:00, run_after=2023-11-03T00:00:00+00:00
[2023-11-03T00:15:33.267+0000] {processor.py:179} INFO - Processing /home/airflow/.local/lib/python3.8/site-packages/airflow/example_dags/example_bash_operator.py took 0.139 seconds
[2023-11-03T00:16:03.319+0000] {processor.py:157} INFO - Started process (PID=2939) to work on /home/airflow/.local/lib/python3.8/site-packages/airflow/example_dags/example_bash_operator.py
[2023-11-03T00:16:03.321+0000] {processor.py:829} INFO - Processing file /home/airflow/.local/lib/python3.8/site-packages/airflow/example_dags/example_bash_operator.py for tasks to queue
[2023-11-03T00:16:03.323+0000] {logging_mixin.py:151} INFO - [2023-11-03T00:16:03.323+0000] {dagbag.py:536} INFO - Filling up the DagBag from /home/airflow/.local/lib/python3.8/site-packages/airflow/example_dags/example_bash_operator.py
[2023-11-03T00:16:03.340+0000] {processor.py:839} INFO - DAG(s) dict_keys(['example_bash_operator']) retrieved from /home/airflow/.local/lib/python3.8/site-packages/airflow/example_dags/example_bash_operator.py
[2023-11-03T00:16:03.374+0000] {logging_mixin.py:151} INFO - [2023-11-03T00:16:03.374+0000] {dag.py:2941} INFO - Sync 1 DAGs
[2023-11-03T00:16:03.401+0000] {logging_mixin.py:151} INFO - [2023-11-03T00:16:03.400+0000] {dag.py:3722} INFO - Setting next_dagrun for example_bash_operator to 2023-11-02T00:00:00+00:00, run_after=2023-11-03T00:00:00+00:00
[2023-11-03T00:16:03.427+0000] {processor.py:179} INFO - Processing /home/airflow/.local/lib/python3.8/site-packages/airflow/example_dags/example_bash_operator.py took 0.111 seconds
[2023-11-03T00:16:33.463+0000] {processor.py:157} INFO - Started process (PID=2992) to work on /home/airflow/.local/lib/python3.8/site-packages/airflow/example_dags/example_bash_operator.py
[2023-11-03T00:16:33.464+0000] {processor.py:829} INFO - Processing file /home/airflow/.local/lib/python3.8/site-packages/airflow/example_dags/example_bash_operator.py for tasks to queue
[2023-11-03T00:16:33.466+0000] {logging_mixin.py:151} INFO - [2023-11-03T00:16:33.466+0000] {dagbag.py:536} INFO - Filling up the DagBag from /home/airflow/.local/lib/python3.8/site-packages/airflow/example_dags/example_bash_operator.py
[2023-11-03T00:16:33.478+0000] {processor.py:839} INFO - DAG(s) dict_keys(['example_bash_operator']) retrieved from /home/airflow/.local/lib/python3.8/site-packages/airflow/example_dags/example_bash_operator.py
[2023-11-03T00:16:33.511+0000] {logging_mixin.py:151} INFO - [2023-11-03T00:16:33.511+0000] {dag.py:2941} INFO - Sync 1 DAGs
[2023-11-03T00:16:33.543+0000] {logging_mixin.py:151} INFO - [2023-11-03T00:16:33.543+0000] {dag.py:3722} INFO - Setting next_dagrun for example_bash_operator to 2023-11-02T00:00:00+00:00, run_after=2023-11-03T00:00:00+00:00
[2023-11-03T00:16:33.585+0000] {processor.py:179} INFO - Processing /home/airflow/.local/lib/python3.8/site-packages/airflow/example_dags/example_bash_operator.py took 0.125 seconds
[2023-11-03T00:17:04.571+0000] {processor.py:157} INFO - Started process (PID=3047) to work on /home/airflow/.local/lib/python3.8/site-packages/airflow/example_dags/example_bash_operator.py
[2023-11-03T00:17:04.572+0000] {processor.py:829} INFO - Processing file /home/airflow/.local/lib/python3.8/site-packages/airflow/example_dags/example_bash_operator.py for tasks to queue
[2023-11-03T00:17:04.575+0000] {logging_mixin.py:151} INFO - [2023-11-03T00:17:04.574+0000] {dagbag.py:536} INFO - Filling up the DagBag from /home/airflow/.local/lib/python3.8/site-packages/airflow/example_dags/example_bash_operator.py
[2023-11-03T00:17:04.589+0000] {processor.py:839} INFO - DAG(s) dict_keys(['example_bash_operator']) retrieved from /home/airflow/.local/lib/python3.8/site-packages/airflow/example_dags/example_bash_operator.py
[2023-11-03T00:17:04.630+0000] {logging_mixin.py:151} INFO - [2023-11-03T00:17:04.630+0000] {dag.py:2941} INFO - Sync 1 DAGs
[2023-11-03T00:17:04.659+0000] {logging_mixin.py:151} INFO - [2023-11-03T00:17:04.659+0000] {dag.py:3722} INFO - Setting next_dagrun for example_bash_operator to 2023-11-02T00:00:00+00:00, run_after=2023-11-03T00:00:00+00:00
[2023-11-03T00:17:04.688+0000] {processor.py:179} INFO - Processing /home/airflow/.local/lib/python3.8/site-packages/airflow/example_dags/example_bash_operator.py took 0.121 seconds
[2023-11-03T00:17:34.778+0000] {processor.py:157} INFO - Started process (PID=3101) to work on /home/airflow/.local/lib/python3.8/site-packages/airflow/example_dags/example_bash_operator.py
[2023-11-03T00:17:34.779+0000] {processor.py:829} INFO - Processing file /home/airflow/.local/lib/python3.8/site-packages/airflow/example_dags/example_bash_operator.py for tasks to queue
[2023-11-03T00:17:34.781+0000] {logging_mixin.py:151} INFO - [2023-11-03T00:17:34.780+0000] {dagbag.py:536} INFO - Filling up the DagBag from /home/airflow/.local/lib/python3.8/site-packages/airflow/example_dags/example_bash_operator.py
[2023-11-03T00:17:34.794+0000] {processor.py:839} INFO - DAG(s) dict_keys(['example_bash_operator']) retrieved from /home/airflow/.local/lib/python3.8/site-packages/airflow/example_dags/example_bash_operator.py
[2023-11-03T00:17:34.828+0000] {logging_mixin.py:151} INFO - [2023-11-03T00:17:34.827+0000] {dag.py:2941} INFO - Sync 1 DAGs
[2023-11-03T00:17:34.855+0000] {logging_mixin.py:151} INFO - [2023-11-03T00:17:34.855+0000] {dag.py:3722} INFO - Setting next_dagrun for example_bash_operator to 2023-11-02T00:00:00+00:00, run_after=2023-11-03T00:00:00+00:00
[2023-11-03T00:17:34.883+0000] {processor.py:179} INFO - Processing /home/airflow/.local/lib/python3.8/site-packages/airflow/example_dags/example_bash_operator.py took 0.108 seconds
[2023-11-03T00:18:05.071+0000] {processor.py:157} INFO - Started process (PID=3155) to work on /home/airflow/.local/lib/python3.8/site-packages/airflow/example_dags/example_bash_operator.py
[2023-11-03T00:18:05.072+0000] {processor.py:829} INFO - Processing file /home/airflow/.local/lib/python3.8/site-packages/airflow/example_dags/example_bash_operator.py for tasks to queue
[2023-11-03T00:18:05.074+0000] {logging_mixin.py:151} INFO - [2023-11-03T00:18:05.074+0000] {dagbag.py:536} INFO - Filling up the DagBag from /home/airflow/.local/lib/python3.8/site-packages/airflow/example_dags/example_bash_operator.py
[2023-11-03T00:18:05.088+0000] {processor.py:839} INFO - DAG(s) dict_keys(['example_bash_operator']) retrieved from /home/airflow/.local/lib/python3.8/site-packages/airflow/example_dags/example_bash_operator.py
[2023-11-03T00:18:05.133+0000] {logging_mixin.py:151} INFO - [2023-11-03T00:18:05.133+0000] {dag.py:2941} INFO - Sync 1 DAGs
[2023-11-03T00:18:05.165+0000] {logging_mixin.py:151} INFO - [2023-11-03T00:18:05.165+0000] {dag.py:3722} INFO - Setting next_dagrun for example_bash_operator to 2023-11-02T00:00:00+00:00, run_after=2023-11-03T00:00:00+00:00
[2023-11-03T00:18:05.199+0000] {processor.py:179} INFO - Processing /home/airflow/.local/lib/python3.8/site-packages/airflow/example_dags/example_bash_operator.py took 0.132 seconds
[2023-11-03T00:18:35.265+0000] {processor.py:157} INFO - Started process (PID=3209) to work on /home/airflow/.local/lib/python3.8/site-packages/airflow/example_dags/example_bash_operator.py
[2023-11-03T00:18:35.267+0000] {processor.py:829} INFO - Processing file /home/airflow/.local/lib/python3.8/site-packages/airflow/example_dags/example_bash_operator.py for tasks to queue
[2023-11-03T00:18:35.271+0000] {logging_mixin.py:151} INFO - [2023-11-03T00:18:35.271+0000] {dagbag.py:536} INFO - Filling up the DagBag from /home/airflow/.local/lib/python3.8/site-packages/airflow/example_dags/example_bash_operator.py
[2023-11-03T00:18:35.287+0000] {processor.py:839} INFO - DAG(s) dict_keys(['example_bash_operator']) retrieved from /home/airflow/.local/lib/python3.8/site-packages/airflow/example_dags/example_bash_operator.py
[2023-11-03T00:18:35.339+0000] {logging_mixin.py:151} INFO - [2023-11-03T00:18:35.339+0000] {dag.py:2941} INFO - Sync 1 DAGs
[2023-11-03T00:18:35.369+0000] {logging_mixin.py:151} INFO - [2023-11-03T00:18:35.369+0000] {dag.py:3722} INFO - Setting next_dagrun for example_bash_operator to 2023-11-02T00:00:00+00:00, run_after=2023-11-03T00:00:00+00:00
[2023-11-03T00:18:35.399+0000] {processor.py:179} INFO - Processing /home/airflow/.local/lib/python3.8/site-packages/airflow/example_dags/example_bash_operator.py took 0.143 seconds
[2023-11-03T00:19:05.876+0000] {processor.py:157} INFO - Started process (PID=3263) to work on /home/airflow/.local/lib/python3.8/site-packages/airflow/example_dags/example_bash_operator.py
[2023-11-03T00:19:05.877+0000] {processor.py:829} INFO - Processing file /home/airflow/.local/lib/python3.8/site-packages/airflow/example_dags/example_bash_operator.py for tasks to queue
[2023-11-03T00:19:05.879+0000] {logging_mixin.py:151} INFO - [2023-11-03T00:19:05.879+0000] {dagbag.py:536} INFO - Filling up the DagBag from /home/airflow/.local/lib/python3.8/site-packages/airflow/example_dags/example_bash_operator.py
[2023-11-03T00:19:05.892+0000] {processor.py:839} INFO - DAG(s) dict_keys(['example_bash_operator']) retrieved from /home/airflow/.local/lib/python3.8/site-packages/airflow/example_dags/example_bash_operator.py
[2023-11-03T00:19:05.928+0000] {logging_mixin.py:151} INFO - [2023-11-03T00:19:05.928+0000] {dag.py:2941} INFO - Sync 1 DAGs
[2023-11-03T00:19:05.956+0000] {logging_mixin.py:151} INFO - [2023-11-03T00:19:05.956+0000] {dag.py:3722} INFO - Setting next_dagrun for example_bash_operator to 2023-11-02T00:00:00+00:00, run_after=2023-11-03T00:00:00+00:00
[2023-11-03T00:19:05.985+0000] {processor.py:179} INFO - Processing /home/airflow/.local/lib/python3.8/site-packages/airflow/example_dags/example_bash_operator.py took 0.113 seconds
[2023-11-03T00:19:36.257+0000] {processor.py:157} INFO - Started process (PID=3317) to work on /home/airflow/.local/lib/python3.8/site-packages/airflow/example_dags/example_bash_operator.py
[2023-11-03T00:19:36.259+0000] {processor.py:829} INFO - Processing file /home/airflow/.local/lib/python3.8/site-packages/airflow/example_dags/example_bash_operator.py for tasks to queue
[2023-11-03T00:19:36.263+0000] {logging_mixin.py:151} INFO - [2023-11-03T00:19:36.262+0000] {dagbag.py:536} INFO - Filling up the DagBag from /home/airflow/.local/lib/python3.8/site-packages/airflow/example_dags/example_bash_operator.py
[2023-11-03T00:19:36.281+0000] {processor.py:839} INFO - DAG(s) dict_keys(['example_bash_operator']) retrieved from /home/airflow/.local/lib/python3.8/site-packages/airflow/example_dags/example_bash_operator.py
[2023-11-03T00:19:36.320+0000] {logging_mixin.py:151} INFO - [2023-11-03T00:19:36.320+0000] {dag.py:2941} INFO - Sync 1 DAGs
[2023-11-03T00:19:36.348+0000] {logging_mixin.py:151} INFO - [2023-11-03T00:19:36.348+0000] {dag.py:3722} INFO - Setting next_dagrun for example_bash_operator to 2023-11-02T00:00:00+00:00, run_after=2023-11-03T00:00:00+00:00
[2023-11-03T00:19:36.377+0000] {processor.py:179} INFO - Processing /home/airflow/.local/lib/python3.8/site-packages/airflow/example_dags/example_bash_operator.py took 0.124 seconds
[2023-11-03T00:20:06.462+0000] {processor.py:157} INFO - Started process (PID=3371) to work on /home/airflow/.local/lib/python3.8/site-packages/airflow/example_dags/example_bash_operator.py
[2023-11-03T00:20:06.464+0000] {processor.py:829} INFO - Processing file /home/airflow/.local/lib/python3.8/site-packages/airflow/example_dags/example_bash_operator.py for tasks to queue
[2023-11-03T00:20:06.466+0000] {logging_mixin.py:151} INFO - [2023-11-03T00:20:06.466+0000] {dagbag.py:536} INFO - Filling up the DagBag from /home/airflow/.local/lib/python3.8/site-packages/airflow/example_dags/example_bash_operator.py
[2023-11-03T00:20:06.479+0000] {processor.py:839} INFO - DAG(s) dict_keys(['example_bash_operator']) retrieved from /home/airflow/.local/lib/python3.8/site-packages/airflow/example_dags/example_bash_operator.py
[2023-11-03T00:20:06.514+0000] {logging_mixin.py:151} INFO - [2023-11-03T00:20:06.514+0000] {dag.py:2941} INFO - Sync 1 DAGs
[2023-11-03T00:20:06.542+0000] {logging_mixin.py:151} INFO - [2023-11-03T00:20:06.542+0000] {dag.py:3722} INFO - Setting next_dagrun for example_bash_operator to 2023-11-02T00:00:00+00:00, run_after=2023-11-03T00:00:00+00:00
[2023-11-03T00:20:06.569+0000] {processor.py:179} INFO - Processing /home/airflow/.local/lib/python3.8/site-packages/airflow/example_dags/example_bash_operator.py took 0.111 seconds
[2023-11-03T00:20:36.834+0000] {processor.py:157} INFO - Started process (PID=3425) to work on /home/airflow/.local/lib/python3.8/site-packages/airflow/example_dags/example_bash_operator.py
[2023-11-03T00:20:36.835+0000] {processor.py:829} INFO - Processing file /home/airflow/.local/lib/python3.8/site-packages/airflow/example_dags/example_bash_operator.py for tasks to queue
[2023-11-03T00:20:36.837+0000] {logging_mixin.py:151} INFO - [2023-11-03T00:20:36.837+0000] {dagbag.py:536} INFO - Filling up the DagBag from /home/airflow/.local/lib/python3.8/site-packages/airflow/example_dags/example_bash_operator.py
[2023-11-03T00:20:36.851+0000] {processor.py:839} INFO - DAG(s) dict_keys(['example_bash_operator']) retrieved from /home/airflow/.local/lib/python3.8/site-packages/airflow/example_dags/example_bash_operator.py
[2023-11-03T00:20:36.887+0000] {logging_mixin.py:151} INFO - [2023-11-03T00:20:36.887+0000] {dag.py:2941} INFO - Sync 1 DAGs
[2023-11-03T00:20:36.913+0000] {logging_mixin.py:151} INFO - [2023-11-03T00:20:36.912+0000] {dag.py:3722} INFO - Setting next_dagrun for example_bash_operator to 2023-11-02T00:00:00+00:00, run_after=2023-11-03T00:00:00+00:00
[2023-11-03T00:20:36.940+0000] {processor.py:179} INFO - Processing /home/airflow/.local/lib/python3.8/site-packages/airflow/example_dags/example_bash_operator.py took 0.111 seconds
[2023-11-03T00:21:07.085+0000] {processor.py:157} INFO - Started process (PID=3479) to work on /home/airflow/.local/lib/python3.8/site-packages/airflow/example_dags/example_bash_operator.py
[2023-11-03T00:21:07.086+0000] {processor.py:829} INFO - Processing file /home/airflow/.local/lib/python3.8/site-packages/airflow/example_dags/example_bash_operator.py for tasks to queue
[2023-11-03T00:21:07.088+0000] {logging_mixin.py:151} INFO - [2023-11-03T00:21:07.088+0000] {dagbag.py:536} INFO - Filling up the DagBag from /home/airflow/.local/lib/python3.8/site-packages/airflow/example_dags/example_bash_operator.py
[2023-11-03T00:21:07.101+0000] {processor.py:839} INFO - DAG(s) dict_keys(['example_bash_operator']) retrieved from /home/airflow/.local/lib/python3.8/site-packages/airflow/example_dags/example_bash_operator.py
[2023-11-03T00:21:07.135+0000] {logging_mixin.py:151} INFO - [2023-11-03T00:21:07.135+0000] {dag.py:2941} INFO - Sync 1 DAGs
[2023-11-03T00:21:07.163+0000] {logging_mixin.py:151} INFO - [2023-11-03T00:21:07.163+0000] {dag.py:3722} INFO - Setting next_dagrun for example_bash_operator to 2023-11-02T00:00:00+00:00, run_after=2023-11-03T00:00:00+00:00
[2023-11-03T00:21:07.189+0000] {processor.py:179} INFO - Processing /home/airflow/.local/lib/python3.8/site-packages/airflow/example_dags/example_bash_operator.py took 0.108 seconds
[2023-11-03T00:21:37.349+0000] {processor.py:157} INFO - Started process (PID=3533) to work on /home/airflow/.local/lib/python3.8/site-packages/airflow/example_dags/example_bash_operator.py
[2023-11-03T00:21:37.350+0000] {processor.py:829} INFO - Processing file /home/airflow/.local/lib/python3.8/site-packages/airflow/example_dags/example_bash_operator.py for tasks to queue
[2023-11-03T00:21:37.352+0000] {logging_mixin.py:151} INFO - [2023-11-03T00:21:37.352+0000] {dagbag.py:536} INFO - Filling up the DagBag from /home/airflow/.local/lib/python3.8/site-packages/airflow/example_dags/example_bash_operator.py
[2023-11-03T00:21:37.364+0000] {processor.py:839} INFO - DAG(s) dict_keys(['example_bash_operator']) retrieved from /home/airflow/.local/lib/python3.8/site-packages/airflow/example_dags/example_bash_operator.py
[2023-11-03T00:21:37.402+0000] {logging_mixin.py:151} INFO - [2023-11-03T00:21:37.402+0000] {dag.py:2941} INFO - Sync 1 DAGs
[2023-11-03T00:21:37.429+0000] {logging_mixin.py:151} INFO - [2023-11-03T00:21:37.429+0000] {dag.py:3722} INFO - Setting next_dagrun for example_bash_operator to 2023-11-02T00:00:00+00:00, run_after=2023-11-03T00:00:00+00:00
[2023-11-03T00:21:37.457+0000] {processor.py:179} INFO - Processing /home/airflow/.local/lib/python3.8/site-packages/airflow/example_dags/example_bash_operator.py took 0.113 seconds
[2023-11-03T00:22:07.789+0000] {processor.py:157} INFO - Started process (PID=3587) to work on /home/airflow/.local/lib/python3.8/site-packages/airflow/example_dags/example_bash_operator.py
[2023-11-03T00:22:07.791+0000] {processor.py:829} INFO - Processing file /home/airflow/.local/lib/python3.8/site-packages/airflow/example_dags/example_bash_operator.py for tasks to queue
[2023-11-03T00:22:07.793+0000] {logging_mixin.py:151} INFO - [2023-11-03T00:22:07.792+0000] {dagbag.py:536} INFO - Filling up the DagBag from /home/airflow/.local/lib/python3.8/site-packages/airflow/example_dags/example_bash_operator.py
[2023-11-03T00:22:07.808+0000] {processor.py:839} INFO - DAG(s) dict_keys(['example_bash_operator']) retrieved from /home/airflow/.local/lib/python3.8/site-packages/airflow/example_dags/example_bash_operator.py
[2023-11-03T00:22:07.845+0000] {logging_mixin.py:151} INFO - [2023-11-03T00:22:07.844+0000] {dag.py:2941} INFO - Sync 1 DAGs
[2023-11-03T00:22:07.873+0000] {logging_mixin.py:151} INFO - [2023-11-03T00:22:07.872+0000] {dag.py:3722} INFO - Setting next_dagrun for example_bash_operator to 2023-11-02T00:00:00+00:00, run_after=2023-11-03T00:00:00+00:00
[2023-11-03T00:22:07.900+0000] {processor.py:179} INFO - Processing /home/airflow/.local/lib/python3.8/site-packages/airflow/example_dags/example_bash_operator.py took 0.114 seconds
[2023-11-03T00:22:38.140+0000] {processor.py:157} INFO - Started process (PID=3641) to work on /home/airflow/.local/lib/python3.8/site-packages/airflow/example_dags/example_bash_operator.py
[2023-11-03T00:22:38.142+0000] {processor.py:829} INFO - Processing file /home/airflow/.local/lib/python3.8/site-packages/airflow/example_dags/example_bash_operator.py for tasks to queue
[2023-11-03T00:22:38.145+0000] {logging_mixin.py:151} INFO - [2023-11-03T00:22:38.144+0000] {dagbag.py:536} INFO - Filling up the DagBag from /home/airflow/.local/lib/python3.8/site-packages/airflow/example_dags/example_bash_operator.py
[2023-11-03T00:22:38.163+0000] {processor.py:839} INFO - DAG(s) dict_keys(['example_bash_operator']) retrieved from /home/airflow/.local/lib/python3.8/site-packages/airflow/example_dags/example_bash_operator.py
[2023-11-03T00:22:38.216+0000] {logging_mixin.py:151} INFO - [2023-11-03T00:22:38.215+0000] {dag.py:2941} INFO - Sync 1 DAGs
[2023-11-03T00:22:38.251+0000] {logging_mixin.py:151} INFO - [2023-11-03T00:22:38.251+0000] {dag.py:3722} INFO - Setting next_dagrun for example_bash_operator to 2023-11-02T00:00:00+00:00, run_after=2023-11-03T00:00:00+00:00
[2023-11-03T00:22:38.288+0000] {processor.py:179} INFO - Processing /home/airflow/.local/lib/python3.8/site-packages/airflow/example_dags/example_bash_operator.py took 0.155 seconds
[2023-11-03T00:23:08.587+0000] {processor.py:157} INFO - Started process (PID=3695) to work on /home/airflow/.local/lib/python3.8/site-packages/airflow/example_dags/example_bash_operator.py
[2023-11-03T00:23:08.589+0000] {processor.py:829} INFO - Processing file /home/airflow/.local/lib/python3.8/site-packages/airflow/example_dags/example_bash_operator.py for tasks to queue
[2023-11-03T00:23:08.592+0000] {logging_mixin.py:151} INFO - [2023-11-03T00:23:08.591+0000] {dagbag.py:536} INFO - Filling up the DagBag from /home/airflow/.local/lib/python3.8/site-packages/airflow/example_dags/example_bash_operator.py
[2023-11-03T00:23:08.609+0000] {processor.py:839} INFO - DAG(s) dict_keys(['example_bash_operator']) retrieved from /home/airflow/.local/lib/python3.8/site-packages/airflow/example_dags/example_bash_operator.py
[2023-11-03T00:23:08.658+0000] {logging_mixin.py:151} INFO - [2023-11-03T00:23:08.657+0000] {dag.py:2941} INFO - Sync 1 DAGs
[2023-11-03T00:23:08.696+0000] {logging_mixin.py:151} INFO - [2023-11-03T00:23:08.696+0000] {dag.py:3722} INFO - Setting next_dagrun for example_bash_operator to 2023-11-02T00:00:00+00:00, run_after=2023-11-03T00:00:00+00:00
[2023-11-03T00:23:08.739+0000] {processor.py:179} INFO - Processing /home/airflow/.local/lib/python3.8/site-packages/airflow/example_dags/example_bash_operator.py took 0.156 seconds
[2023-11-03T00:23:39.177+0000] {processor.py:157} INFO - Started process (PID=3749) to work on /home/airflow/.local/lib/python3.8/site-packages/airflow/example_dags/example_bash_operator.py
[2023-11-03T00:23:39.179+0000] {processor.py:829} INFO - Processing file /home/airflow/.local/lib/python3.8/site-packages/airflow/example_dags/example_bash_operator.py for tasks to queue
[2023-11-03T00:23:39.181+0000] {logging_mixin.py:151} INFO - [2023-11-03T00:23:39.181+0000] {dagbag.py:536} INFO - Filling up the DagBag from /home/airflow/.local/lib/python3.8/site-packages/airflow/example_dags/example_bash_operator.py
[2023-11-03T00:23:39.195+0000] {processor.py:839} INFO - DAG(s) dict_keys(['example_bash_operator']) retrieved from /home/airflow/.local/lib/python3.8/site-packages/airflow/example_dags/example_bash_operator.py
[2023-11-03T00:23:39.229+0000] {logging_mixin.py:151} INFO - [2023-11-03T00:23:39.229+0000] {dag.py:2941} INFO - Sync 1 DAGs
[2023-11-03T00:23:39.256+0000] {logging_mixin.py:151} INFO - [2023-11-03T00:23:39.256+0000] {dag.py:3722} INFO - Setting next_dagrun for example_bash_operator to 2023-11-02T00:00:00+00:00, run_after=2023-11-03T00:00:00+00:00
[2023-11-03T00:23:39.287+0000] {processor.py:179} INFO - Processing /home/airflow/.local/lib/python3.8/site-packages/airflow/example_dags/example_bash_operator.py took 0.113 seconds
[2023-11-03T00:24:09.360+0000] {processor.py:157} INFO - Started process (PID=3803) to work on /home/airflow/.local/lib/python3.8/site-packages/airflow/example_dags/example_bash_operator.py
[2023-11-03T00:24:09.361+0000] {processor.py:829} INFO - Processing file /home/airflow/.local/lib/python3.8/site-packages/airflow/example_dags/example_bash_operator.py for tasks to queue
[2023-11-03T00:24:09.364+0000] {logging_mixin.py:151} INFO - [2023-11-03T00:24:09.363+0000] {dagbag.py:536} INFO - Filling up the DagBag from /home/airflow/.local/lib/python3.8/site-packages/airflow/example_dags/example_bash_operator.py
[2023-11-03T00:24:09.378+0000] {processor.py:839} INFO - DAG(s) dict_keys(['example_bash_operator']) retrieved from /home/airflow/.local/lib/python3.8/site-packages/airflow/example_dags/example_bash_operator.py
[2023-11-03T00:24:09.411+0000] {logging_mixin.py:151} INFO - [2023-11-03T00:24:09.411+0000] {dag.py:2941} INFO - Sync 1 DAGs
[2023-11-03T00:24:09.434+0000] {logging_mixin.py:151} INFO - [2023-11-03T00:24:09.434+0000] {dag.py:3722} INFO - Setting next_dagrun for example_bash_operator to 2023-11-02T00:00:00+00:00, run_after=2023-11-03T00:00:00+00:00
[2023-11-03T00:24:09.457+0000] {processor.py:179} INFO - Processing /home/airflow/.local/lib/python3.8/site-packages/airflow/example_dags/example_bash_operator.py took 0.101 seconds
[2023-11-03T00:24:39.658+0000] {processor.py:157} INFO - Started process (PID=3858) to work on /home/airflow/.local/lib/python3.8/site-packages/airflow/example_dags/example_bash_operator.py
[2023-11-03T00:24:39.660+0000] {processor.py:829} INFO - Processing file /home/airflow/.local/lib/python3.8/site-packages/airflow/example_dags/example_bash_operator.py for tasks to queue
[2023-11-03T00:24:39.662+0000] {logging_mixin.py:151} INFO - [2023-11-03T00:24:39.662+0000] {dagbag.py:536} INFO - Filling up the DagBag from /home/airflow/.local/lib/python3.8/site-packages/airflow/example_dags/example_bash_operator.py
[2023-11-03T00:24:39.675+0000] {processor.py:839} INFO - DAG(s) dict_keys(['example_bash_operator']) retrieved from /home/airflow/.local/lib/python3.8/site-packages/airflow/example_dags/example_bash_operator.py
[2023-11-03T00:24:39.713+0000] {logging_mixin.py:151} INFO - [2023-11-03T00:24:39.712+0000] {dag.py:2941} INFO - Sync 1 DAGs
[2023-11-03T00:24:39.738+0000] {logging_mixin.py:151} INFO - [2023-11-03T00:24:39.738+0000] {dag.py:3722} INFO - Setting next_dagrun for example_bash_operator to 2023-11-02T00:00:00+00:00, run_after=2023-11-03T00:00:00+00:00
[2023-11-03T00:24:39.763+0000] {processor.py:179} INFO - Processing /home/airflow/.local/lib/python3.8/site-packages/airflow/example_dags/example_bash_operator.py took 0.108 seconds
[2023-11-03T00:25:09.821+0000] {processor.py:157} INFO - Started process (PID=3910) to work on /home/airflow/.local/lib/python3.8/site-packages/airflow/example_dags/example_bash_operator.py
[2023-11-03T00:25:09.822+0000] {processor.py:829} INFO - Processing file /home/airflow/.local/lib/python3.8/site-packages/airflow/example_dags/example_bash_operator.py for tasks to queue
[2023-11-03T00:25:09.824+0000] {logging_mixin.py:151} INFO - [2023-11-03T00:25:09.824+0000] {dagbag.py:536} INFO - Filling up the DagBag from /home/airflow/.local/lib/python3.8/site-packages/airflow/example_dags/example_bash_operator.py
[2023-11-03T00:25:09.837+0000] {processor.py:839} INFO - DAG(s) dict_keys(['example_bash_operator']) retrieved from /home/airflow/.local/lib/python3.8/site-packages/airflow/example_dags/example_bash_operator.py
[2023-11-03T00:25:09.875+0000] {logging_mixin.py:151} INFO - [2023-11-03T00:25:09.874+0000] {dag.py:2941} INFO - Sync 1 DAGs
[2023-11-03T00:25:09.901+0000] {logging_mixin.py:151} INFO - [2023-11-03T00:25:09.901+0000] {dag.py:3722} INFO - Setting next_dagrun for example_bash_operator to 2023-11-02T00:00:00+00:00, run_after=2023-11-03T00:00:00+00:00
[2023-11-03T00:25:09.928+0000] {processor.py:179} INFO - Processing /home/airflow/.local/lib/python3.8/site-packages/airflow/example_dags/example_bash_operator.py took 0.110 seconds
[2023-11-03T00:25:39.990+0000] {processor.py:157} INFO - Started process (PID=3964) to work on /home/airflow/.local/lib/python3.8/site-packages/airflow/example_dags/example_bash_operator.py
[2023-11-03T00:25:39.991+0000] {processor.py:829} INFO - Processing file /home/airflow/.local/lib/python3.8/site-packages/airflow/example_dags/example_bash_operator.py for tasks to queue
[2023-11-03T00:25:39.993+0000] {logging_mixin.py:151} INFO - [2023-11-03T00:25:39.993+0000] {dagbag.py:536} INFO - Filling up the DagBag from /home/airflow/.local/lib/python3.8/site-packages/airflow/example_dags/example_bash_operator.py
[2023-11-03T00:25:40.004+0000] {processor.py:839} INFO - DAG(s) dict_keys(['example_bash_operator']) retrieved from /home/airflow/.local/lib/python3.8/site-packages/airflow/example_dags/example_bash_operator.py
[2023-11-03T00:25:40.037+0000] {logging_mixin.py:151} INFO - [2023-11-03T00:25:40.037+0000] {dag.py:2941} INFO - Sync 1 DAGs
[2023-11-03T00:25:40.061+0000] {logging_mixin.py:151} INFO - [2023-11-03T00:25:40.061+0000] {dag.py:3722} INFO - Setting next_dagrun for example_bash_operator to 2023-11-02T00:00:00+00:00, run_after=2023-11-03T00:00:00+00:00
[2023-11-03T00:25:40.083+0000] {processor.py:179} INFO - Processing /home/airflow/.local/lib/python3.8/site-packages/airflow/example_dags/example_bash_operator.py took 0.098 seconds
[2023-11-03T00:26:10.325+0000] {processor.py:157} INFO - Started process (PID=4019) to work on /home/airflow/.local/lib/python3.8/site-packages/airflow/example_dags/example_bash_operator.py
[2023-11-03T00:26:10.327+0000] {processor.py:829} INFO - Processing file /home/airflow/.local/lib/python3.8/site-packages/airflow/example_dags/example_bash_operator.py for tasks to queue
[2023-11-03T00:26:10.329+0000] {logging_mixin.py:151} INFO - [2023-11-03T00:26:10.328+0000] {dagbag.py:536} INFO - Filling up the DagBag from /home/airflow/.local/lib/python3.8/site-packages/airflow/example_dags/example_bash_operator.py
[2023-11-03T00:26:10.344+0000] {processor.py:839} INFO - DAG(s) dict_keys(['example_bash_operator']) retrieved from /home/airflow/.local/lib/python3.8/site-packages/airflow/example_dags/example_bash_operator.py
[2023-11-03T00:26:10.388+0000] {logging_mixin.py:151} INFO - [2023-11-03T00:26:10.387+0000] {dag.py:2941} INFO - Sync 1 DAGs
[2023-11-03T00:26:10.414+0000] {logging_mixin.py:151} INFO - [2023-11-03T00:26:10.414+0000] {dag.py:3722} INFO - Setting next_dagrun for example_bash_operator to 2023-11-02T00:00:00+00:00, run_after=2023-11-03T00:00:00+00:00
[2023-11-03T00:26:10.443+0000] {processor.py:179} INFO - Processing /home/airflow/.local/lib/python3.8/site-packages/airflow/example_dags/example_bash_operator.py took 0.121 seconds
[2023-11-03T00:26:40.504+0000] {processor.py:157} INFO - Started process (PID=4072) to work on /home/airflow/.local/lib/python3.8/site-packages/airflow/example_dags/example_bash_operator.py
[2023-11-03T00:26:40.506+0000] {processor.py:829} INFO - Processing file /home/airflow/.local/lib/python3.8/site-packages/airflow/example_dags/example_bash_operator.py for tasks to queue
[2023-11-03T00:26:40.508+0000] {logging_mixin.py:151} INFO - [2023-11-03T00:26:40.508+0000] {dagbag.py:536} INFO - Filling up the DagBag from /home/airflow/.local/lib/python3.8/site-packages/airflow/example_dags/example_bash_operator.py
[2023-11-03T00:26:40.520+0000] {processor.py:839} INFO - DAG(s) dict_keys(['example_bash_operator']) retrieved from /home/airflow/.local/lib/python3.8/site-packages/airflow/example_dags/example_bash_operator.py
[2023-11-03T00:26:40.559+0000] {logging_mixin.py:151} INFO - [2023-11-03T00:26:40.559+0000] {dag.py:2941} INFO - Sync 1 DAGs
[2023-11-03T00:26:40.587+0000] {logging_mixin.py:151} INFO - [2023-11-03T00:26:40.587+0000] {dag.py:3722} INFO - Setting next_dagrun for example_bash_operator to 2023-11-02T00:00:00+00:00, run_after=2023-11-03T00:00:00+00:00
[2023-11-03T00:26:40.618+0000] {processor.py:179} INFO - Processing /home/airflow/.local/lib/python3.8/site-packages/airflow/example_dags/example_bash_operator.py took 0.117 seconds
[2023-11-03T00:27:10.664+0000] {processor.py:157} INFO - Started process (PID=4126) to work on /home/airflow/.local/lib/python3.8/site-packages/airflow/example_dags/example_bash_operator.py
[2023-11-03T00:27:10.665+0000] {processor.py:829} INFO - Processing file /home/airflow/.local/lib/python3.8/site-packages/airflow/example_dags/example_bash_operator.py for tasks to queue
[2023-11-03T00:27:10.667+0000] {logging_mixin.py:151} INFO - [2023-11-03T00:27:10.667+0000] {dagbag.py:536} INFO - Filling up the DagBag from /home/airflow/.local/lib/python3.8/site-packages/airflow/example_dags/example_bash_operator.py
[2023-11-03T00:27:10.678+0000] {processor.py:839} INFO - DAG(s) dict_keys(['example_bash_operator']) retrieved from /home/airflow/.local/lib/python3.8/site-packages/airflow/example_dags/example_bash_operator.py
[2023-11-03T00:27:10.709+0000] {logging_mixin.py:151} INFO - [2023-11-03T00:27:10.709+0000] {dag.py:2941} INFO - Sync 1 DAGs
[2023-11-03T00:27:10.735+0000] {logging_mixin.py:151} INFO - [2023-11-03T00:27:10.734+0000] {dag.py:3722} INFO - Setting next_dagrun for example_bash_operator to 2023-11-02T00:00:00+00:00, run_after=2023-11-03T00:00:00+00:00
[2023-11-03T00:27:10.760+0000] {processor.py:179} INFO - Processing /home/airflow/.local/lib/python3.8/site-packages/airflow/example_dags/example_bash_operator.py took 0.100 seconds
[2023-11-03T00:27:40.840+0000] {processor.py:157} INFO - Started process (PID=4180) to work on /home/airflow/.local/lib/python3.8/site-packages/airflow/example_dags/example_bash_operator.py
[2023-11-03T00:27:40.842+0000] {processor.py:829} INFO - Processing file /home/airflow/.local/lib/python3.8/site-packages/airflow/example_dags/example_bash_operator.py for tasks to queue
[2023-11-03T00:27:40.844+0000] {logging_mixin.py:151} INFO - [2023-11-03T00:27:40.843+0000] {dagbag.py:536} INFO - Filling up the DagBag from /home/airflow/.local/lib/python3.8/site-packages/airflow/example_dags/example_bash_operator.py
[2023-11-03T00:27:40.855+0000] {processor.py:839} INFO - DAG(s) dict_keys(['example_bash_operator']) retrieved from /home/airflow/.local/lib/python3.8/site-packages/airflow/example_dags/example_bash_operator.py
[2023-11-03T00:27:40.887+0000] {logging_mixin.py:151} INFO - [2023-11-03T00:27:40.887+0000] {dag.py:2941} INFO - Sync 1 DAGs
[2023-11-03T00:27:40.911+0000] {logging_mixin.py:151} INFO - [2023-11-03T00:27:40.911+0000] {dag.py:3722} INFO - Setting next_dagrun for example_bash_operator to 2023-11-02T00:00:00+00:00, run_after=2023-11-03T00:00:00+00:00
[2023-11-03T00:27:40.938+0000] {processor.py:179} INFO - Processing /home/airflow/.local/lib/python3.8/site-packages/airflow/example_dags/example_bash_operator.py took 0.101 seconds
[2023-11-03T00:28:11.028+0000] {processor.py:157} INFO - Started process (PID=4234) to work on /home/airflow/.local/lib/python3.8/site-packages/airflow/example_dags/example_bash_operator.py
[2023-11-03T00:28:11.029+0000] {processor.py:829} INFO - Processing file /home/airflow/.local/lib/python3.8/site-packages/airflow/example_dags/example_bash_operator.py for tasks to queue
[2023-11-03T00:28:11.031+0000] {logging_mixin.py:151} INFO - [2023-11-03T00:28:11.031+0000] {dagbag.py:536} INFO - Filling up the DagBag from /home/airflow/.local/lib/python3.8/site-packages/airflow/example_dags/example_bash_operator.py
[2023-11-03T00:28:11.043+0000] {processor.py:839} INFO - DAG(s) dict_keys(['example_bash_operator']) retrieved from /home/airflow/.local/lib/python3.8/site-packages/airflow/example_dags/example_bash_operator.py
[2023-11-03T00:28:11.078+0000] {logging_mixin.py:151} INFO - [2023-11-03T00:28:11.077+0000] {dag.py:2941} INFO - Sync 1 DAGs
[2023-11-03T00:28:11.104+0000] {logging_mixin.py:151} INFO - [2023-11-03T00:28:11.103+0000] {dag.py:3722} INFO - Setting next_dagrun for example_bash_operator to 2023-11-02T00:00:00+00:00, run_after=2023-11-03T00:00:00+00:00
[2023-11-03T00:28:11.131+0000] {processor.py:179} INFO - Processing /home/airflow/.local/lib/python3.8/site-packages/airflow/example_dags/example_bash_operator.py took 0.106 seconds
[2023-11-03T00:28:41.242+0000] {processor.py:157} INFO - Started process (PID=4288) to work on /home/airflow/.local/lib/python3.8/site-packages/airflow/example_dags/example_bash_operator.py
[2023-11-03T00:28:41.243+0000] {processor.py:829} INFO - Processing file /home/airflow/.local/lib/python3.8/site-packages/airflow/example_dags/example_bash_operator.py for tasks to queue
[2023-11-03T00:28:41.245+0000] {logging_mixin.py:151} INFO - [2023-11-03T00:28:41.244+0000] {dagbag.py:536} INFO - Filling up the DagBag from /home/airflow/.local/lib/python3.8/site-packages/airflow/example_dags/example_bash_operator.py
[2023-11-03T00:28:41.257+0000] {processor.py:839} INFO - DAG(s) dict_keys(['example_bash_operator']) retrieved from /home/airflow/.local/lib/python3.8/site-packages/airflow/example_dags/example_bash_operator.py
[2023-11-03T00:28:41.295+0000] {logging_mixin.py:151} INFO - [2023-11-03T00:28:41.295+0000] {dag.py:2941} INFO - Sync 1 DAGs
[2023-11-03T00:28:41.320+0000] {logging_mixin.py:151} INFO - [2023-11-03T00:28:41.320+0000] {dag.py:3722} INFO - Setting next_dagrun for example_bash_operator to 2023-11-02T00:00:00+00:00, run_after=2023-11-03T00:00:00+00:00
[2023-11-03T00:28:41.347+0000] {processor.py:179} INFO - Processing /home/airflow/.local/lib/python3.8/site-packages/airflow/example_dags/example_bash_operator.py took 0.109 seconds
[2023-11-03T00:29:11.404+0000] {processor.py:157} INFO - Started process (PID=4343) to work on /home/airflow/.local/lib/python3.8/site-packages/airflow/example_dags/example_bash_operator.py
[2023-11-03T00:29:11.407+0000] {processor.py:829} INFO - Processing file /home/airflow/.local/lib/python3.8/site-packages/airflow/example_dags/example_bash_operator.py for tasks to queue
[2023-11-03T00:29:11.413+0000] {logging_mixin.py:151} INFO - [2023-11-03T00:29:11.412+0000] {dagbag.py:536} INFO - Filling up the DagBag from /home/airflow/.local/lib/python3.8/site-packages/airflow/example_dags/example_bash_operator.py
[2023-11-03T00:29:11.426+0000] {processor.py:839} INFO - DAG(s) dict_keys(['example_bash_operator']) retrieved from /home/airflow/.local/lib/python3.8/site-packages/airflow/example_dags/example_bash_operator.py
[2023-11-03T00:29:11.465+0000] {logging_mixin.py:151} INFO - [2023-11-03T00:29:11.465+0000] {dag.py:2941} INFO - Sync 1 DAGs
[2023-11-03T00:29:11.503+0000] {logging_mixin.py:151} INFO - [2023-11-03T00:29:11.502+0000] {dag.py:3722} INFO - Setting next_dagrun for example_bash_operator to 2023-11-02T00:00:00+00:00, run_after=2023-11-03T00:00:00+00:00
[2023-11-03T00:29:11.529+0000] {processor.py:179} INFO - Processing /home/airflow/.local/lib/python3.8/site-packages/airflow/example_dags/example_bash_operator.py took 0.128 seconds
[2023-11-03T00:29:41.673+0000] {processor.py:157} INFO - Started process (PID=4397) to work on /home/airflow/.local/lib/python3.8/site-packages/airflow/example_dags/example_bash_operator.py
[2023-11-03T00:29:41.674+0000] {processor.py:829} INFO - Processing file /home/airflow/.local/lib/python3.8/site-packages/airflow/example_dags/example_bash_operator.py for tasks to queue
[2023-11-03T00:29:41.676+0000] {logging_mixin.py:151} INFO - [2023-11-03T00:29:41.676+0000] {dagbag.py:536} INFO - Filling up the DagBag from /home/airflow/.local/lib/python3.8/site-packages/airflow/example_dags/example_bash_operator.py
[2023-11-03T00:29:41.688+0000] {processor.py:839} INFO - DAG(s) dict_keys(['example_bash_operator']) retrieved from /home/airflow/.local/lib/python3.8/site-packages/airflow/example_dags/example_bash_operator.py
[2023-11-03T00:29:41.724+0000] {logging_mixin.py:151} INFO - [2023-11-03T00:29:41.724+0000] {dag.py:2941} INFO - Sync 1 DAGs
[2023-11-03T00:29:41.750+0000] {logging_mixin.py:151} INFO - [2023-11-03T00:29:41.750+0000] {dag.py:3722} INFO - Setting next_dagrun for example_bash_operator to 2023-11-02T00:00:00+00:00, run_after=2023-11-03T00:00:00+00:00
[2023-11-03T00:29:41.776+0000] {processor.py:179} INFO - Processing /home/airflow/.local/lib/python3.8/site-packages/airflow/example_dags/example_bash_operator.py took 0.107 seconds
[2023-11-03T00:30:12.066+0000] {processor.py:157} INFO - Started process (PID=4451) to work on /home/airflow/.local/lib/python3.8/site-packages/airflow/example_dags/example_bash_operator.py
[2023-11-03T00:30:12.067+0000] {processor.py:829} INFO - Processing file /home/airflow/.local/lib/python3.8/site-packages/airflow/example_dags/example_bash_operator.py for tasks to queue
[2023-11-03T00:30:12.069+0000] {logging_mixin.py:151} INFO - [2023-11-03T00:30:12.068+0000] {dagbag.py:536} INFO - Filling up the DagBag from /home/airflow/.local/lib/python3.8/site-packages/airflow/example_dags/example_bash_operator.py
[2023-11-03T00:30:12.081+0000] {processor.py:839} INFO - DAG(s) dict_keys(['example_bash_operator']) retrieved from /home/airflow/.local/lib/python3.8/site-packages/airflow/example_dags/example_bash_operator.py
[2023-11-03T00:30:12.113+0000] {logging_mixin.py:151} INFO - [2023-11-03T00:30:12.113+0000] {dag.py:2941} INFO - Sync 1 DAGs
[2023-11-03T00:30:12.139+0000] {logging_mixin.py:151} INFO - [2023-11-03T00:30:12.138+0000] {dag.py:3722} INFO - Setting next_dagrun for example_bash_operator to 2023-11-02T00:00:00+00:00, run_after=2023-11-03T00:00:00+00:00
[2023-11-03T00:30:12.168+0000] {processor.py:179} INFO - Processing /home/airflow/.local/lib/python3.8/site-packages/airflow/example_dags/example_bash_operator.py took 0.106 seconds
[2023-11-03T00:30:42.940+0000] {processor.py:157} INFO - Started process (PID=4505) to work on /home/airflow/.local/lib/python3.8/site-packages/airflow/example_dags/example_bash_operator.py
[2023-11-03T00:30:42.941+0000] {processor.py:829} INFO - Processing file /home/airflow/.local/lib/python3.8/site-packages/airflow/example_dags/example_bash_operator.py for tasks to queue
[2023-11-03T00:30:42.943+0000] {logging_mixin.py:151} INFO - [2023-11-03T00:30:42.943+0000] {dagbag.py:536} INFO - Filling up the DagBag from /home/airflow/.local/lib/python3.8/site-packages/airflow/example_dags/example_bash_operator.py
[2023-11-03T00:30:42.955+0000] {processor.py:839} INFO - DAG(s) dict_keys(['example_bash_operator']) retrieved from /home/airflow/.local/lib/python3.8/site-packages/airflow/example_dags/example_bash_operator.py
[2023-11-03T00:30:42.994+0000] {logging_mixin.py:151} INFO - [2023-11-03T00:30:42.994+0000] {dag.py:2941} INFO - Sync 1 DAGs
[2023-11-03T00:30:43.022+0000] {logging_mixin.py:151} INFO - [2023-11-03T00:30:43.022+0000] {dag.py:3722} INFO - Setting next_dagrun for example_bash_operator to 2023-11-02T00:00:00+00:00, run_after=2023-11-03T00:00:00+00:00
[2023-11-03T00:30:43.052+0000] {processor.py:179} INFO - Processing /home/airflow/.local/lib/python3.8/site-packages/airflow/example_dags/example_bash_operator.py took 0.115 seconds
