[2023-11-03T00:00:08.902+0000] {processor.py:157} INFO - Started process (PID=1237) to work on /home/airflow/.local/lib/python3.8/site-packages/airflow/example_dags/example_sensors.py
[2023-11-03T00:00:08.903+0000] {processor.py:829} INFO - Processing file /home/airflow/.local/lib/python3.8/site-packages/airflow/example_dags/example_sensors.py for tasks to queue
[2023-11-03T00:00:08.905+0000] {logging_mixin.py:151} INFO - [2023-11-03T00:00:08.905+0000] {dagbag.py:536} INFO - Filling up the DagBag from /home/airflow/.local/lib/python3.8/site-packages/airflow/example_dags/example_sensors.py
[2023-11-03T00:00:08.914+0000] {processor.py:839} INFO - DAG(s) dict_keys(['example_sensors']) retrieved from /home/airflow/.local/lib/python3.8/site-packages/airflow/example_dags/example_sensors.py
[2023-11-03T00:00:08.944+0000] {logging_mixin.py:151} INFO - [2023-11-03T00:00:08.943+0000] {dag.py:2941} INFO - Sync 1 DAGs
[2023-11-03T00:00:08.956+0000] {logging_mixin.py:151} INFO - [2023-11-03T00:00:08.956+0000] {dag.py:3722} INFO - Setting next_dagrun for example_sensors to None, run_after=None
[2023-11-03T00:00:08.978+0000] {processor.py:179} INFO - Processing /home/airflow/.local/lib/python3.8/site-packages/airflow/example_dags/example_sensors.py took 0.079 seconds
[2023-11-03T00:00:39.912+0000] {processor.py:157} INFO - Started process (PID=1291) to work on /home/airflow/.local/lib/python3.8/site-packages/airflow/example_dags/example_sensors.py
[2023-11-03T00:00:39.914+0000] {processor.py:829} INFO - Processing file /home/airflow/.local/lib/python3.8/site-packages/airflow/example_dags/example_sensors.py for tasks to queue
[2023-11-03T00:00:39.918+0000] {logging_mixin.py:151} INFO - [2023-11-03T00:00:39.917+0000] {dagbag.py:536} INFO - Filling up the DagBag from /home/airflow/.local/lib/python3.8/site-packages/airflow/example_dags/example_sensors.py
[2023-11-03T00:00:39.934+0000] {processor.py:839} INFO - DAG(s) dict_keys(['example_sensors']) retrieved from /home/airflow/.local/lib/python3.8/site-packages/airflow/example_dags/example_sensors.py
[2023-11-03T00:00:39.987+0000] {logging_mixin.py:151} INFO - [2023-11-03T00:00:39.986+0000] {dag.py:2941} INFO - Sync 1 DAGs
[2023-11-03T00:00:40.006+0000] {logging_mixin.py:151} INFO - [2023-11-03T00:00:40.005+0000] {dag.py:3722} INFO - Setting next_dagrun for example_sensors to None, run_after=None
[2023-11-03T00:00:40.042+0000] {processor.py:179} INFO - Processing /home/airflow/.local/lib/python3.8/site-packages/airflow/example_dags/example_sensors.py took 0.136 seconds
[2023-11-03T00:01:10.739+0000] {processor.py:157} INFO - Started process (PID=1345) to work on /home/airflow/.local/lib/python3.8/site-packages/airflow/example_dags/example_sensors.py
[2023-11-03T00:01:10.740+0000] {processor.py:829} INFO - Processing file /home/airflow/.local/lib/python3.8/site-packages/airflow/example_dags/example_sensors.py for tasks to queue
[2023-11-03T00:01:10.743+0000] {logging_mixin.py:151} INFO - [2023-11-03T00:01:10.742+0000] {dagbag.py:536} INFO - Filling up the DagBag from /home/airflow/.local/lib/python3.8/site-packages/airflow/example_dags/example_sensors.py
[2023-11-03T00:01:10.752+0000] {processor.py:839} INFO - DAG(s) dict_keys(['example_sensors']) retrieved from /home/airflow/.local/lib/python3.8/site-packages/airflow/example_dags/example_sensors.py
[2023-11-03T00:01:10.783+0000] {logging_mixin.py:151} INFO - [2023-11-03T00:01:10.783+0000] {dag.py:2941} INFO - Sync 1 DAGs
[2023-11-03T00:01:10.798+0000] {logging_mixin.py:151} INFO - [2023-11-03T00:01:10.798+0000] {dag.py:3722} INFO - Setting next_dagrun for example_sensors to None, run_after=None
[2023-11-03T00:01:10.825+0000] {processor.py:179} INFO - Processing /home/airflow/.local/lib/python3.8/site-packages/airflow/example_dags/example_sensors.py took 0.090 seconds
[2023-11-03T00:01:41.157+0000] {processor.py:157} INFO - Started process (PID=1399) to work on /home/airflow/.local/lib/python3.8/site-packages/airflow/example_dags/example_sensors.py
[2023-11-03T00:01:41.158+0000] {processor.py:829} INFO - Processing file /home/airflow/.local/lib/python3.8/site-packages/airflow/example_dags/example_sensors.py for tasks to queue
[2023-11-03T00:01:41.160+0000] {logging_mixin.py:151} INFO - [2023-11-03T00:01:41.160+0000] {dagbag.py:536} INFO - Filling up the DagBag from /home/airflow/.local/lib/python3.8/site-packages/airflow/example_dags/example_sensors.py
[2023-11-03T00:01:41.168+0000] {processor.py:839} INFO - DAG(s) dict_keys(['example_sensors']) retrieved from /home/airflow/.local/lib/python3.8/site-packages/airflow/example_dags/example_sensors.py
[2023-11-03T00:01:41.198+0000] {logging_mixin.py:151} INFO - [2023-11-03T00:01:41.198+0000] {dag.py:2941} INFO - Sync 1 DAGs
[2023-11-03T00:01:41.212+0000] {logging_mixin.py:151} INFO - [2023-11-03T00:01:41.212+0000] {dag.py:3722} INFO - Setting next_dagrun for example_sensors to None, run_after=None
[2023-11-03T00:01:41.240+0000] {processor.py:179} INFO - Processing /home/airflow/.local/lib/python3.8/site-packages/airflow/example_dags/example_sensors.py took 0.087 seconds
[2023-11-03T00:02:11.926+0000] {processor.py:157} INFO - Started process (PID=1453) to work on /home/airflow/.local/lib/python3.8/site-packages/airflow/example_dags/example_sensors.py
[2023-11-03T00:02:11.928+0000] {processor.py:829} INFO - Processing file /home/airflow/.local/lib/python3.8/site-packages/airflow/example_dags/example_sensors.py for tasks to queue
[2023-11-03T00:02:11.931+0000] {logging_mixin.py:151} INFO - [2023-11-03T00:02:11.930+0000] {dagbag.py:536} INFO - Filling up the DagBag from /home/airflow/.local/lib/python3.8/site-packages/airflow/example_dags/example_sensors.py
[2023-11-03T00:02:11.941+0000] {processor.py:839} INFO - DAG(s) dict_keys(['example_sensors']) retrieved from /home/airflow/.local/lib/python3.8/site-packages/airflow/example_dags/example_sensors.py
[2023-11-03T00:02:11.974+0000] {logging_mixin.py:151} INFO - [2023-11-03T00:02:11.974+0000] {dag.py:2941} INFO - Sync 1 DAGs
[2023-11-03T00:02:11.989+0000] {logging_mixin.py:151} INFO - [2023-11-03T00:02:11.989+0000] {dag.py:3722} INFO - Setting next_dagrun for example_sensors to None, run_after=None
[2023-11-03T00:02:12.019+0000] {processor.py:179} INFO - Processing /home/airflow/.local/lib/python3.8/site-packages/airflow/example_dags/example_sensors.py took 0.096 seconds
[2023-11-03T00:02:42.374+0000] {processor.py:157} INFO - Started process (PID=1507) to work on /home/airflow/.local/lib/python3.8/site-packages/airflow/example_dags/example_sensors.py
[2023-11-03T00:02:42.376+0000] {processor.py:829} INFO - Processing file /home/airflow/.local/lib/python3.8/site-packages/airflow/example_dags/example_sensors.py for tasks to queue
[2023-11-03T00:02:42.378+0000] {logging_mixin.py:151} INFO - [2023-11-03T00:02:42.377+0000] {dagbag.py:536} INFO - Filling up the DagBag from /home/airflow/.local/lib/python3.8/site-packages/airflow/example_dags/example_sensors.py
[2023-11-03T00:02:42.387+0000] {processor.py:839} INFO - DAG(s) dict_keys(['example_sensors']) retrieved from /home/airflow/.local/lib/python3.8/site-packages/airflow/example_dags/example_sensors.py
[2023-11-03T00:02:42.422+0000] {logging_mixin.py:151} INFO - [2023-11-03T00:02:42.421+0000] {dag.py:2941} INFO - Sync 1 DAGs
[2023-11-03T00:02:42.436+0000] {logging_mixin.py:151} INFO - [2023-11-03T00:02:42.435+0000] {dag.py:3722} INFO - Setting next_dagrun for example_sensors to None, run_after=None
[2023-11-03T00:02:42.463+0000] {processor.py:179} INFO - Processing /home/airflow/.local/lib/python3.8/site-packages/airflow/example_dags/example_sensors.py took 0.093 seconds
[2023-11-03T00:03:12.829+0000] {processor.py:157} INFO - Started process (PID=1561) to work on /home/airflow/.local/lib/python3.8/site-packages/airflow/example_dags/example_sensors.py
[2023-11-03T00:03:12.830+0000] {processor.py:829} INFO - Processing file /home/airflow/.local/lib/python3.8/site-packages/airflow/example_dags/example_sensors.py for tasks to queue
[2023-11-03T00:03:12.832+0000] {logging_mixin.py:151} INFO - [2023-11-03T00:03:12.832+0000] {dagbag.py:536} INFO - Filling up the DagBag from /home/airflow/.local/lib/python3.8/site-packages/airflow/example_dags/example_sensors.py
[2023-11-03T00:03:12.840+0000] {processor.py:839} INFO - DAG(s) dict_keys(['example_sensors']) retrieved from /home/airflow/.local/lib/python3.8/site-packages/airflow/example_dags/example_sensors.py
[2023-11-03T00:03:12.871+0000] {logging_mixin.py:151} INFO - [2023-11-03T00:03:12.870+0000] {dag.py:2941} INFO - Sync 1 DAGs
[2023-11-03T00:03:12.883+0000] {logging_mixin.py:151} INFO - [2023-11-03T00:03:12.882+0000] {dag.py:3722} INFO - Setting next_dagrun for example_sensors to None, run_after=None
[2023-11-03T00:03:12.929+0000] {processor.py:179} INFO - Processing /home/airflow/.local/lib/python3.8/site-packages/airflow/example_dags/example_sensors.py took 0.103 seconds
[2023-11-03T00:03:43.391+0000] {processor.py:157} INFO - Started process (PID=1615) to work on /home/airflow/.local/lib/python3.8/site-packages/airflow/example_dags/example_sensors.py
[2023-11-03T00:03:43.392+0000] {processor.py:829} INFO - Processing file /home/airflow/.local/lib/python3.8/site-packages/airflow/example_dags/example_sensors.py for tasks to queue
[2023-11-03T00:03:43.395+0000] {logging_mixin.py:151} INFO - [2023-11-03T00:03:43.394+0000] {dagbag.py:536} INFO - Filling up the DagBag from /home/airflow/.local/lib/python3.8/site-packages/airflow/example_dags/example_sensors.py
[2023-11-03T00:03:43.404+0000] {processor.py:839} INFO - DAG(s) dict_keys(['example_sensors']) retrieved from /home/airflow/.local/lib/python3.8/site-packages/airflow/example_dags/example_sensors.py
[2023-11-03T00:03:43.435+0000] {logging_mixin.py:151} INFO - [2023-11-03T00:03:43.434+0000] {dag.py:2941} INFO - Sync 1 DAGs
[2023-11-03T00:03:43.449+0000] {logging_mixin.py:151} INFO - [2023-11-03T00:03:43.449+0000] {dag.py:3722} INFO - Setting next_dagrun for example_sensors to None, run_after=None
[2023-11-03T00:03:43.476+0000] {processor.py:179} INFO - Processing /home/airflow/.local/lib/python3.8/site-packages/airflow/example_dags/example_sensors.py took 0.088 seconds
[2023-11-03T00:04:13.811+0000] {processor.py:157} INFO - Started process (PID=1668) to work on /home/airflow/.local/lib/python3.8/site-packages/airflow/example_dags/example_sensors.py
[2023-11-03T00:04:13.813+0000] {processor.py:829} INFO - Processing file /home/airflow/.local/lib/python3.8/site-packages/airflow/example_dags/example_sensors.py for tasks to queue
[2023-11-03T00:04:13.815+0000] {logging_mixin.py:151} INFO - [2023-11-03T00:04:13.815+0000] {dagbag.py:536} INFO - Filling up the DagBag from /home/airflow/.local/lib/python3.8/site-packages/airflow/example_dags/example_sensors.py
[2023-11-03T00:04:13.824+0000] {processor.py:839} INFO - DAG(s) dict_keys(['example_sensors']) retrieved from /home/airflow/.local/lib/python3.8/site-packages/airflow/example_dags/example_sensors.py
[2023-11-03T00:04:13.851+0000] {logging_mixin.py:151} INFO - [2023-11-03T00:04:13.851+0000] {dag.py:2941} INFO - Sync 1 DAGs
[2023-11-03T00:04:13.865+0000] {logging_mixin.py:151} INFO - [2023-11-03T00:04:13.865+0000] {dag.py:3722} INFO - Setting next_dagrun for example_sensors to None, run_after=None
[2023-11-03T00:04:13.895+0000] {processor.py:179} INFO - Processing /home/airflow/.local/lib/python3.8/site-packages/airflow/example_dags/example_sensors.py took 0.088 seconds
[2023-11-03T00:04:44.344+0000] {processor.py:157} INFO - Started process (PID=1722) to work on /home/airflow/.local/lib/python3.8/site-packages/airflow/example_dags/example_sensors.py
[2023-11-03T00:04:44.346+0000] {processor.py:829} INFO - Processing file /home/airflow/.local/lib/python3.8/site-packages/airflow/example_dags/example_sensors.py for tasks to queue
[2023-11-03T00:04:44.348+0000] {logging_mixin.py:151} INFO - [2023-11-03T00:04:44.347+0000] {dagbag.py:536} INFO - Filling up the DagBag from /home/airflow/.local/lib/python3.8/site-packages/airflow/example_dags/example_sensors.py
[2023-11-03T00:04:44.357+0000] {processor.py:839} INFO - DAG(s) dict_keys(['example_sensors']) retrieved from /home/airflow/.local/lib/python3.8/site-packages/airflow/example_dags/example_sensors.py
[2023-11-03T00:04:44.388+0000] {logging_mixin.py:151} INFO - [2023-11-03T00:04:44.388+0000] {dag.py:2941} INFO - Sync 1 DAGs
[2023-11-03T00:04:44.402+0000] {logging_mixin.py:151} INFO - [2023-11-03T00:04:44.401+0000] {dag.py:3722} INFO - Setting next_dagrun for example_sensors to None, run_after=None
[2023-11-03T00:04:44.429+0000] {processor.py:179} INFO - Processing /home/airflow/.local/lib/python3.8/site-packages/airflow/example_dags/example_sensors.py took 0.088 seconds
[2023-11-03T00:05:15.260+0000] {processor.py:157} INFO - Started process (PID=1776) to work on /home/airflow/.local/lib/python3.8/site-packages/airflow/example_dags/example_sensors.py
[2023-11-03T00:05:15.262+0000] {processor.py:829} INFO - Processing file /home/airflow/.local/lib/python3.8/site-packages/airflow/example_dags/example_sensors.py for tasks to queue
[2023-11-03T00:05:15.264+0000] {logging_mixin.py:151} INFO - [2023-11-03T00:05:15.264+0000] {dagbag.py:536} INFO - Filling up the DagBag from /home/airflow/.local/lib/python3.8/site-packages/airflow/example_dags/example_sensors.py
[2023-11-03T00:05:15.276+0000] {processor.py:839} INFO - DAG(s) dict_keys(['example_sensors']) retrieved from /home/airflow/.local/lib/python3.8/site-packages/airflow/example_dags/example_sensors.py
[2023-11-03T00:05:15.316+0000] {logging_mixin.py:151} INFO - [2023-11-03T00:05:15.315+0000] {dag.py:2941} INFO - Sync 1 DAGs
[2023-11-03T00:05:15.337+0000] {logging_mixin.py:151} INFO - [2023-11-03T00:05:15.337+0000] {dag.py:3722} INFO - Setting next_dagrun for example_sensors to None, run_after=None
[2023-11-03T00:05:15.376+0000] {processor.py:179} INFO - Processing /home/airflow/.local/lib/python3.8/site-packages/airflow/example_dags/example_sensors.py took 0.119 seconds
[2023-11-03T00:05:45.414+0000] {processor.py:157} INFO - Started process (PID=1830) to work on /home/airflow/.local/lib/python3.8/site-packages/airflow/example_dags/example_sensors.py
[2023-11-03T00:05:45.415+0000] {processor.py:829} INFO - Processing file /home/airflow/.local/lib/python3.8/site-packages/airflow/example_dags/example_sensors.py for tasks to queue
[2023-11-03T00:05:45.417+0000] {logging_mixin.py:151} INFO - [2023-11-03T00:05:45.417+0000] {dagbag.py:536} INFO - Filling up the DagBag from /home/airflow/.local/lib/python3.8/site-packages/airflow/example_dags/example_sensors.py
[2023-11-03T00:05:45.426+0000] {processor.py:839} INFO - DAG(s) dict_keys(['example_sensors']) retrieved from /home/airflow/.local/lib/python3.8/site-packages/airflow/example_dags/example_sensors.py
[2023-11-03T00:05:45.455+0000] {logging_mixin.py:151} INFO - [2023-11-03T00:05:45.454+0000] {dag.py:2941} INFO - Sync 1 DAGs
[2023-11-03T00:05:45.467+0000] {logging_mixin.py:151} INFO - [2023-11-03T00:05:45.467+0000] {dag.py:3722} INFO - Setting next_dagrun for example_sensors to None, run_after=None
[2023-11-03T00:05:45.495+0000] {processor.py:179} INFO - Processing /home/airflow/.local/lib/python3.8/site-packages/airflow/example_dags/example_sensors.py took 0.084 seconds
[2023-11-03T00:06:15.764+0000] {processor.py:157} INFO - Started process (PID=1884) to work on /home/airflow/.local/lib/python3.8/site-packages/airflow/example_dags/example_sensors.py
[2023-11-03T00:06:15.766+0000] {processor.py:829} INFO - Processing file /home/airflow/.local/lib/python3.8/site-packages/airflow/example_dags/example_sensors.py for tasks to queue
[2023-11-03T00:06:15.767+0000] {logging_mixin.py:151} INFO - [2023-11-03T00:06:15.767+0000] {dagbag.py:536} INFO - Filling up the DagBag from /home/airflow/.local/lib/python3.8/site-packages/airflow/example_dags/example_sensors.py
[2023-11-03T00:06:15.777+0000] {processor.py:839} INFO - DAG(s) dict_keys(['example_sensors']) retrieved from /home/airflow/.local/lib/python3.8/site-packages/airflow/example_dags/example_sensors.py
[2023-11-03T00:06:15.806+0000] {logging_mixin.py:151} INFO - [2023-11-03T00:06:15.806+0000] {dag.py:2941} INFO - Sync 1 DAGs
[2023-11-03T00:06:15.820+0000] {logging_mixin.py:151} INFO - [2023-11-03T00:06:15.820+0000] {dag.py:3722} INFO - Setting next_dagrun for example_sensors to None, run_after=None
[2023-11-03T00:06:15.849+0000] {processor.py:179} INFO - Processing /home/airflow/.local/lib/python3.8/site-packages/airflow/example_dags/example_sensors.py took 0.089 seconds
[2023-11-03T00:06:46.302+0000] {processor.py:157} INFO - Started process (PID=1939) to work on /home/airflow/.local/lib/python3.8/site-packages/airflow/example_dags/example_sensors.py
[2023-11-03T00:06:46.303+0000] {processor.py:829} INFO - Processing file /home/airflow/.local/lib/python3.8/site-packages/airflow/example_dags/example_sensors.py for tasks to queue
[2023-11-03T00:06:46.305+0000] {logging_mixin.py:151} INFO - [2023-11-03T00:06:46.305+0000] {dagbag.py:536} INFO - Filling up the DagBag from /home/airflow/.local/lib/python3.8/site-packages/airflow/example_dags/example_sensors.py
[2023-11-03T00:06:46.316+0000] {processor.py:839} INFO - DAG(s) dict_keys(['example_sensors']) retrieved from /home/airflow/.local/lib/python3.8/site-packages/airflow/example_dags/example_sensors.py
[2023-11-03T00:06:46.346+0000] {logging_mixin.py:151} INFO - [2023-11-03T00:06:46.345+0000] {dag.py:2941} INFO - Sync 1 DAGs
[2023-11-03T00:06:46.360+0000] {logging_mixin.py:151} INFO - [2023-11-03T00:06:46.360+0000] {dag.py:3722} INFO - Setting next_dagrun for example_sensors to None, run_after=None
[2023-11-03T00:06:46.402+0000] {processor.py:179} INFO - Processing /home/airflow/.local/lib/python3.8/site-packages/airflow/example_dags/example_sensors.py took 0.103 seconds
[2023-11-03T00:07:16.916+0000] {processor.py:157} INFO - Started process (PID=1993) to work on /home/airflow/.local/lib/python3.8/site-packages/airflow/example_dags/example_sensors.py
[2023-11-03T00:07:16.918+0000] {processor.py:829} INFO - Processing file /home/airflow/.local/lib/python3.8/site-packages/airflow/example_dags/example_sensors.py for tasks to queue
[2023-11-03T00:07:16.920+0000] {logging_mixin.py:151} INFO - [2023-11-03T00:07:16.919+0000] {dagbag.py:536} INFO - Filling up the DagBag from /home/airflow/.local/lib/python3.8/site-packages/airflow/example_dags/example_sensors.py
[2023-11-03T00:07:16.929+0000] {processor.py:839} INFO - DAG(s) dict_keys(['example_sensors']) retrieved from /home/airflow/.local/lib/python3.8/site-packages/airflow/example_dags/example_sensors.py
[2023-11-03T00:07:16.959+0000] {logging_mixin.py:151} INFO - [2023-11-03T00:07:16.959+0000] {dag.py:2941} INFO - Sync 1 DAGs
[2023-11-03T00:07:16.973+0000] {logging_mixin.py:151} INFO - [2023-11-03T00:07:16.973+0000] {dag.py:3722} INFO - Setting next_dagrun for example_sensors to None, run_after=None
[2023-11-03T00:07:17.001+0000] {processor.py:179} INFO - Processing /home/airflow/.local/lib/python3.8/site-packages/airflow/example_dags/example_sensors.py took 0.089 seconds
[2023-11-03T00:07:47.194+0000] {processor.py:157} INFO - Started process (PID=2047) to work on /home/airflow/.local/lib/python3.8/site-packages/airflow/example_dags/example_sensors.py
[2023-11-03T00:07:47.195+0000] {processor.py:829} INFO - Processing file /home/airflow/.local/lib/python3.8/site-packages/airflow/example_dags/example_sensors.py for tasks to queue
[2023-11-03T00:07:47.197+0000] {logging_mixin.py:151} INFO - [2023-11-03T00:07:47.197+0000] {dagbag.py:536} INFO - Filling up the DagBag from /home/airflow/.local/lib/python3.8/site-packages/airflow/example_dags/example_sensors.py
[2023-11-03T00:07:47.207+0000] {processor.py:839} INFO - DAG(s) dict_keys(['example_sensors']) retrieved from /home/airflow/.local/lib/python3.8/site-packages/airflow/example_dags/example_sensors.py
[2023-11-03T00:07:47.237+0000] {logging_mixin.py:151} INFO - [2023-11-03T00:07:47.237+0000] {dag.py:2941} INFO - Sync 1 DAGs
[2023-11-03T00:07:47.251+0000] {logging_mixin.py:151} INFO - [2023-11-03T00:07:47.251+0000] {dag.py:3722} INFO - Setting next_dagrun for example_sensors to None, run_after=None
[2023-11-03T00:07:47.278+0000] {processor.py:179} INFO - Processing /home/airflow/.local/lib/python3.8/site-packages/airflow/example_dags/example_sensors.py took 0.088 seconds
[2023-11-03T00:08:18.079+0000] {processor.py:157} INFO - Started process (PID=2108) to work on /home/airflow/.local/lib/python3.8/site-packages/airflow/example_dags/example_sensors.py
[2023-11-03T00:08:18.080+0000] {processor.py:829} INFO - Processing file /home/airflow/.local/lib/python3.8/site-packages/airflow/example_dags/example_sensors.py for tasks to queue
[2023-11-03T00:08:18.083+0000] {logging_mixin.py:151} INFO - [2023-11-03T00:08:18.083+0000] {dagbag.py:536} INFO - Filling up the DagBag from /home/airflow/.local/lib/python3.8/site-packages/airflow/example_dags/example_sensors.py
[2023-11-03T00:08:18.095+0000] {processor.py:839} INFO - DAG(s) dict_keys(['example_sensors']) retrieved from /home/airflow/.local/lib/python3.8/site-packages/airflow/example_dags/example_sensors.py
[2023-11-03T00:08:18.137+0000] {logging_mixin.py:151} INFO - [2023-11-03T00:08:18.137+0000] {dag.py:2941} INFO - Sync 1 DAGs
[2023-11-03T00:08:18.156+0000] {logging_mixin.py:151} INFO - [2023-11-03T00:08:18.155+0000] {dag.py:3722} INFO - Setting next_dagrun for example_sensors to None, run_after=None
[2023-11-03T00:08:18.500+0000] {processor.py:179} INFO - Processing /home/airflow/.local/lib/python3.8/site-packages/airflow/example_dags/example_sensors.py took 0.425 seconds
[2023-11-03T00:08:48.558+0000] {processor.py:157} INFO - Started process (PID=2162) to work on /home/airflow/.local/lib/python3.8/site-packages/airflow/example_dags/example_sensors.py
[2023-11-03T00:08:48.559+0000] {processor.py:829} INFO - Processing file /home/airflow/.local/lib/python3.8/site-packages/airflow/example_dags/example_sensors.py for tasks to queue
[2023-11-03T00:08:48.562+0000] {logging_mixin.py:151} INFO - [2023-11-03T00:08:48.562+0000] {dagbag.py:536} INFO - Filling up the DagBag from /home/airflow/.local/lib/python3.8/site-packages/airflow/example_dags/example_sensors.py
[2023-11-03T00:08:48.573+0000] {processor.py:839} INFO - DAG(s) dict_keys(['example_sensors']) retrieved from /home/airflow/.local/lib/python3.8/site-packages/airflow/example_dags/example_sensors.py
[2023-11-03T00:08:48.603+0000] {logging_mixin.py:151} INFO - [2023-11-03T00:08:48.603+0000] {dag.py:2941} INFO - Sync 1 DAGs
[2023-11-03T00:08:48.617+0000] {logging_mixin.py:151} INFO - [2023-11-03T00:08:48.616+0000] {dag.py:3722} INFO - Setting next_dagrun for example_sensors to None, run_after=None
[2023-11-03T00:08:48.688+0000] {processor.py:179} INFO - Processing /home/airflow/.local/lib/python3.8/site-packages/airflow/example_dags/example_sensors.py took 0.133 seconds
[2023-11-03T00:09:19.537+0000] {processor.py:157} INFO - Started process (PID=2216) to work on /home/airflow/.local/lib/python3.8/site-packages/airflow/example_dags/example_sensors.py
[2023-11-03T00:09:19.538+0000] {processor.py:829} INFO - Processing file /home/airflow/.local/lib/python3.8/site-packages/airflow/example_dags/example_sensors.py for tasks to queue
[2023-11-03T00:09:19.540+0000] {logging_mixin.py:151} INFO - [2023-11-03T00:09:19.540+0000] {dagbag.py:536} INFO - Filling up the DagBag from /home/airflow/.local/lib/python3.8/site-packages/airflow/example_dags/example_sensors.py
[2023-11-03T00:09:19.551+0000] {processor.py:839} INFO - DAG(s) dict_keys(['example_sensors']) retrieved from /home/airflow/.local/lib/python3.8/site-packages/airflow/example_dags/example_sensors.py
[2023-11-03T00:09:19.592+0000] {logging_mixin.py:151} INFO - [2023-11-03T00:09:19.591+0000] {dag.py:2941} INFO - Sync 1 DAGs
[2023-11-03T00:09:19.609+0000] {logging_mixin.py:151} INFO - [2023-11-03T00:09:19.609+0000] {dag.py:3722} INFO - Setting next_dagrun for example_sensors to None, run_after=None
[2023-11-03T00:09:19.643+0000] {processor.py:179} INFO - Processing /home/airflow/.local/lib/python3.8/site-packages/airflow/example_dags/example_sensors.py took 0.111 seconds
[2023-11-03T00:09:50.099+0000] {processor.py:157} INFO - Started process (PID=2270) to work on /home/airflow/.local/lib/python3.8/site-packages/airflow/example_dags/example_sensors.py
[2023-11-03T00:09:50.100+0000] {processor.py:829} INFO - Processing file /home/airflow/.local/lib/python3.8/site-packages/airflow/example_dags/example_sensors.py for tasks to queue
[2023-11-03T00:09:50.104+0000] {logging_mixin.py:151} INFO - [2023-11-03T00:09:50.104+0000] {dagbag.py:536} INFO - Filling up the DagBag from /home/airflow/.local/lib/python3.8/site-packages/airflow/example_dags/example_sensors.py
[2023-11-03T00:09:50.116+0000] {processor.py:839} INFO - DAG(s) dict_keys(['example_sensors']) retrieved from /home/airflow/.local/lib/python3.8/site-packages/airflow/example_dags/example_sensors.py
[2023-11-03T00:09:50.165+0000] {logging_mixin.py:151} INFO - [2023-11-03T00:09:50.164+0000] {dag.py:2941} INFO - Sync 1 DAGs
[2023-11-03T00:09:50.188+0000] {logging_mixin.py:151} INFO - [2023-11-03T00:09:50.186+0000] {dag.py:3722} INFO - Setting next_dagrun for example_sensors to None, run_after=None
[2023-11-03T00:09:50.240+0000] {processor.py:179} INFO - Processing /home/airflow/.local/lib/python3.8/site-packages/airflow/example_dags/example_sensors.py took 0.146 seconds
[2023-11-03T00:10:21.206+0000] {processor.py:157} INFO - Started process (PID=2324) to work on /home/airflow/.local/lib/python3.8/site-packages/airflow/example_dags/example_sensors.py
[2023-11-03T00:10:21.208+0000] {processor.py:829} INFO - Processing file /home/airflow/.local/lib/python3.8/site-packages/airflow/example_dags/example_sensors.py for tasks to queue
[2023-11-03T00:10:21.211+0000] {logging_mixin.py:151} INFO - [2023-11-03T00:10:21.210+0000] {dagbag.py:536} INFO - Filling up the DagBag from /home/airflow/.local/lib/python3.8/site-packages/airflow/example_dags/example_sensors.py
[2023-11-03T00:10:21.223+0000] {processor.py:839} INFO - DAG(s) dict_keys(['example_sensors']) retrieved from /home/airflow/.local/lib/python3.8/site-packages/airflow/example_dags/example_sensors.py
[2023-11-03T00:10:21.259+0000] {logging_mixin.py:151} INFO - [2023-11-03T00:10:21.259+0000] {dag.py:2941} INFO - Sync 1 DAGs
[2023-11-03T00:10:21.466+0000] {logging_mixin.py:151} INFO - [2023-11-03T00:10:21.465+0000] {dag.py:3722} INFO - Setting next_dagrun for example_sensors to None, run_after=None
[2023-11-03T00:10:21.497+0000] {processor.py:179} INFO - Processing /home/airflow/.local/lib/python3.8/site-packages/airflow/example_dags/example_sensors.py took 0.294 seconds
[2023-11-03T00:10:52.103+0000] {processor.py:157} INFO - Started process (PID=2378) to work on /home/airflow/.local/lib/python3.8/site-packages/airflow/example_dags/example_sensors.py
[2023-11-03T00:10:52.106+0000] {processor.py:829} INFO - Processing file /home/airflow/.local/lib/python3.8/site-packages/airflow/example_dags/example_sensors.py for tasks to queue
[2023-11-03T00:10:52.108+0000] {logging_mixin.py:151} INFO - [2023-11-03T00:10:52.108+0000] {dagbag.py:536} INFO - Filling up the DagBag from /home/airflow/.local/lib/python3.8/site-packages/airflow/example_dags/example_sensors.py
[2023-11-03T00:10:52.124+0000] {processor.py:839} INFO - DAG(s) dict_keys(['example_sensors']) retrieved from /home/airflow/.local/lib/python3.8/site-packages/airflow/example_dags/example_sensors.py
[2023-11-03T00:10:52.160+0000] {logging_mixin.py:151} INFO - [2023-11-03T00:10:52.160+0000] {dag.py:2941} INFO - Sync 1 DAGs
[2023-11-03T00:10:52.176+0000] {logging_mixin.py:151} INFO - [2023-11-03T00:10:52.176+0000] {dag.py:3722} INFO - Setting next_dagrun for example_sensors to None, run_after=None
[2023-11-03T00:10:52.231+0000] {processor.py:179} INFO - Processing /home/airflow/.local/lib/python3.8/site-packages/airflow/example_dags/example_sensors.py took 0.133 seconds
[2023-11-03T00:11:22.893+0000] {processor.py:157} INFO - Started process (PID=2432) to work on /home/airflow/.local/lib/python3.8/site-packages/airflow/example_dags/example_sensors.py
[2023-11-03T00:11:22.895+0000] {processor.py:829} INFO - Processing file /home/airflow/.local/lib/python3.8/site-packages/airflow/example_dags/example_sensors.py for tasks to queue
[2023-11-03T00:11:22.897+0000] {logging_mixin.py:151} INFO - [2023-11-03T00:11:22.897+0000] {dagbag.py:536} INFO - Filling up the DagBag from /home/airflow/.local/lib/python3.8/site-packages/airflow/example_dags/example_sensors.py
[2023-11-03T00:11:22.907+0000] {processor.py:839} INFO - DAG(s) dict_keys(['example_sensors']) retrieved from /home/airflow/.local/lib/python3.8/site-packages/airflow/example_dags/example_sensors.py
[2023-11-03T00:11:22.942+0000] {logging_mixin.py:151} INFO - [2023-11-03T00:11:22.942+0000] {dag.py:2941} INFO - Sync 1 DAGs
[2023-11-03T00:11:22.974+0000] {logging_mixin.py:151} INFO - [2023-11-03T00:11:22.974+0000] {dag.py:3722} INFO - Setting next_dagrun for example_sensors to None, run_after=None
[2023-11-03T00:11:23.010+0000] {processor.py:179} INFO - Processing /home/airflow/.local/lib/python3.8/site-packages/airflow/example_dags/example_sensors.py took 0.121 seconds
[2023-11-03T00:11:53.238+0000] {processor.py:157} INFO - Started process (PID=2486) to work on /home/airflow/.local/lib/python3.8/site-packages/airflow/example_dags/example_sensors.py
[2023-11-03T00:11:53.239+0000] {processor.py:829} INFO - Processing file /home/airflow/.local/lib/python3.8/site-packages/airflow/example_dags/example_sensors.py for tasks to queue
[2023-11-03T00:11:53.242+0000] {logging_mixin.py:151} INFO - [2023-11-03T00:11:53.241+0000] {dagbag.py:536} INFO - Filling up the DagBag from /home/airflow/.local/lib/python3.8/site-packages/airflow/example_dags/example_sensors.py
[2023-11-03T00:11:53.251+0000] {processor.py:839} INFO - DAG(s) dict_keys(['example_sensors']) retrieved from /home/airflow/.local/lib/python3.8/site-packages/airflow/example_dags/example_sensors.py
[2023-11-03T00:11:53.448+0000] {logging_mixin.py:151} INFO - [2023-11-03T00:11:53.448+0000] {dag.py:2941} INFO - Sync 1 DAGs
[2023-11-03T00:11:53.460+0000] {logging_mixin.py:151} INFO - [2023-11-03T00:11:53.459+0000] {dag.py:3722} INFO - Setting next_dagrun for example_sensors to None, run_after=None
[2023-11-03T00:11:53.484+0000] {processor.py:179} INFO - Processing /home/airflow/.local/lib/python3.8/site-packages/airflow/example_dags/example_sensors.py took 0.249 seconds
[2023-11-03T00:12:23.681+0000] {processor.py:157} INFO - Started process (PID=2541) to work on /home/airflow/.local/lib/python3.8/site-packages/airflow/example_dags/example_sensors.py
[2023-11-03T00:12:23.682+0000] {processor.py:829} INFO - Processing file /home/airflow/.local/lib/python3.8/site-packages/airflow/example_dags/example_sensors.py for tasks to queue
[2023-11-03T00:12:23.686+0000] {logging_mixin.py:151} INFO - [2023-11-03T00:12:23.685+0000] {dagbag.py:536} INFO - Filling up the DagBag from /home/airflow/.local/lib/python3.8/site-packages/airflow/example_dags/example_sensors.py
[2023-11-03T00:12:23.702+0000] {processor.py:839} INFO - DAG(s) dict_keys(['example_sensors']) retrieved from /home/airflow/.local/lib/python3.8/site-packages/airflow/example_dags/example_sensors.py
[2023-11-03T00:12:23.735+0000] {logging_mixin.py:151} INFO - [2023-11-03T00:12:23.735+0000] {dag.py:2941} INFO - Sync 1 DAGs
[2023-11-03T00:12:23.951+0000] {logging_mixin.py:151} INFO - [2023-11-03T00:12:23.951+0000] {dag.py:3722} INFO - Setting next_dagrun for example_sensors to None, run_after=None
[2023-11-03T00:12:23.983+0000] {processor.py:179} INFO - Processing /home/airflow/.local/lib/python3.8/site-packages/airflow/example_dags/example_sensors.py took 0.308 seconds
[2023-11-03T00:12:54.559+0000] {processor.py:157} INFO - Started process (PID=2595) to work on /home/airflow/.local/lib/python3.8/site-packages/airflow/example_dags/example_sensors.py
[2023-11-03T00:12:54.561+0000] {processor.py:829} INFO - Processing file /home/airflow/.local/lib/python3.8/site-packages/airflow/example_dags/example_sensors.py for tasks to queue
[2023-11-03T00:12:54.563+0000] {logging_mixin.py:151} INFO - [2023-11-03T00:12:54.563+0000] {dagbag.py:536} INFO - Filling up the DagBag from /home/airflow/.local/lib/python3.8/site-packages/airflow/example_dags/example_sensors.py
[2023-11-03T00:12:54.573+0000] {processor.py:839} INFO - DAG(s) dict_keys(['example_sensors']) retrieved from /home/airflow/.local/lib/python3.8/site-packages/airflow/example_dags/example_sensors.py
[2023-11-03T00:12:54.604+0000] {logging_mixin.py:151} INFO - [2023-11-03T00:12:54.604+0000] {dag.py:2941} INFO - Sync 1 DAGs
[2023-11-03T00:12:54.619+0000] {logging_mixin.py:151} INFO - [2023-11-03T00:12:54.619+0000] {dag.py:3722} INFO - Setting next_dagrun for example_sensors to None, run_after=None
[2023-11-03T00:12:54.650+0000] {processor.py:179} INFO - Processing /home/airflow/.local/lib/python3.8/site-packages/airflow/example_dags/example_sensors.py took 0.094 seconds
[2023-11-03T00:13:25.876+0000] {processor.py:157} INFO - Started process (PID=2649) to work on /home/airflow/.local/lib/python3.8/site-packages/airflow/example_dags/example_sensors.py
[2023-11-03T00:13:25.877+0000] {processor.py:829} INFO - Processing file /home/airflow/.local/lib/python3.8/site-packages/airflow/example_dags/example_sensors.py for tasks to queue
[2023-11-03T00:13:25.879+0000] {logging_mixin.py:151} INFO - [2023-11-03T00:13:25.879+0000] {dagbag.py:536} INFO - Filling up the DagBag from /home/airflow/.local/lib/python3.8/site-packages/airflow/example_dags/example_sensors.py
[2023-11-03T00:13:25.890+0000] {processor.py:839} INFO - DAG(s) dict_keys(['example_sensors']) retrieved from /home/airflow/.local/lib/python3.8/site-packages/airflow/example_dags/example_sensors.py
[2023-11-03T00:13:26.113+0000] {logging_mixin.py:151} INFO - [2023-11-03T00:13:26.113+0000] {dag.py:2941} INFO - Sync 1 DAGs
[2023-11-03T00:13:26.129+0000] {logging_mixin.py:151} INFO - [2023-11-03T00:13:26.129+0000] {dag.py:3722} INFO - Setting next_dagrun for example_sensors to None, run_after=None
[2023-11-03T00:13:26.155+0000] {processor.py:179} INFO - Processing /home/airflow/.local/lib/python3.8/site-packages/airflow/example_dags/example_sensors.py took 0.284 seconds
[2023-11-03T00:13:56.560+0000] {processor.py:157} INFO - Started process (PID=2703) to work on /home/airflow/.local/lib/python3.8/site-packages/airflow/example_dags/example_sensors.py
[2023-11-03T00:13:56.561+0000] {processor.py:829} INFO - Processing file /home/airflow/.local/lib/python3.8/site-packages/airflow/example_dags/example_sensors.py for tasks to queue
[2023-11-03T00:13:56.564+0000] {logging_mixin.py:151} INFO - [2023-11-03T00:13:56.563+0000] {dagbag.py:536} INFO - Filling up the DagBag from /home/airflow/.local/lib/python3.8/site-packages/airflow/example_dags/example_sensors.py
[2023-11-03T00:13:56.574+0000] {processor.py:839} INFO - DAG(s) dict_keys(['example_sensors']) retrieved from /home/airflow/.local/lib/python3.8/site-packages/airflow/example_dags/example_sensors.py
[2023-11-03T00:13:56.607+0000] {logging_mixin.py:151} INFO - [2023-11-03T00:13:56.607+0000] {dag.py:2941} INFO - Sync 1 DAGs
[2023-11-03T00:13:56.624+0000] {logging_mixin.py:151} INFO - [2023-11-03T00:13:56.623+0000] {dag.py:3722} INFO - Setting next_dagrun for example_sensors to None, run_after=None
[2023-11-03T00:13:56.662+0000] {processor.py:179} INFO - Processing /home/airflow/.local/lib/python3.8/site-packages/airflow/example_dags/example_sensors.py took 0.106 seconds
[2023-11-03T00:14:27.119+0000] {processor.py:157} INFO - Started process (PID=2757) to work on /home/airflow/.local/lib/python3.8/site-packages/airflow/example_dags/example_sensors.py
[2023-11-03T00:14:27.120+0000] {processor.py:829} INFO - Processing file /home/airflow/.local/lib/python3.8/site-packages/airflow/example_dags/example_sensors.py for tasks to queue
[2023-11-03T00:14:27.122+0000] {logging_mixin.py:151} INFO - [2023-11-03T00:14:27.122+0000] {dagbag.py:536} INFO - Filling up the DagBag from /home/airflow/.local/lib/python3.8/site-packages/airflow/example_dags/example_sensors.py
[2023-11-03T00:14:27.131+0000] {processor.py:839} INFO - DAG(s) dict_keys(['example_sensors']) retrieved from /home/airflow/.local/lib/python3.8/site-packages/airflow/example_dags/example_sensors.py
[2023-11-03T00:14:27.162+0000] {logging_mixin.py:151} INFO - [2023-11-03T00:14:27.162+0000] {dag.py:2941} INFO - Sync 1 DAGs
[2023-11-03T00:14:27.176+0000] {logging_mixin.py:151} INFO - [2023-11-03T00:14:27.176+0000] {dag.py:3722} INFO - Setting next_dagrun for example_sensors to None, run_after=None
[2023-11-03T00:14:27.205+0000] {processor.py:179} INFO - Processing /home/airflow/.local/lib/python3.8/site-packages/airflow/example_dags/example_sensors.py took 0.089 seconds
[2023-11-03T00:14:57.315+0000] {processor.py:157} INFO - Started process (PID=2811) to work on /home/airflow/.local/lib/python3.8/site-packages/airflow/example_dags/example_sensors.py
[2023-11-03T00:14:57.316+0000] {processor.py:829} INFO - Processing file /home/airflow/.local/lib/python3.8/site-packages/airflow/example_dags/example_sensors.py for tasks to queue
[2023-11-03T00:14:57.318+0000] {logging_mixin.py:151} INFO - [2023-11-03T00:14:57.318+0000] {dagbag.py:536} INFO - Filling up the DagBag from /home/airflow/.local/lib/python3.8/site-packages/airflow/example_dags/example_sensors.py
[2023-11-03T00:14:57.327+0000] {processor.py:839} INFO - DAG(s) dict_keys(['example_sensors']) retrieved from /home/airflow/.local/lib/python3.8/site-packages/airflow/example_dags/example_sensors.py
[2023-11-03T00:14:57.359+0000] {logging_mixin.py:151} INFO - [2023-11-03T00:14:57.358+0000] {dag.py:2941} INFO - Sync 1 DAGs
[2023-11-03T00:14:57.373+0000] {logging_mixin.py:151} INFO - [2023-11-03T00:14:57.372+0000] {dag.py:3722} INFO - Setting next_dagrun for example_sensors to None, run_after=None
[2023-11-03T00:14:57.404+0000] {processor.py:179} INFO - Processing /home/airflow/.local/lib/python3.8/site-packages/airflow/example_dags/example_sensors.py took 0.093 seconds
[2023-11-03T00:15:27.634+0000] {processor.py:157} INFO - Started process (PID=2865) to work on /home/airflow/.local/lib/python3.8/site-packages/airflow/example_dags/example_sensors.py
[2023-11-03T00:15:27.635+0000] {processor.py:829} INFO - Processing file /home/airflow/.local/lib/python3.8/site-packages/airflow/example_dags/example_sensors.py for tasks to queue
[2023-11-03T00:15:27.637+0000] {logging_mixin.py:151} INFO - [2023-11-03T00:15:27.637+0000] {dagbag.py:536} INFO - Filling up the DagBag from /home/airflow/.local/lib/python3.8/site-packages/airflow/example_dags/example_sensors.py
[2023-11-03T00:15:27.647+0000] {processor.py:839} INFO - DAG(s) dict_keys(['example_sensors']) retrieved from /home/airflow/.local/lib/python3.8/site-packages/airflow/example_dags/example_sensors.py
[2023-11-03T00:15:27.674+0000] {logging_mixin.py:151} INFO - [2023-11-03T00:15:27.674+0000] {dag.py:2941} INFO - Sync 1 DAGs
[2023-11-03T00:15:27.688+0000] {logging_mixin.py:151} INFO - [2023-11-03T00:15:27.687+0000] {dag.py:3722} INFO - Setting next_dagrun for example_sensors to None, run_after=None
[2023-11-03T00:15:27.712+0000] {processor.py:179} INFO - Processing /home/airflow/.local/lib/python3.8/site-packages/airflow/example_dags/example_sensors.py took 0.081 seconds
[2023-11-03T00:15:57.905+0000] {processor.py:157} INFO - Started process (PID=2919) to work on /home/airflow/.local/lib/python3.8/site-packages/airflow/example_dags/example_sensors.py
[2023-11-03T00:15:57.906+0000] {processor.py:829} INFO - Processing file /home/airflow/.local/lib/python3.8/site-packages/airflow/example_dags/example_sensors.py for tasks to queue
[2023-11-03T00:15:57.908+0000] {logging_mixin.py:151} INFO - [2023-11-03T00:15:57.908+0000] {dagbag.py:536} INFO - Filling up the DagBag from /home/airflow/.local/lib/python3.8/site-packages/airflow/example_dags/example_sensors.py
[2023-11-03T00:15:57.918+0000] {processor.py:839} INFO - DAG(s) dict_keys(['example_sensors']) retrieved from /home/airflow/.local/lib/python3.8/site-packages/airflow/example_dags/example_sensors.py
[2023-11-03T00:15:57.948+0000] {logging_mixin.py:151} INFO - [2023-11-03T00:15:57.948+0000] {dag.py:2941} INFO - Sync 1 DAGs
[2023-11-03T00:15:57.963+0000] {logging_mixin.py:151} INFO - [2023-11-03T00:15:57.963+0000] {dag.py:3722} INFO - Setting next_dagrun for example_sensors to None, run_after=None
[2023-11-03T00:15:57.994+0000] {processor.py:179} INFO - Processing /home/airflow/.local/lib/python3.8/site-packages/airflow/example_dags/example_sensors.py took 0.092 seconds
[2023-11-03T00:16:28.164+0000] {processor.py:157} INFO - Started process (PID=2973) to work on /home/airflow/.local/lib/python3.8/site-packages/airflow/example_dags/example_sensors.py
[2023-11-03T00:16:28.165+0000] {processor.py:829} INFO - Processing file /home/airflow/.local/lib/python3.8/site-packages/airflow/example_dags/example_sensors.py for tasks to queue
[2023-11-03T00:16:28.167+0000] {logging_mixin.py:151} INFO - [2023-11-03T00:16:28.167+0000] {dagbag.py:536} INFO - Filling up the DagBag from /home/airflow/.local/lib/python3.8/site-packages/airflow/example_dags/example_sensors.py
[2023-11-03T00:16:28.176+0000] {processor.py:839} INFO - DAG(s) dict_keys(['example_sensors']) retrieved from /home/airflow/.local/lib/python3.8/site-packages/airflow/example_dags/example_sensors.py
[2023-11-03T00:16:28.203+0000] {logging_mixin.py:151} INFO - [2023-11-03T00:16:28.202+0000] {dag.py:2941} INFO - Sync 1 DAGs
[2023-11-03T00:16:28.215+0000] {logging_mixin.py:151} INFO - [2023-11-03T00:16:28.215+0000] {dag.py:3722} INFO - Setting next_dagrun for example_sensors to None, run_after=None
[2023-11-03T00:16:28.239+0000] {processor.py:179} INFO - Processing /home/airflow/.local/lib/python3.8/site-packages/airflow/example_dags/example_sensors.py took 0.078 seconds
[2023-11-03T00:16:58.280+0000] {processor.py:157} INFO - Started process (PID=3027) to work on /home/airflow/.local/lib/python3.8/site-packages/airflow/example_dags/example_sensors.py
[2023-11-03T00:16:58.284+0000] {processor.py:829} INFO - Processing file /home/airflow/.local/lib/python3.8/site-packages/airflow/example_dags/example_sensors.py for tasks to queue
[2023-11-03T00:16:58.287+0000] {logging_mixin.py:151} INFO - [2023-11-03T00:16:58.287+0000] {dagbag.py:536} INFO - Filling up the DagBag from /home/airflow/.local/lib/python3.8/site-packages/airflow/example_dags/example_sensors.py
[2023-11-03T00:16:58.297+0000] {processor.py:839} INFO - DAG(s) dict_keys(['example_sensors']) retrieved from /home/airflow/.local/lib/python3.8/site-packages/airflow/example_dags/example_sensors.py
[2023-11-03T00:16:58.327+0000] {logging_mixin.py:151} INFO - [2023-11-03T00:16:58.327+0000] {dag.py:2941} INFO - Sync 1 DAGs
[2023-11-03T00:16:58.343+0000] {logging_mixin.py:151} INFO - [2023-11-03T00:16:58.342+0000] {dag.py:3722} INFO - Setting next_dagrun for example_sensors to None, run_after=None
[2023-11-03T00:16:58.366+0000] {processor.py:179} INFO - Processing /home/airflow/.local/lib/python3.8/site-packages/airflow/example_dags/example_sensors.py took 0.089 seconds
[2023-11-03T00:17:28.636+0000] {processor.py:157} INFO - Started process (PID=3081) to work on /home/airflow/.local/lib/python3.8/site-packages/airflow/example_dags/example_sensors.py
[2023-11-03T00:17:28.637+0000] {processor.py:829} INFO - Processing file /home/airflow/.local/lib/python3.8/site-packages/airflow/example_dags/example_sensors.py for tasks to queue
[2023-11-03T00:17:28.640+0000] {logging_mixin.py:151} INFO - [2023-11-03T00:17:28.639+0000] {dagbag.py:536} INFO - Filling up the DagBag from /home/airflow/.local/lib/python3.8/site-packages/airflow/example_dags/example_sensors.py
[2023-11-03T00:17:28.651+0000] {processor.py:839} INFO - DAG(s) dict_keys(['example_sensors']) retrieved from /home/airflow/.local/lib/python3.8/site-packages/airflow/example_dags/example_sensors.py
[2023-11-03T00:17:28.682+0000] {logging_mixin.py:151} INFO - [2023-11-03T00:17:28.682+0000] {dag.py:2941} INFO - Sync 1 DAGs
[2023-11-03T00:17:28.695+0000] {logging_mixin.py:151} INFO - [2023-11-03T00:17:28.695+0000] {dag.py:3722} INFO - Setting next_dagrun for example_sensors to None, run_after=None
[2023-11-03T00:17:28.721+0000] {processor.py:179} INFO - Processing /home/airflow/.local/lib/python3.8/site-packages/airflow/example_dags/example_sensors.py took 0.088 seconds
[2023-11-03T00:17:59.448+0000] {processor.py:157} INFO - Started process (PID=3135) to work on /home/airflow/.local/lib/python3.8/site-packages/airflow/example_dags/example_sensors.py
[2023-11-03T00:17:59.451+0000] {processor.py:829} INFO - Processing file /home/airflow/.local/lib/python3.8/site-packages/airflow/example_dags/example_sensors.py for tasks to queue
[2023-11-03T00:17:59.453+0000] {logging_mixin.py:151} INFO - [2023-11-03T00:17:59.453+0000] {dagbag.py:536} INFO - Filling up the DagBag from /home/airflow/.local/lib/python3.8/site-packages/airflow/example_dags/example_sensors.py
[2023-11-03T00:17:59.466+0000] {processor.py:839} INFO - DAG(s) dict_keys(['example_sensors']) retrieved from /home/airflow/.local/lib/python3.8/site-packages/airflow/example_dags/example_sensors.py
[2023-11-03T00:17:59.512+0000] {logging_mixin.py:151} INFO - [2023-11-03T00:17:59.512+0000] {dag.py:2941} INFO - Sync 1 DAGs
[2023-11-03T00:17:59.531+0000] {logging_mixin.py:151} INFO - [2023-11-03T00:17:59.531+0000] {dag.py:3722} INFO - Setting next_dagrun for example_sensors to None, run_after=None
[2023-11-03T00:17:59.564+0000] {processor.py:179} INFO - Processing /home/airflow/.local/lib/python3.8/site-packages/airflow/example_dags/example_sensors.py took 0.120 seconds
[2023-11-03T00:18:29.989+0000] {processor.py:157} INFO - Started process (PID=3189) to work on /home/airflow/.local/lib/python3.8/site-packages/airflow/example_dags/example_sensors.py
[2023-11-03T00:18:29.990+0000] {processor.py:829} INFO - Processing file /home/airflow/.local/lib/python3.8/site-packages/airflow/example_dags/example_sensors.py for tasks to queue
[2023-11-03T00:18:29.992+0000] {logging_mixin.py:151} INFO - [2023-11-03T00:18:29.992+0000] {dagbag.py:536} INFO - Filling up the DagBag from /home/airflow/.local/lib/python3.8/site-packages/airflow/example_dags/example_sensors.py
[2023-11-03T00:18:30.001+0000] {processor.py:839} INFO - DAG(s) dict_keys(['example_sensors']) retrieved from /home/airflow/.local/lib/python3.8/site-packages/airflow/example_dags/example_sensors.py
[2023-11-03T00:18:30.034+0000] {logging_mixin.py:151} INFO - [2023-11-03T00:18:30.034+0000] {dag.py:2941} INFO - Sync 1 DAGs
[2023-11-03T00:18:30.050+0000] {logging_mixin.py:151} INFO - [2023-11-03T00:18:30.049+0000] {dag.py:3722} INFO - Setting next_dagrun for example_sensors to None, run_after=None
[2023-11-03T00:18:30.080+0000] {processor.py:179} INFO - Processing /home/airflow/.local/lib/python3.8/site-packages/airflow/example_dags/example_sensors.py took 0.095 seconds
[2023-11-03T00:19:00.567+0000] {processor.py:157} INFO - Started process (PID=3243) to work on /home/airflow/.local/lib/python3.8/site-packages/airflow/example_dags/example_sensors.py
[2023-11-03T00:19:00.568+0000] {processor.py:829} INFO - Processing file /home/airflow/.local/lib/python3.8/site-packages/airflow/example_dags/example_sensors.py for tasks to queue
[2023-11-03T00:19:00.572+0000] {logging_mixin.py:151} INFO - [2023-11-03T00:19:00.572+0000] {dagbag.py:536} INFO - Filling up the DagBag from /home/airflow/.local/lib/python3.8/site-packages/airflow/example_dags/example_sensors.py
[2023-11-03T00:19:00.588+0000] {processor.py:839} INFO - DAG(s) dict_keys(['example_sensors']) retrieved from /home/airflow/.local/lib/python3.8/site-packages/airflow/example_dags/example_sensors.py
[2023-11-03T00:19:00.632+0000] {logging_mixin.py:151} INFO - [2023-11-03T00:19:00.632+0000] {dag.py:2941} INFO - Sync 1 DAGs
[2023-11-03T00:19:00.652+0000] {logging_mixin.py:151} INFO - [2023-11-03T00:19:00.652+0000] {dag.py:3722} INFO - Setting next_dagrun for example_sensors to None, run_after=None
[2023-11-03T00:19:00.707+0000] {processor.py:179} INFO - Processing /home/airflow/.local/lib/python3.8/site-packages/airflow/example_dags/example_sensors.py took 0.145 seconds
[2023-11-03T00:19:30.926+0000] {processor.py:157} INFO - Started process (PID=3297) to work on /home/airflow/.local/lib/python3.8/site-packages/airflow/example_dags/example_sensors.py
[2023-11-03T00:19:30.927+0000] {processor.py:829} INFO - Processing file /home/airflow/.local/lib/python3.8/site-packages/airflow/example_dags/example_sensors.py for tasks to queue
[2023-11-03T00:19:30.930+0000] {logging_mixin.py:151} INFO - [2023-11-03T00:19:30.930+0000] {dagbag.py:536} INFO - Filling up the DagBag from /home/airflow/.local/lib/python3.8/site-packages/airflow/example_dags/example_sensors.py
[2023-11-03T00:19:30.939+0000] {processor.py:839} INFO - DAG(s) dict_keys(['example_sensors']) retrieved from /home/airflow/.local/lib/python3.8/site-packages/airflow/example_dags/example_sensors.py
[2023-11-03T00:19:30.972+0000] {logging_mixin.py:151} INFO - [2023-11-03T00:19:30.972+0000] {dag.py:2941} INFO - Sync 1 DAGs
[2023-11-03T00:19:30.997+0000] {logging_mixin.py:151} INFO - [2023-11-03T00:19:30.996+0000] {dag.py:3722} INFO - Setting next_dagrun for example_sensors to None, run_after=None
[2023-11-03T00:19:31.026+0000] {processor.py:179} INFO - Processing /home/airflow/.local/lib/python3.8/site-packages/airflow/example_dags/example_sensors.py took 0.103 seconds
[2023-11-03T00:20:01.078+0000] {processor.py:157} INFO - Started process (PID=3351) to work on /home/airflow/.local/lib/python3.8/site-packages/airflow/example_dags/example_sensors.py
[2023-11-03T00:20:01.080+0000] {processor.py:829} INFO - Processing file /home/airflow/.local/lib/python3.8/site-packages/airflow/example_dags/example_sensors.py for tasks to queue
[2023-11-03T00:20:01.083+0000] {logging_mixin.py:151} INFO - [2023-11-03T00:20:01.082+0000] {dagbag.py:536} INFO - Filling up the DagBag from /home/airflow/.local/lib/python3.8/site-packages/airflow/example_dags/example_sensors.py
[2023-11-03T00:20:01.094+0000] {processor.py:839} INFO - DAG(s) dict_keys(['example_sensors']) retrieved from /home/airflow/.local/lib/python3.8/site-packages/airflow/example_dags/example_sensors.py
[2023-11-03T00:20:01.128+0000] {logging_mixin.py:151} INFO - [2023-11-03T00:20:01.128+0000] {dag.py:2941} INFO - Sync 1 DAGs
[2023-11-03T00:20:01.146+0000] {logging_mixin.py:151} INFO - [2023-11-03T00:20:01.146+0000] {dag.py:3722} INFO - Setting next_dagrun for example_sensors to None, run_after=None
[2023-11-03T00:20:01.179+0000] {processor.py:179} INFO - Processing /home/airflow/.local/lib/python3.8/site-packages/airflow/example_dags/example_sensors.py took 0.105 seconds
[2023-11-03T00:20:31.473+0000] {processor.py:157} INFO - Started process (PID=3405) to work on /home/airflow/.local/lib/python3.8/site-packages/airflow/example_dags/example_sensors.py
[2023-11-03T00:20:31.475+0000] {processor.py:829} INFO - Processing file /home/airflow/.local/lib/python3.8/site-packages/airflow/example_dags/example_sensors.py for tasks to queue
[2023-11-03T00:20:31.477+0000] {logging_mixin.py:151} INFO - [2023-11-03T00:20:31.477+0000] {dagbag.py:536} INFO - Filling up the DagBag from /home/airflow/.local/lib/python3.8/site-packages/airflow/example_dags/example_sensors.py
[2023-11-03T00:20:31.488+0000] {processor.py:839} INFO - DAG(s) dict_keys(['example_sensors']) retrieved from /home/airflow/.local/lib/python3.8/site-packages/airflow/example_dags/example_sensors.py
[2023-11-03T00:20:31.521+0000] {logging_mixin.py:151} INFO - [2023-11-03T00:20:31.521+0000] {dag.py:2941} INFO - Sync 1 DAGs
[2023-11-03T00:20:31.536+0000] {logging_mixin.py:151} INFO - [2023-11-03T00:20:31.536+0000] {dag.py:3722} INFO - Setting next_dagrun for example_sensors to None, run_after=None
[2023-11-03T00:20:31.564+0000] {processor.py:179} INFO - Processing /home/airflow/.local/lib/python3.8/site-packages/airflow/example_dags/example_sensors.py took 0.094 seconds
[2023-11-03T00:21:01.760+0000] {processor.py:157} INFO - Started process (PID=3459) to work on /home/airflow/.local/lib/python3.8/site-packages/airflow/example_dags/example_sensors.py
[2023-11-03T00:21:01.762+0000] {processor.py:829} INFO - Processing file /home/airflow/.local/lib/python3.8/site-packages/airflow/example_dags/example_sensors.py for tasks to queue
[2023-11-03T00:21:01.764+0000] {logging_mixin.py:151} INFO - [2023-11-03T00:21:01.764+0000] {dagbag.py:536} INFO - Filling up the DagBag from /home/airflow/.local/lib/python3.8/site-packages/airflow/example_dags/example_sensors.py
[2023-11-03T00:21:01.776+0000] {processor.py:839} INFO - DAG(s) dict_keys(['example_sensors']) retrieved from /home/airflow/.local/lib/python3.8/site-packages/airflow/example_dags/example_sensors.py
[2023-11-03T00:21:01.815+0000] {logging_mixin.py:151} INFO - [2023-11-03T00:21:01.815+0000] {dag.py:2941} INFO - Sync 1 DAGs
[2023-11-03T00:21:01.831+0000] {logging_mixin.py:151} INFO - [2023-11-03T00:21:01.831+0000] {dag.py:3722} INFO - Setting next_dagrun for example_sensors to None, run_after=None
[2023-11-03T00:21:01.858+0000] {processor.py:179} INFO - Processing /home/airflow/.local/lib/python3.8/site-packages/airflow/example_dags/example_sensors.py took 0.102 seconds
[2023-11-03T00:21:32.078+0000] {processor.py:157} INFO - Started process (PID=3513) to work on /home/airflow/.local/lib/python3.8/site-packages/airflow/example_dags/example_sensors.py
[2023-11-03T00:21:32.079+0000] {processor.py:829} INFO - Processing file /home/airflow/.local/lib/python3.8/site-packages/airflow/example_dags/example_sensors.py for tasks to queue
[2023-11-03T00:21:32.082+0000] {logging_mixin.py:151} INFO - [2023-11-03T00:21:32.081+0000] {dagbag.py:536} INFO - Filling up the DagBag from /home/airflow/.local/lib/python3.8/site-packages/airflow/example_dags/example_sensors.py
[2023-11-03T00:21:32.092+0000] {processor.py:839} INFO - DAG(s) dict_keys(['example_sensors']) retrieved from /home/airflow/.local/lib/python3.8/site-packages/airflow/example_dags/example_sensors.py
[2023-11-03T00:21:32.125+0000] {logging_mixin.py:151} INFO - [2023-11-03T00:21:32.125+0000] {dag.py:2941} INFO - Sync 1 DAGs
[2023-11-03T00:21:32.141+0000] {logging_mixin.py:151} INFO - [2023-11-03T00:21:32.141+0000] {dag.py:3722} INFO - Setting next_dagrun for example_sensors to None, run_after=None
[2023-11-03T00:21:32.172+0000] {processor.py:179} INFO - Processing /home/airflow/.local/lib/python3.8/site-packages/airflow/example_dags/example_sensors.py took 0.098 seconds
[2023-11-03T00:22:02.374+0000] {processor.py:157} INFO - Started process (PID=3567) to work on /home/airflow/.local/lib/python3.8/site-packages/airflow/example_dags/example_sensors.py
[2023-11-03T00:22:02.375+0000] {processor.py:829} INFO - Processing file /home/airflow/.local/lib/python3.8/site-packages/airflow/example_dags/example_sensors.py for tasks to queue
[2023-11-03T00:22:02.378+0000] {logging_mixin.py:151} INFO - [2023-11-03T00:22:02.377+0000] {dagbag.py:536} INFO - Filling up the DagBag from /home/airflow/.local/lib/python3.8/site-packages/airflow/example_dags/example_sensors.py
[2023-11-03T00:22:02.388+0000] {processor.py:839} INFO - DAG(s) dict_keys(['example_sensors']) retrieved from /home/airflow/.local/lib/python3.8/site-packages/airflow/example_dags/example_sensors.py
[2023-11-03T00:22:02.419+0000] {logging_mixin.py:151} INFO - [2023-11-03T00:22:02.419+0000] {dag.py:2941} INFO - Sync 1 DAGs
[2023-11-03T00:22:02.433+0000] {logging_mixin.py:151} INFO - [2023-11-03T00:22:02.433+0000] {dag.py:3722} INFO - Setting next_dagrun for example_sensors to None, run_after=None
[2023-11-03T00:22:02.461+0000] {processor.py:179} INFO - Processing /home/airflow/.local/lib/python3.8/site-packages/airflow/example_dags/example_sensors.py took 0.091 seconds
[2023-11-03T00:22:32.801+0000] {processor.py:157} INFO - Started process (PID=3621) to work on /home/airflow/.local/lib/python3.8/site-packages/airflow/example_dags/example_sensors.py
[2023-11-03T00:22:32.802+0000] {processor.py:829} INFO - Processing file /home/airflow/.local/lib/python3.8/site-packages/airflow/example_dags/example_sensors.py for tasks to queue
[2023-11-03T00:22:32.804+0000] {logging_mixin.py:151} INFO - [2023-11-03T00:22:32.804+0000] {dagbag.py:536} INFO - Filling up the DagBag from /home/airflow/.local/lib/python3.8/site-packages/airflow/example_dags/example_sensors.py
[2023-11-03T00:22:32.813+0000] {processor.py:839} INFO - DAG(s) dict_keys(['example_sensors']) retrieved from /home/airflow/.local/lib/python3.8/site-packages/airflow/example_dags/example_sensors.py
[2023-11-03T00:22:32.840+0000] {logging_mixin.py:151} INFO - [2023-11-03T00:22:32.840+0000] {dag.py:2941} INFO - Sync 1 DAGs
[2023-11-03T00:22:32.853+0000] {logging_mixin.py:151} INFO - [2023-11-03T00:22:32.853+0000] {dag.py:3722} INFO - Setting next_dagrun for example_sensors to None, run_after=None
[2023-11-03T00:22:32.884+0000] {processor.py:179} INFO - Processing /home/airflow/.local/lib/python3.8/site-packages/airflow/example_dags/example_sensors.py took 0.087 seconds
[2023-11-03T00:23:03.217+0000] {processor.py:157} INFO - Started process (PID=3675) to work on /home/airflow/.local/lib/python3.8/site-packages/airflow/example_dags/example_sensors.py
[2023-11-03T00:23:03.219+0000] {processor.py:829} INFO - Processing file /home/airflow/.local/lib/python3.8/site-packages/airflow/example_dags/example_sensors.py for tasks to queue
[2023-11-03T00:23:03.221+0000] {logging_mixin.py:151} INFO - [2023-11-03T00:23:03.220+0000] {dagbag.py:536} INFO - Filling up the DagBag from /home/airflow/.local/lib/python3.8/site-packages/airflow/example_dags/example_sensors.py
[2023-11-03T00:23:03.232+0000] {processor.py:839} INFO - DAG(s) dict_keys(['example_sensors']) retrieved from /home/airflow/.local/lib/python3.8/site-packages/airflow/example_dags/example_sensors.py
[2023-11-03T00:23:03.270+0000] {logging_mixin.py:151} INFO - [2023-11-03T00:23:03.269+0000] {dag.py:2941} INFO - Sync 1 DAGs
[2023-11-03T00:23:03.290+0000] {logging_mixin.py:151} INFO - [2023-11-03T00:23:03.289+0000] {dag.py:3722} INFO - Setting next_dagrun for example_sensors to None, run_after=None
[2023-11-03T00:23:03.327+0000] {processor.py:179} INFO - Processing /home/airflow/.local/lib/python3.8/site-packages/airflow/example_dags/example_sensors.py took 0.113 seconds
[2023-11-03T00:23:33.876+0000] {processor.py:157} INFO - Started process (PID=3729) to work on /home/airflow/.local/lib/python3.8/site-packages/airflow/example_dags/example_sensors.py
[2023-11-03T00:23:33.876+0000] {processor.py:829} INFO - Processing file /home/airflow/.local/lib/python3.8/site-packages/airflow/example_dags/example_sensors.py for tasks to queue
[2023-11-03T00:23:33.879+0000] {logging_mixin.py:151} INFO - [2023-11-03T00:23:33.878+0000] {dagbag.py:536} INFO - Filling up the DagBag from /home/airflow/.local/lib/python3.8/site-packages/airflow/example_dags/example_sensors.py
[2023-11-03T00:23:33.888+0000] {processor.py:839} INFO - DAG(s) dict_keys(['example_sensors']) retrieved from /home/airflow/.local/lib/python3.8/site-packages/airflow/example_dags/example_sensors.py
[2023-11-03T00:23:33.919+0000] {logging_mixin.py:151} INFO - [2023-11-03T00:23:33.918+0000] {dag.py:2941} INFO - Sync 1 DAGs
[2023-11-03T00:23:33.934+0000] {logging_mixin.py:151} INFO - [2023-11-03T00:23:33.934+0000] {dag.py:3722} INFO - Setting next_dagrun for example_sensors to None, run_after=None
[2023-11-03T00:23:33.966+0000] {processor.py:179} INFO - Processing /home/airflow/.local/lib/python3.8/site-packages/airflow/example_dags/example_sensors.py took 0.094 seconds
[2023-11-03T00:24:04.090+0000] {processor.py:157} INFO - Started process (PID=3783) to work on /home/airflow/.local/lib/python3.8/site-packages/airflow/example_dags/example_sensors.py
[2023-11-03T00:24:04.092+0000] {processor.py:829} INFO - Processing file /home/airflow/.local/lib/python3.8/site-packages/airflow/example_dags/example_sensors.py for tasks to queue
[2023-11-03T00:24:04.094+0000] {logging_mixin.py:151} INFO - [2023-11-03T00:24:04.094+0000] {dagbag.py:536} INFO - Filling up the DagBag from /home/airflow/.local/lib/python3.8/site-packages/airflow/example_dags/example_sensors.py
[2023-11-03T00:24:04.104+0000] {processor.py:839} INFO - DAG(s) dict_keys(['example_sensors']) retrieved from /home/airflow/.local/lib/python3.8/site-packages/airflow/example_dags/example_sensors.py
[2023-11-03T00:24:04.135+0000] {logging_mixin.py:151} INFO - [2023-11-03T00:24:04.135+0000] {dag.py:2941} INFO - Sync 1 DAGs
[2023-11-03T00:24:04.149+0000] {logging_mixin.py:151} INFO - [2023-11-03T00:24:04.149+0000] {dag.py:3722} INFO - Setting next_dagrun for example_sensors to None, run_after=None
[2023-11-03T00:24:04.198+0000] {processor.py:179} INFO - Processing /home/airflow/.local/lib/python3.8/site-packages/airflow/example_dags/example_sensors.py took 0.111 seconds
[2023-11-03T00:24:34.354+0000] {processor.py:157} INFO - Started process (PID=3838) to work on /home/airflow/.local/lib/python3.8/site-packages/airflow/example_dags/example_sensors.py
[2023-11-03T00:24:34.355+0000] {processor.py:829} INFO - Processing file /home/airflow/.local/lib/python3.8/site-packages/airflow/example_dags/example_sensors.py for tasks to queue
[2023-11-03T00:24:34.357+0000] {logging_mixin.py:151} INFO - [2023-11-03T00:24:34.357+0000] {dagbag.py:536} INFO - Filling up the DagBag from /home/airflow/.local/lib/python3.8/site-packages/airflow/example_dags/example_sensors.py
[2023-11-03T00:24:34.367+0000] {processor.py:839} INFO - DAG(s) dict_keys(['example_sensors']) retrieved from /home/airflow/.local/lib/python3.8/site-packages/airflow/example_dags/example_sensors.py
[2023-11-03T00:24:34.399+0000] {logging_mixin.py:151} INFO - [2023-11-03T00:24:34.398+0000] {dag.py:2941} INFO - Sync 1 DAGs
[2023-11-03T00:24:34.414+0000] {logging_mixin.py:151} INFO - [2023-11-03T00:24:34.414+0000] {dag.py:3722} INFO - Setting next_dagrun for example_sensors to None, run_after=None
[2023-11-03T00:24:34.442+0000] {processor.py:179} INFO - Processing /home/airflow/.local/lib/python3.8/site-packages/airflow/example_dags/example_sensors.py took 0.091 seconds
[2023-11-03T00:25:04.505+0000] {processor.py:157} INFO - Started process (PID=3891) to work on /home/airflow/.local/lib/python3.8/site-packages/airflow/example_dags/example_sensors.py
[2023-11-03T00:25:04.507+0000] {processor.py:829} INFO - Processing file /home/airflow/.local/lib/python3.8/site-packages/airflow/example_dags/example_sensors.py for tasks to queue
[2023-11-03T00:25:04.509+0000] {logging_mixin.py:151} INFO - [2023-11-03T00:25:04.508+0000] {dagbag.py:536} INFO - Filling up the DagBag from /home/airflow/.local/lib/python3.8/site-packages/airflow/example_dags/example_sensors.py
[2023-11-03T00:25:04.518+0000] {processor.py:839} INFO - DAG(s) dict_keys(['example_sensors']) retrieved from /home/airflow/.local/lib/python3.8/site-packages/airflow/example_dags/example_sensors.py
[2023-11-03T00:25:04.548+0000] {logging_mixin.py:151} INFO - [2023-11-03T00:25:04.548+0000] {dag.py:2941} INFO - Sync 1 DAGs
[2023-11-03T00:25:04.563+0000] {logging_mixin.py:151} INFO - [2023-11-03T00:25:04.562+0000] {dag.py:3722} INFO - Setting next_dagrun for example_sensors to None, run_after=None
[2023-11-03T00:25:04.595+0000] {processor.py:179} INFO - Processing /home/airflow/.local/lib/python3.8/site-packages/airflow/example_dags/example_sensors.py took 0.093 seconds
[2023-11-03T00:25:34.649+0000] {processor.py:157} INFO - Started process (PID=3944) to work on /home/airflow/.local/lib/python3.8/site-packages/airflow/example_dags/example_sensors.py
[2023-11-03T00:25:34.651+0000] {processor.py:829} INFO - Processing file /home/airflow/.local/lib/python3.8/site-packages/airflow/example_dags/example_sensors.py for tasks to queue
[2023-11-03T00:25:34.653+0000] {logging_mixin.py:151} INFO - [2023-11-03T00:25:34.652+0000] {dagbag.py:536} INFO - Filling up the DagBag from /home/airflow/.local/lib/python3.8/site-packages/airflow/example_dags/example_sensors.py
[2023-11-03T00:25:34.663+0000] {processor.py:839} INFO - DAG(s) dict_keys(['example_sensors']) retrieved from /home/airflow/.local/lib/python3.8/site-packages/airflow/example_dags/example_sensors.py
[2023-11-03T00:25:34.695+0000] {logging_mixin.py:151} INFO - [2023-11-03T00:25:34.694+0000] {dag.py:2941} INFO - Sync 1 DAGs
[2023-11-03T00:25:34.708+0000] {logging_mixin.py:151} INFO - [2023-11-03T00:25:34.708+0000] {dag.py:3722} INFO - Setting next_dagrun for example_sensors to None, run_after=None
[2023-11-03T00:25:34.736+0000] {processor.py:179} INFO - Processing /home/airflow/.local/lib/python3.8/site-packages/airflow/example_dags/example_sensors.py took 0.090 seconds
[2023-11-03T00:26:04.796+0000] {processor.py:157} INFO - Started process (PID=3998) to work on /home/airflow/.local/lib/python3.8/site-packages/airflow/example_dags/example_sensors.py
[2023-11-03T00:26:04.798+0000] {processor.py:829} INFO - Processing file /home/airflow/.local/lib/python3.8/site-packages/airflow/example_dags/example_sensors.py for tasks to queue
[2023-11-03T00:26:04.800+0000] {logging_mixin.py:151} INFO - [2023-11-03T00:26:04.800+0000] {dagbag.py:536} INFO - Filling up the DagBag from /home/airflow/.local/lib/python3.8/site-packages/airflow/example_dags/example_sensors.py
[2023-11-03T00:26:04.810+0000] {processor.py:839} INFO - DAG(s) dict_keys(['example_sensors']) retrieved from /home/airflow/.local/lib/python3.8/site-packages/airflow/example_dags/example_sensors.py
[2023-11-03T00:26:04.847+0000] {logging_mixin.py:151} INFO - [2023-11-03T00:26:04.846+0000] {dag.py:2941} INFO - Sync 1 DAGs
[2023-11-03T00:26:04.860+0000] {logging_mixin.py:151} INFO - [2023-11-03T00:26:04.859+0000] {dag.py:3722} INFO - Setting next_dagrun for example_sensors to None, run_after=None
[2023-11-03T00:26:04.890+0000] {processor.py:179} INFO - Processing /home/airflow/.local/lib/python3.8/site-packages/airflow/example_dags/example_sensors.py took 0.096 seconds
[2023-11-03T00:26:34.972+0000] {processor.py:157} INFO - Started process (PID=4052) to work on /home/airflow/.local/lib/python3.8/site-packages/airflow/example_dags/example_sensors.py
[2023-11-03T00:26:34.974+0000] {processor.py:829} INFO - Processing file /home/airflow/.local/lib/python3.8/site-packages/airflow/example_dags/example_sensors.py for tasks to queue
[2023-11-03T00:26:34.976+0000] {logging_mixin.py:151} INFO - [2023-11-03T00:26:34.976+0000] {dagbag.py:536} INFO - Filling up the DagBag from /home/airflow/.local/lib/python3.8/site-packages/airflow/example_dags/example_sensors.py
[2023-11-03T00:26:34.985+0000] {processor.py:839} INFO - DAG(s) dict_keys(['example_sensors']) retrieved from /home/airflow/.local/lib/python3.8/site-packages/airflow/example_dags/example_sensors.py
[2023-11-03T00:26:35.012+0000] {logging_mixin.py:151} INFO - [2023-11-03T00:26:35.012+0000] {dag.py:2941} INFO - Sync 1 DAGs
[2023-11-03T00:26:35.026+0000] {logging_mixin.py:151} INFO - [2023-11-03T00:26:35.026+0000] {dag.py:3722} INFO - Setting next_dagrun for example_sensors to None, run_after=None
[2023-11-03T00:26:35.051+0000] {processor.py:179} INFO - Processing /home/airflow/.local/lib/python3.8/site-packages/airflow/example_dags/example_sensors.py took 0.082 seconds
[2023-11-03T00:27:05.261+0000] {processor.py:157} INFO - Started process (PID=4106) to work on /home/airflow/.local/lib/python3.8/site-packages/airflow/example_dags/example_sensors.py
[2023-11-03T00:27:05.263+0000] {processor.py:829} INFO - Processing file /home/airflow/.local/lib/python3.8/site-packages/airflow/example_dags/example_sensors.py for tasks to queue
[2023-11-03T00:27:05.264+0000] {logging_mixin.py:151} INFO - [2023-11-03T00:27:05.264+0000] {dagbag.py:536} INFO - Filling up the DagBag from /home/airflow/.local/lib/python3.8/site-packages/airflow/example_dags/example_sensors.py
[2023-11-03T00:27:05.272+0000] {processor.py:839} INFO - DAG(s) dict_keys(['example_sensors']) retrieved from /home/airflow/.local/lib/python3.8/site-packages/airflow/example_dags/example_sensors.py
[2023-11-03T00:27:05.300+0000] {logging_mixin.py:151} INFO - [2023-11-03T00:27:05.300+0000] {dag.py:2941} INFO - Sync 1 DAGs
[2023-11-03T00:27:05.313+0000] {logging_mixin.py:151} INFO - [2023-11-03T00:27:05.313+0000] {dag.py:3722} INFO - Setting next_dagrun for example_sensors to None, run_after=None
[2023-11-03T00:27:05.338+0000] {processor.py:179} INFO - Processing /home/airflow/.local/lib/python3.8/site-packages/airflow/example_dags/example_sensors.py took 0.080 seconds
[2023-11-03T00:27:35.538+0000] {processor.py:157} INFO - Started process (PID=4161) to work on /home/airflow/.local/lib/python3.8/site-packages/airflow/example_dags/example_sensors.py
[2023-11-03T00:27:35.540+0000] {processor.py:829} INFO - Processing file /home/airflow/.local/lib/python3.8/site-packages/airflow/example_dags/example_sensors.py for tasks to queue
[2023-11-03T00:27:35.542+0000] {logging_mixin.py:151} INFO - [2023-11-03T00:27:35.541+0000] {dagbag.py:536} INFO - Filling up the DagBag from /home/airflow/.local/lib/python3.8/site-packages/airflow/example_dags/example_sensors.py
[2023-11-03T00:27:35.551+0000] {processor.py:839} INFO - DAG(s) dict_keys(['example_sensors']) retrieved from /home/airflow/.local/lib/python3.8/site-packages/airflow/example_dags/example_sensors.py
[2023-11-03T00:27:35.579+0000] {logging_mixin.py:151} INFO - [2023-11-03T00:27:35.579+0000] {dag.py:2941} INFO - Sync 1 DAGs
[2023-11-03T00:27:35.592+0000] {logging_mixin.py:151} INFO - [2023-11-03T00:27:35.591+0000] {dag.py:3722} INFO - Setting next_dagrun for example_sensors to None, run_after=None
[2023-11-03T00:27:35.620+0000] {processor.py:179} INFO - Processing /home/airflow/.local/lib/python3.8/site-packages/airflow/example_dags/example_sensors.py took 0.085 seconds
[2023-11-03T00:28:05.758+0000] {processor.py:157} INFO - Started process (PID=4215) to work on /home/airflow/.local/lib/python3.8/site-packages/airflow/example_dags/example_sensors.py
[2023-11-03T00:28:05.760+0000] {processor.py:829} INFO - Processing file /home/airflow/.local/lib/python3.8/site-packages/airflow/example_dags/example_sensors.py for tasks to queue
[2023-11-03T00:28:05.761+0000] {logging_mixin.py:151} INFO - [2023-11-03T00:28:05.761+0000] {dagbag.py:536} INFO - Filling up the DagBag from /home/airflow/.local/lib/python3.8/site-packages/airflow/example_dags/example_sensors.py
[2023-11-03T00:28:05.770+0000] {processor.py:839} INFO - DAG(s) dict_keys(['example_sensors']) retrieved from /home/airflow/.local/lib/python3.8/site-packages/airflow/example_dags/example_sensors.py
[2023-11-03T00:28:05.802+0000] {logging_mixin.py:151} INFO - [2023-11-03T00:28:05.801+0000] {dag.py:2941} INFO - Sync 1 DAGs
[2023-11-03T00:28:05.814+0000] {logging_mixin.py:151} INFO - [2023-11-03T00:28:05.814+0000] {dag.py:3722} INFO - Setting next_dagrun for example_sensors to None, run_after=None
[2023-11-03T00:28:05.836+0000] {processor.py:179} INFO - Processing /home/airflow/.local/lib/python3.8/site-packages/airflow/example_dags/example_sensors.py took 0.081 seconds
[2023-11-03T00:28:35.885+0000] {processor.py:157} INFO - Started process (PID=4268) to work on /home/airflow/.local/lib/python3.8/site-packages/airflow/example_dags/example_sensors.py
[2023-11-03T00:28:35.887+0000] {processor.py:829} INFO - Processing file /home/airflow/.local/lib/python3.8/site-packages/airflow/example_dags/example_sensors.py for tasks to queue
[2023-11-03T00:28:35.889+0000] {logging_mixin.py:151} INFO - [2023-11-03T00:28:35.889+0000] {dagbag.py:536} INFO - Filling up the DagBag from /home/airflow/.local/lib/python3.8/site-packages/airflow/example_dags/example_sensors.py
[2023-11-03T00:28:35.899+0000] {processor.py:839} INFO - DAG(s) dict_keys(['example_sensors']) retrieved from /home/airflow/.local/lib/python3.8/site-packages/airflow/example_dags/example_sensors.py
[2023-11-03T00:28:35.931+0000] {logging_mixin.py:151} INFO - [2023-11-03T00:28:35.931+0000] {dag.py:2941} INFO - Sync 1 DAGs
[2023-11-03T00:28:35.943+0000] {logging_mixin.py:151} INFO - [2023-11-03T00:28:35.943+0000] {dag.py:3722} INFO - Setting next_dagrun for example_sensors to None, run_after=None
[2023-11-03T00:28:35.965+0000] {processor.py:179} INFO - Processing /home/airflow/.local/lib/python3.8/site-packages/airflow/example_dags/example_sensors.py took 0.083 seconds
[2023-11-03T00:29:06.331+0000] {processor.py:157} INFO - Started process (PID=4324) to work on /home/airflow/.local/lib/python3.8/site-packages/airflow/example_dags/example_sensors.py
[2023-11-03T00:29:06.332+0000] {processor.py:829} INFO - Processing file /home/airflow/.local/lib/python3.8/site-packages/airflow/example_dags/example_sensors.py for tasks to queue
[2023-11-03T00:29:06.334+0000] {logging_mixin.py:151} INFO - [2023-11-03T00:29:06.334+0000] {dagbag.py:536} INFO - Filling up the DagBag from /home/airflow/.local/lib/python3.8/site-packages/airflow/example_dags/example_sensors.py
[2023-11-03T00:29:06.344+0000] {processor.py:839} INFO - DAG(s) dict_keys(['example_sensors']) retrieved from /home/airflow/.local/lib/python3.8/site-packages/airflow/example_dags/example_sensors.py
[2023-11-03T00:29:06.372+0000] {logging_mixin.py:151} INFO - [2023-11-03T00:29:06.372+0000] {dag.py:2941} INFO - Sync 1 DAGs
[2023-11-03T00:29:06.387+0000] {logging_mixin.py:151} INFO - [2023-11-03T00:29:06.387+0000] {dag.py:3722} INFO - Setting next_dagrun for example_sensors to None, run_after=None
[2023-11-03T00:29:06.409+0000] {processor.py:179} INFO - Processing /home/airflow/.local/lib/python3.8/site-packages/airflow/example_dags/example_sensors.py took 0.081 seconds
[2023-11-03T00:29:36.484+0000] {processor.py:157} INFO - Started process (PID=4378) to work on /home/airflow/.local/lib/python3.8/site-packages/airflow/example_dags/example_sensors.py
[2023-11-03T00:29:36.485+0000] {processor.py:829} INFO - Processing file /home/airflow/.local/lib/python3.8/site-packages/airflow/example_dags/example_sensors.py for tasks to queue
[2023-11-03T00:29:36.487+0000] {logging_mixin.py:151} INFO - [2023-11-03T00:29:36.487+0000] {dagbag.py:536} INFO - Filling up the DagBag from /home/airflow/.local/lib/python3.8/site-packages/airflow/example_dags/example_sensors.py
[2023-11-03T00:29:36.497+0000] {processor.py:839} INFO - DAG(s) dict_keys(['example_sensors']) retrieved from /home/airflow/.local/lib/python3.8/site-packages/airflow/example_dags/example_sensors.py
[2023-11-03T00:29:36.527+0000] {logging_mixin.py:151} INFO - [2023-11-03T00:29:36.526+0000] {dag.py:2941} INFO - Sync 1 DAGs
[2023-11-03T00:29:36.540+0000] {logging_mixin.py:151} INFO - [2023-11-03T00:29:36.540+0000] {dag.py:3722} INFO - Setting next_dagrun for example_sensors to None, run_after=None
[2023-11-03T00:29:36.565+0000] {processor.py:179} INFO - Processing /home/airflow/.local/lib/python3.8/site-packages/airflow/example_dags/example_sensors.py took 0.086 seconds
[2023-11-03T00:30:06.872+0000] {processor.py:157} INFO - Started process (PID=4431) to work on /home/airflow/.local/lib/python3.8/site-packages/airflow/example_dags/example_sensors.py
[2023-11-03T00:30:06.873+0000] {processor.py:829} INFO - Processing file /home/airflow/.local/lib/python3.8/site-packages/airflow/example_dags/example_sensors.py for tasks to queue
[2023-11-03T00:30:06.875+0000] {logging_mixin.py:151} INFO - [2023-11-03T00:30:06.875+0000] {dagbag.py:536} INFO - Filling up the DagBag from /home/airflow/.local/lib/python3.8/site-packages/airflow/example_dags/example_sensors.py
[2023-11-03T00:30:06.885+0000] {processor.py:839} INFO - DAG(s) dict_keys(['example_sensors']) retrieved from /home/airflow/.local/lib/python3.8/site-packages/airflow/example_dags/example_sensors.py
[2023-11-03T00:30:06.912+0000] {logging_mixin.py:151} INFO - [2023-11-03T00:30:06.912+0000] {dag.py:2941} INFO - Sync 1 DAGs
[2023-11-03T00:30:06.928+0000] {logging_mixin.py:151} INFO - [2023-11-03T00:30:06.927+0000] {dag.py:3722} INFO - Setting next_dagrun for example_sensors to None, run_after=None
[2023-11-03T00:30:06.966+0000] {processor.py:179} INFO - Processing /home/airflow/.local/lib/python3.8/site-packages/airflow/example_dags/example_sensors.py took 0.099 seconds
[2023-11-03T00:30:37.676+0000] {processor.py:157} INFO - Started process (PID=4485) to work on /home/airflow/.local/lib/python3.8/site-packages/airflow/example_dags/example_sensors.py
[2023-11-03T00:30:37.677+0000] {processor.py:829} INFO - Processing file /home/airflow/.local/lib/python3.8/site-packages/airflow/example_dags/example_sensors.py for tasks to queue
[2023-11-03T00:30:37.679+0000] {logging_mixin.py:151} INFO - [2023-11-03T00:30:37.679+0000] {dagbag.py:536} INFO - Filling up the DagBag from /home/airflow/.local/lib/python3.8/site-packages/airflow/example_dags/example_sensors.py
[2023-11-03T00:30:37.690+0000] {processor.py:839} INFO - DAG(s) dict_keys(['example_sensors']) retrieved from /home/airflow/.local/lib/python3.8/site-packages/airflow/example_dags/example_sensors.py
[2023-11-03T00:30:37.723+0000] {logging_mixin.py:151} INFO - [2023-11-03T00:30:37.723+0000] {dag.py:2941} INFO - Sync 1 DAGs
[2023-11-03T00:30:37.738+0000] {logging_mixin.py:151} INFO - [2023-11-03T00:30:37.738+0000] {dag.py:3722} INFO - Setting next_dagrun for example_sensors to None, run_after=None
[2023-11-03T00:30:37.769+0000] {processor.py:179} INFO - Processing /home/airflow/.local/lib/python3.8/site-packages/airflow/example_dags/example_sensors.py took 0.097 seconds
