[2023-11-03T00:00:16.689+0000] {processor.py:157} INFO - Started process (PID=1269) to work on /home/airflow/.local/lib/python3.8/site-packages/airflow/example_dags/example_dag_decorator.py
[2023-11-03T00:00:16.690+0000] {processor.py:829} INFO - Processing file /home/airflow/.local/lib/python3.8/site-packages/airflow/example_dags/example_dag_decorator.py for tasks to queue
[2023-11-03T00:00:16.692+0000] {logging_mixin.py:151} INFO - [2023-11-03T00:00:16.692+0000] {dagbag.py:536} INFO - Filling up the DagBag from /home/airflow/.local/lib/python3.8/site-packages/airflow/example_dags/example_dag_decorator.py
[2023-11-03T00:00:16.756+0000] {processor.py:839} INFO - DAG(s) dict_keys(['example_dag_decorator']) retrieved from /home/airflow/.local/lib/python3.8/site-packages/airflow/example_dags/example_dag_decorator.py
[2023-11-03T00:00:16.868+0000] {logging_mixin.py:151} INFO - [2023-11-03T00:00:16.868+0000] {dag.py:2941} INFO - Sync 1 DAGs
[2023-11-03T00:00:17.011+0000] {logging_mixin.py:151} INFO - [2023-11-03T00:00:17.011+0000] {dag.py:3722} INFO - Setting next_dagrun for example_dag_decorator to None, run_after=None
[2023-11-03T00:00:17.038+0000] {processor.py:179} INFO - Processing /home/airflow/.local/lib/python3.8/site-packages/airflow/example_dags/example_dag_decorator.py took 0.352 seconds
[2023-11-03T00:00:47.090+0000] {processor.py:157} INFO - Started process (PID=1323) to work on /home/airflow/.local/lib/python3.8/site-packages/airflow/example_dags/example_dag_decorator.py
[2023-11-03T00:00:47.091+0000] {processor.py:829} INFO - Processing file /home/airflow/.local/lib/python3.8/site-packages/airflow/example_dags/example_dag_decorator.py for tasks to queue
[2023-11-03T00:00:47.095+0000] {logging_mixin.py:151} INFO - [2023-11-03T00:00:47.094+0000] {dagbag.py:536} INFO - Filling up the DagBag from /home/airflow/.local/lib/python3.8/site-packages/airflow/example_dags/example_dag_decorator.py
[2023-11-03T00:00:47.175+0000] {processor.py:839} INFO - DAG(s) dict_keys(['example_dag_decorator']) retrieved from /home/airflow/.local/lib/python3.8/site-packages/airflow/example_dags/example_dag_decorator.py
[2023-11-03T00:00:47.340+0000] {logging_mixin.py:151} INFO - [2023-11-03T00:00:47.339+0000] {dag.py:2941} INFO - Sync 1 DAGs
[2023-11-03T00:00:47.359+0000] {logging_mixin.py:151} INFO - [2023-11-03T00:00:47.359+0000] {dag.py:3722} INFO - Setting next_dagrun for example_dag_decorator to None, run_after=None
[2023-11-03T00:00:47.405+0000] {processor.py:179} INFO - Processing /home/airflow/.local/lib/python3.8/site-packages/airflow/example_dags/example_dag_decorator.py took 0.318 seconds
[2023-11-03T00:01:18.306+0000] {processor.py:157} INFO - Started process (PID=1377) to work on /home/airflow/.local/lib/python3.8/site-packages/airflow/example_dags/example_dag_decorator.py
[2023-11-03T00:01:18.308+0000] {processor.py:829} INFO - Processing file /home/airflow/.local/lib/python3.8/site-packages/airflow/example_dags/example_dag_decorator.py for tasks to queue
[2023-11-03T00:01:18.309+0000] {logging_mixin.py:151} INFO - [2023-11-03T00:01:18.309+0000] {dagbag.py:536} INFO - Filling up the DagBag from /home/airflow/.local/lib/python3.8/site-packages/airflow/example_dags/example_dag_decorator.py
[2023-11-03T00:01:18.376+0000] {processor.py:839} INFO - DAG(s) dict_keys(['example_dag_decorator']) retrieved from /home/airflow/.local/lib/python3.8/site-packages/airflow/example_dags/example_dag_decorator.py
[2023-11-03T00:01:18.627+0000] {logging_mixin.py:151} INFO - [2023-11-03T00:01:18.626+0000] {dag.py:2941} INFO - Sync 1 DAGs
[2023-11-03T00:01:18.639+0000] {logging_mixin.py:151} INFO - [2023-11-03T00:01:18.639+0000] {dag.py:3722} INFO - Setting next_dagrun for example_dag_decorator to None, run_after=None
[2023-11-03T00:01:18.666+0000] {processor.py:179} INFO - Processing /home/airflow/.local/lib/python3.8/site-packages/airflow/example_dags/example_dag_decorator.py took 0.363 seconds
[2023-11-03T00:01:48.933+0000] {processor.py:157} INFO - Started process (PID=1431) to work on /home/airflow/.local/lib/python3.8/site-packages/airflow/example_dags/example_dag_decorator.py
[2023-11-03T00:01:48.934+0000] {processor.py:829} INFO - Processing file /home/airflow/.local/lib/python3.8/site-packages/airflow/example_dags/example_dag_decorator.py for tasks to queue
[2023-11-03T00:01:48.937+0000] {logging_mixin.py:151} INFO - [2023-11-03T00:01:48.937+0000] {dagbag.py:536} INFO - Filling up the DagBag from /home/airflow/.local/lib/python3.8/site-packages/airflow/example_dags/example_dag_decorator.py
[2023-11-03T00:01:49.040+0000] {processor.py:839} INFO - DAG(s) dict_keys(['example_dag_decorator']) retrieved from /home/airflow/.local/lib/python3.8/site-packages/airflow/example_dags/example_dag_decorator.py
[2023-11-03T00:01:49.391+0000] {logging_mixin.py:151} INFO - [2023-11-03T00:01:49.390+0000] {dag.py:2941} INFO - Sync 1 DAGs
[2023-11-03T00:01:49.405+0000] {logging_mixin.py:151} INFO - [2023-11-03T00:01:49.405+0000] {dag.py:3722} INFO - Setting next_dagrun for example_dag_decorator to None, run_after=None
[2023-11-03T00:01:49.440+0000] {processor.py:179} INFO - Processing /home/airflow/.local/lib/python3.8/site-packages/airflow/example_dags/example_dag_decorator.py took 0.511 seconds
[2023-11-03T00:02:19.580+0000] {processor.py:157} INFO - Started process (PID=1485) to work on /home/airflow/.local/lib/python3.8/site-packages/airflow/example_dags/example_dag_decorator.py
[2023-11-03T00:02:19.582+0000] {processor.py:829} INFO - Processing file /home/airflow/.local/lib/python3.8/site-packages/airflow/example_dags/example_dag_decorator.py for tasks to queue
[2023-11-03T00:02:19.585+0000] {logging_mixin.py:151} INFO - [2023-11-03T00:02:19.584+0000] {dagbag.py:536} INFO - Filling up the DagBag from /home/airflow/.local/lib/python3.8/site-packages/airflow/example_dags/example_dag_decorator.py
[2023-11-03T00:02:19.666+0000] {processor.py:839} INFO - DAG(s) dict_keys(['example_dag_decorator']) retrieved from /home/airflow/.local/lib/python3.8/site-packages/airflow/example_dags/example_dag_decorator.py
[2023-11-03T00:02:19.794+0000] {logging_mixin.py:151} INFO - [2023-11-03T00:02:19.793+0000] {dag.py:2941} INFO - Sync 1 DAGs
[2023-11-03T00:02:19.943+0000] {logging_mixin.py:151} INFO - [2023-11-03T00:02:19.943+0000] {dag.py:3722} INFO - Setting next_dagrun for example_dag_decorator to None, run_after=None
[2023-11-03T00:02:19.972+0000] {processor.py:179} INFO - Processing /home/airflow/.local/lib/python3.8/site-packages/airflow/example_dags/example_dag_decorator.py took 0.397 seconds
[2023-11-03T00:02:50.133+0000] {processor.py:157} INFO - Started process (PID=1539) to work on /home/airflow/.local/lib/python3.8/site-packages/airflow/example_dags/example_dag_decorator.py
[2023-11-03T00:02:50.134+0000] {processor.py:829} INFO - Processing file /home/airflow/.local/lib/python3.8/site-packages/airflow/example_dags/example_dag_decorator.py for tasks to queue
[2023-11-03T00:02:50.137+0000] {logging_mixin.py:151} INFO - [2023-11-03T00:02:50.137+0000] {dagbag.py:536} INFO - Filling up the DagBag from /home/airflow/.local/lib/python3.8/site-packages/airflow/example_dags/example_dag_decorator.py
[2023-11-03T00:02:50.201+0000] {processor.py:839} INFO - DAG(s) dict_keys(['example_dag_decorator']) retrieved from /home/airflow/.local/lib/python3.8/site-packages/airflow/example_dags/example_dag_decorator.py
[2023-11-03T00:02:50.438+0000] {logging_mixin.py:151} INFO - [2023-11-03T00:02:50.437+0000] {dag.py:2941} INFO - Sync 1 DAGs
[2023-11-03T00:02:50.448+0000] {logging_mixin.py:151} INFO - [2023-11-03T00:02:50.448+0000] {dag.py:3722} INFO - Setting next_dagrun for example_dag_decorator to None, run_after=None
[2023-11-03T00:02:50.476+0000] {processor.py:179} INFO - Processing /home/airflow/.local/lib/python3.8/site-packages/airflow/example_dags/example_dag_decorator.py took 0.348 seconds
[2023-11-03T00:03:20.683+0000] {processor.py:157} INFO - Started process (PID=1593) to work on /home/airflow/.local/lib/python3.8/site-packages/airflow/example_dags/example_dag_decorator.py
[2023-11-03T00:03:20.684+0000] {processor.py:829} INFO - Processing file /home/airflow/.local/lib/python3.8/site-packages/airflow/example_dags/example_dag_decorator.py for tasks to queue
[2023-11-03T00:03:20.687+0000] {logging_mixin.py:151} INFO - [2023-11-03T00:03:20.686+0000] {dagbag.py:536} INFO - Filling up the DagBag from /home/airflow/.local/lib/python3.8/site-packages/airflow/example_dags/example_dag_decorator.py
[2023-11-03T00:03:20.751+0000] {processor.py:839} INFO - DAG(s) dict_keys(['example_dag_decorator']) retrieved from /home/airflow/.local/lib/python3.8/site-packages/airflow/example_dags/example_dag_decorator.py
[2023-11-03T00:03:21.007+0000] {logging_mixin.py:151} INFO - [2023-11-03T00:03:21.007+0000] {dag.py:2941} INFO - Sync 1 DAGs
[2023-11-03T00:03:21.019+0000] {logging_mixin.py:151} INFO - [2023-11-03T00:03:21.019+0000] {dag.py:3722} INFO - Setting next_dagrun for example_dag_decorator to None, run_after=None
[2023-11-03T00:03:21.052+0000] {processor.py:179} INFO - Processing /home/airflow/.local/lib/python3.8/site-packages/airflow/example_dags/example_dag_decorator.py took 0.373 seconds
[2023-11-03T00:03:51.088+0000] {processor.py:157} INFO - Started process (PID=1646) to work on /home/airflow/.local/lib/python3.8/site-packages/airflow/example_dags/example_dag_decorator.py
[2023-11-03T00:03:51.089+0000] {processor.py:829} INFO - Processing file /home/airflow/.local/lib/python3.8/site-packages/airflow/example_dags/example_dag_decorator.py for tasks to queue
[2023-11-03T00:03:51.092+0000] {logging_mixin.py:151} INFO - [2023-11-03T00:03:51.091+0000] {dagbag.py:536} INFO - Filling up the DagBag from /home/airflow/.local/lib/python3.8/site-packages/airflow/example_dags/example_dag_decorator.py
[2023-11-03T00:03:51.160+0000] {processor.py:839} INFO - DAG(s) dict_keys(['example_dag_decorator']) retrieved from /home/airflow/.local/lib/python3.8/site-packages/airflow/example_dags/example_dag_decorator.py
[2023-11-03T00:03:51.400+0000] {logging_mixin.py:151} INFO - [2023-11-03T00:03:51.400+0000] {dag.py:2941} INFO - Sync 1 DAGs
[2023-11-03T00:03:51.411+0000] {logging_mixin.py:151} INFO - [2023-11-03T00:03:51.410+0000] {dag.py:3722} INFO - Setting next_dagrun for example_dag_decorator to None, run_after=None
[2023-11-03T00:03:51.438+0000] {processor.py:179} INFO - Processing /home/airflow/.local/lib/python3.8/site-packages/airflow/example_dags/example_dag_decorator.py took 0.353 seconds
[2023-11-03T00:04:21.643+0000] {processor.py:157} INFO - Started process (PID=1700) to work on /home/airflow/.local/lib/python3.8/site-packages/airflow/example_dags/example_dag_decorator.py
[2023-11-03T00:04:21.644+0000] {processor.py:829} INFO - Processing file /home/airflow/.local/lib/python3.8/site-packages/airflow/example_dags/example_dag_decorator.py for tasks to queue
[2023-11-03T00:04:21.647+0000] {logging_mixin.py:151} INFO - [2023-11-03T00:04:21.646+0000] {dagbag.py:536} INFO - Filling up the DagBag from /home/airflow/.local/lib/python3.8/site-packages/airflow/example_dags/example_dag_decorator.py
[2023-11-03T00:04:21.709+0000] {processor.py:839} INFO - DAG(s) dict_keys(['example_dag_decorator']) retrieved from /home/airflow/.local/lib/python3.8/site-packages/airflow/example_dags/example_dag_decorator.py
[2023-11-03T00:04:21.817+0000] {logging_mixin.py:151} INFO - [2023-11-03T00:04:21.817+0000] {dag.py:2941} INFO - Sync 1 DAGs
[2023-11-03T00:04:21.961+0000] {logging_mixin.py:151} INFO - [2023-11-03T00:04:21.961+0000] {dag.py:3722} INFO - Setting next_dagrun for example_dag_decorator to None, run_after=None
[2023-11-03T00:04:21.987+0000] {processor.py:179} INFO - Processing /home/airflow/.local/lib/python3.8/site-packages/airflow/example_dags/example_dag_decorator.py took 0.348 seconds
[2023-11-03T00:04:52.149+0000] {processor.py:157} INFO - Started process (PID=1754) to work on /home/airflow/.local/lib/python3.8/site-packages/airflow/example_dags/example_dag_decorator.py
[2023-11-03T00:04:52.151+0000] {processor.py:829} INFO - Processing file /home/airflow/.local/lib/python3.8/site-packages/airflow/example_dags/example_dag_decorator.py for tasks to queue
[2023-11-03T00:04:52.154+0000] {logging_mixin.py:151} INFO - [2023-11-03T00:04:52.153+0000] {dagbag.py:536} INFO - Filling up the DagBag from /home/airflow/.local/lib/python3.8/site-packages/airflow/example_dags/example_dag_decorator.py
[2023-11-03T00:04:52.224+0000] {processor.py:839} INFO - DAG(s) dict_keys(['example_dag_decorator']) retrieved from /home/airflow/.local/lib/python3.8/site-packages/airflow/example_dags/example_dag_decorator.py
[2023-11-03T00:04:52.503+0000] {logging_mixin.py:151} INFO - [2023-11-03T00:04:52.503+0000] {dag.py:2941} INFO - Sync 1 DAGs
[2023-11-03T00:04:52.516+0000] {logging_mixin.py:151} INFO - [2023-11-03T00:04:52.516+0000] {dag.py:3722} INFO - Setting next_dagrun for example_dag_decorator to None, run_after=None
[2023-11-03T00:04:52.542+0000] {processor.py:179} INFO - Processing /home/airflow/.local/lib/python3.8/site-packages/airflow/example_dags/example_dag_decorator.py took 0.397 seconds
[2023-11-03T00:05:22.592+0000] {processor.py:157} INFO - Started process (PID=1808) to work on /home/airflow/.local/lib/python3.8/site-packages/airflow/example_dags/example_dag_decorator.py
[2023-11-03T00:05:22.594+0000] {processor.py:829} INFO - Processing file /home/airflow/.local/lib/python3.8/site-packages/airflow/example_dags/example_dag_decorator.py for tasks to queue
[2023-11-03T00:05:22.596+0000] {logging_mixin.py:151} INFO - [2023-11-03T00:05:22.595+0000] {dagbag.py:536} INFO - Filling up the DagBag from /home/airflow/.local/lib/python3.8/site-packages/airflow/example_dags/example_dag_decorator.py
[2023-11-03T00:05:22.678+0000] {processor.py:839} INFO - DAG(s) dict_keys(['example_dag_decorator']) retrieved from /home/airflow/.local/lib/python3.8/site-packages/airflow/example_dags/example_dag_decorator.py
[2023-11-03T00:05:22.960+0000] {logging_mixin.py:151} INFO - [2023-11-03T00:05:22.960+0000] {dag.py:2941} INFO - Sync 1 DAGs
[2023-11-03T00:05:22.973+0000] {logging_mixin.py:151} INFO - [2023-11-03T00:05:22.972+0000] {dag.py:3722} INFO - Setting next_dagrun for example_dag_decorator to None, run_after=None
[2023-11-03T00:05:23.005+0000] {processor.py:179} INFO - Processing /home/airflow/.local/lib/python3.8/site-packages/airflow/example_dags/example_dag_decorator.py took 0.416 seconds
[2023-11-03T00:05:53.353+0000] {processor.py:157} INFO - Started process (PID=1862) to work on /home/airflow/.local/lib/python3.8/site-packages/airflow/example_dags/example_dag_decorator.py
[2023-11-03T00:05:53.354+0000] {processor.py:829} INFO - Processing file /home/airflow/.local/lib/python3.8/site-packages/airflow/example_dags/example_dag_decorator.py for tasks to queue
[2023-11-03T00:05:53.358+0000] {logging_mixin.py:151} INFO - [2023-11-03T00:05:53.357+0000] {dagbag.py:536} INFO - Filling up the DagBag from /home/airflow/.local/lib/python3.8/site-packages/airflow/example_dags/example_dag_decorator.py
[2023-11-03T00:05:53.426+0000] {processor.py:839} INFO - DAG(s) dict_keys(['example_dag_decorator']) retrieved from /home/airflow/.local/lib/python3.8/site-packages/airflow/example_dags/example_dag_decorator.py
[2023-11-03T00:05:53.453+0000] {logging_mixin.py:151} INFO - [2023-11-03T00:05:53.452+0000] {dag.py:2941} INFO - Sync 1 DAGs
[2023-11-03T00:05:53.466+0000] {logging_mixin.py:151} INFO - [2023-11-03T00:05:53.466+0000] {dag.py:3722} INFO - Setting next_dagrun for example_dag_decorator to None, run_after=None
[2023-11-03T00:05:53.492+0000] {processor.py:179} INFO - Processing /home/airflow/.local/lib/python3.8/site-packages/airflow/example_dags/example_dag_decorator.py took 0.142 seconds
[2023-11-03T00:06:23.526+0000] {processor.py:157} INFO - Started process (PID=1917) to work on /home/airflow/.local/lib/python3.8/site-packages/airflow/example_dags/example_dag_decorator.py
[2023-11-03T00:06:23.527+0000] {processor.py:829} INFO - Processing file /home/airflow/.local/lib/python3.8/site-packages/airflow/example_dags/example_dag_decorator.py for tasks to queue
[2023-11-03T00:06:23.529+0000] {logging_mixin.py:151} INFO - [2023-11-03T00:06:23.529+0000] {dagbag.py:536} INFO - Filling up the DagBag from /home/airflow/.local/lib/python3.8/site-packages/airflow/example_dags/example_dag_decorator.py
[2023-11-03T00:06:23.593+0000] {processor.py:839} INFO - DAG(s) dict_keys(['example_dag_decorator']) retrieved from /home/airflow/.local/lib/python3.8/site-packages/airflow/example_dags/example_dag_decorator.py
[2023-11-03T00:06:23.844+0000] {logging_mixin.py:151} INFO - [2023-11-03T00:06:23.844+0000] {dag.py:2941} INFO - Sync 1 DAGs
[2023-11-03T00:06:23.855+0000] {logging_mixin.py:151} INFO - [2023-11-03T00:06:23.855+0000] {dag.py:3722} INFO - Setting next_dagrun for example_dag_decorator to None, run_after=None
[2023-11-03T00:06:23.882+0000] {processor.py:179} INFO - Processing /home/airflow/.local/lib/python3.8/site-packages/airflow/example_dags/example_dag_decorator.py took 0.360 seconds
[2023-11-03T00:06:54.105+0000] {processor.py:157} INFO - Started process (PID=1971) to work on /home/airflow/.local/lib/python3.8/site-packages/airflow/example_dags/example_dag_decorator.py
[2023-11-03T00:06:54.105+0000] {processor.py:829} INFO - Processing file /home/airflow/.local/lib/python3.8/site-packages/airflow/example_dags/example_dag_decorator.py for tasks to queue
[2023-11-03T00:06:54.107+0000] {logging_mixin.py:151} INFO - [2023-11-03T00:06:54.107+0000] {dagbag.py:536} INFO - Filling up the DagBag from /home/airflow/.local/lib/python3.8/site-packages/airflow/example_dags/example_dag_decorator.py
[2023-11-03T00:06:54.173+0000] {processor.py:839} INFO - DAG(s) dict_keys(['example_dag_decorator']) retrieved from /home/airflow/.local/lib/python3.8/site-packages/airflow/example_dags/example_dag_decorator.py
[2023-11-03T00:06:54.414+0000] {logging_mixin.py:151} INFO - [2023-11-03T00:06:54.413+0000] {dag.py:2941} INFO - Sync 1 DAGs
[2023-11-03T00:06:54.424+0000] {logging_mixin.py:151} INFO - [2023-11-03T00:06:54.424+0000] {dag.py:3722} INFO - Setting next_dagrun for example_dag_decorator to None, run_after=None
[2023-11-03T00:06:54.454+0000] {processor.py:179} INFO - Processing /home/airflow/.local/lib/python3.8/site-packages/airflow/example_dags/example_dag_decorator.py took 0.353 seconds
[2023-11-03T00:07:24.603+0000] {processor.py:157} INFO - Started process (PID=2025) to work on /home/airflow/.local/lib/python3.8/site-packages/airflow/example_dags/example_dag_decorator.py
[2023-11-03T00:07:24.604+0000] {processor.py:829} INFO - Processing file /home/airflow/.local/lib/python3.8/site-packages/airflow/example_dags/example_dag_decorator.py for tasks to queue
[2023-11-03T00:07:24.606+0000] {logging_mixin.py:151} INFO - [2023-11-03T00:07:24.606+0000] {dagbag.py:536} INFO - Filling up the DagBag from /home/airflow/.local/lib/python3.8/site-packages/airflow/example_dags/example_dag_decorator.py
[2023-11-03T00:07:24.670+0000] {processor.py:839} INFO - DAG(s) dict_keys(['example_dag_decorator']) retrieved from /home/airflow/.local/lib/python3.8/site-packages/airflow/example_dags/example_dag_decorator.py
[2023-11-03T00:07:24.909+0000] {logging_mixin.py:151} INFO - [2023-11-03T00:07:24.909+0000] {dag.py:2941} INFO - Sync 1 DAGs
[2023-11-03T00:07:24.920+0000] {logging_mixin.py:151} INFO - [2023-11-03T00:07:24.919+0000] {dag.py:3722} INFO - Setting next_dagrun for example_dag_decorator to None, run_after=None
[2023-11-03T00:07:24.946+0000] {processor.py:179} INFO - Processing /home/airflow/.local/lib/python3.8/site-packages/airflow/example_dags/example_dag_decorator.py took 0.347 seconds
[2023-11-03T00:07:54.984+0000] {processor.py:157} INFO - Started process (PID=2079) to work on /home/airflow/.local/lib/python3.8/site-packages/airflow/example_dags/example_dag_decorator.py
[2023-11-03T00:07:54.985+0000] {processor.py:829} INFO - Processing file /home/airflow/.local/lib/python3.8/site-packages/airflow/example_dags/example_dag_decorator.py for tasks to queue
[2023-11-03T00:07:54.988+0000] {logging_mixin.py:151} INFO - [2023-11-03T00:07:54.987+0000] {dagbag.py:536} INFO - Filling up the DagBag from /home/airflow/.local/lib/python3.8/site-packages/airflow/example_dags/example_dag_decorator.py
[2023-11-03T00:07:55.051+0000] {processor.py:839} INFO - DAG(s) dict_keys(['example_dag_decorator']) retrieved from /home/airflow/.local/lib/python3.8/site-packages/airflow/example_dags/example_dag_decorator.py
[2023-11-03T00:07:55.292+0000] {logging_mixin.py:151} INFO - [2023-11-03T00:07:55.292+0000] {dag.py:2941} INFO - Sync 1 DAGs
[2023-11-03T00:07:55.302+0000] {logging_mixin.py:151} INFO - [2023-11-03T00:07:55.301+0000] {dag.py:3722} INFO - Setting next_dagrun for example_dag_decorator to None, run_after=None
[2023-11-03T00:07:55.327+0000] {processor.py:179} INFO - Processing /home/airflow/.local/lib/python3.8/site-packages/airflow/example_dags/example_dag_decorator.py took 0.345 seconds
[2023-11-03T00:08:25.682+0000] {processor.py:157} INFO - Started process (PID=2133) to work on /home/airflow/.local/lib/python3.8/site-packages/airflow/example_dags/example_dag_decorator.py
[2023-11-03T00:08:25.684+0000] {processor.py:829} INFO - Processing file /home/airflow/.local/lib/python3.8/site-packages/airflow/example_dags/example_dag_decorator.py for tasks to queue
[2023-11-03T00:08:25.686+0000] {logging_mixin.py:151} INFO - [2023-11-03T00:08:25.685+0000] {dagbag.py:536} INFO - Filling up the DagBag from /home/airflow/.local/lib/python3.8/site-packages/airflow/example_dags/example_dag_decorator.py
[2023-11-03T00:08:25.766+0000] {processor.py:839} INFO - DAG(s) dict_keys(['example_dag_decorator']) retrieved from /home/airflow/.local/lib/python3.8/site-packages/airflow/example_dags/example_dag_decorator.py
[2023-11-03T00:08:26.049+0000] {logging_mixin.py:151} INFO - [2023-11-03T00:08:26.048+0000] {dag.py:2941} INFO - Sync 1 DAGs
[2023-11-03T00:08:26.063+0000] {logging_mixin.py:151} INFO - [2023-11-03T00:08:26.063+0000] {dag.py:3722} INFO - Setting next_dagrun for example_dag_decorator to None, run_after=None
[2023-11-03T00:08:26.094+0000] {processor.py:179} INFO - Processing /home/airflow/.local/lib/python3.8/site-packages/airflow/example_dags/example_dag_decorator.py took 0.416 seconds
[2023-11-03T00:08:56.674+0000] {processor.py:157} INFO - Started process (PID=2187) to work on /home/airflow/.local/lib/python3.8/site-packages/airflow/example_dags/example_dag_decorator.py
[2023-11-03T00:08:56.675+0000] {processor.py:829} INFO - Processing file /home/airflow/.local/lib/python3.8/site-packages/airflow/example_dags/example_dag_decorator.py for tasks to queue
[2023-11-03T00:08:56.677+0000] {logging_mixin.py:151} INFO - [2023-11-03T00:08:56.677+0000] {dagbag.py:536} INFO - Filling up the DagBag from /home/airflow/.local/lib/python3.8/site-packages/airflow/example_dags/example_dag_decorator.py
[2023-11-03T00:08:56.752+0000] {processor.py:839} INFO - DAG(s) dict_keys(['example_dag_decorator']) retrieved from /home/airflow/.local/lib/python3.8/site-packages/airflow/example_dags/example_dag_decorator.py
[2023-11-03T00:08:57.012+0000] {logging_mixin.py:151} INFO - [2023-11-03T00:08:57.011+0000] {dag.py:2941} INFO - Sync 1 DAGs
[2023-11-03T00:08:57.023+0000] {logging_mixin.py:151} INFO - [2023-11-03T00:08:57.022+0000] {dag.py:3722} INFO - Setting next_dagrun for example_dag_decorator to None, run_after=None
[2023-11-03T00:08:57.052+0000] {processor.py:179} INFO - Processing /home/airflow/.local/lib/python3.8/site-packages/airflow/example_dags/example_dag_decorator.py took 0.381 seconds
[2023-11-03T00:09:27.256+0000] {processor.py:157} INFO - Started process (PID=2241) to work on /home/airflow/.local/lib/python3.8/site-packages/airflow/example_dags/example_dag_decorator.py
[2023-11-03T00:09:27.257+0000] {processor.py:829} INFO - Processing file /home/airflow/.local/lib/python3.8/site-packages/airflow/example_dags/example_dag_decorator.py for tasks to queue
[2023-11-03T00:09:27.259+0000] {logging_mixin.py:151} INFO - [2023-11-03T00:09:27.259+0000] {dagbag.py:536} INFO - Filling up the DagBag from /home/airflow/.local/lib/python3.8/site-packages/airflow/example_dags/example_dag_decorator.py
[2023-11-03T00:09:27.529+0000] {processor.py:839} INFO - DAG(s) dict_keys(['example_dag_decorator']) retrieved from /home/airflow/.local/lib/python3.8/site-packages/airflow/example_dags/example_dag_decorator.py
[2023-11-03T00:09:27.655+0000] {logging_mixin.py:151} INFO - [2023-11-03T00:09:27.655+0000] {dag.py:2941} INFO - Sync 1 DAGs
[2023-11-03T00:09:27.667+0000] {logging_mixin.py:151} INFO - [2023-11-03T00:09:27.667+0000] {dag.py:3722} INFO - Setting next_dagrun for example_dag_decorator to None, run_after=None
[2023-11-03T00:09:27.696+0000] {processor.py:179} INFO - Processing /home/airflow/.local/lib/python3.8/site-packages/airflow/example_dags/example_dag_decorator.py took 0.444 seconds
[2023-11-03T00:09:58.254+0000] {processor.py:157} INFO - Started process (PID=2295) to work on /home/airflow/.local/lib/python3.8/site-packages/airflow/example_dags/example_dag_decorator.py
[2023-11-03T00:09:58.256+0000] {processor.py:829} INFO - Processing file /home/airflow/.local/lib/python3.8/site-packages/airflow/example_dags/example_dag_decorator.py for tasks to queue
[2023-11-03T00:09:58.258+0000] {logging_mixin.py:151} INFO - [2023-11-03T00:09:58.258+0000] {dagbag.py:536} INFO - Filling up the DagBag from /home/airflow/.local/lib/python3.8/site-packages/airflow/example_dags/example_dag_decorator.py
[2023-11-03T00:09:58.367+0000] {processor.py:839} INFO - DAG(s) dict_keys(['example_dag_decorator']) retrieved from /home/airflow/.local/lib/python3.8/site-packages/airflow/example_dags/example_dag_decorator.py
[2023-11-03T00:09:58.717+0000] {logging_mixin.py:151} INFO - [2023-11-03T00:09:58.716+0000] {dag.py:2941} INFO - Sync 1 DAGs
[2023-11-03T00:09:58.732+0000] {logging_mixin.py:151} INFO - [2023-11-03T00:09:58.731+0000] {dag.py:3722} INFO - Setting next_dagrun for example_dag_decorator to None, run_after=None
[2023-11-03T00:09:58.771+0000] {processor.py:179} INFO - Processing /home/airflow/.local/lib/python3.8/site-packages/airflow/example_dags/example_dag_decorator.py took 0.522 seconds
[2023-11-03T00:10:29.512+0000] {processor.py:157} INFO - Started process (PID=2349) to work on /home/airflow/.local/lib/python3.8/site-packages/airflow/example_dags/example_dag_decorator.py
[2023-11-03T00:10:29.514+0000] {processor.py:829} INFO - Processing file /home/airflow/.local/lib/python3.8/site-packages/airflow/example_dags/example_dag_decorator.py for tasks to queue
[2023-11-03T00:10:29.517+0000] {logging_mixin.py:151} INFO - [2023-11-03T00:10:29.516+0000] {dagbag.py:536} INFO - Filling up the DagBag from /home/airflow/.local/lib/python3.8/site-packages/airflow/example_dags/example_dag_decorator.py
[2023-11-03T00:10:29.597+0000] {processor.py:839} INFO - DAG(s) dict_keys(['example_dag_decorator']) retrieved from /home/airflow/.local/lib/python3.8/site-packages/airflow/example_dags/example_dag_decorator.py
[2023-11-03T00:10:29.975+0000] {logging_mixin.py:151} INFO - [2023-11-03T00:10:29.975+0000] {dag.py:2941} INFO - Sync 1 DAGs
[2023-11-03T00:10:29.988+0000] {logging_mixin.py:151} INFO - [2023-11-03T00:10:29.987+0000] {dag.py:3722} INFO - Setting next_dagrun for example_dag_decorator to None, run_after=None
[2023-11-03T00:10:30.019+0000] {processor.py:179} INFO - Processing /home/airflow/.local/lib/python3.8/site-packages/airflow/example_dags/example_dag_decorator.py took 0.511 seconds
[2023-11-03T00:11:00.611+0000] {processor.py:157} INFO - Started process (PID=2403) to work on /home/airflow/.local/lib/python3.8/site-packages/airflow/example_dags/example_dag_decorator.py
[2023-11-03T00:11:00.613+0000] {processor.py:829} INFO - Processing file /home/airflow/.local/lib/python3.8/site-packages/airflow/example_dags/example_dag_decorator.py for tasks to queue
[2023-11-03T00:11:00.615+0000] {logging_mixin.py:151} INFO - [2023-11-03T00:11:00.615+0000] {dagbag.py:536} INFO - Filling up the DagBag from /home/airflow/.local/lib/python3.8/site-packages/airflow/example_dags/example_dag_decorator.py
[2023-11-03T00:11:00.927+0000] {processor.py:839} INFO - DAG(s) dict_keys(['example_dag_decorator']) retrieved from /home/airflow/.local/lib/python3.8/site-packages/airflow/example_dags/example_dag_decorator.py
[2023-11-03T00:11:01.093+0000] {logging_mixin.py:151} INFO - [2023-11-03T00:11:01.093+0000] {dag.py:2941} INFO - Sync 1 DAGs
[2023-11-03T00:11:01.113+0000] {logging_mixin.py:151} INFO - [2023-11-03T00:11:01.113+0000] {dag.py:3722} INFO - Setting next_dagrun for example_dag_decorator to None, run_after=None
[2023-11-03T00:11:01.151+0000] {processor.py:179} INFO - Processing /home/airflow/.local/lib/python3.8/site-packages/airflow/example_dags/example_dag_decorator.py took 0.544 seconds
[2023-11-03T00:11:31.823+0000] {processor.py:157} INFO - Started process (PID=2457) to work on /home/airflow/.local/lib/python3.8/site-packages/airflow/example_dags/example_dag_decorator.py
[2023-11-03T00:11:31.824+0000] {processor.py:829} INFO - Processing file /home/airflow/.local/lib/python3.8/site-packages/airflow/example_dags/example_dag_decorator.py for tasks to queue
[2023-11-03T00:11:31.827+0000] {logging_mixin.py:151} INFO - [2023-11-03T00:11:31.826+0000] {dagbag.py:536} INFO - Filling up the DagBag from /home/airflow/.local/lib/python3.8/site-packages/airflow/example_dags/example_dag_decorator.py
[2023-11-03T00:11:32.073+0000] {processor.py:839} INFO - DAG(s) dict_keys(['example_dag_decorator']) retrieved from /home/airflow/.local/lib/python3.8/site-packages/airflow/example_dags/example_dag_decorator.py
[2023-11-03T00:11:32.209+0000] {logging_mixin.py:151} INFO - [2023-11-03T00:11:32.209+0000] {dag.py:2941} INFO - Sync 1 DAGs
[2023-11-03T00:11:32.225+0000] {logging_mixin.py:151} INFO - [2023-11-03T00:11:32.224+0000] {dag.py:3722} INFO - Setting next_dagrun for example_dag_decorator to None, run_after=None
[2023-11-03T00:11:32.258+0000] {processor.py:179} INFO - Processing /home/airflow/.local/lib/python3.8/site-packages/airflow/example_dags/example_dag_decorator.py took 0.438 seconds
[2023-11-03T00:12:02.518+0000] {processor.py:157} INFO - Started process (PID=2511) to work on /home/airflow/.local/lib/python3.8/site-packages/airflow/example_dags/example_dag_decorator.py
[2023-11-03T00:12:02.519+0000] {processor.py:829} INFO - Processing file /home/airflow/.local/lib/python3.8/site-packages/airflow/example_dags/example_dag_decorator.py for tasks to queue
[2023-11-03T00:12:02.521+0000] {logging_mixin.py:151} INFO - [2023-11-03T00:12:02.521+0000] {dagbag.py:536} INFO - Filling up the DagBag from /home/airflow/.local/lib/python3.8/site-packages/airflow/example_dags/example_dag_decorator.py
[2023-11-03T00:12:02.588+0000] {processor.py:839} INFO - DAG(s) dict_keys(['example_dag_decorator']) retrieved from /home/airflow/.local/lib/python3.8/site-packages/airflow/example_dags/example_dag_decorator.py
[2023-11-03T00:12:02.845+0000] {logging_mixin.py:151} INFO - [2023-11-03T00:12:02.845+0000] {dag.py:2941} INFO - Sync 1 DAGs
[2023-11-03T00:12:02.855+0000] {logging_mixin.py:151} INFO - [2023-11-03T00:12:02.855+0000] {dag.py:3722} INFO - Setting next_dagrun for example_dag_decorator to None, run_after=None
[2023-11-03T00:12:02.882+0000] {processor.py:179} INFO - Processing /home/airflow/.local/lib/python3.8/site-packages/airflow/example_dags/example_dag_decorator.py took 0.368 seconds
[2023-11-03T00:12:33.592+0000] {processor.py:157} INFO - Started process (PID=2566) to work on /home/airflow/.local/lib/python3.8/site-packages/airflow/example_dags/example_dag_decorator.py
[2023-11-03T00:12:33.593+0000] {processor.py:829} INFO - Processing file /home/airflow/.local/lib/python3.8/site-packages/airflow/example_dags/example_dag_decorator.py for tasks to queue
[2023-11-03T00:12:33.595+0000] {logging_mixin.py:151} INFO - [2023-11-03T00:12:33.595+0000] {dagbag.py:536} INFO - Filling up the DagBag from /home/airflow/.local/lib/python3.8/site-packages/airflow/example_dags/example_dag_decorator.py
[2023-11-03T00:12:33.864+0000] {processor.py:839} INFO - DAG(s) dict_keys(['example_dag_decorator']) retrieved from /home/airflow/.local/lib/python3.8/site-packages/airflow/example_dags/example_dag_decorator.py
[2023-11-03T00:12:34.011+0000] {logging_mixin.py:151} INFO - [2023-11-03T00:12:34.011+0000] {dag.py:2941} INFO - Sync 1 DAGs
[2023-11-03T00:12:34.024+0000] {logging_mixin.py:151} INFO - [2023-11-03T00:12:34.023+0000] {dag.py:3722} INFO - Setting next_dagrun for example_dag_decorator to None, run_after=None
[2023-11-03T00:12:34.057+0000] {processor.py:179} INFO - Processing /home/airflow/.local/lib/python3.8/site-packages/airflow/example_dags/example_dag_decorator.py took 0.471 seconds
[2023-11-03T00:13:04.104+0000] {processor.py:157} INFO - Started process (PID=2620) to work on /home/airflow/.local/lib/python3.8/site-packages/airflow/example_dags/example_dag_decorator.py
[2023-11-03T00:13:04.106+0000] {processor.py:829} INFO - Processing file /home/airflow/.local/lib/python3.8/site-packages/airflow/example_dags/example_dag_decorator.py for tasks to queue
[2023-11-03T00:13:04.108+0000] {logging_mixin.py:151} INFO - [2023-11-03T00:13:04.108+0000] {dagbag.py:536} INFO - Filling up the DagBag from /home/airflow/.local/lib/python3.8/site-packages/airflow/example_dags/example_dag_decorator.py
[2023-11-03T00:13:04.347+0000] {processor.py:839} INFO - DAG(s) dict_keys(['example_dag_decorator']) retrieved from /home/airflow/.local/lib/python3.8/site-packages/airflow/example_dags/example_dag_decorator.py
[2023-11-03T00:13:04.465+0000] {logging_mixin.py:151} INFO - [2023-11-03T00:13:04.464+0000] {dag.py:2941} INFO - Sync 1 DAGs
[2023-11-03T00:13:04.477+0000] {logging_mixin.py:151} INFO - [2023-11-03T00:13:04.476+0000] {dag.py:3722} INFO - Setting next_dagrun for example_dag_decorator to None, run_after=None
[2023-11-03T00:13:04.509+0000] {processor.py:179} INFO - Processing /home/airflow/.local/lib/python3.8/site-packages/airflow/example_dags/example_dag_decorator.py took 0.408 seconds
[2023-11-03T00:13:34.565+0000] {processor.py:157} INFO - Started process (PID=2674) to work on /home/airflow/.local/lib/python3.8/site-packages/airflow/example_dags/example_dag_decorator.py
[2023-11-03T00:13:34.566+0000] {processor.py:829} INFO - Processing file /home/airflow/.local/lib/python3.8/site-packages/airflow/example_dags/example_dag_decorator.py for tasks to queue
[2023-11-03T00:13:34.568+0000] {logging_mixin.py:151} INFO - [2023-11-03T00:13:34.568+0000] {dagbag.py:536} INFO - Filling up the DagBag from /home/airflow/.local/lib/python3.8/site-packages/airflow/example_dags/example_dag_decorator.py
[2023-11-03T00:13:34.658+0000] {processor.py:839} INFO - DAG(s) dict_keys(['example_dag_decorator']) retrieved from /home/airflow/.local/lib/python3.8/site-packages/airflow/example_dags/example_dag_decorator.py
[2023-11-03T00:13:34.805+0000] {logging_mixin.py:151} INFO - [2023-11-03T00:13:34.805+0000] {dag.py:2941} INFO - Sync 1 DAGs
[2023-11-03T00:13:34.819+0000] {logging_mixin.py:151} INFO - [2023-11-03T00:13:34.818+0000] {dag.py:3722} INFO - Setting next_dagrun for example_dag_decorator to None, run_after=None
[2023-11-03T00:13:34.847+0000] {processor.py:179} INFO - Processing /home/airflow/.local/lib/python3.8/site-packages/airflow/example_dags/example_dag_decorator.py took 0.287 seconds
[2023-11-03T00:14:05.534+0000] {processor.py:157} INFO - Started process (PID=2728) to work on /home/airflow/.local/lib/python3.8/site-packages/airflow/example_dags/example_dag_decorator.py
[2023-11-03T00:14:05.536+0000] {processor.py:829} INFO - Processing file /home/airflow/.local/lib/python3.8/site-packages/airflow/example_dags/example_dag_decorator.py for tasks to queue
[2023-11-03T00:14:05.539+0000] {logging_mixin.py:151} INFO - [2023-11-03T00:14:05.538+0000] {dagbag.py:536} INFO - Filling up the DagBag from /home/airflow/.local/lib/python3.8/site-packages/airflow/example_dags/example_dag_decorator.py
[2023-11-03T00:14:05.624+0000] {processor.py:839} INFO - DAG(s) dict_keys(['example_dag_decorator']) retrieved from /home/airflow/.local/lib/python3.8/site-packages/airflow/example_dags/example_dag_decorator.py
[2023-11-03T00:14:05.756+0000] {logging_mixin.py:151} INFO - [2023-11-03T00:14:05.756+0000] {dag.py:2941} INFO - Sync 1 DAGs
[2023-11-03T00:14:05.773+0000] {logging_mixin.py:151} INFO - [2023-11-03T00:14:05.772+0000] {dag.py:3722} INFO - Setting next_dagrun for example_dag_decorator to None, run_after=None
[2023-11-03T00:14:05.813+0000] {processor.py:179} INFO - Processing /home/airflow/.local/lib/python3.8/site-packages/airflow/example_dags/example_dag_decorator.py took 0.282 seconds
[2023-11-03T00:14:36.604+0000] {processor.py:157} INFO - Started process (PID=2782) to work on /home/airflow/.local/lib/python3.8/site-packages/airflow/example_dags/example_dag_decorator.py
[2023-11-03T00:14:36.605+0000] {processor.py:829} INFO - Processing file /home/airflow/.local/lib/python3.8/site-packages/airflow/example_dags/example_dag_decorator.py for tasks to queue
[2023-11-03T00:14:36.607+0000] {logging_mixin.py:151} INFO - [2023-11-03T00:14:36.607+0000] {dagbag.py:536} INFO - Filling up the DagBag from /home/airflow/.local/lib/python3.8/site-packages/airflow/example_dags/example_dag_decorator.py
[2023-11-03T00:14:36.702+0000] {processor.py:839} INFO - DAG(s) dict_keys(['example_dag_decorator']) retrieved from /home/airflow/.local/lib/python3.8/site-packages/airflow/example_dags/example_dag_decorator.py
[2023-11-03T00:14:36.735+0000] {logging_mixin.py:151} INFO - [2023-11-03T00:14:36.735+0000] {dag.py:2941} INFO - Sync 1 DAGs
[2023-11-03T00:14:36.753+0000] {logging_mixin.py:151} INFO - [2023-11-03T00:14:36.752+0000] {dag.py:3722} INFO - Setting next_dagrun for example_dag_decorator to None, run_after=None
[2023-11-03T00:14:36.786+0000] {processor.py:179} INFO - Processing /home/airflow/.local/lib/python3.8/site-packages/airflow/example_dags/example_dag_decorator.py took 0.185 seconds
[2023-11-03T00:15:07.113+0000] {processor.py:157} INFO - Started process (PID=2836) to work on /home/airflow/.local/lib/python3.8/site-packages/airflow/example_dags/example_dag_decorator.py
[2023-11-03T00:15:07.115+0000] {processor.py:829} INFO - Processing file /home/airflow/.local/lib/python3.8/site-packages/airflow/example_dags/example_dag_decorator.py for tasks to queue
[2023-11-03T00:15:07.117+0000] {logging_mixin.py:151} INFO - [2023-11-03T00:15:07.117+0000] {dagbag.py:536} INFO - Filling up the DagBag from /home/airflow/.local/lib/python3.8/site-packages/airflow/example_dags/example_dag_decorator.py
[2023-11-03T00:15:07.192+0000] {processor.py:839} INFO - DAG(s) dict_keys(['example_dag_decorator']) retrieved from /home/airflow/.local/lib/python3.8/site-packages/airflow/example_dags/example_dag_decorator.py
[2023-11-03T00:15:07.334+0000] {logging_mixin.py:151} INFO - [2023-11-03T00:15:07.334+0000] {dag.py:2941} INFO - Sync 1 DAGs
[2023-11-03T00:15:07.351+0000] {logging_mixin.py:151} INFO - [2023-11-03T00:15:07.350+0000] {dag.py:3722} INFO - Setting next_dagrun for example_dag_decorator to None, run_after=None
[2023-11-03T00:15:07.392+0000] {processor.py:179} INFO - Processing /home/airflow/.local/lib/python3.8/site-packages/airflow/example_dags/example_dag_decorator.py took 0.282 seconds
[2023-11-03T00:15:37.435+0000] {processor.py:157} INFO - Started process (PID=2890) to work on /home/airflow/.local/lib/python3.8/site-packages/airflow/example_dags/example_dag_decorator.py
[2023-11-03T00:15:37.435+0000] {processor.py:829} INFO - Processing file /home/airflow/.local/lib/python3.8/site-packages/airflow/example_dags/example_dag_decorator.py for tasks to queue
[2023-11-03T00:15:37.437+0000] {logging_mixin.py:151} INFO - [2023-11-03T00:15:37.437+0000] {dagbag.py:536} INFO - Filling up the DagBag from /home/airflow/.local/lib/python3.8/site-packages/airflow/example_dags/example_dag_decorator.py
[2023-11-03T00:15:37.505+0000] {processor.py:839} INFO - DAG(s) dict_keys(['example_dag_decorator']) retrieved from /home/airflow/.local/lib/python3.8/site-packages/airflow/example_dags/example_dag_decorator.py
[2023-11-03T00:15:37.532+0000] {logging_mixin.py:151} INFO - [2023-11-03T00:15:37.532+0000] {dag.py:2941} INFO - Sync 1 DAGs
[2023-11-03T00:15:37.545+0000] {logging_mixin.py:151} INFO - [2023-11-03T00:15:37.544+0000] {dag.py:3722} INFO - Setting next_dagrun for example_dag_decorator to None, run_after=None
[2023-11-03T00:15:37.579+0000] {processor.py:179} INFO - Processing /home/airflow/.local/lib/python3.8/site-packages/airflow/example_dags/example_dag_decorator.py took 0.147 seconds
[2023-11-03T00:16:07.620+0000] {processor.py:157} INFO - Started process (PID=2944) to work on /home/airflow/.local/lib/python3.8/site-packages/airflow/example_dags/example_dag_decorator.py
[2023-11-03T00:16:07.621+0000] {processor.py:829} INFO - Processing file /home/airflow/.local/lib/python3.8/site-packages/airflow/example_dags/example_dag_decorator.py for tasks to queue
[2023-11-03T00:16:07.623+0000] {logging_mixin.py:151} INFO - [2023-11-03T00:16:07.623+0000] {dagbag.py:536} INFO - Filling up the DagBag from /home/airflow/.local/lib/python3.8/site-packages/airflow/example_dags/example_dag_decorator.py
[2023-11-03T00:16:07.685+0000] {processor.py:839} INFO - DAG(s) dict_keys(['example_dag_decorator']) retrieved from /home/airflow/.local/lib/python3.8/site-packages/airflow/example_dags/example_dag_decorator.py
[2023-11-03T00:16:07.717+0000] {logging_mixin.py:151} INFO - [2023-11-03T00:16:07.717+0000] {dag.py:2941} INFO - Sync 1 DAGs
[2023-11-03T00:16:07.731+0000] {logging_mixin.py:151} INFO - [2023-11-03T00:16:07.731+0000] {dag.py:3722} INFO - Setting next_dagrun for example_dag_decorator to None, run_after=None
[2023-11-03T00:16:07.758+0000] {processor.py:179} INFO - Processing /home/airflow/.local/lib/python3.8/site-packages/airflow/example_dags/example_dag_decorator.py took 0.141 seconds
[2023-11-03T00:16:37.905+0000] {processor.py:157} INFO - Started process (PID=2998) to work on /home/airflow/.local/lib/python3.8/site-packages/airflow/example_dags/example_dag_decorator.py
[2023-11-03T00:16:37.906+0000] {processor.py:829} INFO - Processing file /home/airflow/.local/lib/python3.8/site-packages/airflow/example_dags/example_dag_decorator.py for tasks to queue
[2023-11-03T00:16:37.908+0000] {logging_mixin.py:151} INFO - [2023-11-03T00:16:37.908+0000] {dagbag.py:536} INFO - Filling up the DagBag from /home/airflow/.local/lib/python3.8/site-packages/airflow/example_dags/example_dag_decorator.py
[2023-11-03T00:16:37.974+0000] {processor.py:839} INFO - DAG(s) dict_keys(['example_dag_decorator']) retrieved from /home/airflow/.local/lib/python3.8/site-packages/airflow/example_dags/example_dag_decorator.py
[2023-11-03T00:16:38.079+0000] {logging_mixin.py:151} INFO - [2023-11-03T00:16:38.078+0000] {dag.py:2941} INFO - Sync 1 DAGs
[2023-11-03T00:16:38.089+0000] {logging_mixin.py:151} INFO - [2023-11-03T00:16:38.089+0000] {dag.py:3722} INFO - Setting next_dagrun for example_dag_decorator to None, run_after=None
[2023-11-03T00:16:38.115+0000] {processor.py:179} INFO - Processing /home/airflow/.local/lib/python3.8/site-packages/airflow/example_dags/example_dag_decorator.py took 0.213 seconds
[2023-11-03T00:17:08.905+0000] {processor.py:157} INFO - Started process (PID=3052) to work on /home/airflow/.local/lib/python3.8/site-packages/airflow/example_dags/example_dag_decorator.py
[2023-11-03T00:17:08.907+0000] {processor.py:829} INFO - Processing file /home/airflow/.local/lib/python3.8/site-packages/airflow/example_dags/example_dag_decorator.py for tasks to queue
[2023-11-03T00:17:08.909+0000] {logging_mixin.py:151} INFO - [2023-11-03T00:17:08.908+0000] {dagbag.py:536} INFO - Filling up the DagBag from /home/airflow/.local/lib/python3.8/site-packages/airflow/example_dags/example_dag_decorator.py
[2023-11-03T00:17:08.971+0000] {processor.py:839} INFO - DAG(s) dict_keys(['example_dag_decorator']) retrieved from /home/airflow/.local/lib/python3.8/site-packages/airflow/example_dags/example_dag_decorator.py
[2023-11-03T00:17:09.083+0000] {logging_mixin.py:151} INFO - [2023-11-03T00:17:09.083+0000] {dag.py:2941} INFO - Sync 1 DAGs
[2023-11-03T00:17:09.094+0000] {logging_mixin.py:151} INFO - [2023-11-03T00:17:09.094+0000] {dag.py:3722} INFO - Setting next_dagrun for example_dag_decorator to None, run_after=None
[2023-11-03T00:17:09.116+0000] {processor.py:179} INFO - Processing /home/airflow/.local/lib/python3.8/site-packages/airflow/example_dags/example_dag_decorator.py took 0.214 seconds
[2023-11-03T00:17:39.150+0000] {processor.py:157} INFO - Started process (PID=3106) to work on /home/airflow/.local/lib/python3.8/site-packages/airflow/example_dags/example_dag_decorator.py
[2023-11-03T00:17:39.151+0000] {processor.py:829} INFO - Processing file /home/airflow/.local/lib/python3.8/site-packages/airflow/example_dags/example_dag_decorator.py for tasks to queue
[2023-11-03T00:17:39.153+0000] {logging_mixin.py:151} INFO - [2023-11-03T00:17:39.152+0000] {dagbag.py:536} INFO - Filling up the DagBag from /home/airflow/.local/lib/python3.8/site-packages/airflow/example_dags/example_dag_decorator.py
[2023-11-03T00:17:39.232+0000] {processor.py:839} INFO - DAG(s) dict_keys(['example_dag_decorator']) retrieved from /home/airflow/.local/lib/python3.8/site-packages/airflow/example_dags/example_dag_decorator.py
[2023-11-03T00:17:39.353+0000] {logging_mixin.py:151} INFO - [2023-11-03T00:17:39.353+0000] {dag.py:2941} INFO - Sync 1 DAGs
[2023-11-03T00:17:39.366+0000] {logging_mixin.py:151} INFO - [2023-11-03T00:17:39.366+0000] {dag.py:3722} INFO - Setting next_dagrun for example_dag_decorator to None, run_after=None
[2023-11-03T00:17:39.399+0000] {processor.py:179} INFO - Processing /home/airflow/.local/lib/python3.8/site-packages/airflow/example_dags/example_dag_decorator.py took 0.254 seconds
[2023-11-03T00:18:10.391+0000] {processor.py:157} INFO - Started process (PID=3160) to work on /home/airflow/.local/lib/python3.8/site-packages/airflow/example_dags/example_dag_decorator.py
[2023-11-03T00:18:10.393+0000] {processor.py:829} INFO - Processing file /home/airflow/.local/lib/python3.8/site-packages/airflow/example_dags/example_dag_decorator.py for tasks to queue
[2023-11-03T00:18:10.396+0000] {logging_mixin.py:151} INFO - [2023-11-03T00:18:10.396+0000] {dagbag.py:536} INFO - Filling up the DagBag from /home/airflow/.local/lib/python3.8/site-packages/airflow/example_dags/example_dag_decorator.py
[2023-11-03T00:18:10.477+0000] {processor.py:839} INFO - DAG(s) dict_keys(['example_dag_decorator']) retrieved from /home/airflow/.local/lib/python3.8/site-packages/airflow/example_dags/example_dag_decorator.py
[2023-11-03T00:18:10.639+0000] {logging_mixin.py:151} INFO - [2023-11-03T00:18:10.639+0000] {dag.py:2941} INFO - Sync 1 DAGs
[2023-11-03T00:18:10.652+0000] {logging_mixin.py:151} INFO - [2023-11-03T00:18:10.652+0000] {dag.py:3722} INFO - Setting next_dagrun for example_dag_decorator to None, run_after=None
[2023-11-03T00:18:10.691+0000] {processor.py:179} INFO - Processing /home/airflow/.local/lib/python3.8/site-packages/airflow/example_dags/example_dag_decorator.py took 0.303 seconds
[2023-11-03T00:18:41.629+0000] {processor.py:157} INFO - Started process (PID=3214) to work on /home/airflow/.local/lib/python3.8/site-packages/airflow/example_dags/example_dag_decorator.py
[2023-11-03T00:18:41.631+0000] {processor.py:829} INFO - Processing file /home/airflow/.local/lib/python3.8/site-packages/airflow/example_dags/example_dag_decorator.py for tasks to queue
[2023-11-03T00:18:41.636+0000] {logging_mixin.py:151} INFO - [2023-11-03T00:18:41.636+0000] {dagbag.py:536} INFO - Filling up the DagBag from /home/airflow/.local/lib/python3.8/site-packages/airflow/example_dags/example_dag_decorator.py
[2023-11-03T00:18:41.720+0000] {processor.py:839} INFO - DAG(s) dict_keys(['example_dag_decorator']) retrieved from /home/airflow/.local/lib/python3.8/site-packages/airflow/example_dags/example_dag_decorator.py
[2023-11-03T00:18:41.860+0000] {logging_mixin.py:151} INFO - [2023-11-03T00:18:41.860+0000] {dag.py:2941} INFO - Sync 1 DAGs
[2023-11-03T00:18:41.874+0000] {logging_mixin.py:151} INFO - [2023-11-03T00:18:41.874+0000] {dag.py:3722} INFO - Setting next_dagrun for example_dag_decorator to None, run_after=None
[2023-11-03T00:18:41.911+0000] {processor.py:179} INFO - Processing /home/airflow/.local/lib/python3.8/site-packages/airflow/example_dags/example_dag_decorator.py took 0.286 seconds
[2023-11-03T00:19:12.224+0000] {processor.py:157} INFO - Started process (PID=3268) to work on /home/airflow/.local/lib/python3.8/site-packages/airflow/example_dags/example_dag_decorator.py
[2023-11-03T00:19:12.226+0000] {processor.py:829} INFO - Processing file /home/airflow/.local/lib/python3.8/site-packages/airflow/example_dags/example_dag_decorator.py for tasks to queue
[2023-11-03T00:19:12.234+0000] {logging_mixin.py:151} INFO - [2023-11-03T00:19:12.233+0000] {dagbag.py:536} INFO - Filling up the DagBag from /home/airflow/.local/lib/python3.8/site-packages/airflow/example_dags/example_dag_decorator.py
[2023-11-03T00:19:12.316+0000] {processor.py:839} INFO - DAG(s) dict_keys(['example_dag_decorator']) retrieved from /home/airflow/.local/lib/python3.8/site-packages/airflow/example_dags/example_dag_decorator.py
[2023-11-03T00:19:12.443+0000] {logging_mixin.py:151} INFO - [2023-11-03T00:19:12.442+0000] {dag.py:2941} INFO - Sync 1 DAGs
[2023-11-03T00:19:12.454+0000] {logging_mixin.py:151} INFO - [2023-11-03T00:19:12.454+0000] {dag.py:3722} INFO - Setting next_dagrun for example_dag_decorator to None, run_after=None
[2023-11-03T00:19:12.487+0000] {processor.py:179} INFO - Processing /home/airflow/.local/lib/python3.8/site-packages/airflow/example_dags/example_dag_decorator.py took 0.270 seconds
[2023-11-03T00:19:42.601+0000] {processor.py:157} INFO - Started process (PID=3322) to work on /home/airflow/.local/lib/python3.8/site-packages/airflow/example_dags/example_dag_decorator.py
[2023-11-03T00:19:42.602+0000] {processor.py:829} INFO - Processing file /home/airflow/.local/lib/python3.8/site-packages/airflow/example_dags/example_dag_decorator.py for tasks to queue
[2023-11-03T00:19:42.605+0000] {logging_mixin.py:151} INFO - [2023-11-03T00:19:42.604+0000] {dagbag.py:536} INFO - Filling up the DagBag from /home/airflow/.local/lib/python3.8/site-packages/airflow/example_dags/example_dag_decorator.py
[2023-11-03T00:19:42.671+0000] {processor.py:839} INFO - DAG(s) dict_keys(['example_dag_decorator']) retrieved from /home/airflow/.local/lib/python3.8/site-packages/airflow/example_dags/example_dag_decorator.py
[2023-11-03T00:19:42.787+0000] {logging_mixin.py:151} INFO - [2023-11-03T00:19:42.786+0000] {dag.py:2941} INFO - Sync 1 DAGs
[2023-11-03T00:19:42.798+0000] {logging_mixin.py:151} INFO - [2023-11-03T00:19:42.797+0000] {dag.py:3722} INFO - Setting next_dagrun for example_dag_decorator to None, run_after=None
[2023-11-03T00:19:42.824+0000] {processor.py:179} INFO - Processing /home/airflow/.local/lib/python3.8/site-packages/airflow/example_dags/example_dag_decorator.py took 0.227 seconds
[2023-11-03T00:20:13.800+0000] {processor.py:157} INFO - Started process (PID=3376) to work on /home/airflow/.local/lib/python3.8/site-packages/airflow/example_dags/example_dag_decorator.py
[2023-11-03T00:20:13.802+0000] {processor.py:829} INFO - Processing file /home/airflow/.local/lib/python3.8/site-packages/airflow/example_dags/example_dag_decorator.py for tasks to queue
[2023-11-03T00:20:13.804+0000] {logging_mixin.py:151} INFO - [2023-11-03T00:20:13.804+0000] {dagbag.py:536} INFO - Filling up the DagBag from /home/airflow/.local/lib/python3.8/site-packages/airflow/example_dags/example_dag_decorator.py
[2023-11-03T00:20:13.869+0000] {processor.py:839} INFO - DAG(s) dict_keys(['example_dag_decorator']) retrieved from /home/airflow/.local/lib/python3.8/site-packages/airflow/example_dags/example_dag_decorator.py
[2023-11-03T00:20:13.982+0000] {logging_mixin.py:151} INFO - [2023-11-03T00:20:13.982+0000] {dag.py:2941} INFO - Sync 1 DAGs
[2023-11-03T00:20:13.995+0000] {logging_mixin.py:151} INFO - [2023-11-03T00:20:13.994+0000] {dag.py:3722} INFO - Setting next_dagrun for example_dag_decorator to None, run_after=None
[2023-11-03T00:20:14.023+0000] {processor.py:179} INFO - Processing /home/airflow/.local/lib/python3.8/site-packages/airflow/example_dags/example_dag_decorator.py took 0.226 seconds
[2023-11-03T00:20:44.157+0000] {processor.py:157} INFO - Started process (PID=3430) to work on /home/airflow/.local/lib/python3.8/site-packages/airflow/example_dags/example_dag_decorator.py
[2023-11-03T00:20:44.159+0000] {processor.py:829} INFO - Processing file /home/airflow/.local/lib/python3.8/site-packages/airflow/example_dags/example_dag_decorator.py for tasks to queue
[2023-11-03T00:20:44.161+0000] {logging_mixin.py:151} INFO - [2023-11-03T00:20:44.161+0000] {dagbag.py:536} INFO - Filling up the DagBag from /home/airflow/.local/lib/python3.8/site-packages/airflow/example_dags/example_dag_decorator.py
[2023-11-03T00:20:44.226+0000] {processor.py:839} INFO - DAG(s) dict_keys(['example_dag_decorator']) retrieved from /home/airflow/.local/lib/python3.8/site-packages/airflow/example_dags/example_dag_decorator.py
[2023-11-03T00:20:44.338+0000] {logging_mixin.py:151} INFO - [2023-11-03T00:20:44.338+0000] {dag.py:2941} INFO - Sync 1 DAGs
[2023-11-03T00:20:44.349+0000] {logging_mixin.py:151} INFO - [2023-11-03T00:20:44.348+0000] {dag.py:3722} INFO - Setting next_dagrun for example_dag_decorator to None, run_after=None
[2023-11-03T00:20:44.376+0000] {processor.py:179} INFO - Processing /home/airflow/.local/lib/python3.8/site-packages/airflow/example_dags/example_dag_decorator.py took 0.221 seconds
[2023-11-03T00:21:14.403+0000] {processor.py:157} INFO - Started process (PID=3484) to work on /home/airflow/.local/lib/python3.8/site-packages/airflow/example_dags/example_dag_decorator.py
[2023-11-03T00:21:14.404+0000] {processor.py:829} INFO - Processing file /home/airflow/.local/lib/python3.8/site-packages/airflow/example_dags/example_dag_decorator.py for tasks to queue
[2023-11-03T00:21:14.406+0000] {logging_mixin.py:151} INFO - [2023-11-03T00:21:14.406+0000] {dagbag.py:536} INFO - Filling up the DagBag from /home/airflow/.local/lib/python3.8/site-packages/airflow/example_dags/example_dag_decorator.py
[2023-11-03T00:21:14.471+0000] {processor.py:839} INFO - DAG(s) dict_keys(['example_dag_decorator']) retrieved from /home/airflow/.local/lib/python3.8/site-packages/airflow/example_dags/example_dag_decorator.py
[2023-11-03T00:21:14.583+0000] {logging_mixin.py:151} INFO - [2023-11-03T00:21:14.583+0000] {dag.py:2941} INFO - Sync 1 DAGs
[2023-11-03T00:21:14.596+0000] {logging_mixin.py:151} INFO - [2023-11-03T00:21:14.596+0000] {dag.py:3722} INFO - Setting next_dagrun for example_dag_decorator to None, run_after=None
[2023-11-03T00:21:14.623+0000] {processor.py:179} INFO - Processing /home/airflow/.local/lib/python3.8/site-packages/airflow/example_dags/example_dag_decorator.py took 0.224 seconds
[2023-11-03T00:21:44.741+0000] {processor.py:157} INFO - Started process (PID=3538) to work on /home/airflow/.local/lib/python3.8/site-packages/airflow/example_dags/example_dag_decorator.py
[2023-11-03T00:21:44.742+0000] {processor.py:829} INFO - Processing file /home/airflow/.local/lib/python3.8/site-packages/airflow/example_dags/example_dag_decorator.py for tasks to queue
[2023-11-03T00:21:44.744+0000] {logging_mixin.py:151} INFO - [2023-11-03T00:21:44.744+0000] {dagbag.py:536} INFO - Filling up the DagBag from /home/airflow/.local/lib/python3.8/site-packages/airflow/example_dags/example_dag_decorator.py
[2023-11-03T00:21:44.809+0000] {processor.py:839} INFO - DAG(s) dict_keys(['example_dag_decorator']) retrieved from /home/airflow/.local/lib/python3.8/site-packages/airflow/example_dags/example_dag_decorator.py
[2023-11-03T00:21:44.922+0000] {logging_mixin.py:151} INFO - [2023-11-03T00:21:44.922+0000] {dag.py:2941} INFO - Sync 1 DAGs
[2023-11-03T00:21:44.934+0000] {logging_mixin.py:151} INFO - [2023-11-03T00:21:44.933+0000] {dag.py:3722} INFO - Setting next_dagrun for example_dag_decorator to None, run_after=None
[2023-11-03T00:21:44.964+0000] {processor.py:179} INFO - Processing /home/airflow/.local/lib/python3.8/site-packages/airflow/example_dags/example_dag_decorator.py took 0.225 seconds
[2023-11-03T00:22:15.142+0000] {processor.py:157} INFO - Started process (PID=3592) to work on /home/airflow/.local/lib/python3.8/site-packages/airflow/example_dags/example_dag_decorator.py
[2023-11-03T00:22:15.143+0000] {processor.py:829} INFO - Processing file /home/airflow/.local/lib/python3.8/site-packages/airflow/example_dags/example_dag_decorator.py for tasks to queue
[2023-11-03T00:22:15.146+0000] {logging_mixin.py:151} INFO - [2023-11-03T00:22:15.146+0000] {dagbag.py:536} INFO - Filling up the DagBag from /home/airflow/.local/lib/python3.8/site-packages/airflow/example_dags/example_dag_decorator.py
[2023-11-03T00:22:15.210+0000] {processor.py:839} INFO - DAG(s) dict_keys(['example_dag_decorator']) retrieved from /home/airflow/.local/lib/python3.8/site-packages/airflow/example_dags/example_dag_decorator.py
[2023-11-03T00:22:15.327+0000] {logging_mixin.py:151} INFO - [2023-11-03T00:22:15.326+0000] {dag.py:2941} INFO - Sync 1 DAGs
[2023-11-03T00:22:15.338+0000] {logging_mixin.py:151} INFO - [2023-11-03T00:22:15.337+0000] {dag.py:3722} INFO - Setting next_dagrun for example_dag_decorator to None, run_after=None
[2023-11-03T00:22:15.364+0000] {processor.py:179} INFO - Processing /home/airflow/.local/lib/python3.8/site-packages/airflow/example_dags/example_dag_decorator.py took 0.226 seconds
[2023-11-03T00:22:45.652+0000] {processor.py:157} INFO - Started process (PID=3646) to work on /home/airflow/.local/lib/python3.8/site-packages/airflow/example_dags/example_dag_decorator.py
[2023-11-03T00:22:45.653+0000] {processor.py:829} INFO - Processing file /home/airflow/.local/lib/python3.8/site-packages/airflow/example_dags/example_dag_decorator.py for tasks to queue
[2023-11-03T00:22:45.656+0000] {logging_mixin.py:151} INFO - [2023-11-03T00:22:45.656+0000] {dagbag.py:536} INFO - Filling up the DagBag from /home/airflow/.local/lib/python3.8/site-packages/airflow/example_dags/example_dag_decorator.py
[2023-11-03T00:22:45.730+0000] {processor.py:839} INFO - DAG(s) dict_keys(['example_dag_decorator']) retrieved from /home/airflow/.local/lib/python3.8/site-packages/airflow/example_dags/example_dag_decorator.py
[2023-11-03T00:22:45.854+0000] {logging_mixin.py:151} INFO - [2023-11-03T00:22:45.854+0000] {dag.py:2941} INFO - Sync 1 DAGs
[2023-11-03T00:22:45.866+0000] {logging_mixin.py:151} INFO - [2023-11-03T00:22:45.865+0000] {dag.py:3722} INFO - Setting next_dagrun for example_dag_decorator to None, run_after=None
[2023-11-03T00:22:45.896+0000] {processor.py:179} INFO - Processing /home/airflow/.local/lib/python3.8/site-packages/airflow/example_dags/example_dag_decorator.py took 0.248 seconds
[2023-11-03T00:23:16.083+0000] {processor.py:157} INFO - Started process (PID=3700) to work on /home/airflow/.local/lib/python3.8/site-packages/airflow/example_dags/example_dag_decorator.py
[2023-11-03T00:23:16.084+0000] {processor.py:829} INFO - Processing file /home/airflow/.local/lib/python3.8/site-packages/airflow/example_dags/example_dag_decorator.py for tasks to queue
[2023-11-03T00:23:16.086+0000] {logging_mixin.py:151} INFO - [2023-11-03T00:23:16.086+0000] {dagbag.py:536} INFO - Filling up the DagBag from /home/airflow/.local/lib/python3.8/site-packages/airflow/example_dags/example_dag_decorator.py
[2023-11-03T00:23:16.157+0000] {processor.py:839} INFO - DAG(s) dict_keys(['example_dag_decorator']) retrieved from /home/airflow/.local/lib/python3.8/site-packages/airflow/example_dags/example_dag_decorator.py
[2023-11-03T00:23:16.270+0000] {logging_mixin.py:151} INFO - [2023-11-03T00:23:16.270+0000] {dag.py:2941} INFO - Sync 1 DAGs
[2023-11-03T00:23:16.281+0000] {logging_mixin.py:151} INFO - [2023-11-03T00:23:16.281+0000] {dag.py:3722} INFO - Setting next_dagrun for example_dag_decorator to None, run_after=None
[2023-11-03T00:23:16.309+0000] {processor.py:179} INFO - Processing /home/airflow/.local/lib/python3.8/site-packages/airflow/example_dags/example_dag_decorator.py took 0.229 seconds
[2023-11-03T00:23:46.502+0000] {processor.py:157} INFO - Started process (PID=3754) to work on /home/airflow/.local/lib/python3.8/site-packages/airflow/example_dags/example_dag_decorator.py
[2023-11-03T00:23:46.503+0000] {processor.py:829} INFO - Processing file /home/airflow/.local/lib/python3.8/site-packages/airflow/example_dags/example_dag_decorator.py for tasks to queue
[2023-11-03T00:23:46.505+0000] {logging_mixin.py:151} INFO - [2023-11-03T00:23:46.504+0000] {dagbag.py:536} INFO - Filling up the DagBag from /home/airflow/.local/lib/python3.8/site-packages/airflow/example_dags/example_dag_decorator.py
[2023-11-03T00:23:46.573+0000] {processor.py:839} INFO - DAG(s) dict_keys(['example_dag_decorator']) retrieved from /home/airflow/.local/lib/python3.8/site-packages/airflow/example_dags/example_dag_decorator.py
[2023-11-03T00:23:46.687+0000] {logging_mixin.py:151} INFO - [2023-11-03T00:23:46.687+0000] {dag.py:2941} INFO - Sync 1 DAGs
[2023-11-03T00:23:46.700+0000] {logging_mixin.py:151} INFO - [2023-11-03T00:23:46.700+0000] {dag.py:3722} INFO - Setting next_dagrun for example_dag_decorator to None, run_after=None
[2023-11-03T00:23:46.728+0000] {processor.py:179} INFO - Processing /home/airflow/.local/lib/python3.8/site-packages/airflow/example_dags/example_dag_decorator.py took 0.229 seconds
[2023-11-03T00:24:17.720+0000] {processor.py:157} INFO - Started process (PID=3808) to work on /home/airflow/.local/lib/python3.8/site-packages/airflow/example_dags/example_dag_decorator.py
[2023-11-03T00:24:17.721+0000] {processor.py:829} INFO - Processing file /home/airflow/.local/lib/python3.8/site-packages/airflow/example_dags/example_dag_decorator.py for tasks to queue
[2023-11-03T00:24:17.724+0000] {logging_mixin.py:151} INFO - [2023-11-03T00:24:17.723+0000] {dagbag.py:536} INFO - Filling up the DagBag from /home/airflow/.local/lib/python3.8/site-packages/airflow/example_dags/example_dag_decorator.py
[2023-11-03T00:24:17.790+0000] {processor.py:839} INFO - DAG(s) dict_keys(['example_dag_decorator']) retrieved from /home/airflow/.local/lib/python3.8/site-packages/airflow/example_dags/example_dag_decorator.py
[2023-11-03T00:24:17.816+0000] {logging_mixin.py:151} INFO - [2023-11-03T00:24:17.815+0000] {dag.py:2941} INFO - Sync 1 DAGs
[2023-11-03T00:24:17.829+0000] {logging_mixin.py:151} INFO - [2023-11-03T00:24:17.829+0000] {dag.py:3722} INFO - Setting next_dagrun for example_dag_decorator to None, run_after=None
[2023-11-03T00:24:17.855+0000] {processor.py:179} INFO - Processing /home/airflow/.local/lib/python3.8/site-packages/airflow/example_dags/example_dag_decorator.py took 0.138 seconds
[2023-11-03T00:24:47.997+0000] {processor.py:157} INFO - Started process (PID=3863) to work on /home/airflow/.local/lib/python3.8/site-packages/airflow/example_dags/example_dag_decorator.py
[2023-11-03T00:24:47.999+0000] {processor.py:829} INFO - Processing file /home/airflow/.local/lib/python3.8/site-packages/airflow/example_dags/example_dag_decorator.py for tasks to queue
[2023-11-03T00:24:48.001+0000] {logging_mixin.py:151} INFO - [2023-11-03T00:24:48.001+0000] {dagbag.py:536} INFO - Filling up the DagBag from /home/airflow/.local/lib/python3.8/site-packages/airflow/example_dags/example_dag_decorator.py
[2023-11-03T00:24:48.068+0000] {processor.py:839} INFO - DAG(s) dict_keys(['example_dag_decorator']) retrieved from /home/airflow/.local/lib/python3.8/site-packages/airflow/example_dags/example_dag_decorator.py
[2023-11-03T00:24:48.097+0000] {logging_mixin.py:151} INFO - [2023-11-03T00:24:48.096+0000] {dag.py:2941} INFO - Sync 1 DAGs
[2023-11-03T00:24:48.110+0000] {logging_mixin.py:151} INFO - [2023-11-03T00:24:48.110+0000] {dag.py:3722} INFO - Setting next_dagrun for example_dag_decorator to None, run_after=None
[2023-11-03T00:24:48.139+0000] {processor.py:179} INFO - Processing /home/airflow/.local/lib/python3.8/site-packages/airflow/example_dags/example_dag_decorator.py took 0.144 seconds
[2023-11-03T00:25:18.179+0000] {processor.py:157} INFO - Started process (PID=3916) to work on /home/airflow/.local/lib/python3.8/site-packages/airflow/example_dags/example_dag_decorator.py
[2023-11-03T00:25:18.180+0000] {processor.py:829} INFO - Processing file /home/airflow/.local/lib/python3.8/site-packages/airflow/example_dags/example_dag_decorator.py for tasks to queue
[2023-11-03T00:25:18.183+0000] {logging_mixin.py:151} INFO - [2023-11-03T00:25:18.183+0000] {dagbag.py:536} INFO - Filling up the DagBag from /home/airflow/.local/lib/python3.8/site-packages/airflow/example_dags/example_dag_decorator.py
[2023-11-03T00:25:18.254+0000] {processor.py:839} INFO - DAG(s) dict_keys(['example_dag_decorator']) retrieved from /home/airflow/.local/lib/python3.8/site-packages/airflow/example_dags/example_dag_decorator.py
[2023-11-03T00:25:18.286+0000] {logging_mixin.py:151} INFO - [2023-11-03T00:25:18.285+0000] {dag.py:2941} INFO - Sync 1 DAGs
[2023-11-03T00:25:18.301+0000] {logging_mixin.py:151} INFO - [2023-11-03T00:25:18.301+0000] {dag.py:3722} INFO - Setting next_dagrun for example_dag_decorator to None, run_after=None
[2023-11-03T00:25:18.333+0000] {processor.py:179} INFO - Processing /home/airflow/.local/lib/python3.8/site-packages/airflow/example_dags/example_dag_decorator.py took 0.158 seconds
[2023-11-03T00:25:48.403+0000] {processor.py:157} INFO - Started process (PID=3970) to work on /home/airflow/.local/lib/python3.8/site-packages/airflow/example_dags/example_dag_decorator.py
[2023-11-03T00:25:48.405+0000] {processor.py:829} INFO - Processing file /home/airflow/.local/lib/python3.8/site-packages/airflow/example_dags/example_dag_decorator.py for tasks to queue
[2023-11-03T00:25:48.407+0000] {logging_mixin.py:151} INFO - [2023-11-03T00:25:48.407+0000] {dagbag.py:536} INFO - Filling up the DagBag from /home/airflow/.local/lib/python3.8/site-packages/airflow/example_dags/example_dag_decorator.py
[2023-11-03T00:25:48.477+0000] {processor.py:839} INFO - DAG(s) dict_keys(['example_dag_decorator']) retrieved from /home/airflow/.local/lib/python3.8/site-packages/airflow/example_dags/example_dag_decorator.py
[2023-11-03T00:25:48.504+0000] {logging_mixin.py:151} INFO - [2023-11-03T00:25:48.504+0000] {dag.py:2941} INFO - Sync 1 DAGs
[2023-11-03T00:25:48.517+0000] {logging_mixin.py:151} INFO - [2023-11-03T00:25:48.517+0000] {dag.py:3722} INFO - Setting next_dagrun for example_dag_decorator to None, run_after=None
[2023-11-03T00:25:48.545+0000] {processor.py:179} INFO - Processing /home/airflow/.local/lib/python3.8/site-packages/airflow/example_dags/example_dag_decorator.py took 0.145 seconds
[2023-11-03T00:26:18.676+0000] {processor.py:157} INFO - Started process (PID=4024) to work on /home/airflow/.local/lib/python3.8/site-packages/airflow/example_dags/example_dag_decorator.py
[2023-11-03T00:26:18.678+0000] {processor.py:829} INFO - Processing file /home/airflow/.local/lib/python3.8/site-packages/airflow/example_dags/example_dag_decorator.py for tasks to queue
[2023-11-03T00:26:18.681+0000] {logging_mixin.py:151} INFO - [2023-11-03T00:26:18.681+0000] {dagbag.py:536} INFO - Filling up the DagBag from /home/airflow/.local/lib/python3.8/site-packages/airflow/example_dags/example_dag_decorator.py
[2023-11-03T00:26:18.752+0000] {processor.py:839} INFO - DAG(s) dict_keys(['example_dag_decorator']) retrieved from /home/airflow/.local/lib/python3.8/site-packages/airflow/example_dags/example_dag_decorator.py
[2023-11-03T00:26:18.783+0000] {logging_mixin.py:151} INFO - [2023-11-03T00:26:18.783+0000] {dag.py:2941} INFO - Sync 1 DAGs
[2023-11-03T00:26:18.797+0000] {logging_mixin.py:151} INFO - [2023-11-03T00:26:18.797+0000] {dag.py:3722} INFO - Setting next_dagrun for example_dag_decorator to None, run_after=None
[2023-11-03T00:26:18.824+0000] {processor.py:179} INFO - Processing /home/airflow/.local/lib/python3.8/site-packages/airflow/example_dags/example_dag_decorator.py took 0.151 seconds
[2023-11-03T00:26:48.872+0000] {processor.py:157} INFO - Started process (PID=4078) to work on /home/airflow/.local/lib/python3.8/site-packages/airflow/example_dags/example_dag_decorator.py
[2023-11-03T00:26:48.873+0000] {processor.py:829} INFO - Processing file /home/airflow/.local/lib/python3.8/site-packages/airflow/example_dags/example_dag_decorator.py for tasks to queue
[2023-11-03T00:26:48.876+0000] {logging_mixin.py:151} INFO - [2023-11-03T00:26:48.876+0000] {dagbag.py:536} INFO - Filling up the DagBag from /home/airflow/.local/lib/python3.8/site-packages/airflow/example_dags/example_dag_decorator.py
[2023-11-03T00:26:48.938+0000] {processor.py:839} INFO - DAG(s) dict_keys(['example_dag_decorator']) retrieved from /home/airflow/.local/lib/python3.8/site-packages/airflow/example_dags/example_dag_decorator.py
[2023-11-03T00:26:48.968+0000] {logging_mixin.py:151} INFO - [2023-11-03T00:26:48.968+0000] {dag.py:2941} INFO - Sync 1 DAGs
[2023-11-03T00:26:48.980+0000] {logging_mixin.py:151} INFO - [2023-11-03T00:26:48.980+0000] {dag.py:3722} INFO - Setting next_dagrun for example_dag_decorator to None, run_after=None
[2023-11-03T00:26:49.005+0000] {processor.py:179} INFO - Processing /home/airflow/.local/lib/python3.8/site-packages/airflow/example_dags/example_dag_decorator.py took 0.136 seconds
[2023-11-03T00:27:19.070+0000] {processor.py:157} INFO - Started process (PID=4132) to work on /home/airflow/.local/lib/python3.8/site-packages/airflow/example_dags/example_dag_decorator.py
[2023-11-03T00:27:19.071+0000] {processor.py:829} INFO - Processing file /home/airflow/.local/lib/python3.8/site-packages/airflow/example_dags/example_dag_decorator.py for tasks to queue
[2023-11-03T00:27:19.074+0000] {logging_mixin.py:151} INFO - [2023-11-03T00:27:19.073+0000] {dagbag.py:536} INFO - Filling up the DagBag from /home/airflow/.local/lib/python3.8/site-packages/airflow/example_dags/example_dag_decorator.py
[2023-11-03T00:27:19.138+0000] {processor.py:839} INFO - DAG(s) dict_keys(['example_dag_decorator']) retrieved from /home/airflow/.local/lib/python3.8/site-packages/airflow/example_dags/example_dag_decorator.py
[2023-11-03T00:27:19.165+0000] {logging_mixin.py:151} INFO - [2023-11-03T00:27:19.164+0000] {dag.py:2941} INFO - Sync 1 DAGs
[2023-11-03T00:27:19.177+0000] {logging_mixin.py:151} INFO - [2023-11-03T00:27:19.176+0000] {dag.py:3722} INFO - Setting next_dagrun for example_dag_decorator to None, run_after=None
[2023-11-03T00:27:19.202+0000] {processor.py:179} INFO - Processing /home/airflow/.local/lib/python3.8/site-packages/airflow/example_dags/example_dag_decorator.py took 0.135 seconds
[2023-11-03T00:27:49.232+0000] {processor.py:157} INFO - Started process (PID=4186) to work on /home/airflow/.local/lib/python3.8/site-packages/airflow/example_dags/example_dag_decorator.py
[2023-11-03T00:27:49.233+0000] {processor.py:829} INFO - Processing file /home/airflow/.local/lib/python3.8/site-packages/airflow/example_dags/example_dag_decorator.py for tasks to queue
[2023-11-03T00:27:49.235+0000] {logging_mixin.py:151} INFO - [2023-11-03T00:27:49.235+0000] {dagbag.py:536} INFO - Filling up the DagBag from /home/airflow/.local/lib/python3.8/site-packages/airflow/example_dags/example_dag_decorator.py
[2023-11-03T00:27:49.297+0000] {processor.py:839} INFO - DAG(s) dict_keys(['example_dag_decorator']) retrieved from /home/airflow/.local/lib/python3.8/site-packages/airflow/example_dags/example_dag_decorator.py
[2023-11-03T00:27:49.324+0000] {logging_mixin.py:151} INFO - [2023-11-03T00:27:49.324+0000] {dag.py:2941} INFO - Sync 1 DAGs
[2023-11-03T00:27:49.337+0000] {logging_mixin.py:151} INFO - [2023-11-03T00:27:49.336+0000] {dag.py:3722} INFO - Setting next_dagrun for example_dag_decorator to None, run_after=None
[2023-11-03T00:27:49.361+0000] {processor.py:179} INFO - Processing /home/airflow/.local/lib/python3.8/site-packages/airflow/example_dags/example_dag_decorator.py took 0.133 seconds
[2023-11-03T00:28:19.461+0000] {processor.py:157} INFO - Started process (PID=4240) to work on /home/airflow/.local/lib/python3.8/site-packages/airflow/example_dags/example_dag_decorator.py
[2023-11-03T00:28:19.462+0000] {processor.py:829} INFO - Processing file /home/airflow/.local/lib/python3.8/site-packages/airflow/example_dags/example_dag_decorator.py for tasks to queue
[2023-11-03T00:28:19.464+0000] {logging_mixin.py:151} INFO - [2023-11-03T00:28:19.464+0000] {dagbag.py:536} INFO - Filling up the DagBag from /home/airflow/.local/lib/python3.8/site-packages/airflow/example_dags/example_dag_decorator.py
[2023-11-03T00:28:19.526+0000] {processor.py:839} INFO - DAG(s) dict_keys(['example_dag_decorator']) retrieved from /home/airflow/.local/lib/python3.8/site-packages/airflow/example_dags/example_dag_decorator.py
[2023-11-03T00:28:19.633+0000] {logging_mixin.py:151} INFO - [2023-11-03T00:28:19.633+0000] {dag.py:2941} INFO - Sync 1 DAGs
[2023-11-03T00:28:19.644+0000] {logging_mixin.py:151} INFO - [2023-11-03T00:28:19.644+0000] {dag.py:3722} INFO - Setting next_dagrun for example_dag_decorator to None, run_after=None
[2023-11-03T00:28:19.665+0000] {processor.py:179} INFO - Processing /home/airflow/.local/lib/python3.8/site-packages/airflow/example_dags/example_dag_decorator.py took 0.207 seconds
[2023-11-03T00:28:50.569+0000] {processor.py:157} INFO - Started process (PID=4294) to work on /home/airflow/.local/lib/python3.8/site-packages/airflow/example_dags/example_dag_decorator.py
[2023-11-03T00:28:50.569+0000] {processor.py:829} INFO - Processing file /home/airflow/.local/lib/python3.8/site-packages/airflow/example_dags/example_dag_decorator.py for tasks to queue
[2023-11-03T00:28:50.571+0000] {logging_mixin.py:151} INFO - [2023-11-03T00:28:50.571+0000] {dagbag.py:536} INFO - Filling up the DagBag from /home/airflow/.local/lib/python3.8/site-packages/airflow/example_dags/example_dag_decorator.py
[2023-11-03T00:28:50.634+0000] {processor.py:839} INFO - DAG(s) dict_keys(['example_dag_decorator']) retrieved from /home/airflow/.local/lib/python3.8/site-packages/airflow/example_dags/example_dag_decorator.py
[2023-11-03T00:28:50.661+0000] {logging_mixin.py:151} INFO - [2023-11-03T00:28:50.661+0000] {dag.py:2941} INFO - Sync 1 DAGs
[2023-11-03T00:28:50.674+0000] {logging_mixin.py:151} INFO - [2023-11-03T00:28:50.674+0000] {dag.py:3722} INFO - Setting next_dagrun for example_dag_decorator to None, run_after=None
[2023-11-03T00:28:50.699+0000] {processor.py:179} INFO - Processing /home/airflow/.local/lib/python3.8/site-packages/airflow/example_dags/example_dag_decorator.py took 0.133 seconds
[2023-11-03T00:29:20.825+0000] {processor.py:157} INFO - Started process (PID=4349) to work on /home/airflow/.local/lib/python3.8/site-packages/airflow/example_dags/example_dag_decorator.py
[2023-11-03T00:29:20.826+0000] {processor.py:829} INFO - Processing file /home/airflow/.local/lib/python3.8/site-packages/airflow/example_dags/example_dag_decorator.py for tasks to queue
[2023-11-03T00:29:20.828+0000] {logging_mixin.py:151} INFO - [2023-11-03T00:29:20.828+0000] {dagbag.py:536} INFO - Filling up the DagBag from /home/airflow/.local/lib/python3.8/site-packages/airflow/example_dags/example_dag_decorator.py
[2023-11-03T00:29:20.891+0000] {processor.py:839} INFO - DAG(s) dict_keys(['example_dag_decorator']) retrieved from /home/airflow/.local/lib/python3.8/site-packages/airflow/example_dags/example_dag_decorator.py
[2023-11-03T00:29:20.996+0000] {logging_mixin.py:151} INFO - [2023-11-03T00:29:20.996+0000] {dag.py:2941} INFO - Sync 1 DAGs
[2023-11-03T00:29:21.007+0000] {logging_mixin.py:151} INFO - [2023-11-03T00:29:21.006+0000] {dag.py:3722} INFO - Setting next_dagrun for example_dag_decorator to None, run_after=None
[2023-11-03T00:29:21.032+0000] {processor.py:179} INFO - Processing /home/airflow/.local/lib/python3.8/site-packages/airflow/example_dags/example_dag_decorator.py took 0.210 seconds
[2023-11-03T00:29:51.068+0000] {processor.py:157} INFO - Started process (PID=4403) to work on /home/airflow/.local/lib/python3.8/site-packages/airflow/example_dags/example_dag_decorator.py
[2023-11-03T00:29:51.069+0000] {processor.py:829} INFO - Processing file /home/airflow/.local/lib/python3.8/site-packages/airflow/example_dags/example_dag_decorator.py for tasks to queue
[2023-11-03T00:29:51.071+0000] {logging_mixin.py:151} INFO - [2023-11-03T00:29:51.071+0000] {dagbag.py:536} INFO - Filling up the DagBag from /home/airflow/.local/lib/python3.8/site-packages/airflow/example_dags/example_dag_decorator.py
[2023-11-03T00:29:51.133+0000] {processor.py:839} INFO - DAG(s) dict_keys(['example_dag_decorator']) retrieved from /home/airflow/.local/lib/python3.8/site-packages/airflow/example_dags/example_dag_decorator.py
[2023-11-03T00:29:51.161+0000] {logging_mixin.py:151} INFO - [2023-11-03T00:29:51.161+0000] {dag.py:2941} INFO - Sync 1 DAGs
[2023-11-03T00:29:51.174+0000] {logging_mixin.py:151} INFO - [2023-11-03T00:29:51.174+0000] {dag.py:3722} INFO - Setting next_dagrun for example_dag_decorator to None, run_after=None
[2023-11-03T00:29:51.201+0000] {processor.py:179} INFO - Processing /home/airflow/.local/lib/python3.8/site-packages/airflow/example_dags/example_dag_decorator.py took 0.136 seconds
[2023-11-03T00:30:21.415+0000] {processor.py:157} INFO - Started process (PID=4456) to work on /home/airflow/.local/lib/python3.8/site-packages/airflow/example_dags/example_dag_decorator.py
[2023-11-03T00:30:21.416+0000] {processor.py:829} INFO - Processing file /home/airflow/.local/lib/python3.8/site-packages/airflow/example_dags/example_dag_decorator.py for tasks to queue
[2023-11-03T00:30:21.418+0000] {logging_mixin.py:151} INFO - [2023-11-03T00:30:21.417+0000] {dagbag.py:536} INFO - Filling up the DagBag from /home/airflow/.local/lib/python3.8/site-packages/airflow/example_dags/example_dag_decorator.py
[2023-11-03T00:30:21.519+0000] {processor.py:839} INFO - DAG(s) dict_keys(['example_dag_decorator']) retrieved from /home/airflow/.local/lib/python3.8/site-packages/airflow/example_dags/example_dag_decorator.py
[2023-11-03T00:30:21.555+0000] {logging_mixin.py:151} INFO - [2023-11-03T00:30:21.554+0000] {dag.py:2941} INFO - Sync 1 DAGs
[2023-11-03T00:30:21.570+0000] {logging_mixin.py:151} INFO - [2023-11-03T00:30:21.569+0000] {dag.py:3722} INFO - Setting next_dagrun for example_dag_decorator to None, run_after=None
[2023-11-03T00:30:21.603+0000] {processor.py:179} INFO - Processing /home/airflow/.local/lib/python3.8/site-packages/airflow/example_dags/example_dag_decorator.py took 0.192 seconds
[2023-11-03T00:30:52.327+0000] {processor.py:157} INFO - Started process (PID=4510) to work on /home/airflow/.local/lib/python3.8/site-packages/airflow/example_dags/example_dag_decorator.py
[2023-11-03T00:30:52.329+0000] {processor.py:829} INFO - Processing file /home/airflow/.local/lib/python3.8/site-packages/airflow/example_dags/example_dag_decorator.py for tasks to queue
[2023-11-03T00:30:52.333+0000] {logging_mixin.py:151} INFO - [2023-11-03T00:30:52.331+0000] {dagbag.py:536} INFO - Filling up the DagBag from /home/airflow/.local/lib/python3.8/site-packages/airflow/example_dags/example_dag_decorator.py
[2023-11-03T00:30:52.432+0000] {processor.py:839} INFO - DAG(s) dict_keys(['example_dag_decorator']) retrieved from /home/airflow/.local/lib/python3.8/site-packages/airflow/example_dags/example_dag_decorator.py
[2023-11-03T00:30:52.469+0000] {logging_mixin.py:151} INFO - [2023-11-03T00:30:52.468+0000] {dag.py:2941} INFO - Sync 1 DAGs
[2023-11-03T00:30:52.486+0000] {logging_mixin.py:151} INFO - [2023-11-03T00:30:52.485+0000] {dag.py:3722} INFO - Setting next_dagrun for example_dag_decorator to None, run_after=None
[2023-11-03T00:30:52.521+0000] {processor.py:179} INFO - Processing /home/airflow/.local/lib/python3.8/site-packages/airflow/example_dags/example_dag_decorator.py took 0.203 seconds
