[2023-11-03T00:00:06.051+0000] {processor.py:157} INFO - Started process (PID=1225) to work on /home/airflow/.local/lib/python3.8/site-packages/airflow/example_dags/example_kubernetes_executor.py
[2023-11-03T00:00:06.053+0000] {processor.py:829} INFO - Processing file /home/airflow/.local/lib/python3.8/site-packages/airflow/example_dags/example_kubernetes_executor.py for tasks to queue
[2023-11-03T00:00:06.056+0000] {logging_mixin.py:151} INFO - [2023-11-03T00:00:06.056+0000] {dagbag.py:536} INFO - Filling up the DagBag from /home/airflow/.local/lib/python3.8/site-packages/airflow/example_dags/example_kubernetes_executor.py
[2023-11-03T00:00:06.081+0000] {processor.py:839} INFO - DAG(s) dict_keys(['example_kubernetes_executor']) retrieved from /home/airflow/.local/lib/python3.8/site-packages/airflow/example_dags/example_kubernetes_executor.py
[2023-11-03T00:00:06.151+0000] {logging_mixin.py:151} INFO - [2023-11-03T00:00:06.150+0000] {dag.py:2941} INFO - Sync 1 DAGs
[2023-11-03T00:00:06.164+0000] {logging_mixin.py:151} INFO - [2023-11-03T00:00:06.164+0000] {dag.py:3722} INFO - Setting next_dagrun for example_kubernetes_executor to None, run_after=None
[2023-11-03T00:00:06.192+0000] {processor.py:179} INFO - Processing /home/airflow/.local/lib/python3.8/site-packages/airflow/example_dags/example_kubernetes_executor.py took 0.155 seconds
[2023-11-03T00:00:36.711+0000] {processor.py:157} INFO - Started process (PID=1279) to work on /home/airflow/.local/lib/python3.8/site-packages/airflow/example_dags/example_kubernetes_executor.py
[2023-11-03T00:00:36.713+0000] {processor.py:829} INFO - Processing file /home/airflow/.local/lib/python3.8/site-packages/airflow/example_dags/example_kubernetes_executor.py for tasks to queue
[2023-11-03T00:00:36.715+0000] {logging_mixin.py:151} INFO - [2023-11-03T00:00:36.715+0000] {dagbag.py:536} INFO - Filling up the DagBag from /home/airflow/.local/lib/python3.8/site-packages/airflow/example_dags/example_kubernetes_executor.py
[2023-11-03T00:00:36.738+0000] {processor.py:839} INFO - DAG(s) dict_keys(['example_kubernetes_executor']) retrieved from /home/airflow/.local/lib/python3.8/site-packages/airflow/example_dags/example_kubernetes_executor.py
[2023-11-03T00:00:36.795+0000] {logging_mixin.py:151} INFO - [2023-11-03T00:00:36.795+0000] {dag.py:2941} INFO - Sync 1 DAGs
[2023-11-03T00:00:36.813+0000] {logging_mixin.py:151} INFO - [2023-11-03T00:00:36.812+0000] {dag.py:3722} INFO - Setting next_dagrun for example_kubernetes_executor to None, run_after=None
[2023-11-03T00:00:36.857+0000] {processor.py:179} INFO - Processing /home/airflow/.local/lib/python3.8/site-packages/airflow/example_dags/example_kubernetes_executor.py took 0.151 seconds
[2023-11-03T00:01:07.033+0000] {processor.py:157} INFO - Started process (PID=1333) to work on /home/airflow/.local/lib/python3.8/site-packages/airflow/example_dags/example_kubernetes_executor.py
[2023-11-03T00:01:07.034+0000] {processor.py:829} INFO - Processing file /home/airflow/.local/lib/python3.8/site-packages/airflow/example_dags/example_kubernetes_executor.py for tasks to queue
[2023-11-03T00:01:07.036+0000] {logging_mixin.py:151} INFO - [2023-11-03T00:01:07.036+0000] {dagbag.py:536} INFO - Filling up the DagBag from /home/airflow/.local/lib/python3.8/site-packages/airflow/example_dags/example_kubernetes_executor.py
[2023-11-03T00:01:07.051+0000] {processor.py:839} INFO - DAG(s) dict_keys(['example_kubernetes_executor']) retrieved from /home/airflow/.local/lib/python3.8/site-packages/airflow/example_dags/example_kubernetes_executor.py
[2023-11-03T00:01:07.095+0000] {logging_mixin.py:151} INFO - [2023-11-03T00:01:07.095+0000] {dag.py:2941} INFO - Sync 1 DAGs
[2023-11-03T00:01:07.109+0000] {logging_mixin.py:151} INFO - [2023-11-03T00:01:07.109+0000] {dag.py:3722} INFO - Setting next_dagrun for example_kubernetes_executor to None, run_after=None
[2023-11-03T00:01:07.138+0000] {processor.py:179} INFO - Processing /home/airflow/.local/lib/python3.8/site-packages/airflow/example_dags/example_kubernetes_executor.py took 0.108 seconds
[2023-11-03T00:01:37.252+0000] {processor.py:157} INFO - Started process (PID=1387) to work on /home/airflow/.local/lib/python3.8/site-packages/airflow/example_dags/example_kubernetes_executor.py
[2023-11-03T00:01:37.254+0000] {processor.py:829} INFO - Processing file /home/airflow/.local/lib/python3.8/site-packages/airflow/example_dags/example_kubernetes_executor.py for tasks to queue
[2023-11-03T00:01:37.257+0000] {logging_mixin.py:151} INFO - [2023-11-03T00:01:37.256+0000] {dagbag.py:536} INFO - Filling up the DagBag from /home/airflow/.local/lib/python3.8/site-packages/airflow/example_dags/example_kubernetes_executor.py
[2023-11-03T00:01:37.273+0000] {processor.py:839} INFO - DAG(s) dict_keys(['example_kubernetes_executor']) retrieved from /home/airflow/.local/lib/python3.8/site-packages/airflow/example_dags/example_kubernetes_executor.py
[2023-11-03T00:01:37.319+0000] {logging_mixin.py:151} INFO - [2023-11-03T00:01:37.319+0000] {dag.py:2941} INFO - Sync 1 DAGs
[2023-11-03T00:01:37.339+0000] {logging_mixin.py:151} INFO - [2023-11-03T00:01:37.339+0000] {dag.py:3722} INFO - Setting next_dagrun for example_kubernetes_executor to None, run_after=None
[2023-11-03T00:01:37.370+0000] {processor.py:179} INFO - Processing /home/airflow/.local/lib/python3.8/site-packages/airflow/example_dags/example_kubernetes_executor.py took 0.123 seconds
[2023-11-03T00:02:08.121+0000] {processor.py:157} INFO - Started process (PID=1441) to work on /home/airflow/.local/lib/python3.8/site-packages/airflow/example_dags/example_kubernetes_executor.py
[2023-11-03T00:02:08.123+0000] {processor.py:829} INFO - Processing file /home/airflow/.local/lib/python3.8/site-packages/airflow/example_dags/example_kubernetes_executor.py for tasks to queue
[2023-11-03T00:02:08.125+0000] {logging_mixin.py:151} INFO - [2023-11-03T00:02:08.125+0000] {dagbag.py:536} INFO - Filling up the DagBag from /home/airflow/.local/lib/python3.8/site-packages/airflow/example_dags/example_kubernetes_executor.py
[2023-11-03T00:02:08.141+0000] {processor.py:839} INFO - DAG(s) dict_keys(['example_kubernetes_executor']) retrieved from /home/airflow/.local/lib/python3.8/site-packages/airflow/example_dags/example_kubernetes_executor.py
[2023-11-03T00:02:08.197+0000] {logging_mixin.py:151} INFO - [2023-11-03T00:02:08.196+0000] {dag.py:2941} INFO - Sync 1 DAGs
[2023-11-03T00:02:08.223+0000] {logging_mixin.py:151} INFO - [2023-11-03T00:02:08.223+0000] {dag.py:3722} INFO - Setting next_dagrun for example_kubernetes_executor to None, run_after=None
[2023-11-03T00:02:08.255+0000] {processor.py:179} INFO - Processing /home/airflow/.local/lib/python3.8/site-packages/airflow/example_dags/example_kubernetes_executor.py took 0.137 seconds
[2023-11-03T00:02:38.529+0000] {processor.py:157} INFO - Started process (PID=1495) to work on /home/airflow/.local/lib/python3.8/site-packages/airflow/example_dags/example_kubernetes_executor.py
[2023-11-03T00:02:38.531+0000] {processor.py:829} INFO - Processing file /home/airflow/.local/lib/python3.8/site-packages/airflow/example_dags/example_kubernetes_executor.py for tasks to queue
[2023-11-03T00:02:38.533+0000] {logging_mixin.py:151} INFO - [2023-11-03T00:02:38.532+0000] {dagbag.py:536} INFO - Filling up the DagBag from /home/airflow/.local/lib/python3.8/site-packages/airflow/example_dags/example_kubernetes_executor.py
[2023-11-03T00:02:38.549+0000] {processor.py:839} INFO - DAG(s) dict_keys(['example_kubernetes_executor']) retrieved from /home/airflow/.local/lib/python3.8/site-packages/airflow/example_dags/example_kubernetes_executor.py
[2023-11-03T00:02:38.595+0000] {logging_mixin.py:151} INFO - [2023-11-03T00:02:38.595+0000] {dag.py:2941} INFO - Sync 1 DAGs
[2023-11-03T00:02:38.610+0000] {logging_mixin.py:151} INFO - [2023-11-03T00:02:38.610+0000] {dag.py:3722} INFO - Setting next_dagrun for example_kubernetes_executor to None, run_after=None
[2023-11-03T00:02:38.642+0000] {processor.py:179} INFO - Processing /home/airflow/.local/lib/python3.8/site-packages/airflow/example_dags/example_kubernetes_executor.py took 0.116 seconds
[2023-11-03T00:03:09.011+0000] {processor.py:157} INFO - Started process (PID=1549) to work on /home/airflow/.local/lib/python3.8/site-packages/airflow/example_dags/example_kubernetes_executor.py
[2023-11-03T00:03:09.012+0000] {processor.py:829} INFO - Processing file /home/airflow/.local/lib/python3.8/site-packages/airflow/example_dags/example_kubernetes_executor.py for tasks to queue
[2023-11-03T00:03:09.015+0000] {logging_mixin.py:151} INFO - [2023-11-03T00:03:09.014+0000] {dagbag.py:536} INFO - Filling up the DagBag from /home/airflow/.local/lib/python3.8/site-packages/airflow/example_dags/example_kubernetes_executor.py
[2023-11-03T00:03:09.029+0000] {processor.py:839} INFO - DAG(s) dict_keys(['example_kubernetes_executor']) retrieved from /home/airflow/.local/lib/python3.8/site-packages/airflow/example_dags/example_kubernetes_executor.py
[2023-11-03T00:03:09.070+0000] {logging_mixin.py:151} INFO - [2023-11-03T00:03:09.070+0000] {dag.py:2941} INFO - Sync 1 DAGs
[2023-11-03T00:03:09.084+0000] {logging_mixin.py:151} INFO - [2023-11-03T00:03:09.084+0000] {dag.py:3722} INFO - Setting next_dagrun for example_kubernetes_executor to None, run_after=None
[2023-11-03T00:03:09.112+0000] {processor.py:179} INFO - Processing /home/airflow/.local/lib/python3.8/site-packages/airflow/example_dags/example_kubernetes_executor.py took 0.105 seconds
[2023-11-03T00:03:39.617+0000] {processor.py:157} INFO - Started process (PID=1603) to work on /home/airflow/.local/lib/python3.8/site-packages/airflow/example_dags/example_kubernetes_executor.py
[2023-11-03T00:03:39.618+0000] {processor.py:829} INFO - Processing file /home/airflow/.local/lib/python3.8/site-packages/airflow/example_dags/example_kubernetes_executor.py for tasks to queue
[2023-11-03T00:03:39.620+0000] {logging_mixin.py:151} INFO - [2023-11-03T00:03:39.620+0000] {dagbag.py:536} INFO - Filling up the DagBag from /home/airflow/.local/lib/python3.8/site-packages/airflow/example_dags/example_kubernetes_executor.py
[2023-11-03T00:03:39.636+0000] {processor.py:839} INFO - DAG(s) dict_keys(['example_kubernetes_executor']) retrieved from /home/airflow/.local/lib/python3.8/site-packages/airflow/example_dags/example_kubernetes_executor.py
[2023-11-03T00:03:39.688+0000] {logging_mixin.py:151} INFO - [2023-11-03T00:03:39.688+0000] {dag.py:2941} INFO - Sync 1 DAGs
[2023-11-03T00:03:39.703+0000] {logging_mixin.py:151} INFO - [2023-11-03T00:03:39.703+0000] {dag.py:3722} INFO - Setting next_dagrun for example_kubernetes_executor to None, run_after=None
[2023-11-03T00:03:39.742+0000] {processor.py:179} INFO - Processing /home/airflow/.local/lib/python3.8/site-packages/airflow/example_dags/example_kubernetes_executor.py took 0.128 seconds
[2023-11-03T00:04:10.013+0000] {processor.py:157} INFO - Started process (PID=1656) to work on /home/airflow/.local/lib/python3.8/site-packages/airflow/example_dags/example_kubernetes_executor.py
[2023-11-03T00:04:10.015+0000] {processor.py:829} INFO - Processing file /home/airflow/.local/lib/python3.8/site-packages/airflow/example_dags/example_kubernetes_executor.py for tasks to queue
[2023-11-03T00:04:10.018+0000] {logging_mixin.py:151} INFO - [2023-11-03T00:04:10.018+0000] {dagbag.py:536} INFO - Filling up the DagBag from /home/airflow/.local/lib/python3.8/site-packages/airflow/example_dags/example_kubernetes_executor.py
[2023-11-03T00:04:10.035+0000] {processor.py:839} INFO - DAG(s) dict_keys(['example_kubernetes_executor']) retrieved from /home/airflow/.local/lib/python3.8/site-packages/airflow/example_dags/example_kubernetes_executor.py
[2023-11-03T00:04:10.089+0000] {logging_mixin.py:151} INFO - [2023-11-03T00:04:10.089+0000] {dag.py:2941} INFO - Sync 1 DAGs
[2023-11-03T00:04:10.109+0000] {logging_mixin.py:151} INFO - [2023-11-03T00:04:10.109+0000] {dag.py:3722} INFO - Setting next_dagrun for example_kubernetes_executor to None, run_after=None
[2023-11-03T00:04:10.142+0000] {processor.py:179} INFO - Processing /home/airflow/.local/lib/python3.8/site-packages/airflow/example_dags/example_kubernetes_executor.py took 0.132 seconds
[2023-11-03T00:04:40.510+0000] {processor.py:157} INFO - Started process (PID=1710) to work on /home/airflow/.local/lib/python3.8/site-packages/airflow/example_dags/example_kubernetes_executor.py
[2023-11-03T00:04:40.511+0000] {processor.py:829} INFO - Processing file /home/airflow/.local/lib/python3.8/site-packages/airflow/example_dags/example_kubernetes_executor.py for tasks to queue
[2023-11-03T00:04:40.514+0000] {logging_mixin.py:151} INFO - [2023-11-03T00:04:40.513+0000] {dagbag.py:536} INFO - Filling up the DagBag from /home/airflow/.local/lib/python3.8/site-packages/airflow/example_dags/example_kubernetes_executor.py
[2023-11-03T00:04:40.527+0000] {processor.py:839} INFO - DAG(s) dict_keys(['example_kubernetes_executor']) retrieved from /home/airflow/.local/lib/python3.8/site-packages/airflow/example_dags/example_kubernetes_executor.py
[2023-11-03T00:04:40.570+0000] {logging_mixin.py:151} INFO - [2023-11-03T00:04:40.570+0000] {dag.py:2941} INFO - Sync 1 DAGs
[2023-11-03T00:04:40.586+0000] {logging_mixin.py:151} INFO - [2023-11-03T00:04:40.586+0000] {dag.py:3722} INFO - Setting next_dagrun for example_kubernetes_executor to None, run_after=None
[2023-11-03T00:04:40.615+0000] {processor.py:179} INFO - Processing /home/airflow/.local/lib/python3.8/site-packages/airflow/example_dags/example_kubernetes_executor.py took 0.109 seconds
[2023-11-03T00:05:11.213+0000] {processor.py:157} INFO - Started process (PID=1764) to work on /home/airflow/.local/lib/python3.8/site-packages/airflow/example_dags/example_kubernetes_executor.py
[2023-11-03T00:05:11.215+0000] {processor.py:829} INFO - Processing file /home/airflow/.local/lib/python3.8/site-packages/airflow/example_dags/example_kubernetes_executor.py for tasks to queue
[2023-11-03T00:05:11.217+0000] {logging_mixin.py:151} INFO - [2023-11-03T00:05:11.217+0000] {dagbag.py:536} INFO - Filling up the DagBag from /home/airflow/.local/lib/python3.8/site-packages/airflow/example_dags/example_kubernetes_executor.py
[2023-11-03T00:05:11.239+0000] {processor.py:839} INFO - DAG(s) dict_keys(['example_kubernetes_executor']) retrieved from /home/airflow/.local/lib/python3.8/site-packages/airflow/example_dags/example_kubernetes_executor.py
[2023-11-03T00:05:11.295+0000] {logging_mixin.py:151} INFO - [2023-11-03T00:05:11.295+0000] {dag.py:2941} INFO - Sync 1 DAGs
[2023-11-03T00:05:11.315+0000] {logging_mixin.py:151} INFO - [2023-11-03T00:05:11.315+0000] {dag.py:3722} INFO - Setting next_dagrun for example_kubernetes_executor to None, run_after=None
[2023-11-03T00:05:11.350+0000] {processor.py:179} INFO - Processing /home/airflow/.local/lib/python3.8/site-packages/airflow/example_dags/example_kubernetes_executor.py took 0.141 seconds
[2023-11-03T00:05:41.565+0000] {processor.py:157} INFO - Started process (PID=1818) to work on /home/airflow/.local/lib/python3.8/site-packages/airflow/example_dags/example_kubernetes_executor.py
[2023-11-03T00:05:41.568+0000] {processor.py:829} INFO - Processing file /home/airflow/.local/lib/python3.8/site-packages/airflow/example_dags/example_kubernetes_executor.py for tasks to queue
[2023-11-03T00:05:41.572+0000] {logging_mixin.py:151} INFO - [2023-11-03T00:05:41.572+0000] {dagbag.py:536} INFO - Filling up the DagBag from /home/airflow/.local/lib/python3.8/site-packages/airflow/example_dags/example_kubernetes_executor.py
[2023-11-03T00:05:41.596+0000] {processor.py:839} INFO - DAG(s) dict_keys(['example_kubernetes_executor']) retrieved from /home/airflow/.local/lib/python3.8/site-packages/airflow/example_dags/example_kubernetes_executor.py
[2023-11-03T00:05:41.652+0000] {logging_mixin.py:151} INFO - [2023-11-03T00:05:41.652+0000] {dag.py:2941} INFO - Sync 1 DAGs
[2023-11-03T00:05:41.667+0000] {logging_mixin.py:151} INFO - [2023-11-03T00:05:41.667+0000] {dag.py:3722} INFO - Setting next_dagrun for example_kubernetes_executor to None, run_after=None
[2023-11-03T00:05:41.695+0000] {processor.py:179} INFO - Processing /home/airflow/.local/lib/python3.8/site-packages/airflow/example_dags/example_kubernetes_executor.py took 0.134 seconds
[2023-11-03T00:06:12.045+0000] {processor.py:157} INFO - Started process (PID=1872) to work on /home/airflow/.local/lib/python3.8/site-packages/airflow/example_dags/example_kubernetes_executor.py
[2023-11-03T00:06:12.046+0000] {processor.py:829} INFO - Processing file /home/airflow/.local/lib/python3.8/site-packages/airflow/example_dags/example_kubernetes_executor.py for tasks to queue
[2023-11-03T00:06:12.048+0000] {logging_mixin.py:151} INFO - [2023-11-03T00:06:12.048+0000] {dagbag.py:536} INFO - Filling up the DagBag from /home/airflow/.local/lib/python3.8/site-packages/airflow/example_dags/example_kubernetes_executor.py
[2023-11-03T00:06:12.063+0000] {processor.py:839} INFO - DAG(s) dict_keys(['example_kubernetes_executor']) retrieved from /home/airflow/.local/lib/python3.8/site-packages/airflow/example_dags/example_kubernetes_executor.py
[2023-11-03T00:06:12.107+0000] {logging_mixin.py:151} INFO - [2023-11-03T00:06:12.107+0000] {dag.py:2941} INFO - Sync 1 DAGs
[2023-11-03T00:06:12.123+0000] {logging_mixin.py:151} INFO - [2023-11-03T00:06:12.123+0000] {dag.py:3722} INFO - Setting next_dagrun for example_kubernetes_executor to None, run_after=None
[2023-11-03T00:06:12.152+0000] {processor.py:179} INFO - Processing /home/airflow/.local/lib/python3.8/site-packages/airflow/example_dags/example_kubernetes_executor.py took 0.110 seconds
[2023-11-03T00:06:42.443+0000] {processor.py:157} INFO - Started process (PID=1927) to work on /home/airflow/.local/lib/python3.8/site-packages/airflow/example_dags/example_kubernetes_executor.py
[2023-11-03T00:06:42.445+0000] {processor.py:829} INFO - Processing file /home/airflow/.local/lib/python3.8/site-packages/airflow/example_dags/example_kubernetes_executor.py for tasks to queue
[2023-11-03T00:06:42.447+0000] {logging_mixin.py:151} INFO - [2023-11-03T00:06:42.446+0000] {dagbag.py:536} INFO - Filling up the DagBag from /home/airflow/.local/lib/python3.8/site-packages/airflow/example_dags/example_kubernetes_executor.py
[2023-11-03T00:06:42.463+0000] {processor.py:839} INFO - DAG(s) dict_keys(['example_kubernetes_executor']) retrieved from /home/airflow/.local/lib/python3.8/site-packages/airflow/example_dags/example_kubernetes_executor.py
[2023-11-03T00:06:42.507+0000] {logging_mixin.py:151} INFO - [2023-11-03T00:06:42.506+0000] {dag.py:2941} INFO - Sync 1 DAGs
[2023-11-03T00:06:42.521+0000] {logging_mixin.py:151} INFO - [2023-11-03T00:06:42.520+0000] {dag.py:3722} INFO - Setting next_dagrun for example_kubernetes_executor to None, run_after=None
[2023-11-03T00:06:42.550+0000] {processor.py:179} INFO - Processing /home/airflow/.local/lib/python3.8/site-packages/airflow/example_dags/example_kubernetes_executor.py took 0.110 seconds
[2023-11-03T00:07:13.050+0000] {processor.py:157} INFO - Started process (PID=1981) to work on /home/airflow/.local/lib/python3.8/site-packages/airflow/example_dags/example_kubernetes_executor.py
[2023-11-03T00:07:13.052+0000] {processor.py:829} INFO - Processing file /home/airflow/.local/lib/python3.8/site-packages/airflow/example_dags/example_kubernetes_executor.py for tasks to queue
[2023-11-03T00:07:13.054+0000] {logging_mixin.py:151} INFO - [2023-11-03T00:07:13.054+0000] {dagbag.py:536} INFO - Filling up the DagBag from /home/airflow/.local/lib/python3.8/site-packages/airflow/example_dags/example_kubernetes_executor.py
[2023-11-03T00:07:13.075+0000] {processor.py:839} INFO - DAG(s) dict_keys(['example_kubernetes_executor']) retrieved from /home/airflow/.local/lib/python3.8/site-packages/airflow/example_dags/example_kubernetes_executor.py
[2023-11-03T00:07:13.128+0000] {logging_mixin.py:151} INFO - [2023-11-03T00:07:13.128+0000] {dag.py:2941} INFO - Sync 1 DAGs
[2023-11-03T00:07:13.156+0000] {logging_mixin.py:151} INFO - [2023-11-03T00:07:13.156+0000] {dag.py:3722} INFO - Setting next_dagrun for example_kubernetes_executor to None, run_after=None
[2023-11-03T00:07:13.188+0000] {processor.py:179} INFO - Processing /home/airflow/.local/lib/python3.8/site-packages/airflow/example_dags/example_kubernetes_executor.py took 0.145 seconds
[2023-11-03T00:07:43.487+0000] {processor.py:157} INFO - Started process (PID=2035) to work on /home/airflow/.local/lib/python3.8/site-packages/airflow/example_dags/example_kubernetes_executor.py
[2023-11-03T00:07:43.488+0000] {processor.py:829} INFO - Processing file /home/airflow/.local/lib/python3.8/site-packages/airflow/example_dags/example_kubernetes_executor.py for tasks to queue
[2023-11-03T00:07:43.491+0000] {logging_mixin.py:151} INFO - [2023-11-03T00:07:43.490+0000] {dagbag.py:536} INFO - Filling up the DagBag from /home/airflow/.local/lib/python3.8/site-packages/airflow/example_dags/example_kubernetes_executor.py
[2023-11-03T00:07:43.506+0000] {processor.py:839} INFO - DAG(s) dict_keys(['example_kubernetes_executor']) retrieved from /home/airflow/.local/lib/python3.8/site-packages/airflow/example_dags/example_kubernetes_executor.py
[2023-11-03T00:07:43.548+0000] {logging_mixin.py:151} INFO - [2023-11-03T00:07:43.548+0000] {dag.py:2941} INFO - Sync 1 DAGs
[2023-11-03T00:07:43.562+0000] {logging_mixin.py:151} INFO - [2023-11-03T00:07:43.562+0000] {dag.py:3722} INFO - Setting next_dagrun for example_kubernetes_executor to None, run_after=None
[2023-11-03T00:07:43.589+0000] {processor.py:179} INFO - Processing /home/airflow/.local/lib/python3.8/site-packages/airflow/example_dags/example_kubernetes_executor.py took 0.106 seconds
[2023-11-03T00:08:13.987+0000] {processor.py:157} INFO - Started process (PID=2089) to work on /home/airflow/.local/lib/python3.8/site-packages/airflow/example_dags/example_kubernetes_executor.py
[2023-11-03T00:08:13.989+0000] {processor.py:829} INFO - Processing file /home/airflow/.local/lib/python3.8/site-packages/airflow/example_dags/example_kubernetes_executor.py for tasks to queue
[2023-11-03T00:08:13.991+0000] {logging_mixin.py:151} INFO - [2023-11-03T00:08:13.991+0000] {dagbag.py:536} INFO - Filling up the DagBag from /home/airflow/.local/lib/python3.8/site-packages/airflow/example_dags/example_kubernetes_executor.py
[2023-11-03T00:08:14.011+0000] {processor.py:839} INFO - DAG(s) dict_keys(['example_kubernetes_executor']) retrieved from /home/airflow/.local/lib/python3.8/site-packages/airflow/example_dags/example_kubernetes_executor.py
[2023-11-03T00:08:14.064+0000] {logging_mixin.py:151} INFO - [2023-11-03T00:08:14.063+0000] {dag.py:2941} INFO - Sync 1 DAGs
[2023-11-03T00:08:14.081+0000] {logging_mixin.py:151} INFO - [2023-11-03T00:08:14.081+0000] {dag.py:3722} INFO - Setting next_dagrun for example_kubernetes_executor to None, run_after=None
[2023-11-03T00:08:14.113+0000] {processor.py:179} INFO - Processing /home/airflow/.local/lib/python3.8/site-packages/airflow/example_dags/example_kubernetes_executor.py took 0.130 seconds
[2023-11-03T00:08:44.658+0000] {processor.py:157} INFO - Started process (PID=2143) to work on /home/airflow/.local/lib/python3.8/site-packages/airflow/example_dags/example_kubernetes_executor.py
[2023-11-03T00:08:44.659+0000] {processor.py:829} INFO - Processing file /home/airflow/.local/lib/python3.8/site-packages/airflow/example_dags/example_kubernetes_executor.py for tasks to queue
[2023-11-03T00:08:44.661+0000] {logging_mixin.py:151} INFO - [2023-11-03T00:08:44.661+0000] {dagbag.py:536} INFO - Filling up the DagBag from /home/airflow/.local/lib/python3.8/site-packages/airflow/example_dags/example_kubernetes_executor.py
[2023-11-03T00:08:44.681+0000] {processor.py:839} INFO - DAG(s) dict_keys(['example_kubernetes_executor']) retrieved from /home/airflow/.local/lib/python3.8/site-packages/airflow/example_dags/example_kubernetes_executor.py
[2023-11-03T00:08:44.736+0000] {logging_mixin.py:151} INFO - [2023-11-03T00:08:44.736+0000] {dag.py:2941} INFO - Sync 1 DAGs
[2023-11-03T00:08:44.752+0000] {logging_mixin.py:151} INFO - [2023-11-03T00:08:44.751+0000] {dag.py:3722} INFO - Setting next_dagrun for example_kubernetes_executor to None, run_after=None
[2023-11-03T00:08:44.780+0000] {processor.py:179} INFO - Processing /home/airflow/.local/lib/python3.8/site-packages/airflow/example_dags/example_kubernetes_executor.py took 0.126 seconds
[2023-11-03T00:09:15.701+0000] {processor.py:157} INFO - Started process (PID=2197) to work on /home/airflow/.local/lib/python3.8/site-packages/airflow/example_dags/example_kubernetes_executor.py
[2023-11-03T00:09:15.702+0000] {processor.py:829} INFO - Processing file /home/airflow/.local/lib/python3.8/site-packages/airflow/example_dags/example_kubernetes_executor.py for tasks to queue
[2023-11-03T00:09:15.704+0000] {logging_mixin.py:151} INFO - [2023-11-03T00:09:15.704+0000] {dagbag.py:536} INFO - Filling up the DagBag from /home/airflow/.local/lib/python3.8/site-packages/airflow/example_dags/example_kubernetes_executor.py
[2023-11-03T00:09:15.721+0000] {processor.py:839} INFO - DAG(s) dict_keys(['example_kubernetes_executor']) retrieved from /home/airflow/.local/lib/python3.8/site-packages/airflow/example_dags/example_kubernetes_executor.py
[2023-11-03T00:09:15.775+0000] {logging_mixin.py:151} INFO - [2023-11-03T00:09:15.775+0000] {dag.py:2941} INFO - Sync 1 DAGs
[2023-11-03T00:09:15.791+0000] {logging_mixin.py:151} INFO - [2023-11-03T00:09:15.791+0000] {dag.py:3722} INFO - Setting next_dagrun for example_kubernetes_executor to None, run_after=None
[2023-11-03T00:09:15.823+0000] {processor.py:179} INFO - Processing /home/airflow/.local/lib/python3.8/site-packages/airflow/example_dags/example_kubernetes_executor.py took 0.126 seconds
[2023-11-03T00:09:46.878+0000] {processor.py:157} INFO - Started process (PID=2251) to work on /home/airflow/.local/lib/python3.8/site-packages/airflow/example_dags/example_kubernetes_executor.py
[2023-11-03T00:09:46.880+0000] {processor.py:829} INFO - Processing file /home/airflow/.local/lib/python3.8/site-packages/airflow/example_dags/example_kubernetes_executor.py for tasks to queue
[2023-11-03T00:09:46.883+0000] {logging_mixin.py:151} INFO - [2023-11-03T00:09:46.882+0000] {dagbag.py:536} INFO - Filling up the DagBag from /home/airflow/.local/lib/python3.8/site-packages/airflow/example_dags/example_kubernetes_executor.py
[2023-11-03T00:09:46.900+0000] {processor.py:839} INFO - DAG(s) dict_keys(['example_kubernetes_executor']) retrieved from /home/airflow/.local/lib/python3.8/site-packages/airflow/example_dags/example_kubernetes_executor.py
[2023-11-03T00:09:46.973+0000] {logging_mixin.py:151} INFO - [2023-11-03T00:09:46.972+0000] {dag.py:2941} INFO - Sync 1 DAGs
[2023-11-03T00:09:46.990+0000] {logging_mixin.py:151} INFO - [2023-11-03T00:09:46.989+0000] {dag.py:3722} INFO - Setting next_dagrun for example_kubernetes_executor to None, run_after=None
[2023-11-03T00:09:47.030+0000] {processor.py:179} INFO - Processing /home/airflow/.local/lib/python3.8/site-packages/airflow/example_dags/example_kubernetes_executor.py took 0.156 seconds
[2023-11-03T00:10:17.968+0000] {processor.py:157} INFO - Started process (PID=2305) to work on /home/airflow/.local/lib/python3.8/site-packages/airflow/example_dags/example_kubernetes_executor.py
[2023-11-03T00:10:17.972+0000] {processor.py:829} INFO - Processing file /home/airflow/.local/lib/python3.8/site-packages/airflow/example_dags/example_kubernetes_executor.py for tasks to queue
[2023-11-03T00:10:17.979+0000] {logging_mixin.py:151} INFO - [2023-11-03T00:10:17.978+0000] {dagbag.py:536} INFO - Filling up the DagBag from /home/airflow/.local/lib/python3.8/site-packages/airflow/example_dags/example_kubernetes_executor.py
[2023-11-03T00:10:18.005+0000] {processor.py:839} INFO - DAG(s) dict_keys(['example_kubernetes_executor']) retrieved from /home/airflow/.local/lib/python3.8/site-packages/airflow/example_dags/example_kubernetes_executor.py
[2023-11-03T00:10:18.087+0000] {logging_mixin.py:151} INFO - [2023-11-03T00:10:18.087+0000] {dag.py:2941} INFO - Sync 1 DAGs
[2023-11-03T00:10:18.483+0000] {logging_mixin.py:151} INFO - [2023-11-03T00:10:18.483+0000] {dag.py:3722} INFO - Setting next_dagrun for example_kubernetes_executor to None, run_after=None
[2023-11-03T00:10:18.516+0000] {processor.py:179} INFO - Processing /home/airflow/.local/lib/python3.8/site-packages/airflow/example_dags/example_kubernetes_executor.py took 0.559 seconds
[2023-11-03T00:10:49.208+0000] {processor.py:157} INFO - Started process (PID=2366) to work on /home/airflow/.local/lib/python3.8/site-packages/airflow/example_dags/example_kubernetes_executor.py
[2023-11-03T00:10:49.210+0000] {processor.py:829} INFO - Processing file /home/airflow/.local/lib/python3.8/site-packages/airflow/example_dags/example_kubernetes_executor.py for tasks to queue
[2023-11-03T00:10:49.213+0000] {logging_mixin.py:151} INFO - [2023-11-03T00:10:49.213+0000] {dagbag.py:536} INFO - Filling up the DagBag from /home/airflow/.local/lib/python3.8/site-packages/airflow/example_dags/example_kubernetes_executor.py
[2023-11-03T00:10:49.242+0000] {processor.py:839} INFO - DAG(s) dict_keys(['example_kubernetes_executor']) retrieved from /home/airflow/.local/lib/python3.8/site-packages/airflow/example_dags/example_kubernetes_executor.py
[2023-11-03T00:10:49.295+0000] {logging_mixin.py:151} INFO - [2023-11-03T00:10:49.295+0000] {dag.py:2941} INFO - Sync 1 DAGs
[2023-11-03T00:10:49.311+0000] {logging_mixin.py:151} INFO - [2023-11-03T00:10:49.311+0000] {dag.py:3722} INFO - Setting next_dagrun for example_kubernetes_executor to None, run_after=None
[2023-11-03T00:10:49.349+0000] {processor.py:179} INFO - Processing /home/airflow/.local/lib/python3.8/site-packages/airflow/example_dags/example_kubernetes_executor.py took 0.148 seconds
[2023-11-03T00:11:19.971+0000] {processor.py:157} INFO - Started process (PID=2420) to work on /home/airflow/.local/lib/python3.8/site-packages/airflow/example_dags/example_kubernetes_executor.py
[2023-11-03T00:11:19.973+0000] {processor.py:829} INFO - Processing file /home/airflow/.local/lib/python3.8/site-packages/airflow/example_dags/example_kubernetes_executor.py for tasks to queue
[2023-11-03T00:11:19.975+0000] {logging_mixin.py:151} INFO - [2023-11-03T00:11:19.975+0000] {dagbag.py:536} INFO - Filling up the DagBag from /home/airflow/.local/lib/python3.8/site-packages/airflow/example_dags/example_kubernetes_executor.py
[2023-11-03T00:11:19.995+0000] {processor.py:839} INFO - DAG(s) dict_keys(['example_kubernetes_executor']) retrieved from /home/airflow/.local/lib/python3.8/site-packages/airflow/example_dags/example_kubernetes_executor.py
[2023-11-03T00:11:20.064+0000] {logging_mixin.py:151} INFO - [2023-11-03T00:11:20.063+0000] {dag.py:2941} INFO - Sync 1 DAGs
[2023-11-03T00:11:20.082+0000] {logging_mixin.py:151} INFO - [2023-11-03T00:11:20.082+0000] {dag.py:3722} INFO - Setting next_dagrun for example_kubernetes_executor to None, run_after=None
[2023-11-03T00:11:20.115+0000] {processor.py:179} INFO - Processing /home/airflow/.local/lib/python3.8/site-packages/airflow/example_dags/example_kubernetes_executor.py took 0.148 seconds
[2023-11-03T00:11:50.249+0000] {processor.py:157} INFO - Started process (PID=2474) to work on /home/airflow/.local/lib/python3.8/site-packages/airflow/example_dags/example_kubernetes_executor.py
[2023-11-03T00:11:50.251+0000] {processor.py:829} INFO - Processing file /home/airflow/.local/lib/python3.8/site-packages/airflow/example_dags/example_kubernetes_executor.py for tasks to queue
[2023-11-03T00:11:50.253+0000] {logging_mixin.py:151} INFO - [2023-11-03T00:11:50.252+0000] {dagbag.py:536} INFO - Filling up the DagBag from /home/airflow/.local/lib/python3.8/site-packages/airflow/example_dags/example_kubernetes_executor.py
[2023-11-03T00:11:50.268+0000] {processor.py:839} INFO - DAG(s) dict_keys(['example_kubernetes_executor']) retrieved from /home/airflow/.local/lib/python3.8/site-packages/airflow/example_dags/example_kubernetes_executor.py
[2023-11-03T00:11:50.514+0000] {logging_mixin.py:151} INFO - [2023-11-03T00:11:50.514+0000] {dag.py:2941} INFO - Sync 1 DAGs
[2023-11-03T00:11:50.529+0000] {logging_mixin.py:151} INFO - [2023-11-03T00:11:50.528+0000] {dag.py:3722} INFO - Setting next_dagrun for example_kubernetes_executor to None, run_after=None
[2023-11-03T00:11:50.560+0000] {processor.py:179} INFO - Processing /home/airflow/.local/lib/python3.8/site-packages/airflow/example_dags/example_kubernetes_executor.py took 0.314 seconds
[2023-11-03T00:12:21.447+0000] {processor.py:157} INFO - Started process (PID=2529) to work on /home/airflow/.local/lib/python3.8/site-packages/airflow/example_dags/example_kubernetes_executor.py
[2023-11-03T00:12:21.448+0000] {processor.py:829} INFO - Processing file /home/airflow/.local/lib/python3.8/site-packages/airflow/example_dags/example_kubernetes_executor.py for tasks to queue
[2023-11-03T00:12:21.450+0000] {logging_mixin.py:151} INFO - [2023-11-03T00:12:21.450+0000] {dagbag.py:536} INFO - Filling up the DagBag from /home/airflow/.local/lib/python3.8/site-packages/airflow/example_dags/example_kubernetes_executor.py
[2023-11-03T00:12:21.469+0000] {processor.py:839} INFO - DAG(s) dict_keys(['example_kubernetes_executor']) retrieved from /home/airflow/.local/lib/python3.8/site-packages/airflow/example_dags/example_kubernetes_executor.py
[2023-11-03T00:12:21.530+0000] {logging_mixin.py:151} INFO - [2023-11-03T00:12:21.530+0000] {dag.py:2941} INFO - Sync 1 DAGs
[2023-11-03T00:12:21.743+0000] {logging_mixin.py:151} INFO - [2023-11-03T00:12:21.742+0000] {dag.py:3722} INFO - Setting next_dagrun for example_kubernetes_executor to None, run_after=None
[2023-11-03T00:12:21.774+0000] {processor.py:179} INFO - Processing /home/airflow/.local/lib/python3.8/site-packages/airflow/example_dags/example_kubernetes_executor.py took 0.331 seconds
[2023-11-03T00:12:52.680+0000] {processor.py:157} INFO - Started process (PID=2583) to work on /home/airflow/.local/lib/python3.8/site-packages/airflow/example_dags/example_kubernetes_executor.py
[2023-11-03T00:12:52.681+0000] {processor.py:829} INFO - Processing file /home/airflow/.local/lib/python3.8/site-packages/airflow/example_dags/example_kubernetes_executor.py for tasks to queue
[2023-11-03T00:12:52.683+0000] {logging_mixin.py:151} INFO - [2023-11-03T00:12:52.683+0000] {dagbag.py:536} INFO - Filling up the DagBag from /home/airflow/.local/lib/python3.8/site-packages/airflow/example_dags/example_kubernetes_executor.py
[2023-11-03T00:12:52.701+0000] {processor.py:839} INFO - DAG(s) dict_keys(['example_kubernetes_executor']) retrieved from /home/airflow/.local/lib/python3.8/site-packages/airflow/example_dags/example_kubernetes_executor.py
[2023-11-03T00:12:52.749+0000] {logging_mixin.py:151} INFO - [2023-11-03T00:12:52.749+0000] {dag.py:2941} INFO - Sync 1 DAGs
[2023-11-03T00:12:52.765+0000] {logging_mixin.py:151} INFO - [2023-11-03T00:12:52.764+0000] {dag.py:3722} INFO - Setting next_dagrun for example_kubernetes_executor to None, run_after=None
[2023-11-03T00:12:52.794+0000] {processor.py:179} INFO - Processing /home/airflow/.local/lib/python3.8/site-packages/airflow/example_dags/example_kubernetes_executor.py took 0.117 seconds
[2023-11-03T00:13:23.815+0000] {processor.py:157} INFO - Started process (PID=2637) to work on /home/airflow/.local/lib/python3.8/site-packages/airflow/example_dags/example_kubernetes_executor.py
[2023-11-03T00:13:23.817+0000] {processor.py:829} INFO - Processing file /home/airflow/.local/lib/python3.8/site-packages/airflow/example_dags/example_kubernetes_executor.py for tasks to queue
[2023-11-03T00:13:23.821+0000] {logging_mixin.py:151} INFO - [2023-11-03T00:13:23.821+0000] {dagbag.py:536} INFO - Filling up the DagBag from /home/airflow/.local/lib/python3.8/site-packages/airflow/example_dags/example_kubernetes_executor.py
[2023-11-03T00:13:23.850+0000] {processor.py:839} INFO - DAG(s) dict_keys(['example_kubernetes_executor']) retrieved from /home/airflow/.local/lib/python3.8/site-packages/airflow/example_dags/example_kubernetes_executor.py
[2023-11-03T00:13:24.098+0000] {logging_mixin.py:151} INFO - [2023-11-03T00:13:24.098+0000] {dag.py:2941} INFO - Sync 1 DAGs
[2023-11-03T00:13:24.118+0000] {logging_mixin.py:151} INFO - [2023-11-03T00:13:24.118+0000] {dag.py:3722} INFO - Setting next_dagrun for example_kubernetes_executor to None, run_after=None
[2023-11-03T00:13:24.154+0000] {processor.py:179} INFO - Processing /home/airflow/.local/lib/python3.8/site-packages/airflow/example_dags/example_kubernetes_executor.py took 0.343 seconds
[2023-11-03T00:13:54.699+0000] {processor.py:157} INFO - Started process (PID=2691) to work on /home/airflow/.local/lib/python3.8/site-packages/airflow/example_dags/example_kubernetes_executor.py
[2023-11-03T00:13:54.700+0000] {processor.py:829} INFO - Processing file /home/airflow/.local/lib/python3.8/site-packages/airflow/example_dags/example_kubernetes_executor.py for tasks to queue
[2023-11-03T00:13:54.702+0000] {logging_mixin.py:151} INFO - [2023-11-03T00:13:54.702+0000] {dagbag.py:536} INFO - Filling up the DagBag from /home/airflow/.local/lib/python3.8/site-packages/airflow/example_dags/example_kubernetes_executor.py
[2023-11-03T00:13:54.716+0000] {processor.py:839} INFO - DAG(s) dict_keys(['example_kubernetes_executor']) retrieved from /home/airflow/.local/lib/python3.8/site-packages/airflow/example_dags/example_kubernetes_executor.py
[2023-11-03T00:13:54.756+0000] {logging_mixin.py:151} INFO - [2023-11-03T00:13:54.756+0000] {dag.py:2941} INFO - Sync 1 DAGs
[2023-11-03T00:13:54.773+0000] {logging_mixin.py:151} INFO - [2023-11-03T00:13:54.773+0000] {dag.py:3722} INFO - Setting next_dagrun for example_kubernetes_executor to None, run_after=None
[2023-11-03T00:13:54.803+0000] {processor.py:179} INFO - Processing /home/airflow/.local/lib/python3.8/site-packages/airflow/example_dags/example_kubernetes_executor.py took 0.107 seconds
[2023-11-03T00:14:25.334+0000] {processor.py:157} INFO - Started process (PID=2745) to work on /home/airflow/.local/lib/python3.8/site-packages/airflow/example_dags/example_kubernetes_executor.py
[2023-11-03T00:14:25.334+0000] {processor.py:829} INFO - Processing file /home/airflow/.local/lib/python3.8/site-packages/airflow/example_dags/example_kubernetes_executor.py for tasks to queue
[2023-11-03T00:14:25.337+0000] {logging_mixin.py:151} INFO - [2023-11-03T00:14:25.336+0000] {dagbag.py:536} INFO - Filling up the DagBag from /home/airflow/.local/lib/python3.8/site-packages/airflow/example_dags/example_kubernetes_executor.py
[2023-11-03T00:14:25.350+0000] {processor.py:839} INFO - DAG(s) dict_keys(['example_kubernetes_executor']) retrieved from /home/airflow/.local/lib/python3.8/site-packages/airflow/example_dags/example_kubernetes_executor.py
[2023-11-03T00:14:25.393+0000] {logging_mixin.py:151} INFO - [2023-11-03T00:14:25.392+0000] {dag.py:2941} INFO - Sync 1 DAGs
[2023-11-03T00:14:25.408+0000] {logging_mixin.py:151} INFO - [2023-11-03T00:14:25.408+0000] {dag.py:3722} INFO - Setting next_dagrun for example_kubernetes_executor to None, run_after=None
[2023-11-03T00:14:25.435+0000] {processor.py:179} INFO - Processing /home/airflow/.local/lib/python3.8/site-packages/airflow/example_dags/example_kubernetes_executor.py took 0.104 seconds
[2023-11-03T00:14:55.485+0000] {processor.py:157} INFO - Started process (PID=2799) to work on /home/airflow/.local/lib/python3.8/site-packages/airflow/example_dags/example_kubernetes_executor.py
[2023-11-03T00:14:55.487+0000] {processor.py:829} INFO - Processing file /home/airflow/.local/lib/python3.8/site-packages/airflow/example_dags/example_kubernetes_executor.py for tasks to queue
[2023-11-03T00:14:55.489+0000] {logging_mixin.py:151} INFO - [2023-11-03T00:14:55.489+0000] {dagbag.py:536} INFO - Filling up the DagBag from /home/airflow/.local/lib/python3.8/site-packages/airflow/example_dags/example_kubernetes_executor.py
[2023-11-03T00:14:55.506+0000] {processor.py:839} INFO - DAG(s) dict_keys(['example_kubernetes_executor']) retrieved from /home/airflow/.local/lib/python3.8/site-packages/airflow/example_dags/example_kubernetes_executor.py
[2023-11-03T00:14:55.568+0000] {logging_mixin.py:151} INFO - [2023-11-03T00:14:55.567+0000] {dag.py:2941} INFO - Sync 1 DAGs
[2023-11-03T00:14:55.582+0000] {logging_mixin.py:151} INFO - [2023-11-03T00:14:55.582+0000] {dag.py:3722} INFO - Setting next_dagrun for example_kubernetes_executor to None, run_after=None
[2023-11-03T00:14:55.614+0000] {processor.py:179} INFO - Processing /home/airflow/.local/lib/python3.8/site-packages/airflow/example_dags/example_kubernetes_executor.py took 0.132 seconds
[2023-11-03T00:15:25.897+0000] {processor.py:157} INFO - Started process (PID=2853) to work on /home/airflow/.local/lib/python3.8/site-packages/airflow/example_dags/example_kubernetes_executor.py
[2023-11-03T00:15:25.898+0000] {processor.py:829} INFO - Processing file /home/airflow/.local/lib/python3.8/site-packages/airflow/example_dags/example_kubernetes_executor.py for tasks to queue
[2023-11-03T00:15:25.899+0000] {logging_mixin.py:151} INFO - [2023-11-03T00:15:25.899+0000] {dagbag.py:536} INFO - Filling up the DagBag from /home/airflow/.local/lib/python3.8/site-packages/airflow/example_dags/example_kubernetes_executor.py
[2023-11-03T00:15:25.915+0000] {processor.py:839} INFO - DAG(s) dict_keys(['example_kubernetes_executor']) retrieved from /home/airflow/.local/lib/python3.8/site-packages/airflow/example_dags/example_kubernetes_executor.py
[2023-11-03T00:15:25.957+0000] {logging_mixin.py:151} INFO - [2023-11-03T00:15:25.956+0000] {dag.py:2941} INFO - Sync 1 DAGs
[2023-11-03T00:15:25.970+0000] {logging_mixin.py:151} INFO - [2023-11-03T00:15:25.969+0000] {dag.py:3722} INFO - Setting next_dagrun for example_kubernetes_executor to None, run_after=None
[2023-11-03T00:15:25.997+0000] {processor.py:179} INFO - Processing /home/airflow/.local/lib/python3.8/site-packages/airflow/example_dags/example_kubernetes_executor.py took 0.104 seconds
[2023-11-03T00:15:56.100+0000] {processor.py:157} INFO - Started process (PID=2907) to work on /home/airflow/.local/lib/python3.8/site-packages/airflow/example_dags/example_kubernetes_executor.py
[2023-11-03T00:15:56.101+0000] {processor.py:829} INFO - Processing file /home/airflow/.local/lib/python3.8/site-packages/airflow/example_dags/example_kubernetes_executor.py for tasks to queue
[2023-11-03T00:15:56.103+0000] {logging_mixin.py:151} INFO - [2023-11-03T00:15:56.103+0000] {dagbag.py:536} INFO - Filling up the DagBag from /home/airflow/.local/lib/python3.8/site-packages/airflow/example_dags/example_kubernetes_executor.py
[2023-11-03T00:15:56.118+0000] {processor.py:839} INFO - DAG(s) dict_keys(['example_kubernetes_executor']) retrieved from /home/airflow/.local/lib/python3.8/site-packages/airflow/example_dags/example_kubernetes_executor.py
[2023-11-03T00:15:56.159+0000] {logging_mixin.py:151} INFO - [2023-11-03T00:15:56.159+0000] {dag.py:2941} INFO - Sync 1 DAGs
[2023-11-03T00:15:56.176+0000] {logging_mixin.py:151} INFO - [2023-11-03T00:15:56.176+0000] {dag.py:3722} INFO - Setting next_dagrun for example_kubernetes_executor to None, run_after=None
[2023-11-03T00:15:56.202+0000] {processor.py:179} INFO - Processing /home/airflow/.local/lib/python3.8/site-packages/airflow/example_dags/example_kubernetes_executor.py took 0.106 seconds
[2023-11-03T00:16:26.262+0000] {processor.py:157} INFO - Started process (PID=2961) to work on /home/airflow/.local/lib/python3.8/site-packages/airflow/example_dags/example_kubernetes_executor.py
[2023-11-03T00:16:26.262+0000] {processor.py:829} INFO - Processing file /home/airflow/.local/lib/python3.8/site-packages/airflow/example_dags/example_kubernetes_executor.py for tasks to queue
[2023-11-03T00:16:26.264+0000] {logging_mixin.py:151} INFO - [2023-11-03T00:16:26.264+0000] {dagbag.py:536} INFO - Filling up the DagBag from /home/airflow/.local/lib/python3.8/site-packages/airflow/example_dags/example_kubernetes_executor.py
[2023-11-03T00:16:26.278+0000] {processor.py:839} INFO - DAG(s) dict_keys(['example_kubernetes_executor']) retrieved from /home/airflow/.local/lib/python3.8/site-packages/airflow/example_dags/example_kubernetes_executor.py
[2023-11-03T00:16:26.320+0000] {logging_mixin.py:151} INFO - [2023-11-03T00:16:26.320+0000] {dag.py:2941} INFO - Sync 1 DAGs
[2023-11-03T00:16:26.335+0000] {logging_mixin.py:151} INFO - [2023-11-03T00:16:26.335+0000] {dag.py:3722} INFO - Setting next_dagrun for example_kubernetes_executor to None, run_after=None
[2023-11-03T00:16:26.358+0000] {processor.py:179} INFO - Processing /home/airflow/.local/lib/python3.8/site-packages/airflow/example_dags/example_kubernetes_executor.py took 0.099 seconds
[2023-11-03T00:16:56.566+0000] {processor.py:157} INFO - Started process (PID=3015) to work on /home/airflow/.local/lib/python3.8/site-packages/airflow/example_dags/example_kubernetes_executor.py
[2023-11-03T00:16:56.567+0000] {processor.py:829} INFO - Processing file /home/airflow/.local/lib/python3.8/site-packages/airflow/example_dags/example_kubernetes_executor.py for tasks to queue
[2023-11-03T00:16:56.569+0000] {logging_mixin.py:151} INFO - [2023-11-03T00:16:56.569+0000] {dagbag.py:536} INFO - Filling up the DagBag from /home/airflow/.local/lib/python3.8/site-packages/airflow/example_dags/example_kubernetes_executor.py
[2023-11-03T00:16:56.584+0000] {processor.py:839} INFO - DAG(s) dict_keys(['example_kubernetes_executor']) retrieved from /home/airflow/.local/lib/python3.8/site-packages/airflow/example_dags/example_kubernetes_executor.py
[2023-11-03T00:16:56.626+0000] {logging_mixin.py:151} INFO - [2023-11-03T00:16:56.625+0000] {dag.py:2941} INFO - Sync 1 DAGs
[2023-11-03T00:16:56.639+0000] {logging_mixin.py:151} INFO - [2023-11-03T00:16:56.639+0000] {dag.py:3722} INFO - Setting next_dagrun for example_kubernetes_executor to None, run_after=None
[2023-11-03T00:16:56.667+0000] {processor.py:179} INFO - Processing /home/airflow/.local/lib/python3.8/site-packages/airflow/example_dags/example_kubernetes_executor.py took 0.104 seconds
[2023-11-03T00:17:26.828+0000] {processor.py:157} INFO - Started process (PID=3069) to work on /home/airflow/.local/lib/python3.8/site-packages/airflow/example_dags/example_kubernetes_executor.py
[2023-11-03T00:17:26.830+0000] {processor.py:829} INFO - Processing file /home/airflow/.local/lib/python3.8/site-packages/airflow/example_dags/example_kubernetes_executor.py for tasks to queue
[2023-11-03T00:17:26.831+0000] {logging_mixin.py:151} INFO - [2023-11-03T00:17:26.831+0000] {dagbag.py:536} INFO - Filling up the DagBag from /home/airflow/.local/lib/python3.8/site-packages/airflow/example_dags/example_kubernetes_executor.py
[2023-11-03T00:17:26.846+0000] {processor.py:839} INFO - DAG(s) dict_keys(['example_kubernetes_executor']) retrieved from /home/airflow/.local/lib/python3.8/site-packages/airflow/example_dags/example_kubernetes_executor.py
[2023-11-03T00:17:26.887+0000] {logging_mixin.py:151} INFO - [2023-11-03T00:17:26.886+0000] {dag.py:2941} INFO - Sync 1 DAGs
[2023-11-03T00:17:26.900+0000] {logging_mixin.py:151} INFO - [2023-11-03T00:17:26.900+0000] {dag.py:3722} INFO - Setting next_dagrun for example_kubernetes_executor to None, run_after=None
[2023-11-03T00:17:26.928+0000] {processor.py:179} INFO - Processing /home/airflow/.local/lib/python3.8/site-packages/airflow/example_dags/example_kubernetes_executor.py took 0.104 seconds
[2023-11-03T00:17:57.419+0000] {processor.py:157} INFO - Started process (PID=3123) to work on /home/airflow/.local/lib/python3.8/site-packages/airflow/example_dags/example_kubernetes_executor.py
[2023-11-03T00:17:57.420+0000] {processor.py:829} INFO - Processing file /home/airflow/.local/lib/python3.8/site-packages/airflow/example_dags/example_kubernetes_executor.py for tasks to queue
[2023-11-03T00:17:57.422+0000] {logging_mixin.py:151} INFO - [2023-11-03T00:17:57.422+0000] {dagbag.py:536} INFO - Filling up the DagBag from /home/airflow/.local/lib/python3.8/site-packages/airflow/example_dags/example_kubernetes_executor.py
[2023-11-03T00:17:57.441+0000] {processor.py:839} INFO - DAG(s) dict_keys(['example_kubernetes_executor']) retrieved from /home/airflow/.local/lib/python3.8/site-packages/airflow/example_dags/example_kubernetes_executor.py
[2023-11-03T00:17:57.491+0000] {logging_mixin.py:151} INFO - [2023-11-03T00:17:57.491+0000] {dag.py:2941} INFO - Sync 1 DAGs
[2023-11-03T00:17:57.508+0000] {logging_mixin.py:151} INFO - [2023-11-03T00:17:57.508+0000] {dag.py:3722} INFO - Setting next_dagrun for example_kubernetes_executor to None, run_after=None
[2023-11-03T00:17:57.544+0000] {processor.py:179} INFO - Processing /home/airflow/.local/lib/python3.8/site-packages/airflow/example_dags/example_kubernetes_executor.py took 0.128 seconds
[2023-11-03T00:18:28.138+0000] {processor.py:157} INFO - Started process (PID=3177) to work on /home/airflow/.local/lib/python3.8/site-packages/airflow/example_dags/example_kubernetes_executor.py
[2023-11-03T00:18:28.139+0000] {processor.py:829} INFO - Processing file /home/airflow/.local/lib/python3.8/site-packages/airflow/example_dags/example_kubernetes_executor.py for tasks to queue
[2023-11-03T00:18:28.141+0000] {logging_mixin.py:151} INFO - [2023-11-03T00:18:28.141+0000] {dagbag.py:536} INFO - Filling up the DagBag from /home/airflow/.local/lib/python3.8/site-packages/airflow/example_dags/example_kubernetes_executor.py
[2023-11-03T00:18:28.156+0000] {processor.py:839} INFO - DAG(s) dict_keys(['example_kubernetes_executor']) retrieved from /home/airflow/.local/lib/python3.8/site-packages/airflow/example_dags/example_kubernetes_executor.py
[2023-11-03T00:18:28.202+0000] {logging_mixin.py:151} INFO - [2023-11-03T00:18:28.201+0000] {dag.py:2941} INFO - Sync 1 DAGs
[2023-11-03T00:18:28.218+0000] {logging_mixin.py:151} INFO - [2023-11-03T00:18:28.218+0000] {dag.py:3722} INFO - Setting next_dagrun for example_kubernetes_executor to None, run_after=None
[2023-11-03T00:18:28.247+0000] {processor.py:179} INFO - Processing /home/airflow/.local/lib/python3.8/site-packages/airflow/example_dags/example_kubernetes_executor.py took 0.113 seconds
[2023-11-03T00:18:58.422+0000] {processor.py:157} INFO - Started process (PID=3231) to work on /home/airflow/.local/lib/python3.8/site-packages/airflow/example_dags/example_kubernetes_executor.py
[2023-11-03T00:18:58.424+0000] {processor.py:829} INFO - Processing file /home/airflow/.local/lib/python3.8/site-packages/airflow/example_dags/example_kubernetes_executor.py for tasks to queue
[2023-11-03T00:18:58.427+0000] {logging_mixin.py:151} INFO - [2023-11-03T00:18:58.426+0000] {dagbag.py:536} INFO - Filling up the DagBag from /home/airflow/.local/lib/python3.8/site-packages/airflow/example_dags/example_kubernetes_executor.py
[2023-11-03T00:18:58.445+0000] {processor.py:839} INFO - DAG(s) dict_keys(['example_kubernetes_executor']) retrieved from /home/airflow/.local/lib/python3.8/site-packages/airflow/example_dags/example_kubernetes_executor.py
[2023-11-03T00:18:58.489+0000] {logging_mixin.py:151} INFO - [2023-11-03T00:18:58.489+0000] {dag.py:2941} INFO - Sync 1 DAGs
[2023-11-03T00:18:58.504+0000] {logging_mixin.py:151} INFO - [2023-11-03T00:18:58.504+0000] {dag.py:3722} INFO - Setting next_dagrun for example_kubernetes_executor to None, run_after=None
[2023-11-03T00:18:58.529+0000] {processor.py:179} INFO - Processing /home/airflow/.local/lib/python3.8/site-packages/airflow/example_dags/example_kubernetes_executor.py took 0.111 seconds
[2023-11-03T00:19:28.940+0000] {processor.py:157} INFO - Started process (PID=3285) to work on /home/airflow/.local/lib/python3.8/site-packages/airflow/example_dags/example_kubernetes_executor.py
[2023-11-03T00:19:28.941+0000] {processor.py:829} INFO - Processing file /home/airflow/.local/lib/python3.8/site-packages/airflow/example_dags/example_kubernetes_executor.py for tasks to queue
[2023-11-03T00:19:28.943+0000] {logging_mixin.py:151} INFO - [2023-11-03T00:19:28.943+0000] {dagbag.py:536} INFO - Filling up the DagBag from /home/airflow/.local/lib/python3.8/site-packages/airflow/example_dags/example_kubernetes_executor.py
[2023-11-03T00:19:28.960+0000] {processor.py:839} INFO - DAG(s) dict_keys(['example_kubernetes_executor']) retrieved from /home/airflow/.local/lib/python3.8/site-packages/airflow/example_dags/example_kubernetes_executor.py
[2023-11-03T00:19:29.011+0000] {logging_mixin.py:151} INFO - [2023-11-03T00:19:29.011+0000] {dag.py:2941} INFO - Sync 1 DAGs
[2023-11-03T00:19:29.025+0000] {logging_mixin.py:151} INFO - [2023-11-03T00:19:29.025+0000] {dag.py:3722} INFO - Setting next_dagrun for example_kubernetes_executor to None, run_after=None
[2023-11-03T00:19:29.056+0000] {processor.py:179} INFO - Processing /home/airflow/.local/lib/python3.8/site-packages/airflow/example_dags/example_kubernetes_executor.py took 0.119 seconds
[2023-11-03T00:19:59.170+0000] {processor.py:157} INFO - Started process (PID=3339) to work on /home/airflow/.local/lib/python3.8/site-packages/airflow/example_dags/example_kubernetes_executor.py
[2023-11-03T00:19:59.171+0000] {processor.py:829} INFO - Processing file /home/airflow/.local/lib/python3.8/site-packages/airflow/example_dags/example_kubernetes_executor.py for tasks to queue
[2023-11-03T00:19:59.173+0000] {logging_mixin.py:151} INFO - [2023-11-03T00:19:59.172+0000] {dagbag.py:536} INFO - Filling up the DagBag from /home/airflow/.local/lib/python3.8/site-packages/airflow/example_dags/example_kubernetes_executor.py
[2023-11-03T00:19:59.189+0000] {processor.py:839} INFO - DAG(s) dict_keys(['example_kubernetes_executor']) retrieved from /home/airflow/.local/lib/python3.8/site-packages/airflow/example_dags/example_kubernetes_executor.py
[2023-11-03T00:19:59.234+0000] {logging_mixin.py:151} INFO - [2023-11-03T00:19:59.234+0000] {dag.py:2941} INFO - Sync 1 DAGs
[2023-11-03T00:19:59.247+0000] {logging_mixin.py:151} INFO - [2023-11-03T00:19:59.247+0000] {dag.py:3722} INFO - Setting next_dagrun for example_kubernetes_executor to None, run_after=None
[2023-11-03T00:19:59.275+0000] {processor.py:179} INFO - Processing /home/airflow/.local/lib/python3.8/site-packages/airflow/example_dags/example_kubernetes_executor.py took 0.109 seconds
[2023-11-03T00:20:29.601+0000] {processor.py:157} INFO - Started process (PID=3393) to work on /home/airflow/.local/lib/python3.8/site-packages/airflow/example_dags/example_kubernetes_executor.py
[2023-11-03T00:20:29.602+0000] {processor.py:829} INFO - Processing file /home/airflow/.local/lib/python3.8/site-packages/airflow/example_dags/example_kubernetes_executor.py for tasks to queue
[2023-11-03T00:20:29.604+0000] {logging_mixin.py:151} INFO - [2023-11-03T00:20:29.604+0000] {dagbag.py:536} INFO - Filling up the DagBag from /home/airflow/.local/lib/python3.8/site-packages/airflow/example_dags/example_kubernetes_executor.py
[2023-11-03T00:20:29.619+0000] {processor.py:839} INFO - DAG(s) dict_keys(['example_kubernetes_executor']) retrieved from /home/airflow/.local/lib/python3.8/site-packages/airflow/example_dags/example_kubernetes_executor.py
[2023-11-03T00:20:29.668+0000] {logging_mixin.py:151} INFO - [2023-11-03T00:20:29.667+0000] {dag.py:2941} INFO - Sync 1 DAGs
[2023-11-03T00:20:29.681+0000] {logging_mixin.py:151} INFO - [2023-11-03T00:20:29.681+0000] {dag.py:3722} INFO - Setting next_dagrun for example_kubernetes_executor to None, run_after=None
[2023-11-03T00:20:29.708+0000] {processor.py:179} INFO - Processing /home/airflow/.local/lib/python3.8/site-packages/airflow/example_dags/example_kubernetes_executor.py took 0.112 seconds
[2023-11-03T00:20:59.849+0000] {processor.py:157} INFO - Started process (PID=3447) to work on /home/airflow/.local/lib/python3.8/site-packages/airflow/example_dags/example_kubernetes_executor.py
[2023-11-03T00:20:59.851+0000] {processor.py:829} INFO - Processing file /home/airflow/.local/lib/python3.8/site-packages/airflow/example_dags/example_kubernetes_executor.py for tasks to queue
[2023-11-03T00:20:59.853+0000] {logging_mixin.py:151} INFO - [2023-11-03T00:20:59.853+0000] {dagbag.py:536} INFO - Filling up the DagBag from /home/airflow/.local/lib/python3.8/site-packages/airflow/example_dags/example_kubernetes_executor.py
[2023-11-03T00:20:59.871+0000] {processor.py:839} INFO - DAG(s) dict_keys(['example_kubernetes_executor']) retrieved from /home/airflow/.local/lib/python3.8/site-packages/airflow/example_dags/example_kubernetes_executor.py
[2023-11-03T00:20:59.915+0000] {logging_mixin.py:151} INFO - [2023-11-03T00:20:59.914+0000] {dag.py:2941} INFO - Sync 1 DAGs
[2023-11-03T00:20:59.932+0000] {logging_mixin.py:151} INFO - [2023-11-03T00:20:59.932+0000] {dag.py:3722} INFO - Setting next_dagrun for example_kubernetes_executor to None, run_after=None
[2023-11-03T00:20:59.959+0000] {processor.py:179} INFO - Processing /home/airflow/.local/lib/python3.8/site-packages/airflow/example_dags/example_kubernetes_executor.py took 0.116 seconds
[2023-11-03T00:21:30.114+0000] {processor.py:157} INFO - Started process (PID=3501) to work on /home/airflow/.local/lib/python3.8/site-packages/airflow/example_dags/example_kubernetes_executor.py
[2023-11-03T00:21:30.115+0000] {processor.py:829} INFO - Processing file /home/airflow/.local/lib/python3.8/site-packages/airflow/example_dags/example_kubernetes_executor.py for tasks to queue
[2023-11-03T00:21:30.117+0000] {logging_mixin.py:151} INFO - [2023-11-03T00:21:30.116+0000] {dagbag.py:536} INFO - Filling up the DagBag from /home/airflow/.local/lib/python3.8/site-packages/airflow/example_dags/example_kubernetes_executor.py
[2023-11-03T00:21:30.132+0000] {processor.py:839} INFO - DAG(s) dict_keys(['example_kubernetes_executor']) retrieved from /home/airflow/.local/lib/python3.8/site-packages/airflow/example_dags/example_kubernetes_executor.py
[2023-11-03T00:21:30.171+0000] {logging_mixin.py:151} INFO - [2023-11-03T00:21:30.170+0000] {dag.py:2941} INFO - Sync 1 DAGs
[2023-11-03T00:21:30.183+0000] {logging_mixin.py:151} INFO - [2023-11-03T00:21:30.183+0000] {dag.py:3722} INFO - Setting next_dagrun for example_kubernetes_executor to None, run_after=None
[2023-11-03T00:21:30.206+0000] {processor.py:179} INFO - Processing /home/airflow/.local/lib/python3.8/site-packages/airflow/example_dags/example_kubernetes_executor.py took 0.097 seconds
[2023-11-03T00:22:00.487+0000] {processor.py:157} INFO - Started process (PID=3555) to work on /home/airflow/.local/lib/python3.8/site-packages/airflow/example_dags/example_kubernetes_executor.py
[2023-11-03T00:22:00.488+0000] {processor.py:829} INFO - Processing file /home/airflow/.local/lib/python3.8/site-packages/airflow/example_dags/example_kubernetes_executor.py for tasks to queue
[2023-11-03T00:22:00.490+0000] {logging_mixin.py:151} INFO - [2023-11-03T00:22:00.490+0000] {dagbag.py:536} INFO - Filling up the DagBag from /home/airflow/.local/lib/python3.8/site-packages/airflow/example_dags/example_kubernetes_executor.py
[2023-11-03T00:22:00.507+0000] {processor.py:839} INFO - DAG(s) dict_keys(['example_kubernetes_executor']) retrieved from /home/airflow/.local/lib/python3.8/site-packages/airflow/example_dags/example_kubernetes_executor.py
[2023-11-03T00:22:00.553+0000] {logging_mixin.py:151} INFO - [2023-11-03T00:22:00.552+0000] {dag.py:2941} INFO - Sync 1 DAGs
[2023-11-03T00:22:00.566+0000] {logging_mixin.py:151} INFO - [2023-11-03T00:22:00.566+0000] {dag.py:3722} INFO - Setting next_dagrun for example_kubernetes_executor to None, run_after=None
[2023-11-03T00:22:00.593+0000] {processor.py:179} INFO - Processing /home/airflow/.local/lib/python3.8/site-packages/airflow/example_dags/example_kubernetes_executor.py took 0.110 seconds
[2023-11-03T00:22:30.801+0000] {processor.py:157} INFO - Started process (PID=3609) to work on /home/airflow/.local/lib/python3.8/site-packages/airflow/example_dags/example_kubernetes_executor.py
[2023-11-03T00:22:30.803+0000] {processor.py:829} INFO - Processing file /home/airflow/.local/lib/python3.8/site-packages/airflow/example_dags/example_kubernetes_executor.py for tasks to queue
[2023-11-03T00:22:30.805+0000] {logging_mixin.py:151} INFO - [2023-11-03T00:22:30.805+0000] {dagbag.py:536} INFO - Filling up the DagBag from /home/airflow/.local/lib/python3.8/site-packages/airflow/example_dags/example_kubernetes_executor.py
[2023-11-03T00:22:30.821+0000] {processor.py:839} INFO - DAG(s) dict_keys(['example_kubernetes_executor']) retrieved from /home/airflow/.local/lib/python3.8/site-packages/airflow/example_dags/example_kubernetes_executor.py
[2023-11-03T00:22:30.867+0000] {logging_mixin.py:151} INFO - [2023-11-03T00:22:30.867+0000] {dag.py:2941} INFO - Sync 1 DAGs
[2023-11-03T00:22:30.880+0000] {logging_mixin.py:151} INFO - [2023-11-03T00:22:30.880+0000] {dag.py:3722} INFO - Setting next_dagrun for example_kubernetes_executor to None, run_after=None
[2023-11-03T00:22:30.910+0000] {processor.py:179} INFO - Processing /home/airflow/.local/lib/python3.8/site-packages/airflow/example_dags/example_kubernetes_executor.py took 0.112 seconds
[2023-11-03T00:23:01.375+0000] {processor.py:157} INFO - Started process (PID=3663) to work on /home/airflow/.local/lib/python3.8/site-packages/airflow/example_dags/example_kubernetes_executor.py
[2023-11-03T00:23:01.376+0000] {processor.py:829} INFO - Processing file /home/airflow/.local/lib/python3.8/site-packages/airflow/example_dags/example_kubernetes_executor.py for tasks to queue
[2023-11-03T00:23:01.379+0000] {logging_mixin.py:151} INFO - [2023-11-03T00:23:01.378+0000] {dagbag.py:536} INFO - Filling up the DagBag from /home/airflow/.local/lib/python3.8/site-packages/airflow/example_dags/example_kubernetes_executor.py
[2023-11-03T00:23:01.396+0000] {processor.py:839} INFO - DAG(s) dict_keys(['example_kubernetes_executor']) retrieved from /home/airflow/.local/lib/python3.8/site-packages/airflow/example_dags/example_kubernetes_executor.py
[2023-11-03T00:23:01.440+0000] {logging_mixin.py:151} INFO - [2023-11-03T00:23:01.440+0000] {dag.py:2941} INFO - Sync 1 DAGs
[2023-11-03T00:23:01.455+0000] {logging_mixin.py:151} INFO - [2023-11-03T00:23:01.455+0000] {dag.py:3722} INFO - Setting next_dagrun for example_kubernetes_executor to None, run_after=None
[2023-11-03T00:23:01.482+0000] {processor.py:179} INFO - Processing /home/airflow/.local/lib/python3.8/site-packages/airflow/example_dags/example_kubernetes_executor.py took 0.110 seconds
[2023-11-03T00:23:31.812+0000] {processor.py:157} INFO - Started process (PID=3717) to work on /home/airflow/.local/lib/python3.8/site-packages/airflow/example_dags/example_kubernetes_executor.py
[2023-11-03T00:23:31.815+0000] {processor.py:829} INFO - Processing file /home/airflow/.local/lib/python3.8/site-packages/airflow/example_dags/example_kubernetes_executor.py for tasks to queue
[2023-11-03T00:23:31.818+0000] {logging_mixin.py:151} INFO - [2023-11-03T00:23:31.817+0000] {dagbag.py:536} INFO - Filling up the DagBag from /home/airflow/.local/lib/python3.8/site-packages/airflow/example_dags/example_kubernetes_executor.py
[2023-11-03T00:23:31.839+0000] {processor.py:839} INFO - DAG(s) dict_keys(['example_kubernetes_executor']) retrieved from /home/airflow/.local/lib/python3.8/site-packages/airflow/example_dags/example_kubernetes_executor.py
[2023-11-03T00:23:31.902+0000] {logging_mixin.py:151} INFO - [2023-11-03T00:23:31.901+0000] {dag.py:2941} INFO - Sync 1 DAGs
[2023-11-03T00:23:31.924+0000] {logging_mixin.py:151} INFO - [2023-11-03T00:23:31.924+0000] {dag.py:3722} INFO - Setting next_dagrun for example_kubernetes_executor to None, run_after=None
[2023-11-03T00:23:31.966+0000] {processor.py:179} INFO - Processing /home/airflow/.local/lib/python3.8/site-packages/airflow/example_dags/example_kubernetes_executor.py took 0.162 seconds
[2023-11-03T00:24:02.224+0000] {processor.py:157} INFO - Started process (PID=3771) to work on /home/airflow/.local/lib/python3.8/site-packages/airflow/example_dags/example_kubernetes_executor.py
[2023-11-03T00:24:02.225+0000] {processor.py:829} INFO - Processing file /home/airflow/.local/lib/python3.8/site-packages/airflow/example_dags/example_kubernetes_executor.py for tasks to queue
[2023-11-03T00:24:02.228+0000] {logging_mixin.py:151} INFO - [2023-11-03T00:24:02.227+0000] {dagbag.py:536} INFO - Filling up the DagBag from /home/airflow/.local/lib/python3.8/site-packages/airflow/example_dags/example_kubernetes_executor.py
[2023-11-03T00:24:02.245+0000] {processor.py:839} INFO - DAG(s) dict_keys(['example_kubernetes_executor']) retrieved from /home/airflow/.local/lib/python3.8/site-packages/airflow/example_dags/example_kubernetes_executor.py
[2023-11-03T00:24:02.289+0000] {logging_mixin.py:151} INFO - [2023-11-03T00:24:02.288+0000] {dag.py:2941} INFO - Sync 1 DAGs
[2023-11-03T00:24:02.304+0000] {logging_mixin.py:151} INFO - [2023-11-03T00:24:02.304+0000] {dag.py:3722} INFO - Setting next_dagrun for example_kubernetes_executor to None, run_after=None
[2023-11-03T00:24:02.334+0000] {processor.py:179} INFO - Processing /home/airflow/.local/lib/python3.8/site-packages/airflow/example_dags/example_kubernetes_executor.py took 0.113 seconds
[2023-11-03T00:24:32.389+0000] {processor.py:157} INFO - Started process (PID=3826) to work on /home/airflow/.local/lib/python3.8/site-packages/airflow/example_dags/example_kubernetes_executor.py
[2023-11-03T00:24:32.390+0000] {processor.py:829} INFO - Processing file /home/airflow/.local/lib/python3.8/site-packages/airflow/example_dags/example_kubernetes_executor.py for tasks to queue
[2023-11-03T00:24:32.392+0000] {logging_mixin.py:151} INFO - [2023-11-03T00:24:32.392+0000] {dagbag.py:536} INFO - Filling up the DagBag from /home/airflow/.local/lib/python3.8/site-packages/airflow/example_dags/example_kubernetes_executor.py
[2023-11-03T00:24:32.407+0000] {processor.py:839} INFO - DAG(s) dict_keys(['example_kubernetes_executor']) retrieved from /home/airflow/.local/lib/python3.8/site-packages/airflow/example_dags/example_kubernetes_executor.py
[2023-11-03T00:24:32.452+0000] {logging_mixin.py:151} INFO - [2023-11-03T00:24:32.452+0000] {dag.py:2941} INFO - Sync 1 DAGs
[2023-11-03T00:24:32.465+0000] {logging_mixin.py:151} INFO - [2023-11-03T00:24:32.465+0000] {dag.py:3722} INFO - Setting next_dagrun for example_kubernetes_executor to None, run_after=None
[2023-11-03T00:24:32.491+0000] {processor.py:179} INFO - Processing /home/airflow/.local/lib/python3.8/site-packages/airflow/example_dags/example_kubernetes_executor.py took 0.105 seconds
[2023-11-03T00:25:02.640+0000] {processor.py:157} INFO - Started process (PID=3879) to work on /home/airflow/.local/lib/python3.8/site-packages/airflow/example_dags/example_kubernetes_executor.py
[2023-11-03T00:25:02.641+0000] {processor.py:829} INFO - Processing file /home/airflow/.local/lib/python3.8/site-packages/airflow/example_dags/example_kubernetes_executor.py for tasks to queue
[2023-11-03T00:25:02.643+0000] {logging_mixin.py:151} INFO - [2023-11-03T00:25:02.643+0000] {dagbag.py:536} INFO - Filling up the DagBag from /home/airflow/.local/lib/python3.8/site-packages/airflow/example_dags/example_kubernetes_executor.py
[2023-11-03T00:25:02.661+0000] {processor.py:839} INFO - DAG(s) dict_keys(['example_kubernetes_executor']) retrieved from /home/airflow/.local/lib/python3.8/site-packages/airflow/example_dags/example_kubernetes_executor.py
[2023-11-03T00:25:02.707+0000] {logging_mixin.py:151} INFO - [2023-11-03T00:25:02.707+0000] {dag.py:2941} INFO - Sync 1 DAGs
[2023-11-03T00:25:02.724+0000] {logging_mixin.py:151} INFO - [2023-11-03T00:25:02.724+0000] {dag.py:3722} INFO - Setting next_dagrun for example_kubernetes_executor to None, run_after=None
[2023-11-03T00:25:02.750+0000] {processor.py:179} INFO - Processing /home/airflow/.local/lib/python3.8/site-packages/airflow/example_dags/example_kubernetes_executor.py took 0.113 seconds
[2023-11-03T00:25:32.883+0000] {processor.py:157} INFO - Started process (PID=3933) to work on /home/airflow/.local/lib/python3.8/site-packages/airflow/example_dags/example_kubernetes_executor.py
[2023-11-03T00:25:32.884+0000] {processor.py:829} INFO - Processing file /home/airflow/.local/lib/python3.8/site-packages/airflow/example_dags/example_kubernetes_executor.py for tasks to queue
[2023-11-03T00:25:32.886+0000] {logging_mixin.py:151} INFO - [2023-11-03T00:25:32.886+0000] {dagbag.py:536} INFO - Filling up the DagBag from /home/airflow/.local/lib/python3.8/site-packages/airflow/example_dags/example_kubernetes_executor.py
[2023-11-03T00:25:32.901+0000] {processor.py:839} INFO - DAG(s) dict_keys(['example_kubernetes_executor']) retrieved from /home/airflow/.local/lib/python3.8/site-packages/airflow/example_dags/example_kubernetes_executor.py
[2023-11-03T00:25:32.949+0000] {logging_mixin.py:151} INFO - [2023-11-03T00:25:32.948+0000] {dag.py:2941} INFO - Sync 1 DAGs
[2023-11-03T00:25:32.963+0000] {logging_mixin.py:151} INFO - [2023-11-03T00:25:32.963+0000] {dag.py:3722} INFO - Setting next_dagrun for example_kubernetes_executor to None, run_after=None
[2023-11-03T00:25:32.993+0000] {processor.py:179} INFO - Processing /home/airflow/.local/lib/python3.8/site-packages/airflow/example_dags/example_kubernetes_executor.py took 0.113 seconds
[2023-11-03T00:26:03.057+0000] {processor.py:157} INFO - Started process (PID=3987) to work on /home/airflow/.local/lib/python3.8/site-packages/airflow/example_dags/example_kubernetes_executor.py
[2023-11-03T00:26:03.058+0000] {processor.py:829} INFO - Processing file /home/airflow/.local/lib/python3.8/site-packages/airflow/example_dags/example_kubernetes_executor.py for tasks to queue
[2023-11-03T00:26:03.060+0000] {logging_mixin.py:151} INFO - [2023-11-03T00:26:03.060+0000] {dagbag.py:536} INFO - Filling up the DagBag from /home/airflow/.local/lib/python3.8/site-packages/airflow/example_dags/example_kubernetes_executor.py
[2023-11-03T00:26:03.076+0000] {processor.py:839} INFO - DAG(s) dict_keys(['example_kubernetes_executor']) retrieved from /home/airflow/.local/lib/python3.8/site-packages/airflow/example_dags/example_kubernetes_executor.py
[2023-11-03T00:26:03.116+0000] {logging_mixin.py:151} INFO - [2023-11-03T00:26:03.116+0000] {dag.py:2941} INFO - Sync 1 DAGs
[2023-11-03T00:26:03.129+0000] {logging_mixin.py:151} INFO - [2023-11-03T00:26:03.129+0000] {dag.py:3722} INFO - Setting next_dagrun for example_kubernetes_executor to None, run_after=None
[2023-11-03T00:26:03.157+0000] {processor.py:179} INFO - Processing /home/airflow/.local/lib/python3.8/site-packages/airflow/example_dags/example_kubernetes_executor.py took 0.103 seconds
[2023-11-03T00:26:33.267+0000] {processor.py:157} INFO - Started process (PID=4041) to work on /home/airflow/.local/lib/python3.8/site-packages/airflow/example_dags/example_kubernetes_executor.py
[2023-11-03T00:26:33.269+0000] {processor.py:829} INFO - Processing file /home/airflow/.local/lib/python3.8/site-packages/airflow/example_dags/example_kubernetes_executor.py for tasks to queue
[2023-11-03T00:26:33.271+0000] {logging_mixin.py:151} INFO - [2023-11-03T00:26:33.270+0000] {dagbag.py:536} INFO - Filling up the DagBag from /home/airflow/.local/lib/python3.8/site-packages/airflow/example_dags/example_kubernetes_executor.py
[2023-11-03T00:26:33.286+0000] {processor.py:839} INFO - DAG(s) dict_keys(['example_kubernetes_executor']) retrieved from /home/airflow/.local/lib/python3.8/site-packages/airflow/example_dags/example_kubernetes_executor.py
[2023-11-03T00:26:33.328+0000] {logging_mixin.py:151} INFO - [2023-11-03T00:26:33.328+0000] {dag.py:2941} INFO - Sync 1 DAGs
[2023-11-03T00:26:33.342+0000] {logging_mixin.py:151} INFO - [2023-11-03T00:26:33.342+0000] {dag.py:3722} INFO - Setting next_dagrun for example_kubernetes_executor to None, run_after=None
[2023-11-03T00:26:33.367+0000] {processor.py:179} INFO - Processing /home/airflow/.local/lib/python3.8/site-packages/airflow/example_dags/example_kubernetes_executor.py took 0.103 seconds
[2023-11-03T00:27:03.469+0000] {processor.py:157} INFO - Started process (PID=4095) to work on /home/airflow/.local/lib/python3.8/site-packages/airflow/example_dags/example_kubernetes_executor.py
[2023-11-03T00:27:03.470+0000] {processor.py:829} INFO - Processing file /home/airflow/.local/lib/python3.8/site-packages/airflow/example_dags/example_kubernetes_executor.py for tasks to queue
[2023-11-03T00:27:03.472+0000] {logging_mixin.py:151} INFO - [2023-11-03T00:27:03.472+0000] {dagbag.py:536} INFO - Filling up the DagBag from /home/airflow/.local/lib/python3.8/site-packages/airflow/example_dags/example_kubernetes_executor.py
[2023-11-03T00:27:03.488+0000] {processor.py:839} INFO - DAG(s) dict_keys(['example_kubernetes_executor']) retrieved from /home/airflow/.local/lib/python3.8/site-packages/airflow/example_dags/example_kubernetes_executor.py
[2023-11-03T00:27:03.528+0000] {logging_mixin.py:151} INFO - [2023-11-03T00:27:03.528+0000] {dag.py:2941} INFO - Sync 1 DAGs
[2023-11-03T00:27:03.542+0000] {logging_mixin.py:151} INFO - [2023-11-03T00:27:03.541+0000] {dag.py:3722} INFO - Setting next_dagrun for example_kubernetes_executor to None, run_after=None
[2023-11-03T00:27:03.576+0000] {processor.py:179} INFO - Processing /home/airflow/.local/lib/python3.8/site-packages/airflow/example_dags/example_kubernetes_executor.py took 0.111 seconds
[2023-11-03T00:27:33.639+0000] {processor.py:157} INFO - Started process (PID=4149) to work on /home/airflow/.local/lib/python3.8/site-packages/airflow/example_dags/example_kubernetes_executor.py
[2023-11-03T00:27:33.640+0000] {processor.py:829} INFO - Processing file /home/airflow/.local/lib/python3.8/site-packages/airflow/example_dags/example_kubernetes_executor.py for tasks to queue
[2023-11-03T00:27:33.642+0000] {logging_mixin.py:151} INFO - [2023-11-03T00:27:33.642+0000] {dagbag.py:536} INFO - Filling up the DagBag from /home/airflow/.local/lib/python3.8/site-packages/airflow/example_dags/example_kubernetes_executor.py
[2023-11-03T00:27:33.657+0000] {processor.py:839} INFO - DAG(s) dict_keys(['example_kubernetes_executor']) retrieved from /home/airflow/.local/lib/python3.8/site-packages/airflow/example_dags/example_kubernetes_executor.py
[2023-11-03T00:27:33.698+0000] {logging_mixin.py:151} INFO - [2023-11-03T00:27:33.698+0000] {dag.py:2941} INFO - Sync 1 DAGs
[2023-11-03T00:27:33.711+0000] {logging_mixin.py:151} INFO - [2023-11-03T00:27:33.711+0000] {dag.py:3722} INFO - Setting next_dagrun for example_kubernetes_executor to None, run_after=None
[2023-11-03T00:27:33.737+0000] {processor.py:179} INFO - Processing /home/airflow/.local/lib/python3.8/site-packages/airflow/example_dags/example_kubernetes_executor.py took 0.101 seconds
[2023-11-03T00:28:03.846+0000] {processor.py:157} INFO - Started process (PID=4203) to work on /home/airflow/.local/lib/python3.8/site-packages/airflow/example_dags/example_kubernetes_executor.py
[2023-11-03T00:28:03.847+0000] {processor.py:829} INFO - Processing file /home/airflow/.local/lib/python3.8/site-packages/airflow/example_dags/example_kubernetes_executor.py for tasks to queue
[2023-11-03T00:28:03.849+0000] {logging_mixin.py:151} INFO - [2023-11-03T00:28:03.849+0000] {dagbag.py:536} INFO - Filling up the DagBag from /home/airflow/.local/lib/python3.8/site-packages/airflow/example_dags/example_kubernetes_executor.py
[2023-11-03T00:28:03.864+0000] {processor.py:839} INFO - DAG(s) dict_keys(['example_kubernetes_executor']) retrieved from /home/airflow/.local/lib/python3.8/site-packages/airflow/example_dags/example_kubernetes_executor.py
[2023-11-03T00:28:03.908+0000] {logging_mixin.py:151} INFO - [2023-11-03T00:28:03.908+0000] {dag.py:2941} INFO - Sync 1 DAGs
[2023-11-03T00:28:03.923+0000] {logging_mixin.py:151} INFO - [2023-11-03T00:28:03.923+0000] {dag.py:3722} INFO - Setting next_dagrun for example_kubernetes_executor to None, run_after=None
[2023-11-03T00:28:03.949+0000] {processor.py:179} INFO - Processing /home/airflow/.local/lib/python3.8/site-packages/airflow/example_dags/example_kubernetes_executor.py took 0.107 seconds
[2023-11-03T00:28:34.077+0000] {processor.py:157} INFO - Started process (PID=4257) to work on /home/airflow/.local/lib/python3.8/site-packages/airflow/example_dags/example_kubernetes_executor.py
[2023-11-03T00:28:34.079+0000] {processor.py:829} INFO - Processing file /home/airflow/.local/lib/python3.8/site-packages/airflow/example_dags/example_kubernetes_executor.py for tasks to queue
[2023-11-03T00:28:34.081+0000] {logging_mixin.py:151} INFO - [2023-11-03T00:28:34.081+0000] {dagbag.py:536} INFO - Filling up the DagBag from /home/airflow/.local/lib/python3.8/site-packages/airflow/example_dags/example_kubernetes_executor.py
[2023-11-03T00:28:34.096+0000] {processor.py:839} INFO - DAG(s) dict_keys(['example_kubernetes_executor']) retrieved from /home/airflow/.local/lib/python3.8/site-packages/airflow/example_dags/example_kubernetes_executor.py
[2023-11-03T00:28:34.141+0000] {logging_mixin.py:151} INFO - [2023-11-03T00:28:34.140+0000] {dag.py:2941} INFO - Sync 1 DAGs
[2023-11-03T00:28:34.156+0000] {logging_mixin.py:151} INFO - [2023-11-03T00:28:34.155+0000] {dag.py:3722} INFO - Setting next_dagrun for example_kubernetes_executor to None, run_after=None
[2023-11-03T00:28:34.184+0000] {processor.py:179} INFO - Processing /home/airflow/.local/lib/python3.8/site-packages/airflow/example_dags/example_kubernetes_executor.py took 0.110 seconds
[2023-11-03T00:29:04.497+0000] {processor.py:157} INFO - Started process (PID=4312) to work on /home/airflow/.local/lib/python3.8/site-packages/airflow/example_dags/example_kubernetes_executor.py
[2023-11-03T00:29:04.497+0000] {processor.py:829} INFO - Processing file /home/airflow/.local/lib/python3.8/site-packages/airflow/example_dags/example_kubernetes_executor.py for tasks to queue
[2023-11-03T00:29:04.499+0000] {logging_mixin.py:151} INFO - [2023-11-03T00:29:04.499+0000] {dagbag.py:536} INFO - Filling up the DagBag from /home/airflow/.local/lib/python3.8/site-packages/airflow/example_dags/example_kubernetes_executor.py
[2023-11-03T00:29:04.515+0000] {processor.py:839} INFO - DAG(s) dict_keys(['example_kubernetes_executor']) retrieved from /home/airflow/.local/lib/python3.8/site-packages/airflow/example_dags/example_kubernetes_executor.py
[2023-11-03T00:29:04.567+0000] {logging_mixin.py:151} INFO - [2023-11-03T00:29:04.567+0000] {dag.py:2941} INFO - Sync 1 DAGs
[2023-11-03T00:29:04.581+0000] {logging_mixin.py:151} INFO - [2023-11-03T00:29:04.580+0000] {dag.py:3722} INFO - Setting next_dagrun for example_kubernetes_executor to None, run_after=None
[2023-11-03T00:29:04.608+0000] {processor.py:179} INFO - Processing /home/airflow/.local/lib/python3.8/site-packages/airflow/example_dags/example_kubernetes_executor.py took 0.115 seconds
[2023-11-03T00:29:34.723+0000] {processor.py:157} INFO - Started process (PID=4366) to work on /home/airflow/.local/lib/python3.8/site-packages/airflow/example_dags/example_kubernetes_executor.py
[2023-11-03T00:29:34.725+0000] {processor.py:829} INFO - Processing file /home/airflow/.local/lib/python3.8/site-packages/airflow/example_dags/example_kubernetes_executor.py for tasks to queue
[2023-11-03T00:29:34.727+0000] {logging_mixin.py:151} INFO - [2023-11-03T00:29:34.726+0000] {dagbag.py:536} INFO - Filling up the DagBag from /home/airflow/.local/lib/python3.8/site-packages/airflow/example_dags/example_kubernetes_executor.py
[2023-11-03T00:29:34.742+0000] {processor.py:839} INFO - DAG(s) dict_keys(['example_kubernetes_executor']) retrieved from /home/airflow/.local/lib/python3.8/site-packages/airflow/example_dags/example_kubernetes_executor.py
[2023-11-03T00:29:34.790+0000] {logging_mixin.py:151} INFO - [2023-11-03T00:29:34.790+0000] {dag.py:2941} INFO - Sync 1 DAGs
[2023-11-03T00:29:34.804+0000] {logging_mixin.py:151} INFO - [2023-11-03T00:29:34.804+0000] {dag.py:3722} INFO - Setting next_dagrun for example_kubernetes_executor to None, run_after=None
[2023-11-03T00:29:34.837+0000] {processor.py:179} INFO - Processing /home/airflow/.local/lib/python3.8/site-packages/airflow/example_dags/example_kubernetes_executor.py took 0.117 seconds
[2023-11-03T00:30:05.039+0000] {processor.py:157} INFO - Started process (PID=4419) to work on /home/airflow/.local/lib/python3.8/site-packages/airflow/example_dags/example_kubernetes_executor.py
[2023-11-03T00:30:05.040+0000] {processor.py:829} INFO - Processing file /home/airflow/.local/lib/python3.8/site-packages/airflow/example_dags/example_kubernetes_executor.py for tasks to queue
[2023-11-03T00:30:05.042+0000] {logging_mixin.py:151} INFO - [2023-11-03T00:30:05.042+0000] {dagbag.py:536} INFO - Filling up the DagBag from /home/airflow/.local/lib/python3.8/site-packages/airflow/example_dags/example_kubernetes_executor.py
[2023-11-03T00:30:05.059+0000] {processor.py:839} INFO - DAG(s) dict_keys(['example_kubernetes_executor']) retrieved from /home/airflow/.local/lib/python3.8/site-packages/airflow/example_dags/example_kubernetes_executor.py
[2023-11-03T00:30:05.111+0000] {logging_mixin.py:151} INFO - [2023-11-03T00:30:05.111+0000] {dag.py:2941} INFO - Sync 1 DAGs
[2023-11-03T00:30:05.127+0000] {logging_mixin.py:151} INFO - [2023-11-03T00:30:05.127+0000] {dag.py:3722} INFO - Setting next_dagrun for example_kubernetes_executor to None, run_after=None
[2023-11-03T00:30:05.159+0000] {processor.py:179} INFO - Processing /home/airflow/.local/lib/python3.8/site-packages/airflow/example_dags/example_kubernetes_executor.py took 0.124 seconds
[2023-11-03T00:30:35.873+0000] {processor.py:157} INFO - Started process (PID=4473) to work on /home/airflow/.local/lib/python3.8/site-packages/airflow/example_dags/example_kubernetes_executor.py
[2023-11-03T00:30:35.874+0000] {processor.py:829} INFO - Processing file /home/airflow/.local/lib/python3.8/site-packages/airflow/example_dags/example_kubernetes_executor.py for tasks to queue
[2023-11-03T00:30:35.876+0000] {logging_mixin.py:151} INFO - [2023-11-03T00:30:35.876+0000] {dagbag.py:536} INFO - Filling up the DagBag from /home/airflow/.local/lib/python3.8/site-packages/airflow/example_dags/example_kubernetes_executor.py
[2023-11-03T00:30:35.891+0000] {processor.py:839} INFO - DAG(s) dict_keys(['example_kubernetes_executor']) retrieved from /home/airflow/.local/lib/python3.8/site-packages/airflow/example_dags/example_kubernetes_executor.py
[2023-11-03T00:30:35.928+0000] {logging_mixin.py:151} INFO - [2023-11-03T00:30:35.928+0000] {dag.py:2941} INFO - Sync 1 DAGs
[2023-11-03T00:30:35.940+0000] {logging_mixin.py:151} INFO - [2023-11-03T00:30:35.940+0000] {dag.py:3722} INFO - Setting next_dagrun for example_kubernetes_executor to None, run_after=None
[2023-11-03T00:30:35.966+0000] {processor.py:179} INFO - Processing /home/airflow/.local/lib/python3.8/site-packages/airflow/example_dags/example_kubernetes_executor.py took 0.097 seconds
