[2023-11-03T00:00:05.217+0000] {processor.py:157} INFO - Started process (PID=1219) to work on /home/airflow/.local/lib/python3.8/site-packages/airflow/example_dags/example_params_ui_tutorial.py
[2023-11-03T00:00:05.218+0000] {processor.py:829} INFO - Processing file /home/airflow/.local/lib/python3.8/site-packages/airflow/example_dags/example_params_ui_tutorial.py for tasks to queue
[2023-11-03T00:00:05.221+0000] {logging_mixin.py:151} INFO - [2023-11-03T00:00:05.221+0000] {dagbag.py:536} INFO - Filling up the DagBag from /home/airflow/.local/lib/python3.8/site-packages/airflow/example_dags/example_params_ui_tutorial.py
[2023-11-03T00:00:05.264+0000] {processor.py:839} INFO - DAG(s) dict_keys(['example_params_ui_tutorial']) retrieved from /home/airflow/.local/lib/python3.8/site-packages/airflow/example_dags/example_params_ui_tutorial.py
[2023-11-03T00:00:05.434+0000] {logging_mixin.py:151} INFO - [2023-11-03T00:00:05.434+0000] {dag.py:2941} INFO - Sync 1 DAGs
[2023-11-03T00:00:05.450+0000] {logging_mixin.py:151} INFO - [2023-11-03T00:00:05.449+0000] {dag.py:3722} INFO - Setting next_dagrun for example_params_ui_tutorial to None, run_after=None
[2023-11-03T00:00:05.632+0000] {processor.py:179} INFO - Processing /home/airflow/.local/lib/python3.8/site-packages/airflow/example_dags/example_params_ui_tutorial.py took 0.418 seconds
[2023-11-03T00:00:36.176+0000] {processor.py:157} INFO - Started process (PID=1273) to work on /home/airflow/.local/lib/python3.8/site-packages/airflow/example_dags/example_params_ui_tutorial.py
[2023-11-03T00:00:36.178+0000] {processor.py:829} INFO - Processing file /home/airflow/.local/lib/python3.8/site-packages/airflow/example_dags/example_params_ui_tutorial.py for tasks to queue
[2023-11-03T00:00:36.180+0000] {logging_mixin.py:151} INFO - [2023-11-03T00:00:36.180+0000] {dagbag.py:536} INFO - Filling up the DagBag from /home/airflow/.local/lib/python3.8/site-packages/airflow/example_dags/example_params_ui_tutorial.py
[2023-11-03T00:00:36.219+0000] {processor.py:839} INFO - DAG(s) dict_keys(['example_params_ui_tutorial']) retrieved from /home/airflow/.local/lib/python3.8/site-packages/airflow/example_dags/example_params_ui_tutorial.py
[2023-11-03T00:00:36.283+0000] {logging_mixin.py:151} INFO - [2023-11-03T00:00:36.282+0000] {dag.py:2941} INFO - Sync 1 DAGs
[2023-11-03T00:00:36.300+0000] {logging_mixin.py:151} INFO - [2023-11-03T00:00:36.299+0000] {dag.py:3722} INFO - Setting next_dagrun for example_params_ui_tutorial to None, run_after=None
[2023-11-03T00:00:36.329+0000] {processor.py:179} INFO - Processing /home/airflow/.local/lib/python3.8/site-packages/airflow/example_dags/example_params_ui_tutorial.py took 0.157 seconds
[2023-11-03T00:01:06.573+0000] {processor.py:157} INFO - Started process (PID=1327) to work on /home/airflow/.local/lib/python3.8/site-packages/airflow/example_dags/example_params_ui_tutorial.py
[2023-11-03T00:01:06.575+0000] {processor.py:829} INFO - Processing file /home/airflow/.local/lib/python3.8/site-packages/airflow/example_dags/example_params_ui_tutorial.py for tasks to queue
[2023-11-03T00:01:06.577+0000] {logging_mixin.py:151} INFO - [2023-11-03T00:01:06.577+0000] {dagbag.py:536} INFO - Filling up the DagBag from /home/airflow/.local/lib/python3.8/site-packages/airflow/example_dags/example_params_ui_tutorial.py
[2023-11-03T00:01:06.614+0000] {processor.py:839} INFO - DAG(s) dict_keys(['example_params_ui_tutorial']) retrieved from /home/airflow/.local/lib/python3.8/site-packages/airflow/example_dags/example_params_ui_tutorial.py
[2023-11-03T00:01:06.676+0000] {logging_mixin.py:151} INFO - [2023-11-03T00:01:06.676+0000] {dag.py:2941} INFO - Sync 1 DAGs
[2023-11-03T00:01:06.692+0000] {logging_mixin.py:151} INFO - [2023-11-03T00:01:06.692+0000] {dag.py:3722} INFO - Setting next_dagrun for example_params_ui_tutorial to None, run_after=None
[2023-11-03T00:01:06.727+0000] {processor.py:179} INFO - Processing /home/airflow/.local/lib/python3.8/site-packages/airflow/example_dags/example_params_ui_tutorial.py took 0.157 seconds
[2023-11-03T00:01:36.807+0000] {processor.py:157} INFO - Started process (PID=1381) to work on /home/airflow/.local/lib/python3.8/site-packages/airflow/example_dags/example_params_ui_tutorial.py
[2023-11-03T00:01:36.809+0000] {processor.py:829} INFO - Processing file /home/airflow/.local/lib/python3.8/site-packages/airflow/example_dags/example_params_ui_tutorial.py for tasks to queue
[2023-11-03T00:01:36.811+0000] {logging_mixin.py:151} INFO - [2023-11-03T00:01:36.811+0000] {dagbag.py:536} INFO - Filling up the DagBag from /home/airflow/.local/lib/python3.8/site-packages/airflow/example_dags/example_params_ui_tutorial.py
[2023-11-03T00:01:36.849+0000] {processor.py:839} INFO - DAG(s) dict_keys(['example_params_ui_tutorial']) retrieved from /home/airflow/.local/lib/python3.8/site-packages/airflow/example_dags/example_params_ui_tutorial.py
[2023-11-03T00:01:36.907+0000] {logging_mixin.py:151} INFO - [2023-11-03T00:01:36.907+0000] {dag.py:2941} INFO - Sync 1 DAGs
[2023-11-03T00:01:36.923+0000] {logging_mixin.py:151} INFO - [2023-11-03T00:01:36.923+0000] {dag.py:3722} INFO - Setting next_dagrun for example_params_ui_tutorial to None, run_after=None
[2023-11-03T00:01:36.952+0000] {processor.py:179} INFO - Processing /home/airflow/.local/lib/python3.8/site-packages/airflow/example_dags/example_params_ui_tutorial.py took 0.148 seconds
[2023-11-03T00:02:07.645+0000] {processor.py:157} INFO - Started process (PID=1435) to work on /home/airflow/.local/lib/python3.8/site-packages/airflow/example_dags/example_params_ui_tutorial.py
[2023-11-03T00:02:07.649+0000] {processor.py:829} INFO - Processing file /home/airflow/.local/lib/python3.8/site-packages/airflow/example_dags/example_params_ui_tutorial.py for tasks to queue
[2023-11-03T00:02:07.652+0000] {logging_mixin.py:151} INFO - [2023-11-03T00:02:07.651+0000] {dagbag.py:536} INFO - Filling up the DagBag from /home/airflow/.local/lib/python3.8/site-packages/airflow/example_dags/example_params_ui_tutorial.py
[2023-11-03T00:02:07.702+0000] {processor.py:839} INFO - DAG(s) dict_keys(['example_params_ui_tutorial']) retrieved from /home/airflow/.local/lib/python3.8/site-packages/airflow/example_dags/example_params_ui_tutorial.py
[2023-11-03T00:02:07.783+0000] {logging_mixin.py:151} INFO - [2023-11-03T00:02:07.782+0000] {dag.py:2941} INFO - Sync 1 DAGs
[2023-11-03T00:02:07.798+0000] {logging_mixin.py:151} INFO - [2023-11-03T00:02:07.798+0000] {dag.py:3722} INFO - Setting next_dagrun for example_params_ui_tutorial to None, run_after=None
[2023-11-03T00:02:07.831+0000] {processor.py:179} INFO - Processing /home/airflow/.local/lib/python3.8/site-packages/airflow/example_dags/example_params_ui_tutorial.py took 0.190 seconds
[2023-11-03T00:02:38.126+0000] {processor.py:157} INFO - Started process (PID=1489) to work on /home/airflow/.local/lib/python3.8/site-packages/airflow/example_dags/example_params_ui_tutorial.py
[2023-11-03T00:02:38.127+0000] {processor.py:829} INFO - Processing file /home/airflow/.local/lib/python3.8/site-packages/airflow/example_dags/example_params_ui_tutorial.py for tasks to queue
[2023-11-03T00:02:38.130+0000] {logging_mixin.py:151} INFO - [2023-11-03T00:02:38.130+0000] {dagbag.py:536} INFO - Filling up the DagBag from /home/airflow/.local/lib/python3.8/site-packages/airflow/example_dags/example_params_ui_tutorial.py
[2023-11-03T00:02:38.165+0000] {processor.py:839} INFO - DAG(s) dict_keys(['example_params_ui_tutorial']) retrieved from /home/airflow/.local/lib/python3.8/site-packages/airflow/example_dags/example_params_ui_tutorial.py
[2023-11-03T00:02:38.225+0000] {logging_mixin.py:151} INFO - [2023-11-03T00:02:38.225+0000] {dag.py:2941} INFO - Sync 1 DAGs
[2023-11-03T00:02:38.241+0000] {logging_mixin.py:151} INFO - [2023-11-03T00:02:38.240+0000] {dag.py:3722} INFO - Setting next_dagrun for example_params_ui_tutorial to None, run_after=None
[2023-11-03T00:02:38.271+0000] {processor.py:179} INFO - Processing /home/airflow/.local/lib/python3.8/site-packages/airflow/example_dags/example_params_ui_tutorial.py took 0.149 seconds
[2023-11-03T00:03:08.617+0000] {processor.py:157} INFO - Started process (PID=1543) to work on /home/airflow/.local/lib/python3.8/site-packages/airflow/example_dags/example_params_ui_tutorial.py
[2023-11-03T00:03:08.618+0000] {processor.py:829} INFO - Processing file /home/airflow/.local/lib/python3.8/site-packages/airflow/example_dags/example_params_ui_tutorial.py for tasks to queue
[2023-11-03T00:03:08.621+0000] {logging_mixin.py:151} INFO - [2023-11-03T00:03:08.620+0000] {dagbag.py:536} INFO - Filling up the DagBag from /home/airflow/.local/lib/python3.8/site-packages/airflow/example_dags/example_params_ui_tutorial.py
[2023-11-03T00:03:08.654+0000] {processor.py:839} INFO - DAG(s) dict_keys(['example_params_ui_tutorial']) retrieved from /home/airflow/.local/lib/python3.8/site-packages/airflow/example_dags/example_params_ui_tutorial.py
[2023-11-03T00:03:08.716+0000] {logging_mixin.py:151} INFO - [2023-11-03T00:03:08.716+0000] {dag.py:2941} INFO - Sync 1 DAGs
[2023-11-03T00:03:08.731+0000] {logging_mixin.py:151} INFO - [2023-11-03T00:03:08.730+0000] {dag.py:3722} INFO - Setting next_dagrun for example_params_ui_tutorial to None, run_after=None
[2023-11-03T00:03:08.756+0000] {processor.py:179} INFO - Processing /home/airflow/.local/lib/python3.8/site-packages/airflow/example_dags/example_params_ui_tutorial.py took 0.142 seconds
[2023-11-03T00:03:39.206+0000] {processor.py:157} INFO - Started process (PID=1597) to work on /home/airflow/.local/lib/python3.8/site-packages/airflow/example_dags/example_params_ui_tutorial.py
[2023-11-03T00:03:39.208+0000] {processor.py:829} INFO - Processing file /home/airflow/.local/lib/python3.8/site-packages/airflow/example_dags/example_params_ui_tutorial.py for tasks to queue
[2023-11-03T00:03:39.211+0000] {logging_mixin.py:151} INFO - [2023-11-03T00:03:39.211+0000] {dagbag.py:536} INFO - Filling up the DagBag from /home/airflow/.local/lib/python3.8/site-packages/airflow/example_dags/example_params_ui_tutorial.py
[2023-11-03T00:03:39.247+0000] {processor.py:839} INFO - DAG(s) dict_keys(['example_params_ui_tutorial']) retrieved from /home/airflow/.local/lib/python3.8/site-packages/airflow/example_dags/example_params_ui_tutorial.py
[2023-11-03T00:03:39.308+0000] {logging_mixin.py:151} INFO - [2023-11-03T00:03:39.307+0000] {dag.py:2941} INFO - Sync 1 DAGs
[2023-11-03T00:03:39.326+0000] {logging_mixin.py:151} INFO - [2023-11-03T00:03:39.326+0000] {dag.py:3722} INFO - Setting next_dagrun for example_params_ui_tutorial to None, run_after=None
[2023-11-03T00:03:39.360+0000] {processor.py:179} INFO - Processing /home/airflow/.local/lib/python3.8/site-packages/airflow/example_dags/example_params_ui_tutorial.py took 0.157 seconds
[2023-11-03T00:04:09.603+0000] {processor.py:157} INFO - Started process (PID=1650) to work on /home/airflow/.local/lib/python3.8/site-packages/airflow/example_dags/example_params_ui_tutorial.py
[2023-11-03T00:04:09.604+0000] {processor.py:829} INFO - Processing file /home/airflow/.local/lib/python3.8/site-packages/airflow/example_dags/example_params_ui_tutorial.py for tasks to queue
[2023-11-03T00:04:09.607+0000] {logging_mixin.py:151} INFO - [2023-11-03T00:04:09.606+0000] {dagbag.py:536} INFO - Filling up the DagBag from /home/airflow/.local/lib/python3.8/site-packages/airflow/example_dags/example_params_ui_tutorial.py
[2023-11-03T00:04:09.644+0000] {processor.py:839} INFO - DAG(s) dict_keys(['example_params_ui_tutorial']) retrieved from /home/airflow/.local/lib/python3.8/site-packages/airflow/example_dags/example_params_ui_tutorial.py
[2023-11-03T00:04:09.706+0000] {logging_mixin.py:151} INFO - [2023-11-03T00:04:09.705+0000] {dag.py:2941} INFO - Sync 1 DAGs
[2023-11-03T00:04:09.722+0000] {logging_mixin.py:151} INFO - [2023-11-03T00:04:09.722+0000] {dag.py:3722} INFO - Setting next_dagrun for example_params_ui_tutorial to None, run_after=None
[2023-11-03T00:04:09.753+0000] {processor.py:179} INFO - Processing /home/airflow/.local/lib/python3.8/site-packages/airflow/example_dags/example_params_ui_tutorial.py took 0.154 seconds
[2023-11-03T00:04:40.120+0000] {processor.py:157} INFO - Started process (PID=1704) to work on /home/airflow/.local/lib/python3.8/site-packages/airflow/example_dags/example_params_ui_tutorial.py
[2023-11-03T00:04:40.123+0000] {processor.py:829} INFO - Processing file /home/airflow/.local/lib/python3.8/site-packages/airflow/example_dags/example_params_ui_tutorial.py for tasks to queue
[2023-11-03T00:04:40.125+0000] {logging_mixin.py:151} INFO - [2023-11-03T00:04:40.125+0000] {dagbag.py:536} INFO - Filling up the DagBag from /home/airflow/.local/lib/python3.8/site-packages/airflow/example_dags/example_params_ui_tutorial.py
[2023-11-03T00:04:40.159+0000] {processor.py:839} INFO - DAG(s) dict_keys(['example_params_ui_tutorial']) retrieved from /home/airflow/.local/lib/python3.8/site-packages/airflow/example_dags/example_params_ui_tutorial.py
[2023-11-03T00:04:40.220+0000] {logging_mixin.py:151} INFO - [2023-11-03T00:04:40.219+0000] {dag.py:2941} INFO - Sync 1 DAGs
[2023-11-03T00:04:40.233+0000] {logging_mixin.py:151} INFO - [2023-11-03T00:04:40.233+0000] {dag.py:3722} INFO - Setting next_dagrun for example_params_ui_tutorial to None, run_after=None
[2023-11-03T00:04:40.257+0000] {processor.py:179} INFO - Processing /home/airflow/.local/lib/python3.8/site-packages/airflow/example_dags/example_params_ui_tutorial.py took 0.140 seconds
[2023-11-03T00:05:10.689+0000] {processor.py:157} INFO - Started process (PID=1758) to work on /home/airflow/.local/lib/python3.8/site-packages/airflow/example_dags/example_params_ui_tutorial.py
[2023-11-03T00:05:10.691+0000] {processor.py:829} INFO - Processing file /home/airflow/.local/lib/python3.8/site-packages/airflow/example_dags/example_params_ui_tutorial.py for tasks to queue
[2023-11-03T00:05:10.694+0000] {logging_mixin.py:151} INFO - [2023-11-03T00:05:10.693+0000] {dagbag.py:536} INFO - Filling up the DagBag from /home/airflow/.local/lib/python3.8/site-packages/airflow/example_dags/example_params_ui_tutorial.py
[2023-11-03T00:05:10.742+0000] {processor.py:839} INFO - DAG(s) dict_keys(['example_params_ui_tutorial']) retrieved from /home/airflow/.local/lib/python3.8/site-packages/airflow/example_dags/example_params_ui_tutorial.py
[2023-11-03T00:05:10.819+0000] {logging_mixin.py:151} INFO - [2023-11-03T00:05:10.819+0000] {dag.py:2941} INFO - Sync 1 DAGs
[2023-11-03T00:05:10.837+0000] {logging_mixin.py:151} INFO - [2023-11-03T00:05:10.837+0000] {dag.py:3722} INFO - Setting next_dagrun for example_params_ui_tutorial to None, run_after=None
[2023-11-03T00:05:10.877+0000] {processor.py:179} INFO - Processing /home/airflow/.local/lib/python3.8/site-packages/airflow/example_dags/example_params_ui_tutorial.py took 0.191 seconds
[2023-11-03T00:05:41.144+0000] {processor.py:157} INFO - Started process (PID=1812) to work on /home/airflow/.local/lib/python3.8/site-packages/airflow/example_dags/example_params_ui_tutorial.py
[2023-11-03T00:05:41.146+0000] {processor.py:829} INFO - Processing file /home/airflow/.local/lib/python3.8/site-packages/airflow/example_dags/example_params_ui_tutorial.py for tasks to queue
[2023-11-03T00:05:41.149+0000] {logging_mixin.py:151} INFO - [2023-11-03T00:05:41.148+0000] {dagbag.py:536} INFO - Filling up the DagBag from /home/airflow/.local/lib/python3.8/site-packages/airflow/example_dags/example_params_ui_tutorial.py
[2023-11-03T00:05:41.185+0000] {processor.py:839} INFO - DAG(s) dict_keys(['example_params_ui_tutorial']) retrieved from /home/airflow/.local/lib/python3.8/site-packages/airflow/example_dags/example_params_ui_tutorial.py
[2023-11-03T00:05:41.255+0000] {logging_mixin.py:151} INFO - [2023-11-03T00:05:41.255+0000] {dag.py:2941} INFO - Sync 1 DAGs
[2023-11-03T00:05:41.268+0000] {logging_mixin.py:151} INFO - [2023-11-03T00:05:41.268+0000] {dag.py:3722} INFO - Setting next_dagrun for example_params_ui_tutorial to None, run_after=None
[2023-11-03T00:05:41.296+0000] {processor.py:179} INFO - Processing /home/airflow/.local/lib/python3.8/site-packages/airflow/example_dags/example_params_ui_tutorial.py took 0.154 seconds
[2023-11-03T00:06:11.631+0000] {processor.py:157} INFO - Started process (PID=1866) to work on /home/airflow/.local/lib/python3.8/site-packages/airflow/example_dags/example_params_ui_tutorial.py
[2023-11-03T00:06:11.633+0000] {processor.py:829} INFO - Processing file /home/airflow/.local/lib/python3.8/site-packages/airflow/example_dags/example_params_ui_tutorial.py for tasks to queue
[2023-11-03T00:06:11.636+0000] {logging_mixin.py:151} INFO - [2023-11-03T00:06:11.635+0000] {dagbag.py:536} INFO - Filling up the DagBag from /home/airflow/.local/lib/python3.8/site-packages/airflow/example_dags/example_params_ui_tutorial.py
[2023-11-03T00:06:11.675+0000] {processor.py:839} INFO - DAG(s) dict_keys(['example_params_ui_tutorial']) retrieved from /home/airflow/.local/lib/python3.8/site-packages/airflow/example_dags/example_params_ui_tutorial.py
[2023-11-03T00:06:11.735+0000] {logging_mixin.py:151} INFO - [2023-11-03T00:06:11.735+0000] {dag.py:2941} INFO - Sync 1 DAGs
[2023-11-03T00:06:11.752+0000] {logging_mixin.py:151} INFO - [2023-11-03T00:06:11.752+0000] {dag.py:3722} INFO - Setting next_dagrun for example_params_ui_tutorial to None, run_after=None
[2023-11-03T00:06:11.780+0000] {processor.py:179} INFO - Processing /home/airflow/.local/lib/python3.8/site-packages/airflow/example_dags/example_params_ui_tutorial.py took 0.153 seconds
[2023-11-03T00:06:42.019+0000] {processor.py:157} INFO - Started process (PID=1921) to work on /home/airflow/.local/lib/python3.8/site-packages/airflow/example_dags/example_params_ui_tutorial.py
[2023-11-03T00:06:42.020+0000] {processor.py:829} INFO - Processing file /home/airflow/.local/lib/python3.8/site-packages/airflow/example_dags/example_params_ui_tutorial.py for tasks to queue
[2023-11-03T00:06:42.022+0000] {logging_mixin.py:151} INFO - [2023-11-03T00:06:42.022+0000] {dagbag.py:536} INFO - Filling up the DagBag from /home/airflow/.local/lib/python3.8/site-packages/airflow/example_dags/example_params_ui_tutorial.py
[2023-11-03T00:06:42.057+0000] {processor.py:839} INFO - DAG(s) dict_keys(['example_params_ui_tutorial']) retrieved from /home/airflow/.local/lib/python3.8/site-packages/airflow/example_dags/example_params_ui_tutorial.py
[2023-11-03T00:06:42.123+0000] {logging_mixin.py:151} INFO - [2023-11-03T00:06:42.122+0000] {dag.py:2941} INFO - Sync 1 DAGs
[2023-11-03T00:06:42.137+0000] {logging_mixin.py:151} INFO - [2023-11-03T00:06:42.137+0000] {dag.py:3722} INFO - Setting next_dagrun for example_params_ui_tutorial to None, run_after=None
[2023-11-03T00:06:42.166+0000] {processor.py:179} INFO - Processing /home/airflow/.local/lib/python3.8/site-packages/airflow/example_dags/example_params_ui_tutorial.py took 0.152 seconds
[2023-11-03T00:07:12.582+0000] {processor.py:157} INFO - Started process (PID=1975) to work on /home/airflow/.local/lib/python3.8/site-packages/airflow/example_dags/example_params_ui_tutorial.py
[2023-11-03T00:07:12.583+0000] {processor.py:829} INFO - Processing file /home/airflow/.local/lib/python3.8/site-packages/airflow/example_dags/example_params_ui_tutorial.py for tasks to queue
[2023-11-03T00:07:12.585+0000] {logging_mixin.py:151} INFO - [2023-11-03T00:07:12.585+0000] {dagbag.py:536} INFO - Filling up the DagBag from /home/airflow/.local/lib/python3.8/site-packages/airflow/example_dags/example_params_ui_tutorial.py
[2023-11-03T00:07:12.620+0000] {processor.py:839} INFO - DAG(s) dict_keys(['example_params_ui_tutorial']) retrieved from /home/airflow/.local/lib/python3.8/site-packages/airflow/example_dags/example_params_ui_tutorial.py
[2023-11-03T00:07:12.679+0000] {logging_mixin.py:151} INFO - [2023-11-03T00:07:12.678+0000] {dag.py:2941} INFO - Sync 1 DAGs
[2023-11-03T00:07:12.693+0000] {logging_mixin.py:151} INFO - [2023-11-03T00:07:12.692+0000] {dag.py:3722} INFO - Setting next_dagrun for example_params_ui_tutorial to None, run_after=None
[2023-11-03T00:07:12.717+0000] {processor.py:179} INFO - Processing /home/airflow/.local/lib/python3.8/site-packages/airflow/example_dags/example_params_ui_tutorial.py took 0.139 seconds
[2023-11-03T00:07:43.081+0000] {processor.py:157} INFO - Started process (PID=2029) to work on /home/airflow/.local/lib/python3.8/site-packages/airflow/example_dags/example_params_ui_tutorial.py
[2023-11-03T00:07:43.082+0000] {processor.py:829} INFO - Processing file /home/airflow/.local/lib/python3.8/site-packages/airflow/example_dags/example_params_ui_tutorial.py for tasks to queue
[2023-11-03T00:07:43.085+0000] {logging_mixin.py:151} INFO - [2023-11-03T00:07:43.084+0000] {dagbag.py:536} INFO - Filling up the DagBag from /home/airflow/.local/lib/python3.8/site-packages/airflow/example_dags/example_params_ui_tutorial.py
[2023-11-03T00:07:43.120+0000] {processor.py:839} INFO - DAG(s) dict_keys(['example_params_ui_tutorial']) retrieved from /home/airflow/.local/lib/python3.8/site-packages/airflow/example_dags/example_params_ui_tutorial.py
[2023-11-03T00:07:43.182+0000] {logging_mixin.py:151} INFO - [2023-11-03T00:07:43.181+0000] {dag.py:2941} INFO - Sync 1 DAGs
[2023-11-03T00:07:43.197+0000] {logging_mixin.py:151} INFO - [2023-11-03T00:07:43.197+0000] {dag.py:3722} INFO - Setting next_dagrun for example_params_ui_tutorial to None, run_after=None
[2023-11-03T00:07:43.225+0000] {processor.py:179} INFO - Processing /home/airflow/.local/lib/python3.8/site-packages/airflow/example_dags/example_params_ui_tutorial.py took 0.147 seconds
[2023-11-03T00:08:13.479+0000] {processor.py:157} INFO - Started process (PID=2083) to work on /home/airflow/.local/lib/python3.8/site-packages/airflow/example_dags/example_params_ui_tutorial.py
[2023-11-03T00:08:13.480+0000] {processor.py:829} INFO - Processing file /home/airflow/.local/lib/python3.8/site-packages/airflow/example_dags/example_params_ui_tutorial.py for tasks to queue
[2023-11-03T00:08:13.483+0000] {logging_mixin.py:151} INFO - [2023-11-03T00:08:13.483+0000] {dagbag.py:536} INFO - Filling up the DagBag from /home/airflow/.local/lib/python3.8/site-packages/airflow/example_dags/example_params_ui_tutorial.py
[2023-11-03T00:08:13.537+0000] {processor.py:839} INFO - DAG(s) dict_keys(['example_params_ui_tutorial']) retrieved from /home/airflow/.local/lib/python3.8/site-packages/airflow/example_dags/example_params_ui_tutorial.py
[2023-11-03T00:08:13.627+0000] {logging_mixin.py:151} INFO - [2023-11-03T00:08:13.627+0000] {dag.py:2941} INFO - Sync 1 DAGs
[2023-11-03T00:08:13.644+0000] {logging_mixin.py:151} INFO - [2023-11-03T00:08:13.644+0000] {dag.py:3722} INFO - Setting next_dagrun for example_params_ui_tutorial to None, run_after=None
[2023-11-03T00:08:13.692+0000] {processor.py:179} INFO - Processing /home/airflow/.local/lib/python3.8/site-packages/airflow/example_dags/example_params_ui_tutorial.py took 0.217 seconds
[2023-11-03T00:08:44.229+0000] {processor.py:157} INFO - Started process (PID=2137) to work on /home/airflow/.local/lib/python3.8/site-packages/airflow/example_dags/example_params_ui_tutorial.py
[2023-11-03T00:08:44.231+0000] {processor.py:829} INFO - Processing file /home/airflow/.local/lib/python3.8/site-packages/airflow/example_dags/example_params_ui_tutorial.py for tasks to queue
[2023-11-03T00:08:44.234+0000] {logging_mixin.py:151} INFO - [2023-11-03T00:08:44.233+0000] {dagbag.py:536} INFO - Filling up the DagBag from /home/airflow/.local/lib/python3.8/site-packages/airflow/example_dags/example_params_ui_tutorial.py
[2023-11-03T00:08:44.270+0000] {processor.py:839} INFO - DAG(s) dict_keys(['example_params_ui_tutorial']) retrieved from /home/airflow/.local/lib/python3.8/site-packages/airflow/example_dags/example_params_ui_tutorial.py
[2023-11-03T00:08:44.331+0000] {logging_mixin.py:151} INFO - [2023-11-03T00:08:44.331+0000] {dag.py:2941} INFO - Sync 1 DAGs
[2023-11-03T00:08:44.346+0000] {logging_mixin.py:151} INFO - [2023-11-03T00:08:44.346+0000] {dag.py:3722} INFO - Setting next_dagrun for example_params_ui_tutorial to None, run_after=None
[2023-11-03T00:08:44.377+0000] {processor.py:179} INFO - Processing /home/airflow/.local/lib/python3.8/site-packages/airflow/example_dags/example_params_ui_tutorial.py took 0.151 seconds
[2023-11-03T00:09:15.264+0000] {processor.py:157} INFO - Started process (PID=2191) to work on /home/airflow/.local/lib/python3.8/site-packages/airflow/example_dags/example_params_ui_tutorial.py
[2023-11-03T00:09:15.265+0000] {processor.py:829} INFO - Processing file /home/airflow/.local/lib/python3.8/site-packages/airflow/example_dags/example_params_ui_tutorial.py for tasks to queue
[2023-11-03T00:09:15.268+0000] {logging_mixin.py:151} INFO - [2023-11-03T00:09:15.267+0000] {dagbag.py:536} INFO - Filling up the DagBag from /home/airflow/.local/lib/python3.8/site-packages/airflow/example_dags/example_params_ui_tutorial.py
[2023-11-03T00:09:15.305+0000] {processor.py:839} INFO - DAG(s) dict_keys(['example_params_ui_tutorial']) retrieved from /home/airflow/.local/lib/python3.8/site-packages/airflow/example_dags/example_params_ui_tutorial.py
[2023-11-03T00:09:15.367+0000] {logging_mixin.py:151} INFO - [2023-11-03T00:09:15.367+0000] {dag.py:2941} INFO - Sync 1 DAGs
[2023-11-03T00:09:15.383+0000] {logging_mixin.py:151} INFO - [2023-11-03T00:09:15.382+0000] {dag.py:3722} INFO - Setting next_dagrun for example_params_ui_tutorial to None, run_after=None
[2023-11-03T00:09:15.408+0000] {processor.py:179} INFO - Processing /home/airflow/.local/lib/python3.8/site-packages/airflow/example_dags/example_params_ui_tutorial.py took 0.148 seconds
[2023-11-03T00:09:45.853+0000] {processor.py:157} INFO - Started process (PID=2245) to work on /home/airflow/.local/lib/python3.8/site-packages/airflow/example_dags/example_params_ui_tutorial.py
[2023-11-03T00:09:45.854+0000] {processor.py:829} INFO - Processing file /home/airflow/.local/lib/python3.8/site-packages/airflow/example_dags/example_params_ui_tutorial.py for tasks to queue
[2023-11-03T00:09:45.857+0000] {logging_mixin.py:151} INFO - [2023-11-03T00:09:45.857+0000] {dagbag.py:536} INFO - Filling up the DagBag from /home/airflow/.local/lib/python3.8/site-packages/airflow/example_dags/example_params_ui_tutorial.py
[2023-11-03T00:09:45.920+0000] {processor.py:839} INFO - DAG(s) dict_keys(['example_params_ui_tutorial']) retrieved from /home/airflow/.local/lib/python3.8/site-packages/airflow/example_dags/example_params_ui_tutorial.py
[2023-11-03T00:09:46.005+0000] {logging_mixin.py:151} INFO - [2023-11-03T00:09:46.005+0000] {dag.py:2941} INFO - Sync 1 DAGs
[2023-11-03T00:09:46.025+0000] {logging_mixin.py:151} INFO - [2023-11-03T00:09:46.024+0000] {dag.py:3722} INFO - Setting next_dagrun for example_params_ui_tutorial to None, run_after=None
[2023-11-03T00:09:46.056+0000] {processor.py:179} INFO - Processing /home/airflow/.local/lib/python3.8/site-packages/airflow/example_dags/example_params_ui_tutorial.py took 0.208 seconds
[2023-11-03T00:10:16.935+0000] {processor.py:157} INFO - Started process (PID=2299) to work on /home/airflow/.local/lib/python3.8/site-packages/airflow/example_dags/example_params_ui_tutorial.py
[2023-11-03T00:10:16.937+0000] {processor.py:829} INFO - Processing file /home/airflow/.local/lib/python3.8/site-packages/airflow/example_dags/example_params_ui_tutorial.py for tasks to queue
[2023-11-03T00:10:16.940+0000] {logging_mixin.py:151} INFO - [2023-11-03T00:10:16.940+0000] {dagbag.py:536} INFO - Filling up the DagBag from /home/airflow/.local/lib/python3.8/site-packages/airflow/example_dags/example_params_ui_tutorial.py
[2023-11-03T00:10:16.988+0000] {processor.py:839} INFO - DAG(s) dict_keys(['example_params_ui_tutorial']) retrieved from /home/airflow/.local/lib/python3.8/site-packages/airflow/example_dags/example_params_ui_tutorial.py
[2023-11-03T00:10:17.088+0000] {logging_mixin.py:151} INFO - [2023-11-03T00:10:17.088+0000] {dag.py:2941} INFO - Sync 1 DAGs
[2023-11-03T00:10:17.110+0000] {logging_mixin.py:151} INFO - [2023-11-03T00:10:17.109+0000] {dag.py:3722} INFO - Setting next_dagrun for example_params_ui_tutorial to None, run_after=None
[2023-11-03T00:10:17.152+0000] {processor.py:179} INFO - Processing /home/airflow/.local/lib/python3.8/site-packages/airflow/example_dags/example_params_ui_tutorial.py took 0.221 seconds
[2023-11-03T00:10:47.704+0000] {processor.py:157} INFO - Started process (PID=2353) to work on /home/airflow/.local/lib/python3.8/site-packages/airflow/example_dags/example_params_ui_tutorial.py
[2023-11-03T00:10:47.708+0000] {processor.py:829} INFO - Processing file /home/airflow/.local/lib/python3.8/site-packages/airflow/example_dags/example_params_ui_tutorial.py for tasks to queue
[2023-11-03T00:10:47.712+0000] {logging_mixin.py:151} INFO - [2023-11-03T00:10:47.711+0000] {dagbag.py:536} INFO - Filling up the DagBag from /home/airflow/.local/lib/python3.8/site-packages/airflow/example_dags/example_params_ui_tutorial.py
[2023-11-03T00:10:47.782+0000] {processor.py:839} INFO - DAG(s) dict_keys(['example_params_ui_tutorial']) retrieved from /home/airflow/.local/lib/python3.8/site-packages/airflow/example_dags/example_params_ui_tutorial.py
[2023-11-03T00:10:47.854+0000] {logging_mixin.py:151} INFO - [2023-11-03T00:10:47.854+0000] {dag.py:2941} INFO - Sync 1 DAGs
[2023-11-03T00:10:47.871+0000] {logging_mixin.py:151} INFO - [2023-11-03T00:10:47.871+0000] {dag.py:3722} INFO - Setting next_dagrun for example_params_ui_tutorial to None, run_after=None
[2023-11-03T00:10:47.903+0000] {processor.py:179} INFO - Processing /home/airflow/.local/lib/python3.8/site-packages/airflow/example_dags/example_params_ui_tutorial.py took 0.208 seconds
[2023-11-03T00:11:18.300+0000] {processor.py:157} INFO - Started process (PID=2407) to work on /home/airflow/.local/lib/python3.8/site-packages/airflow/example_dags/example_params_ui_tutorial.py
[2023-11-03T00:11:18.302+0000] {processor.py:829} INFO - Processing file /home/airflow/.local/lib/python3.8/site-packages/airflow/example_dags/example_params_ui_tutorial.py for tasks to queue
[2023-11-03T00:11:18.305+0000] {logging_mixin.py:151} INFO - [2023-11-03T00:11:18.305+0000] {dagbag.py:536} INFO - Filling up the DagBag from /home/airflow/.local/lib/python3.8/site-packages/airflow/example_dags/example_params_ui_tutorial.py
[2023-11-03T00:11:18.370+0000] {processor.py:839} INFO - DAG(s) dict_keys(['example_params_ui_tutorial']) retrieved from /home/airflow/.local/lib/python3.8/site-packages/airflow/example_dags/example_params_ui_tutorial.py
[2023-11-03T00:11:18.473+0000] {logging_mixin.py:151} INFO - [2023-11-03T00:11:18.473+0000] {dag.py:2941} INFO - Sync 1 DAGs
[2023-11-03T00:11:18.490+0000] {logging_mixin.py:151} INFO - [2023-11-03T00:11:18.490+0000] {dag.py:3722} INFO - Setting next_dagrun for example_params_ui_tutorial to None, run_after=None
[2023-11-03T00:11:18.524+0000] {processor.py:179} INFO - Processing /home/airflow/.local/lib/python3.8/site-packages/airflow/example_dags/example_params_ui_tutorial.py took 0.229 seconds
[2023-11-03T00:11:48.727+0000] {processor.py:157} INFO - Started process (PID=2461) to work on /home/airflow/.local/lib/python3.8/site-packages/airflow/example_dags/example_params_ui_tutorial.py
[2023-11-03T00:11:48.728+0000] {processor.py:829} INFO - Processing file /home/airflow/.local/lib/python3.8/site-packages/airflow/example_dags/example_params_ui_tutorial.py for tasks to queue
[2023-11-03T00:11:48.731+0000] {logging_mixin.py:151} INFO - [2023-11-03T00:11:48.730+0000] {dagbag.py:536} INFO - Filling up the DagBag from /home/airflow/.local/lib/python3.8/site-packages/airflow/example_dags/example_params_ui_tutorial.py
[2023-11-03T00:11:48.820+0000] {processor.py:839} INFO - DAG(s) dict_keys(['example_params_ui_tutorial']) retrieved from /home/airflow/.local/lib/python3.8/site-packages/airflow/example_dags/example_params_ui_tutorial.py
[2023-11-03T00:11:48.949+0000] {logging_mixin.py:151} INFO - [2023-11-03T00:11:48.948+0000] {dag.py:2941} INFO - Sync 1 DAGs
[2023-11-03T00:11:49.291+0000] {logging_mixin.py:151} INFO - [2023-11-03T00:11:49.291+0000] {dag.py:3722} INFO - Setting next_dagrun for example_params_ui_tutorial to None, run_after=None
[2023-11-03T00:11:49.324+0000] {processor.py:179} INFO - Processing /home/airflow/.local/lib/python3.8/site-packages/airflow/example_dags/example_params_ui_tutorial.py took 0.601 seconds
[2023-11-03T00:12:19.494+0000] {processor.py:157} INFO - Started process (PID=2523) to work on /home/airflow/.local/lib/python3.8/site-packages/airflow/example_dags/example_params_ui_tutorial.py
[2023-11-03T00:12:19.495+0000] {processor.py:829} INFO - Processing file /home/airflow/.local/lib/python3.8/site-packages/airflow/example_dags/example_params_ui_tutorial.py for tasks to queue
[2023-11-03T00:12:19.498+0000] {logging_mixin.py:151} INFO - [2023-11-03T00:12:19.498+0000] {dagbag.py:536} INFO - Filling up the DagBag from /home/airflow/.local/lib/python3.8/site-packages/airflow/example_dags/example_params_ui_tutorial.py
[2023-11-03T00:12:19.541+0000] {processor.py:839} INFO - DAG(s) dict_keys(['example_params_ui_tutorial']) retrieved from /home/airflow/.local/lib/python3.8/site-packages/airflow/example_dags/example_params_ui_tutorial.py
[2023-11-03T00:12:19.614+0000] {logging_mixin.py:151} INFO - [2023-11-03T00:12:19.614+0000] {dag.py:2941} INFO - Sync 1 DAGs
[2023-11-03T00:12:19.633+0000] {logging_mixin.py:151} INFO - [2023-11-03T00:12:19.633+0000] {dag.py:3722} INFO - Setting next_dagrun for example_params_ui_tutorial to None, run_after=None
[2023-11-03T00:12:19.679+0000] {processor.py:179} INFO - Processing /home/airflow/.local/lib/python3.8/site-packages/airflow/example_dags/example_params_ui_tutorial.py took 0.191 seconds
[2023-11-03T00:12:50.190+0000] {processor.py:157} INFO - Started process (PID=2577) to work on /home/airflow/.local/lib/python3.8/site-packages/airflow/example_dags/example_params_ui_tutorial.py
[2023-11-03T00:12:50.192+0000] {processor.py:829} INFO - Processing file /home/airflow/.local/lib/python3.8/site-packages/airflow/example_dags/example_params_ui_tutorial.py for tasks to queue
[2023-11-03T00:12:50.194+0000] {logging_mixin.py:151} INFO - [2023-11-03T00:12:50.194+0000] {dagbag.py:536} INFO - Filling up the DagBag from /home/airflow/.local/lib/python3.8/site-packages/airflow/example_dags/example_params_ui_tutorial.py
[2023-11-03T00:12:50.230+0000] {processor.py:839} INFO - DAG(s) dict_keys(['example_params_ui_tutorial']) retrieved from /home/airflow/.local/lib/python3.8/site-packages/airflow/example_dags/example_params_ui_tutorial.py
[2023-11-03T00:12:50.301+0000] {logging_mixin.py:151} INFO - [2023-11-03T00:12:50.301+0000] {dag.py:2941} INFO - Sync 1 DAGs
[2023-11-03T00:12:50.318+0000] {logging_mixin.py:151} INFO - [2023-11-03T00:12:50.317+0000] {dag.py:3722} INFO - Setting next_dagrun for example_params_ui_tutorial to None, run_after=None
[2023-11-03T00:12:50.348+0000] {processor.py:179} INFO - Processing /home/airflow/.local/lib/python3.8/site-packages/airflow/example_dags/example_params_ui_tutorial.py took 0.161 seconds
[2023-11-03T00:13:20.651+0000] {processor.py:157} INFO - Started process (PID=2631) to work on /home/airflow/.local/lib/python3.8/site-packages/airflow/example_dags/example_params_ui_tutorial.py
[2023-11-03T00:13:20.652+0000] {processor.py:829} INFO - Processing file /home/airflow/.local/lib/python3.8/site-packages/airflow/example_dags/example_params_ui_tutorial.py for tasks to queue
[2023-11-03T00:13:20.657+0000] {logging_mixin.py:151} INFO - [2023-11-03T00:13:20.657+0000] {dagbag.py:536} INFO - Filling up the DagBag from /home/airflow/.local/lib/python3.8/site-packages/airflow/example_dags/example_params_ui_tutorial.py
[2023-11-03T00:13:20.703+0000] {processor.py:839} INFO - DAG(s) dict_keys(['example_params_ui_tutorial']) retrieved from /home/airflow/.local/lib/python3.8/site-packages/airflow/example_dags/example_params_ui_tutorial.py
[2023-11-03T00:13:20.782+0000] {logging_mixin.py:151} INFO - [2023-11-03T00:13:20.781+0000] {dag.py:2941} INFO - Sync 1 DAGs
[2023-11-03T00:13:20.982+0000] {logging_mixin.py:151} INFO - [2023-11-03T00:13:20.982+0000] {dag.py:3722} INFO - Setting next_dagrun for example_params_ui_tutorial to None, run_after=None
[2023-11-03T00:13:21.016+0000] {processor.py:179} INFO - Processing /home/airflow/.local/lib/python3.8/site-packages/airflow/example_dags/example_params_ui_tutorial.py took 0.369 seconds
[2023-11-03T00:13:51.284+0000] {processor.py:157} INFO - Started process (PID=2685) to work on /home/airflow/.local/lib/python3.8/site-packages/airflow/example_dags/example_params_ui_tutorial.py
[2023-11-03T00:13:51.286+0000] {processor.py:829} INFO - Processing file /home/airflow/.local/lib/python3.8/site-packages/airflow/example_dags/example_params_ui_tutorial.py for tasks to queue
[2023-11-03T00:13:51.289+0000] {logging_mixin.py:151} INFO - [2023-11-03T00:13:51.288+0000] {dagbag.py:536} INFO - Filling up the DagBag from /home/airflow/.local/lib/python3.8/site-packages/airflow/example_dags/example_params_ui_tutorial.py
[2023-11-03T00:13:51.345+0000] {processor.py:839} INFO - DAG(s) dict_keys(['example_params_ui_tutorial']) retrieved from /home/airflow/.local/lib/python3.8/site-packages/airflow/example_dags/example_params_ui_tutorial.py
[2023-11-03T00:13:51.416+0000] {logging_mixin.py:151} INFO - [2023-11-03T00:13:51.415+0000] {dag.py:2941} INFO - Sync 1 DAGs
[2023-11-03T00:13:51.434+0000] {logging_mixin.py:151} INFO - [2023-11-03T00:13:51.433+0000] {dag.py:3722} INFO - Setting next_dagrun for example_params_ui_tutorial to None, run_after=None
[2023-11-03T00:13:51.468+0000] {processor.py:179} INFO - Processing /home/airflow/.local/lib/python3.8/site-packages/airflow/example_dags/example_params_ui_tutorial.py took 0.187 seconds
[2023-11-03T00:14:21.943+0000] {processor.py:157} INFO - Started process (PID=2739) to work on /home/airflow/.local/lib/python3.8/site-packages/airflow/example_dags/example_params_ui_tutorial.py
[2023-11-03T00:14:21.944+0000] {processor.py:829} INFO - Processing file /home/airflow/.local/lib/python3.8/site-packages/airflow/example_dags/example_params_ui_tutorial.py for tasks to queue
[2023-11-03T00:14:21.947+0000] {logging_mixin.py:151} INFO - [2023-11-03T00:14:21.946+0000] {dagbag.py:536} INFO - Filling up the DagBag from /home/airflow/.local/lib/python3.8/site-packages/airflow/example_dags/example_params_ui_tutorial.py
[2023-11-03T00:14:21.989+0000] {processor.py:839} INFO - DAG(s) dict_keys(['example_params_ui_tutorial']) retrieved from /home/airflow/.local/lib/python3.8/site-packages/airflow/example_dags/example_params_ui_tutorial.py
[2023-11-03T00:14:22.056+0000] {logging_mixin.py:151} INFO - [2023-11-03T00:14:22.056+0000] {dag.py:2941} INFO - Sync 1 DAGs
[2023-11-03T00:14:22.069+0000] {logging_mixin.py:151} INFO - [2023-11-03T00:14:22.068+0000] {dag.py:3722} INFO - Setting next_dagrun for example_params_ui_tutorial to None, run_after=None
[2023-11-03T00:14:22.097+0000] {processor.py:179} INFO - Processing /home/airflow/.local/lib/python3.8/site-packages/airflow/example_dags/example_params_ui_tutorial.py took 0.158 seconds
[2023-11-03T00:14:52.218+0000] {processor.py:157} INFO - Started process (PID=2793) to work on /home/airflow/.local/lib/python3.8/site-packages/airflow/example_dags/example_params_ui_tutorial.py
[2023-11-03T00:14:52.219+0000] {processor.py:829} INFO - Processing file /home/airflow/.local/lib/python3.8/site-packages/airflow/example_dags/example_params_ui_tutorial.py for tasks to queue
[2023-11-03T00:14:52.221+0000] {logging_mixin.py:151} INFO - [2023-11-03T00:14:52.221+0000] {dagbag.py:536} INFO - Filling up the DagBag from /home/airflow/.local/lib/python3.8/site-packages/airflow/example_dags/example_params_ui_tutorial.py
[2023-11-03T00:14:52.267+0000] {processor.py:839} INFO - DAG(s) dict_keys(['example_params_ui_tutorial']) retrieved from /home/airflow/.local/lib/python3.8/site-packages/airflow/example_dags/example_params_ui_tutorial.py
[2023-11-03T00:14:52.326+0000] {logging_mixin.py:151} INFO - [2023-11-03T00:14:52.326+0000] {dag.py:2941} INFO - Sync 1 DAGs
[2023-11-03T00:14:52.340+0000] {logging_mixin.py:151} INFO - [2023-11-03T00:14:52.340+0000] {dag.py:3722} INFO - Setting next_dagrun for example_params_ui_tutorial to None, run_after=None
[2023-11-03T00:14:52.370+0000] {processor.py:179} INFO - Processing /home/airflow/.local/lib/python3.8/site-packages/airflow/example_dags/example_params_ui_tutorial.py took 0.155 seconds
[2023-11-03T00:15:22.530+0000] {processor.py:157} INFO - Started process (PID=2847) to work on /home/airflow/.local/lib/python3.8/site-packages/airflow/example_dags/example_params_ui_tutorial.py
[2023-11-03T00:15:22.532+0000] {processor.py:829} INFO - Processing file /home/airflow/.local/lib/python3.8/site-packages/airflow/example_dags/example_params_ui_tutorial.py for tasks to queue
[2023-11-03T00:15:22.534+0000] {logging_mixin.py:151} INFO - [2023-11-03T00:15:22.534+0000] {dagbag.py:536} INFO - Filling up the DagBag from /home/airflow/.local/lib/python3.8/site-packages/airflow/example_dags/example_params_ui_tutorial.py
[2023-11-03T00:15:22.585+0000] {processor.py:839} INFO - DAG(s) dict_keys(['example_params_ui_tutorial']) retrieved from /home/airflow/.local/lib/python3.8/site-packages/airflow/example_dags/example_params_ui_tutorial.py
[2023-11-03T00:15:22.644+0000] {logging_mixin.py:151} INFO - [2023-11-03T00:15:22.644+0000] {dag.py:2941} INFO - Sync 1 DAGs
[2023-11-03T00:15:22.658+0000] {logging_mixin.py:151} INFO - [2023-11-03T00:15:22.658+0000] {dag.py:3722} INFO - Setting next_dagrun for example_params_ui_tutorial to None, run_after=None
[2023-11-03T00:15:22.685+0000] {processor.py:179} INFO - Processing /home/airflow/.local/lib/python3.8/site-packages/airflow/example_dags/example_params_ui_tutorial.py took 0.158 seconds
[2023-11-03T00:15:52.793+0000] {processor.py:157} INFO - Started process (PID=2901) to work on /home/airflow/.local/lib/python3.8/site-packages/airflow/example_dags/example_params_ui_tutorial.py
[2023-11-03T00:15:52.794+0000] {processor.py:829} INFO - Processing file /home/airflow/.local/lib/python3.8/site-packages/airflow/example_dags/example_params_ui_tutorial.py for tasks to queue
[2023-11-03T00:15:52.796+0000] {logging_mixin.py:151} INFO - [2023-11-03T00:15:52.796+0000] {dagbag.py:536} INFO - Filling up the DagBag from /home/airflow/.local/lib/python3.8/site-packages/airflow/example_dags/example_params_ui_tutorial.py
[2023-11-03T00:15:52.833+0000] {processor.py:839} INFO - DAG(s) dict_keys(['example_params_ui_tutorial']) retrieved from /home/airflow/.local/lib/python3.8/site-packages/airflow/example_dags/example_params_ui_tutorial.py
[2023-11-03T00:15:52.890+0000] {logging_mixin.py:151} INFO - [2023-11-03T00:15:52.889+0000] {dag.py:2941} INFO - Sync 1 DAGs
[2023-11-03T00:15:52.905+0000] {logging_mixin.py:151} INFO - [2023-11-03T00:15:52.905+0000] {dag.py:3722} INFO - Setting next_dagrun for example_params_ui_tutorial to None, run_after=None
[2023-11-03T00:15:52.933+0000] {processor.py:179} INFO - Processing /home/airflow/.local/lib/python3.8/site-packages/airflow/example_dags/example_params_ui_tutorial.py took 0.143 seconds
[2023-11-03T00:16:22.965+0000] {processor.py:157} INFO - Started process (PID=2955) to work on /home/airflow/.local/lib/python3.8/site-packages/airflow/example_dags/example_params_ui_tutorial.py
[2023-11-03T00:16:22.966+0000] {processor.py:829} INFO - Processing file /home/airflow/.local/lib/python3.8/site-packages/airflow/example_dags/example_params_ui_tutorial.py for tasks to queue
[2023-11-03T00:16:22.968+0000] {logging_mixin.py:151} INFO - [2023-11-03T00:16:22.968+0000] {dagbag.py:536} INFO - Filling up the DagBag from /home/airflow/.local/lib/python3.8/site-packages/airflow/example_dags/example_params_ui_tutorial.py
[2023-11-03T00:16:23.001+0000] {processor.py:839} INFO - DAG(s) dict_keys(['example_params_ui_tutorial']) retrieved from /home/airflow/.local/lib/python3.8/site-packages/airflow/example_dags/example_params_ui_tutorial.py
[2023-11-03T00:16:23.057+0000] {logging_mixin.py:151} INFO - [2023-11-03T00:16:23.057+0000] {dag.py:2941} INFO - Sync 1 DAGs
[2023-11-03T00:16:23.071+0000] {logging_mixin.py:151} INFO - [2023-11-03T00:16:23.071+0000] {dag.py:3722} INFO - Setting next_dagrun for example_params_ui_tutorial to None, run_after=None
[2023-11-03T00:16:23.098+0000] {processor.py:179} INFO - Processing /home/airflow/.local/lib/python3.8/site-packages/airflow/example_dags/example_params_ui_tutorial.py took 0.136 seconds
[2023-11-03T00:16:53.231+0000] {processor.py:157} INFO - Started process (PID=3009) to work on /home/airflow/.local/lib/python3.8/site-packages/airflow/example_dags/example_params_ui_tutorial.py
[2023-11-03T00:16:53.233+0000] {processor.py:829} INFO - Processing file /home/airflow/.local/lib/python3.8/site-packages/airflow/example_dags/example_params_ui_tutorial.py for tasks to queue
[2023-11-03T00:16:53.235+0000] {logging_mixin.py:151} INFO - [2023-11-03T00:16:53.235+0000] {dagbag.py:536} INFO - Filling up the DagBag from /home/airflow/.local/lib/python3.8/site-packages/airflow/example_dags/example_params_ui_tutorial.py
[2023-11-03T00:16:53.268+0000] {processor.py:839} INFO - DAG(s) dict_keys(['example_params_ui_tutorial']) retrieved from /home/airflow/.local/lib/python3.8/site-packages/airflow/example_dags/example_params_ui_tutorial.py
[2023-11-03T00:16:53.326+0000] {logging_mixin.py:151} INFO - [2023-11-03T00:16:53.326+0000] {dag.py:2941} INFO - Sync 1 DAGs
[2023-11-03T00:16:53.343+0000] {logging_mixin.py:151} INFO - [2023-11-03T00:16:53.343+0000] {dag.py:3722} INFO - Setting next_dagrun for example_params_ui_tutorial to None, run_after=None
[2023-11-03T00:16:53.369+0000] {processor.py:179} INFO - Processing /home/airflow/.local/lib/python3.8/site-packages/airflow/example_dags/example_params_ui_tutorial.py took 0.141 seconds
[2023-11-03T00:17:23.404+0000] {processor.py:157} INFO - Started process (PID=3063) to work on /home/airflow/.local/lib/python3.8/site-packages/airflow/example_dags/example_params_ui_tutorial.py
[2023-11-03T00:17:23.405+0000] {processor.py:829} INFO - Processing file /home/airflow/.local/lib/python3.8/site-packages/airflow/example_dags/example_params_ui_tutorial.py for tasks to queue
[2023-11-03T00:17:23.409+0000] {logging_mixin.py:151} INFO - [2023-11-03T00:17:23.408+0000] {dagbag.py:536} INFO - Filling up the DagBag from /home/airflow/.local/lib/python3.8/site-packages/airflow/example_dags/example_params_ui_tutorial.py
[2023-11-03T00:17:23.445+0000] {processor.py:839} INFO - DAG(s) dict_keys(['example_params_ui_tutorial']) retrieved from /home/airflow/.local/lib/python3.8/site-packages/airflow/example_dags/example_params_ui_tutorial.py
[2023-11-03T00:17:23.515+0000] {logging_mixin.py:151} INFO - [2023-11-03T00:17:23.514+0000] {dag.py:2941} INFO - Sync 1 DAGs
[2023-11-03T00:17:23.530+0000] {logging_mixin.py:151} INFO - [2023-11-03T00:17:23.529+0000] {dag.py:3722} INFO - Setting next_dagrun for example_params_ui_tutorial to None, run_after=None
[2023-11-03T00:17:23.565+0000] {processor.py:179} INFO - Processing /home/airflow/.local/lib/python3.8/site-packages/airflow/example_dags/example_params_ui_tutorial.py took 0.165 seconds
[2023-11-03T00:17:53.850+0000] {processor.py:157} INFO - Started process (PID=3117) to work on /home/airflow/.local/lib/python3.8/site-packages/airflow/example_dags/example_params_ui_tutorial.py
[2023-11-03T00:17:53.852+0000] {processor.py:829} INFO - Processing file /home/airflow/.local/lib/python3.8/site-packages/airflow/example_dags/example_params_ui_tutorial.py for tasks to queue
[2023-11-03T00:17:53.856+0000] {logging_mixin.py:151} INFO - [2023-11-03T00:17:53.856+0000] {dagbag.py:536} INFO - Filling up the DagBag from /home/airflow/.local/lib/python3.8/site-packages/airflow/example_dags/example_params_ui_tutorial.py
[2023-11-03T00:17:53.902+0000] {processor.py:839} INFO - DAG(s) dict_keys(['example_params_ui_tutorial']) retrieved from /home/airflow/.local/lib/python3.8/site-packages/airflow/example_dags/example_params_ui_tutorial.py
[2023-11-03T00:17:53.972+0000] {logging_mixin.py:151} INFO - [2023-11-03T00:17:53.972+0000] {dag.py:2941} INFO - Sync 1 DAGs
[2023-11-03T00:17:53.995+0000] {logging_mixin.py:151} INFO - [2023-11-03T00:17:53.995+0000] {dag.py:3722} INFO - Setting next_dagrun for example_params_ui_tutorial to None, run_after=None
[2023-11-03T00:17:54.036+0000] {processor.py:179} INFO - Processing /home/airflow/.local/lib/python3.8/site-packages/airflow/example_dags/example_params_ui_tutorial.py took 0.191 seconds
[2023-11-03T00:18:24.824+0000] {processor.py:157} INFO - Started process (PID=3171) to work on /home/airflow/.local/lib/python3.8/site-packages/airflow/example_dags/example_params_ui_tutorial.py
[2023-11-03T00:18:24.825+0000] {processor.py:829} INFO - Processing file /home/airflow/.local/lib/python3.8/site-packages/airflow/example_dags/example_params_ui_tutorial.py for tasks to queue
[2023-11-03T00:18:24.827+0000] {logging_mixin.py:151} INFO - [2023-11-03T00:18:24.827+0000] {dagbag.py:536} INFO - Filling up the DagBag from /home/airflow/.local/lib/python3.8/site-packages/airflow/example_dags/example_params_ui_tutorial.py
[2023-11-03T00:18:24.864+0000] {processor.py:839} INFO - DAG(s) dict_keys(['example_params_ui_tutorial']) retrieved from /home/airflow/.local/lib/python3.8/site-packages/airflow/example_dags/example_params_ui_tutorial.py
[2023-11-03T00:18:24.932+0000] {logging_mixin.py:151} INFO - [2023-11-03T00:18:24.931+0000] {dag.py:2941} INFO - Sync 1 DAGs
[2023-11-03T00:18:24.945+0000] {logging_mixin.py:151} INFO - [2023-11-03T00:18:24.945+0000] {dag.py:3722} INFO - Setting next_dagrun for example_params_ui_tutorial to None, run_after=None
[2023-11-03T00:18:24.972+0000] {processor.py:179} INFO - Processing /home/airflow/.local/lib/python3.8/site-packages/airflow/example_dags/example_params_ui_tutorial.py took 0.152 seconds
[2023-11-03T00:18:55.039+0000] {processor.py:157} INFO - Started process (PID=3225) to work on /home/airflow/.local/lib/python3.8/site-packages/airflow/example_dags/example_params_ui_tutorial.py
[2023-11-03T00:18:55.041+0000] {processor.py:829} INFO - Processing file /home/airflow/.local/lib/python3.8/site-packages/airflow/example_dags/example_params_ui_tutorial.py for tasks to queue
[2023-11-03T00:18:55.045+0000] {logging_mixin.py:151} INFO - [2023-11-03T00:18:55.044+0000] {dagbag.py:536} INFO - Filling up the DagBag from /home/airflow/.local/lib/python3.8/site-packages/airflow/example_dags/example_params_ui_tutorial.py
[2023-11-03T00:18:55.087+0000] {processor.py:839} INFO - DAG(s) dict_keys(['example_params_ui_tutorial']) retrieved from /home/airflow/.local/lib/python3.8/site-packages/airflow/example_dags/example_params_ui_tutorial.py
[2023-11-03T00:18:55.147+0000] {logging_mixin.py:151} INFO - [2023-11-03T00:18:55.147+0000] {dag.py:2941} INFO - Sync 1 DAGs
[2023-11-03T00:18:55.162+0000] {logging_mixin.py:151} INFO - [2023-11-03T00:18:55.161+0000] {dag.py:3722} INFO - Setting next_dagrun for example_params_ui_tutorial to None, run_after=None
[2023-11-03T00:18:55.188+0000] {processor.py:179} INFO - Processing /home/airflow/.local/lib/python3.8/site-packages/airflow/example_dags/example_params_ui_tutorial.py took 0.153 seconds
[2023-11-03T00:19:25.613+0000] {processor.py:157} INFO - Started process (PID=3279) to work on /home/airflow/.local/lib/python3.8/site-packages/airflow/example_dags/example_params_ui_tutorial.py
[2023-11-03T00:19:25.614+0000] {processor.py:829} INFO - Processing file /home/airflow/.local/lib/python3.8/site-packages/airflow/example_dags/example_params_ui_tutorial.py for tasks to queue
[2023-11-03T00:19:25.617+0000] {logging_mixin.py:151} INFO - [2023-11-03T00:19:25.617+0000] {dagbag.py:536} INFO - Filling up the DagBag from /home/airflow/.local/lib/python3.8/site-packages/airflow/example_dags/example_params_ui_tutorial.py
[2023-11-03T00:19:25.654+0000] {processor.py:839} INFO - DAG(s) dict_keys(['example_params_ui_tutorial']) retrieved from /home/airflow/.local/lib/python3.8/site-packages/airflow/example_dags/example_params_ui_tutorial.py
[2023-11-03T00:19:25.719+0000] {logging_mixin.py:151} INFO - [2023-11-03T00:19:25.719+0000] {dag.py:2941} INFO - Sync 1 DAGs
[2023-11-03T00:19:25.736+0000] {logging_mixin.py:151} INFO - [2023-11-03T00:19:25.736+0000] {dag.py:3722} INFO - Setting next_dagrun for example_params_ui_tutorial to None, run_after=None
[2023-11-03T00:19:25.765+0000] {processor.py:179} INFO - Processing /home/airflow/.local/lib/python3.8/site-packages/airflow/example_dags/example_params_ui_tutorial.py took 0.156 seconds
[2023-11-03T00:19:55.935+0000] {processor.py:157} INFO - Started process (PID=3333) to work on /home/airflow/.local/lib/python3.8/site-packages/airflow/example_dags/example_params_ui_tutorial.py
[2023-11-03T00:19:55.936+0000] {processor.py:829} INFO - Processing file /home/airflow/.local/lib/python3.8/site-packages/airflow/example_dags/example_params_ui_tutorial.py for tasks to queue
[2023-11-03T00:19:55.940+0000] {logging_mixin.py:151} INFO - [2023-11-03T00:19:55.938+0000] {dagbag.py:536} INFO - Filling up the DagBag from /home/airflow/.local/lib/python3.8/site-packages/airflow/example_dags/example_params_ui_tutorial.py
[2023-11-03T00:19:55.977+0000] {processor.py:839} INFO - DAG(s) dict_keys(['example_params_ui_tutorial']) retrieved from /home/airflow/.local/lib/python3.8/site-packages/airflow/example_dags/example_params_ui_tutorial.py
[2023-11-03T00:19:56.045+0000] {logging_mixin.py:151} INFO - [2023-11-03T00:19:56.044+0000] {dag.py:2941} INFO - Sync 1 DAGs
[2023-11-03T00:19:56.060+0000] {logging_mixin.py:151} INFO - [2023-11-03T00:19:56.060+0000] {dag.py:3722} INFO - Setting next_dagrun for example_params_ui_tutorial to None, run_after=None
[2023-11-03T00:19:56.090+0000] {processor.py:179} INFO - Processing /home/airflow/.local/lib/python3.8/site-packages/airflow/example_dags/example_params_ui_tutorial.py took 0.159 seconds
[2023-11-03T00:20:26.141+0000] {processor.py:157} INFO - Started process (PID=3387) to work on /home/airflow/.local/lib/python3.8/site-packages/airflow/example_dags/example_params_ui_tutorial.py
[2023-11-03T00:20:26.144+0000] {processor.py:829} INFO - Processing file /home/airflow/.local/lib/python3.8/site-packages/airflow/example_dags/example_params_ui_tutorial.py for tasks to queue
[2023-11-03T00:20:26.146+0000] {logging_mixin.py:151} INFO - [2023-11-03T00:20:26.146+0000] {dagbag.py:536} INFO - Filling up the DagBag from /home/airflow/.local/lib/python3.8/site-packages/airflow/example_dags/example_params_ui_tutorial.py
[2023-11-03T00:20:26.184+0000] {processor.py:839} INFO - DAG(s) dict_keys(['example_params_ui_tutorial']) retrieved from /home/airflow/.local/lib/python3.8/site-packages/airflow/example_dags/example_params_ui_tutorial.py
[2023-11-03T00:20:26.248+0000] {logging_mixin.py:151} INFO - [2023-11-03T00:20:26.248+0000] {dag.py:2941} INFO - Sync 1 DAGs
[2023-11-03T00:20:26.262+0000] {logging_mixin.py:151} INFO - [2023-11-03T00:20:26.262+0000] {dag.py:3722} INFO - Setting next_dagrun for example_params_ui_tutorial to None, run_after=None
[2023-11-03T00:20:26.292+0000] {processor.py:179} INFO - Processing /home/airflow/.local/lib/python3.8/site-packages/airflow/example_dags/example_params_ui_tutorial.py took 0.159 seconds
[2023-11-03T00:20:56.474+0000] {processor.py:157} INFO - Started process (PID=3441) to work on /home/airflow/.local/lib/python3.8/site-packages/airflow/example_dags/example_params_ui_tutorial.py
[2023-11-03T00:20:56.475+0000] {processor.py:829} INFO - Processing file /home/airflow/.local/lib/python3.8/site-packages/airflow/example_dags/example_params_ui_tutorial.py for tasks to queue
[2023-11-03T00:20:56.478+0000] {logging_mixin.py:151} INFO - [2023-11-03T00:20:56.477+0000] {dagbag.py:536} INFO - Filling up the DagBag from /home/airflow/.local/lib/python3.8/site-packages/airflow/example_dags/example_params_ui_tutorial.py
[2023-11-03T00:20:56.516+0000] {processor.py:839} INFO - DAG(s) dict_keys(['example_params_ui_tutorial']) retrieved from /home/airflow/.local/lib/python3.8/site-packages/airflow/example_dags/example_params_ui_tutorial.py
[2023-11-03T00:20:56.574+0000] {logging_mixin.py:151} INFO - [2023-11-03T00:20:56.574+0000] {dag.py:2941} INFO - Sync 1 DAGs
[2023-11-03T00:20:56.590+0000] {logging_mixin.py:151} INFO - [2023-11-03T00:20:56.589+0000] {dag.py:3722} INFO - Setting next_dagrun for example_params_ui_tutorial to None, run_after=None
[2023-11-03T00:20:56.625+0000] {processor.py:179} INFO - Processing /home/airflow/.local/lib/python3.8/site-packages/airflow/example_dags/example_params_ui_tutorial.py took 0.154 seconds
[2023-11-03T00:21:26.721+0000] {processor.py:157} INFO - Started process (PID=3495) to work on /home/airflow/.local/lib/python3.8/site-packages/airflow/example_dags/example_params_ui_tutorial.py
[2023-11-03T00:21:26.722+0000] {processor.py:829} INFO - Processing file /home/airflow/.local/lib/python3.8/site-packages/airflow/example_dags/example_params_ui_tutorial.py for tasks to queue
[2023-11-03T00:21:26.724+0000] {logging_mixin.py:151} INFO - [2023-11-03T00:21:26.724+0000] {dagbag.py:536} INFO - Filling up the DagBag from /home/airflow/.local/lib/python3.8/site-packages/airflow/example_dags/example_params_ui_tutorial.py
[2023-11-03T00:21:26.761+0000] {processor.py:839} INFO - DAG(s) dict_keys(['example_params_ui_tutorial']) retrieved from /home/airflow/.local/lib/python3.8/site-packages/airflow/example_dags/example_params_ui_tutorial.py
[2023-11-03T00:21:26.819+0000] {logging_mixin.py:151} INFO - [2023-11-03T00:21:26.819+0000] {dag.py:2941} INFO - Sync 1 DAGs
[2023-11-03T00:21:26.835+0000] {logging_mixin.py:151} INFO - [2023-11-03T00:21:26.834+0000] {dag.py:3722} INFO - Setting next_dagrun for example_params_ui_tutorial to None, run_after=None
[2023-11-03T00:21:26.864+0000] {processor.py:179} INFO - Processing /home/airflow/.local/lib/python3.8/site-packages/airflow/example_dags/example_params_ui_tutorial.py took 0.146 seconds
[2023-11-03T00:21:57.065+0000] {processor.py:157} INFO - Started process (PID=3549) to work on /home/airflow/.local/lib/python3.8/site-packages/airflow/example_dags/example_params_ui_tutorial.py
[2023-11-03T00:21:57.067+0000] {processor.py:829} INFO - Processing file /home/airflow/.local/lib/python3.8/site-packages/airflow/example_dags/example_params_ui_tutorial.py for tasks to queue
[2023-11-03T00:21:57.070+0000] {logging_mixin.py:151} INFO - [2023-11-03T00:21:57.069+0000] {dagbag.py:536} INFO - Filling up the DagBag from /home/airflow/.local/lib/python3.8/site-packages/airflow/example_dags/example_params_ui_tutorial.py
[2023-11-03T00:21:57.123+0000] {processor.py:839} INFO - DAG(s) dict_keys(['example_params_ui_tutorial']) retrieved from /home/airflow/.local/lib/python3.8/site-packages/airflow/example_dags/example_params_ui_tutorial.py
[2023-11-03T00:21:57.195+0000] {logging_mixin.py:151} INFO - [2023-11-03T00:21:57.195+0000] {dag.py:2941} INFO - Sync 1 DAGs
[2023-11-03T00:21:57.209+0000] {logging_mixin.py:151} INFO - [2023-11-03T00:21:57.209+0000] {dag.py:3722} INFO - Setting next_dagrun for example_params_ui_tutorial to None, run_after=None
[2023-11-03T00:21:57.239+0000] {processor.py:179} INFO - Processing /home/airflow/.local/lib/python3.8/site-packages/airflow/example_dags/example_params_ui_tutorial.py took 0.180 seconds
[2023-11-03T00:22:27.469+0000] {processor.py:157} INFO - Started process (PID=3603) to work on /home/airflow/.local/lib/python3.8/site-packages/airflow/example_dags/example_params_ui_tutorial.py
[2023-11-03T00:22:27.471+0000] {processor.py:829} INFO - Processing file /home/airflow/.local/lib/python3.8/site-packages/airflow/example_dags/example_params_ui_tutorial.py for tasks to queue
[2023-11-03T00:22:27.474+0000] {logging_mixin.py:151} INFO - [2023-11-03T00:22:27.473+0000] {dagbag.py:536} INFO - Filling up the DagBag from /home/airflow/.local/lib/python3.8/site-packages/airflow/example_dags/example_params_ui_tutorial.py
[2023-11-03T00:22:27.512+0000] {processor.py:839} INFO - DAG(s) dict_keys(['example_params_ui_tutorial']) retrieved from /home/airflow/.local/lib/python3.8/site-packages/airflow/example_dags/example_params_ui_tutorial.py
[2023-11-03T00:22:27.571+0000] {logging_mixin.py:151} INFO - [2023-11-03T00:22:27.571+0000] {dag.py:2941} INFO - Sync 1 DAGs
[2023-11-03T00:22:27.586+0000] {logging_mixin.py:151} INFO - [2023-11-03T00:22:27.586+0000] {dag.py:3722} INFO - Setting next_dagrun for example_params_ui_tutorial to None, run_after=None
[2023-11-03T00:22:27.622+0000] {processor.py:179} INFO - Processing /home/airflow/.local/lib/python3.8/site-packages/airflow/example_dags/example_params_ui_tutorial.py took 0.156 seconds
[2023-11-03T00:22:57.996+0000] {processor.py:157} INFO - Started process (PID=3657) to work on /home/airflow/.local/lib/python3.8/site-packages/airflow/example_dags/example_params_ui_tutorial.py
[2023-11-03T00:22:57.998+0000] {processor.py:829} INFO - Processing file /home/airflow/.local/lib/python3.8/site-packages/airflow/example_dags/example_params_ui_tutorial.py for tasks to queue
[2023-11-03T00:22:58.001+0000] {logging_mixin.py:151} INFO - [2023-11-03T00:22:58.001+0000] {dagbag.py:536} INFO - Filling up the DagBag from /home/airflow/.local/lib/python3.8/site-packages/airflow/example_dags/example_params_ui_tutorial.py
[2023-11-03T00:22:58.037+0000] {processor.py:839} INFO - DAG(s) dict_keys(['example_params_ui_tutorial']) retrieved from /home/airflow/.local/lib/python3.8/site-packages/airflow/example_dags/example_params_ui_tutorial.py
[2023-11-03T00:22:58.101+0000] {logging_mixin.py:151} INFO - [2023-11-03T00:22:58.101+0000] {dag.py:2941} INFO - Sync 1 DAGs
[2023-11-03T00:22:58.115+0000] {logging_mixin.py:151} INFO - [2023-11-03T00:22:58.115+0000] {dag.py:3722} INFO - Setting next_dagrun for example_params_ui_tutorial to None, run_after=None
[2023-11-03T00:22:58.143+0000] {processor.py:179} INFO - Processing /home/airflow/.local/lib/python3.8/site-packages/airflow/example_dags/example_params_ui_tutorial.py took 0.150 seconds
[2023-11-03T00:23:28.408+0000] {processor.py:157} INFO - Started process (PID=3711) to work on /home/airflow/.local/lib/python3.8/site-packages/airflow/example_dags/example_params_ui_tutorial.py
[2023-11-03T00:23:28.409+0000] {processor.py:829} INFO - Processing file /home/airflow/.local/lib/python3.8/site-packages/airflow/example_dags/example_params_ui_tutorial.py for tasks to queue
[2023-11-03T00:23:28.413+0000] {logging_mixin.py:151} INFO - [2023-11-03T00:23:28.412+0000] {dagbag.py:536} INFO - Filling up the DagBag from /home/airflow/.local/lib/python3.8/site-packages/airflow/example_dags/example_params_ui_tutorial.py
[2023-11-03T00:23:28.450+0000] {processor.py:839} INFO - DAG(s) dict_keys(['example_params_ui_tutorial']) retrieved from /home/airflow/.local/lib/python3.8/site-packages/airflow/example_dags/example_params_ui_tutorial.py
[2023-11-03T00:23:28.511+0000] {logging_mixin.py:151} INFO - [2023-11-03T00:23:28.511+0000] {dag.py:2941} INFO - Sync 1 DAGs
[2023-11-03T00:23:28.525+0000] {logging_mixin.py:151} INFO - [2023-11-03T00:23:28.525+0000] {dag.py:3722} INFO - Setting next_dagrun for example_params_ui_tutorial to None, run_after=None
[2023-11-03T00:23:28.553+0000] {processor.py:179} INFO - Processing /home/airflow/.local/lib/python3.8/site-packages/airflow/example_dags/example_params_ui_tutorial.py took 0.149 seconds
[2023-11-03T00:23:58.828+0000] {processor.py:157} INFO - Started process (PID=3765) to work on /home/airflow/.local/lib/python3.8/site-packages/airflow/example_dags/example_params_ui_tutorial.py
[2023-11-03T00:23:58.829+0000] {processor.py:829} INFO - Processing file /home/airflow/.local/lib/python3.8/site-packages/airflow/example_dags/example_params_ui_tutorial.py for tasks to queue
[2023-11-03T00:23:58.831+0000] {logging_mixin.py:151} INFO - [2023-11-03T00:23:58.831+0000] {dagbag.py:536} INFO - Filling up the DagBag from /home/airflow/.local/lib/python3.8/site-packages/airflow/example_dags/example_params_ui_tutorial.py
[2023-11-03T00:23:58.867+0000] {processor.py:839} INFO - DAG(s) dict_keys(['example_params_ui_tutorial']) retrieved from /home/airflow/.local/lib/python3.8/site-packages/airflow/example_dags/example_params_ui_tutorial.py
[2023-11-03T00:23:58.931+0000] {logging_mixin.py:151} INFO - [2023-11-03T00:23:58.931+0000] {dag.py:2941} INFO - Sync 1 DAGs
[2023-11-03T00:23:58.946+0000] {logging_mixin.py:151} INFO - [2023-11-03T00:23:58.946+0000] {dag.py:3722} INFO - Setting next_dagrun for example_params_ui_tutorial to None, run_after=None
[2023-11-03T00:23:58.973+0000] {processor.py:179} INFO - Processing /home/airflow/.local/lib/python3.8/site-packages/airflow/example_dags/example_params_ui_tutorial.py took 0.149 seconds
[2023-11-03T00:24:29.062+0000] {processor.py:157} INFO - Started process (PID=3820) to work on /home/airflow/.local/lib/python3.8/site-packages/airflow/example_dags/example_params_ui_tutorial.py
[2023-11-03T00:24:29.064+0000] {processor.py:829} INFO - Processing file /home/airflow/.local/lib/python3.8/site-packages/airflow/example_dags/example_params_ui_tutorial.py for tasks to queue
[2023-11-03T00:24:29.066+0000] {logging_mixin.py:151} INFO - [2023-11-03T00:24:29.066+0000] {dagbag.py:536} INFO - Filling up the DagBag from /home/airflow/.local/lib/python3.8/site-packages/airflow/example_dags/example_params_ui_tutorial.py
[2023-11-03T00:24:29.103+0000] {processor.py:839} INFO - DAG(s) dict_keys(['example_params_ui_tutorial']) retrieved from /home/airflow/.local/lib/python3.8/site-packages/airflow/example_dags/example_params_ui_tutorial.py
[2023-11-03T00:24:29.163+0000] {logging_mixin.py:151} INFO - [2023-11-03T00:24:29.162+0000] {dag.py:2941} INFO - Sync 1 DAGs
[2023-11-03T00:24:29.178+0000] {logging_mixin.py:151} INFO - [2023-11-03T00:24:29.178+0000] {dag.py:3722} INFO - Setting next_dagrun for example_params_ui_tutorial to None, run_after=None
[2023-11-03T00:24:29.209+0000] {processor.py:179} INFO - Processing /home/airflow/.local/lib/python3.8/site-packages/airflow/example_dags/example_params_ui_tutorial.py took 0.150 seconds
[2023-11-03T00:24:59.346+0000] {processor.py:157} INFO - Started process (PID=3874) to work on /home/airflow/.local/lib/python3.8/site-packages/airflow/example_dags/example_params_ui_tutorial.py
[2023-11-03T00:24:59.348+0000] {processor.py:829} INFO - Processing file /home/airflow/.local/lib/python3.8/site-packages/airflow/example_dags/example_params_ui_tutorial.py for tasks to queue
[2023-11-03T00:24:59.350+0000] {logging_mixin.py:151} INFO - [2023-11-03T00:24:59.349+0000] {dagbag.py:536} INFO - Filling up the DagBag from /home/airflow/.local/lib/python3.8/site-packages/airflow/example_dags/example_params_ui_tutorial.py
[2023-11-03T00:24:59.383+0000] {processor.py:839} INFO - DAG(s) dict_keys(['example_params_ui_tutorial']) retrieved from /home/airflow/.local/lib/python3.8/site-packages/airflow/example_dags/example_params_ui_tutorial.py
[2023-11-03T00:24:59.440+0000] {logging_mixin.py:151} INFO - [2023-11-03T00:24:59.440+0000] {dag.py:2941} INFO - Sync 1 DAGs
[2023-11-03T00:24:59.454+0000] {logging_mixin.py:151} INFO - [2023-11-03T00:24:59.454+0000] {dag.py:3722} INFO - Setting next_dagrun for example_params_ui_tutorial to None, run_after=None
[2023-11-03T00:24:59.480+0000] {processor.py:179} INFO - Processing /home/airflow/.local/lib/python3.8/site-packages/airflow/example_dags/example_params_ui_tutorial.py took 0.137 seconds
[2023-11-03T00:25:29.536+0000] {processor.py:157} INFO - Started process (PID=3928) to work on /home/airflow/.local/lib/python3.8/site-packages/airflow/example_dags/example_params_ui_tutorial.py
[2023-11-03T00:25:29.538+0000] {processor.py:829} INFO - Processing file /home/airflow/.local/lib/python3.8/site-packages/airflow/example_dags/example_params_ui_tutorial.py for tasks to queue
[2023-11-03T00:25:29.539+0000] {logging_mixin.py:151} INFO - [2023-11-03T00:25:29.539+0000] {dagbag.py:536} INFO - Filling up the DagBag from /home/airflow/.local/lib/python3.8/site-packages/airflow/example_dags/example_params_ui_tutorial.py
[2023-11-03T00:25:29.573+0000] {processor.py:839} INFO - DAG(s) dict_keys(['example_params_ui_tutorial']) retrieved from /home/airflow/.local/lib/python3.8/site-packages/airflow/example_dags/example_params_ui_tutorial.py
[2023-11-03T00:25:29.630+0000] {logging_mixin.py:151} INFO - [2023-11-03T00:25:29.630+0000] {dag.py:2941} INFO - Sync 1 DAGs
[2023-11-03T00:25:29.644+0000] {logging_mixin.py:151} INFO - [2023-11-03T00:25:29.644+0000] {dag.py:3722} INFO - Setting next_dagrun for example_params_ui_tutorial to None, run_after=None
[2023-11-03T00:25:29.692+0000] {processor.py:179} INFO - Processing /home/airflow/.local/lib/python3.8/site-packages/airflow/example_dags/example_params_ui_tutorial.py took 0.159 seconds
[2023-11-03T00:25:59.748+0000] {processor.py:157} INFO - Started process (PID=3982) to work on /home/airflow/.local/lib/python3.8/site-packages/airflow/example_dags/example_params_ui_tutorial.py
[2023-11-03T00:25:59.749+0000] {processor.py:829} INFO - Processing file /home/airflow/.local/lib/python3.8/site-packages/airflow/example_dags/example_params_ui_tutorial.py for tasks to queue
[2023-11-03T00:25:59.751+0000] {logging_mixin.py:151} INFO - [2023-11-03T00:25:59.751+0000] {dagbag.py:536} INFO - Filling up the DagBag from /home/airflow/.local/lib/python3.8/site-packages/airflow/example_dags/example_params_ui_tutorial.py
[2023-11-03T00:25:59.785+0000] {processor.py:839} INFO - DAG(s) dict_keys(['example_params_ui_tutorial']) retrieved from /home/airflow/.local/lib/python3.8/site-packages/airflow/example_dags/example_params_ui_tutorial.py
[2023-11-03T00:25:59.841+0000] {logging_mixin.py:151} INFO - [2023-11-03T00:25:59.840+0000] {dag.py:2941} INFO - Sync 1 DAGs
[2023-11-03T00:25:59.854+0000] {logging_mixin.py:151} INFO - [2023-11-03T00:25:59.854+0000] {dag.py:3722} INFO - Setting next_dagrun for example_params_ui_tutorial to None, run_after=None
[2023-11-03T00:25:59.881+0000] {processor.py:179} INFO - Processing /home/airflow/.local/lib/python3.8/site-packages/airflow/example_dags/example_params_ui_tutorial.py took 0.136 seconds
[2023-11-03T00:26:29.912+0000] {processor.py:157} INFO - Started process (PID=4035) to work on /home/airflow/.local/lib/python3.8/site-packages/airflow/example_dags/example_params_ui_tutorial.py
[2023-11-03T00:26:29.914+0000] {processor.py:829} INFO - Processing file /home/airflow/.local/lib/python3.8/site-packages/airflow/example_dags/example_params_ui_tutorial.py for tasks to queue
[2023-11-03T00:26:29.916+0000] {logging_mixin.py:151} INFO - [2023-11-03T00:26:29.916+0000] {dagbag.py:536} INFO - Filling up the DagBag from /home/airflow/.local/lib/python3.8/site-packages/airflow/example_dags/example_params_ui_tutorial.py
[2023-11-03T00:26:29.951+0000] {processor.py:839} INFO - DAG(s) dict_keys(['example_params_ui_tutorial']) retrieved from /home/airflow/.local/lib/python3.8/site-packages/airflow/example_dags/example_params_ui_tutorial.py
[2023-11-03T00:26:30.008+0000] {logging_mixin.py:151} INFO - [2023-11-03T00:26:30.008+0000] {dag.py:2941} INFO - Sync 1 DAGs
[2023-11-03T00:26:30.022+0000] {logging_mixin.py:151} INFO - [2023-11-03T00:26:30.022+0000] {dag.py:3722} INFO - Setting next_dagrun for example_params_ui_tutorial to None, run_after=None
[2023-11-03T00:26:30.051+0000] {processor.py:179} INFO - Processing /home/airflow/.local/lib/python3.8/site-packages/airflow/example_dags/example_params_ui_tutorial.py took 0.142 seconds
[2023-11-03T00:27:00.105+0000] {processor.py:157} INFO - Started process (PID=4089) to work on /home/airflow/.local/lib/python3.8/site-packages/airflow/example_dags/example_params_ui_tutorial.py
[2023-11-03T00:27:00.107+0000] {processor.py:829} INFO - Processing file /home/airflow/.local/lib/python3.8/site-packages/airflow/example_dags/example_params_ui_tutorial.py for tasks to queue
[2023-11-03T00:27:00.110+0000] {logging_mixin.py:151} INFO - [2023-11-03T00:27:00.109+0000] {dagbag.py:536} INFO - Filling up the DagBag from /home/airflow/.local/lib/python3.8/site-packages/airflow/example_dags/example_params_ui_tutorial.py
[2023-11-03T00:27:00.144+0000] {processor.py:839} INFO - DAG(s) dict_keys(['example_params_ui_tutorial']) retrieved from /home/airflow/.local/lib/python3.8/site-packages/airflow/example_dags/example_params_ui_tutorial.py
[2023-11-03T00:27:00.200+0000] {logging_mixin.py:151} INFO - [2023-11-03T00:27:00.200+0000] {dag.py:2941} INFO - Sync 1 DAGs
[2023-11-03T00:27:00.214+0000] {logging_mixin.py:151} INFO - [2023-11-03T00:27:00.213+0000] {dag.py:3722} INFO - Setting next_dagrun for example_params_ui_tutorial to None, run_after=None
[2023-11-03T00:27:00.242+0000] {processor.py:179} INFO - Processing /home/airflow/.local/lib/python3.8/site-packages/airflow/example_dags/example_params_ui_tutorial.py took 0.140 seconds
[2023-11-03T00:27:30.285+0000] {processor.py:157} INFO - Started process (PID=4143) to work on /home/airflow/.local/lib/python3.8/site-packages/airflow/example_dags/example_params_ui_tutorial.py
[2023-11-03T00:27:30.286+0000] {processor.py:829} INFO - Processing file /home/airflow/.local/lib/python3.8/site-packages/airflow/example_dags/example_params_ui_tutorial.py for tasks to queue
[2023-11-03T00:27:30.288+0000] {logging_mixin.py:151} INFO - [2023-11-03T00:27:30.288+0000] {dagbag.py:536} INFO - Filling up the DagBag from /home/airflow/.local/lib/python3.8/site-packages/airflow/example_dags/example_params_ui_tutorial.py
[2023-11-03T00:27:30.323+0000] {processor.py:839} INFO - DAG(s) dict_keys(['example_params_ui_tutorial']) retrieved from /home/airflow/.local/lib/python3.8/site-packages/airflow/example_dags/example_params_ui_tutorial.py
[2023-11-03T00:27:30.377+0000] {logging_mixin.py:151} INFO - [2023-11-03T00:27:30.377+0000] {dag.py:2941} INFO - Sync 1 DAGs
[2023-11-03T00:27:30.391+0000] {logging_mixin.py:151} INFO - [2023-11-03T00:27:30.391+0000] {dag.py:3722} INFO - Setting next_dagrun for example_params_ui_tutorial to None, run_after=None
[2023-11-03T00:27:30.414+0000] {processor.py:179} INFO - Processing /home/airflow/.local/lib/python3.8/site-packages/airflow/example_dags/example_params_ui_tutorial.py took 0.133 seconds
[2023-11-03T00:28:00.544+0000] {processor.py:157} INFO - Started process (PID=4197) to work on /home/airflow/.local/lib/python3.8/site-packages/airflow/example_dags/example_params_ui_tutorial.py
[2023-11-03T00:28:00.545+0000] {processor.py:829} INFO - Processing file /home/airflow/.local/lib/python3.8/site-packages/airflow/example_dags/example_params_ui_tutorial.py for tasks to queue
[2023-11-03T00:28:00.547+0000] {logging_mixin.py:151} INFO - [2023-11-03T00:28:00.547+0000] {dagbag.py:536} INFO - Filling up the DagBag from /home/airflow/.local/lib/python3.8/site-packages/airflow/example_dags/example_params_ui_tutorial.py
[2023-11-03T00:28:00.582+0000] {processor.py:839} INFO - DAG(s) dict_keys(['example_params_ui_tutorial']) retrieved from /home/airflow/.local/lib/python3.8/site-packages/airflow/example_dags/example_params_ui_tutorial.py
[2023-11-03T00:28:00.638+0000] {logging_mixin.py:151} INFO - [2023-11-03T00:28:00.638+0000] {dag.py:2941} INFO - Sync 1 DAGs
[2023-11-03T00:28:00.652+0000] {logging_mixin.py:151} INFO - [2023-11-03T00:28:00.652+0000] {dag.py:3722} INFO - Setting next_dagrun for example_params_ui_tutorial to None, run_after=None
[2023-11-03T00:28:00.680+0000] {processor.py:179} INFO - Processing /home/airflow/.local/lib/python3.8/site-packages/airflow/example_dags/example_params_ui_tutorial.py took 0.139 seconds
[2023-11-03T00:28:30.767+0000] {processor.py:157} INFO - Started process (PID=4251) to work on /home/airflow/.local/lib/python3.8/site-packages/airflow/example_dags/example_params_ui_tutorial.py
[2023-11-03T00:28:30.768+0000] {processor.py:829} INFO - Processing file /home/airflow/.local/lib/python3.8/site-packages/airflow/example_dags/example_params_ui_tutorial.py for tasks to queue
[2023-11-03T00:28:30.771+0000] {logging_mixin.py:151} INFO - [2023-11-03T00:28:30.770+0000] {dagbag.py:536} INFO - Filling up the DagBag from /home/airflow/.local/lib/python3.8/site-packages/airflow/example_dags/example_params_ui_tutorial.py
[2023-11-03T00:28:30.807+0000] {processor.py:839} INFO - DAG(s) dict_keys(['example_params_ui_tutorial']) retrieved from /home/airflow/.local/lib/python3.8/site-packages/airflow/example_dags/example_params_ui_tutorial.py
[2023-11-03T00:28:30.868+0000] {logging_mixin.py:151} INFO - [2023-11-03T00:28:30.867+0000] {dag.py:2941} INFO - Sync 1 DAGs
[2023-11-03T00:28:30.882+0000] {logging_mixin.py:151} INFO - [2023-11-03T00:28:30.881+0000] {dag.py:3722} INFO - Setting next_dagrun for example_params_ui_tutorial to None, run_after=None
[2023-11-03T00:28:30.909+0000] {processor.py:179} INFO - Processing /home/airflow/.local/lib/python3.8/site-packages/airflow/example_dags/example_params_ui_tutorial.py took 0.145 seconds
[2023-11-03T00:29:01.147+0000] {processor.py:157} INFO - Started process (PID=4306) to work on /home/airflow/.local/lib/python3.8/site-packages/airflow/example_dags/example_params_ui_tutorial.py
[2023-11-03T00:29:01.147+0000] {processor.py:829} INFO - Processing file /home/airflow/.local/lib/python3.8/site-packages/airflow/example_dags/example_params_ui_tutorial.py for tasks to queue
[2023-11-03T00:29:01.150+0000] {logging_mixin.py:151} INFO - [2023-11-03T00:29:01.150+0000] {dagbag.py:536} INFO - Filling up the DagBag from /home/airflow/.local/lib/python3.8/site-packages/airflow/example_dags/example_params_ui_tutorial.py
[2023-11-03T00:29:01.185+0000] {processor.py:839} INFO - DAG(s) dict_keys(['example_params_ui_tutorial']) retrieved from /home/airflow/.local/lib/python3.8/site-packages/airflow/example_dags/example_params_ui_tutorial.py
[2023-11-03T00:29:01.244+0000] {logging_mixin.py:151} INFO - [2023-11-03T00:29:01.243+0000] {dag.py:2941} INFO - Sync 1 DAGs
[2023-11-03T00:29:01.258+0000] {logging_mixin.py:151} INFO - [2023-11-03T00:29:01.258+0000] {dag.py:3722} INFO - Setting next_dagrun for example_params_ui_tutorial to None, run_after=None
[2023-11-03T00:29:01.293+0000] {processor.py:179} INFO - Processing /home/airflow/.local/lib/python3.8/site-packages/airflow/example_dags/example_params_ui_tutorial.py took 0.150 seconds
[2023-11-03T00:29:31.903+0000] {processor.py:157} INFO - Started process (PID=4358) to work on /home/airflow/.local/lib/python3.8/site-packages/airflow/example_dags/example_params_ui_tutorial.py
[2023-11-03T00:29:31.905+0000] {processor.py:829} INFO - Processing file /home/airflow/.local/lib/python3.8/site-packages/airflow/example_dags/example_params_ui_tutorial.py for tasks to queue
[2023-11-03T00:29:31.907+0000] {logging_mixin.py:151} INFO - [2023-11-03T00:29:31.907+0000] {dagbag.py:536} INFO - Filling up the DagBag from /home/airflow/.local/lib/python3.8/site-packages/airflow/example_dags/example_params_ui_tutorial.py
[2023-11-03T00:29:31.942+0000] {processor.py:839} INFO - DAG(s) dict_keys(['example_params_ui_tutorial']) retrieved from /home/airflow/.local/lib/python3.8/site-packages/airflow/example_dags/example_params_ui_tutorial.py
[2023-11-03T00:29:32.000+0000] {logging_mixin.py:151} INFO - [2023-11-03T00:29:32.000+0000] {dag.py:2941} INFO - Sync 1 DAGs
[2023-11-03T00:29:32.015+0000] {logging_mixin.py:151} INFO - [2023-11-03T00:29:32.015+0000] {dag.py:3722} INFO - Setting next_dagrun for example_params_ui_tutorial to None, run_after=None
[2023-11-03T00:29:32.043+0000] {processor.py:179} INFO - Processing /home/airflow/.local/lib/python3.8/site-packages/airflow/example_dags/example_params_ui_tutorial.py took 0.143 seconds
[2023-11-03T00:30:02.147+0000] {processor.py:157} INFO - Started process (PID=4411) to work on /home/airflow/.local/lib/python3.8/site-packages/airflow/example_dags/example_params_ui_tutorial.py
[2023-11-03T00:30:02.149+0000] {processor.py:829} INFO - Processing file /home/airflow/.local/lib/python3.8/site-packages/airflow/example_dags/example_params_ui_tutorial.py for tasks to queue
[2023-11-03T00:30:02.151+0000] {logging_mixin.py:151} INFO - [2023-11-03T00:30:02.151+0000] {dagbag.py:536} INFO - Filling up the DagBag from /home/airflow/.local/lib/python3.8/site-packages/airflow/example_dags/example_params_ui_tutorial.py
[2023-11-03T00:30:02.191+0000] {processor.py:839} INFO - DAG(s) dict_keys(['example_params_ui_tutorial']) retrieved from /home/airflow/.local/lib/python3.8/site-packages/airflow/example_dags/example_params_ui_tutorial.py
[2023-11-03T00:30:02.259+0000] {logging_mixin.py:151} INFO - [2023-11-03T00:30:02.258+0000] {dag.py:2941} INFO - Sync 1 DAGs
[2023-11-03T00:30:02.274+0000] {logging_mixin.py:151} INFO - [2023-11-03T00:30:02.273+0000] {dag.py:3722} INFO - Setting next_dagrun for example_params_ui_tutorial to None, run_after=None
[2023-11-03T00:30:02.311+0000] {processor.py:179} INFO - Processing /home/airflow/.local/lib/python3.8/site-packages/airflow/example_dags/example_params_ui_tutorial.py took 0.167 seconds
[2023-11-03T00:30:32.505+0000] {processor.py:157} INFO - Started process (PID=4465) to work on /home/airflow/.local/lib/python3.8/site-packages/airflow/example_dags/example_params_ui_tutorial.py
[2023-11-03T00:30:32.506+0000] {processor.py:829} INFO - Processing file /home/airflow/.local/lib/python3.8/site-packages/airflow/example_dags/example_params_ui_tutorial.py for tasks to queue
[2023-11-03T00:30:32.508+0000] {logging_mixin.py:151} INFO - [2023-11-03T00:30:32.507+0000] {dagbag.py:536} INFO - Filling up the DagBag from /home/airflow/.local/lib/python3.8/site-packages/airflow/example_dags/example_params_ui_tutorial.py
[2023-11-03T00:30:32.542+0000] {processor.py:839} INFO - DAG(s) dict_keys(['example_params_ui_tutorial']) retrieved from /home/airflow/.local/lib/python3.8/site-packages/airflow/example_dags/example_params_ui_tutorial.py
[2023-11-03T00:30:32.605+0000] {logging_mixin.py:151} INFO - [2023-11-03T00:30:32.605+0000] {dag.py:2941} INFO - Sync 1 DAGs
[2023-11-03T00:30:32.619+0000] {logging_mixin.py:151} INFO - [2023-11-03T00:30:32.619+0000] {dag.py:3722} INFO - Setting next_dagrun for example_params_ui_tutorial to None, run_after=None
[2023-11-03T00:30:32.647+0000] {processor.py:179} INFO - Processing /home/airflow/.local/lib/python3.8/site-packages/airflow/example_dags/example_params_ui_tutorial.py took 0.145 seconds
