[2023-11-03T00:00:09.713+0000] {processor.py:157} INFO - Started process (PID=1248) to work on /home/airflow/.local/lib/python3.8/site-packages/airflow/example_dags/example_sensor_decorator.py
[2023-11-03T00:00:09.714+0000] {processor.py:829} INFO - Processing file /home/airflow/.local/lib/python3.8/site-packages/airflow/example_dags/example_sensor_decorator.py for tasks to queue
[2023-11-03T00:00:09.716+0000] {logging_mixin.py:151} INFO - [2023-11-03T00:00:09.716+0000] {dagbag.py:536} INFO - Filling up the DagBag from /home/airflow/.local/lib/python3.8/site-packages/airflow/example_dags/example_sensor_decorator.py
[2023-11-03T00:00:09.723+0000] {processor.py:839} INFO - DAG(s) dict_keys(['example_sensor_decorator']) retrieved from /home/airflow/.local/lib/python3.8/site-packages/airflow/example_dags/example_sensor_decorator.py
[2023-11-03T00:00:09.755+0000] {logging_mixin.py:151} INFO - [2023-11-03T00:00:09.755+0000] {dag.py:2941} INFO - Sync 1 DAGs
[2023-11-03T00:00:09.773+0000] {logging_mixin.py:151} INFO - [2023-11-03T00:00:09.772+0000] {dag.py:3722} INFO - Setting next_dagrun for example_sensor_decorator to None, run_after=None
[2023-11-03T00:00:09.802+0000] {processor.py:179} INFO - Processing /home/airflow/.local/lib/python3.8/site-packages/airflow/example_dags/example_sensor_decorator.py took 0.094 seconds
[2023-11-03T00:00:40.828+0000] {processor.py:157} INFO - Started process (PID=1302) to work on /home/airflow/.local/lib/python3.8/site-packages/airflow/example_dags/example_sensor_decorator.py
[2023-11-03T00:00:40.829+0000] {processor.py:829} INFO - Processing file /home/airflow/.local/lib/python3.8/site-packages/airflow/example_dags/example_sensor_decorator.py for tasks to queue
[2023-11-03T00:00:40.831+0000] {logging_mixin.py:151} INFO - [2023-11-03T00:00:40.831+0000] {dagbag.py:536} INFO - Filling up the DagBag from /home/airflow/.local/lib/python3.8/site-packages/airflow/example_dags/example_sensor_decorator.py
[2023-11-03T00:00:40.838+0000] {processor.py:839} INFO - DAG(s) dict_keys(['example_sensor_decorator']) retrieved from /home/airflow/.local/lib/python3.8/site-packages/airflow/example_dags/example_sensor_decorator.py
[2023-11-03T00:00:40.863+0000] {logging_mixin.py:151} INFO - [2023-11-03T00:00:40.862+0000] {dag.py:2941} INFO - Sync 1 DAGs
[2023-11-03T00:00:40.879+0000] {logging_mixin.py:151} INFO - [2023-11-03T00:00:40.879+0000] {dag.py:3722} INFO - Setting next_dagrun for example_sensor_decorator to None, run_after=None
[2023-11-03T00:00:40.907+0000] {processor.py:179} INFO - Processing /home/airflow/.local/lib/python3.8/site-packages/airflow/example_dags/example_sensor_decorator.py took 0.083 seconds
[2023-11-03T00:01:11.438+0000] {processor.py:157} INFO - Started process (PID=1356) to work on /home/airflow/.local/lib/python3.8/site-packages/airflow/example_dags/example_sensor_decorator.py
[2023-11-03T00:01:11.439+0000] {processor.py:829} INFO - Processing file /home/airflow/.local/lib/python3.8/site-packages/airflow/example_dags/example_sensor_decorator.py for tasks to queue
[2023-11-03T00:01:11.442+0000] {logging_mixin.py:151} INFO - [2023-11-03T00:01:11.441+0000] {dagbag.py:536} INFO - Filling up the DagBag from /home/airflow/.local/lib/python3.8/site-packages/airflow/example_dags/example_sensor_decorator.py
[2023-11-03T00:01:11.449+0000] {processor.py:839} INFO - DAG(s) dict_keys(['example_sensor_decorator']) retrieved from /home/airflow/.local/lib/python3.8/site-packages/airflow/example_dags/example_sensor_decorator.py
[2023-11-03T00:01:11.473+0000] {logging_mixin.py:151} INFO - [2023-11-03T00:01:11.473+0000] {dag.py:2941} INFO - Sync 1 DAGs
[2023-11-03T00:01:11.487+0000] {logging_mixin.py:151} INFO - [2023-11-03T00:01:11.487+0000] {dag.py:3722} INFO - Setting next_dagrun for example_sensor_decorator to None, run_after=None
[2023-11-03T00:01:11.514+0000] {processor.py:179} INFO - Processing /home/airflow/.local/lib/python3.8/site-packages/airflow/example_dags/example_sensor_decorator.py took 0.079 seconds
[2023-11-03T00:01:41.956+0000] {processor.py:157} INFO - Started process (PID=1410) to work on /home/airflow/.local/lib/python3.8/site-packages/airflow/example_dags/example_sensor_decorator.py
[2023-11-03T00:01:41.958+0000] {processor.py:829} INFO - Processing file /home/airflow/.local/lib/python3.8/site-packages/airflow/example_dags/example_sensor_decorator.py for tasks to queue
[2023-11-03T00:01:41.961+0000] {logging_mixin.py:151} INFO - [2023-11-03T00:01:41.960+0000] {dagbag.py:536} INFO - Filling up the DagBag from /home/airflow/.local/lib/python3.8/site-packages/airflow/example_dags/example_sensor_decorator.py
[2023-11-03T00:01:41.968+0000] {processor.py:839} INFO - DAG(s) dict_keys(['example_sensor_decorator']) retrieved from /home/airflow/.local/lib/python3.8/site-packages/airflow/example_dags/example_sensor_decorator.py
[2023-11-03T00:01:41.998+0000] {logging_mixin.py:151} INFO - [2023-11-03T00:01:41.998+0000] {dag.py:2941} INFO - Sync 1 DAGs
[2023-11-03T00:01:42.012+0000] {logging_mixin.py:151} INFO - [2023-11-03T00:01:42.012+0000] {dag.py:3722} INFO - Setting next_dagrun for example_sensor_decorator to None, run_after=None
[2023-11-03T00:01:42.044+0000] {processor.py:179} INFO - Processing /home/airflow/.local/lib/python3.8/site-packages/airflow/example_dags/example_sensor_decorator.py took 0.091 seconds
[2023-11-03T00:02:12.730+0000] {processor.py:157} INFO - Started process (PID=1464) to work on /home/airflow/.local/lib/python3.8/site-packages/airflow/example_dags/example_sensor_decorator.py
[2023-11-03T00:02:12.731+0000] {processor.py:829} INFO - Processing file /home/airflow/.local/lib/python3.8/site-packages/airflow/example_dags/example_sensor_decorator.py for tasks to queue
[2023-11-03T00:02:12.734+0000] {logging_mixin.py:151} INFO - [2023-11-03T00:02:12.733+0000] {dagbag.py:536} INFO - Filling up the DagBag from /home/airflow/.local/lib/python3.8/site-packages/airflow/example_dags/example_sensor_decorator.py
[2023-11-03T00:02:12.740+0000] {processor.py:839} INFO - DAG(s) dict_keys(['example_sensor_decorator']) retrieved from /home/airflow/.local/lib/python3.8/site-packages/airflow/example_dags/example_sensor_decorator.py
[2023-11-03T00:02:12.768+0000] {logging_mixin.py:151} INFO - [2023-11-03T00:02:12.768+0000] {dag.py:2941} INFO - Sync 1 DAGs
[2023-11-03T00:02:12.783+0000] {logging_mixin.py:151} INFO - [2023-11-03T00:02:12.783+0000] {dag.py:3722} INFO - Setting next_dagrun for example_sensor_decorator to None, run_after=None
[2023-11-03T00:02:12.808+0000] {processor.py:179} INFO - Processing /home/airflow/.local/lib/python3.8/site-packages/airflow/example_dags/example_sensor_decorator.py took 0.081 seconds
[2023-11-03T00:02:43.240+0000] {processor.py:157} INFO - Started process (PID=1518) to work on /home/airflow/.local/lib/python3.8/site-packages/airflow/example_dags/example_sensor_decorator.py
[2023-11-03T00:02:43.242+0000] {processor.py:829} INFO - Processing file /home/airflow/.local/lib/python3.8/site-packages/airflow/example_dags/example_sensor_decorator.py for tasks to queue
[2023-11-03T00:02:43.244+0000] {logging_mixin.py:151} INFO - [2023-11-03T00:02:43.244+0000] {dagbag.py:536} INFO - Filling up the DagBag from /home/airflow/.local/lib/python3.8/site-packages/airflow/example_dags/example_sensor_decorator.py
[2023-11-03T00:02:43.251+0000] {processor.py:839} INFO - DAG(s) dict_keys(['example_sensor_decorator']) retrieved from /home/airflow/.local/lib/python3.8/site-packages/airflow/example_dags/example_sensor_decorator.py
[2023-11-03T00:02:43.272+0000] {logging_mixin.py:151} INFO - [2023-11-03T00:02:43.272+0000] {dag.py:2941} INFO - Sync 1 DAGs
[2023-11-03T00:02:43.287+0000] {logging_mixin.py:151} INFO - [2023-11-03T00:02:43.287+0000] {dag.py:3722} INFO - Setting next_dagrun for example_sensor_decorator to None, run_after=None
[2023-11-03T00:02:43.309+0000] {processor.py:179} INFO - Processing /home/airflow/.local/lib/python3.8/site-packages/airflow/example_dags/example_sensor_decorator.py took 0.072 seconds
[2023-11-03T00:03:13.731+0000] {processor.py:157} INFO - Started process (PID=1572) to work on /home/airflow/.local/lib/python3.8/site-packages/airflow/example_dags/example_sensor_decorator.py
[2023-11-03T00:03:13.733+0000] {processor.py:829} INFO - Processing file /home/airflow/.local/lib/python3.8/site-packages/airflow/example_dags/example_sensor_decorator.py for tasks to queue
[2023-11-03T00:03:13.735+0000] {logging_mixin.py:151} INFO - [2023-11-03T00:03:13.734+0000] {dagbag.py:536} INFO - Filling up the DagBag from /home/airflow/.local/lib/python3.8/site-packages/airflow/example_dags/example_sensor_decorator.py
[2023-11-03T00:03:13.741+0000] {processor.py:839} INFO - DAG(s) dict_keys(['example_sensor_decorator']) retrieved from /home/airflow/.local/lib/python3.8/site-packages/airflow/example_dags/example_sensor_decorator.py
[2023-11-03T00:03:13.767+0000] {logging_mixin.py:151} INFO - [2023-11-03T00:03:13.767+0000] {dag.py:2941} INFO - Sync 1 DAGs
[2023-11-03T00:03:13.781+0000] {logging_mixin.py:151} INFO - [2023-11-03T00:03:13.781+0000] {dag.py:3722} INFO - Setting next_dagrun for example_sensor_decorator to None, run_after=None
[2023-11-03T00:03:13.808+0000] {processor.py:179} INFO - Processing /home/airflow/.local/lib/python3.8/site-packages/airflow/example_dags/example_sensor_decorator.py took 0.080 seconds
[2023-11-03T00:03:44.163+0000] {processor.py:157} INFO - Started process (PID=1626) to work on /home/airflow/.local/lib/python3.8/site-packages/airflow/example_dags/example_sensor_decorator.py
[2023-11-03T00:03:44.165+0000] {processor.py:829} INFO - Processing file /home/airflow/.local/lib/python3.8/site-packages/airflow/example_dags/example_sensor_decorator.py for tasks to queue
[2023-11-03T00:03:44.167+0000] {logging_mixin.py:151} INFO - [2023-11-03T00:03:44.166+0000] {dagbag.py:536} INFO - Filling up the DagBag from /home/airflow/.local/lib/python3.8/site-packages/airflow/example_dags/example_sensor_decorator.py
[2023-11-03T00:03:44.173+0000] {processor.py:839} INFO - DAG(s) dict_keys(['example_sensor_decorator']) retrieved from /home/airflow/.local/lib/python3.8/site-packages/airflow/example_dags/example_sensor_decorator.py
[2023-11-03T00:03:44.199+0000] {logging_mixin.py:151} INFO - [2023-11-03T00:03:44.199+0000] {dag.py:2941} INFO - Sync 1 DAGs
[2023-11-03T00:03:44.213+0000] {logging_mixin.py:151} INFO - [2023-11-03T00:03:44.212+0000] {dag.py:3722} INFO - Setting next_dagrun for example_sensor_decorator to None, run_after=None
[2023-11-03T00:03:44.238+0000] {processor.py:179} INFO - Processing /home/airflow/.local/lib/python3.8/site-packages/airflow/example_dags/example_sensor_decorator.py took 0.080 seconds
[2023-11-03T00:04:14.628+0000] {processor.py:157} INFO - Started process (PID=1679) to work on /home/airflow/.local/lib/python3.8/site-packages/airflow/example_dags/example_sensor_decorator.py
[2023-11-03T00:04:14.630+0000] {processor.py:829} INFO - Processing file /home/airflow/.local/lib/python3.8/site-packages/airflow/example_dags/example_sensor_decorator.py for tasks to queue
[2023-11-03T00:04:14.634+0000] {logging_mixin.py:151} INFO - [2023-11-03T00:04:14.633+0000] {dagbag.py:536} INFO - Filling up the DagBag from /home/airflow/.local/lib/python3.8/site-packages/airflow/example_dags/example_sensor_decorator.py
[2023-11-03T00:04:14.641+0000] {processor.py:839} INFO - DAG(s) dict_keys(['example_sensor_decorator']) retrieved from /home/airflow/.local/lib/python3.8/site-packages/airflow/example_dags/example_sensor_decorator.py
[2023-11-03T00:04:14.668+0000] {logging_mixin.py:151} INFO - [2023-11-03T00:04:14.668+0000] {dag.py:2941} INFO - Sync 1 DAGs
[2023-11-03T00:04:14.684+0000] {logging_mixin.py:151} INFO - [2023-11-03T00:04:14.683+0000] {dag.py:3722} INFO - Setting next_dagrun for example_sensor_decorator to None, run_after=None
[2023-11-03T00:04:14.712+0000] {processor.py:179} INFO - Processing /home/airflow/.local/lib/python3.8/site-packages/airflow/example_dags/example_sensor_decorator.py took 0.088 seconds
[2023-11-03T00:04:45.069+0000] {processor.py:157} INFO - Started process (PID=1733) to work on /home/airflow/.local/lib/python3.8/site-packages/airflow/example_dags/example_sensor_decorator.py
[2023-11-03T00:04:45.070+0000] {processor.py:829} INFO - Processing file /home/airflow/.local/lib/python3.8/site-packages/airflow/example_dags/example_sensor_decorator.py for tasks to queue
[2023-11-03T00:04:45.072+0000] {logging_mixin.py:151} INFO - [2023-11-03T00:04:45.072+0000] {dagbag.py:536} INFO - Filling up the DagBag from /home/airflow/.local/lib/python3.8/site-packages/airflow/example_dags/example_sensor_decorator.py
[2023-11-03T00:04:45.079+0000] {processor.py:839} INFO - DAG(s) dict_keys(['example_sensor_decorator']) retrieved from /home/airflow/.local/lib/python3.8/site-packages/airflow/example_dags/example_sensor_decorator.py
[2023-11-03T00:04:45.107+0000] {logging_mixin.py:151} INFO - [2023-11-03T00:04:45.106+0000] {dag.py:2941} INFO - Sync 1 DAGs
[2023-11-03T00:04:45.121+0000] {logging_mixin.py:151} INFO - [2023-11-03T00:04:45.120+0000] {dag.py:3722} INFO - Setting next_dagrun for example_sensor_decorator to None, run_after=None
[2023-11-03T00:04:45.151+0000] {processor.py:179} INFO - Processing /home/airflow/.local/lib/python3.8/site-packages/airflow/example_dags/example_sensor_decorator.py took 0.085 seconds
[2023-11-03T00:05:16.151+0000] {processor.py:157} INFO - Started process (PID=1787) to work on /home/airflow/.local/lib/python3.8/site-packages/airflow/example_dags/example_sensor_decorator.py
[2023-11-03T00:05:16.152+0000] {processor.py:829} INFO - Processing file /home/airflow/.local/lib/python3.8/site-packages/airflow/example_dags/example_sensor_decorator.py for tasks to queue
[2023-11-03T00:05:16.155+0000] {logging_mixin.py:151} INFO - [2023-11-03T00:05:16.155+0000] {dagbag.py:536} INFO - Filling up the DagBag from /home/airflow/.local/lib/python3.8/site-packages/airflow/example_dags/example_sensor_decorator.py
[2023-11-03T00:05:16.163+0000] {processor.py:839} INFO - DAG(s) dict_keys(['example_sensor_decorator']) retrieved from /home/airflow/.local/lib/python3.8/site-packages/airflow/example_dags/example_sensor_decorator.py
[2023-11-03T00:05:16.192+0000] {logging_mixin.py:151} INFO - [2023-11-03T00:05:16.192+0000] {dag.py:2941} INFO - Sync 1 DAGs
[2023-11-03T00:05:16.210+0000] {logging_mixin.py:151} INFO - [2023-11-03T00:05:16.210+0000] {dag.py:3722} INFO - Setting next_dagrun for example_sensor_decorator to None, run_after=None
[2023-11-03T00:05:16.243+0000] {processor.py:179} INFO - Processing /home/airflow/.local/lib/python3.8/site-packages/airflow/example_dags/example_sensor_decorator.py took 0.098 seconds
[2023-11-03T00:05:46.361+0000] {processor.py:157} INFO - Started process (PID=1841) to work on /home/airflow/.local/lib/python3.8/site-packages/airflow/example_dags/example_sensor_decorator.py
[2023-11-03T00:05:46.362+0000] {processor.py:829} INFO - Processing file /home/airflow/.local/lib/python3.8/site-packages/airflow/example_dags/example_sensor_decorator.py for tasks to queue
[2023-11-03T00:05:46.365+0000] {logging_mixin.py:151} INFO - [2023-11-03T00:05:46.365+0000] {dagbag.py:536} INFO - Filling up the DagBag from /home/airflow/.local/lib/python3.8/site-packages/airflow/example_dags/example_sensor_decorator.py
[2023-11-03T00:05:46.372+0000] {processor.py:839} INFO - DAG(s) dict_keys(['example_sensor_decorator']) retrieved from /home/airflow/.local/lib/python3.8/site-packages/airflow/example_dags/example_sensor_decorator.py
[2023-11-03T00:05:46.401+0000] {logging_mixin.py:151} INFO - [2023-11-03T00:05:46.400+0000] {dag.py:2941} INFO - Sync 1 DAGs
[2023-11-03T00:05:46.415+0000] {logging_mixin.py:151} INFO - [2023-11-03T00:05:46.415+0000] {dag.py:3722} INFO - Setting next_dagrun for example_sensor_decorator to None, run_after=None
[2023-11-03T00:05:46.446+0000] {processor.py:179} INFO - Processing /home/airflow/.local/lib/python3.8/site-packages/airflow/example_dags/example_sensor_decorator.py took 0.088 seconds
[2023-11-03T00:06:16.525+0000] {processor.py:157} INFO - Started process (PID=1895) to work on /home/airflow/.local/lib/python3.8/site-packages/airflow/example_dags/example_sensor_decorator.py
[2023-11-03T00:06:16.527+0000] {processor.py:829} INFO - Processing file /home/airflow/.local/lib/python3.8/site-packages/airflow/example_dags/example_sensor_decorator.py for tasks to queue
[2023-11-03T00:06:16.528+0000] {logging_mixin.py:151} INFO - [2023-11-03T00:06:16.528+0000] {dagbag.py:536} INFO - Filling up the DagBag from /home/airflow/.local/lib/python3.8/site-packages/airflow/example_dags/example_sensor_decorator.py
[2023-11-03T00:06:16.535+0000] {processor.py:839} INFO - DAG(s) dict_keys(['example_sensor_decorator']) retrieved from /home/airflow/.local/lib/python3.8/site-packages/airflow/example_dags/example_sensor_decorator.py
[2023-11-03T00:06:16.560+0000] {logging_mixin.py:151} INFO - [2023-11-03T00:06:16.560+0000] {dag.py:2941} INFO - Sync 1 DAGs
[2023-11-03T00:06:16.576+0000] {logging_mixin.py:151} INFO - [2023-11-03T00:06:16.576+0000] {dag.py:3722} INFO - Setting next_dagrun for example_sensor_decorator to None, run_after=None
[2023-11-03T00:06:16.604+0000] {processor.py:179} INFO - Processing /home/airflow/.local/lib/python3.8/site-packages/airflow/example_dags/example_sensor_decorator.py took 0.082 seconds
[2023-11-03T00:06:47.150+0000] {processor.py:157} INFO - Started process (PID=1950) to work on /home/airflow/.local/lib/python3.8/site-packages/airflow/example_dags/example_sensor_decorator.py
[2023-11-03T00:06:47.155+0000] {processor.py:829} INFO - Processing file /home/airflow/.local/lib/python3.8/site-packages/airflow/example_dags/example_sensor_decorator.py for tasks to queue
[2023-11-03T00:06:47.159+0000] {logging_mixin.py:151} INFO - [2023-11-03T00:06:47.159+0000] {dagbag.py:536} INFO - Filling up the DagBag from /home/airflow/.local/lib/python3.8/site-packages/airflow/example_dags/example_sensor_decorator.py
[2023-11-03T00:06:47.166+0000] {processor.py:839} INFO - DAG(s) dict_keys(['example_sensor_decorator']) retrieved from /home/airflow/.local/lib/python3.8/site-packages/airflow/example_dags/example_sensor_decorator.py
[2023-11-03T00:06:47.208+0000] {logging_mixin.py:151} INFO - [2023-11-03T00:06:47.208+0000] {dag.py:2941} INFO - Sync 1 DAGs
[2023-11-03T00:06:47.230+0000] {logging_mixin.py:151} INFO - [2023-11-03T00:06:47.229+0000] {dag.py:3722} INFO - Setting next_dagrun for example_sensor_decorator to None, run_after=None
[2023-11-03T00:06:47.262+0000] {processor.py:179} INFO - Processing /home/airflow/.local/lib/python3.8/site-packages/airflow/example_dags/example_sensor_decorator.py took 0.116 seconds
[2023-11-03T00:07:17.680+0000] {processor.py:157} INFO - Started process (PID=2011) to work on /home/airflow/.local/lib/python3.8/site-packages/airflow/example_dags/example_sensor_decorator.py
[2023-11-03T00:07:17.681+0000] {processor.py:829} INFO - Processing file /home/airflow/.local/lib/python3.8/site-packages/airflow/example_dags/example_sensor_decorator.py for tasks to queue
[2023-11-03T00:07:17.684+0000] {logging_mixin.py:151} INFO - [2023-11-03T00:07:17.684+0000] {dagbag.py:536} INFO - Filling up the DagBag from /home/airflow/.local/lib/python3.8/site-packages/airflow/example_dags/example_sensor_decorator.py
[2023-11-03T00:07:17.690+0000] {processor.py:839} INFO - DAG(s) dict_keys(['example_sensor_decorator']) retrieved from /home/airflow/.local/lib/python3.8/site-packages/airflow/example_dags/example_sensor_decorator.py
[2023-11-03T00:07:17.742+0000] {logging_mixin.py:151} INFO - [2023-11-03T00:07:17.742+0000] {dag.py:2941} INFO - Sync 1 DAGs
[2023-11-03T00:07:17.760+0000] {logging_mixin.py:151} INFO - [2023-11-03T00:07:17.760+0000] {dag.py:3722} INFO - Setting next_dagrun for example_sensor_decorator to None, run_after=None
[2023-11-03T00:07:17.795+0000] {processor.py:179} INFO - Processing /home/airflow/.local/lib/python3.8/site-packages/airflow/example_dags/example_sensor_decorator.py took 0.118 seconds
[2023-11-03T00:07:48.103+0000] {processor.py:157} INFO - Started process (PID=2065) to work on /home/airflow/.local/lib/python3.8/site-packages/airflow/example_dags/example_sensor_decorator.py
[2023-11-03T00:07:48.105+0000] {processor.py:829} INFO - Processing file /home/airflow/.local/lib/python3.8/site-packages/airflow/example_dags/example_sensor_decorator.py for tasks to queue
[2023-11-03T00:07:48.107+0000] {logging_mixin.py:151} INFO - [2023-11-03T00:07:48.106+0000] {dagbag.py:536} INFO - Filling up the DagBag from /home/airflow/.local/lib/python3.8/site-packages/airflow/example_dags/example_sensor_decorator.py
[2023-11-03T00:07:48.113+0000] {processor.py:839} INFO - DAG(s) dict_keys(['example_sensor_decorator']) retrieved from /home/airflow/.local/lib/python3.8/site-packages/airflow/example_dags/example_sensor_decorator.py
[2023-11-03T00:07:48.139+0000] {logging_mixin.py:151} INFO - [2023-11-03T00:07:48.139+0000] {dag.py:2941} INFO - Sync 1 DAGs
[2023-11-03T00:07:48.156+0000] {logging_mixin.py:151} INFO - [2023-11-03T00:07:48.156+0000] {dag.py:3722} INFO - Setting next_dagrun for example_sensor_decorator to None, run_after=None
[2023-11-03T00:07:48.186+0000] {processor.py:179} INFO - Processing /home/airflow/.local/lib/python3.8/site-packages/airflow/example_dags/example_sensor_decorator.py took 0.086 seconds
[2023-11-03T00:08:19.557+0000] {processor.py:157} INFO - Started process (PID=2119) to work on /home/airflow/.local/lib/python3.8/site-packages/airflow/example_dags/example_sensor_decorator.py
[2023-11-03T00:08:19.559+0000] {processor.py:829} INFO - Processing file /home/airflow/.local/lib/python3.8/site-packages/airflow/example_dags/example_sensor_decorator.py for tasks to queue
[2023-11-03T00:08:19.561+0000] {logging_mixin.py:151} INFO - [2023-11-03T00:08:19.561+0000] {dagbag.py:536} INFO - Filling up the DagBag from /home/airflow/.local/lib/python3.8/site-packages/airflow/example_dags/example_sensor_decorator.py
[2023-11-03T00:08:19.571+0000] {processor.py:839} INFO - DAG(s) dict_keys(['example_sensor_decorator']) retrieved from /home/airflow/.local/lib/python3.8/site-packages/airflow/example_dags/example_sensor_decorator.py
[2023-11-03T00:08:19.604+0000] {logging_mixin.py:151} INFO - [2023-11-03T00:08:19.604+0000] {dag.py:2941} INFO - Sync 1 DAGs
[2023-11-03T00:08:19.627+0000] {logging_mixin.py:151} INFO - [2023-11-03T00:08:19.626+0000] {dag.py:3722} INFO - Setting next_dagrun for example_sensor_decorator to None, run_after=None
[2023-11-03T00:08:19.662+0000] {processor.py:179} INFO - Processing /home/airflow/.local/lib/python3.8/site-packages/airflow/example_dags/example_sensor_decorator.py took 0.110 seconds
[2023-11-03T00:08:49.727+0000] {processor.py:157} INFO - Started process (PID=2173) to work on /home/airflow/.local/lib/python3.8/site-packages/airflow/example_dags/example_sensor_decorator.py
[2023-11-03T00:08:49.727+0000] {processor.py:829} INFO - Processing file /home/airflow/.local/lib/python3.8/site-packages/airflow/example_dags/example_sensor_decorator.py for tasks to queue
[2023-11-03T00:08:49.730+0000] {logging_mixin.py:151} INFO - [2023-11-03T00:08:49.729+0000] {dagbag.py:536} INFO - Filling up the DagBag from /home/airflow/.local/lib/python3.8/site-packages/airflow/example_dags/example_sensor_decorator.py
[2023-11-03T00:08:49.737+0000] {processor.py:839} INFO - DAG(s) dict_keys(['example_sensor_decorator']) retrieved from /home/airflow/.local/lib/python3.8/site-packages/airflow/example_dags/example_sensor_decorator.py
[2023-11-03T00:08:49.761+0000] {logging_mixin.py:151} INFO - [2023-11-03T00:08:49.760+0000] {dag.py:2941} INFO - Sync 1 DAGs
[2023-11-03T00:08:49.777+0000] {logging_mixin.py:151} INFO - [2023-11-03T00:08:49.776+0000] {dag.py:3722} INFO - Setting next_dagrun for example_sensor_decorator to None, run_after=None
[2023-11-03T00:08:49.803+0000] {processor.py:179} INFO - Processing /home/airflow/.local/lib/python3.8/site-packages/airflow/example_dags/example_sensor_decorator.py took 0.080 seconds
[2023-11-03T00:09:20.237+0000] {processor.py:157} INFO - Started process (PID=2227) to work on /home/airflow/.local/lib/python3.8/site-packages/airflow/example_dags/example_sensor_decorator.py
[2023-11-03T00:09:20.238+0000] {processor.py:829} INFO - Processing file /home/airflow/.local/lib/python3.8/site-packages/airflow/example_dags/example_sensor_decorator.py for tasks to queue
[2023-11-03T00:09:20.241+0000] {logging_mixin.py:151} INFO - [2023-11-03T00:09:20.241+0000] {dagbag.py:536} INFO - Filling up the DagBag from /home/airflow/.local/lib/python3.8/site-packages/airflow/example_dags/example_sensor_decorator.py
[2023-11-03T00:09:20.248+0000] {processor.py:839} INFO - DAG(s) dict_keys(['example_sensor_decorator']) retrieved from /home/airflow/.local/lib/python3.8/site-packages/airflow/example_dags/example_sensor_decorator.py
[2023-11-03T00:09:20.277+0000] {logging_mixin.py:151} INFO - [2023-11-03T00:09:20.277+0000] {dag.py:2941} INFO - Sync 1 DAGs
[2023-11-03T00:09:20.294+0000] {logging_mixin.py:151} INFO - [2023-11-03T00:09:20.294+0000] {dag.py:3722} INFO - Setting next_dagrun for example_sensor_decorator to None, run_after=None
[2023-11-03T00:09:20.331+0000] {processor.py:179} INFO - Processing /home/airflow/.local/lib/python3.8/site-packages/airflow/example_dags/example_sensor_decorator.py took 0.098 seconds
[2023-11-03T00:09:51.067+0000] {processor.py:157} INFO - Started process (PID=2281) to work on /home/airflow/.local/lib/python3.8/site-packages/airflow/example_dags/example_sensor_decorator.py
[2023-11-03T00:09:51.068+0000] {processor.py:829} INFO - Processing file /home/airflow/.local/lib/python3.8/site-packages/airflow/example_dags/example_sensor_decorator.py for tasks to queue
[2023-11-03T00:09:51.072+0000] {logging_mixin.py:151} INFO - [2023-11-03T00:09:51.072+0000] {dagbag.py:536} INFO - Filling up the DagBag from /home/airflow/.local/lib/python3.8/site-packages/airflow/example_dags/example_sensor_decorator.py
[2023-11-03T00:09:51.080+0000] {processor.py:839} INFO - DAG(s) dict_keys(['example_sensor_decorator']) retrieved from /home/airflow/.local/lib/python3.8/site-packages/airflow/example_dags/example_sensor_decorator.py
[2023-11-03T00:09:51.110+0000] {logging_mixin.py:151} INFO - [2023-11-03T00:09:51.110+0000] {dag.py:2941} INFO - Sync 1 DAGs
[2023-11-03T00:09:51.129+0000] {logging_mixin.py:151} INFO - [2023-11-03T00:09:51.128+0000] {dag.py:3722} INFO - Setting next_dagrun for example_sensor_decorator to None, run_after=None
[2023-11-03T00:09:51.164+0000] {processor.py:179} INFO - Processing /home/airflow/.local/lib/python3.8/site-packages/airflow/example_dags/example_sensor_decorator.py took 0.101 seconds
[2023-11-03T00:10:23.225+0000] {processor.py:157} INFO - Started process (PID=2335) to work on /home/airflow/.local/lib/python3.8/site-packages/airflow/example_dags/example_sensor_decorator.py
[2023-11-03T00:10:23.227+0000] {processor.py:829} INFO - Processing file /home/airflow/.local/lib/python3.8/site-packages/airflow/example_dags/example_sensor_decorator.py for tasks to queue
[2023-11-03T00:10:23.229+0000] {logging_mixin.py:151} INFO - [2023-11-03T00:10:23.228+0000] {dagbag.py:536} INFO - Filling up the DagBag from /home/airflow/.local/lib/python3.8/site-packages/airflow/example_dags/example_sensor_decorator.py
[2023-11-03T00:10:23.237+0000] {processor.py:839} INFO - DAG(s) dict_keys(['example_sensor_decorator']) retrieved from /home/airflow/.local/lib/python3.8/site-packages/airflow/example_dags/example_sensor_decorator.py
[2023-11-03T00:10:23.271+0000] {logging_mixin.py:151} INFO - [2023-11-03T00:10:23.270+0000] {dag.py:2941} INFO - Sync 1 DAGs
[2023-11-03T00:10:23.490+0000] {logging_mixin.py:151} INFO - [2023-11-03T00:10:23.490+0000] {dag.py:3722} INFO - Setting next_dagrun for example_sensor_decorator to None, run_after=None
[2023-11-03T00:10:23.524+0000] {processor.py:179} INFO - Processing /home/airflow/.local/lib/python3.8/site-packages/airflow/example_dags/example_sensor_decorator.py took 0.304 seconds
[2023-11-03T00:10:54.375+0000] {processor.py:157} INFO - Started process (PID=2389) to work on /home/airflow/.local/lib/python3.8/site-packages/airflow/example_dags/example_sensor_decorator.py
[2023-11-03T00:10:54.377+0000] {processor.py:829} INFO - Processing file /home/airflow/.local/lib/python3.8/site-packages/airflow/example_dags/example_sensor_decorator.py for tasks to queue
[2023-11-03T00:10:54.380+0000] {logging_mixin.py:151} INFO - [2023-11-03T00:10:54.379+0000] {dagbag.py:536} INFO - Filling up the DagBag from /home/airflow/.local/lib/python3.8/site-packages/airflow/example_dags/example_sensor_decorator.py
[2023-11-03T00:10:54.389+0000] {processor.py:839} INFO - DAG(s) dict_keys(['example_sensor_decorator']) retrieved from /home/airflow/.local/lib/python3.8/site-packages/airflow/example_dags/example_sensor_decorator.py
[2023-11-03T00:10:54.432+0000] {logging_mixin.py:151} INFO - [2023-11-03T00:10:54.432+0000] {dag.py:2941} INFO - Sync 1 DAGs
[2023-11-03T00:10:54.456+0000] {logging_mixin.py:151} INFO - [2023-11-03T00:10:54.455+0000] {dag.py:3722} INFO - Setting next_dagrun for example_sensor_decorator to None, run_after=None
[2023-11-03T00:10:54.493+0000] {processor.py:179} INFO - Processing /home/airflow/.local/lib/python3.8/site-packages/airflow/example_dags/example_sensor_decorator.py took 0.122 seconds
[2023-11-03T00:11:24.723+0000] {processor.py:157} INFO - Started process (PID=2442) to work on /home/airflow/.local/lib/python3.8/site-packages/airflow/example_dags/example_sensor_decorator.py
[2023-11-03T00:11:24.724+0000] {processor.py:829} INFO - Processing file /home/airflow/.local/lib/python3.8/site-packages/airflow/example_dags/example_sensor_decorator.py for tasks to queue
[2023-11-03T00:11:24.727+0000] {logging_mixin.py:151} INFO - [2023-11-03T00:11:24.726+0000] {dagbag.py:536} INFO - Filling up the DagBag from /home/airflow/.local/lib/python3.8/site-packages/airflow/example_dags/example_sensor_decorator.py
[2023-11-03T00:11:24.733+0000] {processor.py:839} INFO - DAG(s) dict_keys(['example_sensor_decorator']) retrieved from /home/airflow/.local/lib/python3.8/site-packages/airflow/example_dags/example_sensor_decorator.py
[2023-11-03T00:11:24.757+0000] {logging_mixin.py:151} INFO - [2023-11-03T00:11:24.757+0000] {dag.py:2941} INFO - Sync 1 DAGs
[2023-11-03T00:11:24.772+0000] {logging_mixin.py:151} INFO - [2023-11-03T00:11:24.772+0000] {dag.py:3722} INFO - Setting next_dagrun for example_sensor_decorator to None, run_after=None
[2023-11-03T00:11:24.799+0000] {processor.py:179} INFO - Processing /home/airflow/.local/lib/python3.8/site-packages/airflow/example_dags/example_sensor_decorator.py took 0.079 seconds
[2023-11-03T00:11:55.622+0000] {processor.py:157} INFO - Started process (PID=2496) to work on /home/airflow/.local/lib/python3.8/site-packages/airflow/example_dags/example_sensor_decorator.py
[2023-11-03T00:11:55.623+0000] {processor.py:829} INFO - Processing file /home/airflow/.local/lib/python3.8/site-packages/airflow/example_dags/example_sensor_decorator.py for tasks to queue
[2023-11-03T00:11:55.625+0000] {logging_mixin.py:151} INFO - [2023-11-03T00:11:55.625+0000] {dagbag.py:536} INFO - Filling up the DagBag from /home/airflow/.local/lib/python3.8/site-packages/airflow/example_dags/example_sensor_decorator.py
[2023-11-03T00:11:55.632+0000] {processor.py:839} INFO - DAG(s) dict_keys(['example_sensor_decorator']) retrieved from /home/airflow/.local/lib/python3.8/site-packages/airflow/example_dags/example_sensor_decorator.py
[2023-11-03T00:11:55.657+0000] {logging_mixin.py:151} INFO - [2023-11-03T00:11:55.657+0000] {dag.py:2941} INFO - Sync 1 DAGs
[2023-11-03T00:11:55.671+0000] {logging_mixin.py:151} INFO - [2023-11-03T00:11:55.670+0000] {dag.py:3722} INFO - Setting next_dagrun for example_sensor_decorator to None, run_after=None
[2023-11-03T00:11:55.696+0000] {processor.py:179} INFO - Processing /home/airflow/.local/lib/python3.8/site-packages/airflow/example_dags/example_sensor_decorator.py took 0.078 seconds
[2023-11-03T00:12:26.425+0000] {processor.py:157} INFO - Started process (PID=2551) to work on /home/airflow/.local/lib/python3.8/site-packages/airflow/example_dags/example_sensor_decorator.py
[2023-11-03T00:12:26.426+0000] {processor.py:829} INFO - Processing file /home/airflow/.local/lib/python3.8/site-packages/airflow/example_dags/example_sensor_decorator.py for tasks to queue
[2023-11-03T00:12:26.428+0000] {logging_mixin.py:151} INFO - [2023-11-03T00:12:26.428+0000] {dagbag.py:536} INFO - Filling up the DagBag from /home/airflow/.local/lib/python3.8/site-packages/airflow/example_dags/example_sensor_decorator.py
[2023-11-03T00:12:26.435+0000] {processor.py:839} INFO - DAG(s) dict_keys(['example_sensor_decorator']) retrieved from /home/airflow/.local/lib/python3.8/site-packages/airflow/example_dags/example_sensor_decorator.py
[2023-11-03T00:12:26.463+0000] {logging_mixin.py:151} INFO - [2023-11-03T00:12:26.463+0000] {dag.py:2941} INFO - Sync 1 DAGs
[2023-11-03T00:12:26.643+0000] {logging_mixin.py:151} INFO - [2023-11-03T00:12:26.643+0000] {dag.py:3722} INFO - Setting next_dagrun for example_sensor_decorator to None, run_after=None
[2023-11-03T00:12:26.674+0000] {processor.py:179} INFO - Processing /home/airflow/.local/lib/python3.8/site-packages/airflow/example_dags/example_sensor_decorator.py took 0.253 seconds
[2023-11-03T00:12:57.177+0000] {processor.py:157} INFO - Started process (PID=2605) to work on /home/airflow/.local/lib/python3.8/site-packages/airflow/example_dags/example_sensor_decorator.py
[2023-11-03T00:12:57.179+0000] {processor.py:829} INFO - Processing file /home/airflow/.local/lib/python3.8/site-packages/airflow/example_dags/example_sensor_decorator.py for tasks to queue
[2023-11-03T00:12:57.181+0000] {logging_mixin.py:151} INFO - [2023-11-03T00:12:57.181+0000] {dagbag.py:536} INFO - Filling up the DagBag from /home/airflow/.local/lib/python3.8/site-packages/airflow/example_dags/example_sensor_decorator.py
[2023-11-03T00:12:57.189+0000] {processor.py:839} INFO - DAG(s) dict_keys(['example_sensor_decorator']) retrieved from /home/airflow/.local/lib/python3.8/site-packages/airflow/example_dags/example_sensor_decorator.py
[2023-11-03T00:12:57.220+0000] {logging_mixin.py:151} INFO - [2023-11-03T00:12:57.220+0000] {dag.py:2941} INFO - Sync 1 DAGs
[2023-11-03T00:12:57.240+0000] {logging_mixin.py:151} INFO - [2023-11-03T00:12:57.240+0000] {dag.py:3722} INFO - Setting next_dagrun for example_sensor_decorator to None, run_after=None
[2023-11-03T00:12:57.277+0000] {processor.py:179} INFO - Processing /home/airflow/.local/lib/python3.8/site-packages/airflow/example_dags/example_sensor_decorator.py took 0.104 seconds
[2023-11-03T00:13:28.308+0000] {processor.py:157} INFO - Started process (PID=2659) to work on /home/airflow/.local/lib/python3.8/site-packages/airflow/example_dags/example_sensor_decorator.py
[2023-11-03T00:13:28.309+0000] {processor.py:829} INFO - Processing file /home/airflow/.local/lib/python3.8/site-packages/airflow/example_dags/example_sensor_decorator.py for tasks to queue
[2023-11-03T00:13:28.311+0000] {logging_mixin.py:151} INFO - [2023-11-03T00:13:28.311+0000] {dagbag.py:536} INFO - Filling up the DagBag from /home/airflow/.local/lib/python3.8/site-packages/airflow/example_dags/example_sensor_decorator.py
[2023-11-03T00:13:28.319+0000] {processor.py:839} INFO - DAG(s) dict_keys(['example_sensor_decorator']) retrieved from /home/airflow/.local/lib/python3.8/site-packages/airflow/example_dags/example_sensor_decorator.py
[2023-11-03T00:13:28.647+0000] {logging_mixin.py:151} INFO - [2023-11-03T00:13:28.647+0000] {dag.py:2941} INFO - Sync 1 DAGs
[2023-11-03T00:13:28.666+0000] {logging_mixin.py:151} INFO - [2023-11-03T00:13:28.666+0000] {dag.py:3722} INFO - Setting next_dagrun for example_sensor_decorator to None, run_after=None
[2023-11-03T00:13:28.700+0000] {processor.py:179} INFO - Processing /home/airflow/.local/lib/python3.8/site-packages/airflow/example_dags/example_sensor_decorator.py took 0.398 seconds
[2023-11-03T00:13:59.379+0000] {processor.py:157} INFO - Started process (PID=2714) to work on /home/airflow/.local/lib/python3.8/site-packages/airflow/example_dags/example_sensor_decorator.py
[2023-11-03T00:13:59.381+0000] {processor.py:829} INFO - Processing file /home/airflow/.local/lib/python3.8/site-packages/airflow/example_dags/example_sensor_decorator.py for tasks to queue
[2023-11-03T00:13:59.384+0000] {logging_mixin.py:151} INFO - [2023-11-03T00:13:59.384+0000] {dagbag.py:536} INFO - Filling up the DagBag from /home/airflow/.local/lib/python3.8/site-packages/airflow/example_dags/example_sensor_decorator.py
[2023-11-03T00:13:59.394+0000] {processor.py:839} INFO - DAG(s) dict_keys(['example_sensor_decorator']) retrieved from /home/airflow/.local/lib/python3.8/site-packages/airflow/example_dags/example_sensor_decorator.py
[2023-11-03T00:13:59.435+0000] {logging_mixin.py:151} INFO - [2023-11-03T00:13:59.434+0000] {dag.py:2941} INFO - Sync 1 DAGs
[2023-11-03T00:13:59.456+0000] {logging_mixin.py:151} INFO - [2023-11-03T00:13:59.455+0000] {dag.py:3722} INFO - Setting next_dagrun for example_sensor_decorator to None, run_after=None
[2023-11-03T00:13:59.527+0000] {processor.py:179} INFO - Processing /home/airflow/.local/lib/python3.8/site-packages/airflow/example_dags/example_sensor_decorator.py took 0.151 seconds
[2023-11-03T00:14:29.723+0000] {processor.py:157} INFO - Started process (PID=2768) to work on /home/airflow/.local/lib/python3.8/site-packages/airflow/example_dags/example_sensor_decorator.py
[2023-11-03T00:14:29.723+0000] {processor.py:829} INFO - Processing file /home/airflow/.local/lib/python3.8/site-packages/airflow/example_dags/example_sensor_decorator.py for tasks to queue
[2023-11-03T00:14:29.725+0000] {logging_mixin.py:151} INFO - [2023-11-03T00:14:29.725+0000] {dagbag.py:536} INFO - Filling up the DagBag from /home/airflow/.local/lib/python3.8/site-packages/airflow/example_dags/example_sensor_decorator.py
[2023-11-03T00:14:29.731+0000] {processor.py:839} INFO - DAG(s) dict_keys(['example_sensor_decorator']) retrieved from /home/airflow/.local/lib/python3.8/site-packages/airflow/example_dags/example_sensor_decorator.py
[2023-11-03T00:14:29.756+0000] {logging_mixin.py:151} INFO - [2023-11-03T00:14:29.756+0000] {dag.py:2941} INFO - Sync 1 DAGs
[2023-11-03T00:14:29.770+0000] {logging_mixin.py:151} INFO - [2023-11-03T00:14:29.769+0000] {dag.py:3722} INFO - Setting next_dagrun for example_sensor_decorator to None, run_after=None
[2023-11-03T00:14:29.796+0000] {processor.py:179} INFO - Processing /home/airflow/.local/lib/python3.8/site-packages/airflow/example_dags/example_sensor_decorator.py took 0.077 seconds
[2023-11-03T00:15:00.036+0000] {processor.py:157} INFO - Started process (PID=2822) to work on /home/airflow/.local/lib/python3.8/site-packages/airflow/example_dags/example_sensor_decorator.py
[2023-11-03T00:15:00.037+0000] {processor.py:829} INFO - Processing file /home/airflow/.local/lib/python3.8/site-packages/airflow/example_dags/example_sensor_decorator.py for tasks to queue
[2023-11-03T00:15:00.040+0000] {logging_mixin.py:151} INFO - [2023-11-03T00:15:00.039+0000] {dagbag.py:536} INFO - Filling up the DagBag from /home/airflow/.local/lib/python3.8/site-packages/airflow/example_dags/example_sensor_decorator.py
[2023-11-03T00:15:00.047+0000] {processor.py:839} INFO - DAG(s) dict_keys(['example_sensor_decorator']) retrieved from /home/airflow/.local/lib/python3.8/site-packages/airflow/example_dags/example_sensor_decorator.py
[2023-11-03T00:15:00.074+0000] {logging_mixin.py:151} INFO - [2023-11-03T00:15:00.073+0000] {dag.py:2941} INFO - Sync 1 DAGs
[2023-11-03T00:15:00.090+0000] {logging_mixin.py:151} INFO - [2023-11-03T00:15:00.090+0000] {dag.py:3722} INFO - Setting next_dagrun for example_sensor_decorator to None, run_after=None
[2023-11-03T00:15:00.127+0000] {processor.py:179} INFO - Processing /home/airflow/.local/lib/python3.8/site-packages/airflow/example_dags/example_sensor_decorator.py took 0.094 seconds
[2023-11-03T00:15:30.297+0000] {processor.py:157} INFO - Started process (PID=2876) to work on /home/airflow/.local/lib/python3.8/site-packages/airflow/example_dags/example_sensor_decorator.py
[2023-11-03T00:15:30.298+0000] {processor.py:829} INFO - Processing file /home/airflow/.local/lib/python3.8/site-packages/airflow/example_dags/example_sensor_decorator.py for tasks to queue
[2023-11-03T00:15:30.300+0000] {logging_mixin.py:151} INFO - [2023-11-03T00:15:30.300+0000] {dagbag.py:536} INFO - Filling up the DagBag from /home/airflow/.local/lib/python3.8/site-packages/airflow/example_dags/example_sensor_decorator.py
[2023-11-03T00:15:30.307+0000] {processor.py:839} INFO - DAG(s) dict_keys(['example_sensor_decorator']) retrieved from /home/airflow/.local/lib/python3.8/site-packages/airflow/example_dags/example_sensor_decorator.py
[2023-11-03T00:15:30.332+0000] {logging_mixin.py:151} INFO - [2023-11-03T00:15:30.331+0000] {dag.py:2941} INFO - Sync 1 DAGs
[2023-11-03T00:15:30.345+0000] {logging_mixin.py:151} INFO - [2023-11-03T00:15:30.345+0000] {dag.py:3722} INFO - Setting next_dagrun for example_sensor_decorator to None, run_after=None
[2023-11-03T00:15:30.374+0000] {processor.py:179} INFO - Processing /home/airflow/.local/lib/python3.8/site-packages/airflow/example_dags/example_sensor_decorator.py took 0.080 seconds
[2023-11-03T00:16:00.653+0000] {processor.py:157} INFO - Started process (PID=2930) to work on /home/airflow/.local/lib/python3.8/site-packages/airflow/example_dags/example_sensor_decorator.py
[2023-11-03T00:16:00.654+0000] {processor.py:829} INFO - Processing file /home/airflow/.local/lib/python3.8/site-packages/airflow/example_dags/example_sensor_decorator.py for tasks to queue
[2023-11-03T00:16:00.656+0000] {logging_mixin.py:151} INFO - [2023-11-03T00:16:00.656+0000] {dagbag.py:536} INFO - Filling up the DagBag from /home/airflow/.local/lib/python3.8/site-packages/airflow/example_dags/example_sensor_decorator.py
[2023-11-03T00:16:00.665+0000] {processor.py:839} INFO - DAG(s) dict_keys(['example_sensor_decorator']) retrieved from /home/airflow/.local/lib/python3.8/site-packages/airflow/example_dags/example_sensor_decorator.py
[2023-11-03T00:16:00.704+0000] {logging_mixin.py:151} INFO - [2023-11-03T00:16:00.704+0000] {dag.py:2941} INFO - Sync 1 DAGs
[2023-11-03T00:16:00.718+0000] {logging_mixin.py:151} INFO - [2023-11-03T00:16:00.718+0000] {dag.py:3722} INFO - Setting next_dagrun for example_sensor_decorator to None, run_after=None
[2023-11-03T00:16:00.745+0000] {processor.py:179} INFO - Processing /home/airflow/.local/lib/python3.8/site-packages/airflow/example_dags/example_sensor_decorator.py took 0.096 seconds
[2023-11-03T00:16:30.849+0000] {processor.py:157} INFO - Started process (PID=2984) to work on /home/airflow/.local/lib/python3.8/site-packages/airflow/example_dags/example_sensor_decorator.py
[2023-11-03T00:16:30.850+0000] {processor.py:829} INFO - Processing file /home/airflow/.local/lib/python3.8/site-packages/airflow/example_dags/example_sensor_decorator.py for tasks to queue
[2023-11-03T00:16:30.852+0000] {logging_mixin.py:151} INFO - [2023-11-03T00:16:30.851+0000] {dagbag.py:536} INFO - Filling up the DagBag from /home/airflow/.local/lib/python3.8/site-packages/airflow/example_dags/example_sensor_decorator.py
[2023-11-03T00:16:30.857+0000] {processor.py:839} INFO - DAG(s) dict_keys(['example_sensor_decorator']) retrieved from /home/airflow/.local/lib/python3.8/site-packages/airflow/example_dags/example_sensor_decorator.py
[2023-11-03T00:16:30.882+0000] {logging_mixin.py:151} INFO - [2023-11-03T00:16:30.881+0000] {dag.py:2941} INFO - Sync 1 DAGs
[2023-11-03T00:16:30.896+0000] {logging_mixin.py:151} INFO - [2023-11-03T00:16:30.895+0000] {dag.py:3722} INFO - Setting next_dagrun for example_sensor_decorator to None, run_after=None
[2023-11-03T00:16:30.923+0000] {processor.py:179} INFO - Processing /home/airflow/.local/lib/python3.8/site-packages/airflow/example_dags/example_sensor_decorator.py took 0.077 seconds
[2023-11-03T00:17:01.028+0000] {processor.py:157} INFO - Started process (PID=3038) to work on /home/airflow/.local/lib/python3.8/site-packages/airflow/example_dags/example_sensor_decorator.py
[2023-11-03T00:17:01.029+0000] {processor.py:829} INFO - Processing file /home/airflow/.local/lib/python3.8/site-packages/airflow/example_dags/example_sensor_decorator.py for tasks to queue
[2023-11-03T00:17:01.031+0000] {logging_mixin.py:151} INFO - [2023-11-03T00:17:01.031+0000] {dagbag.py:536} INFO - Filling up the DagBag from /home/airflow/.local/lib/python3.8/site-packages/airflow/example_dags/example_sensor_decorator.py
[2023-11-03T00:17:01.037+0000] {processor.py:839} INFO - DAG(s) dict_keys(['example_sensor_decorator']) retrieved from /home/airflow/.local/lib/python3.8/site-packages/airflow/example_dags/example_sensor_decorator.py
[2023-11-03T00:17:01.065+0000] {logging_mixin.py:151} INFO - [2023-11-03T00:17:01.064+0000] {dag.py:2941} INFO - Sync 1 DAGs
[2023-11-03T00:17:01.084+0000] {logging_mixin.py:151} INFO - [2023-11-03T00:17:01.084+0000] {dag.py:3722} INFO - Setting next_dagrun for example_sensor_decorator to None, run_after=None
[2023-11-03T00:17:01.109+0000] {processor.py:179} INFO - Processing /home/airflow/.local/lib/python3.8/site-packages/airflow/example_dags/example_sensor_decorator.py took 0.084 seconds
[2023-11-03T00:17:31.264+0000] {processor.py:157} INFO - Started process (PID=3092) to work on /home/airflow/.local/lib/python3.8/site-packages/airflow/example_dags/example_sensor_decorator.py
[2023-11-03T00:17:31.265+0000] {processor.py:829} INFO - Processing file /home/airflow/.local/lib/python3.8/site-packages/airflow/example_dags/example_sensor_decorator.py for tasks to queue
[2023-11-03T00:17:31.267+0000] {logging_mixin.py:151} INFO - [2023-11-03T00:17:31.267+0000] {dagbag.py:536} INFO - Filling up the DagBag from /home/airflow/.local/lib/python3.8/site-packages/airflow/example_dags/example_sensor_decorator.py
[2023-11-03T00:17:31.272+0000] {processor.py:839} INFO - DAG(s) dict_keys(['example_sensor_decorator']) retrieved from /home/airflow/.local/lib/python3.8/site-packages/airflow/example_dags/example_sensor_decorator.py
[2023-11-03T00:17:31.296+0000] {logging_mixin.py:151} INFO - [2023-11-03T00:17:31.296+0000] {dag.py:2941} INFO - Sync 1 DAGs
[2023-11-03T00:17:31.309+0000] {logging_mixin.py:151} INFO - [2023-11-03T00:17:31.309+0000] {dag.py:3722} INFO - Setting next_dagrun for example_sensor_decorator to None, run_after=None
[2023-11-03T00:17:31.337+0000] {processor.py:179} INFO - Processing /home/airflow/.local/lib/python3.8/site-packages/airflow/example_dags/example_sensor_decorator.py took 0.075 seconds
[2023-11-03T00:18:02.200+0000] {processor.py:157} INFO - Started process (PID=3146) to work on /home/airflow/.local/lib/python3.8/site-packages/airflow/example_dags/example_sensor_decorator.py
[2023-11-03T00:18:02.201+0000] {processor.py:829} INFO - Processing file /home/airflow/.local/lib/python3.8/site-packages/airflow/example_dags/example_sensor_decorator.py for tasks to queue
[2023-11-03T00:18:02.203+0000] {logging_mixin.py:151} INFO - [2023-11-03T00:18:02.203+0000] {dagbag.py:536} INFO - Filling up the DagBag from /home/airflow/.local/lib/python3.8/site-packages/airflow/example_dags/example_sensor_decorator.py
[2023-11-03T00:18:02.210+0000] {processor.py:839} INFO - DAG(s) dict_keys(['example_sensor_decorator']) retrieved from /home/airflow/.local/lib/python3.8/site-packages/airflow/example_dags/example_sensor_decorator.py
[2023-11-03T00:18:02.259+0000] {logging_mixin.py:151} INFO - [2023-11-03T00:18:02.258+0000] {dag.py:2941} INFO - Sync 1 DAGs
[2023-11-03T00:18:02.276+0000] {logging_mixin.py:151} INFO - [2023-11-03T00:18:02.276+0000] {dag.py:3722} INFO - Setting next_dagrun for example_sensor_decorator to None, run_after=None
[2023-11-03T00:18:02.314+0000] {processor.py:179} INFO - Processing /home/airflow/.local/lib/python3.8/site-packages/airflow/example_dags/example_sensor_decorator.py took 0.117 seconds
[2023-11-03T00:18:32.616+0000] {processor.py:157} INFO - Started process (PID=3200) to work on /home/airflow/.local/lib/python3.8/site-packages/airflow/example_dags/example_sensor_decorator.py
[2023-11-03T00:18:32.617+0000] {processor.py:829} INFO - Processing file /home/airflow/.local/lib/python3.8/site-packages/airflow/example_dags/example_sensor_decorator.py for tasks to queue
[2023-11-03T00:18:32.619+0000] {logging_mixin.py:151} INFO - [2023-11-03T00:18:32.619+0000] {dagbag.py:536} INFO - Filling up the DagBag from /home/airflow/.local/lib/python3.8/site-packages/airflow/example_dags/example_sensor_decorator.py
[2023-11-03T00:18:32.626+0000] {processor.py:839} INFO - DAG(s) dict_keys(['example_sensor_decorator']) retrieved from /home/airflow/.local/lib/python3.8/site-packages/airflow/example_dags/example_sensor_decorator.py
[2023-11-03T00:18:32.653+0000] {logging_mixin.py:151} INFO - [2023-11-03T00:18:32.653+0000] {dag.py:2941} INFO - Sync 1 DAGs
[2023-11-03T00:18:32.668+0000] {logging_mixin.py:151} INFO - [2023-11-03T00:18:32.667+0000] {dag.py:3722} INFO - Setting next_dagrun for example_sensor_decorator to None, run_after=None
[2023-11-03T00:18:32.696+0000] {processor.py:179} INFO - Processing /home/airflow/.local/lib/python3.8/site-packages/airflow/example_dags/example_sensor_decorator.py took 0.083 seconds
[2023-11-03T00:19:03.328+0000] {processor.py:157} INFO - Started process (PID=3254) to work on /home/airflow/.local/lib/python3.8/site-packages/airflow/example_dags/example_sensor_decorator.py
[2023-11-03T00:19:03.329+0000] {processor.py:829} INFO - Processing file /home/airflow/.local/lib/python3.8/site-packages/airflow/example_dags/example_sensor_decorator.py for tasks to queue
[2023-11-03T00:19:03.331+0000] {logging_mixin.py:151} INFO - [2023-11-03T00:19:03.331+0000] {dagbag.py:536} INFO - Filling up the DagBag from /home/airflow/.local/lib/python3.8/site-packages/airflow/example_dags/example_sensor_decorator.py
[2023-11-03T00:19:03.337+0000] {processor.py:839} INFO - DAG(s) dict_keys(['example_sensor_decorator']) retrieved from /home/airflow/.local/lib/python3.8/site-packages/airflow/example_dags/example_sensor_decorator.py
[2023-11-03T00:19:03.362+0000] {logging_mixin.py:151} INFO - [2023-11-03T00:19:03.362+0000] {dag.py:2941} INFO - Sync 1 DAGs
[2023-11-03T00:19:03.378+0000] {logging_mixin.py:151} INFO - [2023-11-03T00:19:03.378+0000] {dag.py:3722} INFO - Setting next_dagrun for example_sensor_decorator to None, run_after=None
[2023-11-03T00:19:03.414+0000] {processor.py:179} INFO - Processing /home/airflow/.local/lib/python3.8/site-packages/airflow/example_dags/example_sensor_decorator.py took 0.090 seconds
[2023-11-03T00:19:33.588+0000] {processor.py:157} INFO - Started process (PID=3308) to work on /home/airflow/.local/lib/python3.8/site-packages/airflow/example_dags/example_sensor_decorator.py
[2023-11-03T00:19:33.589+0000] {processor.py:829} INFO - Processing file /home/airflow/.local/lib/python3.8/site-packages/airflow/example_dags/example_sensor_decorator.py for tasks to queue
[2023-11-03T00:19:33.591+0000] {logging_mixin.py:151} INFO - [2023-11-03T00:19:33.591+0000] {dagbag.py:536} INFO - Filling up the DagBag from /home/airflow/.local/lib/python3.8/site-packages/airflow/example_dags/example_sensor_decorator.py
[2023-11-03T00:19:33.598+0000] {processor.py:839} INFO - DAG(s) dict_keys(['example_sensor_decorator']) retrieved from /home/airflow/.local/lib/python3.8/site-packages/airflow/example_dags/example_sensor_decorator.py
[2023-11-03T00:19:33.632+0000] {logging_mixin.py:151} INFO - [2023-11-03T00:19:33.632+0000] {dag.py:2941} INFO - Sync 1 DAGs
[2023-11-03T00:19:33.647+0000] {logging_mixin.py:151} INFO - [2023-11-03T00:19:33.647+0000] {dag.py:3722} INFO - Setting next_dagrun for example_sensor_decorator to None, run_after=None
[2023-11-03T00:19:33.680+0000] {processor.py:179} INFO - Processing /home/airflow/.local/lib/python3.8/site-packages/airflow/example_dags/example_sensor_decorator.py took 0.096 seconds
[2023-11-03T00:20:03.801+0000] {processor.py:157} INFO - Started process (PID=3362) to work on /home/airflow/.local/lib/python3.8/site-packages/airflow/example_dags/example_sensor_decorator.py
[2023-11-03T00:20:03.802+0000] {processor.py:829} INFO - Processing file /home/airflow/.local/lib/python3.8/site-packages/airflow/example_dags/example_sensor_decorator.py for tasks to queue
[2023-11-03T00:20:03.805+0000] {logging_mixin.py:151} INFO - [2023-11-03T00:20:03.804+0000] {dagbag.py:536} INFO - Filling up the DagBag from /home/airflow/.local/lib/python3.8/site-packages/airflow/example_dags/example_sensor_decorator.py
[2023-11-03T00:20:03.811+0000] {processor.py:839} INFO - DAG(s) dict_keys(['example_sensor_decorator']) retrieved from /home/airflow/.local/lib/python3.8/site-packages/airflow/example_dags/example_sensor_decorator.py
[2023-11-03T00:20:03.847+0000] {logging_mixin.py:151} INFO - [2023-11-03T00:20:03.846+0000] {dag.py:2941} INFO - Sync 1 DAGs
[2023-11-03T00:20:03.861+0000] {logging_mixin.py:151} INFO - [2023-11-03T00:20:03.861+0000] {dag.py:3722} INFO - Setting next_dagrun for example_sensor_decorator to None, run_after=None
[2023-11-03T00:20:03.889+0000] {processor.py:179} INFO - Processing /home/airflow/.local/lib/python3.8/site-packages/airflow/example_dags/example_sensor_decorator.py took 0.092 seconds
[2023-11-03T00:20:34.211+0000] {processor.py:157} INFO - Started process (PID=3416) to work on /home/airflow/.local/lib/python3.8/site-packages/airflow/example_dags/example_sensor_decorator.py
[2023-11-03T00:20:34.212+0000] {processor.py:829} INFO - Processing file /home/airflow/.local/lib/python3.8/site-packages/airflow/example_dags/example_sensor_decorator.py for tasks to queue
[2023-11-03T00:20:34.214+0000] {logging_mixin.py:151} INFO - [2023-11-03T00:20:34.214+0000] {dagbag.py:536} INFO - Filling up the DagBag from /home/airflow/.local/lib/python3.8/site-packages/airflow/example_dags/example_sensor_decorator.py
[2023-11-03T00:20:34.220+0000] {processor.py:839} INFO - DAG(s) dict_keys(['example_sensor_decorator']) retrieved from /home/airflow/.local/lib/python3.8/site-packages/airflow/example_dags/example_sensor_decorator.py
[2023-11-03T00:20:34.247+0000] {logging_mixin.py:151} INFO - [2023-11-03T00:20:34.246+0000] {dag.py:2941} INFO - Sync 1 DAGs
[2023-11-03T00:20:34.261+0000] {logging_mixin.py:151} INFO - [2023-11-03T00:20:34.261+0000] {dag.py:3722} INFO - Setting next_dagrun for example_sensor_decorator to None, run_after=None
[2023-11-03T00:20:34.292+0000] {processor.py:179} INFO - Processing /home/airflow/.local/lib/python3.8/site-packages/airflow/example_dags/example_sensor_decorator.py took 0.085 seconds
[2023-11-03T00:21:04.452+0000] {processor.py:157} INFO - Started process (PID=3470) to work on /home/airflow/.local/lib/python3.8/site-packages/airflow/example_dags/example_sensor_decorator.py
[2023-11-03T00:21:04.454+0000] {processor.py:829} INFO - Processing file /home/airflow/.local/lib/python3.8/site-packages/airflow/example_dags/example_sensor_decorator.py for tasks to queue
[2023-11-03T00:21:04.456+0000] {logging_mixin.py:151} INFO - [2023-11-03T00:21:04.455+0000] {dagbag.py:536} INFO - Filling up the DagBag from /home/airflow/.local/lib/python3.8/site-packages/airflow/example_dags/example_sensor_decorator.py
[2023-11-03T00:21:04.462+0000] {processor.py:839} INFO - DAG(s) dict_keys(['example_sensor_decorator']) retrieved from /home/airflow/.local/lib/python3.8/site-packages/airflow/example_dags/example_sensor_decorator.py
[2023-11-03T00:21:04.493+0000] {logging_mixin.py:151} INFO - [2023-11-03T00:21:04.492+0000] {dag.py:2941} INFO - Sync 1 DAGs
[2023-11-03T00:21:04.508+0000] {logging_mixin.py:151} INFO - [2023-11-03T00:21:04.508+0000] {dag.py:3722} INFO - Setting next_dagrun for example_sensor_decorator to None, run_after=None
[2023-11-03T00:21:04.540+0000] {processor.py:179} INFO - Processing /home/airflow/.local/lib/python3.8/site-packages/airflow/example_dags/example_sensor_decorator.py took 0.092 seconds
[2023-11-03T00:21:34.800+0000] {processor.py:157} INFO - Started process (PID=3524) to work on /home/airflow/.local/lib/python3.8/site-packages/airflow/example_dags/example_sensor_decorator.py
[2023-11-03T00:21:34.801+0000] {processor.py:829} INFO - Processing file /home/airflow/.local/lib/python3.8/site-packages/airflow/example_dags/example_sensor_decorator.py for tasks to queue
[2023-11-03T00:21:34.803+0000] {logging_mixin.py:151} INFO - [2023-11-03T00:21:34.803+0000] {dagbag.py:536} INFO - Filling up the DagBag from /home/airflow/.local/lib/python3.8/site-packages/airflow/example_dags/example_sensor_decorator.py
[2023-11-03T00:21:34.809+0000] {processor.py:839} INFO - DAG(s) dict_keys(['example_sensor_decorator']) retrieved from /home/airflow/.local/lib/python3.8/site-packages/airflow/example_dags/example_sensor_decorator.py
[2023-11-03T00:21:34.836+0000] {logging_mixin.py:151} INFO - [2023-11-03T00:21:34.835+0000] {dag.py:2941} INFO - Sync 1 DAGs
[2023-11-03T00:21:34.850+0000] {logging_mixin.py:151} INFO - [2023-11-03T00:21:34.850+0000] {dag.py:3722} INFO - Setting next_dagrun for example_sensor_decorator to None, run_after=None
[2023-11-03T00:21:34.880+0000] {processor.py:179} INFO - Processing /home/airflow/.local/lib/python3.8/site-packages/airflow/example_dags/example_sensor_decorator.py took 0.083 seconds
[2023-11-03T00:22:05.210+0000] {processor.py:157} INFO - Started process (PID=3578) to work on /home/airflow/.local/lib/python3.8/site-packages/airflow/example_dags/example_sensor_decorator.py
[2023-11-03T00:22:05.212+0000] {processor.py:829} INFO - Processing file /home/airflow/.local/lib/python3.8/site-packages/airflow/example_dags/example_sensor_decorator.py for tasks to queue
[2023-11-03T00:22:05.215+0000] {logging_mixin.py:151} INFO - [2023-11-03T00:22:05.215+0000] {dagbag.py:536} INFO - Filling up the DagBag from /home/airflow/.local/lib/python3.8/site-packages/airflow/example_dags/example_sensor_decorator.py
[2023-11-03T00:22:05.224+0000] {processor.py:839} INFO - DAG(s) dict_keys(['example_sensor_decorator']) retrieved from /home/airflow/.local/lib/python3.8/site-packages/airflow/example_dags/example_sensor_decorator.py
[2023-11-03T00:22:05.253+0000] {logging_mixin.py:151} INFO - [2023-11-03T00:22:05.253+0000] {dag.py:2941} INFO - Sync 1 DAGs
[2023-11-03T00:22:05.268+0000] {logging_mixin.py:151} INFO - [2023-11-03T00:22:05.268+0000] {dag.py:3722} INFO - Setting next_dagrun for example_sensor_decorator to None, run_after=None
[2023-11-03T00:22:05.296+0000] {processor.py:179} INFO - Processing /home/airflow/.local/lib/python3.8/site-packages/airflow/example_dags/example_sensor_decorator.py took 0.090 seconds
[2023-11-03T00:22:35.537+0000] {processor.py:157} INFO - Started process (PID=3632) to work on /home/airflow/.local/lib/python3.8/site-packages/airflow/example_dags/example_sensor_decorator.py
[2023-11-03T00:22:35.538+0000] {processor.py:829} INFO - Processing file /home/airflow/.local/lib/python3.8/site-packages/airflow/example_dags/example_sensor_decorator.py for tasks to queue
[2023-11-03T00:22:35.540+0000] {logging_mixin.py:151} INFO - [2023-11-03T00:22:35.540+0000] {dagbag.py:536} INFO - Filling up the DagBag from /home/airflow/.local/lib/python3.8/site-packages/airflow/example_dags/example_sensor_decorator.py
[2023-11-03T00:22:35.546+0000] {processor.py:839} INFO - DAG(s) dict_keys(['example_sensor_decorator']) retrieved from /home/airflow/.local/lib/python3.8/site-packages/airflow/example_dags/example_sensor_decorator.py
[2023-11-03T00:22:35.573+0000] {logging_mixin.py:151} INFO - [2023-11-03T00:22:35.573+0000] {dag.py:2941} INFO - Sync 1 DAGs
[2023-11-03T00:22:35.588+0000] {logging_mixin.py:151} INFO - [2023-11-03T00:22:35.588+0000] {dag.py:3722} INFO - Setting next_dagrun for example_sensor_decorator to None, run_after=None
[2023-11-03T00:22:35.617+0000] {processor.py:179} INFO - Processing /home/airflow/.local/lib/python3.8/site-packages/airflow/example_dags/example_sensor_decorator.py took 0.083 seconds
[2023-11-03T00:23:05.919+0000] {processor.py:157} INFO - Started process (PID=3686) to work on /home/airflow/.local/lib/python3.8/site-packages/airflow/example_dags/example_sensor_decorator.py
[2023-11-03T00:23:05.920+0000] {processor.py:829} INFO - Processing file /home/airflow/.local/lib/python3.8/site-packages/airflow/example_dags/example_sensor_decorator.py for tasks to queue
[2023-11-03T00:23:05.923+0000] {logging_mixin.py:151} INFO - [2023-11-03T00:23:05.922+0000] {dagbag.py:536} INFO - Filling up the DagBag from /home/airflow/.local/lib/python3.8/site-packages/airflow/example_dags/example_sensor_decorator.py
[2023-11-03T00:23:05.929+0000] {processor.py:839} INFO - DAG(s) dict_keys(['example_sensor_decorator']) retrieved from /home/airflow/.local/lib/python3.8/site-packages/airflow/example_dags/example_sensor_decorator.py
[2023-11-03T00:23:05.957+0000] {logging_mixin.py:151} INFO - [2023-11-03T00:23:05.956+0000] {dag.py:2941} INFO - Sync 1 DAGs
[2023-11-03T00:23:05.972+0000] {logging_mixin.py:151} INFO - [2023-11-03T00:23:05.972+0000] {dag.py:3722} INFO - Setting next_dagrun for example_sensor_decorator to None, run_after=None
[2023-11-03T00:23:06.001+0000] {processor.py:179} INFO - Processing /home/airflow/.local/lib/python3.8/site-packages/airflow/example_dags/example_sensor_decorator.py took 0.085 seconds
[2023-11-03T00:23:36.590+0000] {processor.py:157} INFO - Started process (PID=3740) to work on /home/airflow/.local/lib/python3.8/site-packages/airflow/example_dags/example_sensor_decorator.py
[2023-11-03T00:23:36.591+0000] {processor.py:829} INFO - Processing file /home/airflow/.local/lib/python3.8/site-packages/airflow/example_dags/example_sensor_decorator.py for tasks to queue
[2023-11-03T00:23:36.593+0000] {logging_mixin.py:151} INFO - [2023-11-03T00:23:36.593+0000] {dagbag.py:536} INFO - Filling up the DagBag from /home/airflow/.local/lib/python3.8/site-packages/airflow/example_dags/example_sensor_decorator.py
[2023-11-03T00:23:36.600+0000] {processor.py:839} INFO - DAG(s) dict_keys(['example_sensor_decorator']) retrieved from /home/airflow/.local/lib/python3.8/site-packages/airflow/example_dags/example_sensor_decorator.py
[2023-11-03T00:23:36.628+0000] {logging_mixin.py:151} INFO - [2023-11-03T00:23:36.627+0000] {dag.py:2941} INFO - Sync 1 DAGs
[2023-11-03T00:23:36.642+0000] {logging_mixin.py:151} INFO - [2023-11-03T00:23:36.642+0000] {dag.py:3722} INFO - Setting next_dagrun for example_sensor_decorator to None, run_after=None
[2023-11-03T00:23:36.671+0000] {processor.py:179} INFO - Processing /home/airflow/.local/lib/python3.8/site-packages/airflow/example_dags/example_sensor_decorator.py took 0.085 seconds
[2023-11-03T00:24:06.782+0000] {processor.py:157} INFO - Started process (PID=3794) to work on /home/airflow/.local/lib/python3.8/site-packages/airflow/example_dags/example_sensor_decorator.py
[2023-11-03T00:24:06.784+0000] {processor.py:829} INFO - Processing file /home/airflow/.local/lib/python3.8/site-packages/airflow/example_dags/example_sensor_decorator.py for tasks to queue
[2023-11-03T00:24:06.787+0000] {logging_mixin.py:151} INFO - [2023-11-03T00:24:06.786+0000] {dagbag.py:536} INFO - Filling up the DagBag from /home/airflow/.local/lib/python3.8/site-packages/airflow/example_dags/example_sensor_decorator.py
[2023-11-03T00:24:06.793+0000] {processor.py:839} INFO - DAG(s) dict_keys(['example_sensor_decorator']) retrieved from /home/airflow/.local/lib/python3.8/site-packages/airflow/example_dags/example_sensor_decorator.py
[2023-11-03T00:24:06.819+0000] {logging_mixin.py:151} INFO - [2023-11-03T00:24:06.818+0000] {dag.py:2941} INFO - Sync 1 DAGs
[2023-11-03T00:24:06.833+0000] {logging_mixin.py:151} INFO - [2023-11-03T00:24:06.832+0000] {dag.py:3722} INFO - Setting next_dagrun for example_sensor_decorator to None, run_after=None
[2023-11-03T00:24:06.861+0000] {processor.py:179} INFO - Processing /home/airflow/.local/lib/python3.8/site-packages/airflow/example_dags/example_sensor_decorator.py took 0.082 seconds
[2023-11-03T00:24:37.008+0000] {processor.py:157} INFO - Started process (PID=3849) to work on /home/airflow/.local/lib/python3.8/site-packages/airflow/example_dags/example_sensor_decorator.py
[2023-11-03T00:24:37.009+0000] {processor.py:829} INFO - Processing file /home/airflow/.local/lib/python3.8/site-packages/airflow/example_dags/example_sensor_decorator.py for tasks to queue
[2023-11-03T00:24:37.011+0000] {logging_mixin.py:151} INFO - [2023-11-03T00:24:37.011+0000] {dagbag.py:536} INFO - Filling up the DagBag from /home/airflow/.local/lib/python3.8/site-packages/airflow/example_dags/example_sensor_decorator.py
[2023-11-03T00:24:37.018+0000] {processor.py:839} INFO - DAG(s) dict_keys(['example_sensor_decorator']) retrieved from /home/airflow/.local/lib/python3.8/site-packages/airflow/example_dags/example_sensor_decorator.py
[2023-11-03T00:24:37.051+0000] {logging_mixin.py:151} INFO - [2023-11-03T00:24:37.051+0000] {dag.py:2941} INFO - Sync 1 DAGs
[2023-11-03T00:24:37.067+0000] {logging_mixin.py:151} INFO - [2023-11-03T00:24:37.067+0000] {dag.py:3722} INFO - Setting next_dagrun for example_sensor_decorator to None, run_after=None
[2023-11-03T00:24:37.100+0000] {processor.py:179} INFO - Processing /home/airflow/.local/lib/python3.8/site-packages/airflow/example_dags/example_sensor_decorator.py took 0.095 seconds
[2023-11-03T00:25:07.172+0000] {processor.py:157} INFO - Started process (PID=3902) to work on /home/airflow/.local/lib/python3.8/site-packages/airflow/example_dags/example_sensor_decorator.py
[2023-11-03T00:25:07.174+0000] {processor.py:829} INFO - Processing file /home/airflow/.local/lib/python3.8/site-packages/airflow/example_dags/example_sensor_decorator.py for tasks to queue
[2023-11-03T00:25:07.176+0000] {logging_mixin.py:151} INFO - [2023-11-03T00:25:07.176+0000] {dagbag.py:536} INFO - Filling up the DagBag from /home/airflow/.local/lib/python3.8/site-packages/airflow/example_dags/example_sensor_decorator.py
[2023-11-03T00:25:07.184+0000] {processor.py:839} INFO - DAG(s) dict_keys(['example_sensor_decorator']) retrieved from /home/airflow/.local/lib/python3.8/site-packages/airflow/example_dags/example_sensor_decorator.py
[2023-11-03T00:25:07.216+0000] {logging_mixin.py:151} INFO - [2023-11-03T00:25:07.215+0000] {dag.py:2941} INFO - Sync 1 DAGs
[2023-11-03T00:25:07.229+0000] {logging_mixin.py:151} INFO - [2023-11-03T00:25:07.229+0000] {dag.py:3722} INFO - Setting next_dagrun for example_sensor_decorator to None, run_after=None
[2023-11-03T00:25:07.252+0000] {processor.py:179} INFO - Processing /home/airflow/.local/lib/python3.8/site-packages/airflow/example_dags/example_sensor_decorator.py took 0.084 seconds
[2023-11-03T00:25:37.437+0000] {processor.py:157} INFO - Started process (PID=3956) to work on /home/airflow/.local/lib/python3.8/site-packages/airflow/example_dags/example_sensor_decorator.py
[2023-11-03T00:25:37.438+0000] {processor.py:829} INFO - Processing file /home/airflow/.local/lib/python3.8/site-packages/airflow/example_dags/example_sensor_decorator.py for tasks to queue
[2023-11-03T00:25:37.440+0000] {logging_mixin.py:151} INFO - [2023-11-03T00:25:37.440+0000] {dagbag.py:536} INFO - Filling up the DagBag from /home/airflow/.local/lib/python3.8/site-packages/airflow/example_dags/example_sensor_decorator.py
[2023-11-03T00:25:37.446+0000] {processor.py:839} INFO - DAG(s) dict_keys(['example_sensor_decorator']) retrieved from /home/airflow/.local/lib/python3.8/site-packages/airflow/example_dags/example_sensor_decorator.py
[2023-11-03T00:25:37.472+0000] {logging_mixin.py:151} INFO - [2023-11-03T00:25:37.472+0000] {dag.py:2941} INFO - Sync 1 DAGs
[2023-11-03T00:25:37.486+0000] {logging_mixin.py:151} INFO - [2023-11-03T00:25:37.486+0000] {dag.py:3722} INFO - Setting next_dagrun for example_sensor_decorator to None, run_after=None
[2023-11-03T00:25:37.516+0000] {processor.py:179} INFO - Processing /home/airflow/.local/lib/python3.8/site-packages/airflow/example_dags/example_sensor_decorator.py took 0.083 seconds
[2023-11-03T00:26:07.693+0000] {processor.py:157} INFO - Started process (PID=4010) to work on /home/airflow/.local/lib/python3.8/site-packages/airflow/example_dags/example_sensor_decorator.py
[2023-11-03T00:26:07.695+0000] {processor.py:829} INFO - Processing file /home/airflow/.local/lib/python3.8/site-packages/airflow/example_dags/example_sensor_decorator.py for tasks to queue
[2023-11-03T00:26:07.697+0000] {logging_mixin.py:151} INFO - [2023-11-03T00:26:07.697+0000] {dagbag.py:536} INFO - Filling up the DagBag from /home/airflow/.local/lib/python3.8/site-packages/airflow/example_dags/example_sensor_decorator.py
[2023-11-03T00:26:07.704+0000] {processor.py:839} INFO - DAG(s) dict_keys(['example_sensor_decorator']) retrieved from /home/airflow/.local/lib/python3.8/site-packages/airflow/example_dags/example_sensor_decorator.py
[2023-11-03T00:26:07.732+0000] {logging_mixin.py:151} INFO - [2023-11-03T00:26:07.732+0000] {dag.py:2941} INFO - Sync 1 DAGs
[2023-11-03T00:26:07.745+0000] {logging_mixin.py:151} INFO - [2023-11-03T00:26:07.745+0000] {dag.py:3722} INFO - Setting next_dagrun for example_sensor_decorator to None, run_after=None
[2023-11-03T00:26:07.766+0000] {processor.py:179} INFO - Processing /home/airflow/.local/lib/python3.8/site-packages/airflow/example_dags/example_sensor_decorator.py took 0.077 seconds
[2023-11-03T00:26:37.908+0000] {processor.py:157} INFO - Started process (PID=4064) to work on /home/airflow/.local/lib/python3.8/site-packages/airflow/example_dags/example_sensor_decorator.py
[2023-11-03T00:26:37.910+0000] {processor.py:829} INFO - Processing file /home/airflow/.local/lib/python3.8/site-packages/airflow/example_dags/example_sensor_decorator.py for tasks to queue
[2023-11-03T00:26:37.912+0000] {logging_mixin.py:151} INFO - [2023-11-03T00:26:37.912+0000] {dagbag.py:536} INFO - Filling up the DagBag from /home/airflow/.local/lib/python3.8/site-packages/airflow/example_dags/example_sensor_decorator.py
[2023-11-03T00:26:37.918+0000] {processor.py:839} INFO - DAG(s) dict_keys(['example_sensor_decorator']) retrieved from /home/airflow/.local/lib/python3.8/site-packages/airflow/example_dags/example_sensor_decorator.py
[2023-11-03T00:26:37.944+0000] {logging_mixin.py:151} INFO - [2023-11-03T00:26:37.943+0000] {dag.py:2941} INFO - Sync 1 DAGs
[2023-11-03T00:26:37.958+0000] {logging_mixin.py:151} INFO - [2023-11-03T00:26:37.958+0000] {dag.py:3722} INFO - Setting next_dagrun for example_sensor_decorator to None, run_after=None
[2023-11-03T00:26:37.985+0000] {processor.py:179} INFO - Processing /home/airflow/.local/lib/python3.8/site-packages/airflow/example_dags/example_sensor_decorator.py took 0.080 seconds
[2023-11-03T00:27:08.071+0000] {processor.py:157} INFO - Started process (PID=4118) to work on /home/airflow/.local/lib/python3.8/site-packages/airflow/example_dags/example_sensor_decorator.py
[2023-11-03T00:27:08.072+0000] {processor.py:829} INFO - Processing file /home/airflow/.local/lib/python3.8/site-packages/airflow/example_dags/example_sensor_decorator.py for tasks to queue
[2023-11-03T00:27:08.074+0000] {logging_mixin.py:151} INFO - [2023-11-03T00:27:08.074+0000] {dagbag.py:536} INFO - Filling up the DagBag from /home/airflow/.local/lib/python3.8/site-packages/airflow/example_dags/example_sensor_decorator.py
[2023-11-03T00:27:08.080+0000] {processor.py:839} INFO - DAG(s) dict_keys(['example_sensor_decorator']) retrieved from /home/airflow/.local/lib/python3.8/site-packages/airflow/example_dags/example_sensor_decorator.py
[2023-11-03T00:27:08.104+0000] {logging_mixin.py:151} INFO - [2023-11-03T00:27:08.103+0000] {dag.py:2941} INFO - Sync 1 DAGs
[2023-11-03T00:27:08.117+0000] {logging_mixin.py:151} INFO - [2023-11-03T00:27:08.117+0000] {dag.py:3722} INFO - Setting next_dagrun for example_sensor_decorator to None, run_after=None
[2023-11-03T00:27:08.144+0000] {processor.py:179} INFO - Processing /home/airflow/.local/lib/python3.8/site-packages/airflow/example_dags/example_sensor_decorator.py took 0.076 seconds
[2023-11-03T00:27:38.256+0000] {processor.py:157} INFO - Started process (PID=4172) to work on /home/airflow/.local/lib/python3.8/site-packages/airflow/example_dags/example_sensor_decorator.py
[2023-11-03T00:27:38.258+0000] {processor.py:829} INFO - Processing file /home/airflow/.local/lib/python3.8/site-packages/airflow/example_dags/example_sensor_decorator.py for tasks to queue
[2023-11-03T00:27:38.260+0000] {logging_mixin.py:151} INFO - [2023-11-03T00:27:38.259+0000] {dagbag.py:536} INFO - Filling up the DagBag from /home/airflow/.local/lib/python3.8/site-packages/airflow/example_dags/example_sensor_decorator.py
[2023-11-03T00:27:38.266+0000] {processor.py:839} INFO - DAG(s) dict_keys(['example_sensor_decorator']) retrieved from /home/airflow/.local/lib/python3.8/site-packages/airflow/example_dags/example_sensor_decorator.py
[2023-11-03T00:27:38.290+0000] {logging_mixin.py:151} INFO - [2023-11-03T00:27:38.290+0000] {dag.py:2941} INFO - Sync 1 DAGs
[2023-11-03T00:27:38.303+0000] {logging_mixin.py:151} INFO - [2023-11-03T00:27:38.303+0000] {dag.py:3722} INFO - Setting next_dagrun for example_sensor_decorator to None, run_after=None
[2023-11-03T00:27:38.329+0000] {processor.py:179} INFO - Processing /home/airflow/.local/lib/python3.8/site-packages/airflow/example_dags/example_sensor_decorator.py took 0.077 seconds
[2023-11-03T00:28:08.383+0000] {processor.py:157} INFO - Started process (PID=4226) to work on /home/airflow/.local/lib/python3.8/site-packages/airflow/example_dags/example_sensor_decorator.py
[2023-11-03T00:28:08.384+0000] {processor.py:829} INFO - Processing file /home/airflow/.local/lib/python3.8/site-packages/airflow/example_dags/example_sensor_decorator.py for tasks to queue
[2023-11-03T00:28:08.386+0000] {logging_mixin.py:151} INFO - [2023-11-03T00:28:08.386+0000] {dagbag.py:536} INFO - Filling up the DagBag from /home/airflow/.local/lib/python3.8/site-packages/airflow/example_dags/example_sensor_decorator.py
[2023-11-03T00:28:08.394+0000] {processor.py:839} INFO - DAG(s) dict_keys(['example_sensor_decorator']) retrieved from /home/airflow/.local/lib/python3.8/site-packages/airflow/example_dags/example_sensor_decorator.py
[2023-11-03T00:28:08.419+0000] {logging_mixin.py:151} INFO - [2023-11-03T00:28:08.419+0000] {dag.py:2941} INFO - Sync 1 DAGs
[2023-11-03T00:28:08.434+0000] {logging_mixin.py:151} INFO - [2023-11-03T00:28:08.433+0000] {dag.py:3722} INFO - Setting next_dagrun for example_sensor_decorator to None, run_after=None
[2023-11-03T00:28:08.463+0000] {processor.py:179} INFO - Processing /home/airflow/.local/lib/python3.8/site-packages/airflow/example_dags/example_sensor_decorator.py took 0.084 seconds
[2023-11-03T00:28:38.600+0000] {processor.py:157} INFO - Started process (PID=4280) to work on /home/airflow/.local/lib/python3.8/site-packages/airflow/example_dags/example_sensor_decorator.py
[2023-11-03T00:28:38.602+0000] {processor.py:829} INFO - Processing file /home/airflow/.local/lib/python3.8/site-packages/airflow/example_dags/example_sensor_decorator.py for tasks to queue
[2023-11-03T00:28:38.604+0000] {logging_mixin.py:151} INFO - [2023-11-03T00:28:38.603+0000] {dagbag.py:536} INFO - Filling up the DagBag from /home/airflow/.local/lib/python3.8/site-packages/airflow/example_dags/example_sensor_decorator.py
[2023-11-03T00:28:38.610+0000] {processor.py:839} INFO - DAG(s) dict_keys(['example_sensor_decorator']) retrieved from /home/airflow/.local/lib/python3.8/site-packages/airflow/example_dags/example_sensor_decorator.py
[2023-11-03T00:28:38.639+0000] {logging_mixin.py:151} INFO - [2023-11-03T00:28:38.639+0000] {dag.py:2941} INFO - Sync 1 DAGs
[2023-11-03T00:28:38.653+0000] {logging_mixin.py:151} INFO - [2023-11-03T00:28:38.653+0000] {dag.py:3722} INFO - Setting next_dagrun for example_sensor_decorator to None, run_after=None
[2023-11-03T00:28:38.680+0000] {processor.py:179} INFO - Processing /home/airflow/.local/lib/python3.8/site-packages/airflow/example_dags/example_sensor_decorator.py took 0.084 seconds
[2023-11-03T00:29:08.820+0000] {processor.py:157} INFO - Started process (PID=4335) to work on /home/airflow/.local/lib/python3.8/site-packages/airflow/example_dags/example_sensor_decorator.py
[2023-11-03T00:29:08.821+0000] {processor.py:829} INFO - Processing file /home/airflow/.local/lib/python3.8/site-packages/airflow/example_dags/example_sensor_decorator.py for tasks to queue
[2023-11-03T00:29:08.823+0000] {logging_mixin.py:151} INFO - [2023-11-03T00:29:08.823+0000] {dagbag.py:536} INFO - Filling up the DagBag from /home/airflow/.local/lib/python3.8/site-packages/airflow/example_dags/example_sensor_decorator.py
[2023-11-03T00:29:08.829+0000] {processor.py:839} INFO - DAG(s) dict_keys(['example_sensor_decorator']) retrieved from /home/airflow/.local/lib/python3.8/site-packages/airflow/example_dags/example_sensor_decorator.py
[2023-11-03T00:29:08.855+0000] {logging_mixin.py:151} INFO - [2023-11-03T00:29:08.855+0000] {dag.py:2941} INFO - Sync 1 DAGs
[2023-11-03T00:29:08.869+0000] {logging_mixin.py:151} INFO - [2023-11-03T00:29:08.869+0000] {dag.py:3722} INFO - Setting next_dagrun for example_sensor_decorator to None, run_after=None
[2023-11-03T00:29:08.896+0000] {processor.py:179} INFO - Processing /home/airflow/.local/lib/python3.8/site-packages/airflow/example_dags/example_sensor_decorator.py took 0.079 seconds
[2023-11-03T00:29:39.087+0000] {processor.py:157} INFO - Started process (PID=4389) to work on /home/airflow/.local/lib/python3.8/site-packages/airflow/example_dags/example_sensor_decorator.py
[2023-11-03T00:29:39.088+0000] {processor.py:829} INFO - Processing file /home/airflow/.local/lib/python3.8/site-packages/airflow/example_dags/example_sensor_decorator.py for tasks to queue
[2023-11-03T00:29:39.090+0000] {logging_mixin.py:151} INFO - [2023-11-03T00:29:39.090+0000] {dagbag.py:536} INFO - Filling up the DagBag from /home/airflow/.local/lib/python3.8/site-packages/airflow/example_dags/example_sensor_decorator.py
[2023-11-03T00:29:39.097+0000] {processor.py:839} INFO - DAG(s) dict_keys(['example_sensor_decorator']) retrieved from /home/airflow/.local/lib/python3.8/site-packages/airflow/example_dags/example_sensor_decorator.py
[2023-11-03T00:29:39.121+0000] {logging_mixin.py:151} INFO - [2023-11-03T00:29:39.121+0000] {dag.py:2941} INFO - Sync 1 DAGs
[2023-11-03T00:29:39.134+0000] {logging_mixin.py:151} INFO - [2023-11-03T00:29:39.134+0000] {dag.py:3722} INFO - Setting next_dagrun for example_sensor_decorator to None, run_after=None
[2023-11-03T00:29:39.162+0000] {processor.py:179} INFO - Processing /home/airflow/.local/lib/python3.8/site-packages/airflow/example_dags/example_sensor_decorator.py took 0.079 seconds
[2023-11-03T00:30:09.465+0000] {processor.py:157} INFO - Started process (PID=4442) to work on /home/airflow/.local/lib/python3.8/site-packages/airflow/example_dags/example_sensor_decorator.py
[2023-11-03T00:30:09.466+0000] {processor.py:829} INFO - Processing file /home/airflow/.local/lib/python3.8/site-packages/airflow/example_dags/example_sensor_decorator.py for tasks to queue
[2023-11-03T00:30:09.468+0000] {logging_mixin.py:151} INFO - [2023-11-03T00:30:09.467+0000] {dagbag.py:536} INFO - Filling up the DagBag from /home/airflow/.local/lib/python3.8/site-packages/airflow/example_dags/example_sensor_decorator.py
[2023-11-03T00:30:09.474+0000] {processor.py:839} INFO - DAG(s) dict_keys(['example_sensor_decorator']) retrieved from /home/airflow/.local/lib/python3.8/site-packages/airflow/example_dags/example_sensor_decorator.py
[2023-11-03T00:30:09.501+0000] {logging_mixin.py:151} INFO - [2023-11-03T00:30:09.501+0000] {dag.py:2941} INFO - Sync 1 DAGs
[2023-11-03T00:30:09.515+0000] {logging_mixin.py:151} INFO - [2023-11-03T00:30:09.515+0000] {dag.py:3722} INFO - Setting next_dagrun for example_sensor_decorator to None, run_after=None
[2023-11-03T00:30:09.542+0000] {processor.py:179} INFO - Processing /home/airflow/.local/lib/python3.8/site-packages/airflow/example_dags/example_sensor_decorator.py took 0.081 seconds
[2023-11-03T00:30:40.218+0000] {processor.py:157} INFO - Started process (PID=4496) to work on /home/airflow/.local/lib/python3.8/site-packages/airflow/example_dags/example_sensor_decorator.py
[2023-11-03T00:30:40.219+0000] {processor.py:829} INFO - Processing file /home/airflow/.local/lib/python3.8/site-packages/airflow/example_dags/example_sensor_decorator.py for tasks to queue
[2023-11-03T00:30:40.221+0000] {logging_mixin.py:151} INFO - [2023-11-03T00:30:40.221+0000] {dagbag.py:536} INFO - Filling up the DagBag from /home/airflow/.local/lib/python3.8/site-packages/airflow/example_dags/example_sensor_decorator.py
[2023-11-03T00:30:40.227+0000] {processor.py:839} INFO - DAG(s) dict_keys(['example_sensor_decorator']) retrieved from /home/airflow/.local/lib/python3.8/site-packages/airflow/example_dags/example_sensor_decorator.py
[2023-11-03T00:30:40.259+0000] {logging_mixin.py:151} INFO - [2023-11-03T00:30:40.259+0000] {dag.py:2941} INFO - Sync 1 DAGs
[2023-11-03T00:30:40.273+0000] {logging_mixin.py:151} INFO - [2023-11-03T00:30:40.273+0000] {dag.py:3722} INFO - Setting next_dagrun for example_sensor_decorator to None, run_after=None
[2023-11-03T00:30:40.299+0000] {processor.py:179} INFO - Processing /home/airflow/.local/lib/python3.8/site-packages/airflow/example_dags/example_sensor_decorator.py took 0.085 seconds
