[2023-11-03T00:00:11.513+0000] {processor.py:157} INFO - Started process (PID=1258) to work on /home/airflow/.local/lib/python3.8/site-packages/airflow/example_dags/example_latest_only.py
[2023-11-03T00:00:11.514+0000] {processor.py:829} INFO - Processing file /home/airflow/.local/lib/python3.8/site-packages/airflow/example_dags/example_latest_only.py for tasks to queue
[2023-11-03T00:00:11.516+0000] {logging_mixin.py:151} INFO - [2023-11-03T00:00:11.515+0000] {dagbag.py:536} INFO - Filling up the DagBag from /home/airflow/.local/lib/python3.8/site-packages/airflow/example_dags/example_latest_only.py
[2023-11-03T00:00:11.522+0000] {processor.py:839} INFO - DAG(s) dict_keys(['latest_only']) retrieved from /home/airflow/.local/lib/python3.8/site-packages/airflow/example_dags/example_latest_only.py
[2023-11-03T00:00:11.550+0000] {logging_mixin.py:151} INFO - [2023-11-03T00:00:11.550+0000] {dag.py:2941} INFO - Sync 1 DAGs
[2023-11-03T00:00:11.579+0000] {logging_mixin.py:151} INFO - [2023-11-03T00:00:11.578+0000] {dag.py:3722} INFO - Setting next_dagrun for latest_only to 2023-11-02T20:00:11.578617+00:00, run_after=2023-11-03T00:00:11.578617+00:00
[2023-11-03T00:00:11.606+0000] {processor.py:179} INFO - Processing /home/airflow/.local/lib/python3.8/site-packages/airflow/example_dags/example_latest_only.py took 0.097 seconds
[2023-11-03T00:00:41.718+0000] {processor.py:157} INFO - Started process (PID=1312) to work on /home/airflow/.local/lib/python3.8/site-packages/airflow/example_dags/example_latest_only.py
[2023-11-03T00:00:41.720+0000] {processor.py:829} INFO - Processing file /home/airflow/.local/lib/python3.8/site-packages/airflow/example_dags/example_latest_only.py for tasks to queue
[2023-11-03T00:00:41.723+0000] {logging_mixin.py:151} INFO - [2023-11-03T00:00:41.722+0000] {dagbag.py:536} INFO - Filling up the DagBag from /home/airflow/.local/lib/python3.8/site-packages/airflow/example_dags/example_latest_only.py
[2023-11-03T00:00:41.732+0000] {processor.py:839} INFO - DAG(s) dict_keys(['latest_only']) retrieved from /home/airflow/.local/lib/python3.8/site-packages/airflow/example_dags/example_latest_only.py
[2023-11-03T00:00:41.766+0000] {logging_mixin.py:151} INFO - [2023-11-03T00:00:41.766+0000] {dag.py:2941} INFO - Sync 1 DAGs
[2023-11-03T00:00:41.801+0000] {logging_mixin.py:151} INFO - [2023-11-03T00:00:41.801+0000] {dag.py:3722} INFO - Setting next_dagrun for latest_only to 2023-11-02T20:00:41.801155+00:00, run_after=2023-11-03T00:00:41.801155+00:00
[2023-11-03T00:00:41.859+0000] {processor.py:179} INFO - Processing /home/airflow/.local/lib/python3.8/site-packages/airflow/example_dags/example_latest_only.py took 0.147 seconds
[2023-11-03T00:01:12.075+0000] {processor.py:157} INFO - Started process (PID=1366) to work on /home/airflow/.local/lib/python3.8/site-packages/airflow/example_dags/example_latest_only.py
[2023-11-03T00:01:12.076+0000] {processor.py:829} INFO - Processing file /home/airflow/.local/lib/python3.8/site-packages/airflow/example_dags/example_latest_only.py for tasks to queue
[2023-11-03T00:01:12.078+0000] {logging_mixin.py:151} INFO - [2023-11-03T00:01:12.078+0000] {dagbag.py:536} INFO - Filling up the DagBag from /home/airflow/.local/lib/python3.8/site-packages/airflow/example_dags/example_latest_only.py
[2023-11-03T00:01:12.084+0000] {processor.py:839} INFO - DAG(s) dict_keys(['latest_only']) retrieved from /home/airflow/.local/lib/python3.8/site-packages/airflow/example_dags/example_latest_only.py
[2023-11-03T00:01:12.113+0000] {logging_mixin.py:151} INFO - [2023-11-03T00:01:12.113+0000] {dag.py:2941} INFO - Sync 1 DAGs
[2023-11-03T00:01:12.146+0000] {logging_mixin.py:151} INFO - [2023-11-03T00:01:12.145+0000] {dag.py:3722} INFO - Setting next_dagrun for latest_only to 2023-11-02T20:01:12.145556+00:00, run_after=2023-11-03T00:01:12.145556+00:00
[2023-11-03T00:01:12.177+0000] {processor.py:179} INFO - Processing /home/airflow/.local/lib/python3.8/site-packages/airflow/example_dags/example_latest_only.py took 0.105 seconds
[2023-11-03T00:01:42.775+0000] {processor.py:157} INFO - Started process (PID=1420) to work on /home/airflow/.local/lib/python3.8/site-packages/airflow/example_dags/example_latest_only.py
[2023-11-03T00:01:42.776+0000] {processor.py:829} INFO - Processing file /home/airflow/.local/lib/python3.8/site-packages/airflow/example_dags/example_latest_only.py for tasks to queue
[2023-11-03T00:01:42.779+0000] {logging_mixin.py:151} INFO - [2023-11-03T00:01:42.778+0000] {dagbag.py:536} INFO - Filling up the DagBag from /home/airflow/.local/lib/python3.8/site-packages/airflow/example_dags/example_latest_only.py
[2023-11-03T00:01:42.784+0000] {processor.py:839} INFO - DAG(s) dict_keys(['latest_only']) retrieved from /home/airflow/.local/lib/python3.8/site-packages/airflow/example_dags/example_latest_only.py
[2023-11-03T00:01:42.808+0000] {logging_mixin.py:151} INFO - [2023-11-03T00:01:42.807+0000] {dag.py:2941} INFO - Sync 1 DAGs
[2023-11-03T00:01:42.835+0000] {logging_mixin.py:151} INFO - [2023-11-03T00:01:42.835+0000] {dag.py:3722} INFO - Setting next_dagrun for latest_only to 2023-11-02T20:01:42.834897+00:00, run_after=2023-11-03T00:01:42.834897+00:00
[2023-11-03T00:01:42.858+0000] {processor.py:179} INFO - Processing /home/airflow/.local/lib/python3.8/site-packages/airflow/example_dags/example_latest_only.py took 0.087 seconds
[2023-11-03T00:02:13.353+0000] {processor.py:157} INFO - Started process (PID=1474) to work on /home/airflow/.local/lib/python3.8/site-packages/airflow/example_dags/example_latest_only.py
[2023-11-03T00:02:13.354+0000] {processor.py:829} INFO - Processing file /home/airflow/.local/lib/python3.8/site-packages/airflow/example_dags/example_latest_only.py for tasks to queue
[2023-11-03T00:02:13.356+0000] {logging_mixin.py:151} INFO - [2023-11-03T00:02:13.356+0000] {dagbag.py:536} INFO - Filling up the DagBag from /home/airflow/.local/lib/python3.8/site-packages/airflow/example_dags/example_latest_only.py
[2023-11-03T00:02:13.362+0000] {processor.py:839} INFO - DAG(s) dict_keys(['latest_only']) retrieved from /home/airflow/.local/lib/python3.8/site-packages/airflow/example_dags/example_latest_only.py
[2023-11-03T00:02:13.389+0000] {logging_mixin.py:151} INFO - [2023-11-03T00:02:13.389+0000] {dag.py:2941} INFO - Sync 1 DAGs
[2023-11-03T00:02:13.416+0000] {logging_mixin.py:151} INFO - [2023-11-03T00:02:13.416+0000] {dag.py:3722} INFO - Setting next_dagrun for latest_only to 2023-11-02T20:02:13.416422+00:00, run_after=2023-11-03T00:02:13.416422+00:00
[2023-11-03T00:02:13.444+0000] {processor.py:179} INFO - Processing /home/airflow/.local/lib/python3.8/site-packages/airflow/example_dags/example_latest_only.py took 0.094 seconds
[2023-11-03T00:02:43.877+0000] {processor.py:157} INFO - Started process (PID=1528) to work on /home/airflow/.local/lib/python3.8/site-packages/airflow/example_dags/example_latest_only.py
[2023-11-03T00:02:43.878+0000] {processor.py:829} INFO - Processing file /home/airflow/.local/lib/python3.8/site-packages/airflow/example_dags/example_latest_only.py for tasks to queue
[2023-11-03T00:02:43.880+0000] {logging_mixin.py:151} INFO - [2023-11-03T00:02:43.880+0000] {dagbag.py:536} INFO - Filling up the DagBag from /home/airflow/.local/lib/python3.8/site-packages/airflow/example_dags/example_latest_only.py
[2023-11-03T00:02:43.885+0000] {processor.py:839} INFO - DAG(s) dict_keys(['latest_only']) retrieved from /home/airflow/.local/lib/python3.8/site-packages/airflow/example_dags/example_latest_only.py
[2023-11-03T00:02:43.915+0000] {logging_mixin.py:151} INFO - [2023-11-03T00:02:43.915+0000] {dag.py:2941} INFO - Sync 1 DAGs
[2023-11-03T00:02:43.944+0000] {logging_mixin.py:151} INFO - [2023-11-03T00:02:43.944+0000] {dag.py:3722} INFO - Setting next_dagrun for latest_only to 2023-11-02T20:02:43.943977+00:00, run_after=2023-11-03T00:02:43.943977+00:00
[2023-11-03T00:02:43.968+0000] {processor.py:179} INFO - Processing /home/airflow/.local/lib/python3.8/site-packages/airflow/example_dags/example_latest_only.py took 0.095 seconds
[2023-11-03T00:03:14.423+0000] {processor.py:157} INFO - Started process (PID=1582) to work on /home/airflow/.local/lib/python3.8/site-packages/airflow/example_dags/example_latest_only.py
[2023-11-03T00:03:14.425+0000] {processor.py:829} INFO - Processing file /home/airflow/.local/lib/python3.8/site-packages/airflow/example_dags/example_latest_only.py for tasks to queue
[2023-11-03T00:03:14.427+0000] {logging_mixin.py:151} INFO - [2023-11-03T00:03:14.427+0000] {dagbag.py:536} INFO - Filling up the DagBag from /home/airflow/.local/lib/python3.8/site-packages/airflow/example_dags/example_latest_only.py
[2023-11-03T00:03:14.435+0000] {processor.py:839} INFO - DAG(s) dict_keys(['latest_only']) retrieved from /home/airflow/.local/lib/python3.8/site-packages/airflow/example_dags/example_latest_only.py
[2023-11-03T00:03:14.466+0000] {logging_mixin.py:151} INFO - [2023-11-03T00:03:14.466+0000] {dag.py:2941} INFO - Sync 1 DAGs
[2023-11-03T00:03:14.500+0000] {logging_mixin.py:151} INFO - [2023-11-03T00:03:14.500+0000] {dag.py:3722} INFO - Setting next_dagrun for latest_only to 2023-11-02T20:03:14.500178+00:00, run_after=2023-11-03T00:03:14.500178+00:00
[2023-11-03T00:03:14.543+0000] {processor.py:179} INFO - Processing /home/airflow/.local/lib/python3.8/site-packages/airflow/example_dags/example_latest_only.py took 0.123 seconds
[2023-11-03T00:03:44.893+0000] {processor.py:157} INFO - Started process (PID=1636) to work on /home/airflow/.local/lib/python3.8/site-packages/airflow/example_dags/example_latest_only.py
[2023-11-03T00:03:44.895+0000] {processor.py:829} INFO - Processing file /home/airflow/.local/lib/python3.8/site-packages/airflow/example_dags/example_latest_only.py for tasks to queue
[2023-11-03T00:03:44.897+0000] {logging_mixin.py:151} INFO - [2023-11-03T00:03:44.897+0000] {dagbag.py:536} INFO - Filling up the DagBag from /home/airflow/.local/lib/python3.8/site-packages/airflow/example_dags/example_latest_only.py
[2023-11-03T00:03:44.903+0000] {processor.py:839} INFO - DAG(s) dict_keys(['latest_only']) retrieved from /home/airflow/.local/lib/python3.8/site-packages/airflow/example_dags/example_latest_only.py
[2023-11-03T00:03:44.930+0000] {logging_mixin.py:151} INFO - [2023-11-03T00:03:44.929+0000] {dag.py:2941} INFO - Sync 1 DAGs
[2023-11-03T00:03:44.956+0000] {logging_mixin.py:151} INFO - [2023-11-03T00:03:44.956+0000] {dag.py:3722} INFO - Setting next_dagrun for latest_only to 2023-11-02T20:03:44.956295+00:00, run_after=2023-11-03T00:03:44.956295+00:00
[2023-11-03T00:03:44.983+0000] {processor.py:179} INFO - Processing /home/airflow/.local/lib/python3.8/site-packages/airflow/example_dags/example_latest_only.py took 0.093 seconds
[2023-11-03T00:04:15.437+0000] {processor.py:157} INFO - Started process (PID=1689) to work on /home/airflow/.local/lib/python3.8/site-packages/airflow/example_dags/example_latest_only.py
[2023-11-03T00:04:15.439+0000] {processor.py:829} INFO - Processing file /home/airflow/.local/lib/python3.8/site-packages/airflow/example_dags/example_latest_only.py for tasks to queue
[2023-11-03T00:04:15.441+0000] {logging_mixin.py:151} INFO - [2023-11-03T00:04:15.440+0000] {dagbag.py:536} INFO - Filling up the DagBag from /home/airflow/.local/lib/python3.8/site-packages/airflow/example_dags/example_latest_only.py
[2023-11-03T00:04:15.447+0000] {processor.py:839} INFO - DAG(s) dict_keys(['latest_only']) retrieved from /home/airflow/.local/lib/python3.8/site-packages/airflow/example_dags/example_latest_only.py
[2023-11-03T00:04:15.472+0000] {logging_mixin.py:151} INFO - [2023-11-03T00:04:15.472+0000] {dag.py:2941} INFO - Sync 1 DAGs
[2023-11-03T00:04:15.500+0000] {logging_mixin.py:151} INFO - [2023-11-03T00:04:15.500+0000] {dag.py:3722} INFO - Setting next_dagrun for latest_only to 2023-11-02T20:04:15.500388+00:00, run_after=2023-11-03T00:04:15.500388+00:00
[2023-11-03T00:04:15.528+0000] {processor.py:179} INFO - Processing /home/airflow/.local/lib/python3.8/site-packages/airflow/example_dags/example_latest_only.py took 0.094 seconds
[2023-11-03T00:04:45.918+0000] {processor.py:157} INFO - Started process (PID=1743) to work on /home/airflow/.local/lib/python3.8/site-packages/airflow/example_dags/example_latest_only.py
[2023-11-03T00:04:45.919+0000] {processor.py:829} INFO - Processing file /home/airflow/.local/lib/python3.8/site-packages/airflow/example_dags/example_latest_only.py for tasks to queue
[2023-11-03T00:04:45.921+0000] {logging_mixin.py:151} INFO - [2023-11-03T00:04:45.921+0000] {dagbag.py:536} INFO - Filling up the DagBag from /home/airflow/.local/lib/python3.8/site-packages/airflow/example_dags/example_latest_only.py
[2023-11-03T00:04:45.927+0000] {processor.py:839} INFO - DAG(s) dict_keys(['latest_only']) retrieved from /home/airflow/.local/lib/python3.8/site-packages/airflow/example_dags/example_latest_only.py
[2023-11-03T00:04:45.956+0000] {logging_mixin.py:151} INFO - [2023-11-03T00:04:45.956+0000] {dag.py:2941} INFO - Sync 1 DAGs
[2023-11-03T00:04:45.984+0000] {logging_mixin.py:151} INFO - [2023-11-03T00:04:45.984+0000] {dag.py:3722} INFO - Setting next_dagrun for latest_only to 2023-11-02T20:04:45.983883+00:00, run_after=2023-11-03T00:04:45.983883+00:00
[2023-11-03T00:04:46.019+0000] {processor.py:179} INFO - Processing /home/airflow/.local/lib/python3.8/site-packages/airflow/example_dags/example_latest_only.py took 0.106 seconds
[2023-11-03T00:05:17.347+0000] {processor.py:157} INFO - Started process (PID=1804) to work on /home/airflow/.local/lib/python3.8/site-packages/airflow/example_dags/example_latest_only.py
[2023-11-03T00:05:17.349+0000] {processor.py:829} INFO - Processing file /home/airflow/.local/lib/python3.8/site-packages/airflow/example_dags/example_latest_only.py for tasks to queue
[2023-11-03T00:05:17.351+0000] {logging_mixin.py:151} INFO - [2023-11-03T00:05:17.351+0000] {dagbag.py:536} INFO - Filling up the DagBag from /home/airflow/.local/lib/python3.8/site-packages/airflow/example_dags/example_latest_only.py
[2023-11-03T00:05:17.359+0000] {processor.py:839} INFO - DAG(s) dict_keys(['latest_only']) retrieved from /home/airflow/.local/lib/python3.8/site-packages/airflow/example_dags/example_latest_only.py
[2023-11-03T00:05:17.394+0000] {logging_mixin.py:151} INFO - [2023-11-03T00:05:17.393+0000] {dag.py:2941} INFO - Sync 1 DAGs
[2023-11-03T00:05:17.431+0000] {logging_mixin.py:151} INFO - [2023-11-03T00:05:17.430+0000] {dag.py:3722} INFO - Setting next_dagrun for latest_only to 2023-11-02T20:05:17.430676+00:00, run_after=2023-11-03T00:05:17.430676+00:00
[2023-11-03T00:05:17.467+0000] {processor.py:179} INFO - Processing /home/airflow/.local/lib/python3.8/site-packages/airflow/example_dags/example_latest_only.py took 0.124 seconds
[2023-11-03T00:05:48.138+0000] {processor.py:157} INFO - Started process (PID=1858) to work on /home/airflow/.local/lib/python3.8/site-packages/airflow/example_dags/example_latest_only.py
[2023-11-03T00:05:48.139+0000] {processor.py:829} INFO - Processing file /home/airflow/.local/lib/python3.8/site-packages/airflow/example_dags/example_latest_only.py for tasks to queue
[2023-11-03T00:05:48.140+0000] {logging_mixin.py:151} INFO - [2023-11-03T00:05:48.140+0000] {dagbag.py:536} INFO - Filling up the DagBag from /home/airflow/.local/lib/python3.8/site-packages/airflow/example_dags/example_latest_only.py
[2023-11-03T00:05:48.145+0000] {processor.py:839} INFO - DAG(s) dict_keys(['latest_only']) retrieved from /home/airflow/.local/lib/python3.8/site-packages/airflow/example_dags/example_latest_only.py
[2023-11-03T00:05:48.174+0000] {logging_mixin.py:151} INFO - [2023-11-03T00:05:48.174+0000] {dag.py:2941} INFO - Sync 1 DAGs
[2023-11-03T00:05:48.202+0000] {logging_mixin.py:151} INFO - [2023-11-03T00:05:48.202+0000] {dag.py:3722} INFO - Setting next_dagrun for latest_only to 2023-11-02T20:05:48.201562+00:00, run_after=2023-11-03T00:05:48.201562+00:00
[2023-11-03T00:05:48.232+0000] {processor.py:179} INFO - Processing /home/airflow/.local/lib/python3.8/site-packages/airflow/example_dags/example_latest_only.py took 0.097 seconds
[2023-11-03T00:06:18.337+0000] {processor.py:157} INFO - Started process (PID=1913) to work on /home/airflow/.local/lib/python3.8/site-packages/airflow/example_dags/example_latest_only.py
[2023-11-03T00:06:18.338+0000] {processor.py:829} INFO - Processing file /home/airflow/.local/lib/python3.8/site-packages/airflow/example_dags/example_latest_only.py for tasks to queue
[2023-11-03T00:06:18.340+0000] {logging_mixin.py:151} INFO - [2023-11-03T00:06:18.340+0000] {dagbag.py:536} INFO - Filling up the DagBag from /home/airflow/.local/lib/python3.8/site-packages/airflow/example_dags/example_latest_only.py
[2023-11-03T00:06:18.346+0000] {processor.py:839} INFO - DAG(s) dict_keys(['latest_only']) retrieved from /home/airflow/.local/lib/python3.8/site-packages/airflow/example_dags/example_latest_only.py
[2023-11-03T00:06:18.373+0000] {logging_mixin.py:151} INFO - [2023-11-03T00:06:18.373+0000] {dag.py:2941} INFO - Sync 1 DAGs
[2023-11-03T00:06:18.400+0000] {logging_mixin.py:151} INFO - [2023-11-03T00:06:18.400+0000] {dag.py:3722} INFO - Setting next_dagrun for latest_only to 2023-11-02T20:06:18.400321+00:00, run_after=2023-11-03T00:06:18.400321+00:00
[2023-11-03T00:06:18.428+0000] {processor.py:179} INFO - Processing /home/airflow/.local/lib/python3.8/site-packages/airflow/example_dags/example_latest_only.py took 0.095 seconds
[2023-11-03T00:06:48.898+0000] {processor.py:157} INFO - Started process (PID=1967) to work on /home/airflow/.local/lib/python3.8/site-packages/airflow/example_dags/example_latest_only.py
[2023-11-03T00:06:48.899+0000] {processor.py:829} INFO - Processing file /home/airflow/.local/lib/python3.8/site-packages/airflow/example_dags/example_latest_only.py for tasks to queue
[2023-11-03T00:06:48.901+0000] {logging_mixin.py:151} INFO - [2023-11-03T00:06:48.901+0000] {dagbag.py:536} INFO - Filling up the DagBag from /home/airflow/.local/lib/python3.8/site-packages/airflow/example_dags/example_latest_only.py
[2023-11-03T00:06:48.907+0000] {processor.py:839} INFO - DAG(s) dict_keys(['latest_only']) retrieved from /home/airflow/.local/lib/python3.8/site-packages/airflow/example_dags/example_latest_only.py
[2023-11-03T00:06:48.935+0000] {logging_mixin.py:151} INFO - [2023-11-03T00:06:48.934+0000] {dag.py:2941} INFO - Sync 1 DAGs
[2023-11-03T00:06:48.961+0000] {logging_mixin.py:151} INFO - [2023-11-03T00:06:48.960+0000] {dag.py:3722} INFO - Setting next_dagrun for latest_only to 2023-11-02T20:06:48.960772+00:00, run_after=2023-11-03T00:06:48.960772+00:00
[2023-11-03T00:06:48.991+0000] {processor.py:179} INFO - Processing /home/airflow/.local/lib/python3.8/site-packages/airflow/example_dags/example_latest_only.py took 0.097 seconds
[2023-11-03T00:07:19.424+0000] {processor.py:157} INFO - Started process (PID=2021) to work on /home/airflow/.local/lib/python3.8/site-packages/airflow/example_dags/example_latest_only.py
[2023-11-03T00:07:19.426+0000] {processor.py:829} INFO - Processing file /home/airflow/.local/lib/python3.8/site-packages/airflow/example_dags/example_latest_only.py for tasks to queue
[2023-11-03T00:07:19.428+0000] {logging_mixin.py:151} INFO - [2023-11-03T00:07:19.428+0000] {dagbag.py:536} INFO - Filling up the DagBag from /home/airflow/.local/lib/python3.8/site-packages/airflow/example_dags/example_latest_only.py
[2023-11-03T00:07:19.433+0000] {processor.py:839} INFO - DAG(s) dict_keys(['latest_only']) retrieved from /home/airflow/.local/lib/python3.8/site-packages/airflow/example_dags/example_latest_only.py
[2023-11-03T00:07:19.460+0000] {logging_mixin.py:151} INFO - [2023-11-03T00:07:19.460+0000] {dag.py:2941} INFO - Sync 1 DAGs
[2023-11-03T00:07:19.490+0000] {logging_mixin.py:151} INFO - [2023-11-03T00:07:19.489+0000] {dag.py:3722} INFO - Setting next_dagrun for latest_only to 2023-11-02T20:07:19.488403+00:00, run_after=2023-11-03T00:07:19.488403+00:00
[2023-11-03T00:07:19.521+0000] {processor.py:179} INFO - Processing /home/airflow/.local/lib/python3.8/site-packages/airflow/example_dags/example_latest_only.py took 0.100 seconds
[2023-11-03T00:07:49.739+0000] {processor.py:157} INFO - Started process (PID=2075) to work on /home/airflow/.local/lib/python3.8/site-packages/airflow/example_dags/example_latest_only.py
[2023-11-03T00:07:49.739+0000] {processor.py:829} INFO - Processing file /home/airflow/.local/lib/python3.8/site-packages/airflow/example_dags/example_latest_only.py for tasks to queue
[2023-11-03T00:07:49.741+0000] {logging_mixin.py:151} INFO - [2023-11-03T00:07:49.741+0000] {dagbag.py:536} INFO - Filling up the DagBag from /home/airflow/.local/lib/python3.8/site-packages/airflow/example_dags/example_latest_only.py
[2023-11-03T00:07:49.747+0000] {processor.py:839} INFO - DAG(s) dict_keys(['latest_only']) retrieved from /home/airflow/.local/lib/python3.8/site-packages/airflow/example_dags/example_latest_only.py
[2023-11-03T00:07:49.774+0000] {logging_mixin.py:151} INFO - [2023-11-03T00:07:49.774+0000] {dag.py:2941} INFO - Sync 1 DAGs
[2023-11-03T00:07:49.800+0000] {logging_mixin.py:151} INFO - [2023-11-03T00:07:49.800+0000] {dag.py:3722} INFO - Setting next_dagrun for latest_only to 2023-11-02T20:07:49.800457+00:00, run_after=2023-11-03T00:07:49.800457+00:00
[2023-11-03T00:07:49.827+0000] {processor.py:179} INFO - Processing /home/airflow/.local/lib/python3.8/site-packages/airflow/example_dags/example_latest_only.py took 0.092 seconds
[2023-11-03T00:08:20.445+0000] {processor.py:157} INFO - Started process (PID=2129) to work on /home/airflow/.local/lib/python3.8/site-packages/airflow/example_dags/example_latest_only.py
[2023-11-03T00:08:20.446+0000] {processor.py:829} INFO - Processing file /home/airflow/.local/lib/python3.8/site-packages/airflow/example_dags/example_latest_only.py for tasks to queue
[2023-11-03T00:08:20.449+0000] {logging_mixin.py:151} INFO - [2023-11-03T00:08:20.448+0000] {dagbag.py:536} INFO - Filling up the DagBag from /home/airflow/.local/lib/python3.8/site-packages/airflow/example_dags/example_latest_only.py
[2023-11-03T00:08:20.456+0000] {processor.py:839} INFO - DAG(s) dict_keys(['latest_only']) retrieved from /home/airflow/.local/lib/python3.8/site-packages/airflow/example_dags/example_latest_only.py
[2023-11-03T00:08:20.486+0000] {logging_mixin.py:151} INFO - [2023-11-03T00:08:20.486+0000] {dag.py:2941} INFO - Sync 1 DAGs
[2023-11-03T00:08:20.513+0000] {logging_mixin.py:151} INFO - [2023-11-03T00:08:20.513+0000] {dag.py:3722} INFO - Setting next_dagrun for latest_only to 2023-11-02T20:08:20.512904+00:00, run_after=2023-11-03T00:08:20.512904+00:00
[2023-11-03T00:08:20.547+0000] {processor.py:179} INFO - Processing /home/airflow/.local/lib/python3.8/site-packages/airflow/example_dags/example_latest_only.py took 0.106 seconds
[2023-11-03T00:08:51.304+0000] {processor.py:157} INFO - Started process (PID=2183) to work on /home/airflow/.local/lib/python3.8/site-packages/airflow/example_dags/example_latest_only.py
[2023-11-03T00:08:51.305+0000] {processor.py:829} INFO - Processing file /home/airflow/.local/lib/python3.8/site-packages/airflow/example_dags/example_latest_only.py for tasks to queue
[2023-11-03T00:08:51.308+0000] {logging_mixin.py:151} INFO - [2023-11-03T00:08:51.307+0000] {dagbag.py:536} INFO - Filling up the DagBag from /home/airflow/.local/lib/python3.8/site-packages/airflow/example_dags/example_latest_only.py
[2023-11-03T00:08:51.314+0000] {processor.py:839} INFO - DAG(s) dict_keys(['latest_only']) retrieved from /home/airflow/.local/lib/python3.8/site-packages/airflow/example_dags/example_latest_only.py
[2023-11-03T00:08:51.342+0000] {logging_mixin.py:151} INFO - [2023-11-03T00:08:51.342+0000] {dag.py:2941} INFO - Sync 1 DAGs
[2023-11-03T00:08:51.375+0000] {logging_mixin.py:151} INFO - [2023-11-03T00:08:51.374+0000] {dag.py:3722} INFO - Setting next_dagrun for latest_only to 2023-11-02T20:08:51.374171+00:00, run_after=2023-11-03T00:08:51.374171+00:00
[2023-11-03T00:08:51.559+0000] {processor.py:179} INFO - Processing /home/airflow/.local/lib/python3.8/site-packages/airflow/example_dags/example_latest_only.py took 0.258 seconds
[2023-11-03T00:09:22.085+0000] {processor.py:157} INFO - Started process (PID=2237) to work on /home/airflow/.local/lib/python3.8/site-packages/airflow/example_dags/example_latest_only.py
[2023-11-03T00:09:22.087+0000] {processor.py:829} INFO - Processing file /home/airflow/.local/lib/python3.8/site-packages/airflow/example_dags/example_latest_only.py for tasks to queue
[2023-11-03T00:09:22.091+0000] {logging_mixin.py:151} INFO - [2023-11-03T00:09:22.090+0000] {dagbag.py:536} INFO - Filling up the DagBag from /home/airflow/.local/lib/python3.8/site-packages/airflow/example_dags/example_latest_only.py
[2023-11-03T00:09:22.096+0000] {processor.py:839} INFO - DAG(s) dict_keys(['latest_only']) retrieved from /home/airflow/.local/lib/python3.8/site-packages/airflow/example_dags/example_latest_only.py
[2023-11-03T00:09:22.128+0000] {logging_mixin.py:151} INFO - [2023-11-03T00:09:22.128+0000] {dag.py:2941} INFO - Sync 1 DAGs
[2023-11-03T00:09:22.160+0000] {logging_mixin.py:151} INFO - [2023-11-03T00:09:22.160+0000] {dag.py:3722} INFO - Setting next_dagrun for latest_only to 2023-11-02T20:09:22.160288+00:00, run_after=2023-11-03T00:09:22.160288+00:00
[2023-11-03T00:09:22.189+0000] {processor.py:179} INFO - Processing /home/airflow/.local/lib/python3.8/site-packages/airflow/example_dags/example_latest_only.py took 0.108 seconds
[2023-11-03T00:09:52.974+0000] {processor.py:157} INFO - Started process (PID=2291) to work on /home/airflow/.local/lib/python3.8/site-packages/airflow/example_dags/example_latest_only.py
[2023-11-03T00:09:52.975+0000] {processor.py:829} INFO - Processing file /home/airflow/.local/lib/python3.8/site-packages/airflow/example_dags/example_latest_only.py for tasks to queue
[2023-11-03T00:09:52.978+0000] {logging_mixin.py:151} INFO - [2023-11-03T00:09:52.977+0000] {dagbag.py:536} INFO - Filling up the DagBag from /home/airflow/.local/lib/python3.8/site-packages/airflow/example_dags/example_latest_only.py
[2023-11-03T00:09:52.985+0000] {processor.py:839} INFO - DAG(s) dict_keys(['latest_only']) retrieved from /home/airflow/.local/lib/python3.8/site-packages/airflow/example_dags/example_latest_only.py
[2023-11-03T00:09:53.024+0000] {logging_mixin.py:151} INFO - [2023-11-03T00:09:53.024+0000] {dag.py:2941} INFO - Sync 1 DAGs
[2023-11-03T00:09:53.063+0000] {logging_mixin.py:151} INFO - [2023-11-03T00:09:53.063+0000] {dag.py:3722} INFO - Setting next_dagrun for latest_only to 2023-11-02T20:09:53.063353+00:00, run_after=2023-11-03T00:09:53.063353+00:00
[2023-11-03T00:09:53.100+0000] {processor.py:179} INFO - Processing /home/airflow/.local/lib/python3.8/site-packages/airflow/example_dags/example_latest_only.py took 0.133 seconds
[2023-11-03T00:10:25.195+0000] {processor.py:157} INFO - Started process (PID=2345) to work on /home/airflow/.local/lib/python3.8/site-packages/airflow/example_dags/example_latest_only.py
[2023-11-03T00:10:25.197+0000] {processor.py:829} INFO - Processing file /home/airflow/.local/lib/python3.8/site-packages/airflow/example_dags/example_latest_only.py for tasks to queue
[2023-11-03T00:10:25.200+0000] {logging_mixin.py:151} INFO - [2023-11-03T00:10:25.199+0000] {dagbag.py:536} INFO - Filling up the DagBag from /home/airflow/.local/lib/python3.8/site-packages/airflow/example_dags/example_latest_only.py
[2023-11-03T00:10:25.208+0000] {processor.py:839} INFO - DAG(s) dict_keys(['latest_only']) retrieved from /home/airflow/.local/lib/python3.8/site-packages/airflow/example_dags/example_latest_only.py
[2023-11-03T00:10:25.245+0000] {logging_mixin.py:151} INFO - [2023-11-03T00:10:25.244+0000] {dag.py:2941} INFO - Sync 1 DAGs
[2023-11-03T00:10:25.295+0000] {logging_mixin.py:151} INFO - [2023-11-03T00:10:25.294+0000] {dag.py:3722} INFO - Setting next_dagrun for latest_only to 2023-11-02T20:10:25.293516+00:00, run_after=2023-11-03T00:10:25.293516+00:00
[2023-11-03T00:10:25.342+0000] {processor.py:179} INFO - Processing /home/airflow/.local/lib/python3.8/site-packages/airflow/example_dags/example_latest_only.py took 0.151 seconds
[2023-11-03T00:10:57.375+0000] {processor.py:157} INFO - Started process (PID=2399) to work on /home/airflow/.local/lib/python3.8/site-packages/airflow/example_dags/example_latest_only.py
[2023-11-03T00:10:57.377+0000] {processor.py:829} INFO - Processing file /home/airflow/.local/lib/python3.8/site-packages/airflow/example_dags/example_latest_only.py for tasks to queue
[2023-11-03T00:10:57.379+0000] {logging_mixin.py:151} INFO - [2023-11-03T00:10:57.379+0000] {dagbag.py:536} INFO - Filling up the DagBag from /home/airflow/.local/lib/python3.8/site-packages/airflow/example_dags/example_latest_only.py
[2023-11-03T00:10:57.386+0000] {processor.py:839} INFO - DAG(s) dict_keys(['latest_only']) retrieved from /home/airflow/.local/lib/python3.8/site-packages/airflow/example_dags/example_latest_only.py
[2023-11-03T00:10:57.416+0000] {logging_mixin.py:151} INFO - [2023-11-03T00:10:57.416+0000] {dag.py:2941} INFO - Sync 1 DAGs
[2023-11-03T00:10:57.677+0000] {logging_mixin.py:151} INFO - [2023-11-03T00:10:57.677+0000] {dag.py:3722} INFO - Setting next_dagrun for latest_only to 2023-11-02T20:10:57.677455+00:00, run_after=2023-11-03T00:10:57.677455+00:00
[2023-11-03T00:10:57.712+0000] {processor.py:179} INFO - Processing /home/airflow/.local/lib/python3.8/site-packages/airflow/example_dags/example_latest_only.py took 0.343 seconds
[2023-11-03T00:11:27.775+0000] {processor.py:157} INFO - Started process (PID=2456) to work on /home/airflow/.local/lib/python3.8/site-packages/airflow/example_dags/example_latest_only.py
[2023-11-03T00:11:27.777+0000] {processor.py:829} INFO - Processing file /home/airflow/.local/lib/python3.8/site-packages/airflow/example_dags/example_latest_only.py for tasks to queue
[2023-11-03T00:11:27.779+0000] {logging_mixin.py:151} INFO - [2023-11-03T00:11:27.779+0000] {dagbag.py:536} INFO - Filling up the DagBag from /home/airflow/.local/lib/python3.8/site-packages/airflow/example_dags/example_latest_only.py
[2023-11-03T00:11:27.787+0000] {processor.py:839} INFO - DAG(s) dict_keys(['latest_only']) retrieved from /home/airflow/.local/lib/python3.8/site-packages/airflow/example_dags/example_latest_only.py
[2023-11-03T00:11:27.816+0000] {logging_mixin.py:151} INFO - [2023-11-03T00:11:27.816+0000] {dag.py:2941} INFO - Sync 1 DAGs
[2023-11-03T00:11:27.844+0000] {logging_mixin.py:151} INFO - [2023-11-03T00:11:27.843+0000] {dag.py:3722} INFO - Setting next_dagrun for latest_only to 2023-11-02T20:11:27.843573+00:00, run_after=2023-11-03T00:11:27.843573+00:00
[2023-11-03T00:11:28.027+0000] {processor.py:179} INFO - Processing /home/airflow/.local/lib/python3.8/site-packages/airflow/example_dags/example_latest_only.py took 0.257 seconds
[2023-11-03T00:11:58.459+0000] {processor.py:157} INFO - Started process (PID=2510) to work on /home/airflow/.local/lib/python3.8/site-packages/airflow/example_dags/example_latest_only.py
[2023-11-03T00:11:58.461+0000] {processor.py:829} INFO - Processing file /home/airflow/.local/lib/python3.8/site-packages/airflow/example_dags/example_latest_only.py for tasks to queue
[2023-11-03T00:11:58.463+0000] {logging_mixin.py:151} INFO - [2023-11-03T00:11:58.463+0000] {dagbag.py:536} INFO - Filling up the DagBag from /home/airflow/.local/lib/python3.8/site-packages/airflow/example_dags/example_latest_only.py
[2023-11-03T00:11:58.469+0000] {processor.py:839} INFO - DAG(s) dict_keys(['latest_only']) retrieved from /home/airflow/.local/lib/python3.8/site-packages/airflow/example_dags/example_latest_only.py
[2023-11-03T00:11:58.494+0000] {logging_mixin.py:151} INFO - [2023-11-03T00:11:58.494+0000] {dag.py:2941} INFO - Sync 1 DAGs
[2023-11-03T00:11:58.520+0000] {logging_mixin.py:151} INFO - [2023-11-03T00:11:58.519+0000] {dag.py:3722} INFO - Setting next_dagrun for latest_only to 2023-11-02T20:11:58.519340+00:00, run_after=2023-11-03T00:11:58.519340+00:00
[2023-11-03T00:11:58.550+0000] {processor.py:179} INFO - Processing /home/airflow/.local/lib/python3.8/site-packages/airflow/example_dags/example_latest_only.py took 0.094 seconds
[2023-11-03T00:12:29.188+0000] {processor.py:157} INFO - Started process (PID=2562) to work on /home/airflow/.local/lib/python3.8/site-packages/airflow/example_dags/example_latest_only.py
[2023-11-03T00:12:29.189+0000] {processor.py:829} INFO - Processing file /home/airflow/.local/lib/python3.8/site-packages/airflow/example_dags/example_latest_only.py for tasks to queue
[2023-11-03T00:12:29.191+0000] {logging_mixin.py:151} INFO - [2023-11-03T00:12:29.191+0000] {dagbag.py:536} INFO - Filling up the DagBag from /home/airflow/.local/lib/python3.8/site-packages/airflow/example_dags/example_latest_only.py
[2023-11-03T00:12:29.198+0000] {processor.py:839} INFO - DAG(s) dict_keys(['latest_only']) retrieved from /home/airflow/.local/lib/python3.8/site-packages/airflow/example_dags/example_latest_only.py
[2023-11-03T00:12:29.229+0000] {logging_mixin.py:151} INFO - [2023-11-03T00:12:29.229+0000] {dag.py:2941} INFO - Sync 1 DAGs
[2023-11-03T00:12:29.437+0000] {logging_mixin.py:151} INFO - [2023-11-03T00:12:29.437+0000] {dag.py:3722} INFO - Setting next_dagrun for latest_only to 2023-11-02T20:12:29.436859+00:00, run_after=2023-11-03T00:12:29.436859+00:00
[2023-11-03T00:12:29.471+0000] {processor.py:179} INFO - Processing /home/airflow/.local/lib/python3.8/site-packages/airflow/example_dags/example_latest_only.py took 0.287 seconds
[2023-11-03T00:12:59.620+0000] {processor.py:157} INFO - Started process (PID=2616) to work on /home/airflow/.local/lib/python3.8/site-packages/airflow/example_dags/example_latest_only.py
[2023-11-03T00:12:59.623+0000] {processor.py:829} INFO - Processing file /home/airflow/.local/lib/python3.8/site-packages/airflow/example_dags/example_latest_only.py for tasks to queue
[2023-11-03T00:12:59.626+0000] {logging_mixin.py:151} INFO - [2023-11-03T00:12:59.626+0000] {dagbag.py:536} INFO - Filling up the DagBag from /home/airflow/.local/lib/python3.8/site-packages/airflow/example_dags/example_latest_only.py
[2023-11-03T00:12:59.631+0000] {processor.py:839} INFO - DAG(s) dict_keys(['latest_only']) retrieved from /home/airflow/.local/lib/python3.8/site-packages/airflow/example_dags/example_latest_only.py
[2023-11-03T00:12:59.662+0000] {logging_mixin.py:151} INFO - [2023-11-03T00:12:59.661+0000] {dag.py:2941} INFO - Sync 1 DAGs
[2023-11-03T00:12:59.694+0000] {logging_mixin.py:151} INFO - [2023-11-03T00:12:59.693+0000] {dag.py:3722} INFO - Setting next_dagrun for latest_only to 2023-11-02T20:12:59.693220+00:00, run_after=2023-11-03T00:12:59.693220+00:00
[2023-11-03T00:12:59.922+0000] {processor.py:179} INFO - Processing /home/airflow/.local/lib/python3.8/site-packages/airflow/example_dags/example_latest_only.py took 0.305 seconds
[2023-11-03T00:13:30.751+0000] {processor.py:157} INFO - Started process (PID=2670) to work on /home/airflow/.local/lib/python3.8/site-packages/airflow/example_dags/example_latest_only.py
[2023-11-03T00:13:30.751+0000] {processor.py:829} INFO - Processing file /home/airflow/.local/lib/python3.8/site-packages/airflow/example_dags/example_latest_only.py for tasks to queue
[2023-11-03T00:13:30.755+0000] {logging_mixin.py:151} INFO - [2023-11-03T00:13:30.754+0000] {dagbag.py:536} INFO - Filling up the DagBag from /home/airflow/.local/lib/python3.8/site-packages/airflow/example_dags/example_latest_only.py
[2023-11-03T00:13:30.978+0000] {processor.py:839} INFO - DAG(s) dict_keys(['latest_only']) retrieved from /home/airflow/.local/lib/python3.8/site-packages/airflow/example_dags/example_latest_only.py
[2023-11-03T00:13:31.011+0000] {logging_mixin.py:151} INFO - [2023-11-03T00:13:31.011+0000] {dag.py:2941} INFO - Sync 1 DAGs
[2023-11-03T00:13:31.045+0000] {logging_mixin.py:151} INFO - [2023-11-03T00:13:31.045+0000] {dag.py:3722} INFO - Setting next_dagrun for latest_only to 2023-11-02T20:13:31.045328+00:00, run_after=2023-11-03T00:13:31.045328+00:00
[2023-11-03T00:13:31.081+0000] {processor.py:179} INFO - Processing /home/airflow/.local/lib/python3.8/site-packages/airflow/example_dags/example_latest_only.py took 0.335 seconds
[2023-11-03T00:14:01.372+0000] {processor.py:157} INFO - Started process (PID=2724) to work on /home/airflow/.local/lib/python3.8/site-packages/airflow/example_dags/example_latest_only.py
[2023-11-03T00:14:01.373+0000] {processor.py:829} INFO - Processing file /home/airflow/.local/lib/python3.8/site-packages/airflow/example_dags/example_latest_only.py for tasks to queue
[2023-11-03T00:14:01.375+0000] {logging_mixin.py:151} INFO - [2023-11-03T00:14:01.375+0000] {dagbag.py:536} INFO - Filling up the DagBag from /home/airflow/.local/lib/python3.8/site-packages/airflow/example_dags/example_latest_only.py
[2023-11-03T00:14:01.381+0000] {processor.py:839} INFO - DAG(s) dict_keys(['latest_only']) retrieved from /home/airflow/.local/lib/python3.8/site-packages/airflow/example_dags/example_latest_only.py
[2023-11-03T00:14:01.409+0000] {logging_mixin.py:151} INFO - [2023-11-03T00:14:01.408+0000] {dag.py:2941} INFO - Sync 1 DAGs
[2023-11-03T00:14:01.440+0000] {logging_mixin.py:151} INFO - [2023-11-03T00:14:01.439+0000] {dag.py:3722} INFO - Setting next_dagrun for latest_only to 2023-11-02T20:14:01.439337+00:00, run_after=2023-11-03T00:14:01.439337+00:00
[2023-11-03T00:14:01.466+0000] {processor.py:179} INFO - Processing /home/airflow/.local/lib/python3.8/site-packages/airflow/example_dags/example_latest_only.py took 0.099 seconds
[2023-11-03T00:14:32.372+0000] {processor.py:157} INFO - Started process (PID=2778) to work on /home/airflow/.local/lib/python3.8/site-packages/airflow/example_dags/example_latest_only.py
[2023-11-03T00:14:32.373+0000] {processor.py:829} INFO - Processing file /home/airflow/.local/lib/python3.8/site-packages/airflow/example_dags/example_latest_only.py for tasks to queue
[2023-11-03T00:14:32.375+0000] {logging_mixin.py:151} INFO - [2023-11-03T00:14:32.375+0000] {dagbag.py:536} INFO - Filling up the DagBag from /home/airflow/.local/lib/python3.8/site-packages/airflow/example_dags/example_latest_only.py
[2023-11-03T00:14:32.380+0000] {processor.py:839} INFO - DAG(s) dict_keys(['latest_only']) retrieved from /home/airflow/.local/lib/python3.8/site-packages/airflow/example_dags/example_latest_only.py
[2023-11-03T00:14:32.429+0000] {logging_mixin.py:151} INFO - [2023-11-03T00:14:32.429+0000] {dag.py:2941} INFO - Sync 1 DAGs
[2023-11-03T00:14:32.455+0000] {logging_mixin.py:151} INFO - [2023-11-03T00:14:32.454+0000] {dag.py:3722} INFO - Setting next_dagrun for latest_only to 2023-11-02T20:14:32.453972+00:00, run_after=2023-11-03T00:14:32.453972+00:00
[2023-11-03T00:14:32.488+0000] {processor.py:179} INFO - Processing /home/airflow/.local/lib/python3.8/site-packages/airflow/example_dags/example_latest_only.py took 0.119 seconds
[2023-11-03T00:15:02.902+0000] {processor.py:157} INFO - Started process (PID=2832) to work on /home/airflow/.local/lib/python3.8/site-packages/airflow/example_dags/example_latest_only.py
[2023-11-03T00:15:02.904+0000] {processor.py:829} INFO - Processing file /home/airflow/.local/lib/python3.8/site-packages/airflow/example_dags/example_latest_only.py for tasks to queue
[2023-11-03T00:15:02.906+0000] {logging_mixin.py:151} INFO - [2023-11-03T00:15:02.906+0000] {dagbag.py:536} INFO - Filling up the DagBag from /home/airflow/.local/lib/python3.8/site-packages/airflow/example_dags/example_latest_only.py
[2023-11-03T00:15:02.912+0000] {processor.py:839} INFO - DAG(s) dict_keys(['latest_only']) retrieved from /home/airflow/.local/lib/python3.8/site-packages/airflow/example_dags/example_latest_only.py
[2023-11-03T00:15:02.941+0000] {logging_mixin.py:151} INFO - [2023-11-03T00:15:02.941+0000] {dag.py:2941} INFO - Sync 1 DAGs
[2023-11-03T00:15:02.970+0000] {logging_mixin.py:151} INFO - [2023-11-03T00:15:02.970+0000] {dag.py:3722} INFO - Setting next_dagrun for latest_only to 2023-11-02T20:15:02.970086+00:00, run_after=2023-11-03T00:15:02.970086+00:00
[2023-11-03T00:15:02.997+0000] {processor.py:179} INFO - Processing /home/airflow/.local/lib/python3.8/site-packages/airflow/example_dags/example_latest_only.py took 0.099 seconds
[2023-11-03T00:15:33.207+0000] {processor.py:157} INFO - Started process (PID=2886) to work on /home/airflow/.local/lib/python3.8/site-packages/airflow/example_dags/example_latest_only.py
[2023-11-03T00:15:33.210+0000] {processor.py:829} INFO - Processing file /home/airflow/.local/lib/python3.8/site-packages/airflow/example_dags/example_latest_only.py for tasks to queue
[2023-11-03T00:15:33.213+0000] {logging_mixin.py:151} INFO - [2023-11-03T00:15:33.212+0000] {dagbag.py:536} INFO - Filling up the DagBag from /home/airflow/.local/lib/python3.8/site-packages/airflow/example_dags/example_latest_only.py
[2023-11-03T00:15:33.218+0000] {processor.py:839} INFO - DAG(s) dict_keys(['latest_only']) retrieved from /home/airflow/.local/lib/python3.8/site-packages/airflow/example_dags/example_latest_only.py
[2023-11-03T00:15:33.254+0000] {logging_mixin.py:151} INFO - [2023-11-03T00:15:33.254+0000] {dag.py:2941} INFO - Sync 1 DAGs
[2023-11-03T00:15:33.288+0000] {logging_mixin.py:151} INFO - [2023-11-03T00:15:33.288+0000] {dag.py:3722} INFO - Setting next_dagrun for latest_only to 2023-11-02T20:15:33.288034+00:00, run_after=2023-11-03T00:15:33.288034+00:00
[2023-11-03T00:15:33.322+0000] {processor.py:179} INFO - Processing /home/airflow/.local/lib/python3.8/site-packages/airflow/example_dags/example_latest_only.py took 0.120 seconds
[2023-11-03T00:16:03.452+0000] {processor.py:157} INFO - Started process (PID=2940) to work on /home/airflow/.local/lib/python3.8/site-packages/airflow/example_dags/example_latest_only.py
[2023-11-03T00:16:03.453+0000] {processor.py:829} INFO - Processing file /home/airflow/.local/lib/python3.8/site-packages/airflow/example_dags/example_latest_only.py for tasks to queue
[2023-11-03T00:16:03.455+0000] {logging_mixin.py:151} INFO - [2023-11-03T00:16:03.455+0000] {dagbag.py:536} INFO - Filling up the DagBag from /home/airflow/.local/lib/python3.8/site-packages/airflow/example_dags/example_latest_only.py
[2023-11-03T00:16:03.460+0000] {processor.py:839} INFO - DAG(s) dict_keys(['latest_only']) retrieved from /home/airflow/.local/lib/python3.8/site-packages/airflow/example_dags/example_latest_only.py
[2023-11-03T00:16:03.486+0000] {logging_mixin.py:151} INFO - [2023-11-03T00:16:03.486+0000] {dag.py:2941} INFO - Sync 1 DAGs
[2023-11-03T00:16:03.512+0000] {logging_mixin.py:151} INFO - [2023-11-03T00:16:03.512+0000] {dag.py:3722} INFO - Setting next_dagrun for latest_only to 2023-11-02T20:16:03.512102+00:00, run_after=2023-11-03T00:16:03.512102+00:00
[2023-11-03T00:16:03.536+0000] {processor.py:179} INFO - Processing /home/airflow/.local/lib/python3.8/site-packages/airflow/example_dags/example_latest_only.py took 0.087 seconds
[2023-11-03T00:16:33.642+0000] {processor.py:157} INFO - Started process (PID=2994) to work on /home/airflow/.local/lib/python3.8/site-packages/airflow/example_dags/example_latest_only.py
[2023-11-03T00:16:33.643+0000] {processor.py:829} INFO - Processing file /home/airflow/.local/lib/python3.8/site-packages/airflow/example_dags/example_latest_only.py for tasks to queue
[2023-11-03T00:16:33.645+0000] {logging_mixin.py:151} INFO - [2023-11-03T00:16:33.644+0000] {dagbag.py:536} INFO - Filling up the DagBag from /home/airflow/.local/lib/python3.8/site-packages/airflow/example_dags/example_latest_only.py
[2023-11-03T00:16:33.652+0000] {processor.py:839} INFO - DAG(s) dict_keys(['latest_only']) retrieved from /home/airflow/.local/lib/python3.8/site-packages/airflow/example_dags/example_latest_only.py
[2023-11-03T00:16:33.689+0000] {logging_mixin.py:151} INFO - [2023-11-03T00:16:33.688+0000] {dag.py:2941} INFO - Sync 1 DAGs
[2023-11-03T00:16:33.715+0000] {logging_mixin.py:151} INFO - [2023-11-03T00:16:33.715+0000] {dag.py:3722} INFO - Setting next_dagrun for latest_only to 2023-11-02T20:16:33.715046+00:00, run_after=2023-11-03T00:16:33.715046+00:00
[2023-11-03T00:16:33.745+0000] {processor.py:179} INFO - Processing /home/airflow/.local/lib/python3.8/site-packages/airflow/example_dags/example_latest_only.py took 0.107 seconds
[2023-11-03T00:17:04.714+0000] {processor.py:157} INFO - Started process (PID=3048) to work on /home/airflow/.local/lib/python3.8/site-packages/airflow/example_dags/example_latest_only.py
[2023-11-03T00:17:04.716+0000] {processor.py:829} INFO - Processing file /home/airflow/.local/lib/python3.8/site-packages/airflow/example_dags/example_latest_only.py for tasks to queue
[2023-11-03T00:17:04.718+0000] {logging_mixin.py:151} INFO - [2023-11-03T00:17:04.718+0000] {dagbag.py:536} INFO - Filling up the DagBag from /home/airflow/.local/lib/python3.8/site-packages/airflow/example_dags/example_latest_only.py
[2023-11-03T00:17:04.724+0000] {processor.py:839} INFO - DAG(s) dict_keys(['latest_only']) retrieved from /home/airflow/.local/lib/python3.8/site-packages/airflow/example_dags/example_latest_only.py
[2023-11-03T00:17:04.758+0000] {logging_mixin.py:151} INFO - [2023-11-03T00:17:04.757+0000] {dag.py:2941} INFO - Sync 1 DAGs
[2023-11-03T00:17:04.785+0000] {logging_mixin.py:151} INFO - [2023-11-03T00:17:04.784+0000] {dag.py:3722} INFO - Setting next_dagrun for latest_only to 2023-11-02T20:17:04.784646+00:00, run_after=2023-11-03T00:17:04.784646+00:00
[2023-11-03T00:17:04.819+0000] {processor.py:179} INFO - Processing /home/airflow/.local/lib/python3.8/site-packages/airflow/example_dags/example_latest_only.py took 0.109 seconds
[2023-11-03T00:17:34.909+0000] {processor.py:157} INFO - Started process (PID=3102) to work on /home/airflow/.local/lib/python3.8/site-packages/airflow/example_dags/example_latest_only.py
[2023-11-03T00:17:34.910+0000] {processor.py:829} INFO - Processing file /home/airflow/.local/lib/python3.8/site-packages/airflow/example_dags/example_latest_only.py for tasks to queue
[2023-11-03T00:17:34.912+0000] {logging_mixin.py:151} INFO - [2023-11-03T00:17:34.912+0000] {dagbag.py:536} INFO - Filling up the DagBag from /home/airflow/.local/lib/python3.8/site-packages/airflow/example_dags/example_latest_only.py
[2023-11-03T00:17:34.918+0000] {processor.py:839} INFO - DAG(s) dict_keys(['latest_only']) retrieved from /home/airflow/.local/lib/python3.8/site-packages/airflow/example_dags/example_latest_only.py
[2023-11-03T00:17:34.945+0000] {logging_mixin.py:151} INFO - [2023-11-03T00:17:34.945+0000] {dag.py:2941} INFO - Sync 1 DAGs
[2023-11-03T00:17:34.974+0000] {logging_mixin.py:151} INFO - [2023-11-03T00:17:34.974+0000] {dag.py:3722} INFO - Setting next_dagrun for latest_only to 2023-11-02T20:17:34.973669+00:00, run_after=2023-11-03T00:17:34.973669+00:00
[2023-11-03T00:17:35.005+0000] {processor.py:179} INFO - Processing /home/airflow/.local/lib/python3.8/site-packages/airflow/example_dags/example_latest_only.py took 0.098 seconds
[2023-11-03T00:18:05.231+0000] {processor.py:157} INFO - Started process (PID=3156) to work on /home/airflow/.local/lib/python3.8/site-packages/airflow/example_dags/example_latest_only.py
[2023-11-03T00:18:05.233+0000] {processor.py:829} INFO - Processing file /home/airflow/.local/lib/python3.8/site-packages/airflow/example_dags/example_latest_only.py for tasks to queue
[2023-11-03T00:18:05.235+0000] {logging_mixin.py:151} INFO - [2023-11-03T00:18:05.234+0000] {dagbag.py:536} INFO - Filling up the DagBag from /home/airflow/.local/lib/python3.8/site-packages/airflow/example_dags/example_latest_only.py
[2023-11-03T00:18:05.240+0000] {processor.py:839} INFO - DAG(s) dict_keys(['latest_only']) retrieved from /home/airflow/.local/lib/python3.8/site-packages/airflow/example_dags/example_latest_only.py
[2023-11-03T00:18:05.266+0000] {logging_mixin.py:151} INFO - [2023-11-03T00:18:05.266+0000] {dag.py:2941} INFO - Sync 1 DAGs
[2023-11-03T00:18:05.296+0000] {logging_mixin.py:151} INFO - [2023-11-03T00:18:05.296+0000] {dag.py:3722} INFO - Setting next_dagrun for latest_only to 2023-11-02T20:18:05.295806+00:00, run_after=2023-11-03T00:18:05.295806+00:00
[2023-11-03T00:18:05.323+0000] {processor.py:179} INFO - Processing /home/airflow/.local/lib/python3.8/site-packages/airflow/example_dags/example_latest_only.py took 0.095 seconds
[2023-11-03T00:18:35.426+0000] {processor.py:157} INFO - Started process (PID=3210) to work on /home/airflow/.local/lib/python3.8/site-packages/airflow/example_dags/example_latest_only.py
[2023-11-03T00:18:35.427+0000] {processor.py:829} INFO - Processing file /home/airflow/.local/lib/python3.8/site-packages/airflow/example_dags/example_latest_only.py for tasks to queue
[2023-11-03T00:18:35.429+0000] {logging_mixin.py:151} INFO - [2023-11-03T00:18:35.429+0000] {dagbag.py:536} INFO - Filling up the DagBag from /home/airflow/.local/lib/python3.8/site-packages/airflow/example_dags/example_latest_only.py
[2023-11-03T00:18:35.435+0000] {processor.py:839} INFO - DAG(s) dict_keys(['latest_only']) retrieved from /home/airflow/.local/lib/python3.8/site-packages/airflow/example_dags/example_latest_only.py
[2023-11-03T00:18:35.462+0000] {logging_mixin.py:151} INFO - [2023-11-03T00:18:35.461+0000] {dag.py:2941} INFO - Sync 1 DAGs
[2023-11-03T00:18:35.490+0000] {logging_mixin.py:151} INFO - [2023-11-03T00:18:35.489+0000] {dag.py:3722} INFO - Setting next_dagrun for latest_only to 2023-11-02T20:18:35.489456+00:00, run_after=2023-11-03T00:18:35.489456+00:00
[2023-11-03T00:18:35.518+0000] {processor.py:179} INFO - Processing /home/airflow/.local/lib/python3.8/site-packages/airflow/example_dags/example_latest_only.py took 0.096 seconds
[2023-11-03T00:19:06.010+0000] {processor.py:157} INFO - Started process (PID=3264) to work on /home/airflow/.local/lib/python3.8/site-packages/airflow/example_dags/example_latest_only.py
[2023-11-03T00:19:06.011+0000] {processor.py:829} INFO - Processing file /home/airflow/.local/lib/python3.8/site-packages/airflow/example_dags/example_latest_only.py for tasks to queue
[2023-11-03T00:19:06.013+0000] {logging_mixin.py:151} INFO - [2023-11-03T00:19:06.013+0000] {dagbag.py:536} INFO - Filling up the DagBag from /home/airflow/.local/lib/python3.8/site-packages/airflow/example_dags/example_latest_only.py
[2023-11-03T00:19:06.019+0000] {processor.py:839} INFO - DAG(s) dict_keys(['latest_only']) retrieved from /home/airflow/.local/lib/python3.8/site-packages/airflow/example_dags/example_latest_only.py
[2023-11-03T00:19:06.046+0000] {logging_mixin.py:151} INFO - [2023-11-03T00:19:06.046+0000] {dag.py:2941} INFO - Sync 1 DAGs
[2023-11-03T00:19:06.073+0000] {logging_mixin.py:151} INFO - [2023-11-03T00:19:06.072+0000] {dag.py:3722} INFO - Setting next_dagrun for latest_only to 2023-11-02T20:19:06.072637+00:00, run_after=2023-11-03T00:19:06.072637+00:00
[2023-11-03T00:19:06.102+0000] {processor.py:179} INFO - Processing /home/airflow/.local/lib/python3.8/site-packages/airflow/example_dags/example_latest_only.py took 0.096 seconds
[2023-11-03T00:19:36.404+0000] {processor.py:157} INFO - Started process (PID=3318) to work on /home/airflow/.local/lib/python3.8/site-packages/airflow/example_dags/example_latest_only.py
[2023-11-03T00:19:36.404+0000] {processor.py:829} INFO - Processing file /home/airflow/.local/lib/python3.8/site-packages/airflow/example_dags/example_latest_only.py for tasks to queue
[2023-11-03T00:19:36.407+0000] {logging_mixin.py:151} INFO - [2023-11-03T00:19:36.406+0000] {dagbag.py:536} INFO - Filling up the DagBag from /home/airflow/.local/lib/python3.8/site-packages/airflow/example_dags/example_latest_only.py
[2023-11-03T00:19:36.412+0000] {processor.py:839} INFO - DAG(s) dict_keys(['latest_only']) retrieved from /home/airflow/.local/lib/python3.8/site-packages/airflow/example_dags/example_latest_only.py
[2023-11-03T00:19:36.441+0000] {logging_mixin.py:151} INFO - [2023-11-03T00:19:36.440+0000] {dag.py:2941} INFO - Sync 1 DAGs
[2023-11-03T00:19:36.469+0000] {logging_mixin.py:151} INFO - [2023-11-03T00:19:36.469+0000] {dag.py:3722} INFO - Setting next_dagrun for latest_only to 2023-11-02T20:19:36.469266+00:00, run_after=2023-11-03T00:19:36.469266+00:00
[2023-11-03T00:19:36.494+0000] {processor.py:179} INFO - Processing /home/airflow/.local/lib/python3.8/site-packages/airflow/example_dags/example_latest_only.py took 0.094 seconds
[2023-11-03T00:20:06.596+0000] {processor.py:157} INFO - Started process (PID=3372) to work on /home/airflow/.local/lib/python3.8/site-packages/airflow/example_dags/example_latest_only.py
[2023-11-03T00:20:06.598+0000] {processor.py:829} INFO - Processing file /home/airflow/.local/lib/python3.8/site-packages/airflow/example_dags/example_latest_only.py for tasks to queue
[2023-11-03T00:20:06.600+0000] {logging_mixin.py:151} INFO - [2023-11-03T00:20:06.600+0000] {dagbag.py:536} INFO - Filling up the DagBag from /home/airflow/.local/lib/python3.8/site-packages/airflow/example_dags/example_latest_only.py
[2023-11-03T00:20:06.606+0000] {processor.py:839} INFO - DAG(s) dict_keys(['latest_only']) retrieved from /home/airflow/.local/lib/python3.8/site-packages/airflow/example_dags/example_latest_only.py
[2023-11-03T00:20:06.633+0000] {logging_mixin.py:151} INFO - [2023-11-03T00:20:06.632+0000] {dag.py:2941} INFO - Sync 1 DAGs
[2023-11-03T00:20:06.659+0000] {logging_mixin.py:151} INFO - [2023-11-03T00:20:06.658+0000] {dag.py:3722} INFO - Setting next_dagrun for latest_only to 2023-11-02T20:20:06.658679+00:00, run_after=2023-11-03T00:20:06.658679+00:00
[2023-11-03T00:20:06.688+0000] {processor.py:179} INFO - Processing /home/airflow/.local/lib/python3.8/site-packages/airflow/example_dags/example_latest_only.py took 0.095 seconds
[2023-11-03T00:20:36.968+0000] {processor.py:157} INFO - Started process (PID=3426) to work on /home/airflow/.local/lib/python3.8/site-packages/airflow/example_dags/example_latest_only.py
[2023-11-03T00:20:36.969+0000] {processor.py:829} INFO - Processing file /home/airflow/.local/lib/python3.8/site-packages/airflow/example_dags/example_latest_only.py for tasks to queue
[2023-11-03T00:20:36.971+0000] {logging_mixin.py:151} INFO - [2023-11-03T00:20:36.971+0000] {dagbag.py:536} INFO - Filling up the DagBag from /home/airflow/.local/lib/python3.8/site-packages/airflow/example_dags/example_latest_only.py
[2023-11-03T00:20:36.977+0000] {processor.py:839} INFO - DAG(s) dict_keys(['latest_only']) retrieved from /home/airflow/.local/lib/python3.8/site-packages/airflow/example_dags/example_latest_only.py
[2023-11-03T00:20:37.007+0000] {logging_mixin.py:151} INFO - [2023-11-03T00:20:37.007+0000] {dag.py:2941} INFO - Sync 1 DAGs
[2023-11-03T00:20:37.034+0000] {logging_mixin.py:151} INFO - [2023-11-03T00:20:37.034+0000] {dag.py:3722} INFO - Setting next_dagrun for latest_only to 2023-11-02T20:20:37.034327+00:00, run_after=2023-11-03T00:20:37.034327+00:00
[2023-11-03T00:20:37.059+0000] {processor.py:179} INFO - Processing /home/airflow/.local/lib/python3.8/site-packages/airflow/example_dags/example_latest_only.py took 0.095 seconds
[2023-11-03T00:21:07.271+0000] {processor.py:157} INFO - Started process (PID=3481) to work on /home/airflow/.local/lib/python3.8/site-packages/airflow/example_dags/example_latest_only.py
[2023-11-03T00:21:07.272+0000] {processor.py:829} INFO - Processing file /home/airflow/.local/lib/python3.8/site-packages/airflow/example_dags/example_latest_only.py for tasks to queue
[2023-11-03T00:21:07.275+0000] {logging_mixin.py:151} INFO - [2023-11-03T00:21:07.274+0000] {dagbag.py:536} INFO - Filling up the DagBag from /home/airflow/.local/lib/python3.8/site-packages/airflow/example_dags/example_latest_only.py
[2023-11-03T00:21:07.281+0000] {processor.py:839} INFO - DAG(s) dict_keys(['latest_only']) retrieved from /home/airflow/.local/lib/python3.8/site-packages/airflow/example_dags/example_latest_only.py
[2023-11-03T00:21:07.307+0000] {logging_mixin.py:151} INFO - [2023-11-03T00:21:07.307+0000] {dag.py:2941} INFO - Sync 1 DAGs
[2023-11-03T00:21:07.335+0000] {logging_mixin.py:151} INFO - [2023-11-03T00:21:07.334+0000] {dag.py:3722} INFO - Setting next_dagrun for latest_only to 2023-11-02T20:21:07.334779+00:00, run_after=2023-11-03T00:21:07.334779+00:00
[2023-11-03T00:21:07.372+0000] {processor.py:179} INFO - Processing /home/airflow/.local/lib/python3.8/site-packages/airflow/example_dags/example_latest_only.py took 0.104 seconds
[2023-11-03T00:21:37.534+0000] {processor.py:157} INFO - Started process (PID=3535) to work on /home/airflow/.local/lib/python3.8/site-packages/airflow/example_dags/example_latest_only.py
[2023-11-03T00:21:37.535+0000] {processor.py:829} INFO - Processing file /home/airflow/.local/lib/python3.8/site-packages/airflow/example_dags/example_latest_only.py for tasks to queue
[2023-11-03T00:21:37.537+0000] {logging_mixin.py:151} INFO - [2023-11-03T00:21:37.537+0000] {dagbag.py:536} INFO - Filling up the DagBag from /home/airflow/.local/lib/python3.8/site-packages/airflow/example_dags/example_latest_only.py
[2023-11-03T00:21:37.543+0000] {processor.py:839} INFO - DAG(s) dict_keys(['latest_only']) retrieved from /home/airflow/.local/lib/python3.8/site-packages/airflow/example_dags/example_latest_only.py
[2023-11-03T00:21:37.568+0000] {logging_mixin.py:151} INFO - [2023-11-03T00:21:37.568+0000] {dag.py:2941} INFO - Sync 1 DAGs
[2023-11-03T00:21:37.591+0000] {logging_mixin.py:151} INFO - [2023-11-03T00:21:37.591+0000] {dag.py:3722} INFO - Setting next_dagrun for latest_only to 2023-11-02T20:21:37.591040+00:00, run_after=2023-11-03T00:21:37.591040+00:00
[2023-11-03T00:21:37.617+0000] {processor.py:179} INFO - Processing /home/airflow/.local/lib/python3.8/site-packages/airflow/example_dags/example_latest_only.py took 0.087 seconds
[2023-11-03T00:22:07.927+0000] {processor.py:157} INFO - Started process (PID=3588) to work on /home/airflow/.local/lib/python3.8/site-packages/airflow/example_dags/example_latest_only.py
[2023-11-03T00:22:07.929+0000] {processor.py:829} INFO - Processing file /home/airflow/.local/lib/python3.8/site-packages/airflow/example_dags/example_latest_only.py for tasks to queue
[2023-11-03T00:22:07.931+0000] {logging_mixin.py:151} INFO - [2023-11-03T00:22:07.931+0000] {dagbag.py:536} INFO - Filling up the DagBag from /home/airflow/.local/lib/python3.8/site-packages/airflow/example_dags/example_latest_only.py
[2023-11-03T00:22:07.936+0000] {processor.py:839} INFO - DAG(s) dict_keys(['latest_only']) retrieved from /home/airflow/.local/lib/python3.8/site-packages/airflow/example_dags/example_latest_only.py
[2023-11-03T00:22:07.960+0000] {logging_mixin.py:151} INFO - [2023-11-03T00:22:07.959+0000] {dag.py:2941} INFO - Sync 1 DAGs
[2023-11-03T00:22:07.994+0000] {logging_mixin.py:151} INFO - [2023-11-03T00:22:07.994+0000] {dag.py:3722} INFO - Setting next_dagrun for latest_only to 2023-11-02T20:22:07.993582+00:00, run_after=2023-11-03T00:22:07.993582+00:00
[2023-11-03T00:22:08.025+0000] {processor.py:179} INFO - Processing /home/airflow/.local/lib/python3.8/site-packages/airflow/example_dags/example_latest_only.py took 0.101 seconds
[2023-11-03T00:22:38.326+0000] {processor.py:157} INFO - Started process (PID=3642) to work on /home/airflow/.local/lib/python3.8/site-packages/airflow/example_dags/example_latest_only.py
[2023-11-03T00:22:38.328+0000] {processor.py:829} INFO - Processing file /home/airflow/.local/lib/python3.8/site-packages/airflow/example_dags/example_latest_only.py for tasks to queue
[2023-11-03T00:22:38.331+0000] {logging_mixin.py:151} INFO - [2023-11-03T00:22:38.330+0000] {dagbag.py:536} INFO - Filling up the DagBag from /home/airflow/.local/lib/python3.8/site-packages/airflow/example_dags/example_latest_only.py
[2023-11-03T00:22:38.339+0000] {processor.py:839} INFO - DAG(s) dict_keys(['latest_only']) retrieved from /home/airflow/.local/lib/python3.8/site-packages/airflow/example_dags/example_latest_only.py
[2023-11-03T00:22:38.388+0000] {logging_mixin.py:151} INFO - [2023-11-03T00:22:38.387+0000] {dag.py:2941} INFO - Sync 1 DAGs
[2023-11-03T00:22:38.450+0000] {logging_mixin.py:151} INFO - [2023-11-03T00:22:38.449+0000] {dag.py:3722} INFO - Setting next_dagrun for latest_only to 2023-11-02T20:22:38.448752+00:00, run_after=2023-11-03T00:22:38.448752+00:00
[2023-11-03T00:22:38.519+0000] {processor.py:179} INFO - Processing /home/airflow/.local/lib/python3.8/site-packages/airflow/example_dags/example_latest_only.py took 0.198 seconds
[2023-11-03T00:23:08.776+0000] {processor.py:157} INFO - Started process (PID=3696) to work on /home/airflow/.local/lib/python3.8/site-packages/airflow/example_dags/example_latest_only.py
[2023-11-03T00:23:08.777+0000] {processor.py:829} INFO - Processing file /home/airflow/.local/lib/python3.8/site-packages/airflow/example_dags/example_latest_only.py for tasks to queue
[2023-11-03T00:23:08.780+0000] {logging_mixin.py:151} INFO - [2023-11-03T00:23:08.780+0000] {dagbag.py:536} INFO - Filling up the DagBag from /home/airflow/.local/lib/python3.8/site-packages/airflow/example_dags/example_latest_only.py
[2023-11-03T00:23:08.789+0000] {processor.py:839} INFO - DAG(s) dict_keys(['latest_only']) retrieved from /home/airflow/.local/lib/python3.8/site-packages/airflow/example_dags/example_latest_only.py
[2023-11-03T00:23:08.824+0000] {logging_mixin.py:151} INFO - [2023-11-03T00:23:08.823+0000] {dag.py:2941} INFO - Sync 1 DAGs
[2023-11-03T00:23:08.855+0000] {logging_mixin.py:151} INFO - [2023-11-03T00:23:08.854+0000] {dag.py:3722} INFO - Setting next_dagrun for latest_only to 2023-11-02T20:23:08.854752+00:00, run_after=2023-11-03T00:23:08.854752+00:00
[2023-11-03T00:23:08.892+0000] {processor.py:179} INFO - Processing /home/airflow/.local/lib/python3.8/site-packages/airflow/example_dags/example_latest_only.py took 0.120 seconds
[2023-11-03T00:23:39.316+0000] {processor.py:157} INFO - Started process (PID=3750) to work on /home/airflow/.local/lib/python3.8/site-packages/airflow/example_dags/example_latest_only.py
[2023-11-03T00:23:39.317+0000] {processor.py:829} INFO - Processing file /home/airflow/.local/lib/python3.8/site-packages/airflow/example_dags/example_latest_only.py for tasks to queue
[2023-11-03T00:23:39.319+0000] {logging_mixin.py:151} INFO - [2023-11-03T00:23:39.319+0000] {dagbag.py:536} INFO - Filling up the DagBag from /home/airflow/.local/lib/python3.8/site-packages/airflow/example_dags/example_latest_only.py
[2023-11-03T00:23:39.324+0000] {processor.py:839} INFO - DAG(s) dict_keys(['latest_only']) retrieved from /home/airflow/.local/lib/python3.8/site-packages/airflow/example_dags/example_latest_only.py
[2023-11-03T00:23:39.351+0000] {logging_mixin.py:151} INFO - [2023-11-03T00:23:39.351+0000] {dag.py:2941} INFO - Sync 1 DAGs
[2023-11-03T00:23:39.378+0000] {logging_mixin.py:151} INFO - [2023-11-03T00:23:39.378+0000] {dag.py:3722} INFO - Setting next_dagrun for latest_only to 2023-11-02T20:23:39.378149+00:00, run_after=2023-11-03T00:23:39.378149+00:00
[2023-11-03T00:23:39.414+0000] {processor.py:179} INFO - Processing /home/airflow/.local/lib/python3.8/site-packages/airflow/example_dags/example_latest_only.py took 0.102 seconds
[2023-11-03T00:24:09.486+0000] {processor.py:157} INFO - Started process (PID=3804) to work on /home/airflow/.local/lib/python3.8/site-packages/airflow/example_dags/example_latest_only.py
[2023-11-03T00:24:09.488+0000] {processor.py:829} INFO - Processing file /home/airflow/.local/lib/python3.8/site-packages/airflow/example_dags/example_latest_only.py for tasks to queue
[2023-11-03T00:24:09.491+0000] {logging_mixin.py:151} INFO - [2023-11-03T00:24:09.491+0000] {dagbag.py:536} INFO - Filling up the DagBag from /home/airflow/.local/lib/python3.8/site-packages/airflow/example_dags/example_latest_only.py
[2023-11-03T00:24:09.497+0000] {processor.py:839} INFO - DAG(s) dict_keys(['latest_only']) retrieved from /home/airflow/.local/lib/python3.8/site-packages/airflow/example_dags/example_latest_only.py
[2023-11-03T00:24:09.521+0000] {logging_mixin.py:151} INFO - [2023-11-03T00:24:09.521+0000] {dag.py:2941} INFO - Sync 1 DAGs
[2023-11-03T00:24:09.547+0000] {logging_mixin.py:151} INFO - [2023-11-03T00:24:09.547+0000] {dag.py:3722} INFO - Setting next_dagrun for latest_only to 2023-11-02T20:24:09.547127+00:00, run_after=2023-11-03T00:24:09.547127+00:00
[2023-11-03T00:24:09.576+0000] {processor.py:179} INFO - Processing /home/airflow/.local/lib/python3.8/site-packages/airflow/example_dags/example_latest_only.py took 0.093 seconds
[2023-11-03T00:24:39.793+0000] {processor.py:157} INFO - Started process (PID=3859) to work on /home/airflow/.local/lib/python3.8/site-packages/airflow/example_dags/example_latest_only.py
[2023-11-03T00:24:39.794+0000] {processor.py:829} INFO - Processing file /home/airflow/.local/lib/python3.8/site-packages/airflow/example_dags/example_latest_only.py for tasks to queue
[2023-11-03T00:24:39.797+0000] {logging_mixin.py:151} INFO - [2023-11-03T00:24:39.796+0000] {dagbag.py:536} INFO - Filling up the DagBag from /home/airflow/.local/lib/python3.8/site-packages/airflow/example_dags/example_latest_only.py
[2023-11-03T00:24:39.802+0000] {processor.py:839} INFO - DAG(s) dict_keys(['latest_only']) retrieved from /home/airflow/.local/lib/python3.8/site-packages/airflow/example_dags/example_latest_only.py
[2023-11-03T00:24:39.831+0000] {logging_mixin.py:151} INFO - [2023-11-03T00:24:39.831+0000] {dag.py:2941} INFO - Sync 1 DAGs
[2023-11-03T00:24:39.859+0000] {logging_mixin.py:151} INFO - [2023-11-03T00:24:39.859+0000] {dag.py:3722} INFO - Setting next_dagrun for latest_only to 2023-11-02T20:24:39.858905+00:00, run_after=2023-11-03T00:24:39.858905+00:00
[2023-11-03T00:24:39.884+0000] {processor.py:179} INFO - Processing /home/airflow/.local/lib/python3.8/site-packages/airflow/example_dags/example_latest_only.py took 0.095 seconds
[2023-11-03T00:25:09.957+0000] {processor.py:157} INFO - Started process (PID=3912) to work on /home/airflow/.local/lib/python3.8/site-packages/airflow/example_dags/example_latest_only.py
[2023-11-03T00:25:09.959+0000] {processor.py:829} INFO - Processing file /home/airflow/.local/lib/python3.8/site-packages/airflow/example_dags/example_latest_only.py for tasks to queue
[2023-11-03T00:25:09.961+0000] {logging_mixin.py:151} INFO - [2023-11-03T00:25:09.961+0000] {dagbag.py:536} INFO - Filling up the DagBag from /home/airflow/.local/lib/python3.8/site-packages/airflow/example_dags/example_latest_only.py
[2023-11-03T00:25:09.967+0000] {processor.py:839} INFO - DAG(s) dict_keys(['latest_only']) retrieved from /home/airflow/.local/lib/python3.8/site-packages/airflow/example_dags/example_latest_only.py
[2023-11-03T00:25:09.994+0000] {logging_mixin.py:151} INFO - [2023-11-03T00:25:09.994+0000] {dag.py:2941} INFO - Sync 1 DAGs
[2023-11-03T00:25:10.019+0000] {logging_mixin.py:151} INFO - [2023-11-03T00:25:10.019+0000] {dag.py:3722} INFO - Setting next_dagrun for latest_only to 2023-11-02T20:25:10.019519+00:00, run_after=2023-11-03T00:25:10.019519+00:00
[2023-11-03T00:25:10.048+0000] {processor.py:179} INFO - Processing /home/airflow/.local/lib/python3.8/site-packages/airflow/example_dags/example_latest_only.py took 0.094 seconds
[2023-11-03T00:25:40.119+0000] {processor.py:157} INFO - Started process (PID=3966) to work on /home/airflow/.local/lib/python3.8/site-packages/airflow/example_dags/example_latest_only.py
[2023-11-03T00:25:40.121+0000] {processor.py:829} INFO - Processing file /home/airflow/.local/lib/python3.8/site-packages/airflow/example_dags/example_latest_only.py for tasks to queue
[2023-11-03T00:25:40.123+0000] {logging_mixin.py:151} INFO - [2023-11-03T00:25:40.123+0000] {dagbag.py:536} INFO - Filling up the DagBag from /home/airflow/.local/lib/python3.8/site-packages/airflow/example_dags/example_latest_only.py
[2023-11-03T00:25:40.129+0000] {processor.py:839} INFO - DAG(s) dict_keys(['latest_only']) retrieved from /home/airflow/.local/lib/python3.8/site-packages/airflow/example_dags/example_latest_only.py
[2023-11-03T00:25:40.160+0000] {logging_mixin.py:151} INFO - [2023-11-03T00:25:40.160+0000] {dag.py:2941} INFO - Sync 1 DAGs
[2023-11-03T00:25:40.190+0000] {logging_mixin.py:151} INFO - [2023-11-03T00:25:40.190+0000] {dag.py:3722} INFO - Setting next_dagrun for latest_only to 2023-11-02T20:25:40.190335+00:00, run_after=2023-11-03T00:25:40.190335+00:00
[2023-11-03T00:25:40.223+0000] {processor.py:179} INFO - Processing /home/airflow/.local/lib/python3.8/site-packages/airflow/example_dags/example_latest_only.py took 0.107 seconds
[2023-11-03T00:26:10.476+0000] {processor.py:157} INFO - Started process (PID=4020) to work on /home/airflow/.local/lib/python3.8/site-packages/airflow/example_dags/example_latest_only.py
[2023-11-03T00:26:10.478+0000] {processor.py:829} INFO - Processing file /home/airflow/.local/lib/python3.8/site-packages/airflow/example_dags/example_latest_only.py for tasks to queue
[2023-11-03T00:26:10.480+0000] {logging_mixin.py:151} INFO - [2023-11-03T00:26:10.480+0000] {dagbag.py:536} INFO - Filling up the DagBag from /home/airflow/.local/lib/python3.8/site-packages/airflow/example_dags/example_latest_only.py
[2023-11-03T00:26:10.486+0000] {processor.py:839} INFO - DAG(s) dict_keys(['latest_only']) retrieved from /home/airflow/.local/lib/python3.8/site-packages/airflow/example_dags/example_latest_only.py
[2023-11-03T00:26:10.514+0000] {logging_mixin.py:151} INFO - [2023-11-03T00:26:10.513+0000] {dag.py:2941} INFO - Sync 1 DAGs
[2023-11-03T00:26:10.541+0000] {logging_mixin.py:151} INFO - [2023-11-03T00:26:10.540+0000] {dag.py:3722} INFO - Setting next_dagrun for latest_only to 2023-11-02T20:26:10.540484+00:00, run_after=2023-11-03T00:26:10.540484+00:00
[2023-11-03T00:26:10.571+0000] {processor.py:179} INFO - Processing /home/airflow/.local/lib/python3.8/site-packages/airflow/example_dags/example_latest_only.py took 0.098 seconds
[2023-11-03T00:26:40.647+0000] {processor.py:157} INFO - Started process (PID=4074) to work on /home/airflow/.local/lib/python3.8/site-packages/airflow/example_dags/example_latest_only.py
[2023-11-03T00:26:40.648+0000] {processor.py:829} INFO - Processing file /home/airflow/.local/lib/python3.8/site-packages/airflow/example_dags/example_latest_only.py for tasks to queue
[2023-11-03T00:26:40.650+0000] {logging_mixin.py:151} INFO - [2023-11-03T00:26:40.650+0000] {dagbag.py:536} INFO - Filling up the DagBag from /home/airflow/.local/lib/python3.8/site-packages/airflow/example_dags/example_latest_only.py
[2023-11-03T00:26:40.655+0000] {processor.py:839} INFO - DAG(s) dict_keys(['latest_only']) retrieved from /home/airflow/.local/lib/python3.8/site-packages/airflow/example_dags/example_latest_only.py
[2023-11-03T00:26:40.684+0000] {logging_mixin.py:151} INFO - [2023-11-03T00:26:40.684+0000] {dag.py:2941} INFO - Sync 1 DAGs
[2023-11-03T00:26:40.718+0000] {logging_mixin.py:151} INFO - [2023-11-03T00:26:40.718+0000] {dag.py:3722} INFO - Setting next_dagrun for latest_only to 2023-11-02T20:26:40.717870+00:00, run_after=2023-11-03T00:26:40.717870+00:00
[2023-11-03T00:26:40.745+0000] {processor.py:179} INFO - Processing /home/airflow/.local/lib/python3.8/site-packages/airflow/example_dags/example_latest_only.py took 0.101 seconds
[2023-11-03T00:27:10.792+0000] {processor.py:157} INFO - Started process (PID=4128) to work on /home/airflow/.local/lib/python3.8/site-packages/airflow/example_dags/example_latest_only.py
[2023-11-03T00:27:10.794+0000] {processor.py:829} INFO - Processing file /home/airflow/.local/lib/python3.8/site-packages/airflow/example_dags/example_latest_only.py for tasks to queue
[2023-11-03T00:27:10.796+0000] {logging_mixin.py:151} INFO - [2023-11-03T00:27:10.796+0000] {dagbag.py:536} INFO - Filling up the DagBag from /home/airflow/.local/lib/python3.8/site-packages/airflow/example_dags/example_latest_only.py
[2023-11-03T00:27:10.802+0000] {processor.py:839} INFO - DAG(s) dict_keys(['latest_only']) retrieved from /home/airflow/.local/lib/python3.8/site-packages/airflow/example_dags/example_latest_only.py
[2023-11-03T00:27:10.828+0000] {logging_mixin.py:151} INFO - [2023-11-03T00:27:10.827+0000] {dag.py:2941} INFO - Sync 1 DAGs
[2023-11-03T00:27:10.859+0000] {logging_mixin.py:151} INFO - [2023-11-03T00:27:10.859+0000] {dag.py:3722} INFO - Setting next_dagrun for latest_only to 2023-11-02T20:27:10.859396+00:00, run_after=2023-11-03T00:27:10.859396+00:00
[2023-11-03T00:27:10.888+0000] {processor.py:179} INFO - Processing /home/airflow/.local/lib/python3.8/site-packages/airflow/example_dags/example_latest_only.py took 0.100 seconds
[2023-11-03T00:27:40.965+0000] {processor.py:157} INFO - Started process (PID=4181) to work on /home/airflow/.local/lib/python3.8/site-packages/airflow/example_dags/example_latest_only.py
[2023-11-03T00:27:40.967+0000] {processor.py:829} INFO - Processing file /home/airflow/.local/lib/python3.8/site-packages/airflow/example_dags/example_latest_only.py for tasks to queue
[2023-11-03T00:27:40.969+0000] {logging_mixin.py:151} INFO - [2023-11-03T00:27:40.968+0000] {dagbag.py:536} INFO - Filling up the DagBag from /home/airflow/.local/lib/python3.8/site-packages/airflow/example_dags/example_latest_only.py
[2023-11-03T00:27:40.974+0000] {processor.py:839} INFO - DAG(s) dict_keys(['latest_only']) retrieved from /home/airflow/.local/lib/python3.8/site-packages/airflow/example_dags/example_latest_only.py
[2023-11-03T00:27:40.998+0000] {logging_mixin.py:151} INFO - [2023-11-03T00:27:40.997+0000] {dag.py:2941} INFO - Sync 1 DAGs
[2023-11-03T00:27:41.022+0000] {logging_mixin.py:151} INFO - [2023-11-03T00:27:41.021+0000] {dag.py:3722} INFO - Setting next_dagrun for latest_only to 2023-11-02T20:27:41.021622+00:00, run_after=2023-11-03T00:27:41.021622+00:00
[2023-11-03T00:27:41.045+0000] {processor.py:179} INFO - Processing /home/airflow/.local/lib/python3.8/site-packages/airflow/example_dags/example_latest_only.py took 0.083 seconds
[2023-11-03T00:28:11.092+0000] {processor.py:157} INFO - Started process (PID=4236) to work on /home/airflow/.local/lib/python3.8/site-packages/airflow/example_dags/example_latest_only.py
[2023-11-03T00:28:11.094+0000] {processor.py:829} INFO - Processing file /home/airflow/.local/lib/python3.8/site-packages/airflow/example_dags/example_latest_only.py for tasks to queue
[2023-11-03T00:28:11.096+0000] {logging_mixin.py:151} INFO - [2023-11-03T00:28:11.096+0000] {dagbag.py:536} INFO - Filling up the DagBag from /home/airflow/.local/lib/python3.8/site-packages/airflow/example_dags/example_latest_only.py
[2023-11-03T00:28:11.101+0000] {processor.py:839} INFO - DAG(s) dict_keys(['latest_only']) retrieved from /home/airflow/.local/lib/python3.8/site-packages/airflow/example_dags/example_latest_only.py
[2023-11-03T00:28:11.126+0000] {logging_mixin.py:151} INFO - [2023-11-03T00:28:11.126+0000] {dag.py:2941} INFO - Sync 1 DAGs
[2023-11-03T00:28:11.150+0000] {logging_mixin.py:151} INFO - [2023-11-03T00:28:11.150+0000] {dag.py:3722} INFO - Setting next_dagrun for latest_only to 2023-11-02T20:28:11.150116+00:00, run_after=2023-11-03T00:28:11.150116+00:00
[2023-11-03T00:28:11.179+0000] {processor.py:179} INFO - Processing /home/airflow/.local/lib/python3.8/site-packages/airflow/example_dags/example_latest_only.py took 0.090 seconds
[2023-11-03T00:28:41.249+0000] {processor.py:157} INFO - Started process (PID=4289) to work on /home/airflow/.local/lib/python3.8/site-packages/airflow/example_dags/example_latest_only.py
[2023-11-03T00:28:41.250+0000] {processor.py:829} INFO - Processing file /home/airflow/.local/lib/python3.8/site-packages/airflow/example_dags/example_latest_only.py for tasks to queue
[2023-11-03T00:28:41.252+0000] {logging_mixin.py:151} INFO - [2023-11-03T00:28:41.252+0000] {dagbag.py:536} INFO - Filling up the DagBag from /home/airflow/.local/lib/python3.8/site-packages/airflow/example_dags/example_latest_only.py
[2023-11-03T00:28:41.257+0000] {processor.py:839} INFO - DAG(s) dict_keys(['latest_only']) retrieved from /home/airflow/.local/lib/python3.8/site-packages/airflow/example_dags/example_latest_only.py
[2023-11-03T00:28:41.289+0000] {logging_mixin.py:151} INFO - [2023-11-03T00:28:41.289+0000] {dag.py:2941} INFO - Sync 1 DAGs
[2023-11-03T00:28:41.318+0000] {logging_mixin.py:151} INFO - [2023-11-03T00:28:41.318+0000] {dag.py:3722} INFO - Setting next_dagrun for latest_only to 2023-11-02T20:28:41.317832+00:00, run_after=2023-11-03T00:28:41.317832+00:00
[2023-11-03T00:28:41.345+0000] {processor.py:179} INFO - Processing /home/airflow/.local/lib/python3.8/site-packages/airflow/example_dags/example_latest_only.py took 0.100 seconds
[2023-11-03T00:29:11.415+0000] {processor.py:157} INFO - Started process (PID=4344) to work on /home/airflow/.local/lib/python3.8/site-packages/airflow/example_dags/example_latest_only.py
[2023-11-03T00:29:11.417+0000] {processor.py:829} INFO - Processing file /home/airflow/.local/lib/python3.8/site-packages/airflow/example_dags/example_latest_only.py for tasks to queue
[2023-11-03T00:29:11.420+0000] {logging_mixin.py:151} INFO - [2023-11-03T00:29:11.420+0000] {dagbag.py:536} INFO - Filling up the DagBag from /home/airflow/.local/lib/python3.8/site-packages/airflow/example_dags/example_latest_only.py
[2023-11-03T00:29:11.429+0000] {processor.py:839} INFO - DAG(s) dict_keys(['latest_only']) retrieved from /home/airflow/.local/lib/python3.8/site-packages/airflow/example_dags/example_latest_only.py
[2023-11-03T00:29:11.454+0000] {logging_mixin.py:151} INFO - [2023-11-03T00:29:11.453+0000] {dag.py:2941} INFO - Sync 1 DAGs
[2023-11-03T00:29:11.477+0000] {logging_mixin.py:151} INFO - [2023-11-03T00:29:11.477+0000] {dag.py:3722} INFO - Setting next_dagrun for latest_only to 2023-11-02T20:29:11.476810+00:00, run_after=2023-11-03T00:29:11.476810+00:00
[2023-11-03T00:29:11.507+0000] {processor.py:179} INFO - Processing /home/airflow/.local/lib/python3.8/site-packages/airflow/example_dags/example_latest_only.py took 0.095 seconds
[2023-11-03T00:29:41.680+0000] {processor.py:157} INFO - Started process (PID=4398) to work on /home/airflow/.local/lib/python3.8/site-packages/airflow/example_dags/example_latest_only.py
[2023-11-03T00:29:41.681+0000] {processor.py:829} INFO - Processing file /home/airflow/.local/lib/python3.8/site-packages/airflow/example_dags/example_latest_only.py for tasks to queue
[2023-11-03T00:29:41.683+0000] {logging_mixin.py:151} INFO - [2023-11-03T00:29:41.683+0000] {dagbag.py:536} INFO - Filling up the DagBag from /home/airflow/.local/lib/python3.8/site-packages/airflow/example_dags/example_latest_only.py
[2023-11-03T00:29:41.688+0000] {processor.py:839} INFO - DAG(s) dict_keys(['latest_only']) retrieved from /home/airflow/.local/lib/python3.8/site-packages/airflow/example_dags/example_latest_only.py
[2023-11-03T00:29:41.713+0000] {logging_mixin.py:151} INFO - [2023-11-03T00:29:41.713+0000] {dag.py:2941} INFO - Sync 1 DAGs
[2023-11-03T00:29:41.737+0000] {logging_mixin.py:151} INFO - [2023-11-03T00:29:41.737+0000] {dag.py:3722} INFO - Setting next_dagrun for latest_only to 2023-11-02T20:29:41.737066+00:00, run_after=2023-11-03T00:29:41.737066+00:00
[2023-11-03T00:29:41.764+0000] {processor.py:179} INFO - Processing /home/airflow/.local/lib/python3.8/site-packages/airflow/example_dags/example_latest_only.py took 0.088 seconds
[2023-11-03T00:30:12.197+0000] {processor.py:157} INFO - Started process (PID=4452) to work on /home/airflow/.local/lib/python3.8/site-packages/airflow/example_dags/example_latest_only.py
[2023-11-03T00:30:12.198+0000] {processor.py:829} INFO - Processing file /home/airflow/.local/lib/python3.8/site-packages/airflow/example_dags/example_latest_only.py for tasks to queue
[2023-11-03T00:30:12.200+0000] {logging_mixin.py:151} INFO - [2023-11-03T00:30:12.200+0000] {dagbag.py:536} INFO - Filling up the DagBag from /home/airflow/.local/lib/python3.8/site-packages/airflow/example_dags/example_latest_only.py
[2023-11-03T00:30:12.205+0000] {processor.py:839} INFO - DAG(s) dict_keys(['latest_only']) retrieved from /home/airflow/.local/lib/python3.8/site-packages/airflow/example_dags/example_latest_only.py
[2023-11-03T00:30:12.234+0000] {logging_mixin.py:151} INFO - [2023-11-03T00:30:12.234+0000] {dag.py:2941} INFO - Sync 1 DAGs
[2023-11-03T00:30:12.261+0000] {logging_mixin.py:151} INFO - [2023-11-03T00:30:12.261+0000] {dag.py:3722} INFO - Setting next_dagrun for latest_only to 2023-11-02T20:30:12.261368+00:00, run_after=2023-11-03T00:30:12.261368+00:00
[2023-11-03T00:30:12.289+0000] {processor.py:179} INFO - Processing /home/airflow/.local/lib/python3.8/site-packages/airflow/example_dags/example_latest_only.py took 0.096 seconds
[2023-11-03T00:30:43.079+0000] {processor.py:157} INFO - Started process (PID=4506) to work on /home/airflow/.local/lib/python3.8/site-packages/airflow/example_dags/example_latest_only.py
[2023-11-03T00:30:43.080+0000] {processor.py:829} INFO - Processing file /home/airflow/.local/lib/python3.8/site-packages/airflow/example_dags/example_latest_only.py for tasks to queue
[2023-11-03T00:30:43.083+0000] {logging_mixin.py:151} INFO - [2023-11-03T00:30:43.082+0000] {dagbag.py:536} INFO - Filling up the DagBag from /home/airflow/.local/lib/python3.8/site-packages/airflow/example_dags/example_latest_only.py
[2023-11-03T00:30:43.088+0000] {processor.py:839} INFO - DAG(s) dict_keys(['latest_only']) retrieved from /home/airflow/.local/lib/python3.8/site-packages/airflow/example_dags/example_latest_only.py
[2023-11-03T00:30:43.116+0000] {logging_mixin.py:151} INFO - [2023-11-03T00:30:43.115+0000] {dag.py:2941} INFO - Sync 1 DAGs
[2023-11-03T00:30:43.140+0000] {logging_mixin.py:151} INFO - [2023-11-03T00:30:43.140+0000] {dag.py:3722} INFO - Setting next_dagrun for latest_only to 2023-11-02T20:30:43.140249+00:00, run_after=2023-11-03T00:30:43.140249+00:00
[2023-11-03T00:30:43.172+0000] {processor.py:179} INFO - Processing /home/airflow/.local/lib/python3.8/site-packages/airflow/example_dags/example_latest_only.py took 0.097 seconds
