[2023-11-03T00:00:11.386+0000] {processor.py:157} INFO - Started process (PID=1256) to work on /home/airflow/.local/lib/python3.8/site-packages/airflow/example_dags/example_complex.py
[2023-11-03T00:00:11.387+0000] {processor.py:829} INFO - Processing file /home/airflow/.local/lib/python3.8/site-packages/airflow/example_dags/example_complex.py for tasks to queue
[2023-11-03T00:00:11.390+0000] {logging_mixin.py:151} INFO - [2023-11-03T00:00:11.389+0000] {dagbag.py:536} INFO - Filling up the DagBag from /home/airflow/.local/lib/python3.8/site-packages/airflow/example_dags/example_complex.py
[2023-11-03T00:00:11.401+0000] {processor.py:839} INFO - DAG(s) dict_keys(['example_complex']) retrieved from /home/airflow/.local/lib/python3.8/site-packages/airflow/example_dags/example_complex.py
[2023-11-03T00:00:11.440+0000] {logging_mixin.py:151} INFO - [2023-11-03T00:00:11.440+0000] {dag.py:2941} INFO - Sync 1 DAGs
[2023-11-03T00:00:11.456+0000] {logging_mixin.py:151} INFO - [2023-11-03T00:00:11.455+0000] {dag.py:3722} INFO - Setting next_dagrun for example_complex to None, run_after=None
[2023-11-03T00:00:11.486+0000] {processor.py:179} INFO - Processing /home/airflow/.local/lib/python3.8/site-packages/airflow/example_dags/example_complex.py took 0.104 seconds
[2023-11-03T00:00:41.536+0000] {processor.py:157} INFO - Started process (PID=1310) to work on /home/airflow/.local/lib/python3.8/site-packages/airflow/example_dags/example_complex.py
[2023-11-03T00:00:41.538+0000] {processor.py:829} INFO - Processing file /home/airflow/.local/lib/python3.8/site-packages/airflow/example_dags/example_complex.py for tasks to queue
[2023-11-03T00:00:41.540+0000] {logging_mixin.py:151} INFO - [2023-11-03T00:00:41.540+0000] {dagbag.py:536} INFO - Filling up the DagBag from /home/airflow/.local/lib/python3.8/site-packages/airflow/example_dags/example_complex.py
[2023-11-03T00:00:41.553+0000] {processor.py:839} INFO - DAG(s) dict_keys(['example_complex']) retrieved from /home/airflow/.local/lib/python3.8/site-packages/airflow/example_dags/example_complex.py
[2023-11-03T00:00:41.593+0000] {logging_mixin.py:151} INFO - [2023-11-03T00:00:41.592+0000] {dag.py:2941} INFO - Sync 1 DAGs
[2023-11-03T00:00:41.619+0000] {logging_mixin.py:151} INFO - [2023-11-03T00:00:41.619+0000] {dag.py:3722} INFO - Setting next_dagrun for example_complex to None, run_after=None
[2023-11-03T00:00:41.654+0000] {processor.py:179} INFO - Processing /home/airflow/.local/lib/python3.8/site-packages/airflow/example_dags/example_complex.py took 0.121 seconds
[2023-11-03T00:01:11.952+0000] {processor.py:157} INFO - Started process (PID=1364) to work on /home/airflow/.local/lib/python3.8/site-packages/airflow/example_dags/example_complex.py
[2023-11-03T00:01:11.954+0000] {processor.py:829} INFO - Processing file /home/airflow/.local/lib/python3.8/site-packages/airflow/example_dags/example_complex.py for tasks to queue
[2023-11-03T00:01:11.956+0000] {logging_mixin.py:151} INFO - [2023-11-03T00:01:11.956+0000] {dagbag.py:536} INFO - Filling up the DagBag from /home/airflow/.local/lib/python3.8/site-packages/airflow/example_dags/example_complex.py
[2023-11-03T00:01:11.968+0000] {processor.py:839} INFO - DAG(s) dict_keys(['example_complex']) retrieved from /home/airflow/.local/lib/python3.8/site-packages/airflow/example_dags/example_complex.py
[2023-11-03T00:01:12.003+0000] {logging_mixin.py:151} INFO - [2023-11-03T00:01:12.003+0000] {dag.py:2941} INFO - Sync 1 DAGs
[2023-11-03T00:01:12.017+0000] {logging_mixin.py:151} INFO - [2023-11-03T00:01:12.017+0000] {dag.py:3722} INFO - Setting next_dagrun for example_complex to None, run_after=None
[2023-11-03T00:01:12.044+0000] {processor.py:179} INFO - Processing /home/airflow/.local/lib/python3.8/site-packages/airflow/example_dags/example_complex.py took 0.095 seconds
[2023-11-03T00:01:42.518+0000] {processor.py:157} INFO - Started process (PID=1418) to work on /home/airflow/.local/lib/python3.8/site-packages/airflow/example_dags/example_complex.py
[2023-11-03T00:01:42.520+0000] {processor.py:829} INFO - Processing file /home/airflow/.local/lib/python3.8/site-packages/airflow/example_dags/example_complex.py for tasks to queue
[2023-11-03T00:01:42.522+0000] {logging_mixin.py:151} INFO - [2023-11-03T00:01:42.522+0000] {dagbag.py:536} INFO - Filling up the DagBag from /home/airflow/.local/lib/python3.8/site-packages/airflow/example_dags/example_complex.py
[2023-11-03T00:01:42.533+0000] {processor.py:839} INFO - DAG(s) dict_keys(['example_complex']) retrieved from /home/airflow/.local/lib/python3.8/site-packages/airflow/example_dags/example_complex.py
[2023-11-03T00:01:42.569+0000] {logging_mixin.py:151} INFO - [2023-11-03T00:01:42.568+0000] {dag.py:2941} INFO - Sync 1 DAGs
[2023-11-03T00:01:42.583+0000] {logging_mixin.py:151} INFO - [2023-11-03T00:01:42.583+0000] {dag.py:3722} INFO - Setting next_dagrun for example_complex to None, run_after=None
[2023-11-03T00:01:42.623+0000] {processor.py:179} INFO - Processing /home/airflow/.local/lib/python3.8/site-packages/airflow/example_dags/example_complex.py took 0.108 seconds
[2023-11-03T00:02:13.230+0000] {processor.py:157} INFO - Started process (PID=1472) to work on /home/airflow/.local/lib/python3.8/site-packages/airflow/example_dags/example_complex.py
[2023-11-03T00:02:13.232+0000] {processor.py:829} INFO - Processing file /home/airflow/.local/lib/python3.8/site-packages/airflow/example_dags/example_complex.py for tasks to queue
[2023-11-03T00:02:13.234+0000] {logging_mixin.py:151} INFO - [2023-11-03T00:02:13.233+0000] {dagbag.py:536} INFO - Filling up the DagBag from /home/airflow/.local/lib/python3.8/site-packages/airflow/example_dags/example_complex.py
[2023-11-03T00:02:13.246+0000] {processor.py:839} INFO - DAG(s) dict_keys(['example_complex']) retrieved from /home/airflow/.local/lib/python3.8/site-packages/airflow/example_dags/example_complex.py
[2023-11-03T00:02:13.283+0000] {logging_mixin.py:151} INFO - [2023-11-03T00:02:13.283+0000] {dag.py:2941} INFO - Sync 1 DAGs
[2023-11-03T00:02:13.298+0000] {logging_mixin.py:151} INFO - [2023-11-03T00:02:13.298+0000] {dag.py:3722} INFO - Setting next_dagrun for example_complex to None, run_after=None
[2023-11-03T00:02:13.328+0000] {processor.py:179} INFO - Processing /home/airflow/.local/lib/python3.8/site-packages/airflow/example_dags/example_complex.py took 0.102 seconds
[2023-11-03T00:02:43.739+0000] {processor.py:157} INFO - Started process (PID=1526) to work on /home/airflow/.local/lib/python3.8/site-packages/airflow/example_dags/example_complex.py
[2023-11-03T00:02:43.740+0000] {processor.py:829} INFO - Processing file /home/airflow/.local/lib/python3.8/site-packages/airflow/example_dags/example_complex.py for tasks to queue
[2023-11-03T00:02:43.742+0000] {logging_mixin.py:151} INFO - [2023-11-03T00:02:43.742+0000] {dagbag.py:536} INFO - Filling up the DagBag from /home/airflow/.local/lib/python3.8/site-packages/airflow/example_dags/example_complex.py
[2023-11-03T00:02:43.754+0000] {processor.py:839} INFO - DAG(s) dict_keys(['example_complex']) retrieved from /home/airflow/.local/lib/python3.8/site-packages/airflow/example_dags/example_complex.py
[2023-11-03T00:02:43.797+0000] {logging_mixin.py:151} INFO - [2023-11-03T00:02:43.797+0000] {dag.py:2941} INFO - Sync 1 DAGs
[2023-11-03T00:02:43.812+0000] {logging_mixin.py:151} INFO - [2023-11-03T00:02:43.812+0000] {dag.py:3722} INFO - Setting next_dagrun for example_complex to None, run_after=None
[2023-11-03T00:02:43.846+0000] {processor.py:179} INFO - Processing /home/airflow/.local/lib/python3.8/site-packages/airflow/example_dags/example_complex.py took 0.111 seconds
[2023-11-03T00:03:14.283+0000] {processor.py:157} INFO - Started process (PID=1580) to work on /home/airflow/.local/lib/python3.8/site-packages/airflow/example_dags/example_complex.py
[2023-11-03T00:03:14.285+0000] {processor.py:829} INFO - Processing file /home/airflow/.local/lib/python3.8/site-packages/airflow/example_dags/example_complex.py for tasks to queue
[2023-11-03T00:03:14.287+0000] {logging_mixin.py:151} INFO - [2023-11-03T00:03:14.287+0000] {dagbag.py:536} INFO - Filling up the DagBag from /home/airflow/.local/lib/python3.8/site-packages/airflow/example_dags/example_complex.py
[2023-11-03T00:03:14.298+0000] {processor.py:839} INFO - DAG(s) dict_keys(['example_complex']) retrieved from /home/airflow/.local/lib/python3.8/site-packages/airflow/example_dags/example_complex.py
[2023-11-03T00:03:14.338+0000] {logging_mixin.py:151} INFO - [2023-11-03T00:03:14.338+0000] {dag.py:2941} INFO - Sync 1 DAGs
[2023-11-03T00:03:14.356+0000] {logging_mixin.py:151} INFO - [2023-11-03T00:03:14.356+0000] {dag.py:3722} INFO - Setting next_dagrun for example_complex to None, run_after=None
[2023-11-03T00:03:14.392+0000] {processor.py:179} INFO - Processing /home/airflow/.local/lib/python3.8/site-packages/airflow/example_dags/example_complex.py took 0.112 seconds
[2023-11-03T00:03:44.652+0000] {processor.py:157} INFO - Started process (PID=1634) to work on /home/airflow/.local/lib/python3.8/site-packages/airflow/example_dags/example_complex.py
[2023-11-03T00:03:44.654+0000] {processor.py:829} INFO - Processing file /home/airflow/.local/lib/python3.8/site-packages/airflow/example_dags/example_complex.py for tasks to queue
[2023-11-03T00:03:44.656+0000] {logging_mixin.py:151} INFO - [2023-11-03T00:03:44.655+0000] {dagbag.py:536} INFO - Filling up the DagBag from /home/airflow/.local/lib/python3.8/site-packages/airflow/example_dags/example_complex.py
[2023-11-03T00:03:44.667+0000] {processor.py:839} INFO - DAG(s) dict_keys(['example_complex']) retrieved from /home/airflow/.local/lib/python3.8/site-packages/airflow/example_dags/example_complex.py
[2023-11-03T00:03:44.703+0000] {logging_mixin.py:151} INFO - [2023-11-03T00:03:44.703+0000] {dag.py:2941} INFO - Sync 1 DAGs
[2023-11-03T00:03:44.717+0000] {logging_mixin.py:151} INFO - [2023-11-03T00:03:44.717+0000] {dag.py:3722} INFO - Setting next_dagrun for example_complex to None, run_after=None
[2023-11-03T00:03:44.748+0000] {processor.py:179} INFO - Processing /home/airflow/.local/lib/python3.8/site-packages/airflow/example_dags/example_complex.py took 0.098 seconds
[2023-11-03T00:04:15.285+0000] {processor.py:157} INFO - Started process (PID=1687) to work on /home/airflow/.local/lib/python3.8/site-packages/airflow/example_dags/example_complex.py
[2023-11-03T00:04:15.286+0000] {processor.py:829} INFO - Processing file /home/airflow/.local/lib/python3.8/site-packages/airflow/example_dags/example_complex.py for tasks to queue
[2023-11-03T00:04:15.288+0000] {logging_mixin.py:151} INFO - [2023-11-03T00:04:15.288+0000] {dagbag.py:536} INFO - Filling up the DagBag from /home/airflow/.local/lib/python3.8/site-packages/airflow/example_dags/example_complex.py
[2023-11-03T00:04:15.299+0000] {processor.py:839} INFO - DAG(s) dict_keys(['example_complex']) retrieved from /home/airflow/.local/lib/python3.8/site-packages/airflow/example_dags/example_complex.py
[2023-11-03T00:04:15.337+0000] {logging_mixin.py:151} INFO - [2023-11-03T00:04:15.337+0000] {dag.py:2941} INFO - Sync 1 DAGs
[2023-11-03T00:04:15.351+0000] {logging_mixin.py:151} INFO - [2023-11-03T00:04:15.350+0000] {dag.py:3722} INFO - Setting next_dagrun for example_complex to None, run_after=None
[2023-11-03T00:04:15.378+0000] {processor.py:179} INFO - Processing /home/airflow/.local/lib/python3.8/site-packages/airflow/example_dags/example_complex.py took 0.096 seconds
[2023-11-03T00:04:45.743+0000] {processor.py:157} INFO - Started process (PID=1741) to work on /home/airflow/.local/lib/python3.8/site-packages/airflow/example_dags/example_complex.py
[2023-11-03T00:04:45.745+0000] {processor.py:829} INFO - Processing file /home/airflow/.local/lib/python3.8/site-packages/airflow/example_dags/example_complex.py for tasks to queue
[2023-11-03T00:04:45.747+0000] {logging_mixin.py:151} INFO - [2023-11-03T00:04:45.747+0000] {dagbag.py:536} INFO - Filling up the DagBag from /home/airflow/.local/lib/python3.8/site-packages/airflow/example_dags/example_complex.py
[2023-11-03T00:04:45.760+0000] {processor.py:839} INFO - DAG(s) dict_keys(['example_complex']) retrieved from /home/airflow/.local/lib/python3.8/site-packages/airflow/example_dags/example_complex.py
[2023-11-03T00:04:45.795+0000] {logging_mixin.py:151} INFO - [2023-11-03T00:04:45.795+0000] {dag.py:2941} INFO - Sync 1 DAGs
[2023-11-03T00:04:45.810+0000] {logging_mixin.py:151} INFO - [2023-11-03T00:04:45.810+0000] {dag.py:3722} INFO - Setting next_dagrun for example_complex to None, run_after=None
[2023-11-03T00:04:45.839+0000] {processor.py:179} INFO - Processing /home/airflow/.local/lib/python3.8/site-packages/airflow/example_dags/example_complex.py took 0.099 seconds
[2023-11-03T00:05:16.949+0000] {processor.py:157} INFO - Started process (PID=1795) to work on /home/airflow/.local/lib/python3.8/site-packages/airflow/example_dags/example_complex.py
[2023-11-03T00:05:16.952+0000] {processor.py:829} INFO - Processing file /home/airflow/.local/lib/python3.8/site-packages/airflow/example_dags/example_complex.py for tasks to queue
[2023-11-03T00:05:16.955+0000] {logging_mixin.py:151} INFO - [2023-11-03T00:05:16.955+0000] {dagbag.py:536} INFO - Filling up the DagBag from /home/airflow/.local/lib/python3.8/site-packages/airflow/example_dags/example_complex.py
[2023-11-03T00:05:16.971+0000] {processor.py:839} INFO - DAG(s) dict_keys(['example_complex']) retrieved from /home/airflow/.local/lib/python3.8/site-packages/airflow/example_dags/example_complex.py
[2023-11-03T00:05:17.042+0000] {logging_mixin.py:151} INFO - [2023-11-03T00:05:17.041+0000] {dag.py:2941} INFO - Sync 1 DAGs
[2023-11-03T00:05:17.064+0000] {logging_mixin.py:151} INFO - [2023-11-03T00:05:17.063+0000] {dag.py:3722} INFO - Setting next_dagrun for example_complex to None, run_after=None
[2023-11-03T00:05:17.127+0000] {processor.py:179} INFO - Processing /home/airflow/.local/lib/python3.8/site-packages/airflow/example_dags/example_complex.py took 0.182 seconds
[2023-11-03T00:05:47.981+0000] {processor.py:157} INFO - Started process (PID=1856) to work on /home/airflow/.local/lib/python3.8/site-packages/airflow/example_dags/example_complex.py
[2023-11-03T00:05:47.982+0000] {processor.py:829} INFO - Processing file /home/airflow/.local/lib/python3.8/site-packages/airflow/example_dags/example_complex.py for tasks to queue
[2023-11-03T00:05:47.984+0000] {logging_mixin.py:151} INFO - [2023-11-03T00:05:47.984+0000] {dagbag.py:536} INFO - Filling up the DagBag from /home/airflow/.local/lib/python3.8/site-packages/airflow/example_dags/example_complex.py
[2023-11-03T00:05:47.996+0000] {processor.py:839} INFO - DAG(s) dict_keys(['example_complex']) retrieved from /home/airflow/.local/lib/python3.8/site-packages/airflow/example_dags/example_complex.py
[2023-11-03T00:05:48.033+0000] {logging_mixin.py:151} INFO - [2023-11-03T00:05:48.032+0000] {dag.py:2941} INFO - Sync 1 DAGs
[2023-11-03T00:05:48.046+0000] {logging_mixin.py:151} INFO - [2023-11-03T00:05:48.046+0000] {dag.py:3722} INFO - Setting next_dagrun for example_complex to None, run_after=None
[2023-11-03T00:05:48.071+0000] {processor.py:179} INFO - Processing /home/airflow/.local/lib/python3.8/site-packages/airflow/example_dags/example_complex.py took 0.093 seconds
[2023-11-03T00:06:18.125+0000] {processor.py:157} INFO - Started process (PID=1910) to work on /home/airflow/.local/lib/python3.8/site-packages/airflow/example_dags/example_complex.py
[2023-11-03T00:06:18.127+0000] {processor.py:829} INFO - Processing file /home/airflow/.local/lib/python3.8/site-packages/airflow/example_dags/example_complex.py for tasks to queue
[2023-11-03T00:06:18.129+0000] {logging_mixin.py:151} INFO - [2023-11-03T00:06:18.128+0000] {dagbag.py:536} INFO - Filling up the DagBag from /home/airflow/.local/lib/python3.8/site-packages/airflow/example_dags/example_complex.py
[2023-11-03T00:06:18.139+0000] {processor.py:839} INFO - DAG(s) dict_keys(['example_complex']) retrieved from /home/airflow/.local/lib/python3.8/site-packages/airflow/example_dags/example_complex.py
[2023-11-03T00:06:18.174+0000] {logging_mixin.py:151} INFO - [2023-11-03T00:06:18.174+0000] {dag.py:2941} INFO - Sync 1 DAGs
[2023-11-03T00:06:18.189+0000] {logging_mixin.py:151} INFO - [2023-11-03T00:06:18.189+0000] {dag.py:3722} INFO - Setting next_dagrun for example_complex to None, run_after=None
[2023-11-03T00:06:18.220+0000] {processor.py:179} INFO - Processing /home/airflow/.local/lib/python3.8/site-packages/airflow/example_dags/example_complex.py took 0.097 seconds
[2023-11-03T00:06:48.726+0000] {processor.py:157} INFO - Started process (PID=1965) to work on /home/airflow/.local/lib/python3.8/site-packages/airflow/example_dags/example_complex.py
[2023-11-03T00:06:48.727+0000] {processor.py:829} INFO - Processing file /home/airflow/.local/lib/python3.8/site-packages/airflow/example_dags/example_complex.py for tasks to queue
[2023-11-03T00:06:48.729+0000] {logging_mixin.py:151} INFO - [2023-11-03T00:06:48.729+0000] {dagbag.py:536} INFO - Filling up the DagBag from /home/airflow/.local/lib/python3.8/site-packages/airflow/example_dags/example_complex.py
[2023-11-03T00:06:48.741+0000] {processor.py:839} INFO - DAG(s) dict_keys(['example_complex']) retrieved from /home/airflow/.local/lib/python3.8/site-packages/airflow/example_dags/example_complex.py
[2023-11-03T00:06:48.779+0000] {logging_mixin.py:151} INFO - [2023-11-03T00:06:48.779+0000] {dag.py:2941} INFO - Sync 1 DAGs
[2023-11-03T00:06:48.795+0000] {logging_mixin.py:151} INFO - [2023-11-03T00:06:48.795+0000] {dag.py:3722} INFO - Setting next_dagrun for example_complex to None, run_after=None
[2023-11-03T00:06:48.825+0000] {processor.py:179} INFO - Processing /home/airflow/.local/lib/python3.8/site-packages/airflow/example_dags/example_complex.py took 0.102 seconds
[2023-11-03T00:07:19.160+0000] {processor.py:157} INFO - Started process (PID=2019) to work on /home/airflow/.local/lib/python3.8/site-packages/airflow/example_dags/example_complex.py
[2023-11-03T00:07:19.162+0000] {processor.py:829} INFO - Processing file /home/airflow/.local/lib/python3.8/site-packages/airflow/example_dags/example_complex.py for tasks to queue
[2023-11-03T00:07:19.164+0000] {logging_mixin.py:151} INFO - [2023-11-03T00:07:19.164+0000] {dagbag.py:536} INFO - Filling up the DagBag from /home/airflow/.local/lib/python3.8/site-packages/airflow/example_dags/example_complex.py
[2023-11-03T00:07:19.175+0000] {processor.py:839} INFO - DAG(s) dict_keys(['example_complex']) retrieved from /home/airflow/.local/lib/python3.8/site-packages/airflow/example_dags/example_complex.py
[2023-11-03T00:07:19.210+0000] {logging_mixin.py:151} INFO - [2023-11-03T00:07:19.210+0000] {dag.py:2941} INFO - Sync 1 DAGs
[2023-11-03T00:07:19.225+0000] {logging_mixin.py:151} INFO - [2023-11-03T00:07:19.225+0000] {dag.py:3722} INFO - Setting next_dagrun for example_complex to None, run_after=None
[2023-11-03T00:07:19.248+0000] {processor.py:179} INFO - Processing /home/airflow/.local/lib/python3.8/site-packages/airflow/example_dags/example_complex.py took 0.091 seconds
[2023-11-03T00:07:49.565+0000] {processor.py:157} INFO - Started process (PID=2072) to work on /home/airflow/.local/lib/python3.8/site-packages/airflow/example_dags/example_complex.py
[2023-11-03T00:07:49.566+0000] {processor.py:829} INFO - Processing file /home/airflow/.local/lib/python3.8/site-packages/airflow/example_dags/example_complex.py for tasks to queue
[2023-11-03T00:07:49.568+0000] {logging_mixin.py:151} INFO - [2023-11-03T00:07:49.568+0000] {dagbag.py:536} INFO - Filling up the DagBag from /home/airflow/.local/lib/python3.8/site-packages/airflow/example_dags/example_complex.py
[2023-11-03T00:07:49.579+0000] {processor.py:839} INFO - DAG(s) dict_keys(['example_complex']) retrieved from /home/airflow/.local/lib/python3.8/site-packages/airflow/example_dags/example_complex.py
[2023-11-03T00:07:49.615+0000] {logging_mixin.py:151} INFO - [2023-11-03T00:07:49.614+0000] {dag.py:2941} INFO - Sync 1 DAGs
[2023-11-03T00:07:49.629+0000] {logging_mixin.py:151} INFO - [2023-11-03T00:07:49.628+0000] {dag.py:3722} INFO - Setting next_dagrun for example_complex to None, run_after=None
[2023-11-03T00:07:49.658+0000] {processor.py:179} INFO - Processing /home/airflow/.local/lib/python3.8/site-packages/airflow/example_dags/example_complex.py took 0.096 seconds
[2023-11-03T00:08:20.211+0000] {processor.py:157} INFO - Started process (PID=2127) to work on /home/airflow/.local/lib/python3.8/site-packages/airflow/example_dags/example_complex.py
[2023-11-03T00:08:20.213+0000] {processor.py:829} INFO - Processing file /home/airflow/.local/lib/python3.8/site-packages/airflow/example_dags/example_complex.py for tasks to queue
[2023-11-03T00:08:20.217+0000] {logging_mixin.py:151} INFO - [2023-11-03T00:08:20.216+0000] {dagbag.py:536} INFO - Filling up the DagBag from /home/airflow/.local/lib/python3.8/site-packages/airflow/example_dags/example_complex.py
[2023-11-03T00:08:20.232+0000] {processor.py:839} INFO - DAG(s) dict_keys(['example_complex']) retrieved from /home/airflow/.local/lib/python3.8/site-packages/airflow/example_dags/example_complex.py
[2023-11-03T00:08:20.282+0000] {logging_mixin.py:151} INFO - [2023-11-03T00:08:20.282+0000] {dag.py:2941} INFO - Sync 1 DAGs
[2023-11-03T00:08:20.307+0000] {logging_mixin.py:151} INFO - [2023-11-03T00:08:20.306+0000] {dag.py:3722} INFO - Setting next_dagrun for example_complex to None, run_after=None
[2023-11-03T00:08:20.351+0000] {processor.py:179} INFO - Processing /home/airflow/.local/lib/python3.8/site-packages/airflow/example_dags/example_complex.py took 0.143 seconds
[2023-11-03T00:08:50.731+0000] {processor.py:157} INFO - Started process (PID=2181) to work on /home/airflow/.local/lib/python3.8/site-packages/airflow/example_dags/example_complex.py
[2023-11-03T00:08:50.732+0000] {processor.py:829} INFO - Processing file /home/airflow/.local/lib/python3.8/site-packages/airflow/example_dags/example_complex.py for tasks to queue
[2023-11-03T00:08:50.735+0000] {logging_mixin.py:151} INFO - [2023-11-03T00:08:50.735+0000] {dagbag.py:536} INFO - Filling up the DagBag from /home/airflow/.local/lib/python3.8/site-packages/airflow/example_dags/example_complex.py
[2023-11-03T00:08:50.748+0000] {processor.py:839} INFO - DAG(s) dict_keys(['example_complex']) retrieved from /home/airflow/.local/lib/python3.8/site-packages/airflow/example_dags/example_complex.py
[2023-11-03T00:08:50.783+0000] {logging_mixin.py:151} INFO - [2023-11-03T00:08:50.783+0000] {dag.py:2941} INFO - Sync 1 DAGs
[2023-11-03T00:08:50.807+0000] {logging_mixin.py:151} INFO - [2023-11-03T00:08:50.806+0000] {dag.py:3722} INFO - Setting next_dagrun for example_complex to None, run_after=None
[2023-11-03T00:08:51.159+0000] {processor.py:179} INFO - Processing /home/airflow/.local/lib/python3.8/site-packages/airflow/example_dags/example_complex.py took 0.431 seconds
[2023-11-03T00:09:21.799+0000] {processor.py:157} INFO - Started process (PID=2235) to work on /home/airflow/.local/lib/python3.8/site-packages/airflow/example_dags/example_complex.py
[2023-11-03T00:09:21.800+0000] {processor.py:829} INFO - Processing file /home/airflow/.local/lib/python3.8/site-packages/airflow/example_dags/example_complex.py for tasks to queue
[2023-11-03T00:09:21.803+0000] {logging_mixin.py:151} INFO - [2023-11-03T00:09:21.802+0000] {dagbag.py:536} INFO - Filling up the DagBag from /home/airflow/.local/lib/python3.8/site-packages/airflow/example_dags/example_complex.py
[2023-11-03T00:09:21.814+0000] {processor.py:839} INFO - DAG(s) dict_keys(['example_complex']) retrieved from /home/airflow/.local/lib/python3.8/site-packages/airflow/example_dags/example_complex.py
[2023-11-03T00:09:21.855+0000] {logging_mixin.py:151} INFO - [2023-11-03T00:09:21.855+0000] {dag.py:2941} INFO - Sync 1 DAGs
[2023-11-03T00:09:21.870+0000] {logging_mixin.py:151} INFO - [2023-11-03T00:09:21.870+0000] {dag.py:3722} INFO - Setting next_dagrun for example_complex to None, run_after=None
[2023-11-03T00:09:21.901+0000] {processor.py:179} INFO - Processing /home/airflow/.local/lib/python3.8/site-packages/airflow/example_dags/example_complex.py took 0.106 seconds
[2023-11-03T00:09:52.746+0000] {processor.py:157} INFO - Started process (PID=2289) to work on /home/airflow/.local/lib/python3.8/site-packages/airflow/example_dags/example_complex.py
[2023-11-03T00:09:52.748+0000] {processor.py:829} INFO - Processing file /home/airflow/.local/lib/python3.8/site-packages/airflow/example_dags/example_complex.py for tasks to queue
[2023-11-03T00:09:52.750+0000] {logging_mixin.py:151} INFO - [2023-11-03T00:09:52.750+0000] {dagbag.py:536} INFO - Filling up the DagBag from /home/airflow/.local/lib/python3.8/site-packages/airflow/example_dags/example_complex.py
[2023-11-03T00:09:52.766+0000] {processor.py:839} INFO - DAG(s) dict_keys(['example_complex']) retrieved from /home/airflow/.local/lib/python3.8/site-packages/airflow/example_dags/example_complex.py
[2023-11-03T00:09:52.814+0000] {logging_mixin.py:151} INFO - [2023-11-03T00:09:52.814+0000] {dag.py:2941} INFO - Sync 1 DAGs
[2023-11-03T00:09:52.832+0000] {logging_mixin.py:151} INFO - [2023-11-03T00:09:52.832+0000] {dag.py:3722} INFO - Setting next_dagrun for example_complex to None, run_after=None
[2023-11-03T00:09:52.871+0000] {processor.py:179} INFO - Processing /home/airflow/.local/lib/python3.8/site-packages/airflow/example_dags/example_complex.py took 0.129 seconds
[2023-11-03T00:10:24.897+0000] {processor.py:157} INFO - Started process (PID=2343) to work on /home/airflow/.local/lib/python3.8/site-packages/airflow/example_dags/example_complex.py
[2023-11-03T00:10:24.898+0000] {processor.py:829} INFO - Processing file /home/airflow/.local/lib/python3.8/site-packages/airflow/example_dags/example_complex.py for tasks to queue
[2023-11-03T00:10:24.901+0000] {logging_mixin.py:151} INFO - [2023-11-03T00:10:24.900+0000] {dagbag.py:536} INFO - Filling up the DagBag from /home/airflow/.local/lib/python3.8/site-packages/airflow/example_dags/example_complex.py
[2023-11-03T00:10:24.916+0000] {processor.py:839} INFO - DAG(s) dict_keys(['example_complex']) retrieved from /home/airflow/.local/lib/python3.8/site-packages/airflow/example_dags/example_complex.py
[2023-11-03T00:10:24.968+0000] {logging_mixin.py:151} INFO - [2023-11-03T00:10:24.968+0000] {dag.py:2941} INFO - Sync 1 DAGs
[2023-11-03T00:10:24.991+0000] {logging_mixin.py:151} INFO - [2023-11-03T00:10:24.991+0000] {dag.py:3722} INFO - Setting next_dagrun for example_complex to None, run_after=None
[2023-11-03T00:10:25.059+0000] {processor.py:179} INFO - Processing /home/airflow/.local/lib/python3.8/site-packages/airflow/example_dags/example_complex.py took 0.168 seconds
[2023-11-03T00:10:56.609+0000] {processor.py:157} INFO - Started process (PID=2397) to work on /home/airflow/.local/lib/python3.8/site-packages/airflow/example_dags/example_complex.py
[2023-11-03T00:10:56.611+0000] {processor.py:829} INFO - Processing file /home/airflow/.local/lib/python3.8/site-packages/airflow/example_dags/example_complex.py for tasks to queue
[2023-11-03T00:10:56.614+0000] {logging_mixin.py:151} INFO - [2023-11-03T00:10:56.613+0000] {dagbag.py:536} INFO - Filling up the DagBag from /home/airflow/.local/lib/python3.8/site-packages/airflow/example_dags/example_complex.py
[2023-11-03T00:10:56.630+0000] {processor.py:839} INFO - DAG(s) dict_keys(['example_complex']) retrieved from /home/airflow/.local/lib/python3.8/site-packages/airflow/example_dags/example_complex.py
[2023-11-03T00:10:56.685+0000] {logging_mixin.py:151} INFO - [2023-11-03T00:10:56.684+0000] {dag.py:2941} INFO - Sync 1 DAGs
[2023-11-03T00:10:56.705+0000] {logging_mixin.py:151} INFO - [2023-11-03T00:10:56.705+0000] {dag.py:3722} INFO - Setting next_dagrun for example_complex to None, run_after=None
[2023-11-03T00:10:56.967+0000] {processor.py:179} INFO - Processing /home/airflow/.local/lib/python3.8/site-packages/airflow/example_dags/example_complex.py took 0.362 seconds
[2023-11-03T00:11:27.307+0000] {processor.py:157} INFO - Started process (PID=2451) to work on /home/airflow/.local/lib/python3.8/site-packages/airflow/example_dags/example_complex.py
[2023-11-03T00:11:27.309+0000] {processor.py:829} INFO - Processing file /home/airflow/.local/lib/python3.8/site-packages/airflow/example_dags/example_complex.py for tasks to queue
[2023-11-03T00:11:27.311+0000] {logging_mixin.py:151} INFO - [2023-11-03T00:11:27.311+0000] {dagbag.py:536} INFO - Filling up the DagBag from /home/airflow/.local/lib/python3.8/site-packages/airflow/example_dags/example_complex.py
[2023-11-03T00:11:27.325+0000] {processor.py:839} INFO - DAG(s) dict_keys(['example_complex']) retrieved from /home/airflow/.local/lib/python3.8/site-packages/airflow/example_dags/example_complex.py
[2023-11-03T00:11:27.371+0000] {logging_mixin.py:151} INFO - [2023-11-03T00:11:27.371+0000] {dag.py:2941} INFO - Sync 1 DAGs
[2023-11-03T00:11:27.390+0000] {logging_mixin.py:151} INFO - [2023-11-03T00:11:27.390+0000] {dag.py:3722} INFO - Setting next_dagrun for example_complex to None, run_after=None
[2023-11-03T00:11:27.421+0000] {processor.py:179} INFO - Processing /home/airflow/.local/lib/python3.8/site-packages/airflow/example_dags/example_complex.py took 0.120 seconds
[2023-11-03T00:11:58.191+0000] {processor.py:157} INFO - Started process (PID=2505) to work on /home/airflow/.local/lib/python3.8/site-packages/airflow/example_dags/example_complex.py
[2023-11-03T00:11:58.192+0000] {processor.py:829} INFO - Processing file /home/airflow/.local/lib/python3.8/site-packages/airflow/example_dags/example_complex.py for tasks to queue
[2023-11-03T00:11:58.194+0000] {logging_mixin.py:151} INFO - [2023-11-03T00:11:58.194+0000] {dagbag.py:536} INFO - Filling up the DagBag from /home/airflow/.local/lib/python3.8/site-packages/airflow/example_dags/example_complex.py
[2023-11-03T00:11:58.206+0000] {processor.py:839} INFO - DAG(s) dict_keys(['example_complex']) retrieved from /home/airflow/.local/lib/python3.8/site-packages/airflow/example_dags/example_complex.py
[2023-11-03T00:11:58.241+0000] {logging_mixin.py:151} INFO - [2023-11-03T00:11:58.241+0000] {dag.py:2941} INFO - Sync 1 DAGs
[2023-11-03T00:11:58.256+0000] {logging_mixin.py:151} INFO - [2023-11-03T00:11:58.255+0000] {dag.py:3722} INFO - Setting next_dagrun for example_complex to None, run_after=None
[2023-11-03T00:11:58.285+0000] {processor.py:179} INFO - Processing /home/airflow/.local/lib/python3.8/site-packages/airflow/example_dags/example_complex.py took 0.099 seconds
[2023-11-03T00:12:28.696+0000] {processor.py:157} INFO - Started process (PID=2559) to work on /home/airflow/.local/lib/python3.8/site-packages/airflow/example_dags/example_complex.py
[2023-11-03T00:12:28.697+0000] {processor.py:829} INFO - Processing file /home/airflow/.local/lib/python3.8/site-packages/airflow/example_dags/example_complex.py for tasks to queue
[2023-11-03T00:12:28.699+0000] {logging_mixin.py:151} INFO - [2023-11-03T00:12:28.699+0000] {dagbag.py:536} INFO - Filling up the DagBag from /home/airflow/.local/lib/python3.8/site-packages/airflow/example_dags/example_complex.py
[2023-11-03T00:12:28.712+0000] {processor.py:839} INFO - DAG(s) dict_keys(['example_complex']) retrieved from /home/airflow/.local/lib/python3.8/site-packages/airflow/example_dags/example_complex.py
[2023-11-03T00:12:28.752+0000] {logging_mixin.py:151} INFO - [2023-11-03T00:12:28.752+0000] {dag.py:2941} INFO - Sync 1 DAGs
[2023-11-03T00:12:28.966+0000] {logging_mixin.py:151} INFO - [2023-11-03T00:12:28.966+0000] {dag.py:3722} INFO - Setting next_dagrun for example_complex to None, run_after=None
[2023-11-03T00:12:29.011+0000] {processor.py:179} INFO - Processing /home/airflow/.local/lib/python3.8/site-packages/airflow/example_dags/example_complex.py took 0.318 seconds
[2023-11-03T00:12:59.120+0000] {processor.py:157} INFO - Started process (PID=2613) to work on /home/airflow/.local/lib/python3.8/site-packages/airflow/example_dags/example_complex.py
[2023-11-03T00:12:59.122+0000] {processor.py:829} INFO - Processing file /home/airflow/.local/lib/python3.8/site-packages/airflow/example_dags/example_complex.py for tasks to queue
[2023-11-03T00:12:59.124+0000] {logging_mixin.py:151} INFO - [2023-11-03T00:12:59.124+0000] {dagbag.py:536} INFO - Filling up the DagBag from /home/airflow/.local/lib/python3.8/site-packages/airflow/example_dags/example_complex.py
[2023-11-03T00:12:59.139+0000] {processor.py:839} INFO - DAG(s) dict_keys(['example_complex']) retrieved from /home/airflow/.local/lib/python3.8/site-packages/airflow/example_dags/example_complex.py
[2023-11-03T00:12:59.179+0000] {logging_mixin.py:151} INFO - [2023-11-03T00:12:59.179+0000] {dag.py:2941} INFO - Sync 1 DAGs
[2023-11-03T00:12:59.195+0000] {logging_mixin.py:151} INFO - [2023-11-03T00:12:59.194+0000] {dag.py:3722} INFO - Setting next_dagrun for example_complex to None, run_after=None
[2023-11-03T00:12:59.226+0000] {processor.py:179} INFO - Processing /home/airflow/.local/lib/python3.8/site-packages/airflow/example_dags/example_complex.py took 0.110 seconds
[2023-11-03T00:13:29.953+0000] {processor.py:157} INFO - Started process (PID=2667) to work on /home/airflow/.local/lib/python3.8/site-packages/airflow/example_dags/example_complex.py
[2023-11-03T00:13:29.955+0000] {processor.py:829} INFO - Processing file /home/airflow/.local/lib/python3.8/site-packages/airflow/example_dags/example_complex.py for tasks to queue
[2023-11-03T00:13:29.959+0000] {logging_mixin.py:151} INFO - [2023-11-03T00:13:29.958+0000] {dagbag.py:536} INFO - Filling up the DagBag from /home/airflow/.local/lib/python3.8/site-packages/airflow/example_dags/example_complex.py
[2023-11-03T00:13:30.183+0000] {processor.py:839} INFO - DAG(s) dict_keys(['example_complex']) retrieved from /home/airflow/.local/lib/python3.8/site-packages/airflow/example_dags/example_complex.py
[2023-11-03T00:13:30.218+0000] {logging_mixin.py:151} INFO - [2023-11-03T00:13:30.218+0000] {dag.py:2941} INFO - Sync 1 DAGs
[2023-11-03T00:13:30.234+0000] {logging_mixin.py:151} INFO - [2023-11-03T00:13:30.233+0000] {dag.py:3722} INFO - Setting next_dagrun for example_complex to None, run_after=None
[2023-11-03T00:13:30.266+0000] {processor.py:179} INFO - Processing /home/airflow/.local/lib/python3.8/site-packages/airflow/example_dags/example_complex.py took 0.317 seconds
[2023-11-03T00:14:01.228+0000] {processor.py:157} INFO - Started process (PID=2722) to work on /home/airflow/.local/lib/python3.8/site-packages/airflow/example_dags/example_complex.py
[2023-11-03T00:14:01.230+0000] {processor.py:829} INFO - Processing file /home/airflow/.local/lib/python3.8/site-packages/airflow/example_dags/example_complex.py for tasks to queue
[2023-11-03T00:14:01.232+0000] {logging_mixin.py:151} INFO - [2023-11-03T00:14:01.232+0000] {dagbag.py:536} INFO - Filling up the DagBag from /home/airflow/.local/lib/python3.8/site-packages/airflow/example_dags/example_complex.py
[2023-11-03T00:14:01.243+0000] {processor.py:839} INFO - DAG(s) dict_keys(['example_complex']) retrieved from /home/airflow/.local/lib/python3.8/site-packages/airflow/example_dags/example_complex.py
[2023-11-03T00:14:01.294+0000] {logging_mixin.py:151} INFO - [2023-11-03T00:14:01.293+0000] {dag.py:2941} INFO - Sync 1 DAGs
[2023-11-03T00:14:01.310+0000] {logging_mixin.py:151} INFO - [2023-11-03T00:14:01.309+0000] {dag.py:3722} INFO - Setting next_dagrun for example_complex to None, run_after=None
[2023-11-03T00:14:01.341+0000] {processor.py:179} INFO - Processing /home/airflow/.local/lib/python3.8/site-packages/airflow/example_dags/example_complex.py took 0.116 seconds
[2023-11-03T00:14:32.252+0000] {processor.py:157} INFO - Started process (PID=2776) to work on /home/airflow/.local/lib/python3.8/site-packages/airflow/example_dags/example_complex.py
[2023-11-03T00:14:32.253+0000] {processor.py:829} INFO - Processing file /home/airflow/.local/lib/python3.8/site-packages/airflow/example_dags/example_complex.py for tasks to queue
[2023-11-03T00:14:32.255+0000] {logging_mixin.py:151} INFO - [2023-11-03T00:14:32.255+0000] {dagbag.py:536} INFO - Filling up the DagBag from /home/airflow/.local/lib/python3.8/site-packages/airflow/example_dags/example_complex.py
[2023-11-03T00:14:32.265+0000] {processor.py:839} INFO - DAG(s) dict_keys(['example_complex']) retrieved from /home/airflow/.local/lib/python3.8/site-packages/airflow/example_dags/example_complex.py
[2023-11-03T00:14:32.305+0000] {logging_mixin.py:151} INFO - [2023-11-03T00:14:32.305+0000] {dag.py:2941} INFO - Sync 1 DAGs
[2023-11-03T00:14:32.319+0000] {logging_mixin.py:151} INFO - [2023-11-03T00:14:32.318+0000] {dag.py:3722} INFO - Setting next_dagrun for example_complex to None, run_after=None
[2023-11-03T00:14:32.345+0000] {processor.py:179} INFO - Processing /home/airflow/.local/lib/python3.8/site-packages/airflow/example_dags/example_complex.py took 0.097 seconds
[2023-11-03T00:15:02.767+0000] {processor.py:157} INFO - Started process (PID=2830) to work on /home/airflow/.local/lib/python3.8/site-packages/airflow/example_dags/example_complex.py
[2023-11-03T00:15:02.769+0000] {processor.py:829} INFO - Processing file /home/airflow/.local/lib/python3.8/site-packages/airflow/example_dags/example_complex.py for tasks to queue
[2023-11-03T00:15:02.771+0000] {logging_mixin.py:151} INFO - [2023-11-03T00:15:02.771+0000] {dagbag.py:536} INFO - Filling up the DagBag from /home/airflow/.local/lib/python3.8/site-packages/airflow/example_dags/example_complex.py
[2023-11-03T00:15:02.784+0000] {processor.py:839} INFO - DAG(s) dict_keys(['example_complex']) retrieved from /home/airflow/.local/lib/python3.8/site-packages/airflow/example_dags/example_complex.py
[2023-11-03T00:15:02.820+0000] {logging_mixin.py:151} INFO - [2023-11-03T00:15:02.820+0000] {dag.py:2941} INFO - Sync 1 DAGs
[2023-11-03T00:15:02.836+0000] {logging_mixin.py:151} INFO - [2023-11-03T00:15:02.835+0000] {dag.py:3722} INFO - Setting next_dagrun for example_complex to None, run_after=None
[2023-11-03T00:15:02.874+0000] {processor.py:179} INFO - Processing /home/airflow/.local/lib/python3.8/site-packages/airflow/example_dags/example_complex.py took 0.110 seconds
[2023-11-03T00:15:32.952+0000] {processor.py:157} INFO - Started process (PID=2884) to work on /home/airflow/.local/lib/python3.8/site-packages/airflow/example_dags/example_complex.py
[2023-11-03T00:15:32.953+0000] {processor.py:829} INFO - Processing file /home/airflow/.local/lib/python3.8/site-packages/airflow/example_dags/example_complex.py for tasks to queue
[2023-11-03T00:15:32.955+0000] {logging_mixin.py:151} INFO - [2023-11-03T00:15:32.955+0000] {dagbag.py:536} INFO - Filling up the DagBag from /home/airflow/.local/lib/python3.8/site-packages/airflow/example_dags/example_complex.py
[2023-11-03T00:15:32.977+0000] {processor.py:839} INFO - DAG(s) dict_keys(['example_complex']) retrieved from /home/airflow/.local/lib/python3.8/site-packages/airflow/example_dags/example_complex.py
[2023-11-03T00:15:33.036+0000] {logging_mixin.py:151} INFO - [2023-11-03T00:15:33.036+0000] {dag.py:2941} INFO - Sync 1 DAGs
[2023-11-03T00:15:33.053+0000] {logging_mixin.py:151} INFO - [2023-11-03T00:15:33.053+0000] {dag.py:3722} INFO - Setting next_dagrun for example_complex to None, run_after=None
[2023-11-03T00:15:33.098+0000] {processor.py:179} INFO - Processing /home/airflow/.local/lib/python3.8/site-packages/airflow/example_dags/example_complex.py took 0.150 seconds
[2023-11-03T00:16:03.159+0000] {processor.py:157} INFO - Started process (PID=2937) to work on /home/airflow/.local/lib/python3.8/site-packages/airflow/example_dags/example_complex.py
[2023-11-03T00:16:03.161+0000] {processor.py:829} INFO - Processing file /home/airflow/.local/lib/python3.8/site-packages/airflow/example_dags/example_complex.py for tasks to queue
[2023-11-03T00:16:03.164+0000] {logging_mixin.py:151} INFO - [2023-11-03T00:16:03.164+0000] {dagbag.py:536} INFO - Filling up the DagBag from /home/airflow/.local/lib/python3.8/site-packages/airflow/example_dags/example_complex.py
[2023-11-03T00:16:03.181+0000] {processor.py:839} INFO - DAG(s) dict_keys(['example_complex']) retrieved from /home/airflow/.local/lib/python3.8/site-packages/airflow/example_dags/example_complex.py
[2023-11-03T00:16:03.214+0000] {logging_mixin.py:151} INFO - [2023-11-03T00:16:03.213+0000] {dag.py:2941} INFO - Sync 1 DAGs
[2023-11-03T00:16:03.228+0000] {logging_mixin.py:151} INFO - [2023-11-03T00:16:03.228+0000] {dag.py:3722} INFO - Setting next_dagrun for example_complex to None, run_after=None
[2023-11-03T00:16:03.276+0000] {processor.py:179} INFO - Processing /home/airflow/.local/lib/python3.8/site-packages/airflow/example_dags/example_complex.py took 0.122 seconds
[2023-11-03T00:16:33.352+0000] {processor.py:157} INFO - Started process (PID=2991) to work on /home/airflow/.local/lib/python3.8/site-packages/airflow/example_dags/example_complex.py
[2023-11-03T00:16:33.353+0000] {processor.py:829} INFO - Processing file /home/airflow/.local/lib/python3.8/site-packages/airflow/example_dags/example_complex.py for tasks to queue
[2023-11-03T00:16:33.355+0000] {logging_mixin.py:151} INFO - [2023-11-03T00:16:33.355+0000] {dagbag.py:536} INFO - Filling up the DagBag from /home/airflow/.local/lib/python3.8/site-packages/airflow/example_dags/example_complex.py
[2023-11-03T00:16:33.366+0000] {processor.py:839} INFO - DAG(s) dict_keys(['example_complex']) retrieved from /home/airflow/.local/lib/python3.8/site-packages/airflow/example_dags/example_complex.py
[2023-11-03T00:16:33.399+0000] {logging_mixin.py:151} INFO - [2023-11-03T00:16:33.399+0000] {dag.py:2941} INFO - Sync 1 DAGs
[2023-11-03T00:16:33.412+0000] {logging_mixin.py:151} INFO - [2023-11-03T00:16:33.412+0000] {dag.py:3722} INFO - Setting next_dagrun for example_complex to None, run_after=None
[2023-11-03T00:16:33.438+0000] {processor.py:179} INFO - Processing /home/airflow/.local/lib/python3.8/site-packages/airflow/example_dags/example_complex.py took 0.089 seconds
[2023-11-03T00:17:03.508+0000] {processor.py:157} INFO - Started process (PID=3045) to work on /home/airflow/.local/lib/python3.8/site-packages/airflow/example_dags/example_complex.py
[2023-11-03T00:17:03.509+0000] {processor.py:829} INFO - Processing file /home/airflow/.local/lib/python3.8/site-packages/airflow/example_dags/example_complex.py for tasks to queue
[2023-11-03T00:17:03.511+0000] {logging_mixin.py:151} INFO - [2023-11-03T00:17:03.511+0000] {dagbag.py:536} INFO - Filling up the DagBag from /home/airflow/.local/lib/python3.8/site-packages/airflow/example_dags/example_complex.py
[2023-11-03T00:17:03.521+0000] {processor.py:839} INFO - DAG(s) dict_keys(['example_complex']) retrieved from /home/airflow/.local/lib/python3.8/site-packages/airflow/example_dags/example_complex.py
[2023-11-03T00:17:03.557+0000] {logging_mixin.py:151} INFO - [2023-11-03T00:17:03.557+0000] {dag.py:2941} INFO - Sync 1 DAGs
[2023-11-03T00:17:03.569+0000] {logging_mixin.py:151} INFO - [2023-11-03T00:17:03.569+0000] {dag.py:3722} INFO - Setting next_dagrun for example_complex to None, run_after=None
[2023-11-03T00:17:03.594+0000] {processor.py:179} INFO - Processing /home/airflow/.local/lib/python3.8/site-packages/airflow/example_dags/example_complex.py took 0.089 seconds
[2023-11-03T00:17:33.644+0000] {processor.py:157} INFO - Started process (PID=3099) to work on /home/airflow/.local/lib/python3.8/site-packages/airflow/example_dags/example_complex.py
[2023-11-03T00:17:33.644+0000] {processor.py:829} INFO - Processing file /home/airflow/.local/lib/python3.8/site-packages/airflow/example_dags/example_complex.py for tasks to queue
[2023-11-03T00:17:33.646+0000] {logging_mixin.py:151} INFO - [2023-11-03T00:17:33.646+0000] {dagbag.py:536} INFO - Filling up the DagBag from /home/airflow/.local/lib/python3.8/site-packages/airflow/example_dags/example_complex.py
[2023-11-03T00:17:33.658+0000] {processor.py:839} INFO - DAG(s) dict_keys(['example_complex']) retrieved from /home/airflow/.local/lib/python3.8/site-packages/airflow/example_dags/example_complex.py
[2023-11-03T00:17:33.693+0000] {logging_mixin.py:151} INFO - [2023-11-03T00:17:33.692+0000] {dag.py:2941} INFO - Sync 1 DAGs
[2023-11-03T00:17:33.706+0000] {logging_mixin.py:151} INFO - [2023-11-03T00:17:33.706+0000] {dag.py:3722} INFO - Setting next_dagrun for example_complex to None, run_after=None
[2023-11-03T00:17:33.736+0000] {processor.py:179} INFO - Processing /home/airflow/.local/lib/python3.8/site-packages/airflow/example_dags/example_complex.py took 0.096 seconds
[2023-11-03T00:18:03.907+0000] {processor.py:157} INFO - Started process (PID=3153) to work on /home/airflow/.local/lib/python3.8/site-packages/airflow/example_dags/example_complex.py
[2023-11-03T00:18:03.909+0000] {processor.py:829} INFO - Processing file /home/airflow/.local/lib/python3.8/site-packages/airflow/example_dags/example_complex.py for tasks to queue
[2023-11-03T00:18:03.914+0000] {logging_mixin.py:151} INFO - [2023-11-03T00:18:03.913+0000] {dagbag.py:536} INFO - Filling up the DagBag from /home/airflow/.local/lib/python3.8/site-packages/airflow/example_dags/example_complex.py
[2023-11-03T00:18:03.927+0000] {processor.py:839} INFO - DAG(s) dict_keys(['example_complex']) retrieved from /home/airflow/.local/lib/python3.8/site-packages/airflow/example_dags/example_complex.py
[2023-11-03T00:18:03.970+0000] {logging_mixin.py:151} INFO - [2023-11-03T00:18:03.970+0000] {dag.py:2941} INFO - Sync 1 DAGs
[2023-11-03T00:18:03.988+0000] {logging_mixin.py:151} INFO - [2023-11-03T00:18:03.988+0000] {dag.py:3722} INFO - Setting next_dagrun for example_complex to None, run_after=None
[2023-11-03T00:18:04.024+0000] {processor.py:179} INFO - Processing /home/airflow/.local/lib/python3.8/site-packages/airflow/example_dags/example_complex.py took 0.124 seconds
[2023-11-03T00:18:34.111+0000] {processor.py:157} INFO - Started process (PID=3207) to work on /home/airflow/.local/lib/python3.8/site-packages/airflow/example_dags/example_complex.py
[2023-11-03T00:18:34.112+0000] {processor.py:829} INFO - Processing file /home/airflow/.local/lib/python3.8/site-packages/airflow/example_dags/example_complex.py for tasks to queue
[2023-11-03T00:18:34.114+0000] {logging_mixin.py:151} INFO - [2023-11-03T00:18:34.113+0000] {dagbag.py:536} INFO - Filling up the DagBag from /home/airflow/.local/lib/python3.8/site-packages/airflow/example_dags/example_complex.py
[2023-11-03T00:18:34.125+0000] {processor.py:839} INFO - DAG(s) dict_keys(['example_complex']) retrieved from /home/airflow/.local/lib/python3.8/site-packages/airflow/example_dags/example_complex.py
[2023-11-03T00:18:34.160+0000] {logging_mixin.py:151} INFO - [2023-11-03T00:18:34.160+0000] {dag.py:2941} INFO - Sync 1 DAGs
[2023-11-03T00:18:34.176+0000] {logging_mixin.py:151} INFO - [2023-11-03T00:18:34.176+0000] {dag.py:3722} INFO - Setting next_dagrun for example_complex to None, run_after=None
[2023-11-03T00:18:34.210+0000] {processor.py:179} INFO - Processing /home/airflow/.local/lib/python3.8/site-packages/airflow/example_dags/example_complex.py took 0.103 seconds
[2023-11-03T00:19:04.723+0000] {processor.py:157} INFO - Started process (PID=3261) to work on /home/airflow/.local/lib/python3.8/site-packages/airflow/example_dags/example_complex.py
[2023-11-03T00:19:04.725+0000] {processor.py:829} INFO - Processing file /home/airflow/.local/lib/python3.8/site-packages/airflow/example_dags/example_complex.py for tasks to queue
[2023-11-03T00:19:04.727+0000] {logging_mixin.py:151} INFO - [2023-11-03T00:19:04.727+0000] {dagbag.py:536} INFO - Filling up the DagBag from /home/airflow/.local/lib/python3.8/site-packages/airflow/example_dags/example_complex.py
[2023-11-03T00:19:04.739+0000] {processor.py:839} INFO - DAG(s) dict_keys(['example_complex']) retrieved from /home/airflow/.local/lib/python3.8/site-packages/airflow/example_dags/example_complex.py
[2023-11-03T00:19:04.783+0000] {logging_mixin.py:151} INFO - [2023-11-03T00:19:04.783+0000] {dag.py:2941} INFO - Sync 1 DAGs
[2023-11-03T00:19:04.799+0000] {logging_mixin.py:151} INFO - [2023-11-03T00:19:04.799+0000] {dag.py:3722} INFO - Setting next_dagrun for example_complex to None, run_after=None
[2023-11-03T00:19:04.834+0000] {processor.py:179} INFO - Processing /home/airflow/.local/lib/python3.8/site-packages/airflow/example_dags/example_complex.py took 0.114 seconds
[2023-11-03T00:19:35.115+0000] {processor.py:157} INFO - Started process (PID=3315) to work on /home/airflow/.local/lib/python3.8/site-packages/airflow/example_dags/example_complex.py
[2023-11-03T00:19:35.116+0000] {processor.py:829} INFO - Processing file /home/airflow/.local/lib/python3.8/site-packages/airflow/example_dags/example_complex.py for tasks to queue
[2023-11-03T00:19:35.119+0000] {logging_mixin.py:151} INFO - [2023-11-03T00:19:35.118+0000] {dagbag.py:536} INFO - Filling up the DagBag from /home/airflow/.local/lib/python3.8/site-packages/airflow/example_dags/example_complex.py
[2023-11-03T00:19:35.130+0000] {processor.py:839} INFO - DAG(s) dict_keys(['example_complex']) retrieved from /home/airflow/.local/lib/python3.8/site-packages/airflow/example_dags/example_complex.py
[2023-11-03T00:19:35.169+0000] {logging_mixin.py:151} INFO - [2023-11-03T00:19:35.168+0000] {dag.py:2941} INFO - Sync 1 DAGs
[2023-11-03T00:19:35.184+0000] {logging_mixin.py:151} INFO - [2023-11-03T00:19:35.184+0000] {dag.py:3722} INFO - Setting next_dagrun for example_complex to None, run_after=None
[2023-11-03T00:19:35.208+0000] {processor.py:179} INFO - Processing /home/airflow/.local/lib/python3.8/site-packages/airflow/example_dags/example_complex.py took 0.096 seconds
[2023-11-03T00:20:05.317+0000] {processor.py:157} INFO - Started process (PID=3369) to work on /home/airflow/.local/lib/python3.8/site-packages/airflow/example_dags/example_complex.py
[2023-11-03T00:20:05.319+0000] {processor.py:829} INFO - Processing file /home/airflow/.local/lib/python3.8/site-packages/airflow/example_dags/example_complex.py for tasks to queue
[2023-11-03T00:20:05.321+0000] {logging_mixin.py:151} INFO - [2023-11-03T00:20:05.321+0000] {dagbag.py:536} INFO - Filling up the DagBag from /home/airflow/.local/lib/python3.8/site-packages/airflow/example_dags/example_complex.py
[2023-11-03T00:20:05.332+0000] {processor.py:839} INFO - DAG(s) dict_keys(['example_complex']) retrieved from /home/airflow/.local/lib/python3.8/site-packages/airflow/example_dags/example_complex.py
[2023-11-03T00:20:05.368+0000] {logging_mixin.py:151} INFO - [2023-11-03T00:20:05.368+0000] {dag.py:2941} INFO - Sync 1 DAGs
[2023-11-03T00:20:05.381+0000] {logging_mixin.py:151} INFO - [2023-11-03T00:20:05.381+0000] {dag.py:3722} INFO - Setting next_dagrun for example_complex to None, run_after=None
[2023-11-03T00:20:05.420+0000] {processor.py:179} INFO - Processing /home/airflow/.local/lib/python3.8/site-packages/airflow/example_dags/example_complex.py took 0.105 seconds
[2023-11-03T00:20:35.687+0000] {processor.py:157} INFO - Started process (PID=3423) to work on /home/airflow/.local/lib/python3.8/site-packages/airflow/example_dags/example_complex.py
[2023-11-03T00:20:35.688+0000] {processor.py:829} INFO - Processing file /home/airflow/.local/lib/python3.8/site-packages/airflow/example_dags/example_complex.py for tasks to queue
[2023-11-03T00:20:35.690+0000] {logging_mixin.py:151} INFO - [2023-11-03T00:20:35.690+0000] {dagbag.py:536} INFO - Filling up the DagBag from /home/airflow/.local/lib/python3.8/site-packages/airflow/example_dags/example_complex.py
[2023-11-03T00:20:35.703+0000] {processor.py:839} INFO - DAG(s) dict_keys(['example_complex']) retrieved from /home/airflow/.local/lib/python3.8/site-packages/airflow/example_dags/example_complex.py
[2023-11-03T00:20:35.738+0000] {logging_mixin.py:151} INFO - [2023-11-03T00:20:35.738+0000] {dag.py:2941} INFO - Sync 1 DAGs
[2023-11-03T00:20:35.752+0000] {logging_mixin.py:151} INFO - [2023-11-03T00:20:35.751+0000] {dag.py:3722} INFO - Setting next_dagrun for example_complex to None, run_after=None
[2023-11-03T00:20:35.785+0000] {processor.py:179} INFO - Processing /home/airflow/.local/lib/python3.8/site-packages/airflow/example_dags/example_complex.py took 0.101 seconds
[2023-11-03T00:21:05.948+0000] {processor.py:157} INFO - Started process (PID=3477) to work on /home/airflow/.local/lib/python3.8/site-packages/airflow/example_dags/example_complex.py
[2023-11-03T00:21:05.949+0000] {processor.py:829} INFO - Processing file /home/airflow/.local/lib/python3.8/site-packages/airflow/example_dags/example_complex.py for tasks to queue
[2023-11-03T00:21:05.952+0000] {logging_mixin.py:151} INFO - [2023-11-03T00:21:05.951+0000] {dagbag.py:536} INFO - Filling up the DagBag from /home/airflow/.local/lib/python3.8/site-packages/airflow/example_dags/example_complex.py
[2023-11-03T00:21:05.963+0000] {processor.py:839} INFO - DAG(s) dict_keys(['example_complex']) retrieved from /home/airflow/.local/lib/python3.8/site-packages/airflow/example_dags/example_complex.py
[2023-11-03T00:21:06.000+0000] {logging_mixin.py:151} INFO - [2023-11-03T00:21:06.000+0000] {dag.py:2941} INFO - Sync 1 DAGs
[2023-11-03T00:21:06.015+0000] {logging_mixin.py:151} INFO - [2023-11-03T00:21:06.014+0000] {dag.py:3722} INFO - Setting next_dagrun for example_complex to None, run_after=None
[2023-11-03T00:21:06.046+0000] {processor.py:179} INFO - Processing /home/airflow/.local/lib/python3.8/site-packages/airflow/example_dags/example_complex.py took 0.101 seconds
[2023-11-03T00:21:36.201+0000] {processor.py:157} INFO - Started process (PID=3531) to work on /home/airflow/.local/lib/python3.8/site-packages/airflow/example_dags/example_complex.py
[2023-11-03T00:21:36.202+0000] {processor.py:829} INFO - Processing file /home/airflow/.local/lib/python3.8/site-packages/airflow/example_dags/example_complex.py for tasks to queue
[2023-11-03T00:21:36.204+0000] {logging_mixin.py:151} INFO - [2023-11-03T00:21:36.204+0000] {dagbag.py:536} INFO - Filling up the DagBag from /home/airflow/.local/lib/python3.8/site-packages/airflow/example_dags/example_complex.py
[2023-11-03T00:21:36.217+0000] {processor.py:839} INFO - DAG(s) dict_keys(['example_complex']) retrieved from /home/airflow/.local/lib/python3.8/site-packages/airflow/example_dags/example_complex.py
[2023-11-03T00:21:36.255+0000] {logging_mixin.py:151} INFO - [2023-11-03T00:21:36.255+0000] {dag.py:2941} INFO - Sync 1 DAGs
[2023-11-03T00:21:36.269+0000] {logging_mixin.py:151} INFO - [2023-11-03T00:21:36.269+0000] {dag.py:3722} INFO - Setting next_dagrun for example_complex to None, run_after=None
[2023-11-03T00:21:36.302+0000] {processor.py:179} INFO - Processing /home/airflow/.local/lib/python3.8/site-packages/airflow/example_dags/example_complex.py took 0.104 seconds
[2023-11-03T00:22:06.651+0000] {processor.py:157} INFO - Started process (PID=3585) to work on /home/airflow/.local/lib/python3.8/site-packages/airflow/example_dags/example_complex.py
[2023-11-03T00:22:06.652+0000] {processor.py:829} INFO - Processing file /home/airflow/.local/lib/python3.8/site-packages/airflow/example_dags/example_complex.py for tasks to queue
[2023-11-03T00:22:06.655+0000] {logging_mixin.py:151} INFO - [2023-11-03T00:22:06.654+0000] {dagbag.py:536} INFO - Filling up the DagBag from /home/airflow/.local/lib/python3.8/site-packages/airflow/example_dags/example_complex.py
[2023-11-03T00:22:06.666+0000] {processor.py:839} INFO - DAG(s) dict_keys(['example_complex']) retrieved from /home/airflow/.local/lib/python3.8/site-packages/airflow/example_dags/example_complex.py
[2023-11-03T00:22:06.700+0000] {logging_mixin.py:151} INFO - [2023-11-03T00:22:06.700+0000] {dag.py:2941} INFO - Sync 1 DAGs
[2023-11-03T00:22:06.713+0000] {logging_mixin.py:151} INFO - [2023-11-03T00:22:06.713+0000] {dag.py:3722} INFO - Setting next_dagrun for example_complex to None, run_after=None
[2023-11-03T00:22:06.750+0000] {processor.py:179} INFO - Processing /home/airflow/.local/lib/python3.8/site-packages/airflow/example_dags/example_complex.py took 0.102 seconds
[2023-11-03T00:22:36.943+0000] {processor.py:157} INFO - Started process (PID=3639) to work on /home/airflow/.local/lib/python3.8/site-packages/airflow/example_dags/example_complex.py
[2023-11-03T00:22:36.944+0000] {processor.py:829} INFO - Processing file /home/airflow/.local/lib/python3.8/site-packages/airflow/example_dags/example_complex.py for tasks to queue
[2023-11-03T00:22:36.948+0000] {logging_mixin.py:151} INFO - [2023-11-03T00:22:36.947+0000] {dagbag.py:536} INFO - Filling up the DagBag from /home/airflow/.local/lib/python3.8/site-packages/airflow/example_dags/example_complex.py
[2023-11-03T00:22:36.964+0000] {processor.py:839} INFO - DAG(s) dict_keys(['example_complex']) retrieved from /home/airflow/.local/lib/python3.8/site-packages/airflow/example_dags/example_complex.py
[2023-11-03T00:22:37.022+0000] {logging_mixin.py:151} INFO - [2023-11-03T00:22:37.022+0000] {dag.py:2941} INFO - Sync 1 DAGs
[2023-11-03T00:22:37.040+0000] {logging_mixin.py:151} INFO - [2023-11-03T00:22:37.040+0000] {dag.py:3722} INFO - Setting next_dagrun for example_complex to None, run_after=None
[2023-11-03T00:22:37.081+0000] {processor.py:179} INFO - Processing /home/airflow/.local/lib/python3.8/site-packages/airflow/example_dags/example_complex.py took 0.142 seconds
[2023-11-03T00:23:07.420+0000] {processor.py:157} INFO - Started process (PID=3693) to work on /home/airflow/.local/lib/python3.8/site-packages/airflow/example_dags/example_complex.py
[2023-11-03T00:23:07.421+0000] {processor.py:829} INFO - Processing file /home/airflow/.local/lib/python3.8/site-packages/airflow/example_dags/example_complex.py for tasks to queue
[2023-11-03T00:23:07.423+0000] {logging_mixin.py:151} INFO - [2023-11-03T00:23:07.423+0000] {dagbag.py:536} INFO - Filling up the DagBag from /home/airflow/.local/lib/python3.8/site-packages/airflow/example_dags/example_complex.py
[2023-11-03T00:23:07.435+0000] {processor.py:839} INFO - DAG(s) dict_keys(['example_complex']) retrieved from /home/airflow/.local/lib/python3.8/site-packages/airflow/example_dags/example_complex.py
[2023-11-03T00:23:07.471+0000] {logging_mixin.py:151} INFO - [2023-11-03T00:23:07.470+0000] {dag.py:2941} INFO - Sync 1 DAGs
[2023-11-03T00:23:07.484+0000] {logging_mixin.py:151} INFO - [2023-11-03T00:23:07.484+0000] {dag.py:3722} INFO - Setting next_dagrun for example_complex to None, run_after=None
[2023-11-03T00:23:07.519+0000] {processor.py:179} INFO - Processing /home/airflow/.local/lib/python3.8/site-packages/airflow/example_dags/example_complex.py took 0.102 seconds
[2023-11-03T00:23:38.035+0000] {processor.py:157} INFO - Started process (PID=3747) to work on /home/airflow/.local/lib/python3.8/site-packages/airflow/example_dags/example_complex.py
[2023-11-03T00:23:38.036+0000] {processor.py:829} INFO - Processing file /home/airflow/.local/lib/python3.8/site-packages/airflow/example_dags/example_complex.py for tasks to queue
[2023-11-03T00:23:38.038+0000] {logging_mixin.py:151} INFO - [2023-11-03T00:23:38.037+0000] {dagbag.py:536} INFO - Filling up the DagBag from /home/airflow/.local/lib/python3.8/site-packages/airflow/example_dags/example_complex.py
[2023-11-03T00:23:38.049+0000] {processor.py:839} INFO - DAG(s) dict_keys(['example_complex']) retrieved from /home/airflow/.local/lib/python3.8/site-packages/airflow/example_dags/example_complex.py
[2023-11-03T00:23:38.089+0000] {logging_mixin.py:151} INFO - [2023-11-03T00:23:38.088+0000] {dag.py:2941} INFO - Sync 1 DAGs
[2023-11-03T00:23:38.103+0000] {logging_mixin.py:151} INFO - [2023-11-03T00:23:38.103+0000] {dag.py:3722} INFO - Setting next_dagrun for example_complex to None, run_after=None
[2023-11-03T00:23:38.135+0000] {processor.py:179} INFO - Processing /home/airflow/.local/lib/python3.8/site-packages/airflow/example_dags/example_complex.py took 0.104 seconds
[2023-11-03T00:24:08.216+0000] {processor.py:157} INFO - Started process (PID=3801) to work on /home/airflow/.local/lib/python3.8/site-packages/airflow/example_dags/example_complex.py
[2023-11-03T00:24:08.218+0000] {processor.py:829} INFO - Processing file /home/airflow/.local/lib/python3.8/site-packages/airflow/example_dags/example_complex.py for tasks to queue
[2023-11-03T00:24:08.220+0000] {logging_mixin.py:151} INFO - [2023-11-03T00:24:08.220+0000] {dagbag.py:536} INFO - Filling up the DagBag from /home/airflow/.local/lib/python3.8/site-packages/airflow/example_dags/example_complex.py
[2023-11-03T00:24:08.233+0000] {processor.py:839} INFO - DAG(s) dict_keys(['example_complex']) retrieved from /home/airflow/.local/lib/python3.8/site-packages/airflow/example_dags/example_complex.py
[2023-11-03T00:24:08.275+0000] {logging_mixin.py:151} INFO - [2023-11-03T00:24:08.275+0000] {dag.py:2941} INFO - Sync 1 DAGs
[2023-11-03T00:24:08.290+0000] {logging_mixin.py:151} INFO - [2023-11-03T00:24:08.289+0000] {dag.py:3722} INFO - Setting next_dagrun for example_complex to None, run_after=None
[2023-11-03T00:24:08.316+0000] {processor.py:179} INFO - Processing /home/airflow/.local/lib/python3.8/site-packages/airflow/example_dags/example_complex.py took 0.108 seconds
[2023-11-03T00:24:38.518+0000] {processor.py:157} INFO - Started process (PID=3856) to work on /home/airflow/.local/lib/python3.8/site-packages/airflow/example_dags/example_complex.py
[2023-11-03T00:24:38.519+0000] {processor.py:829} INFO - Processing file /home/airflow/.local/lib/python3.8/site-packages/airflow/example_dags/example_complex.py for tasks to queue
[2023-11-03T00:24:38.521+0000] {logging_mixin.py:151} INFO - [2023-11-03T00:24:38.521+0000] {dagbag.py:536} INFO - Filling up the DagBag from /home/airflow/.local/lib/python3.8/site-packages/airflow/example_dags/example_complex.py
[2023-11-03T00:24:38.533+0000] {processor.py:839} INFO - DAG(s) dict_keys(['example_complex']) retrieved from /home/airflow/.local/lib/python3.8/site-packages/airflow/example_dags/example_complex.py
[2023-11-03T00:24:38.572+0000] {logging_mixin.py:151} INFO - [2023-11-03T00:24:38.571+0000] {dag.py:2941} INFO - Sync 1 DAGs
[2023-11-03T00:24:38.586+0000] {logging_mixin.py:151} INFO - [2023-11-03T00:24:38.586+0000] {dag.py:3722} INFO - Setting next_dagrun for example_complex to None, run_after=None
[2023-11-03T00:24:38.615+0000] {processor.py:179} INFO - Processing /home/airflow/.local/lib/python3.8/site-packages/airflow/example_dags/example_complex.py took 0.101 seconds
[2023-11-03T00:25:08.658+0000] {processor.py:157} INFO - Started process (PID=3909) to work on /home/airflow/.local/lib/python3.8/site-packages/airflow/example_dags/example_complex.py
[2023-11-03T00:25:08.660+0000] {processor.py:829} INFO - Processing file /home/airflow/.local/lib/python3.8/site-packages/airflow/example_dags/example_complex.py for tasks to queue
[2023-11-03T00:25:08.662+0000] {logging_mixin.py:151} INFO - [2023-11-03T00:25:08.662+0000] {dagbag.py:536} INFO - Filling up the DagBag from /home/airflow/.local/lib/python3.8/site-packages/airflow/example_dags/example_complex.py
[2023-11-03T00:25:08.673+0000] {processor.py:839} INFO - DAG(s) dict_keys(['example_complex']) retrieved from /home/airflow/.local/lib/python3.8/site-packages/airflow/example_dags/example_complex.py
[2023-11-03T00:25:08.715+0000] {logging_mixin.py:151} INFO - [2023-11-03T00:25:08.715+0000] {dag.py:2941} INFO - Sync 1 DAGs
[2023-11-03T00:25:08.744+0000] {logging_mixin.py:151} INFO - [2023-11-03T00:25:08.743+0000] {dag.py:3722} INFO - Setting next_dagrun for example_complex to None, run_after=None
[2023-11-03T00:25:08.783+0000] {processor.py:179} INFO - Processing /home/airflow/.local/lib/python3.8/site-packages/airflow/example_dags/example_complex.py took 0.127 seconds
[2023-11-03T00:25:38.849+0000] {processor.py:157} INFO - Started process (PID=3963) to work on /home/airflow/.local/lib/python3.8/site-packages/airflow/example_dags/example_complex.py
[2023-11-03T00:25:38.850+0000] {processor.py:829} INFO - Processing file /home/airflow/.local/lib/python3.8/site-packages/airflow/example_dags/example_complex.py for tasks to queue
[2023-11-03T00:25:38.852+0000] {logging_mixin.py:151} INFO - [2023-11-03T00:25:38.852+0000] {dagbag.py:536} INFO - Filling up the DagBag from /home/airflow/.local/lib/python3.8/site-packages/airflow/example_dags/example_complex.py
[2023-11-03T00:25:38.864+0000] {processor.py:839} INFO - DAG(s) dict_keys(['example_complex']) retrieved from /home/airflow/.local/lib/python3.8/site-packages/airflow/example_dags/example_complex.py
[2023-11-03T00:25:38.901+0000] {logging_mixin.py:151} INFO - [2023-11-03T00:25:38.901+0000] {dag.py:2941} INFO - Sync 1 DAGs
[2023-11-03T00:25:38.932+0000] {logging_mixin.py:151} INFO - [2023-11-03T00:25:38.932+0000] {dag.py:3722} INFO - Setting next_dagrun for example_complex to None, run_after=None
[2023-11-03T00:25:38.955+0000] {processor.py:179} INFO - Processing /home/airflow/.local/lib/python3.8/site-packages/airflow/example_dags/example_complex.py took 0.110 seconds
[2023-11-03T00:26:09.181+0000] {processor.py:157} INFO - Started process (PID=4017) to work on /home/airflow/.local/lib/python3.8/site-packages/airflow/example_dags/example_complex.py
[2023-11-03T00:26:09.182+0000] {processor.py:829} INFO - Processing file /home/airflow/.local/lib/python3.8/site-packages/airflow/example_dags/example_complex.py for tasks to queue
[2023-11-03T00:26:09.185+0000] {logging_mixin.py:151} INFO - [2023-11-03T00:26:09.185+0000] {dagbag.py:536} INFO - Filling up the DagBag from /home/airflow/.local/lib/python3.8/site-packages/airflow/example_dags/example_complex.py
[2023-11-03T00:26:09.197+0000] {processor.py:839} INFO - DAG(s) dict_keys(['example_complex']) retrieved from /home/airflow/.local/lib/python3.8/site-packages/airflow/example_dags/example_complex.py
[2023-11-03T00:26:09.235+0000] {logging_mixin.py:151} INFO - [2023-11-03T00:26:09.234+0000] {dag.py:2941} INFO - Sync 1 DAGs
[2023-11-03T00:26:09.250+0000] {logging_mixin.py:151} INFO - [2023-11-03T00:26:09.250+0000] {dag.py:3722} INFO - Setting next_dagrun for example_complex to None, run_after=None
[2023-11-03T00:26:09.280+0000] {processor.py:179} INFO - Processing /home/airflow/.local/lib/python3.8/site-packages/airflow/example_dags/example_complex.py took 0.103 seconds
[2023-11-03T00:26:39.377+0000] {processor.py:157} INFO - Started process (PID=4071) to work on /home/airflow/.local/lib/python3.8/site-packages/airflow/example_dags/example_complex.py
[2023-11-03T00:26:39.379+0000] {processor.py:829} INFO - Processing file /home/airflow/.local/lib/python3.8/site-packages/airflow/example_dags/example_complex.py for tasks to queue
[2023-11-03T00:26:39.381+0000] {logging_mixin.py:151} INFO - [2023-11-03T00:26:39.380+0000] {dagbag.py:536} INFO - Filling up the DagBag from /home/airflow/.local/lib/python3.8/site-packages/airflow/example_dags/example_complex.py
[2023-11-03T00:26:39.392+0000] {processor.py:839} INFO - DAG(s) dict_keys(['example_complex']) retrieved from /home/airflow/.local/lib/python3.8/site-packages/airflow/example_dags/example_complex.py
[2023-11-03T00:26:39.431+0000] {logging_mixin.py:151} INFO - [2023-11-03T00:26:39.431+0000] {dag.py:2941} INFO - Sync 1 DAGs
[2023-11-03T00:26:39.443+0000] {logging_mixin.py:151} INFO - [2023-11-03T00:26:39.443+0000] {dag.py:3722} INFO - Setting next_dagrun for example_complex to None, run_after=None
[2023-11-03T00:26:39.472+0000] {processor.py:179} INFO - Processing /home/airflow/.local/lib/python3.8/site-packages/airflow/example_dags/example_complex.py took 0.098 seconds
[2023-11-03T00:27:09.538+0000] {processor.py:157} INFO - Started process (PID=4125) to work on /home/airflow/.local/lib/python3.8/site-packages/airflow/example_dags/example_complex.py
[2023-11-03T00:27:09.540+0000] {processor.py:829} INFO - Processing file /home/airflow/.local/lib/python3.8/site-packages/airflow/example_dags/example_complex.py for tasks to queue
[2023-11-03T00:27:09.542+0000] {logging_mixin.py:151} INFO - [2023-11-03T00:27:09.542+0000] {dagbag.py:536} INFO - Filling up the DagBag from /home/airflow/.local/lib/python3.8/site-packages/airflow/example_dags/example_complex.py
[2023-11-03T00:27:09.554+0000] {processor.py:839} INFO - DAG(s) dict_keys(['example_complex']) retrieved from /home/airflow/.local/lib/python3.8/site-packages/airflow/example_dags/example_complex.py
[2023-11-03T00:27:09.588+0000] {logging_mixin.py:151} INFO - [2023-11-03T00:27:09.587+0000] {dag.py:2941} INFO - Sync 1 DAGs
[2023-11-03T00:27:09.603+0000] {logging_mixin.py:151} INFO - [2023-11-03T00:27:09.603+0000] {dag.py:3722} INFO - Setting next_dagrun for example_complex to None, run_after=None
[2023-11-03T00:27:09.632+0000] {processor.py:179} INFO - Processing /home/airflow/.local/lib/python3.8/site-packages/airflow/example_dags/example_complex.py took 0.096 seconds
[2023-11-03T00:27:39.717+0000] {processor.py:157} INFO - Started process (PID=4179) to work on /home/airflow/.local/lib/python3.8/site-packages/airflow/example_dags/example_complex.py
[2023-11-03T00:27:39.719+0000] {processor.py:829} INFO - Processing file /home/airflow/.local/lib/python3.8/site-packages/airflow/example_dags/example_complex.py for tasks to queue
[2023-11-03T00:27:39.721+0000] {logging_mixin.py:151} INFO - [2023-11-03T00:27:39.721+0000] {dagbag.py:536} INFO - Filling up the DagBag from /home/airflow/.local/lib/python3.8/site-packages/airflow/example_dags/example_complex.py
[2023-11-03T00:27:39.732+0000] {processor.py:839} INFO - DAG(s) dict_keys(['example_complex']) retrieved from /home/airflow/.local/lib/python3.8/site-packages/airflow/example_dags/example_complex.py
[2023-11-03T00:27:39.766+0000] {logging_mixin.py:151} INFO - [2023-11-03T00:27:39.766+0000] {dag.py:2941} INFO - Sync 1 DAGs
[2023-11-03T00:27:39.779+0000] {logging_mixin.py:151} INFO - [2023-11-03T00:27:39.779+0000] {dag.py:3722} INFO - Setting next_dagrun for example_complex to None, run_after=None
[2023-11-03T00:27:39.808+0000] {processor.py:179} INFO - Processing /home/airflow/.local/lib/python3.8/site-packages/airflow/example_dags/example_complex.py took 0.094 seconds
[2023-11-03T00:28:09.902+0000] {processor.py:157} INFO - Started process (PID=4233) to work on /home/airflow/.local/lib/python3.8/site-packages/airflow/example_dags/example_complex.py
[2023-11-03T00:28:09.904+0000] {processor.py:829} INFO - Processing file /home/airflow/.local/lib/python3.8/site-packages/airflow/example_dags/example_complex.py for tasks to queue
[2023-11-03T00:28:09.906+0000] {logging_mixin.py:151} INFO - [2023-11-03T00:28:09.905+0000] {dagbag.py:536} INFO - Filling up the DagBag from /home/airflow/.local/lib/python3.8/site-packages/airflow/example_dags/example_complex.py
[2023-11-03T00:28:09.917+0000] {processor.py:839} INFO - DAG(s) dict_keys(['example_complex']) retrieved from /home/airflow/.local/lib/python3.8/site-packages/airflow/example_dags/example_complex.py
[2023-11-03T00:28:09.952+0000] {logging_mixin.py:151} INFO - [2023-11-03T00:28:09.952+0000] {dag.py:2941} INFO - Sync 1 DAGs
[2023-11-03T00:28:09.966+0000] {logging_mixin.py:151} INFO - [2023-11-03T00:28:09.966+0000] {dag.py:3722} INFO - Setting next_dagrun for example_complex to None, run_after=None
[2023-11-03T00:28:09.994+0000] {processor.py:179} INFO - Processing /home/airflow/.local/lib/python3.8/site-packages/airflow/example_dags/example_complex.py took 0.095 seconds
[2023-11-03T00:28:40.118+0000] {processor.py:157} INFO - Started process (PID=4287) to work on /home/airflow/.local/lib/python3.8/site-packages/airflow/example_dags/example_complex.py
[2023-11-03T00:28:40.119+0000] {processor.py:829} INFO - Processing file /home/airflow/.local/lib/python3.8/site-packages/airflow/example_dags/example_complex.py for tasks to queue
[2023-11-03T00:28:40.121+0000] {logging_mixin.py:151} INFO - [2023-11-03T00:28:40.121+0000] {dagbag.py:536} INFO - Filling up the DagBag from /home/airflow/.local/lib/python3.8/site-packages/airflow/example_dags/example_complex.py
[2023-11-03T00:28:40.132+0000] {processor.py:839} INFO - DAG(s) dict_keys(['example_complex']) retrieved from /home/airflow/.local/lib/python3.8/site-packages/airflow/example_dags/example_complex.py
[2023-11-03T00:28:40.168+0000] {logging_mixin.py:151} INFO - [2023-11-03T00:28:40.168+0000] {dag.py:2941} INFO - Sync 1 DAGs
[2023-11-03T00:28:40.184+0000] {logging_mixin.py:151} INFO - [2023-11-03T00:28:40.183+0000] {dag.py:3722} INFO - Setting next_dagrun for example_complex to None, run_after=None
[2023-11-03T00:28:40.210+0000] {processor.py:179} INFO - Processing /home/airflow/.local/lib/python3.8/site-packages/airflow/example_dags/example_complex.py took 0.096 seconds
[2023-11-03T00:29:10.278+0000] {processor.py:157} INFO - Started process (PID=4342) to work on /home/airflow/.local/lib/python3.8/site-packages/airflow/example_dags/example_complex.py
[2023-11-03T00:29:10.278+0000] {processor.py:829} INFO - Processing file /home/airflow/.local/lib/python3.8/site-packages/airflow/example_dags/example_complex.py for tasks to queue
[2023-11-03T00:29:10.280+0000] {logging_mixin.py:151} INFO - [2023-11-03T00:29:10.280+0000] {dagbag.py:536} INFO - Filling up the DagBag from /home/airflow/.local/lib/python3.8/site-packages/airflow/example_dags/example_complex.py
[2023-11-03T00:29:10.292+0000] {processor.py:839} INFO - DAG(s) dict_keys(['example_complex']) retrieved from /home/airflow/.local/lib/python3.8/site-packages/airflow/example_dags/example_complex.py
[2023-11-03T00:29:10.326+0000] {logging_mixin.py:151} INFO - [2023-11-03T00:29:10.326+0000] {dag.py:2941} INFO - Sync 1 DAGs
[2023-11-03T00:29:10.340+0000] {logging_mixin.py:151} INFO - [2023-11-03T00:29:10.340+0000] {dag.py:3722} INFO - Setting next_dagrun for example_complex to None, run_after=None
[2023-11-03T00:29:10.369+0000] {processor.py:179} INFO - Processing /home/airflow/.local/lib/python3.8/site-packages/airflow/example_dags/example_complex.py took 0.095 seconds
[2023-11-03T00:29:40.551+0000] {processor.py:157} INFO - Started process (PID=4396) to work on /home/airflow/.local/lib/python3.8/site-packages/airflow/example_dags/example_complex.py
[2023-11-03T00:29:40.552+0000] {processor.py:829} INFO - Processing file /home/airflow/.local/lib/python3.8/site-packages/airflow/example_dags/example_complex.py for tasks to queue
[2023-11-03T00:29:40.554+0000] {logging_mixin.py:151} INFO - [2023-11-03T00:29:40.554+0000] {dagbag.py:536} INFO - Filling up the DagBag from /home/airflow/.local/lib/python3.8/site-packages/airflow/example_dags/example_complex.py
[2023-11-03T00:29:40.566+0000] {processor.py:839} INFO - DAG(s) dict_keys(['example_complex']) retrieved from /home/airflow/.local/lib/python3.8/site-packages/airflow/example_dags/example_complex.py
[2023-11-03T00:29:40.601+0000] {logging_mixin.py:151} INFO - [2023-11-03T00:29:40.600+0000] {dag.py:2941} INFO - Sync 1 DAGs
[2023-11-03T00:29:40.615+0000] {logging_mixin.py:151} INFO - [2023-11-03T00:29:40.615+0000] {dag.py:3722} INFO - Setting next_dagrun for example_complex to None, run_after=None
[2023-11-03T00:29:40.644+0000] {processor.py:179} INFO - Processing /home/airflow/.local/lib/python3.8/site-packages/airflow/example_dags/example_complex.py took 0.097 seconds
[2023-11-03T00:30:10.938+0000] {processor.py:157} INFO - Started process (PID=4449) to work on /home/airflow/.local/lib/python3.8/site-packages/airflow/example_dags/example_complex.py
[2023-11-03T00:30:10.938+0000] {processor.py:829} INFO - Processing file /home/airflow/.local/lib/python3.8/site-packages/airflow/example_dags/example_complex.py for tasks to queue
[2023-11-03T00:30:10.940+0000] {logging_mixin.py:151} INFO - [2023-11-03T00:30:10.940+0000] {dagbag.py:536} INFO - Filling up the DagBag from /home/airflow/.local/lib/python3.8/site-packages/airflow/example_dags/example_complex.py
[2023-11-03T00:30:10.951+0000] {processor.py:839} INFO - DAG(s) dict_keys(['example_complex']) retrieved from /home/airflow/.local/lib/python3.8/site-packages/airflow/example_dags/example_complex.py
[2023-11-03T00:30:10.985+0000] {logging_mixin.py:151} INFO - [2023-11-03T00:30:10.985+0000] {dag.py:2941} INFO - Sync 1 DAGs
[2023-11-03T00:30:10.998+0000] {logging_mixin.py:151} INFO - [2023-11-03T00:30:10.998+0000] {dag.py:3722} INFO - Setting next_dagrun for example_complex to None, run_after=None
[2023-11-03T00:30:11.025+0000] {processor.py:179} INFO - Processing /home/airflow/.local/lib/python3.8/site-packages/airflow/example_dags/example_complex.py took 0.090 seconds
[2023-11-03T00:30:41.763+0000] {processor.py:157} INFO - Started process (PID=4503) to work on /home/airflow/.local/lib/python3.8/site-packages/airflow/example_dags/example_complex.py
[2023-11-03T00:30:41.765+0000] {processor.py:829} INFO - Processing file /home/airflow/.local/lib/python3.8/site-packages/airflow/example_dags/example_complex.py for tasks to queue
[2023-11-03T00:30:41.767+0000] {logging_mixin.py:151} INFO - [2023-11-03T00:30:41.767+0000] {dagbag.py:536} INFO - Filling up the DagBag from /home/airflow/.local/lib/python3.8/site-packages/airflow/example_dags/example_complex.py
[2023-11-03T00:30:41.781+0000] {processor.py:839} INFO - DAG(s) dict_keys(['example_complex']) retrieved from /home/airflow/.local/lib/python3.8/site-packages/airflow/example_dags/example_complex.py
[2023-11-03T00:30:41.829+0000] {logging_mixin.py:151} INFO - [2023-11-03T00:30:41.828+0000] {dag.py:2941} INFO - Sync 1 DAGs
[2023-11-03T00:30:41.847+0000] {logging_mixin.py:151} INFO - [2023-11-03T00:30:41.846+0000] {dag.py:3722} INFO - Setting next_dagrun for example_complex to None, run_after=None
[2023-11-03T00:30:41.880+0000] {processor.py:179} INFO - Processing /home/airflow/.local/lib/python3.8/site-packages/airflow/example_dags/example_complex.py took 0.120 seconds
