[2023-11-03T00:00:09.011+0000] {processor.py:157} INFO - Started process (PID=1239) to work on /home/airflow/.local/lib/python3.8/site-packages/airflow/example_dags/example_xcomargs.py
[2023-11-03T00:00:09.012+0000] {processor.py:829} INFO - Processing file /home/airflow/.local/lib/python3.8/site-packages/airflow/example_dags/example_xcomargs.py for tasks to queue
[2023-11-03T00:00:09.015+0000] {logging_mixin.py:151} INFO - [2023-11-03T00:00:09.014+0000] {dagbag.py:536} INFO - Filling up the DagBag from /home/airflow/.local/lib/python3.8/site-packages/airflow/example_dags/example_xcomargs.py
[2023-11-03T00:00:09.022+0000] {processor.py:839} INFO - DAG(s) dict_keys(['example_xcom_args', 'example_xcom_args_with_operators']) retrieved from /home/airflow/.local/lib/python3.8/site-packages/airflow/example_dags/example_xcomargs.py
[2023-11-03T00:00:09.054+0000] {logging_mixin.py:151} INFO - [2023-11-03T00:00:09.054+0000] {dag.py:2941} INFO - Sync 2 DAGs
[2023-11-03T00:00:09.069+0000] {logging_mixin.py:151} INFO - [2023-11-03T00:00:09.069+0000] {dag.py:3722} INFO - Setting next_dagrun for example_xcom_args to None, run_after=None
[2023-11-03T00:00:09.073+0000] {logging_mixin.py:151} INFO - [2023-11-03T00:00:09.073+0000] {dag.py:3722} INFO - Setting next_dagrun for example_xcom_args_with_operators to None, run_after=None
[2023-11-03T00:00:09.137+0000] {processor.py:179} INFO - Processing /home/airflow/.local/lib/python3.8/site-packages/airflow/example_dags/example_xcomargs.py took 0.130 seconds
[2023-11-03T00:00:40.084+0000] {processor.py:157} INFO - Started process (PID=1293) to work on /home/airflow/.local/lib/python3.8/site-packages/airflow/example_dags/example_xcomargs.py
[2023-11-03T00:00:40.086+0000] {processor.py:829} INFO - Processing file /home/airflow/.local/lib/python3.8/site-packages/airflow/example_dags/example_xcomargs.py for tasks to queue
[2023-11-03T00:00:40.088+0000] {logging_mixin.py:151} INFO - [2023-11-03T00:00:40.088+0000] {dagbag.py:536} INFO - Filling up the DagBag from /home/airflow/.local/lib/python3.8/site-packages/airflow/example_dags/example_xcomargs.py
[2023-11-03T00:00:40.100+0000] {processor.py:839} INFO - DAG(s) dict_keys(['example_xcom_args', 'example_xcom_args_with_operators']) retrieved from /home/airflow/.local/lib/python3.8/site-packages/airflow/example_dags/example_xcomargs.py
[2023-11-03T00:00:40.143+0000] {logging_mixin.py:151} INFO - [2023-11-03T00:00:40.143+0000] {dag.py:2941} INFO - Sync 2 DAGs
[2023-11-03T00:00:40.165+0000] {logging_mixin.py:151} INFO - [2023-11-03T00:00:40.164+0000] {dag.py:3722} INFO - Setting next_dagrun for example_xcom_args to None, run_after=None
[2023-11-03T00:00:40.171+0000] {logging_mixin.py:151} INFO - [2023-11-03T00:00:40.170+0000] {dag.py:3722} INFO - Setting next_dagrun for example_xcom_args_with_operators to None, run_after=None
[2023-11-03T00:00:40.224+0000] {processor.py:179} INFO - Processing /home/airflow/.local/lib/python3.8/site-packages/airflow/example_dags/example_xcomargs.py took 0.145 seconds
[2023-11-03T00:01:10.875+0000] {processor.py:157} INFO - Started process (PID=1347) to work on /home/airflow/.local/lib/python3.8/site-packages/airflow/example_dags/example_xcomargs.py
[2023-11-03T00:01:10.876+0000] {processor.py:829} INFO - Processing file /home/airflow/.local/lib/python3.8/site-packages/airflow/example_dags/example_xcomargs.py for tasks to queue
[2023-11-03T00:01:10.879+0000] {logging_mixin.py:151} INFO - [2023-11-03T00:01:10.879+0000] {dagbag.py:536} INFO - Filling up the DagBag from /home/airflow/.local/lib/python3.8/site-packages/airflow/example_dags/example_xcomargs.py
[2023-11-03T00:01:10.887+0000] {processor.py:839} INFO - DAG(s) dict_keys(['example_xcom_args_with_operators', 'example_xcom_args']) retrieved from /home/airflow/.local/lib/python3.8/site-packages/airflow/example_dags/example_xcomargs.py
[2023-11-03T00:01:10.919+0000] {logging_mixin.py:151} INFO - [2023-11-03T00:01:10.919+0000] {dag.py:2941} INFO - Sync 2 DAGs
[2023-11-03T00:01:10.936+0000] {logging_mixin.py:151} INFO - [2023-11-03T00:01:10.936+0000] {dag.py:3722} INFO - Setting next_dagrun for example_xcom_args to None, run_after=None
[2023-11-03T00:01:10.941+0000] {logging_mixin.py:151} INFO - [2023-11-03T00:01:10.940+0000] {dag.py:3722} INFO - Setting next_dagrun for example_xcom_args_with_operators to None, run_after=None
[2023-11-03T00:01:10.970+0000] {processor.py:179} INFO - Processing /home/airflow/.local/lib/python3.8/site-packages/airflow/example_dags/example_xcomargs.py took 0.099 seconds
[2023-11-03T00:01:41.270+0000] {processor.py:157} INFO - Started process (PID=1401) to work on /home/airflow/.local/lib/python3.8/site-packages/airflow/example_dags/example_xcomargs.py
[2023-11-03T00:01:41.272+0000] {processor.py:829} INFO - Processing file /home/airflow/.local/lib/python3.8/site-packages/airflow/example_dags/example_xcomargs.py for tasks to queue
[2023-11-03T00:01:41.274+0000] {logging_mixin.py:151} INFO - [2023-11-03T00:01:41.273+0000] {dagbag.py:536} INFO - Filling up the DagBag from /home/airflow/.local/lib/python3.8/site-packages/airflow/example_dags/example_xcomargs.py
[2023-11-03T00:01:41.284+0000] {processor.py:839} INFO - DAG(s) dict_keys(['example_xcom_args_with_operators', 'example_xcom_args']) retrieved from /home/airflow/.local/lib/python3.8/site-packages/airflow/example_dags/example_xcomargs.py
[2023-11-03T00:01:41.320+0000] {logging_mixin.py:151} INFO - [2023-11-03T00:01:41.320+0000] {dag.py:2941} INFO - Sync 2 DAGs
[2023-11-03T00:01:41.335+0000] {logging_mixin.py:151} INFO - [2023-11-03T00:01:41.334+0000] {dag.py:3722} INFO - Setting next_dagrun for example_xcom_args to None, run_after=None
[2023-11-03T00:01:41.339+0000] {logging_mixin.py:151} INFO - [2023-11-03T00:01:41.338+0000] {dag.py:3722} INFO - Setting next_dagrun for example_xcom_args_with_operators to None, run_after=None
[2023-11-03T00:01:41.365+0000] {processor.py:179} INFO - Processing /home/airflow/.local/lib/python3.8/site-packages/airflow/example_dags/example_xcomargs.py took 0.098 seconds
[2023-11-03T00:02:12.159+0000] {processor.py:157} INFO - Started process (PID=1455) to work on /home/airflow/.local/lib/python3.8/site-packages/airflow/example_dags/example_xcomargs.py
[2023-11-03T00:02:12.161+0000] {processor.py:829} INFO - Processing file /home/airflow/.local/lib/python3.8/site-packages/airflow/example_dags/example_xcomargs.py for tasks to queue
[2023-11-03T00:02:12.163+0000] {logging_mixin.py:151} INFO - [2023-11-03T00:02:12.163+0000] {dagbag.py:536} INFO - Filling up the DagBag from /home/airflow/.local/lib/python3.8/site-packages/airflow/example_dags/example_xcomargs.py
[2023-11-03T00:02:12.172+0000] {processor.py:839} INFO - DAG(s) dict_keys(['example_xcom_args_with_operators', 'example_xcom_args']) retrieved from /home/airflow/.local/lib/python3.8/site-packages/airflow/example_dags/example_xcomargs.py
[2023-11-03T00:02:12.204+0000] {logging_mixin.py:151} INFO - [2023-11-03T00:02:12.204+0000] {dag.py:2941} INFO - Sync 2 DAGs
[2023-11-03T00:02:12.221+0000] {logging_mixin.py:151} INFO - [2023-11-03T00:02:12.221+0000] {dag.py:3722} INFO - Setting next_dagrun for example_xcom_args to None, run_after=None
[2023-11-03T00:02:12.227+0000] {logging_mixin.py:151} INFO - [2023-11-03T00:02:12.227+0000] {dag.py:3722} INFO - Setting next_dagrun for example_xcom_args_with_operators to None, run_after=None
[2023-11-03T00:02:12.255+0000] {processor.py:179} INFO - Processing /home/airflow/.local/lib/python3.8/site-packages/airflow/example_dags/example_xcomargs.py took 0.099 seconds
[2023-11-03T00:02:42.498+0000] {processor.py:157} INFO - Started process (PID=1509) to work on /home/airflow/.local/lib/python3.8/site-packages/airflow/example_dags/example_xcomargs.py
[2023-11-03T00:02:42.499+0000] {processor.py:829} INFO - Processing file /home/airflow/.local/lib/python3.8/site-packages/airflow/example_dags/example_xcomargs.py for tasks to queue
[2023-11-03T00:02:42.501+0000] {logging_mixin.py:151} INFO - [2023-11-03T00:02:42.501+0000] {dagbag.py:536} INFO - Filling up the DagBag from /home/airflow/.local/lib/python3.8/site-packages/airflow/example_dags/example_xcomargs.py
[2023-11-03T00:02:42.510+0000] {processor.py:839} INFO - DAG(s) dict_keys(['example_xcom_args', 'example_xcom_args_with_operators']) retrieved from /home/airflow/.local/lib/python3.8/site-packages/airflow/example_dags/example_xcomargs.py
[2023-11-03T00:02:42.539+0000] {logging_mixin.py:151} INFO - [2023-11-03T00:02:42.539+0000] {dag.py:2941} INFO - Sync 2 DAGs
[2023-11-03T00:02:42.554+0000] {logging_mixin.py:151} INFO - [2023-11-03T00:02:42.553+0000] {dag.py:3722} INFO - Setting next_dagrun for example_xcom_args to None, run_after=None
[2023-11-03T00:02:42.558+0000] {logging_mixin.py:151} INFO - [2023-11-03T00:02:42.557+0000] {dag.py:3722} INFO - Setting next_dagrun for example_xcom_args_with_operators to None, run_after=None
[2023-11-03T00:02:42.580+0000] {processor.py:179} INFO - Processing /home/airflow/.local/lib/python3.8/site-packages/airflow/example_dags/example_xcomargs.py took 0.086 seconds
[2023-11-03T00:03:12.975+0000] {processor.py:157} INFO - Started process (PID=1563) to work on /home/airflow/.local/lib/python3.8/site-packages/airflow/example_dags/example_xcomargs.py
[2023-11-03T00:03:12.976+0000] {processor.py:829} INFO - Processing file /home/airflow/.local/lib/python3.8/site-packages/airflow/example_dags/example_xcomargs.py for tasks to queue
[2023-11-03T00:03:12.979+0000] {logging_mixin.py:151} INFO - [2023-11-03T00:03:12.978+0000] {dagbag.py:536} INFO - Filling up the DagBag from /home/airflow/.local/lib/python3.8/site-packages/airflow/example_dags/example_xcomargs.py
[2023-11-03T00:03:12.991+0000] {processor.py:839} INFO - DAG(s) dict_keys(['example_xcom_args_with_operators', 'example_xcom_args']) retrieved from /home/airflow/.local/lib/python3.8/site-packages/airflow/example_dags/example_xcomargs.py
[2023-11-03T00:03:13.027+0000] {logging_mixin.py:151} INFO - [2023-11-03T00:03:13.027+0000] {dag.py:2941} INFO - Sync 2 DAGs
[2023-11-03T00:03:13.044+0000] {logging_mixin.py:151} INFO - [2023-11-03T00:03:13.044+0000] {dag.py:3722} INFO - Setting next_dagrun for example_xcom_args to None, run_after=None
[2023-11-03T00:03:13.049+0000] {logging_mixin.py:151} INFO - [2023-11-03T00:03:13.049+0000] {dag.py:3722} INFO - Setting next_dagrun for example_xcom_args_with_operators to None, run_after=None
[2023-11-03T00:03:13.080+0000] {processor.py:179} INFO - Processing /home/airflow/.local/lib/python3.8/site-packages/airflow/example_dags/example_xcomargs.py took 0.108 seconds
[2023-11-03T00:03:43.610+0000] {processor.py:157} INFO - Started process (PID=1617) to work on /home/airflow/.local/lib/python3.8/site-packages/airflow/example_dags/example_xcomargs.py
[2023-11-03T00:03:43.611+0000] {processor.py:829} INFO - Processing file /home/airflow/.local/lib/python3.8/site-packages/airflow/example_dags/example_xcomargs.py for tasks to queue
[2023-11-03T00:03:43.613+0000] {logging_mixin.py:151} INFO - [2023-11-03T00:03:43.613+0000] {dagbag.py:536} INFO - Filling up the DagBag from /home/airflow/.local/lib/python3.8/site-packages/airflow/example_dags/example_xcomargs.py
[2023-11-03T00:03:43.621+0000] {processor.py:839} INFO - DAG(s) dict_keys(['example_xcom_args_with_operators', 'example_xcom_args']) retrieved from /home/airflow/.local/lib/python3.8/site-packages/airflow/example_dags/example_xcomargs.py
[2023-11-03T00:03:43.652+0000] {logging_mixin.py:151} INFO - [2023-11-03T00:03:43.652+0000] {dag.py:2941} INFO - Sync 2 DAGs
[2023-11-03T00:03:43.665+0000] {logging_mixin.py:151} INFO - [2023-11-03T00:03:43.665+0000] {dag.py:3722} INFO - Setting next_dagrun for example_xcom_args to None, run_after=None
[2023-11-03T00:03:43.670+0000] {logging_mixin.py:151} INFO - [2023-11-03T00:03:43.670+0000] {dag.py:3722} INFO - Setting next_dagrun for example_xcom_args_with_operators to None, run_after=None
[2023-11-03T00:03:43.696+0000] {processor.py:179} INFO - Processing /home/airflow/.local/lib/python3.8/site-packages/airflow/example_dags/example_xcomargs.py took 0.089 seconds
[2023-11-03T00:04:13.939+0000] {processor.py:157} INFO - Started process (PID=1670) to work on /home/airflow/.local/lib/python3.8/site-packages/airflow/example_dags/example_xcomargs.py
[2023-11-03T00:04:13.941+0000] {processor.py:829} INFO - Processing file /home/airflow/.local/lib/python3.8/site-packages/airflow/example_dags/example_xcomargs.py for tasks to queue
[2023-11-03T00:04:13.943+0000] {logging_mixin.py:151} INFO - [2023-11-03T00:04:13.943+0000] {dagbag.py:536} INFO - Filling up the DagBag from /home/airflow/.local/lib/python3.8/site-packages/airflow/example_dags/example_xcomargs.py
[2023-11-03T00:04:13.954+0000] {processor.py:839} INFO - DAG(s) dict_keys(['example_xcom_args_with_operators', 'example_xcom_args']) retrieved from /home/airflow/.local/lib/python3.8/site-packages/airflow/example_dags/example_xcomargs.py
[2023-11-03T00:04:13.992+0000] {logging_mixin.py:151} INFO - [2023-11-03T00:04:13.992+0000] {dag.py:2941} INFO - Sync 2 DAGs
[2023-11-03T00:04:14.010+0000] {logging_mixin.py:151} INFO - [2023-11-03T00:04:14.010+0000] {dag.py:3722} INFO - Setting next_dagrun for example_xcom_args to None, run_after=None
[2023-11-03T00:04:14.016+0000] {logging_mixin.py:151} INFO - [2023-11-03T00:04:14.015+0000] {dag.py:3722} INFO - Setting next_dagrun for example_xcom_args_with_operators to None, run_after=None
[2023-11-03T00:04:14.046+0000] {processor.py:179} INFO - Processing /home/airflow/.local/lib/python3.8/site-packages/airflow/example_dags/example_xcomargs.py took 0.110 seconds
[2023-11-03T00:04:44.454+0000] {processor.py:157} INFO - Started process (PID=1724) to work on /home/airflow/.local/lib/python3.8/site-packages/airflow/example_dags/example_xcomargs.py
[2023-11-03T00:04:44.455+0000] {processor.py:829} INFO - Processing file /home/airflow/.local/lib/python3.8/site-packages/airflow/example_dags/example_xcomargs.py for tasks to queue
[2023-11-03T00:04:44.457+0000] {logging_mixin.py:151} INFO - [2023-11-03T00:04:44.457+0000] {dagbag.py:536} INFO - Filling up the DagBag from /home/airflow/.local/lib/python3.8/site-packages/airflow/example_dags/example_xcomargs.py
[2023-11-03T00:04:44.466+0000] {processor.py:839} INFO - DAG(s) dict_keys(['example_xcom_args', 'example_xcom_args_with_operators']) retrieved from /home/airflow/.local/lib/python3.8/site-packages/airflow/example_dags/example_xcomargs.py
[2023-11-03T00:04:44.496+0000] {logging_mixin.py:151} INFO - [2023-11-03T00:04:44.495+0000] {dag.py:2941} INFO - Sync 2 DAGs
[2023-11-03T00:04:44.511+0000] {logging_mixin.py:151} INFO - [2023-11-03T00:04:44.511+0000] {dag.py:3722} INFO - Setting next_dagrun for example_xcom_args to None, run_after=None
[2023-11-03T00:04:44.516+0000] {logging_mixin.py:151} INFO - [2023-11-03T00:04:44.515+0000] {dag.py:3722} INFO - Setting next_dagrun for example_xcom_args_with_operators to None, run_after=None
[2023-11-03T00:04:44.546+0000] {processor.py:179} INFO - Processing /home/airflow/.local/lib/python3.8/site-packages/airflow/example_dags/example_xcomargs.py took 0.096 seconds
[2023-11-03T00:05:15.410+0000] {processor.py:157} INFO - Started process (PID=1778) to work on /home/airflow/.local/lib/python3.8/site-packages/airflow/example_dags/example_xcomargs.py
[2023-11-03T00:05:15.411+0000] {processor.py:829} INFO - Processing file /home/airflow/.local/lib/python3.8/site-packages/airflow/example_dags/example_xcomargs.py for tasks to queue
[2023-11-03T00:05:15.414+0000] {logging_mixin.py:151} INFO - [2023-11-03T00:05:15.413+0000] {dagbag.py:536} INFO - Filling up the DagBag from /home/airflow/.local/lib/python3.8/site-packages/airflow/example_dags/example_xcomargs.py
[2023-11-03T00:05:15.426+0000] {processor.py:839} INFO - DAG(s) dict_keys(['example_xcom_args_with_operators', 'example_xcom_args']) retrieved from /home/airflow/.local/lib/python3.8/site-packages/airflow/example_dags/example_xcomargs.py
[2023-11-03T00:05:15.471+0000] {logging_mixin.py:151} INFO - [2023-11-03T00:05:15.471+0000] {dag.py:2941} INFO - Sync 2 DAGs
[2023-11-03T00:05:15.490+0000] {logging_mixin.py:151} INFO - [2023-11-03T00:05:15.489+0000] {dag.py:3722} INFO - Setting next_dagrun for example_xcom_args to None, run_after=None
[2023-11-03T00:05:15.494+0000] {logging_mixin.py:151} INFO - [2023-11-03T00:05:15.494+0000] {dag.py:3722} INFO - Setting next_dagrun for example_xcom_args_with_operators to None, run_after=None
[2023-11-03T00:05:15.531+0000] {processor.py:179} INFO - Processing /home/airflow/.local/lib/python3.8/site-packages/airflow/example_dags/example_xcomargs.py took 0.125 seconds
[2023-11-03T00:05:45.645+0000] {processor.py:157} INFO - Started process (PID=1832) to work on /home/airflow/.local/lib/python3.8/site-packages/airflow/example_dags/example_xcomargs.py
[2023-11-03T00:05:45.647+0000] {processor.py:829} INFO - Processing file /home/airflow/.local/lib/python3.8/site-packages/airflow/example_dags/example_xcomargs.py for tasks to queue
[2023-11-03T00:05:45.649+0000] {logging_mixin.py:151} INFO - [2023-11-03T00:05:45.649+0000] {dagbag.py:536} INFO - Filling up the DagBag from /home/airflow/.local/lib/python3.8/site-packages/airflow/example_dags/example_xcomargs.py
[2023-11-03T00:05:45.657+0000] {processor.py:839} INFO - DAG(s) dict_keys(['example_xcom_args_with_operators', 'example_xcom_args']) retrieved from /home/airflow/.local/lib/python3.8/site-packages/airflow/example_dags/example_xcomargs.py
[2023-11-03T00:05:45.692+0000] {logging_mixin.py:151} INFO - [2023-11-03T00:05:45.692+0000] {dag.py:2941} INFO - Sync 2 DAGs
[2023-11-03T00:05:45.707+0000] {logging_mixin.py:151} INFO - [2023-11-03T00:05:45.707+0000] {dag.py:3722} INFO - Setting next_dagrun for example_xcom_args to None, run_after=None
[2023-11-03T00:05:45.712+0000] {logging_mixin.py:151} INFO - [2023-11-03T00:05:45.712+0000] {dag.py:3722} INFO - Setting next_dagrun for example_xcom_args_with_operators to None, run_after=None
[2023-11-03T00:05:45.739+0000] {processor.py:179} INFO - Processing /home/airflow/.local/lib/python3.8/site-packages/airflow/example_dags/example_xcomargs.py took 0.097 seconds
[2023-11-03T00:06:15.902+0000] {processor.py:157} INFO - Started process (PID=1886) to work on /home/airflow/.local/lib/python3.8/site-packages/airflow/example_dags/example_xcomargs.py
[2023-11-03T00:06:15.903+0000] {processor.py:829} INFO - Processing file /home/airflow/.local/lib/python3.8/site-packages/airflow/example_dags/example_xcomargs.py for tasks to queue
[2023-11-03T00:06:15.905+0000] {logging_mixin.py:151} INFO - [2023-11-03T00:06:15.905+0000] {dagbag.py:536} INFO - Filling up the DagBag from /home/airflow/.local/lib/python3.8/site-packages/airflow/example_dags/example_xcomargs.py
[2023-11-03T00:06:15.912+0000] {processor.py:839} INFO - DAG(s) dict_keys(['example_xcom_args', 'example_xcom_args_with_operators']) retrieved from /home/airflow/.local/lib/python3.8/site-packages/airflow/example_dags/example_xcomargs.py
[2023-11-03T00:06:15.944+0000] {logging_mixin.py:151} INFO - [2023-11-03T00:06:15.944+0000] {dag.py:2941} INFO - Sync 2 DAGs
[2023-11-03T00:06:15.960+0000] {logging_mixin.py:151} INFO - [2023-11-03T00:06:15.960+0000] {dag.py:3722} INFO - Setting next_dagrun for example_xcom_args to None, run_after=None
[2023-11-03T00:06:15.964+0000] {logging_mixin.py:151} INFO - [2023-11-03T00:06:15.964+0000] {dag.py:3722} INFO - Setting next_dagrun for example_xcom_args_with_operators to None, run_after=None
[2023-11-03T00:06:15.988+0000] {processor.py:179} INFO - Processing /home/airflow/.local/lib/python3.8/site-packages/airflow/example_dags/example_xcomargs.py took 0.089 seconds
[2023-11-03T00:06:46.436+0000] {processor.py:157} INFO - Started process (PID=1941) to work on /home/airflow/.local/lib/python3.8/site-packages/airflow/example_dags/example_xcomargs.py
[2023-11-03T00:06:46.438+0000] {processor.py:829} INFO - Processing file /home/airflow/.local/lib/python3.8/site-packages/airflow/example_dags/example_xcomargs.py for tasks to queue
[2023-11-03T00:06:46.441+0000] {logging_mixin.py:151} INFO - [2023-11-03T00:06:46.441+0000] {dagbag.py:536} INFO - Filling up the DagBag from /home/airflow/.local/lib/python3.8/site-packages/airflow/example_dags/example_xcomargs.py
[2023-11-03T00:06:46.451+0000] {processor.py:839} INFO - DAG(s) dict_keys(['example_xcom_args', 'example_xcom_args_with_operators']) retrieved from /home/airflow/.local/lib/python3.8/site-packages/airflow/example_dags/example_xcomargs.py
[2023-11-03T00:06:46.486+0000] {logging_mixin.py:151} INFO - [2023-11-03T00:06:46.486+0000] {dag.py:2941} INFO - Sync 2 DAGs
[2023-11-03T00:06:46.501+0000] {logging_mixin.py:151} INFO - [2023-11-03T00:06:46.501+0000] {dag.py:3722} INFO - Setting next_dagrun for example_xcom_args to None, run_after=None
[2023-11-03T00:06:46.505+0000] {logging_mixin.py:151} INFO - [2023-11-03T00:06:46.505+0000] {dag.py:3722} INFO - Setting next_dagrun for example_xcom_args_with_operators to None, run_after=None
[2023-11-03T00:06:46.532+0000] {processor.py:179} INFO - Processing /home/airflow/.local/lib/python3.8/site-packages/airflow/example_dags/example_xcomargs.py took 0.098 seconds
[2023-11-03T00:07:17.027+0000] {processor.py:157} INFO - Started process (PID=1995) to work on /home/airflow/.local/lib/python3.8/site-packages/airflow/example_dags/example_xcomargs.py
[2023-11-03T00:07:17.028+0000] {processor.py:829} INFO - Processing file /home/airflow/.local/lib/python3.8/site-packages/airflow/example_dags/example_xcomargs.py for tasks to queue
[2023-11-03T00:07:17.030+0000] {logging_mixin.py:151} INFO - [2023-11-03T00:07:17.030+0000] {dagbag.py:536} INFO - Filling up the DagBag from /home/airflow/.local/lib/python3.8/site-packages/airflow/example_dags/example_xcomargs.py
[2023-11-03T00:07:17.039+0000] {processor.py:839} INFO - DAG(s) dict_keys(['example_xcom_args', 'example_xcom_args_with_operators']) retrieved from /home/airflow/.local/lib/python3.8/site-packages/airflow/example_dags/example_xcomargs.py
[2023-11-03T00:07:17.069+0000] {logging_mixin.py:151} INFO - [2023-11-03T00:07:17.069+0000] {dag.py:2941} INFO - Sync 2 DAGs
[2023-11-03T00:07:17.084+0000] {logging_mixin.py:151} INFO - [2023-11-03T00:07:17.084+0000] {dag.py:3722} INFO - Setting next_dagrun for example_xcom_args to None, run_after=None
[2023-11-03T00:07:17.088+0000] {logging_mixin.py:151} INFO - [2023-11-03T00:07:17.088+0000] {dag.py:3722} INFO - Setting next_dagrun for example_xcom_args_with_operators to None, run_after=None
[2023-11-03T00:07:17.113+0000] {processor.py:179} INFO - Processing /home/airflow/.local/lib/python3.8/site-packages/airflow/example_dags/example_xcomargs.py took 0.089 seconds
[2023-11-03T00:07:47.366+0000] {processor.py:157} INFO - Started process (PID=2049) to work on /home/airflow/.local/lib/python3.8/site-packages/airflow/example_dags/example_xcomargs.py
[2023-11-03T00:07:47.368+0000] {processor.py:829} INFO - Processing file /home/airflow/.local/lib/python3.8/site-packages/airflow/example_dags/example_xcomargs.py for tasks to queue
[2023-11-03T00:07:47.386+0000] {logging_mixin.py:151} INFO - [2023-11-03T00:07:47.370+0000] {dagbag.py:536} INFO - Filling up the DagBag from /home/airflow/.local/lib/python3.8/site-packages/airflow/example_dags/example_xcomargs.py
[2023-11-03T00:07:47.405+0000] {processor.py:839} INFO - DAG(s) dict_keys(['example_xcom_args_with_operators', 'example_xcom_args']) retrieved from /home/airflow/.local/lib/python3.8/site-packages/airflow/example_dags/example_xcomargs.py
[2023-11-03T00:07:47.479+0000] {logging_mixin.py:151} INFO - [2023-11-03T00:07:47.478+0000] {dag.py:2941} INFO - Sync 2 DAGs
[2023-11-03T00:07:47.500+0000] {logging_mixin.py:151} INFO - [2023-11-03T00:07:47.500+0000] {dag.py:3722} INFO - Setting next_dagrun for example_xcom_args to None, run_after=None
[2023-11-03T00:07:47.505+0000] {logging_mixin.py:151} INFO - [2023-11-03T00:07:47.504+0000] {dag.py:3722} INFO - Setting next_dagrun for example_xcom_args_with_operators to None, run_after=None
[2023-11-03T00:07:47.530+0000] {processor.py:179} INFO - Processing /home/airflow/.local/lib/python3.8/site-packages/airflow/example_dags/example_xcomargs.py took 0.168 seconds
[2023-11-03T00:08:18.538+0000] {processor.py:157} INFO - Started process (PID=2110) to work on /home/airflow/.local/lib/python3.8/site-packages/airflow/example_dags/example_xcomargs.py
[2023-11-03T00:08:18.542+0000] {processor.py:829} INFO - Processing file /home/airflow/.local/lib/python3.8/site-packages/airflow/example_dags/example_xcomargs.py for tasks to queue
[2023-11-03T00:08:18.544+0000] {logging_mixin.py:151} INFO - [2023-11-03T00:08:18.544+0000] {dagbag.py:536} INFO - Filling up the DagBag from /home/airflow/.local/lib/python3.8/site-packages/airflow/example_dags/example_xcomargs.py
[2023-11-03T00:08:18.555+0000] {processor.py:839} INFO - DAG(s) dict_keys(['example_xcom_args_with_operators', 'example_xcom_args']) retrieved from /home/airflow/.local/lib/python3.8/site-packages/airflow/example_dags/example_xcomargs.py
[2023-11-03T00:08:18.595+0000] {logging_mixin.py:151} INFO - [2023-11-03T00:08:18.594+0000] {dag.py:2941} INFO - Sync 2 DAGs
[2023-11-03T00:08:18.625+0000] {logging_mixin.py:151} INFO - [2023-11-03T00:08:18.624+0000] {dag.py:3722} INFO - Setting next_dagrun for example_xcom_args to None, run_after=None
[2023-11-03T00:08:18.630+0000] {logging_mixin.py:151} INFO - [2023-11-03T00:08:18.630+0000] {dag.py:3722} INFO - Setting next_dagrun for example_xcom_args_with_operators to None, run_after=None
[2023-11-03T00:08:18.860+0000] {processor.py:179} INFO - Processing /home/airflow/.local/lib/python3.8/site-packages/airflow/example_dags/example_xcomargs.py took 0.325 seconds
[2023-11-03T00:08:48.983+0000] {processor.py:157} INFO - Started process (PID=2165) to work on /home/airflow/.local/lib/python3.8/site-packages/airflow/example_dags/example_xcomargs.py
[2023-11-03T00:08:48.984+0000] {processor.py:829} INFO - Processing file /home/airflow/.local/lib/python3.8/site-packages/airflow/example_dags/example_xcomargs.py for tasks to queue
[2023-11-03T00:08:48.987+0000] {logging_mixin.py:151} INFO - [2023-11-03T00:08:48.986+0000] {dagbag.py:536} INFO - Filling up the DagBag from /home/airflow/.local/lib/python3.8/site-packages/airflow/example_dags/example_xcomargs.py
[2023-11-03T00:08:48.996+0000] {processor.py:839} INFO - DAG(s) dict_keys(['example_xcom_args_with_operators', 'example_xcom_args']) retrieved from /home/airflow/.local/lib/python3.8/site-packages/airflow/example_dags/example_xcomargs.py
[2023-11-03T00:08:49.027+0000] {logging_mixin.py:151} INFO - [2023-11-03T00:08:49.027+0000] {dag.py:2941} INFO - Sync 2 DAGs
[2023-11-03T00:08:49.042+0000] {logging_mixin.py:151} INFO - [2023-11-03T00:08:49.042+0000] {dag.py:3722} INFO - Setting next_dagrun for example_xcom_args to None, run_after=None
[2023-11-03T00:08:49.047+0000] {logging_mixin.py:151} INFO - [2023-11-03T00:08:49.046+0000] {dag.py:3722} INFO - Setting next_dagrun for example_xcom_args_with_operators to None, run_after=None
[2023-11-03T00:08:49.073+0000] {processor.py:179} INFO - Processing /home/airflow/.local/lib/python3.8/site-packages/airflow/example_dags/example_xcomargs.py took 0.094 seconds
[2023-11-03T00:09:19.669+0000] {processor.py:157} INFO - Started process (PID=2218) to work on /home/airflow/.local/lib/python3.8/site-packages/airflow/example_dags/example_xcomargs.py
[2023-11-03T00:09:19.671+0000] {processor.py:829} INFO - Processing file /home/airflow/.local/lib/python3.8/site-packages/airflow/example_dags/example_xcomargs.py for tasks to queue
[2023-11-03T00:09:19.673+0000] {logging_mixin.py:151} INFO - [2023-11-03T00:09:19.673+0000] {dagbag.py:536} INFO - Filling up the DagBag from /home/airflow/.local/lib/python3.8/site-packages/airflow/example_dags/example_xcomargs.py
[2023-11-03T00:09:19.683+0000] {processor.py:839} INFO - DAG(s) dict_keys(['example_xcom_args', 'example_xcom_args_with_operators']) retrieved from /home/airflow/.local/lib/python3.8/site-packages/airflow/example_dags/example_xcomargs.py
[2023-11-03T00:09:19.726+0000] {logging_mixin.py:151} INFO - [2023-11-03T00:09:19.725+0000] {dag.py:2941} INFO - Sync 2 DAGs
[2023-11-03T00:09:19.745+0000] {logging_mixin.py:151} INFO - [2023-11-03T00:09:19.745+0000] {dag.py:3722} INFO - Setting next_dagrun for example_xcom_args to None, run_after=None
[2023-11-03T00:09:19.752+0000] {logging_mixin.py:151} INFO - [2023-11-03T00:09:19.752+0000] {dag.py:3722} INFO - Setting next_dagrun for example_xcom_args_with_operators to None, run_after=None
[2023-11-03T00:09:19.796+0000] {processor.py:179} INFO - Processing /home/airflow/.local/lib/python3.8/site-packages/airflow/example_dags/example_xcomargs.py took 0.130 seconds
[2023-11-03T00:09:50.279+0000] {processor.py:157} INFO - Started process (PID=2272) to work on /home/airflow/.local/lib/python3.8/site-packages/airflow/example_dags/example_xcomargs.py
[2023-11-03T00:09:50.281+0000] {processor.py:829} INFO - Processing file /home/airflow/.local/lib/python3.8/site-packages/airflow/example_dags/example_xcomargs.py for tasks to queue
[2023-11-03T00:09:50.284+0000] {logging_mixin.py:151} INFO - [2023-11-03T00:09:50.283+0000] {dagbag.py:536} INFO - Filling up the DagBag from /home/airflow/.local/lib/python3.8/site-packages/airflow/example_dags/example_xcomargs.py
[2023-11-03T00:09:50.294+0000] {processor.py:839} INFO - DAG(s) dict_keys(['example_xcom_args_with_operators', 'example_xcom_args']) retrieved from /home/airflow/.local/lib/python3.8/site-packages/airflow/example_dags/example_xcomargs.py
[2023-11-03T00:09:50.329+0000] {logging_mixin.py:151} INFO - [2023-11-03T00:09:50.329+0000] {dag.py:2941} INFO - Sync 2 DAGs
[2023-11-03T00:09:50.346+0000] {logging_mixin.py:151} INFO - [2023-11-03T00:09:50.346+0000] {dag.py:3722} INFO - Setting next_dagrun for example_xcom_args to None, run_after=None
[2023-11-03T00:09:50.351+0000] {logging_mixin.py:151} INFO - [2023-11-03T00:09:50.350+0000] {dag.py:3722} INFO - Setting next_dagrun for example_xcom_args_with_operators to None, run_after=None
[2023-11-03T00:09:50.396+0000] {processor.py:179} INFO - Processing /home/airflow/.local/lib/python3.8/site-packages/airflow/example_dags/example_xcomargs.py took 0.124 seconds
[2023-11-03T00:10:21.532+0000] {processor.py:157} INFO - Started process (PID=2326) to work on /home/airflow/.local/lib/python3.8/site-packages/airflow/example_dags/example_xcomargs.py
[2023-11-03T00:10:21.534+0000] {processor.py:829} INFO - Processing file /home/airflow/.local/lib/python3.8/site-packages/airflow/example_dags/example_xcomargs.py for tasks to queue
[2023-11-03T00:10:21.536+0000] {logging_mixin.py:151} INFO - [2023-11-03T00:10:21.536+0000] {dagbag.py:536} INFO - Filling up the DagBag from /home/airflow/.local/lib/python3.8/site-packages/airflow/example_dags/example_xcomargs.py
[2023-11-03T00:10:21.546+0000] {processor.py:839} INFO - DAG(s) dict_keys(['example_xcom_args_with_operators', 'example_xcom_args']) retrieved from /home/airflow/.local/lib/python3.8/site-packages/airflow/example_dags/example_xcomargs.py
[2023-11-03T00:10:21.583+0000] {logging_mixin.py:151} INFO - [2023-11-03T00:10:21.582+0000] {dag.py:2941} INFO - Sync 2 DAGs
[2023-11-03T00:10:21.610+0000] {logging_mixin.py:151} INFO - [2023-11-03T00:10:21.609+0000] {dag.py:3722} INFO - Setting next_dagrun for example_xcom_args to None, run_after=None
[2023-11-03T00:10:21.614+0000] {logging_mixin.py:151} INFO - [2023-11-03T00:10:21.614+0000] {dag.py:3722} INFO - Setting next_dagrun for example_xcom_args_with_operators to None, run_after=None
[2023-11-03T00:10:21.853+0000] {processor.py:179} INFO - Processing /home/airflow/.local/lib/python3.8/site-packages/airflow/example_dags/example_xcomargs.py took 0.325 seconds
[2023-11-03T00:10:52.310+0000] {processor.py:157} INFO - Started process (PID=2380) to work on /home/airflow/.local/lib/python3.8/site-packages/airflow/example_dags/example_xcomargs.py
[2023-11-03T00:10:52.311+0000] {processor.py:829} INFO - Processing file /home/airflow/.local/lib/python3.8/site-packages/airflow/example_dags/example_xcomargs.py for tasks to queue
[2023-11-03T00:10:52.313+0000] {logging_mixin.py:151} INFO - [2023-11-03T00:10:52.313+0000] {dagbag.py:536} INFO - Filling up the DagBag from /home/airflow/.local/lib/python3.8/site-packages/airflow/example_dags/example_xcomargs.py
[2023-11-03T00:10:52.324+0000] {processor.py:839} INFO - DAG(s) dict_keys(['example_xcom_args', 'example_xcom_args_with_operators']) retrieved from /home/airflow/.local/lib/python3.8/site-packages/airflow/example_dags/example_xcomargs.py
[2023-11-03T00:10:52.374+0000] {logging_mixin.py:151} INFO - [2023-11-03T00:10:52.373+0000] {dag.py:2941} INFO - Sync 2 DAGs
[2023-11-03T00:10:52.394+0000] {logging_mixin.py:151} INFO - [2023-11-03T00:10:52.394+0000] {dag.py:3722} INFO - Setting next_dagrun for example_xcom_args to None, run_after=None
[2023-11-03T00:10:52.399+0000] {logging_mixin.py:151} INFO - [2023-11-03T00:10:52.399+0000] {dag.py:3722} INFO - Setting next_dagrun for example_xcom_args_with_operators to None, run_after=None
[2023-11-03T00:10:52.432+0000] {processor.py:179} INFO - Processing /home/airflow/.local/lib/python3.8/site-packages/airflow/example_dags/example_xcomargs.py took 0.127 seconds
[2023-11-03T00:11:23.072+0000] {processor.py:157} INFO - Started process (PID=2434) to work on /home/airflow/.local/lib/python3.8/site-packages/airflow/example_dags/example_xcomargs.py
[2023-11-03T00:11:23.073+0000] {processor.py:829} INFO - Processing file /home/airflow/.local/lib/python3.8/site-packages/airflow/example_dags/example_xcomargs.py for tasks to queue
[2023-11-03T00:11:23.077+0000] {logging_mixin.py:151} INFO - [2023-11-03T00:11:23.076+0000] {dagbag.py:536} INFO - Filling up the DagBag from /home/airflow/.local/lib/python3.8/site-packages/airflow/example_dags/example_xcomargs.py
[2023-11-03T00:11:23.089+0000] {processor.py:839} INFO - DAG(s) dict_keys(['example_xcom_args_with_operators', 'example_xcom_args']) retrieved from /home/airflow/.local/lib/python3.8/site-packages/airflow/example_dags/example_xcomargs.py
[2023-11-03T00:11:23.128+0000] {logging_mixin.py:151} INFO - [2023-11-03T00:11:23.128+0000] {dag.py:2941} INFO - Sync 2 DAGs
[2023-11-03T00:11:23.147+0000] {logging_mixin.py:151} INFO - [2023-11-03T00:11:23.147+0000] {dag.py:3722} INFO - Setting next_dagrun for example_xcom_args to None, run_after=None
[2023-11-03T00:11:23.152+0000] {logging_mixin.py:151} INFO - [2023-11-03T00:11:23.152+0000] {dag.py:3722} INFO - Setting next_dagrun for example_xcom_args_with_operators to None, run_after=None
[2023-11-03T00:11:23.175+0000] {processor.py:179} INFO - Processing /home/airflow/.local/lib/python3.8/site-packages/airflow/example_dags/example_xcomargs.py took 0.107 seconds
[2023-11-03T00:11:53.564+0000] {processor.py:157} INFO - Started process (PID=2488) to work on /home/airflow/.local/lib/python3.8/site-packages/airflow/example_dags/example_xcomargs.py
[2023-11-03T00:11:53.566+0000] {processor.py:829} INFO - Processing file /home/airflow/.local/lib/python3.8/site-packages/airflow/example_dags/example_xcomargs.py for tasks to queue
[2023-11-03T00:11:53.568+0000] {logging_mixin.py:151} INFO - [2023-11-03T00:11:53.568+0000] {dagbag.py:536} INFO - Filling up the DagBag from /home/airflow/.local/lib/python3.8/site-packages/airflow/example_dags/example_xcomargs.py
[2023-11-03T00:11:53.577+0000] {processor.py:839} INFO - DAG(s) dict_keys(['example_xcom_args', 'example_xcom_args_with_operators']) retrieved from /home/airflow/.local/lib/python3.8/site-packages/airflow/example_dags/example_xcomargs.py
[2023-11-03T00:11:53.771+0000] {logging_mixin.py:151} INFO - [2023-11-03T00:11:53.770+0000] {dag.py:2941} INFO - Sync 2 DAGs
[2023-11-03T00:11:53.792+0000] {logging_mixin.py:151} INFO - [2023-11-03T00:11:53.791+0000] {dag.py:3722} INFO - Setting next_dagrun for example_xcom_args to None, run_after=None
[2023-11-03T00:11:53.810+0000] {logging_mixin.py:151} INFO - [2023-11-03T00:11:53.810+0000] {dag.py:3722} INFO - Setting next_dagrun for example_xcom_args_with_operators to None, run_after=None
[2023-11-03T00:11:53.833+0000] {processor.py:179} INFO - Processing /home/airflow/.local/lib/python3.8/site-packages/airflow/example_dags/example_xcomargs.py took 0.272 seconds
[2023-11-03T00:12:24.040+0000] {processor.py:157} INFO - Started process (PID=2543) to work on /home/airflow/.local/lib/python3.8/site-packages/airflow/example_dags/example_xcomargs.py
[2023-11-03T00:12:24.041+0000] {processor.py:829} INFO - Processing file /home/airflow/.local/lib/python3.8/site-packages/airflow/example_dags/example_xcomargs.py for tasks to queue
[2023-11-03T00:12:24.044+0000] {logging_mixin.py:151} INFO - [2023-11-03T00:12:24.044+0000] {dagbag.py:536} INFO - Filling up the DagBag from /home/airflow/.local/lib/python3.8/site-packages/airflow/example_dags/example_xcomargs.py
[2023-11-03T00:12:24.054+0000] {processor.py:839} INFO - DAG(s) dict_keys(['example_xcom_args_with_operators', 'example_xcom_args']) retrieved from /home/airflow/.local/lib/python3.8/site-packages/airflow/example_dags/example_xcomargs.py
[2023-11-03T00:12:24.091+0000] {logging_mixin.py:151} INFO - [2023-11-03T00:12:24.091+0000] {dag.py:2941} INFO - Sync 2 DAGs
[2023-11-03T00:12:24.110+0000] {logging_mixin.py:151} INFO - [2023-11-03T00:12:24.110+0000] {dag.py:3722} INFO - Setting next_dagrun for example_xcom_args to None, run_after=None
[2023-11-03T00:12:24.116+0000] {logging_mixin.py:151} INFO - [2023-11-03T00:12:24.116+0000] {dag.py:3722} INFO - Setting next_dagrun for example_xcom_args_with_operators to None, run_after=None
[2023-11-03T00:12:24.313+0000] {processor.py:179} INFO - Processing /home/airflow/.local/lib/python3.8/site-packages/airflow/example_dags/example_xcomargs.py took 0.277 seconds
[2023-11-03T00:12:54.677+0000] {processor.py:157} INFO - Started process (PID=2597) to work on /home/airflow/.local/lib/python3.8/site-packages/airflow/example_dags/example_xcomargs.py
[2023-11-03T00:12:54.679+0000] {processor.py:829} INFO - Processing file /home/airflow/.local/lib/python3.8/site-packages/airflow/example_dags/example_xcomargs.py for tasks to queue
[2023-11-03T00:12:54.681+0000] {logging_mixin.py:151} INFO - [2023-11-03T00:12:54.681+0000] {dagbag.py:536} INFO - Filling up the DagBag from /home/airflow/.local/lib/python3.8/site-packages/airflow/example_dags/example_xcomargs.py
[2023-11-03T00:12:54.690+0000] {processor.py:839} INFO - DAG(s) dict_keys(['example_xcom_args_with_operators', 'example_xcom_args']) retrieved from /home/airflow/.local/lib/python3.8/site-packages/airflow/example_dags/example_xcomargs.py
[2023-11-03T00:12:54.727+0000] {logging_mixin.py:151} INFO - [2023-11-03T00:12:54.726+0000] {dag.py:2941} INFO - Sync 2 DAGs
[2023-11-03T00:12:54.742+0000] {logging_mixin.py:151} INFO - [2023-11-03T00:12:54.742+0000] {dag.py:3722} INFO - Setting next_dagrun for example_xcom_args to None, run_after=None
[2023-11-03T00:12:54.748+0000] {logging_mixin.py:151} INFO - [2023-11-03T00:12:54.748+0000] {dag.py:3722} INFO - Setting next_dagrun for example_xcom_args_with_operators to None, run_after=None
[2023-11-03T00:12:54.778+0000] {processor.py:179} INFO - Processing /home/airflow/.local/lib/python3.8/site-packages/airflow/example_dags/example_xcomargs.py took 0.104 seconds
[2023-11-03T00:13:26.209+0000] {processor.py:157} INFO - Started process (PID=2651) to work on /home/airflow/.local/lib/python3.8/site-packages/airflow/example_dags/example_xcomargs.py
[2023-11-03T00:13:26.210+0000] {processor.py:829} INFO - Processing file /home/airflow/.local/lib/python3.8/site-packages/airflow/example_dags/example_xcomargs.py for tasks to queue
[2023-11-03T00:13:26.212+0000] {logging_mixin.py:151} INFO - [2023-11-03T00:13:26.212+0000] {dagbag.py:536} INFO - Filling up the DagBag from /home/airflow/.local/lib/python3.8/site-packages/airflow/example_dags/example_xcomargs.py
[2023-11-03T00:13:26.224+0000] {processor.py:839} INFO - DAG(s) dict_keys(['example_xcom_args_with_operators', 'example_xcom_args']) retrieved from /home/airflow/.local/lib/python3.8/site-packages/airflow/example_dags/example_xcomargs.py
[2023-11-03T00:13:26.445+0000] {logging_mixin.py:151} INFO - [2023-11-03T00:13:26.444+0000] {dag.py:2941} INFO - Sync 2 DAGs
[2023-11-03T00:13:26.460+0000] {logging_mixin.py:151} INFO - [2023-11-03T00:13:26.459+0000] {dag.py:3722} INFO - Setting next_dagrun for example_xcom_args to None, run_after=None
[2023-11-03T00:13:26.464+0000] {logging_mixin.py:151} INFO - [2023-11-03T00:13:26.464+0000] {dag.py:3722} INFO - Setting next_dagrun for example_xcom_args_with_operators to None, run_after=None
[2023-11-03T00:13:26.492+0000] {processor.py:179} INFO - Processing /home/airflow/.local/lib/python3.8/site-packages/airflow/example_dags/example_xcomargs.py took 0.288 seconds
[2023-11-03T00:13:56.715+0000] {processor.py:157} INFO - Started process (PID=2705) to work on /home/airflow/.local/lib/python3.8/site-packages/airflow/example_dags/example_xcomargs.py
[2023-11-03T00:13:56.716+0000] {processor.py:829} INFO - Processing file /home/airflow/.local/lib/python3.8/site-packages/airflow/example_dags/example_xcomargs.py for tasks to queue
[2023-11-03T00:13:56.719+0000] {logging_mixin.py:151} INFO - [2023-11-03T00:13:56.718+0000] {dagbag.py:536} INFO - Filling up the DagBag from /home/airflow/.local/lib/python3.8/site-packages/airflow/example_dags/example_xcomargs.py
[2023-11-03T00:13:56.733+0000] {processor.py:839} INFO - DAG(s) dict_keys(['example_xcom_args_with_operators', 'example_xcom_args']) retrieved from /home/airflow/.local/lib/python3.8/site-packages/airflow/example_dags/example_xcomargs.py
[2023-11-03T00:13:56.772+0000] {logging_mixin.py:151} INFO - [2023-11-03T00:13:56.772+0000] {dag.py:2941} INFO - Sync 2 DAGs
[2023-11-03T00:13:56.792+0000] {logging_mixin.py:151} INFO - [2023-11-03T00:13:56.792+0000] {dag.py:3722} INFO - Setting next_dagrun for example_xcom_args to None, run_after=None
[2023-11-03T00:13:56.799+0000] {logging_mixin.py:151} INFO - [2023-11-03T00:13:56.799+0000] {dag.py:3722} INFO - Setting next_dagrun for example_xcom_args_with_operators to None, run_after=None
[2023-11-03T00:13:56.833+0000] {processor.py:179} INFO - Processing /home/airflow/.local/lib/python3.8/site-packages/airflow/example_dags/example_xcomargs.py took 0.122 seconds
[2023-11-03T00:14:27.246+0000] {processor.py:157} INFO - Started process (PID=2759) to work on /home/airflow/.local/lib/python3.8/site-packages/airflow/example_dags/example_xcomargs.py
[2023-11-03T00:14:27.246+0000] {processor.py:829} INFO - Processing file /home/airflow/.local/lib/python3.8/site-packages/airflow/example_dags/example_xcomargs.py for tasks to queue
[2023-11-03T00:14:27.248+0000] {logging_mixin.py:151} INFO - [2023-11-03T00:14:27.248+0000] {dagbag.py:536} INFO - Filling up the DagBag from /home/airflow/.local/lib/python3.8/site-packages/airflow/example_dags/example_xcomargs.py
[2023-11-03T00:14:27.258+0000] {processor.py:839} INFO - DAG(s) dict_keys(['example_xcom_args_with_operators', 'example_xcom_args']) retrieved from /home/airflow/.local/lib/python3.8/site-packages/airflow/example_dags/example_xcomargs.py
[2023-11-03T00:14:27.288+0000] {logging_mixin.py:151} INFO - [2023-11-03T00:14:27.288+0000] {dag.py:2941} INFO - Sync 2 DAGs
[2023-11-03T00:14:27.302+0000] {logging_mixin.py:151} INFO - [2023-11-03T00:14:27.302+0000] {dag.py:3722} INFO - Setting next_dagrun for example_xcom_args to None, run_after=None
[2023-11-03T00:14:27.306+0000] {logging_mixin.py:151} INFO - [2023-11-03T00:14:27.306+0000] {dag.py:3722} INFO - Setting next_dagrun for example_xcom_args_with_operators to None, run_after=None
[2023-11-03T00:14:27.330+0000] {processor.py:179} INFO - Processing /home/airflow/.local/lib/python3.8/site-packages/airflow/example_dags/example_xcomargs.py took 0.087 seconds
[2023-11-03T00:14:57.547+0000] {processor.py:157} INFO - Started process (PID=2813) to work on /home/airflow/.local/lib/python3.8/site-packages/airflow/example_dags/example_xcomargs.py
[2023-11-03T00:14:57.549+0000] {processor.py:829} INFO - Processing file /home/airflow/.local/lib/python3.8/site-packages/airflow/example_dags/example_xcomargs.py for tasks to queue
[2023-11-03T00:14:57.551+0000] {logging_mixin.py:151} INFO - [2023-11-03T00:14:57.551+0000] {dagbag.py:536} INFO - Filling up the DagBag from /home/airflow/.local/lib/python3.8/site-packages/airflow/example_dags/example_xcomargs.py
[2023-11-03T00:14:57.560+0000] {processor.py:839} INFO - DAG(s) dict_keys(['example_xcom_args_with_operators', 'example_xcom_args']) retrieved from /home/airflow/.local/lib/python3.8/site-packages/airflow/example_dags/example_xcomargs.py
[2023-11-03T00:14:57.591+0000] {logging_mixin.py:151} INFO - [2023-11-03T00:14:57.591+0000] {dag.py:2941} INFO - Sync 2 DAGs
[2023-11-03T00:14:57.605+0000] {logging_mixin.py:151} INFO - [2023-11-03T00:14:57.604+0000] {dag.py:3722} INFO - Setting next_dagrun for example_xcom_args to None, run_after=None
[2023-11-03T00:14:57.609+0000] {logging_mixin.py:151} INFO - [2023-11-03T00:14:57.609+0000] {dag.py:3722} INFO - Setting next_dagrun for example_xcom_args_with_operators to None, run_after=None
[2023-11-03T00:14:57.634+0000] {processor.py:179} INFO - Processing /home/airflow/.local/lib/python3.8/site-packages/airflow/example_dags/example_xcomargs.py took 0.090 seconds
[2023-11-03T00:15:27.773+0000] {processor.py:157} INFO - Started process (PID=2867) to work on /home/airflow/.local/lib/python3.8/site-packages/airflow/example_dags/example_xcomargs.py
[2023-11-03T00:15:27.774+0000] {processor.py:829} INFO - Processing file /home/airflow/.local/lib/python3.8/site-packages/airflow/example_dags/example_xcomargs.py for tasks to queue
[2023-11-03T00:15:27.776+0000] {logging_mixin.py:151} INFO - [2023-11-03T00:15:27.776+0000] {dagbag.py:536} INFO - Filling up the DagBag from /home/airflow/.local/lib/python3.8/site-packages/airflow/example_dags/example_xcomargs.py
[2023-11-03T00:15:27.785+0000] {processor.py:839} INFO - DAG(s) dict_keys(['example_xcom_args', 'example_xcom_args_with_operators']) retrieved from /home/airflow/.local/lib/python3.8/site-packages/airflow/example_dags/example_xcomargs.py
[2023-11-03T00:15:27.820+0000] {logging_mixin.py:151} INFO - [2023-11-03T00:15:27.820+0000] {dag.py:2941} INFO - Sync 2 DAGs
[2023-11-03T00:15:27.835+0000] {logging_mixin.py:151} INFO - [2023-11-03T00:15:27.835+0000] {dag.py:3722} INFO - Setting next_dagrun for example_xcom_args to None, run_after=None
[2023-11-03T00:15:27.839+0000] {logging_mixin.py:151} INFO - [2023-11-03T00:15:27.839+0000] {dag.py:3722} INFO - Setting next_dagrun for example_xcom_args_with_operators to None, run_after=None
[2023-11-03T00:15:27.876+0000] {processor.py:179} INFO - Processing /home/airflow/.local/lib/python3.8/site-packages/airflow/example_dags/example_xcomargs.py took 0.107 seconds
[2023-11-03T00:15:58.130+0000] {processor.py:157} INFO - Started process (PID=2921) to work on /home/airflow/.local/lib/python3.8/site-packages/airflow/example_dags/example_xcomargs.py
[2023-11-03T00:15:58.131+0000] {processor.py:829} INFO - Processing file /home/airflow/.local/lib/python3.8/site-packages/airflow/example_dags/example_xcomargs.py for tasks to queue
[2023-11-03T00:15:58.133+0000] {logging_mixin.py:151} INFO - [2023-11-03T00:15:58.133+0000] {dagbag.py:536} INFO - Filling up the DagBag from /home/airflow/.local/lib/python3.8/site-packages/airflow/example_dags/example_xcomargs.py
[2023-11-03T00:15:58.141+0000] {processor.py:839} INFO - DAG(s) dict_keys(['example_xcom_args', 'example_xcom_args_with_operators']) retrieved from /home/airflow/.local/lib/python3.8/site-packages/airflow/example_dags/example_xcomargs.py
[2023-11-03T00:15:58.174+0000] {logging_mixin.py:151} INFO - [2023-11-03T00:15:58.173+0000] {dag.py:2941} INFO - Sync 2 DAGs
[2023-11-03T00:15:58.187+0000] {logging_mixin.py:151} INFO - [2023-11-03T00:15:58.187+0000] {dag.py:3722} INFO - Setting next_dagrun for example_xcom_args to None, run_after=None
[2023-11-03T00:15:58.191+0000] {logging_mixin.py:151} INFO - [2023-11-03T00:15:58.191+0000] {dag.py:3722} INFO - Setting next_dagrun for example_xcom_args_with_operators to None, run_after=None
[2023-11-03T00:15:58.229+0000] {processor.py:179} INFO - Processing /home/airflow/.local/lib/python3.8/site-packages/airflow/example_dags/example_xcomargs.py took 0.102 seconds
[2023-11-03T00:16:28.271+0000] {processor.py:157} INFO - Started process (PID=2975) to work on /home/airflow/.local/lib/python3.8/site-packages/airflow/example_dags/example_xcomargs.py
[2023-11-03T00:16:28.272+0000] {processor.py:829} INFO - Processing file /home/airflow/.local/lib/python3.8/site-packages/airflow/example_dags/example_xcomargs.py for tasks to queue
[2023-11-03T00:16:28.274+0000] {logging_mixin.py:151} INFO - [2023-11-03T00:16:28.274+0000] {dagbag.py:536} INFO - Filling up the DagBag from /home/airflow/.local/lib/python3.8/site-packages/airflow/example_dags/example_xcomargs.py
[2023-11-03T00:16:28.283+0000] {processor.py:839} INFO - DAG(s) dict_keys(['example_xcom_args_with_operators', 'example_xcom_args']) retrieved from /home/airflow/.local/lib/python3.8/site-packages/airflow/example_dags/example_xcomargs.py
[2023-11-03T00:16:28.313+0000] {logging_mixin.py:151} INFO - [2023-11-03T00:16:28.313+0000] {dag.py:2941} INFO - Sync 2 DAGs
[2023-11-03T00:16:28.326+0000] {logging_mixin.py:151} INFO - [2023-11-03T00:16:28.326+0000] {dag.py:3722} INFO - Setting next_dagrun for example_xcom_args to None, run_after=None
[2023-11-03T00:16:28.331+0000] {logging_mixin.py:151} INFO - [2023-11-03T00:16:28.330+0000] {dag.py:3722} INFO - Setting next_dagrun for example_xcom_args_with_operators to None, run_after=None
[2023-11-03T00:16:28.353+0000] {processor.py:179} INFO - Processing /home/airflow/.local/lib/python3.8/site-packages/airflow/example_dags/example_xcomargs.py took 0.086 seconds
[2023-11-03T00:16:58.404+0000] {processor.py:157} INFO - Started process (PID=3029) to work on /home/airflow/.local/lib/python3.8/site-packages/airflow/example_dags/example_xcomargs.py
[2023-11-03T00:16:58.405+0000] {processor.py:829} INFO - Processing file /home/airflow/.local/lib/python3.8/site-packages/airflow/example_dags/example_xcomargs.py for tasks to queue
[2023-11-03T00:16:58.408+0000] {logging_mixin.py:151} INFO - [2023-11-03T00:16:58.408+0000] {dagbag.py:536} INFO - Filling up the DagBag from /home/airflow/.local/lib/python3.8/site-packages/airflow/example_dags/example_xcomargs.py
[2023-11-03T00:16:58.417+0000] {processor.py:839} INFO - DAG(s) dict_keys(['example_xcom_args', 'example_xcom_args_with_operators']) retrieved from /home/airflow/.local/lib/python3.8/site-packages/airflow/example_dags/example_xcomargs.py
[2023-11-03T00:16:58.448+0000] {logging_mixin.py:151} INFO - [2023-11-03T00:16:58.448+0000] {dag.py:2941} INFO - Sync 2 DAGs
[2023-11-03T00:16:58.462+0000] {logging_mixin.py:151} INFO - [2023-11-03T00:16:58.462+0000] {dag.py:3722} INFO - Setting next_dagrun for example_xcom_args to None, run_after=None
[2023-11-03T00:16:58.466+0000] {logging_mixin.py:151} INFO - [2023-11-03T00:16:58.466+0000] {dag.py:3722} INFO - Setting next_dagrun for example_xcom_args_with_operators to None, run_after=None
[2023-11-03T00:16:58.489+0000] {processor.py:179} INFO - Processing /home/airflow/.local/lib/python3.8/site-packages/airflow/example_dags/example_xcomargs.py took 0.088 seconds
[2023-11-03T00:17:28.755+0000] {processor.py:157} INFO - Started process (PID=3083) to work on /home/airflow/.local/lib/python3.8/site-packages/airflow/example_dags/example_xcomargs.py
[2023-11-03T00:17:28.756+0000] {processor.py:829} INFO - Processing file /home/airflow/.local/lib/python3.8/site-packages/airflow/example_dags/example_xcomargs.py for tasks to queue
[2023-11-03T00:17:28.758+0000] {logging_mixin.py:151} INFO - [2023-11-03T00:17:28.758+0000] {dagbag.py:536} INFO - Filling up the DagBag from /home/airflow/.local/lib/python3.8/site-packages/airflow/example_dags/example_xcomargs.py
[2023-11-03T00:17:28.767+0000] {processor.py:839} INFO - DAG(s) dict_keys(['example_xcom_args_with_operators', 'example_xcom_args']) retrieved from /home/airflow/.local/lib/python3.8/site-packages/airflow/example_dags/example_xcomargs.py
[2023-11-03T00:17:28.799+0000] {logging_mixin.py:151} INFO - [2023-11-03T00:17:28.799+0000] {dag.py:2941} INFO - Sync 2 DAGs
[2023-11-03T00:17:28.814+0000] {logging_mixin.py:151} INFO - [2023-11-03T00:17:28.814+0000] {dag.py:3722} INFO - Setting next_dagrun for example_xcom_args to None, run_after=None
[2023-11-03T00:17:28.818+0000] {logging_mixin.py:151} INFO - [2023-11-03T00:17:28.818+0000] {dag.py:3722} INFO - Setting next_dagrun for example_xcom_args_with_operators to None, run_after=None
[2023-11-03T00:17:28.843+0000] {processor.py:179} INFO - Processing /home/airflow/.local/lib/python3.8/site-packages/airflow/example_dags/example_xcomargs.py took 0.091 seconds
[2023-11-03T00:17:59.720+0000] {processor.py:157} INFO - Started process (PID=3137) to work on /home/airflow/.local/lib/python3.8/site-packages/airflow/example_dags/example_xcomargs.py
[2023-11-03T00:17:59.722+0000] {processor.py:829} INFO - Processing file /home/airflow/.local/lib/python3.8/site-packages/airflow/example_dags/example_xcomargs.py for tasks to queue
[2023-11-03T00:17:59.724+0000] {logging_mixin.py:151} INFO - [2023-11-03T00:17:59.724+0000] {dagbag.py:536} INFO - Filling up the DagBag from /home/airflow/.local/lib/python3.8/site-packages/airflow/example_dags/example_xcomargs.py
[2023-11-03T00:17:59.734+0000] {processor.py:839} INFO - DAG(s) dict_keys(['example_xcom_args', 'example_xcom_args_with_operators']) retrieved from /home/airflow/.local/lib/python3.8/site-packages/airflow/example_dags/example_xcomargs.py
[2023-11-03T00:17:59.765+0000] {logging_mixin.py:151} INFO - [2023-11-03T00:17:59.765+0000] {dag.py:2941} INFO - Sync 2 DAGs
[2023-11-03T00:17:59.782+0000] {logging_mixin.py:151} INFO - [2023-11-03T00:17:59.782+0000] {dag.py:3722} INFO - Setting next_dagrun for example_xcom_args to None, run_after=None
[2023-11-03T00:17:59.787+0000] {logging_mixin.py:151} INFO - [2023-11-03T00:17:59.787+0000] {dag.py:3722} INFO - Setting next_dagrun for example_xcom_args_with_operators to None, run_after=None
[2023-11-03T00:17:59.816+0000] {processor.py:179} INFO - Processing /home/airflow/.local/lib/python3.8/site-packages/airflow/example_dags/example_xcomargs.py took 0.099 seconds
[2023-11-03T00:18:30.108+0000] {processor.py:157} INFO - Started process (PID=3191) to work on /home/airflow/.local/lib/python3.8/site-packages/airflow/example_dags/example_xcomargs.py
[2023-11-03T00:18:30.110+0000] {processor.py:829} INFO - Processing file /home/airflow/.local/lib/python3.8/site-packages/airflow/example_dags/example_xcomargs.py for tasks to queue
[2023-11-03T00:18:30.112+0000] {logging_mixin.py:151} INFO - [2023-11-03T00:18:30.112+0000] {dagbag.py:536} INFO - Filling up the DagBag from /home/airflow/.local/lib/python3.8/site-packages/airflow/example_dags/example_xcomargs.py
[2023-11-03T00:18:30.121+0000] {processor.py:839} INFO - DAG(s) dict_keys(['example_xcom_args', 'example_xcom_args_with_operators']) retrieved from /home/airflow/.local/lib/python3.8/site-packages/airflow/example_dags/example_xcomargs.py
[2023-11-03T00:18:30.156+0000] {logging_mixin.py:151} INFO - [2023-11-03T00:18:30.156+0000] {dag.py:2941} INFO - Sync 2 DAGs
[2023-11-03T00:18:30.171+0000] {logging_mixin.py:151} INFO - [2023-11-03T00:18:30.171+0000] {dag.py:3722} INFO - Setting next_dagrun for example_xcom_args to None, run_after=None
[2023-11-03T00:18:30.176+0000] {logging_mixin.py:151} INFO - [2023-11-03T00:18:30.175+0000] {dag.py:3722} INFO - Setting next_dagrun for example_xcom_args_with_operators to None, run_after=None
[2023-11-03T00:18:30.202+0000] {processor.py:179} INFO - Processing /home/airflow/.local/lib/python3.8/site-packages/airflow/example_dags/example_xcomargs.py took 0.097 seconds
[2023-11-03T00:19:00.902+0000] {processor.py:157} INFO - Started process (PID=3245) to work on /home/airflow/.local/lib/python3.8/site-packages/airflow/example_dags/example_xcomargs.py
[2023-11-03T00:19:00.903+0000] {processor.py:829} INFO - Processing file /home/airflow/.local/lib/python3.8/site-packages/airflow/example_dags/example_xcomargs.py for tasks to queue
[2023-11-03T00:19:00.906+0000] {logging_mixin.py:151} INFO - [2023-11-03T00:19:00.906+0000] {dagbag.py:536} INFO - Filling up the DagBag from /home/airflow/.local/lib/python3.8/site-packages/airflow/example_dags/example_xcomargs.py
[2023-11-03T00:19:00.919+0000] {processor.py:839} INFO - DAG(s) dict_keys(['example_xcom_args_with_operators', 'example_xcom_args']) retrieved from /home/airflow/.local/lib/python3.8/site-packages/airflow/example_dags/example_xcomargs.py
[2023-11-03T00:19:00.962+0000] {logging_mixin.py:151} INFO - [2023-11-03T00:19:00.962+0000] {dag.py:2941} INFO - Sync 2 DAGs
[2023-11-03T00:19:00.981+0000] {logging_mixin.py:151} INFO - [2023-11-03T00:19:00.981+0000] {dag.py:3722} INFO - Setting next_dagrun for example_xcom_args to None, run_after=None
[2023-11-03T00:19:00.987+0000] {logging_mixin.py:151} INFO - [2023-11-03T00:19:00.987+0000] {dag.py:3722} INFO - Setting next_dagrun for example_xcom_args_with_operators to None, run_after=None
[2023-11-03T00:19:01.025+0000] {processor.py:179} INFO - Processing /home/airflow/.local/lib/python3.8/site-packages/airflow/example_dags/example_xcomargs.py took 0.126 seconds
[2023-11-03T00:19:31.055+0000] {processor.py:157} INFO - Started process (PID=3299) to work on /home/airflow/.local/lib/python3.8/site-packages/airflow/example_dags/example_xcomargs.py
[2023-11-03T00:19:31.056+0000] {processor.py:829} INFO - Processing file /home/airflow/.local/lib/python3.8/site-packages/airflow/example_dags/example_xcomargs.py for tasks to queue
[2023-11-03T00:19:31.058+0000] {logging_mixin.py:151} INFO - [2023-11-03T00:19:31.058+0000] {dagbag.py:536} INFO - Filling up the DagBag from /home/airflow/.local/lib/python3.8/site-packages/airflow/example_dags/example_xcomargs.py
[2023-11-03T00:19:31.066+0000] {processor.py:839} INFO - DAG(s) dict_keys(['example_xcom_args_with_operators', 'example_xcom_args']) retrieved from /home/airflow/.local/lib/python3.8/site-packages/airflow/example_dags/example_xcomargs.py
[2023-11-03T00:19:31.099+0000] {logging_mixin.py:151} INFO - [2023-11-03T00:19:31.098+0000] {dag.py:2941} INFO - Sync 2 DAGs
[2023-11-03T00:19:31.114+0000] {logging_mixin.py:151} INFO - [2023-11-03T00:19:31.114+0000] {dag.py:3722} INFO - Setting next_dagrun for example_xcom_args to None, run_after=None
[2023-11-03T00:19:31.119+0000] {logging_mixin.py:151} INFO - [2023-11-03T00:19:31.119+0000] {dag.py:3722} INFO - Setting next_dagrun for example_xcom_args_with_operators to None, run_after=None
[2023-11-03T00:19:31.145+0000] {processor.py:179} INFO - Processing /home/airflow/.local/lib/python3.8/site-packages/airflow/example_dags/example_xcomargs.py took 0.093 seconds
[2023-11-03T00:20:01.225+0000] {processor.py:157} INFO - Started process (PID=3353) to work on /home/airflow/.local/lib/python3.8/site-packages/airflow/example_dags/example_xcomargs.py
[2023-11-03T00:20:01.226+0000] {processor.py:829} INFO - Processing file /home/airflow/.local/lib/python3.8/site-packages/airflow/example_dags/example_xcomargs.py for tasks to queue
[2023-11-03T00:20:01.229+0000] {logging_mixin.py:151} INFO - [2023-11-03T00:20:01.228+0000] {dagbag.py:536} INFO - Filling up the DagBag from /home/airflow/.local/lib/python3.8/site-packages/airflow/example_dags/example_xcomargs.py
[2023-11-03T00:20:01.239+0000] {processor.py:839} INFO - DAG(s) dict_keys(['example_xcom_args_with_operators', 'example_xcom_args']) retrieved from /home/airflow/.local/lib/python3.8/site-packages/airflow/example_dags/example_xcomargs.py
[2023-11-03T00:20:01.277+0000] {logging_mixin.py:151} INFO - [2023-11-03T00:20:01.277+0000] {dag.py:2941} INFO - Sync 2 DAGs
[2023-11-03T00:20:01.299+0000] {logging_mixin.py:151} INFO - [2023-11-03T00:20:01.299+0000] {dag.py:3722} INFO - Setting next_dagrun for example_xcom_args to None, run_after=None
[2023-11-03T00:20:01.307+0000] {logging_mixin.py:151} INFO - [2023-11-03T00:20:01.307+0000] {dag.py:3722} INFO - Setting next_dagrun for example_xcom_args_with_operators to None, run_after=None
[2023-11-03T00:20:01.352+0000] {processor.py:179} INFO - Processing /home/airflow/.local/lib/python3.8/site-packages/airflow/example_dags/example_xcomargs.py took 0.131 seconds
[2023-11-03T00:20:31.710+0000] {processor.py:157} INFO - Started process (PID=3407) to work on /home/airflow/.local/lib/python3.8/site-packages/airflow/example_dags/example_xcomargs.py
[2023-11-03T00:20:31.711+0000] {processor.py:829} INFO - Processing file /home/airflow/.local/lib/python3.8/site-packages/airflow/example_dags/example_xcomargs.py for tasks to queue
[2023-11-03T00:20:31.713+0000] {logging_mixin.py:151} INFO - [2023-11-03T00:20:31.713+0000] {dagbag.py:536} INFO - Filling up the DagBag from /home/airflow/.local/lib/python3.8/site-packages/airflow/example_dags/example_xcomargs.py
[2023-11-03T00:20:31.721+0000] {processor.py:839} INFO - DAG(s) dict_keys(['example_xcom_args_with_operators', 'example_xcom_args']) retrieved from /home/airflow/.local/lib/python3.8/site-packages/airflow/example_dags/example_xcomargs.py
[2023-11-03T00:20:31.752+0000] {logging_mixin.py:151} INFO - [2023-11-03T00:20:31.752+0000] {dag.py:2941} INFO - Sync 2 DAGs
[2023-11-03T00:20:31.765+0000] {logging_mixin.py:151} INFO - [2023-11-03T00:20:31.765+0000] {dag.py:3722} INFO - Setting next_dagrun for example_xcom_args to None, run_after=None
[2023-11-03T00:20:31.770+0000] {logging_mixin.py:151} INFO - [2023-11-03T00:20:31.770+0000] {dag.py:3722} INFO - Setting next_dagrun for example_xcom_args_with_operators to None, run_after=None
[2023-11-03T00:20:31.795+0000] {processor.py:179} INFO - Processing /home/airflow/.local/lib/python3.8/site-packages/airflow/example_dags/example_xcomargs.py took 0.089 seconds
[2023-11-03T00:21:01.916+0000] {processor.py:157} INFO - Started process (PID=3461) to work on /home/airflow/.local/lib/python3.8/site-packages/airflow/example_dags/example_xcomargs.py
[2023-11-03T00:21:01.918+0000] {processor.py:829} INFO - Processing file /home/airflow/.local/lib/python3.8/site-packages/airflow/example_dags/example_xcomargs.py for tasks to queue
[2023-11-03T00:21:01.920+0000] {logging_mixin.py:151} INFO - [2023-11-03T00:21:01.920+0000] {dagbag.py:536} INFO - Filling up the DagBag from /home/airflow/.local/lib/python3.8/site-packages/airflow/example_dags/example_xcomargs.py
[2023-11-03T00:21:01.929+0000] {processor.py:839} INFO - DAG(s) dict_keys(['example_xcom_args', 'example_xcom_args_with_operators']) retrieved from /home/airflow/.local/lib/python3.8/site-packages/airflow/example_dags/example_xcomargs.py
[2023-11-03T00:21:01.968+0000] {logging_mixin.py:151} INFO - [2023-11-03T00:21:01.967+0000] {dag.py:2941} INFO - Sync 2 DAGs
[2023-11-03T00:21:01.982+0000] {logging_mixin.py:151} INFO - [2023-11-03T00:21:01.982+0000] {dag.py:3722} INFO - Setting next_dagrun for example_xcom_args to None, run_after=None
[2023-11-03T00:21:01.987+0000] {logging_mixin.py:151} INFO - [2023-11-03T00:21:01.987+0000] {dag.py:3722} INFO - Setting next_dagrun for example_xcom_args_with_operators to None, run_after=None
[2023-11-03T00:21:02.017+0000] {processor.py:179} INFO - Processing /home/airflow/.local/lib/python3.8/site-packages/airflow/example_dags/example_xcomargs.py took 0.104 seconds
[2023-11-03T00:21:32.210+0000] {processor.py:157} INFO - Started process (PID=3515) to work on /home/airflow/.local/lib/python3.8/site-packages/airflow/example_dags/example_xcomargs.py
[2023-11-03T00:21:32.211+0000] {processor.py:829} INFO - Processing file /home/airflow/.local/lib/python3.8/site-packages/airflow/example_dags/example_xcomargs.py for tasks to queue
[2023-11-03T00:21:32.214+0000] {logging_mixin.py:151} INFO - [2023-11-03T00:21:32.213+0000] {dagbag.py:536} INFO - Filling up the DagBag from /home/airflow/.local/lib/python3.8/site-packages/airflow/example_dags/example_xcomargs.py
[2023-11-03T00:21:32.223+0000] {processor.py:839} INFO - DAG(s) dict_keys(['example_xcom_args', 'example_xcom_args_with_operators']) retrieved from /home/airflow/.local/lib/python3.8/site-packages/airflow/example_dags/example_xcomargs.py
[2023-11-03T00:21:32.254+0000] {logging_mixin.py:151} INFO - [2023-11-03T00:21:32.253+0000] {dag.py:2941} INFO - Sync 2 DAGs
[2023-11-03T00:21:32.269+0000] {logging_mixin.py:151} INFO - [2023-11-03T00:21:32.269+0000] {dag.py:3722} INFO - Setting next_dagrun for example_xcom_args to None, run_after=None
[2023-11-03T00:21:32.273+0000] {logging_mixin.py:151} INFO - [2023-11-03T00:21:32.273+0000] {dag.py:3722} INFO - Setting next_dagrun for example_xcom_args_with_operators to None, run_after=None
[2023-11-03T00:21:32.307+0000] {processor.py:179} INFO - Processing /home/airflow/.local/lib/python3.8/site-packages/airflow/example_dags/example_xcomargs.py took 0.101 seconds
[2023-11-03T00:22:02.608+0000] {processor.py:157} INFO - Started process (PID=3569) to work on /home/airflow/.local/lib/python3.8/site-packages/airflow/example_dags/example_xcomargs.py
[2023-11-03T00:22:02.609+0000] {processor.py:829} INFO - Processing file /home/airflow/.local/lib/python3.8/site-packages/airflow/example_dags/example_xcomargs.py for tasks to queue
[2023-11-03T00:22:02.612+0000] {logging_mixin.py:151} INFO - [2023-11-03T00:22:02.612+0000] {dagbag.py:536} INFO - Filling up the DagBag from /home/airflow/.local/lib/python3.8/site-packages/airflow/example_dags/example_xcomargs.py
[2023-11-03T00:22:02.620+0000] {processor.py:839} INFO - DAG(s) dict_keys(['example_xcom_args', 'example_xcom_args_with_operators']) retrieved from /home/airflow/.local/lib/python3.8/site-packages/airflow/example_dags/example_xcomargs.py
[2023-11-03T00:22:02.655+0000] {logging_mixin.py:151} INFO - [2023-11-03T00:22:02.655+0000] {dag.py:2941} INFO - Sync 2 DAGs
[2023-11-03T00:22:02.669+0000] {logging_mixin.py:151} INFO - [2023-11-03T00:22:02.669+0000] {dag.py:3722} INFO - Setting next_dagrun for example_xcom_args to None, run_after=None
[2023-11-03T00:22:02.674+0000] {logging_mixin.py:151} INFO - [2023-11-03T00:22:02.673+0000] {dag.py:3722} INFO - Setting next_dagrun for example_xcom_args_with_operators to None, run_after=None
[2023-11-03T00:22:02.699+0000] {processor.py:179} INFO - Processing /home/airflow/.local/lib/python3.8/site-packages/airflow/example_dags/example_xcomargs.py took 0.095 seconds
[2023-11-03T00:22:32.950+0000] {processor.py:157} INFO - Started process (PID=3623) to work on /home/airflow/.local/lib/python3.8/site-packages/airflow/example_dags/example_xcomargs.py
[2023-11-03T00:22:32.951+0000] {processor.py:829} INFO - Processing file /home/airflow/.local/lib/python3.8/site-packages/airflow/example_dags/example_xcomargs.py for tasks to queue
[2023-11-03T00:22:32.953+0000] {logging_mixin.py:151} INFO - [2023-11-03T00:22:32.953+0000] {dagbag.py:536} INFO - Filling up the DagBag from /home/airflow/.local/lib/python3.8/site-packages/airflow/example_dags/example_xcomargs.py
[2023-11-03T00:22:32.962+0000] {processor.py:839} INFO - DAG(s) dict_keys(['example_xcom_args', 'example_xcom_args_with_operators']) retrieved from /home/airflow/.local/lib/python3.8/site-packages/airflow/example_dags/example_xcomargs.py
[2023-11-03T00:22:32.996+0000] {logging_mixin.py:151} INFO - [2023-11-03T00:22:32.995+0000] {dag.py:2941} INFO - Sync 2 DAGs
[2023-11-03T00:22:33.010+0000] {logging_mixin.py:151} INFO - [2023-11-03T00:22:33.009+0000] {dag.py:3722} INFO - Setting next_dagrun for example_xcom_args to None, run_after=None
[2023-11-03T00:22:33.014+0000] {logging_mixin.py:151} INFO - [2023-11-03T00:22:33.014+0000] {dag.py:3722} INFO - Setting next_dagrun for example_xcom_args_with_operators to None, run_after=None
[2023-11-03T00:22:33.040+0000] {processor.py:179} INFO - Processing /home/airflow/.local/lib/python3.8/site-packages/airflow/example_dags/example_xcomargs.py took 0.094 seconds
[2023-11-03T00:23:03.359+0000] {processor.py:157} INFO - Started process (PID=3677) to work on /home/airflow/.local/lib/python3.8/site-packages/airflow/example_dags/example_xcomargs.py
[2023-11-03T00:23:03.360+0000] {processor.py:829} INFO - Processing file /home/airflow/.local/lib/python3.8/site-packages/airflow/example_dags/example_xcomargs.py for tasks to queue
[2023-11-03T00:23:03.363+0000] {logging_mixin.py:151} INFO - [2023-11-03T00:23:03.362+0000] {dagbag.py:536} INFO - Filling up the DagBag from /home/airflow/.local/lib/python3.8/site-packages/airflow/example_dags/example_xcomargs.py
[2023-11-03T00:23:03.371+0000] {processor.py:839} INFO - DAG(s) dict_keys(['example_xcom_args', 'example_xcom_args_with_operators']) retrieved from /home/airflow/.local/lib/python3.8/site-packages/airflow/example_dags/example_xcomargs.py
[2023-11-03T00:23:03.405+0000] {logging_mixin.py:151} INFO - [2023-11-03T00:23:03.405+0000] {dag.py:2941} INFO - Sync 2 DAGs
[2023-11-03T00:23:03.422+0000] {logging_mixin.py:151} INFO - [2023-11-03T00:23:03.421+0000] {dag.py:3722} INFO - Setting next_dagrun for example_xcom_args to None, run_after=None
[2023-11-03T00:23:03.426+0000] {logging_mixin.py:151} INFO - [2023-11-03T00:23:03.426+0000] {dag.py:3722} INFO - Setting next_dagrun for example_xcom_args_with_operators to None, run_after=None
[2023-11-03T00:23:03.453+0000] {processor.py:179} INFO - Processing /home/airflow/.local/lib/python3.8/site-packages/airflow/example_dags/example_xcomargs.py took 0.097 seconds
[2023-11-03T00:23:33.993+0000] {processor.py:157} INFO - Started process (PID=3731) to work on /home/airflow/.local/lib/python3.8/site-packages/airflow/example_dags/example_xcomargs.py
[2023-11-03T00:23:33.994+0000] {processor.py:829} INFO - Processing file /home/airflow/.local/lib/python3.8/site-packages/airflow/example_dags/example_xcomargs.py for tasks to queue
[2023-11-03T00:23:33.996+0000] {logging_mixin.py:151} INFO - [2023-11-03T00:23:33.996+0000] {dagbag.py:536} INFO - Filling up the DagBag from /home/airflow/.local/lib/python3.8/site-packages/airflow/example_dags/example_xcomargs.py
[2023-11-03T00:23:34.004+0000] {processor.py:839} INFO - DAG(s) dict_keys(['example_xcom_args_with_operators', 'example_xcom_args']) retrieved from /home/airflow/.local/lib/python3.8/site-packages/airflow/example_dags/example_xcomargs.py
[2023-11-03T00:23:34.037+0000] {logging_mixin.py:151} INFO - [2023-11-03T00:23:34.036+0000] {dag.py:2941} INFO - Sync 2 DAGs
[2023-11-03T00:23:34.053+0000] {logging_mixin.py:151} INFO - [2023-11-03T00:23:34.052+0000] {dag.py:3722} INFO - Setting next_dagrun for example_xcom_args to None, run_after=None
[2023-11-03T00:23:34.057+0000] {logging_mixin.py:151} INFO - [2023-11-03T00:23:34.057+0000] {dag.py:3722} INFO - Setting next_dagrun for example_xcom_args_with_operators to None, run_after=None
[2023-11-03T00:23:34.088+0000] {processor.py:179} INFO - Processing /home/airflow/.local/lib/python3.8/site-packages/airflow/example_dags/example_xcomargs.py took 0.098 seconds
[2023-11-03T00:24:04.229+0000] {processor.py:157} INFO - Started process (PID=3785) to work on /home/airflow/.local/lib/python3.8/site-packages/airflow/example_dags/example_xcomargs.py
[2023-11-03T00:24:04.230+0000] {processor.py:829} INFO - Processing file /home/airflow/.local/lib/python3.8/site-packages/airflow/example_dags/example_xcomargs.py for tasks to queue
[2023-11-03T00:24:04.233+0000] {logging_mixin.py:151} INFO - [2023-11-03T00:24:04.232+0000] {dagbag.py:536} INFO - Filling up the DagBag from /home/airflow/.local/lib/python3.8/site-packages/airflow/example_dags/example_xcomargs.py
[2023-11-03T00:24:04.241+0000] {processor.py:839} INFO - DAG(s) dict_keys(['example_xcom_args', 'example_xcom_args_with_operators']) retrieved from /home/airflow/.local/lib/python3.8/site-packages/airflow/example_dags/example_xcomargs.py
[2023-11-03T00:24:04.274+0000] {logging_mixin.py:151} INFO - [2023-11-03T00:24:04.273+0000] {dag.py:2941} INFO - Sync 2 DAGs
[2023-11-03T00:24:04.288+0000] {logging_mixin.py:151} INFO - [2023-11-03T00:24:04.287+0000] {dag.py:3722} INFO - Setting next_dagrun for example_xcom_args to None, run_after=None
[2023-11-03T00:24:04.292+0000] {logging_mixin.py:151} INFO - [2023-11-03T00:24:04.291+0000] {dag.py:3722} INFO - Setting next_dagrun for example_xcom_args_with_operators to None, run_after=None
[2023-11-03T00:24:04.324+0000] {processor.py:179} INFO - Processing /home/airflow/.local/lib/python3.8/site-packages/airflow/example_dags/example_xcomargs.py took 0.099 seconds
[2023-11-03T00:24:34.470+0000] {processor.py:157} INFO - Started process (PID=3840) to work on /home/airflow/.local/lib/python3.8/site-packages/airflow/example_dags/example_xcomargs.py
[2023-11-03T00:24:34.471+0000] {processor.py:829} INFO - Processing file /home/airflow/.local/lib/python3.8/site-packages/airflow/example_dags/example_xcomargs.py for tasks to queue
[2023-11-03T00:24:34.473+0000] {logging_mixin.py:151} INFO - [2023-11-03T00:24:34.473+0000] {dagbag.py:536} INFO - Filling up the DagBag from /home/airflow/.local/lib/python3.8/site-packages/airflow/example_dags/example_xcomargs.py
[2023-11-03T00:24:34.483+0000] {processor.py:839} INFO - DAG(s) dict_keys(['example_xcom_args_with_operators', 'example_xcom_args']) retrieved from /home/airflow/.local/lib/python3.8/site-packages/airflow/example_dags/example_xcomargs.py
[2023-11-03T00:24:34.517+0000] {logging_mixin.py:151} INFO - [2023-11-03T00:24:34.516+0000] {dag.py:2941} INFO - Sync 2 DAGs
[2023-11-03T00:24:34.531+0000] {logging_mixin.py:151} INFO - [2023-11-03T00:24:34.531+0000] {dag.py:3722} INFO - Setting next_dagrun for example_xcom_args to None, run_after=None
[2023-11-03T00:24:34.536+0000] {logging_mixin.py:151} INFO - [2023-11-03T00:24:34.535+0000] {dag.py:3722} INFO - Setting next_dagrun for example_xcom_args_with_operators to None, run_after=None
[2023-11-03T00:24:34.563+0000] {processor.py:179} INFO - Processing /home/airflow/.local/lib/python3.8/site-packages/airflow/example_dags/example_xcomargs.py took 0.097 seconds
[2023-11-03T00:25:04.659+0000] {processor.py:157} INFO - Started process (PID=3893) to work on /home/airflow/.local/lib/python3.8/site-packages/airflow/example_dags/example_xcomargs.py
[2023-11-03T00:25:04.660+0000] {processor.py:829} INFO - Processing file /home/airflow/.local/lib/python3.8/site-packages/airflow/example_dags/example_xcomargs.py for tasks to queue
[2023-11-03T00:25:04.663+0000] {logging_mixin.py:151} INFO - [2023-11-03T00:25:04.662+0000] {dagbag.py:536} INFO - Filling up the DagBag from /home/airflow/.local/lib/python3.8/site-packages/airflow/example_dags/example_xcomargs.py
[2023-11-03T00:25:04.672+0000] {processor.py:839} INFO - DAG(s) dict_keys(['example_xcom_args_with_operators', 'example_xcom_args']) retrieved from /home/airflow/.local/lib/python3.8/site-packages/airflow/example_dags/example_xcomargs.py
[2023-11-03T00:25:04.706+0000] {logging_mixin.py:151} INFO - [2023-11-03T00:25:04.705+0000] {dag.py:2941} INFO - Sync 2 DAGs
[2023-11-03T00:25:04.720+0000] {logging_mixin.py:151} INFO - [2023-11-03T00:25:04.720+0000] {dag.py:3722} INFO - Setting next_dagrun for example_xcom_args to None, run_after=None
[2023-11-03T00:25:04.725+0000] {logging_mixin.py:151} INFO - [2023-11-03T00:25:04.724+0000] {dag.py:3722} INFO - Setting next_dagrun for example_xcom_args_with_operators to None, run_after=None
[2023-11-03T00:25:04.753+0000] {processor.py:179} INFO - Processing /home/airflow/.local/lib/python3.8/site-packages/airflow/example_dags/example_xcomargs.py took 0.098 seconds
[2023-11-03T00:25:35.033+0000] {processor.py:157} INFO - Started process (PID=3947) to work on /home/airflow/.local/lib/python3.8/site-packages/airflow/example_dags/example_xcomargs.py
[2023-11-03T00:25:35.034+0000] {processor.py:829} INFO - Processing file /home/airflow/.local/lib/python3.8/site-packages/airflow/example_dags/example_xcomargs.py for tasks to queue
[2023-11-03T00:25:35.036+0000] {logging_mixin.py:151} INFO - [2023-11-03T00:25:35.036+0000] {dagbag.py:536} INFO - Filling up the DagBag from /home/airflow/.local/lib/python3.8/site-packages/airflow/example_dags/example_xcomargs.py
[2023-11-03T00:25:35.045+0000] {processor.py:839} INFO - DAG(s) dict_keys(['example_xcom_args_with_operators', 'example_xcom_args']) retrieved from /home/airflow/.local/lib/python3.8/site-packages/airflow/example_dags/example_xcomargs.py
[2023-11-03T00:25:35.081+0000] {logging_mixin.py:151} INFO - [2023-11-03T00:25:35.081+0000] {dag.py:2941} INFO - Sync 2 DAGs
[2023-11-03T00:25:35.096+0000] {logging_mixin.py:151} INFO - [2023-11-03T00:25:35.095+0000] {dag.py:3722} INFO - Setting next_dagrun for example_xcom_args to None, run_after=None
[2023-11-03T00:25:35.100+0000] {logging_mixin.py:151} INFO - [2023-11-03T00:25:35.100+0000] {dag.py:3722} INFO - Setting next_dagrun for example_xcom_args_with_operators to None, run_after=None
[2023-11-03T00:25:35.128+0000] {processor.py:179} INFO - Processing /home/airflow/.local/lib/python3.8/site-packages/airflow/example_dags/example_xcomargs.py took 0.098 seconds
[2023-11-03T00:26:05.174+0000] {processor.py:157} INFO - Started process (PID=4001) to work on /home/airflow/.local/lib/python3.8/site-packages/airflow/example_dags/example_xcomargs.py
[2023-11-03T00:26:05.177+0000] {processor.py:829} INFO - Processing file /home/airflow/.local/lib/python3.8/site-packages/airflow/example_dags/example_xcomargs.py for tasks to queue
[2023-11-03T00:26:05.179+0000] {logging_mixin.py:151} INFO - [2023-11-03T00:26:05.179+0000] {dagbag.py:536} INFO - Filling up the DagBag from /home/airflow/.local/lib/python3.8/site-packages/airflow/example_dags/example_xcomargs.py
[2023-11-03T00:26:05.189+0000] {processor.py:839} INFO - DAG(s) dict_keys(['example_xcom_args_with_operators', 'example_xcom_args']) retrieved from /home/airflow/.local/lib/python3.8/site-packages/airflow/example_dags/example_xcomargs.py
[2023-11-03T00:26:05.223+0000] {logging_mixin.py:151} INFO - [2023-11-03T00:26:05.223+0000] {dag.py:2941} INFO - Sync 2 DAGs
[2023-11-03T00:26:05.237+0000] {logging_mixin.py:151} INFO - [2023-11-03T00:26:05.236+0000] {dag.py:3722} INFO - Setting next_dagrun for example_xcom_args to None, run_after=None
[2023-11-03T00:26:05.241+0000] {logging_mixin.py:151} INFO - [2023-11-03T00:26:05.241+0000] {dag.py:3722} INFO - Setting next_dagrun for example_xcom_args_with_operators to None, run_after=None
[2023-11-03T00:26:05.268+0000] {processor.py:179} INFO - Processing /home/airflow/.local/lib/python3.8/site-packages/airflow/example_dags/example_xcomargs.py took 0.098 seconds
[2023-11-03T00:26:35.321+0000] {processor.py:157} INFO - Started process (PID=4055) to work on /home/airflow/.local/lib/python3.8/site-packages/airflow/example_dags/example_xcomargs.py
[2023-11-03T00:26:35.323+0000] {processor.py:829} INFO - Processing file /home/airflow/.local/lib/python3.8/site-packages/airflow/example_dags/example_xcomargs.py for tasks to queue
[2023-11-03T00:26:35.325+0000] {logging_mixin.py:151} INFO - [2023-11-03T00:26:35.325+0000] {dagbag.py:536} INFO - Filling up the DagBag from /home/airflow/.local/lib/python3.8/site-packages/airflow/example_dags/example_xcomargs.py
[2023-11-03T00:26:35.333+0000] {processor.py:839} INFO - DAG(s) dict_keys(['example_xcom_args', 'example_xcom_args_with_operators']) retrieved from /home/airflow/.local/lib/python3.8/site-packages/airflow/example_dags/example_xcomargs.py
[2023-11-03T00:26:35.365+0000] {logging_mixin.py:151} INFO - [2023-11-03T00:26:35.365+0000] {dag.py:2941} INFO - Sync 2 DAGs
[2023-11-03T00:26:35.380+0000] {logging_mixin.py:151} INFO - [2023-11-03T00:26:35.379+0000] {dag.py:3722} INFO - Setting next_dagrun for example_xcom_args to None, run_after=None
[2023-11-03T00:26:35.384+0000] {logging_mixin.py:151} INFO - [2023-11-03T00:26:35.384+0000] {dag.py:3722} INFO - Setting next_dagrun for example_xcom_args_with_operators to None, run_after=None
[2023-11-03T00:26:35.409+0000] {processor.py:179} INFO - Processing /home/airflow/.local/lib/python3.8/site-packages/airflow/example_dags/example_xcomargs.py took 0.090 seconds
[2023-11-03T00:27:05.499+0000] {processor.py:157} INFO - Started process (PID=4109) to work on /home/airflow/.local/lib/python3.8/site-packages/airflow/example_dags/example_xcomargs.py
[2023-11-03T00:27:05.501+0000] {processor.py:829} INFO - Processing file /home/airflow/.local/lib/python3.8/site-packages/airflow/example_dags/example_xcomargs.py for tasks to queue
[2023-11-03T00:27:05.503+0000] {logging_mixin.py:151} INFO - [2023-11-03T00:27:05.503+0000] {dagbag.py:536} INFO - Filling up the DagBag from /home/airflow/.local/lib/python3.8/site-packages/airflow/example_dags/example_xcomargs.py
[2023-11-03T00:27:05.511+0000] {processor.py:839} INFO - DAG(s) dict_keys(['example_xcom_args_with_operators', 'example_xcom_args']) retrieved from /home/airflow/.local/lib/python3.8/site-packages/airflow/example_dags/example_xcomargs.py
[2023-11-03T00:27:05.541+0000] {logging_mixin.py:151} INFO - [2023-11-03T00:27:05.540+0000] {dag.py:2941} INFO - Sync 2 DAGs
[2023-11-03T00:27:05.555+0000] {logging_mixin.py:151} INFO - [2023-11-03T00:27:05.555+0000] {dag.py:3722} INFO - Setting next_dagrun for example_xcom_args to None, run_after=None
[2023-11-03T00:27:05.559+0000] {logging_mixin.py:151} INFO - [2023-11-03T00:27:05.559+0000] {dag.py:3722} INFO - Setting next_dagrun for example_xcom_args_with_operators to None, run_after=None
[2023-11-03T00:27:05.585+0000] {processor.py:179} INFO - Processing /home/airflow/.local/lib/python3.8/site-packages/airflow/example_dags/example_xcomargs.py took 0.089 seconds
[2023-11-03T00:27:35.667+0000] {processor.py:157} INFO - Started process (PID=4163) to work on /home/airflow/.local/lib/python3.8/site-packages/airflow/example_dags/example_xcomargs.py
[2023-11-03T00:27:35.669+0000] {processor.py:829} INFO - Processing file /home/airflow/.local/lib/python3.8/site-packages/airflow/example_dags/example_xcomargs.py for tasks to queue
[2023-11-03T00:27:35.671+0000] {logging_mixin.py:151} INFO - [2023-11-03T00:27:35.671+0000] {dagbag.py:536} INFO - Filling up the DagBag from /home/airflow/.local/lib/python3.8/site-packages/airflow/example_dags/example_xcomargs.py
[2023-11-03T00:27:35.680+0000] {processor.py:839} INFO - DAG(s) dict_keys(['example_xcom_args', 'example_xcom_args_with_operators']) retrieved from /home/airflow/.local/lib/python3.8/site-packages/airflow/example_dags/example_xcomargs.py
[2023-11-03T00:27:35.711+0000] {logging_mixin.py:151} INFO - [2023-11-03T00:27:35.711+0000] {dag.py:2941} INFO - Sync 2 DAGs
[2023-11-03T00:27:35.727+0000] {logging_mixin.py:151} INFO - [2023-11-03T00:27:35.727+0000] {dag.py:3722} INFO - Setting next_dagrun for example_xcom_args to None, run_after=None
[2023-11-03T00:27:35.731+0000] {logging_mixin.py:151} INFO - [2023-11-03T00:27:35.731+0000] {dag.py:3722} INFO - Setting next_dagrun for example_xcom_args_with_operators to None, run_after=None
[2023-11-03T00:27:35.761+0000] {processor.py:179} INFO - Processing /home/airflow/.local/lib/python3.8/site-packages/airflow/example_dags/example_xcomargs.py took 0.098 seconds
[2023-11-03T00:28:05.897+0000] {processor.py:157} INFO - Started process (PID=4217) to work on /home/airflow/.local/lib/python3.8/site-packages/airflow/example_dags/example_xcomargs.py
[2023-11-03T00:28:05.899+0000] {processor.py:829} INFO - Processing file /home/airflow/.local/lib/python3.8/site-packages/airflow/example_dags/example_xcomargs.py for tasks to queue
[2023-11-03T00:28:05.901+0000] {logging_mixin.py:151} INFO - [2023-11-03T00:28:05.901+0000] {dagbag.py:536} INFO - Filling up the DagBag from /home/airflow/.local/lib/python3.8/site-packages/airflow/example_dags/example_xcomargs.py
[2023-11-03T00:28:05.910+0000] {processor.py:839} INFO - DAG(s) dict_keys(['example_xcom_args', 'example_xcom_args_with_operators']) retrieved from /home/airflow/.local/lib/python3.8/site-packages/airflow/example_dags/example_xcomargs.py
[2023-11-03T00:28:05.946+0000] {logging_mixin.py:151} INFO - [2023-11-03T00:28:05.946+0000] {dag.py:2941} INFO - Sync 2 DAGs
[2023-11-03T00:28:05.961+0000] {logging_mixin.py:151} INFO - [2023-11-03T00:28:05.960+0000] {dag.py:3722} INFO - Setting next_dagrun for example_xcom_args to None, run_after=None
[2023-11-03T00:28:05.965+0000] {logging_mixin.py:151} INFO - [2023-11-03T00:28:05.965+0000] {dag.py:3722} INFO - Setting next_dagrun for example_xcom_args_with_operators to None, run_after=None
[2023-11-03T00:28:05.992+0000] {processor.py:179} INFO - Processing /home/airflow/.local/lib/python3.8/site-packages/airflow/example_dags/example_xcomargs.py took 0.098 seconds
[2023-11-03T00:28:36.235+0000] {processor.py:157} INFO - Started process (PID=4271) to work on /home/airflow/.local/lib/python3.8/site-packages/airflow/example_dags/example_xcomargs.py
[2023-11-03T00:28:36.237+0000] {processor.py:829} INFO - Processing file /home/airflow/.local/lib/python3.8/site-packages/airflow/example_dags/example_xcomargs.py for tasks to queue
[2023-11-03T00:28:36.239+0000] {logging_mixin.py:151} INFO - [2023-11-03T00:28:36.239+0000] {dagbag.py:536} INFO - Filling up the DagBag from /home/airflow/.local/lib/python3.8/site-packages/airflow/example_dags/example_xcomargs.py
[2023-11-03T00:28:36.247+0000] {processor.py:839} INFO - DAG(s) dict_keys(['example_xcom_args', 'example_xcom_args_with_operators']) retrieved from /home/airflow/.local/lib/python3.8/site-packages/airflow/example_dags/example_xcomargs.py
[2023-11-03T00:28:36.278+0000] {logging_mixin.py:151} INFO - [2023-11-03T00:28:36.278+0000] {dag.py:2941} INFO - Sync 2 DAGs
[2023-11-03T00:28:36.292+0000] {logging_mixin.py:151} INFO - [2023-11-03T00:28:36.291+0000] {dag.py:3722} INFO - Setting next_dagrun for example_xcom_args to None, run_after=None
[2023-11-03T00:28:36.296+0000] {logging_mixin.py:151} INFO - [2023-11-03T00:28:36.295+0000] {dag.py:3722} INFO - Setting next_dagrun for example_xcom_args_with_operators to None, run_after=None
[2023-11-03T00:28:36.320+0000] {processor.py:179} INFO - Processing /home/airflow/.local/lib/python3.8/site-packages/airflow/example_dags/example_xcomargs.py took 0.088 seconds
[2023-11-03T00:29:06.438+0000] {processor.py:157} INFO - Started process (PID=4326) to work on /home/airflow/.local/lib/python3.8/site-packages/airflow/example_dags/example_xcomargs.py
[2023-11-03T00:29:06.439+0000] {processor.py:829} INFO - Processing file /home/airflow/.local/lib/python3.8/site-packages/airflow/example_dags/example_xcomargs.py for tasks to queue
[2023-11-03T00:29:06.441+0000] {logging_mixin.py:151} INFO - [2023-11-03T00:29:06.441+0000] {dagbag.py:536} INFO - Filling up the DagBag from /home/airflow/.local/lib/python3.8/site-packages/airflow/example_dags/example_xcomargs.py
[2023-11-03T00:29:06.449+0000] {processor.py:839} INFO - DAG(s) dict_keys(['example_xcom_args_with_operators', 'example_xcom_args']) retrieved from /home/airflow/.local/lib/python3.8/site-packages/airflow/example_dags/example_xcomargs.py
[2023-11-03T00:29:06.479+0000] {logging_mixin.py:151} INFO - [2023-11-03T00:29:06.479+0000] {dag.py:2941} INFO - Sync 2 DAGs
[2023-11-03T00:29:06.494+0000] {logging_mixin.py:151} INFO - [2023-11-03T00:29:06.494+0000] {dag.py:3722} INFO - Setting next_dagrun for example_xcom_args to None, run_after=None
[2023-11-03T00:29:06.498+0000] {logging_mixin.py:151} INFO - [2023-11-03T00:29:06.498+0000] {dag.py:3722} INFO - Setting next_dagrun for example_xcom_args_with_operators to None, run_after=None
[2023-11-03T00:29:06.521+0000] {processor.py:179} INFO - Processing /home/airflow/.local/lib/python3.8/site-packages/airflow/example_dags/example_xcomargs.py took 0.086 seconds
[2023-11-03T00:29:36.612+0000] {processor.py:157} INFO - Started process (PID=4380) to work on /home/airflow/.local/lib/python3.8/site-packages/airflow/example_dags/example_xcomargs.py
[2023-11-03T00:29:36.614+0000] {processor.py:829} INFO - Processing file /home/airflow/.local/lib/python3.8/site-packages/airflow/example_dags/example_xcomargs.py for tasks to queue
[2023-11-03T00:29:36.616+0000] {logging_mixin.py:151} INFO - [2023-11-03T00:29:36.616+0000] {dagbag.py:536} INFO - Filling up the DagBag from /home/airflow/.local/lib/python3.8/site-packages/airflow/example_dags/example_xcomargs.py
[2023-11-03T00:29:36.624+0000] {processor.py:839} INFO - DAG(s) dict_keys(['example_xcom_args_with_operators', 'example_xcom_args']) retrieved from /home/airflow/.local/lib/python3.8/site-packages/airflow/example_dags/example_xcomargs.py
[2023-11-03T00:29:36.655+0000] {logging_mixin.py:151} INFO - [2023-11-03T00:29:36.655+0000] {dag.py:2941} INFO - Sync 2 DAGs
[2023-11-03T00:29:36.668+0000] {logging_mixin.py:151} INFO - [2023-11-03T00:29:36.668+0000] {dag.py:3722} INFO - Setting next_dagrun for example_xcom_args to None, run_after=None
[2023-11-03T00:29:36.673+0000] {logging_mixin.py:151} INFO - [2023-11-03T00:29:36.673+0000] {dag.py:3722} INFO - Setting next_dagrun for example_xcom_args_with_operators to None, run_after=None
[2023-11-03T00:29:36.699+0000] {processor.py:179} INFO - Processing /home/airflow/.local/lib/python3.8/site-packages/airflow/example_dags/example_xcomargs.py took 0.090 seconds
[2023-11-03T00:30:06.998+0000] {processor.py:157} INFO - Started process (PID=4433) to work on /home/airflow/.local/lib/python3.8/site-packages/airflow/example_dags/example_xcomargs.py
[2023-11-03T00:30:07.000+0000] {processor.py:829} INFO - Processing file /home/airflow/.local/lib/python3.8/site-packages/airflow/example_dags/example_xcomargs.py for tasks to queue
[2023-11-03T00:30:07.002+0000] {logging_mixin.py:151} INFO - [2023-11-03T00:30:07.002+0000] {dagbag.py:536} INFO - Filling up the DagBag from /home/airflow/.local/lib/python3.8/site-packages/airflow/example_dags/example_xcomargs.py
[2023-11-03T00:30:07.011+0000] {processor.py:839} INFO - DAG(s) dict_keys(['example_xcom_args', 'example_xcom_args_with_operators']) retrieved from /home/airflow/.local/lib/python3.8/site-packages/airflow/example_dags/example_xcomargs.py
[2023-11-03T00:30:07.039+0000] {logging_mixin.py:151} INFO - [2023-11-03T00:30:07.038+0000] {dag.py:2941} INFO - Sync 2 DAGs
[2023-11-03T00:30:07.053+0000] {logging_mixin.py:151} INFO - [2023-11-03T00:30:07.053+0000] {dag.py:3722} INFO - Setting next_dagrun for example_xcom_args to None, run_after=None
[2023-11-03T00:30:07.057+0000] {logging_mixin.py:151} INFO - [2023-11-03T00:30:07.057+0000] {dag.py:3722} INFO - Setting next_dagrun for example_xcom_args_with_operators to None, run_after=None
[2023-11-03T00:30:07.079+0000] {processor.py:179} INFO - Processing /home/airflow/.local/lib/python3.8/site-packages/airflow/example_dags/example_xcomargs.py took 0.085 seconds
[2023-11-03T00:30:37.803+0000] {processor.py:157} INFO - Started process (PID=4487) to work on /home/airflow/.local/lib/python3.8/site-packages/airflow/example_dags/example_xcomargs.py
[2023-11-03T00:30:37.803+0000] {processor.py:829} INFO - Processing file /home/airflow/.local/lib/python3.8/site-packages/airflow/example_dags/example_xcomargs.py for tasks to queue
[2023-11-03T00:30:37.806+0000] {logging_mixin.py:151} INFO - [2023-11-03T00:30:37.805+0000] {dagbag.py:536} INFO - Filling up the DagBag from /home/airflow/.local/lib/python3.8/site-packages/airflow/example_dags/example_xcomargs.py
[2023-11-03T00:30:37.815+0000] {processor.py:839} INFO - DAG(s) dict_keys(['example_xcom_args', 'example_xcom_args_with_operators']) retrieved from /home/airflow/.local/lib/python3.8/site-packages/airflow/example_dags/example_xcomargs.py
[2023-11-03T00:30:37.849+0000] {logging_mixin.py:151} INFO - [2023-11-03T00:30:37.849+0000] {dag.py:2941} INFO - Sync 2 DAGs
[2023-11-03T00:30:37.863+0000] {logging_mixin.py:151} INFO - [2023-11-03T00:30:37.863+0000] {dag.py:3722} INFO - Setting next_dagrun for example_xcom_args to None, run_after=None
[2023-11-03T00:30:37.867+0000] {logging_mixin.py:151} INFO - [2023-11-03T00:30:37.867+0000] {dag.py:3722} INFO - Setting next_dagrun for example_xcom_args_with_operators to None, run_after=None
[2023-11-03T00:30:37.891+0000] {processor.py:179} INFO - Processing /home/airflow/.local/lib/python3.8/site-packages/airflow/example_dags/example_xcomargs.py took 0.092 seconds
