[2023-11-03T00:00:09.472+0000] {processor.py:157} INFO - Started process (PID=1245) to work on /home/airflow/.local/lib/python3.8/site-packages/airflow/example_dags/example_python_operator.py
[2023-11-03T00:00:09.473+0000] {processor.py:829} INFO - Processing file /home/airflow/.local/lib/python3.8/site-packages/airflow/example_dags/example_python_operator.py for tasks to queue
[2023-11-03T00:00:09.476+0000] {logging_mixin.py:151} INFO - [2023-11-03T00:00:09.475+0000] {dagbag.py:536} INFO - Filling up the DagBag from /home/airflow/.local/lib/python3.8/site-packages/airflow/example_dags/example_python_operator.py
[2023-11-03T00:00:09.488+0000] {processor.py:839} INFO - DAG(s) dict_keys(['example_python_operator']) retrieved from /home/airflow/.local/lib/python3.8/site-packages/airflow/example_dags/example_python_operator.py
[2023-11-03T00:00:09.520+0000] {logging_mixin.py:151} INFO - [2023-11-03T00:00:09.520+0000] {dag.py:2941} INFO - Sync 1 DAGs
[2023-11-03T00:00:09.537+0000] {logging_mixin.py:151} INFO - [2023-11-03T00:00:09.537+0000] {dag.py:3722} INFO - Setting next_dagrun for example_python_operator to None, run_after=None
[2023-11-03T00:00:09.580+0000] {processor.py:179} INFO - Processing /home/airflow/.local/lib/python3.8/site-packages/airflow/example_dags/example_python_operator.py took 0.112 seconds
[2023-11-03T00:00:40.557+0000] {processor.py:157} INFO - Started process (PID=1299) to work on /home/airflow/.local/lib/python3.8/site-packages/airflow/example_dags/example_python_operator.py
[2023-11-03T00:00:40.559+0000] {processor.py:829} INFO - Processing file /home/airflow/.local/lib/python3.8/site-packages/airflow/example_dags/example_python_operator.py for tasks to queue
[2023-11-03T00:00:40.562+0000] {logging_mixin.py:151} INFO - [2023-11-03T00:00:40.561+0000] {dagbag.py:536} INFO - Filling up the DagBag from /home/airflow/.local/lib/python3.8/site-packages/airflow/example_dags/example_python_operator.py
[2023-11-03T00:00:40.575+0000] {processor.py:839} INFO - DAG(s) dict_keys(['example_python_operator']) retrieved from /home/airflow/.local/lib/python3.8/site-packages/airflow/example_dags/example_python_operator.py
[2023-11-03T00:00:40.607+0000] {logging_mixin.py:151} INFO - [2023-11-03T00:00:40.607+0000] {dag.py:2941} INFO - Sync 1 DAGs
[2023-11-03T00:00:40.626+0000] {logging_mixin.py:151} INFO - [2023-11-03T00:00:40.626+0000] {dag.py:3722} INFO - Setting next_dagrun for example_python_operator to None, run_after=None
[2023-11-03T00:00:40.661+0000] {processor.py:179} INFO - Processing /home/airflow/.local/lib/python3.8/site-packages/airflow/example_dags/example_python_operator.py took 0.107 seconds
[2023-11-03T00:01:11.260+0000] {processor.py:157} INFO - Started process (PID=1353) to work on /home/airflow/.local/lib/python3.8/site-packages/airflow/example_dags/example_python_operator.py
[2023-11-03T00:01:11.262+0000] {processor.py:829} INFO - Processing file /home/airflow/.local/lib/python3.8/site-packages/airflow/example_dags/example_python_operator.py for tasks to queue
[2023-11-03T00:01:11.264+0000] {logging_mixin.py:151} INFO - [2023-11-03T00:01:11.263+0000] {dagbag.py:536} INFO - Filling up the DagBag from /home/airflow/.local/lib/python3.8/site-packages/airflow/example_dags/example_python_operator.py
[2023-11-03T00:01:11.275+0000] {processor.py:839} INFO - DAG(s) dict_keys(['example_python_operator']) retrieved from /home/airflow/.local/lib/python3.8/site-packages/airflow/example_dags/example_python_operator.py
[2023-11-03T00:01:11.311+0000] {logging_mixin.py:151} INFO - [2023-11-03T00:01:11.311+0000] {dag.py:2941} INFO - Sync 1 DAGs
[2023-11-03T00:01:11.326+0000] {logging_mixin.py:151} INFO - [2023-11-03T00:01:11.325+0000] {dag.py:3722} INFO - Setting next_dagrun for example_python_operator to None, run_after=None
[2023-11-03T00:01:11.355+0000] {processor.py:179} INFO - Processing /home/airflow/.local/lib/python3.8/site-packages/airflow/example_dags/example_python_operator.py took 0.098 seconds
[2023-11-03T00:01:41.726+0000] {processor.py:157} INFO - Started process (PID=1407) to work on /home/airflow/.local/lib/python3.8/site-packages/airflow/example_dags/example_python_operator.py
[2023-11-03T00:01:41.727+0000] {processor.py:829} INFO - Processing file /home/airflow/.local/lib/python3.8/site-packages/airflow/example_dags/example_python_operator.py for tasks to queue
[2023-11-03T00:01:41.730+0000] {logging_mixin.py:151} INFO - [2023-11-03T00:01:41.729+0000] {dagbag.py:536} INFO - Filling up the DagBag from /home/airflow/.local/lib/python3.8/site-packages/airflow/example_dags/example_python_operator.py
[2023-11-03T00:01:41.741+0000] {processor.py:839} INFO - DAG(s) dict_keys(['example_python_operator']) retrieved from /home/airflow/.local/lib/python3.8/site-packages/airflow/example_dags/example_python_operator.py
[2023-11-03T00:01:41.770+0000] {logging_mixin.py:151} INFO - [2023-11-03T00:01:41.770+0000] {dag.py:2941} INFO - Sync 1 DAGs
[2023-11-03T00:01:41.786+0000] {logging_mixin.py:151} INFO - [2023-11-03T00:01:41.785+0000] {dag.py:3722} INFO - Setting next_dagrun for example_python_operator to None, run_after=None
[2023-11-03T00:01:41.813+0000] {processor.py:179} INFO - Processing /home/airflow/.local/lib/python3.8/site-packages/airflow/example_dags/example_python_operator.py took 0.091 seconds
[2023-11-03T00:02:12.529+0000] {processor.py:157} INFO - Started process (PID=1461) to work on /home/airflow/.local/lib/python3.8/site-packages/airflow/example_dags/example_python_operator.py
[2023-11-03T00:02:12.530+0000] {processor.py:829} INFO - Processing file /home/airflow/.local/lib/python3.8/site-packages/airflow/example_dags/example_python_operator.py for tasks to queue
[2023-11-03T00:02:12.533+0000] {logging_mixin.py:151} INFO - [2023-11-03T00:02:12.532+0000] {dagbag.py:536} INFO - Filling up the DagBag from /home/airflow/.local/lib/python3.8/site-packages/airflow/example_dags/example_python_operator.py
[2023-11-03T00:02:12.545+0000] {processor.py:839} INFO - DAG(s) dict_keys(['example_python_operator']) retrieved from /home/airflow/.local/lib/python3.8/site-packages/airflow/example_dags/example_python_operator.py
[2023-11-03T00:02:12.576+0000] {logging_mixin.py:151} INFO - [2023-11-03T00:02:12.576+0000] {dag.py:2941} INFO - Sync 1 DAGs
[2023-11-03T00:02:12.593+0000] {logging_mixin.py:151} INFO - [2023-11-03T00:02:12.593+0000] {dag.py:3722} INFO - Setting next_dagrun for example_python_operator to None, run_after=None
[2023-11-03T00:02:12.622+0000] {processor.py:179} INFO - Processing /home/airflow/.local/lib/python3.8/site-packages/airflow/example_dags/example_python_operator.py took 0.096 seconds
[2023-11-03T00:02:42.997+0000] {processor.py:157} INFO - Started process (PID=1515) to work on /home/airflow/.local/lib/python3.8/site-packages/airflow/example_dags/example_python_operator.py
[2023-11-03T00:02:42.999+0000] {processor.py:829} INFO - Processing file /home/airflow/.local/lib/python3.8/site-packages/airflow/example_dags/example_python_operator.py for tasks to queue
[2023-11-03T00:02:43.001+0000] {logging_mixin.py:151} INFO - [2023-11-03T00:02:43.001+0000] {dagbag.py:536} INFO - Filling up the DagBag from /home/airflow/.local/lib/python3.8/site-packages/airflow/example_dags/example_python_operator.py
[2023-11-03T00:02:43.014+0000] {processor.py:839} INFO - DAG(s) dict_keys(['example_python_operator']) retrieved from /home/airflow/.local/lib/python3.8/site-packages/airflow/example_dags/example_python_operator.py
[2023-11-03T00:02:43.039+0000] {logging_mixin.py:151} INFO - [2023-11-03T00:02:43.039+0000] {dag.py:2941} INFO - Sync 1 DAGs
[2023-11-03T00:02:43.055+0000] {logging_mixin.py:151} INFO - [2023-11-03T00:02:43.054+0000] {dag.py:3722} INFO - Setting next_dagrun for example_python_operator to None, run_after=None
[2023-11-03T00:02:43.080+0000] {processor.py:179} INFO - Processing /home/airflow/.local/lib/python3.8/site-packages/airflow/example_dags/example_python_operator.py took 0.087 seconds
[2023-11-03T00:03:13.470+0000] {processor.py:157} INFO - Started process (PID=1569) to work on /home/airflow/.local/lib/python3.8/site-packages/airflow/example_dags/example_python_operator.py
[2023-11-03T00:03:13.472+0000] {processor.py:829} INFO - Processing file /home/airflow/.local/lib/python3.8/site-packages/airflow/example_dags/example_python_operator.py for tasks to queue
[2023-11-03T00:03:13.475+0000] {logging_mixin.py:151} INFO - [2023-11-03T00:03:13.474+0000] {dagbag.py:536} INFO - Filling up the DagBag from /home/airflow/.local/lib/python3.8/site-packages/airflow/example_dags/example_python_operator.py
[2023-11-03T00:03:13.492+0000] {processor.py:839} INFO - DAG(s) dict_keys(['example_python_operator']) retrieved from /home/airflow/.local/lib/python3.8/site-packages/airflow/example_dags/example_python_operator.py
[2023-11-03T00:03:13.532+0000] {logging_mixin.py:151} INFO - [2023-11-03T00:03:13.531+0000] {dag.py:2941} INFO - Sync 1 DAGs
[2023-11-03T00:03:13.551+0000] {logging_mixin.py:151} INFO - [2023-11-03T00:03:13.551+0000] {dag.py:3722} INFO - Setting next_dagrun for example_python_operator to None, run_after=None
[2023-11-03T00:03:13.580+0000] {processor.py:179} INFO - Processing /home/airflow/.local/lib/python3.8/site-packages/airflow/example_dags/example_python_operator.py took 0.113 seconds
[2023-11-03T00:03:43.957+0000] {processor.py:157} INFO - Started process (PID=1623) to work on /home/airflow/.local/lib/python3.8/site-packages/airflow/example_dags/example_python_operator.py
[2023-11-03T00:03:43.958+0000] {processor.py:829} INFO - Processing file /home/airflow/.local/lib/python3.8/site-packages/airflow/example_dags/example_python_operator.py for tasks to queue
[2023-11-03T00:03:43.960+0000] {logging_mixin.py:151} INFO - [2023-11-03T00:03:43.960+0000] {dagbag.py:536} INFO - Filling up the DagBag from /home/airflow/.local/lib/python3.8/site-packages/airflow/example_dags/example_python_operator.py
[2023-11-03T00:03:43.971+0000] {processor.py:839} INFO - DAG(s) dict_keys(['example_python_operator']) retrieved from /home/airflow/.local/lib/python3.8/site-packages/airflow/example_dags/example_python_operator.py
[2023-11-03T00:03:44.002+0000] {logging_mixin.py:151} INFO - [2023-11-03T00:03:44.002+0000] {dag.py:2941} INFO - Sync 1 DAGs
[2023-11-03T00:03:44.016+0000] {logging_mixin.py:151} INFO - [2023-11-03T00:03:44.016+0000] {dag.py:3722} INFO - Setting next_dagrun for example_python_operator to None, run_after=None
[2023-11-03T00:03:44.045+0000] {processor.py:179} INFO - Processing /home/airflow/.local/lib/python3.8/site-packages/airflow/example_dags/example_python_operator.py took 0.092 seconds
[2023-11-03T00:04:14.474+0000] {processor.py:157} INFO - Started process (PID=1676) to work on /home/airflow/.local/lib/python3.8/site-packages/airflow/example_dags/example_python_operator.py
[2023-11-03T00:04:14.475+0000] {processor.py:829} INFO - Processing file /home/airflow/.local/lib/python3.8/site-packages/airflow/example_dags/example_python_operator.py for tasks to queue
[2023-11-03T00:04:14.477+0000] {logging_mixin.py:151} INFO - [2023-11-03T00:04:14.477+0000] {dagbag.py:536} INFO - Filling up the DagBag from /home/airflow/.local/lib/python3.8/site-packages/airflow/example_dags/example_python_operator.py
[2023-11-03T00:04:14.493+0000] {processor.py:839} INFO - DAG(s) dict_keys(['example_python_operator']) retrieved from /home/airflow/.local/lib/python3.8/site-packages/airflow/example_dags/example_python_operator.py
[2023-11-03T00:04:14.527+0000] {logging_mixin.py:151} INFO - [2023-11-03T00:04:14.526+0000] {dag.py:2941} INFO - Sync 1 DAGs
[2023-11-03T00:04:14.543+0000] {logging_mixin.py:151} INFO - [2023-11-03T00:04:14.543+0000] {dag.py:3722} INFO - Setting next_dagrun for example_python_operator to None, run_after=None
[2023-11-03T00:04:14.576+0000] {processor.py:179} INFO - Processing /home/airflow/.local/lib/python3.8/site-packages/airflow/example_dags/example_python_operator.py took 0.106 seconds
[2023-11-03T00:04:44.833+0000] {processor.py:157} INFO - Started process (PID=1730) to work on /home/airflow/.local/lib/python3.8/site-packages/airflow/example_dags/example_python_operator.py
[2023-11-03T00:04:44.834+0000] {processor.py:829} INFO - Processing file /home/airflow/.local/lib/python3.8/site-packages/airflow/example_dags/example_python_operator.py for tasks to queue
[2023-11-03T00:04:44.836+0000] {logging_mixin.py:151} INFO - [2023-11-03T00:04:44.836+0000] {dagbag.py:536} INFO - Filling up the DagBag from /home/airflow/.local/lib/python3.8/site-packages/airflow/example_dags/example_python_operator.py
[2023-11-03T00:04:44.848+0000] {processor.py:839} INFO - DAG(s) dict_keys(['example_python_operator']) retrieved from /home/airflow/.local/lib/python3.8/site-packages/airflow/example_dags/example_python_operator.py
[2023-11-03T00:04:44.877+0000] {logging_mixin.py:151} INFO - [2023-11-03T00:04:44.876+0000] {dag.py:2941} INFO - Sync 1 DAGs
[2023-11-03T00:04:44.893+0000] {logging_mixin.py:151} INFO - [2023-11-03T00:04:44.892+0000] {dag.py:3722} INFO - Setting next_dagrun for example_python_operator to None, run_after=None
[2023-11-03T00:04:44.923+0000] {processor.py:179} INFO - Processing /home/airflow/.local/lib/python3.8/site-packages/airflow/example_dags/example_python_operator.py took 0.093 seconds
[2023-11-03T00:05:15.867+0000] {processor.py:157} INFO - Started process (PID=1784) to work on /home/airflow/.local/lib/python3.8/site-packages/airflow/example_dags/example_python_operator.py
[2023-11-03T00:05:15.868+0000] {processor.py:829} INFO - Processing file /home/airflow/.local/lib/python3.8/site-packages/airflow/example_dags/example_python_operator.py for tasks to queue
[2023-11-03T00:05:15.870+0000] {logging_mixin.py:151} INFO - [2023-11-03T00:05:15.870+0000] {dagbag.py:536} INFO - Filling up the DagBag from /home/airflow/.local/lib/python3.8/site-packages/airflow/example_dags/example_python_operator.py
[2023-11-03T00:05:15.885+0000] {processor.py:839} INFO - DAG(s) dict_keys(['example_python_operator']) retrieved from /home/airflow/.local/lib/python3.8/site-packages/airflow/example_dags/example_python_operator.py
[2023-11-03T00:05:15.920+0000] {logging_mixin.py:151} INFO - [2023-11-03T00:05:15.919+0000] {dag.py:2941} INFO - Sync 1 DAGs
[2023-11-03T00:05:15.936+0000] {logging_mixin.py:151} INFO - [2023-11-03T00:05:15.936+0000] {dag.py:3722} INFO - Setting next_dagrun for example_python_operator to None, run_after=None
[2023-11-03T00:05:15.974+0000] {processor.py:179} INFO - Processing /home/airflow/.local/lib/python3.8/site-packages/airflow/example_dags/example_python_operator.py took 0.112 seconds
[2023-11-03T00:05:46.010+0000] {processor.py:157} INFO - Started process (PID=1837) to work on /home/airflow/.local/lib/python3.8/site-packages/airflow/example_dags/example_python_operator.py
[2023-11-03T00:05:46.011+0000] {processor.py:829} INFO - Processing file /home/airflow/.local/lib/python3.8/site-packages/airflow/example_dags/example_python_operator.py for tasks to queue
[2023-11-03T00:05:46.013+0000] {logging_mixin.py:151} INFO - [2023-11-03T00:05:46.013+0000] {dagbag.py:536} INFO - Filling up the DagBag from /home/airflow/.local/lib/python3.8/site-packages/airflow/example_dags/example_python_operator.py
[2023-11-03T00:05:46.027+0000] {processor.py:839} INFO - DAG(s) dict_keys(['example_python_operator']) retrieved from /home/airflow/.local/lib/python3.8/site-packages/airflow/example_dags/example_python_operator.py
[2023-11-03T00:05:46.059+0000] {logging_mixin.py:151} INFO - [2023-11-03T00:05:46.059+0000] {dag.py:2941} INFO - Sync 1 DAGs
[2023-11-03T00:05:46.074+0000] {logging_mixin.py:151} INFO - [2023-11-03T00:05:46.073+0000] {dag.py:3722} INFO - Setting next_dagrun for example_python_operator to None, run_after=None
[2023-11-03T00:05:46.098+0000] {processor.py:179} INFO - Processing /home/airflow/.local/lib/python3.8/site-packages/airflow/example_dags/example_python_operator.py took 0.091 seconds
[2023-11-03T00:06:16.212+0000] {processor.py:157} INFO - Started process (PID=1891) to work on /home/airflow/.local/lib/python3.8/site-packages/airflow/example_dags/example_python_operator.py
[2023-11-03T00:06:16.213+0000] {processor.py:829} INFO - Processing file /home/airflow/.local/lib/python3.8/site-packages/airflow/example_dags/example_python_operator.py for tasks to queue
[2023-11-03T00:06:16.216+0000] {logging_mixin.py:151} INFO - [2023-11-03T00:06:16.216+0000] {dagbag.py:536} INFO - Filling up the DagBag from /home/airflow/.local/lib/python3.8/site-packages/airflow/example_dags/example_python_operator.py
[2023-11-03T00:06:16.227+0000] {processor.py:839} INFO - DAG(s) dict_keys(['example_python_operator']) retrieved from /home/airflow/.local/lib/python3.8/site-packages/airflow/example_dags/example_python_operator.py
[2023-11-03T00:06:16.257+0000] {logging_mixin.py:151} INFO - [2023-11-03T00:06:16.256+0000] {dag.py:2941} INFO - Sync 1 DAGs
[2023-11-03T00:06:16.271+0000] {logging_mixin.py:151} INFO - [2023-11-03T00:06:16.270+0000] {dag.py:3722} INFO - Setting next_dagrun for example_python_operator to None, run_after=None
[2023-11-03T00:06:16.306+0000] {processor.py:179} INFO - Processing /home/airflow/.local/lib/python3.8/site-packages/airflow/example_dags/example_python_operator.py took 0.098 seconds
[2023-11-03T00:06:46.905+0000] {processor.py:157} INFO - Started process (PID=1947) to work on /home/airflow/.local/lib/python3.8/site-packages/airflow/example_dags/example_python_operator.py
[2023-11-03T00:06:46.906+0000] {processor.py:829} INFO - Processing file /home/airflow/.local/lib/python3.8/site-packages/airflow/example_dags/example_python_operator.py for tasks to queue
[2023-11-03T00:06:46.908+0000] {logging_mixin.py:151} INFO - [2023-11-03T00:06:46.908+0000] {dagbag.py:536} INFO - Filling up the DagBag from /home/airflow/.local/lib/python3.8/site-packages/airflow/example_dags/example_python_operator.py
[2023-11-03T00:06:46.919+0000] {processor.py:839} INFO - DAG(s) dict_keys(['example_python_operator']) retrieved from /home/airflow/.local/lib/python3.8/site-packages/airflow/example_dags/example_python_operator.py
[2023-11-03T00:06:46.952+0000] {logging_mixin.py:151} INFO - [2023-11-03T00:06:46.951+0000] {dag.py:2941} INFO - Sync 1 DAGs
[2023-11-03T00:06:46.967+0000] {logging_mixin.py:151} INFO - [2023-11-03T00:06:46.967+0000] {dag.py:3722} INFO - Setting next_dagrun for example_python_operator to None, run_after=None
[2023-11-03T00:06:46.995+0000] {processor.py:179} INFO - Processing /home/airflow/.local/lib/python3.8/site-packages/airflow/example_dags/example_python_operator.py took 0.094 seconds
[2023-11-03T00:07:17.410+0000] {processor.py:157} INFO - Started process (PID=2001) to work on /home/airflow/.local/lib/python3.8/site-packages/airflow/example_dags/example_python_operator.py
[2023-11-03T00:07:17.412+0000] {processor.py:829} INFO - Processing file /home/airflow/.local/lib/python3.8/site-packages/airflow/example_dags/example_python_operator.py for tasks to queue
[2023-11-03T00:07:17.414+0000] {logging_mixin.py:151} INFO - [2023-11-03T00:07:17.414+0000] {dagbag.py:536} INFO - Filling up the DagBag from /home/airflow/.local/lib/python3.8/site-packages/airflow/example_dags/example_python_operator.py
[2023-11-03T00:07:17.426+0000] {processor.py:839} INFO - DAG(s) dict_keys(['example_python_operator']) retrieved from /home/airflow/.local/lib/python3.8/site-packages/airflow/example_dags/example_python_operator.py
[2023-11-03T00:07:17.468+0000] {logging_mixin.py:151} INFO - [2023-11-03T00:07:17.467+0000] {dag.py:2941} INFO - Sync 1 DAGs
[2023-11-03T00:07:17.483+0000] {logging_mixin.py:151} INFO - [2023-11-03T00:07:17.483+0000] {dag.py:3722} INFO - Setting next_dagrun for example_python_operator to None, run_after=None
[2023-11-03T00:07:17.531+0000] {processor.py:179} INFO - Processing /home/airflow/.local/lib/python3.8/site-packages/airflow/example_dags/example_python_operator.py took 0.124 seconds
[2023-11-03T00:07:47.899+0000] {processor.py:157} INFO - Started process (PID=2062) to work on /home/airflow/.local/lib/python3.8/site-packages/airflow/example_dags/example_python_operator.py
[2023-11-03T00:07:47.899+0000] {processor.py:829} INFO - Processing file /home/airflow/.local/lib/python3.8/site-packages/airflow/example_dags/example_python_operator.py for tasks to queue
[2023-11-03T00:07:47.902+0000] {logging_mixin.py:151} INFO - [2023-11-03T00:07:47.901+0000] {dagbag.py:536} INFO - Filling up the DagBag from /home/airflow/.local/lib/python3.8/site-packages/airflow/example_dags/example_python_operator.py
[2023-11-03T00:07:47.913+0000] {processor.py:839} INFO - DAG(s) dict_keys(['example_python_operator']) retrieved from /home/airflow/.local/lib/python3.8/site-packages/airflow/example_dags/example_python_operator.py
[2023-11-03T00:07:47.937+0000] {logging_mixin.py:151} INFO - [2023-11-03T00:07:47.937+0000] {dag.py:2941} INFO - Sync 1 DAGs
[2023-11-03T00:07:47.952+0000] {logging_mixin.py:151} INFO - [2023-11-03T00:07:47.952+0000] {dag.py:3722} INFO - Setting next_dagrun for example_python_operator to None, run_after=None
[2023-11-03T00:07:47.976+0000] {processor.py:179} INFO - Processing /home/airflow/.local/lib/python3.8/site-packages/airflow/example_dags/example_python_operator.py took 0.081 seconds
[2023-11-03T00:08:19.266+0000] {processor.py:157} INFO - Started process (PID=2116) to work on /home/airflow/.local/lib/python3.8/site-packages/airflow/example_dags/example_python_operator.py
[2023-11-03T00:08:19.267+0000] {processor.py:829} INFO - Processing file /home/airflow/.local/lib/python3.8/site-packages/airflow/example_dags/example_python_operator.py for tasks to queue
[2023-11-03T00:08:19.270+0000] {logging_mixin.py:151} INFO - [2023-11-03T00:08:19.269+0000] {dagbag.py:536} INFO - Filling up the DagBag from /home/airflow/.local/lib/python3.8/site-packages/airflow/example_dags/example_python_operator.py
[2023-11-03T00:08:19.284+0000] {processor.py:839} INFO - DAG(s) dict_keys(['example_python_operator']) retrieved from /home/airflow/.local/lib/python3.8/site-packages/airflow/example_dags/example_python_operator.py
[2023-11-03T00:08:19.319+0000] {logging_mixin.py:151} INFO - [2023-11-03T00:08:19.319+0000] {dag.py:2941} INFO - Sync 1 DAGs
[2023-11-03T00:08:19.337+0000] {logging_mixin.py:151} INFO - [2023-11-03T00:08:19.337+0000] {dag.py:3722} INFO - Setting next_dagrun for example_python_operator to None, run_after=None
[2023-11-03T00:08:19.370+0000] {processor.py:179} INFO - Processing /home/airflow/.local/lib/python3.8/site-packages/airflow/example_dags/example_python_operator.py took 0.109 seconds
[2023-11-03T00:08:49.462+0000] {processor.py:157} INFO - Started process (PID=2169) to work on /home/airflow/.local/lib/python3.8/site-packages/airflow/example_dags/example_python_operator.py
[2023-11-03T00:08:49.462+0000] {processor.py:829} INFO - Processing file /home/airflow/.local/lib/python3.8/site-packages/airflow/example_dags/example_python_operator.py for tasks to queue
[2023-11-03T00:08:49.464+0000] {logging_mixin.py:151} INFO - [2023-11-03T00:08:49.464+0000] {dagbag.py:536} INFO - Filling up the DagBag from /home/airflow/.local/lib/python3.8/site-packages/airflow/example_dags/example_python_operator.py
[2023-11-03T00:08:49.475+0000] {processor.py:839} INFO - DAG(s) dict_keys(['example_python_operator']) retrieved from /home/airflow/.local/lib/python3.8/site-packages/airflow/example_dags/example_python_operator.py
[2023-11-03T00:08:49.503+0000] {logging_mixin.py:151} INFO - [2023-11-03T00:08:49.503+0000] {dag.py:2941} INFO - Sync 1 DAGs
[2023-11-03T00:08:49.518+0000] {logging_mixin.py:151} INFO - [2023-11-03T00:08:49.517+0000] {dag.py:3722} INFO - Setting next_dagrun for example_python_operator to None, run_after=None
[2023-11-03T00:08:49.549+0000] {processor.py:179} INFO - Processing /home/airflow/.local/lib/python3.8/site-packages/airflow/example_dags/example_python_operator.py took 0.090 seconds
[2023-11-03T00:09:20.055+0000] {processor.py:157} INFO - Started process (PID=2224) to work on /home/airflow/.local/lib/python3.8/site-packages/airflow/example_dags/example_python_operator.py
[2023-11-03T00:09:20.056+0000] {processor.py:829} INFO - Processing file /home/airflow/.local/lib/python3.8/site-packages/airflow/example_dags/example_python_operator.py for tasks to queue
[2023-11-03T00:09:20.058+0000] {logging_mixin.py:151} INFO - [2023-11-03T00:09:20.058+0000] {dagbag.py:536} INFO - Filling up the DagBag from /home/airflow/.local/lib/python3.8/site-packages/airflow/example_dags/example_python_operator.py
[2023-11-03T00:09:20.071+0000] {processor.py:839} INFO - DAG(s) dict_keys(['example_python_operator']) retrieved from /home/airflow/.local/lib/python3.8/site-packages/airflow/example_dags/example_python_operator.py
[2023-11-03T00:09:20.106+0000] {logging_mixin.py:151} INFO - [2023-11-03T00:09:20.106+0000] {dag.py:2941} INFO - Sync 1 DAGs
[2023-11-03T00:09:20.121+0000] {logging_mixin.py:151} INFO - [2023-11-03T00:09:20.121+0000] {dag.py:3722} INFO - Setting next_dagrun for example_python_operator to None, run_after=None
[2023-11-03T00:09:20.151+0000] {processor.py:179} INFO - Processing /home/airflow/.local/lib/python3.8/site-packages/airflow/example_dags/example_python_operator.py took 0.101 seconds
[2023-11-03T00:09:50.807+0000] {processor.py:157} INFO - Started process (PID=2278) to work on /home/airflow/.local/lib/python3.8/site-packages/airflow/example_dags/example_python_operator.py
[2023-11-03T00:09:50.808+0000] {processor.py:829} INFO - Processing file /home/airflow/.local/lib/python3.8/site-packages/airflow/example_dags/example_python_operator.py for tasks to queue
[2023-11-03T00:09:50.811+0000] {logging_mixin.py:151} INFO - [2023-11-03T00:09:50.811+0000] {dagbag.py:536} INFO - Filling up the DagBag from /home/airflow/.local/lib/python3.8/site-packages/airflow/example_dags/example_python_operator.py
[2023-11-03T00:09:50.829+0000] {processor.py:839} INFO - DAG(s) dict_keys(['example_python_operator']) retrieved from /home/airflow/.local/lib/python3.8/site-packages/airflow/example_dags/example_python_operator.py
[2023-11-03T00:09:50.913+0000] {logging_mixin.py:151} INFO - [2023-11-03T00:09:50.912+0000] {dag.py:2941} INFO - Sync 1 DAGs
[2023-11-03T00:09:50.932+0000] {logging_mixin.py:151} INFO - [2023-11-03T00:09:50.931+0000] {dag.py:3722} INFO - Setting next_dagrun for example_python_operator to None, run_after=None
[2023-11-03T00:09:50.969+0000] {processor.py:179} INFO - Processing /home/airflow/.local/lib/python3.8/site-packages/airflow/example_dags/example_python_operator.py took 0.169 seconds
[2023-11-03T00:10:22.622+0000] {processor.py:157} INFO - Started process (PID=2332) to work on /home/airflow/.local/lib/python3.8/site-packages/airflow/example_dags/example_python_operator.py
[2023-11-03T00:10:22.624+0000] {processor.py:829} INFO - Processing file /home/airflow/.local/lib/python3.8/site-packages/airflow/example_dags/example_python_operator.py for tasks to queue
[2023-11-03T00:10:22.627+0000] {logging_mixin.py:151} INFO - [2023-11-03T00:10:22.626+0000] {dagbag.py:536} INFO - Filling up the DagBag from /home/airflow/.local/lib/python3.8/site-packages/airflow/example_dags/example_python_operator.py
[2023-11-03T00:10:22.641+0000] {processor.py:839} INFO - DAG(s) dict_keys(['example_python_operator']) retrieved from /home/airflow/.local/lib/python3.8/site-packages/airflow/example_dags/example_python_operator.py
[2023-11-03T00:10:22.681+0000] {logging_mixin.py:151} INFO - [2023-11-03T00:10:22.680+0000] {dag.py:2941} INFO - Sync 1 DAGs
[2023-11-03T00:10:22.902+0000] {logging_mixin.py:151} INFO - [2023-11-03T00:10:22.901+0000] {dag.py:3722} INFO - Setting next_dagrun for example_python_operator to None, run_after=None
[2023-11-03T00:10:22.939+0000] {processor.py:179} INFO - Processing /home/airflow/.local/lib/python3.8/site-packages/airflow/example_dags/example_python_operator.py took 0.322 seconds
[2023-11-03T00:10:53.737+0000] {processor.py:157} INFO - Started process (PID=2386) to work on /home/airflow/.local/lib/python3.8/site-packages/airflow/example_dags/example_python_operator.py
[2023-11-03T00:10:53.739+0000] {processor.py:829} INFO - Processing file /home/airflow/.local/lib/python3.8/site-packages/airflow/example_dags/example_python_operator.py for tasks to queue
[2023-11-03T00:10:53.741+0000] {logging_mixin.py:151} INFO - [2023-11-03T00:10:53.741+0000] {dagbag.py:536} INFO - Filling up the DagBag from /home/airflow/.local/lib/python3.8/site-packages/airflow/example_dags/example_python_operator.py
[2023-11-03T00:10:53.756+0000] {processor.py:839} INFO - DAG(s) dict_keys(['example_python_operator']) retrieved from /home/airflow/.local/lib/python3.8/site-packages/airflow/example_dags/example_python_operator.py
[2023-11-03T00:10:53.803+0000] {logging_mixin.py:151} INFO - [2023-11-03T00:10:53.803+0000] {dag.py:2941} INFO - Sync 1 DAGs
[2023-11-03T00:10:53.832+0000] {logging_mixin.py:151} INFO - [2023-11-03T00:10:53.831+0000] {dag.py:3722} INFO - Setting next_dagrun for example_python_operator to None, run_after=None
[2023-11-03T00:10:53.875+0000] {processor.py:179} INFO - Processing /home/airflow/.local/lib/python3.8/site-packages/airflow/example_dags/example_python_operator.py took 0.145 seconds
[2023-11-03T00:11:24.484+0000] {processor.py:157} INFO - Started process (PID=2440) to work on /home/airflow/.local/lib/python3.8/site-packages/airflow/example_dags/example_python_operator.py
[2023-11-03T00:11:24.486+0000] {processor.py:829} INFO - Processing file /home/airflow/.local/lib/python3.8/site-packages/airflow/example_dags/example_python_operator.py for tasks to queue
[2023-11-03T00:11:24.488+0000] {logging_mixin.py:151} INFO - [2023-11-03T00:11:24.488+0000] {dagbag.py:536} INFO - Filling up the DagBag from /home/airflow/.local/lib/python3.8/site-packages/airflow/example_dags/example_python_operator.py
[2023-11-03T00:11:24.499+0000] {processor.py:839} INFO - DAG(s) dict_keys(['example_python_operator']) retrieved from /home/airflow/.local/lib/python3.8/site-packages/airflow/example_dags/example_python_operator.py
[2023-11-03T00:11:24.532+0000] {logging_mixin.py:151} INFO - [2023-11-03T00:11:24.532+0000] {dag.py:2941} INFO - Sync 1 DAGs
[2023-11-03T00:11:24.547+0000] {logging_mixin.py:151} INFO - [2023-11-03T00:11:24.547+0000] {dag.py:3722} INFO - Setting next_dagrun for example_python_operator to None, run_after=None
[2023-11-03T00:11:24.580+0000] {processor.py:179} INFO - Processing /home/airflow/.local/lib/python3.8/site-packages/airflow/example_dags/example_python_operator.py took 0.099 seconds
[2023-11-03T00:11:55.376+0000] {processor.py:157} INFO - Started process (PID=2494) to work on /home/airflow/.local/lib/python3.8/site-packages/airflow/example_dags/example_python_operator.py
[2023-11-03T00:11:55.377+0000] {processor.py:829} INFO - Processing file /home/airflow/.local/lib/python3.8/site-packages/airflow/example_dags/example_python_operator.py for tasks to queue
[2023-11-03T00:11:55.379+0000] {logging_mixin.py:151} INFO - [2023-11-03T00:11:55.379+0000] {dagbag.py:536} INFO - Filling up the DagBag from /home/airflow/.local/lib/python3.8/site-packages/airflow/example_dags/example_python_operator.py
[2023-11-03T00:11:55.392+0000] {processor.py:839} INFO - DAG(s) dict_keys(['example_python_operator']) retrieved from /home/airflow/.local/lib/python3.8/site-packages/airflow/example_dags/example_python_operator.py
[2023-11-03T00:11:55.423+0000] {logging_mixin.py:151} INFO - [2023-11-03T00:11:55.422+0000] {dag.py:2941} INFO - Sync 1 DAGs
[2023-11-03T00:11:55.437+0000] {logging_mixin.py:151} INFO - [2023-11-03T00:11:55.437+0000] {dag.py:3722} INFO - Setting next_dagrun for example_python_operator to None, run_after=None
[2023-11-03T00:11:55.470+0000] {processor.py:179} INFO - Processing /home/airflow/.local/lib/python3.8/site-packages/airflow/example_dags/example_python_operator.py took 0.097 seconds
[2023-11-03T00:12:26.079+0000] {processor.py:157} INFO - Started process (PID=2549) to work on /home/airflow/.local/lib/python3.8/site-packages/airflow/example_dags/example_python_operator.py
[2023-11-03T00:12:26.080+0000] {processor.py:829} INFO - Processing file /home/airflow/.local/lib/python3.8/site-packages/airflow/example_dags/example_python_operator.py for tasks to queue
[2023-11-03T00:12:26.083+0000] {logging_mixin.py:151} INFO - [2023-11-03T00:12:26.083+0000] {dagbag.py:536} INFO - Filling up the DagBag from /home/airflow/.local/lib/python3.8/site-packages/airflow/example_dags/example_python_operator.py
[2023-11-03T00:12:26.096+0000] {processor.py:839} INFO - DAG(s) dict_keys(['example_python_operator']) retrieved from /home/airflow/.local/lib/python3.8/site-packages/airflow/example_dags/example_python_operator.py
[2023-11-03T00:12:26.129+0000] {logging_mixin.py:151} INFO - [2023-11-03T00:12:26.129+0000] {dag.py:2941} INFO - Sync 1 DAGs
[2023-11-03T00:12:26.345+0000] {logging_mixin.py:151} INFO - [2023-11-03T00:12:26.345+0000] {dag.py:3722} INFO - Setting next_dagrun for example_python_operator to None, run_after=None
[2023-11-03T00:12:26.376+0000] {processor.py:179} INFO - Processing /home/airflow/.local/lib/python3.8/site-packages/airflow/example_dags/example_python_operator.py took 0.302 seconds
[2023-11-03T00:12:57.006+0000] {processor.py:157} INFO - Started process (PID=2603) to work on /home/airflow/.local/lib/python3.8/site-packages/airflow/example_dags/example_python_operator.py
[2023-11-03T00:12:57.007+0000] {processor.py:829} INFO - Processing file /home/airflow/.local/lib/python3.8/site-packages/airflow/example_dags/example_python_operator.py for tasks to queue
[2023-11-03T00:12:57.010+0000] {logging_mixin.py:151} INFO - [2023-11-03T00:12:57.009+0000] {dagbag.py:536} INFO - Filling up the DagBag from /home/airflow/.local/lib/python3.8/site-packages/airflow/example_dags/example_python_operator.py
[2023-11-03T00:12:57.025+0000] {processor.py:839} INFO - DAG(s) dict_keys(['example_python_operator']) retrieved from /home/airflow/.local/lib/python3.8/site-packages/airflow/example_dags/example_python_operator.py
[2023-11-03T00:12:57.063+0000] {logging_mixin.py:151} INFO - [2023-11-03T00:12:57.062+0000] {dag.py:2941} INFO - Sync 1 DAGs
[2023-11-03T00:12:57.080+0000] {logging_mixin.py:151} INFO - [2023-11-03T00:12:57.080+0000] {dag.py:3722} INFO - Setting next_dagrun for example_python_operator to None, run_after=None
[2023-11-03T00:12:57.112+0000] {processor.py:179} INFO - Processing /home/airflow/.local/lib/python3.8/site-packages/airflow/example_dags/example_python_operator.py took 0.110 seconds
[2023-11-03T00:13:27.600+0000] {processor.py:157} INFO - Started process (PID=2657) to work on /home/airflow/.local/lib/python3.8/site-packages/airflow/example_dags/example_python_operator.py
[2023-11-03T00:13:27.601+0000] {processor.py:829} INFO - Processing file /home/airflow/.local/lib/python3.8/site-packages/airflow/example_dags/example_python_operator.py for tasks to queue
[2023-11-03T00:13:27.604+0000] {logging_mixin.py:151} INFO - [2023-11-03T00:13:27.603+0000] {dagbag.py:536} INFO - Filling up the DagBag from /home/airflow/.local/lib/python3.8/site-packages/airflow/example_dags/example_python_operator.py
[2023-11-03T00:13:27.618+0000] {processor.py:839} INFO - DAG(s) dict_keys(['example_python_operator']) retrieved from /home/airflow/.local/lib/python3.8/site-packages/airflow/example_dags/example_python_operator.py
[2023-11-03T00:13:27.847+0000] {logging_mixin.py:151} INFO - [2023-11-03T00:13:27.846+0000] {dag.py:2941} INFO - Sync 1 DAGs
[2023-11-03T00:13:27.861+0000] {logging_mixin.py:151} INFO - [2023-11-03T00:13:27.861+0000] {dag.py:3722} INFO - Setting next_dagrun for example_python_operator to None, run_after=None
[2023-11-03T00:13:27.899+0000] {processor.py:179} INFO - Processing /home/airflow/.local/lib/python3.8/site-packages/airflow/example_dags/example_python_operator.py took 0.304 seconds
[2023-11-03T00:13:58.168+0000] {processor.py:157} INFO - Started process (PID=2711) to work on /home/airflow/.local/lib/python3.8/site-packages/airflow/example_dags/example_python_operator.py
[2023-11-03T00:13:58.169+0000] {processor.py:829} INFO - Processing file /home/airflow/.local/lib/python3.8/site-packages/airflow/example_dags/example_python_operator.py for tasks to queue
[2023-11-03T00:13:58.171+0000] {logging_mixin.py:151} INFO - [2023-11-03T00:13:58.171+0000] {dagbag.py:536} INFO - Filling up the DagBag from /home/airflow/.local/lib/python3.8/site-packages/airflow/example_dags/example_python_operator.py
[2023-11-03T00:13:58.185+0000] {processor.py:839} INFO - DAG(s) dict_keys(['example_python_operator']) retrieved from /home/airflow/.local/lib/python3.8/site-packages/airflow/example_dags/example_python_operator.py
[2023-11-03T00:13:58.225+0000] {logging_mixin.py:151} INFO - [2023-11-03T00:13:58.224+0000] {dag.py:2941} INFO - Sync 1 DAGs
[2023-11-03T00:13:58.243+0000] {logging_mixin.py:151} INFO - [2023-11-03T00:13:58.242+0000] {dag.py:3722} INFO - Setting next_dagrun for example_python_operator to None, run_after=None
[2023-11-03T00:13:58.277+0000] {processor.py:179} INFO - Processing /home/airflow/.local/lib/python3.8/site-packages/airflow/example_dags/example_python_operator.py took 0.112 seconds
[2023-11-03T00:14:28.604+0000] {processor.py:157} INFO - Started process (PID=2765) to work on /home/airflow/.local/lib/python3.8/site-packages/airflow/example_dags/example_python_operator.py
[2023-11-03T00:14:28.605+0000] {processor.py:829} INFO - Processing file /home/airflow/.local/lib/python3.8/site-packages/airflow/example_dags/example_python_operator.py for tasks to queue
[2023-11-03T00:14:28.607+0000] {logging_mixin.py:151} INFO - [2023-11-03T00:14:28.606+0000] {dagbag.py:536} INFO - Filling up the DagBag from /home/airflow/.local/lib/python3.8/site-packages/airflow/example_dags/example_python_operator.py
[2023-11-03T00:14:28.616+0000] {processor.py:839} INFO - DAG(s) dict_keys(['example_python_operator']) retrieved from /home/airflow/.local/lib/python3.8/site-packages/airflow/example_dags/example_python_operator.py
[2023-11-03T00:14:28.642+0000] {logging_mixin.py:151} INFO - [2023-11-03T00:14:28.642+0000] {dag.py:2941} INFO - Sync 1 DAGs
[2023-11-03T00:14:28.654+0000] {logging_mixin.py:151} INFO - [2023-11-03T00:14:28.654+0000] {dag.py:3722} INFO - Setting next_dagrun for example_python_operator to None, run_after=None
[2023-11-03T00:14:28.679+0000] {processor.py:179} INFO - Processing /home/airflow/.local/lib/python3.8/site-packages/airflow/example_dags/example_python_operator.py took 0.079 seconds
[2023-11-03T00:14:59.010+0000] {processor.py:157} INFO - Started process (PID=2819) to work on /home/airflow/.local/lib/python3.8/site-packages/airflow/example_dags/example_python_operator.py
[2023-11-03T00:14:59.011+0000] {processor.py:829} INFO - Processing file /home/airflow/.local/lib/python3.8/site-packages/airflow/example_dags/example_python_operator.py for tasks to queue
[2023-11-03T00:14:59.013+0000] {logging_mixin.py:151} INFO - [2023-11-03T00:14:59.013+0000] {dagbag.py:536} INFO - Filling up the DagBag from /home/airflow/.local/lib/python3.8/site-packages/airflow/example_dags/example_python_operator.py
[2023-11-03T00:14:59.024+0000] {processor.py:839} INFO - DAG(s) dict_keys(['example_python_operator']) retrieved from /home/airflow/.local/lib/python3.8/site-packages/airflow/example_dags/example_python_operator.py
[2023-11-03T00:14:59.056+0000] {logging_mixin.py:151} INFO - [2023-11-03T00:14:59.056+0000] {dag.py:2941} INFO - Sync 1 DAGs
[2023-11-03T00:14:59.071+0000] {logging_mixin.py:151} INFO - [2023-11-03T00:14:59.071+0000] {dag.py:3722} INFO - Setting next_dagrun for example_python_operator to None, run_after=None
[2023-11-03T00:14:59.102+0000] {processor.py:179} INFO - Processing /home/airflow/.local/lib/python3.8/site-packages/airflow/example_dags/example_python_operator.py took 0.095 seconds
[2023-11-03T00:15:29.165+0000] {processor.py:157} INFO - Started process (PID=2873) to work on /home/airflow/.local/lib/python3.8/site-packages/airflow/example_dags/example_python_operator.py
[2023-11-03T00:15:29.166+0000] {processor.py:829} INFO - Processing file /home/airflow/.local/lib/python3.8/site-packages/airflow/example_dags/example_python_operator.py for tasks to queue
[2023-11-03T00:15:29.169+0000] {logging_mixin.py:151} INFO - [2023-11-03T00:15:29.168+0000] {dagbag.py:536} INFO - Filling up the DagBag from /home/airflow/.local/lib/python3.8/site-packages/airflow/example_dags/example_python_operator.py
[2023-11-03T00:15:29.180+0000] {processor.py:839} INFO - DAG(s) dict_keys(['example_python_operator']) retrieved from /home/airflow/.local/lib/python3.8/site-packages/airflow/example_dags/example_python_operator.py
[2023-11-03T00:15:29.211+0000] {logging_mixin.py:151} INFO - [2023-11-03T00:15:29.211+0000] {dag.py:2941} INFO - Sync 1 DAGs
[2023-11-03T00:15:29.231+0000] {logging_mixin.py:151} INFO - [2023-11-03T00:15:29.230+0000] {dag.py:3722} INFO - Setting next_dagrun for example_python_operator to None, run_after=None
[2023-11-03T00:15:29.258+0000] {processor.py:179} INFO - Processing /home/airflow/.local/lib/python3.8/site-packages/airflow/example_dags/example_python_operator.py took 0.096 seconds
[2023-11-03T00:15:59.506+0000] {processor.py:157} INFO - Started process (PID=2927) to work on /home/airflow/.local/lib/python3.8/site-packages/airflow/example_dags/example_python_operator.py
[2023-11-03T00:15:59.508+0000] {processor.py:829} INFO - Processing file /home/airflow/.local/lib/python3.8/site-packages/airflow/example_dags/example_python_operator.py for tasks to queue
[2023-11-03T00:15:59.510+0000] {logging_mixin.py:151} INFO - [2023-11-03T00:15:59.510+0000] {dagbag.py:536} INFO - Filling up the DagBag from /home/airflow/.local/lib/python3.8/site-packages/airflow/example_dags/example_python_operator.py
[2023-11-03T00:15:59.522+0000] {processor.py:839} INFO - DAG(s) dict_keys(['example_python_operator']) retrieved from /home/airflow/.local/lib/python3.8/site-packages/airflow/example_dags/example_python_operator.py
[2023-11-03T00:15:59.552+0000] {logging_mixin.py:151} INFO - [2023-11-03T00:15:59.552+0000] {dag.py:2941} INFO - Sync 1 DAGs
[2023-11-03T00:15:59.573+0000] {logging_mixin.py:151} INFO - [2023-11-03T00:15:59.573+0000] {dag.py:3722} INFO - Setting next_dagrun for example_python_operator to None, run_after=None
[2023-11-03T00:15:59.611+0000] {processor.py:179} INFO - Processing /home/airflow/.local/lib/python3.8/site-packages/airflow/example_dags/example_python_operator.py took 0.109 seconds
[2023-11-03T00:16:29.725+0000] {processor.py:157} INFO - Started process (PID=2981) to work on /home/airflow/.local/lib/python3.8/site-packages/airflow/example_dags/example_python_operator.py
[2023-11-03T00:16:29.726+0000] {processor.py:829} INFO - Processing file /home/airflow/.local/lib/python3.8/site-packages/airflow/example_dags/example_python_operator.py for tasks to queue
[2023-11-03T00:16:29.728+0000] {logging_mixin.py:151} INFO - [2023-11-03T00:16:29.728+0000] {dagbag.py:536} INFO - Filling up the DagBag from /home/airflow/.local/lib/python3.8/site-packages/airflow/example_dags/example_python_operator.py
[2023-11-03T00:16:29.738+0000] {processor.py:839} INFO - DAG(s) dict_keys(['example_python_operator']) retrieved from /home/airflow/.local/lib/python3.8/site-packages/airflow/example_dags/example_python_operator.py
[2023-11-03T00:16:29.766+0000] {logging_mixin.py:151} INFO - [2023-11-03T00:16:29.766+0000] {dag.py:2941} INFO - Sync 1 DAGs
[2023-11-03T00:16:29.780+0000] {logging_mixin.py:151} INFO - [2023-11-03T00:16:29.780+0000] {dag.py:3722} INFO - Setting next_dagrun for example_python_operator to None, run_after=None
[2023-11-03T00:16:29.808+0000] {processor.py:179} INFO - Processing /home/airflow/.local/lib/python3.8/site-packages/airflow/example_dags/example_python_operator.py took 0.086 seconds
[2023-11-03T00:16:59.893+0000] {processor.py:157} INFO - Started process (PID=3035) to work on /home/airflow/.local/lib/python3.8/site-packages/airflow/example_dags/example_python_operator.py
[2023-11-03T00:16:59.894+0000] {processor.py:829} INFO - Processing file /home/airflow/.local/lib/python3.8/site-packages/airflow/example_dags/example_python_operator.py for tasks to queue
[2023-11-03T00:16:59.896+0000] {logging_mixin.py:151} INFO - [2023-11-03T00:16:59.896+0000] {dagbag.py:536} INFO - Filling up the DagBag from /home/airflow/.local/lib/python3.8/site-packages/airflow/example_dags/example_python_operator.py
[2023-11-03T00:16:59.906+0000] {processor.py:839} INFO - DAG(s) dict_keys(['example_python_operator']) retrieved from /home/airflow/.local/lib/python3.8/site-packages/airflow/example_dags/example_python_operator.py
[2023-11-03T00:16:59.940+0000] {logging_mixin.py:151} INFO - [2023-11-03T00:16:59.940+0000] {dag.py:2941} INFO - Sync 1 DAGs
[2023-11-03T00:16:59.954+0000] {logging_mixin.py:151} INFO - [2023-11-03T00:16:59.954+0000] {dag.py:3722} INFO - Setting next_dagrun for example_python_operator to None, run_after=None
[2023-11-03T00:16:59.988+0000] {processor.py:179} INFO - Processing /home/airflow/.local/lib/python3.8/site-packages/airflow/example_dags/example_python_operator.py took 0.098 seconds
[2023-11-03T00:17:30.135+0000] {processor.py:157} INFO - Started process (PID=3089) to work on /home/airflow/.local/lib/python3.8/site-packages/airflow/example_dags/example_python_operator.py
[2023-11-03T00:17:30.136+0000] {processor.py:829} INFO - Processing file /home/airflow/.local/lib/python3.8/site-packages/airflow/example_dags/example_python_operator.py for tasks to queue
[2023-11-03T00:17:30.138+0000] {logging_mixin.py:151} INFO - [2023-11-03T00:17:30.138+0000] {dagbag.py:536} INFO - Filling up the DagBag from /home/airflow/.local/lib/python3.8/site-packages/airflow/example_dags/example_python_operator.py
[2023-11-03T00:17:30.151+0000] {processor.py:839} INFO - DAG(s) dict_keys(['example_python_operator']) retrieved from /home/airflow/.local/lib/python3.8/site-packages/airflow/example_dags/example_python_operator.py
[2023-11-03T00:17:30.185+0000] {logging_mixin.py:151} INFO - [2023-11-03T00:17:30.185+0000] {dag.py:2941} INFO - Sync 1 DAGs
[2023-11-03T00:17:30.200+0000] {logging_mixin.py:151} INFO - [2023-11-03T00:17:30.200+0000] {dag.py:3722} INFO - Setting next_dagrun for example_python_operator to None, run_after=None
[2023-11-03T00:17:30.227+0000] {processor.py:179} INFO - Processing /home/airflow/.local/lib/python3.8/site-packages/airflow/example_dags/example_python_operator.py took 0.095 seconds
[2023-11-03T00:18:01.048+0000] {processor.py:157} INFO - Started process (PID=3143) to work on /home/airflow/.local/lib/python3.8/site-packages/airflow/example_dags/example_python_operator.py
[2023-11-03T00:18:01.049+0000] {processor.py:829} INFO - Processing file /home/airflow/.local/lib/python3.8/site-packages/airflow/example_dags/example_python_operator.py for tasks to queue
[2023-11-03T00:18:01.051+0000] {logging_mixin.py:151} INFO - [2023-11-03T00:18:01.051+0000] {dagbag.py:536} INFO - Filling up the DagBag from /home/airflow/.local/lib/python3.8/site-packages/airflow/example_dags/example_python_operator.py
[2023-11-03T00:18:01.066+0000] {processor.py:839} INFO - DAG(s) dict_keys(['example_python_operator']) retrieved from /home/airflow/.local/lib/python3.8/site-packages/airflow/example_dags/example_python_operator.py
[2023-11-03T00:18:01.099+0000] {logging_mixin.py:151} INFO - [2023-11-03T00:18:01.099+0000] {dag.py:2941} INFO - Sync 1 DAGs
[2023-11-03T00:18:01.117+0000] {logging_mixin.py:151} INFO - [2023-11-03T00:18:01.117+0000] {dag.py:3722} INFO - Setting next_dagrun for example_python_operator to None, run_after=None
[2023-11-03T00:18:01.143+0000] {processor.py:179} INFO - Processing /home/airflow/.local/lib/python3.8/site-packages/airflow/example_dags/example_python_operator.py took 0.099 seconds
[2023-11-03T00:18:31.481+0000] {processor.py:157} INFO - Started process (PID=3197) to work on /home/airflow/.local/lib/python3.8/site-packages/airflow/example_dags/example_python_operator.py
[2023-11-03T00:18:31.482+0000] {processor.py:829} INFO - Processing file /home/airflow/.local/lib/python3.8/site-packages/airflow/example_dags/example_python_operator.py for tasks to queue
[2023-11-03T00:18:31.484+0000] {logging_mixin.py:151} INFO - [2023-11-03T00:18:31.484+0000] {dagbag.py:536} INFO - Filling up the DagBag from /home/airflow/.local/lib/python3.8/site-packages/airflow/example_dags/example_python_operator.py
[2023-11-03T00:18:31.496+0000] {processor.py:839} INFO - DAG(s) dict_keys(['example_python_operator']) retrieved from /home/airflow/.local/lib/python3.8/site-packages/airflow/example_dags/example_python_operator.py
[2023-11-03T00:18:31.527+0000] {logging_mixin.py:151} INFO - [2023-11-03T00:18:31.527+0000] {dag.py:2941} INFO - Sync 1 DAGs
[2023-11-03T00:18:31.543+0000] {logging_mixin.py:151} INFO - [2023-11-03T00:18:31.543+0000] {dag.py:3722} INFO - Setting next_dagrun for example_python_operator to None, run_after=None
[2023-11-03T00:18:31.572+0000] {processor.py:179} INFO - Processing /home/airflow/.local/lib/python3.8/site-packages/airflow/example_dags/example_python_operator.py took 0.094 seconds
[2023-11-03T00:19:02.177+0000] {processor.py:157} INFO - Started process (PID=3251) to work on /home/airflow/.local/lib/python3.8/site-packages/airflow/example_dags/example_python_operator.py
[2023-11-03T00:19:02.179+0000] {processor.py:829} INFO - Processing file /home/airflow/.local/lib/python3.8/site-packages/airflow/example_dags/example_python_operator.py for tasks to queue
[2023-11-03T00:19:02.182+0000] {logging_mixin.py:151} INFO - [2023-11-03T00:19:02.182+0000] {dagbag.py:536} INFO - Filling up the DagBag from /home/airflow/.local/lib/python3.8/site-packages/airflow/example_dags/example_python_operator.py
[2023-11-03T00:19:02.195+0000] {processor.py:839} INFO - DAG(s) dict_keys(['example_python_operator']) retrieved from /home/airflow/.local/lib/python3.8/site-packages/airflow/example_dags/example_python_operator.py
[2023-11-03T00:19:02.230+0000] {logging_mixin.py:151} INFO - [2023-11-03T00:19:02.230+0000] {dag.py:2941} INFO - Sync 1 DAGs
[2023-11-03T00:19:02.248+0000] {logging_mixin.py:151} INFO - [2023-11-03T00:19:02.248+0000] {dag.py:3722} INFO - Setting next_dagrun for example_python_operator to None, run_after=None
[2023-11-03T00:19:02.281+0000] {processor.py:179} INFO - Processing /home/airflow/.local/lib/python3.8/site-packages/airflow/example_dags/example_python_operator.py took 0.108 seconds
[2023-11-03T00:19:32.448+0000] {processor.py:157} INFO - Started process (PID=3305) to work on /home/airflow/.local/lib/python3.8/site-packages/airflow/example_dags/example_python_operator.py
[2023-11-03T00:19:32.449+0000] {processor.py:829} INFO - Processing file /home/airflow/.local/lib/python3.8/site-packages/airflow/example_dags/example_python_operator.py for tasks to queue
[2023-11-03T00:19:32.451+0000] {logging_mixin.py:151} INFO - [2023-11-03T00:19:32.451+0000] {dagbag.py:536} INFO - Filling up the DagBag from /home/airflow/.local/lib/python3.8/site-packages/airflow/example_dags/example_python_operator.py
[2023-11-03T00:19:32.465+0000] {processor.py:839} INFO - DAG(s) dict_keys(['example_python_operator']) retrieved from /home/airflow/.local/lib/python3.8/site-packages/airflow/example_dags/example_python_operator.py
[2023-11-03T00:19:32.498+0000] {logging_mixin.py:151} INFO - [2023-11-03T00:19:32.497+0000] {dag.py:2941} INFO - Sync 1 DAGs
[2023-11-03T00:19:32.512+0000] {logging_mixin.py:151} INFO - [2023-11-03T00:19:32.511+0000] {dag.py:3722} INFO - Setting next_dagrun for example_python_operator to None, run_after=None
[2023-11-03T00:19:32.536+0000] {processor.py:179} INFO - Processing /home/airflow/.local/lib/python3.8/site-packages/airflow/example_dags/example_python_operator.py took 0.091 seconds
[2023-11-03T00:20:02.657+0000] {processor.py:157} INFO - Started process (PID=3359) to work on /home/airflow/.local/lib/python3.8/site-packages/airflow/example_dags/example_python_operator.py
[2023-11-03T00:20:02.659+0000] {processor.py:829} INFO - Processing file /home/airflow/.local/lib/python3.8/site-packages/airflow/example_dags/example_python_operator.py for tasks to queue
[2023-11-03T00:20:02.661+0000] {logging_mixin.py:151} INFO - [2023-11-03T00:20:02.661+0000] {dagbag.py:536} INFO - Filling up the DagBag from /home/airflow/.local/lib/python3.8/site-packages/airflow/example_dags/example_python_operator.py
[2023-11-03T00:20:02.674+0000] {processor.py:839} INFO - DAG(s) dict_keys(['example_python_operator']) retrieved from /home/airflow/.local/lib/python3.8/site-packages/airflow/example_dags/example_python_operator.py
[2023-11-03T00:20:02.706+0000] {logging_mixin.py:151} INFO - [2023-11-03T00:20:02.706+0000] {dag.py:2941} INFO - Sync 1 DAGs
[2023-11-03T00:20:02.721+0000] {logging_mixin.py:151} INFO - [2023-11-03T00:20:02.721+0000] {dag.py:3722} INFO - Setting next_dagrun for example_python_operator to None, run_after=None
[2023-11-03T00:20:02.755+0000] {processor.py:179} INFO - Processing /home/airflow/.local/lib/python3.8/site-packages/airflow/example_dags/example_python_operator.py took 0.101 seconds
[2023-11-03T00:20:33.086+0000] {processor.py:157} INFO - Started process (PID=3413) to work on /home/airflow/.local/lib/python3.8/site-packages/airflow/example_dags/example_python_operator.py
[2023-11-03T00:20:33.088+0000] {processor.py:829} INFO - Processing file /home/airflow/.local/lib/python3.8/site-packages/airflow/example_dags/example_python_operator.py for tasks to queue
[2023-11-03T00:20:33.090+0000] {logging_mixin.py:151} INFO - [2023-11-03T00:20:33.089+0000] {dagbag.py:536} INFO - Filling up the DagBag from /home/airflow/.local/lib/python3.8/site-packages/airflow/example_dags/example_python_operator.py
[2023-11-03T00:20:33.100+0000] {processor.py:839} INFO - DAG(s) dict_keys(['example_python_operator']) retrieved from /home/airflow/.local/lib/python3.8/site-packages/airflow/example_dags/example_python_operator.py
[2023-11-03T00:20:33.127+0000] {logging_mixin.py:151} INFO - [2023-11-03T00:20:33.126+0000] {dag.py:2941} INFO - Sync 1 DAGs
[2023-11-03T00:20:33.140+0000] {logging_mixin.py:151} INFO - [2023-11-03T00:20:33.140+0000] {dag.py:3722} INFO - Setting next_dagrun for example_python_operator to None, run_after=None
[2023-11-03T00:20:33.166+0000] {processor.py:179} INFO - Processing /home/airflow/.local/lib/python3.8/site-packages/airflow/example_dags/example_python_operator.py took 0.083 seconds
[2023-11-03T00:21:03.423+0000] {processor.py:157} INFO - Started process (PID=3467) to work on /home/airflow/.local/lib/python3.8/site-packages/airflow/example_dags/example_python_operator.py
[2023-11-03T00:21:03.424+0000] {processor.py:829} INFO - Processing file /home/airflow/.local/lib/python3.8/site-packages/airflow/example_dags/example_python_operator.py for tasks to queue
[2023-11-03T00:21:03.426+0000] {logging_mixin.py:151} INFO - [2023-11-03T00:21:03.426+0000] {dagbag.py:536} INFO - Filling up the DagBag from /home/airflow/.local/lib/python3.8/site-packages/airflow/example_dags/example_python_operator.py
[2023-11-03T00:21:03.438+0000] {processor.py:839} INFO - DAG(s) dict_keys(['example_python_operator']) retrieved from /home/airflow/.local/lib/python3.8/site-packages/airflow/example_dags/example_python_operator.py
[2023-11-03T00:21:03.467+0000] {logging_mixin.py:151} INFO - [2023-11-03T00:21:03.466+0000] {dag.py:2941} INFO - Sync 1 DAGs
[2023-11-03T00:21:03.480+0000] {logging_mixin.py:151} INFO - [2023-11-03T00:21:03.480+0000] {dag.py:3722} INFO - Setting next_dagrun for example_python_operator to None, run_after=None
[2023-11-03T00:21:03.515+0000] {processor.py:179} INFO - Processing /home/airflow/.local/lib/python3.8/site-packages/airflow/example_dags/example_python_operator.py took 0.095 seconds
[2023-11-03T00:21:33.671+0000] {processor.py:157} INFO - Started process (PID=3521) to work on /home/airflow/.local/lib/python3.8/site-packages/airflow/example_dags/example_python_operator.py
[2023-11-03T00:21:33.671+0000] {processor.py:829} INFO - Processing file /home/airflow/.local/lib/python3.8/site-packages/airflow/example_dags/example_python_operator.py for tasks to queue
[2023-11-03T00:21:33.674+0000] {logging_mixin.py:151} INFO - [2023-11-03T00:21:33.673+0000] {dagbag.py:536} INFO - Filling up the DagBag from /home/airflow/.local/lib/python3.8/site-packages/airflow/example_dags/example_python_operator.py
[2023-11-03T00:21:33.685+0000] {processor.py:839} INFO - DAG(s) dict_keys(['example_python_operator']) retrieved from /home/airflow/.local/lib/python3.8/site-packages/airflow/example_dags/example_python_operator.py
[2023-11-03T00:21:33.714+0000] {logging_mixin.py:151} INFO - [2023-11-03T00:21:33.714+0000] {dag.py:2941} INFO - Sync 1 DAGs
[2023-11-03T00:21:33.729+0000] {logging_mixin.py:151} INFO - [2023-11-03T00:21:33.728+0000] {dag.py:3722} INFO - Setting next_dagrun for example_python_operator to None, run_after=None
[2023-11-03T00:21:33.758+0000] {processor.py:179} INFO - Processing /home/airflow/.local/lib/python3.8/site-packages/airflow/example_dags/example_python_operator.py took 0.091 seconds
[2023-11-03T00:22:04.069+0000] {processor.py:157} INFO - Started process (PID=3575) to work on /home/airflow/.local/lib/python3.8/site-packages/airflow/example_dags/example_python_operator.py
[2023-11-03T00:22:04.071+0000] {processor.py:829} INFO - Processing file /home/airflow/.local/lib/python3.8/site-packages/airflow/example_dags/example_python_operator.py for tasks to queue
[2023-11-03T00:22:04.073+0000] {logging_mixin.py:151} INFO - [2023-11-03T00:22:04.072+0000] {dagbag.py:536} INFO - Filling up the DagBag from /home/airflow/.local/lib/python3.8/site-packages/airflow/example_dags/example_python_operator.py
[2023-11-03T00:22:04.084+0000] {processor.py:839} INFO - DAG(s) dict_keys(['example_python_operator']) retrieved from /home/airflow/.local/lib/python3.8/site-packages/airflow/example_dags/example_python_operator.py
[2023-11-03T00:22:04.116+0000] {logging_mixin.py:151} INFO - [2023-11-03T00:22:04.116+0000] {dag.py:2941} INFO - Sync 1 DAGs
[2023-11-03T00:22:04.131+0000] {logging_mixin.py:151} INFO - [2023-11-03T00:22:04.131+0000] {dag.py:3722} INFO - Setting next_dagrun for example_python_operator to None, run_after=None
[2023-11-03T00:22:04.162+0000] {processor.py:179} INFO - Processing /home/airflow/.local/lib/python3.8/site-packages/airflow/example_dags/example_python_operator.py took 0.095 seconds
[2023-11-03T00:22:34.403+0000] {processor.py:157} INFO - Started process (PID=3629) to work on /home/airflow/.local/lib/python3.8/site-packages/airflow/example_dags/example_python_operator.py
[2023-11-03T00:22:34.404+0000] {processor.py:829} INFO - Processing file /home/airflow/.local/lib/python3.8/site-packages/airflow/example_dags/example_python_operator.py for tasks to queue
[2023-11-03T00:22:34.406+0000] {logging_mixin.py:151} INFO - [2023-11-03T00:22:34.406+0000] {dagbag.py:536} INFO - Filling up the DagBag from /home/airflow/.local/lib/python3.8/site-packages/airflow/example_dags/example_python_operator.py
[2023-11-03T00:22:34.416+0000] {processor.py:839} INFO - DAG(s) dict_keys(['example_python_operator']) retrieved from /home/airflow/.local/lib/python3.8/site-packages/airflow/example_dags/example_python_operator.py
[2023-11-03T00:22:34.446+0000] {logging_mixin.py:151} INFO - [2023-11-03T00:22:34.445+0000] {dag.py:2941} INFO - Sync 1 DAGs
[2023-11-03T00:22:34.460+0000] {logging_mixin.py:151} INFO - [2023-11-03T00:22:34.460+0000] {dag.py:3722} INFO - Setting next_dagrun for example_python_operator to None, run_after=None
[2023-11-03T00:22:34.490+0000] {processor.py:179} INFO - Processing /home/airflow/.local/lib/python3.8/site-packages/airflow/example_dags/example_python_operator.py took 0.090 seconds
[2023-11-03T00:23:04.792+0000] {processor.py:157} INFO - Started process (PID=3683) to work on /home/airflow/.local/lib/python3.8/site-packages/airflow/example_dags/example_python_operator.py
[2023-11-03T00:23:04.794+0000] {processor.py:829} INFO - Processing file /home/airflow/.local/lib/python3.8/site-packages/airflow/example_dags/example_python_operator.py for tasks to queue
[2023-11-03T00:23:04.796+0000] {logging_mixin.py:151} INFO - [2023-11-03T00:23:04.796+0000] {dagbag.py:536} INFO - Filling up the DagBag from /home/airflow/.local/lib/python3.8/site-packages/airflow/example_dags/example_python_operator.py
[2023-11-03T00:23:04.808+0000] {processor.py:839} INFO - DAG(s) dict_keys(['example_python_operator']) retrieved from /home/airflow/.local/lib/python3.8/site-packages/airflow/example_dags/example_python_operator.py
[2023-11-03T00:23:04.837+0000] {logging_mixin.py:151} INFO - [2023-11-03T00:23:04.837+0000] {dag.py:2941} INFO - Sync 1 DAGs
[2023-11-03T00:23:04.852+0000] {logging_mixin.py:151} INFO - [2023-11-03T00:23:04.852+0000] {dag.py:3722} INFO - Setting next_dagrun for example_python_operator to None, run_after=None
[2023-11-03T00:23:04.879+0000] {processor.py:179} INFO - Processing /home/airflow/.local/lib/python3.8/site-packages/airflow/example_dags/example_python_operator.py took 0.091 seconds
[2023-11-03T00:23:35.406+0000] {processor.py:157} INFO - Started process (PID=3737) to work on /home/airflow/.local/lib/python3.8/site-packages/airflow/example_dags/example_python_operator.py
[2023-11-03T00:23:35.407+0000] {processor.py:829} INFO - Processing file /home/airflow/.local/lib/python3.8/site-packages/airflow/example_dags/example_python_operator.py for tasks to queue
[2023-11-03T00:23:35.409+0000] {logging_mixin.py:151} INFO - [2023-11-03T00:23:35.409+0000] {dagbag.py:536} INFO - Filling up the DagBag from /home/airflow/.local/lib/python3.8/site-packages/airflow/example_dags/example_python_operator.py
[2023-11-03T00:23:35.420+0000] {processor.py:839} INFO - DAG(s) dict_keys(['example_python_operator']) retrieved from /home/airflow/.local/lib/python3.8/site-packages/airflow/example_dags/example_python_operator.py
[2023-11-03T00:23:35.453+0000] {logging_mixin.py:151} INFO - [2023-11-03T00:23:35.453+0000] {dag.py:2941} INFO - Sync 1 DAGs
[2023-11-03T00:23:35.470+0000] {logging_mixin.py:151} INFO - [2023-11-03T00:23:35.469+0000] {dag.py:3722} INFO - Setting next_dagrun for example_python_operator to None, run_after=None
[2023-11-03T00:23:35.502+0000] {processor.py:179} INFO - Processing /home/airflow/.local/lib/python3.8/site-packages/airflow/example_dags/example_python_operator.py took 0.099 seconds
[2023-11-03T00:24:05.646+0000] {processor.py:157} INFO - Started process (PID=3791) to work on /home/airflow/.local/lib/python3.8/site-packages/airflow/example_dags/example_python_operator.py
[2023-11-03T00:24:05.648+0000] {processor.py:829} INFO - Processing file /home/airflow/.local/lib/python3.8/site-packages/airflow/example_dags/example_python_operator.py for tasks to queue
[2023-11-03T00:24:05.650+0000] {logging_mixin.py:151} INFO - [2023-11-03T00:24:05.650+0000] {dagbag.py:536} INFO - Filling up the DagBag from /home/airflow/.local/lib/python3.8/site-packages/airflow/example_dags/example_python_operator.py
[2023-11-03T00:24:05.662+0000] {processor.py:839} INFO - DAG(s) dict_keys(['example_python_operator']) retrieved from /home/airflow/.local/lib/python3.8/site-packages/airflow/example_dags/example_python_operator.py
[2023-11-03T00:24:05.690+0000] {logging_mixin.py:151} INFO - [2023-11-03T00:24:05.690+0000] {dag.py:2941} INFO - Sync 1 DAGs
[2023-11-03T00:24:05.706+0000] {logging_mixin.py:151} INFO - [2023-11-03T00:24:05.705+0000] {dag.py:3722} INFO - Setting next_dagrun for example_python_operator to None, run_after=None
[2023-11-03T00:24:05.733+0000] {processor.py:179} INFO - Processing /home/airflow/.local/lib/python3.8/site-packages/airflow/example_dags/example_python_operator.py took 0.091 seconds
[2023-11-03T00:24:35.874+0000] {processor.py:157} INFO - Started process (PID=3846) to work on /home/airflow/.local/lib/python3.8/site-packages/airflow/example_dags/example_python_operator.py
[2023-11-03T00:24:35.875+0000] {processor.py:829} INFO - Processing file /home/airflow/.local/lib/python3.8/site-packages/airflow/example_dags/example_python_operator.py for tasks to queue
[2023-11-03T00:24:35.878+0000] {logging_mixin.py:151} INFO - [2023-11-03T00:24:35.877+0000] {dagbag.py:536} INFO - Filling up the DagBag from /home/airflow/.local/lib/python3.8/site-packages/airflow/example_dags/example_python_operator.py
[2023-11-03T00:24:35.891+0000] {processor.py:839} INFO - DAG(s) dict_keys(['example_python_operator']) retrieved from /home/airflow/.local/lib/python3.8/site-packages/airflow/example_dags/example_python_operator.py
[2023-11-03T00:24:35.920+0000] {logging_mixin.py:151} INFO - [2023-11-03T00:24:35.920+0000] {dag.py:2941} INFO - Sync 1 DAGs
[2023-11-03T00:24:35.936+0000] {logging_mixin.py:151} INFO - [2023-11-03T00:24:35.936+0000] {dag.py:3722} INFO - Setting next_dagrun for example_python_operator to None, run_after=None
[2023-11-03T00:24:35.963+0000] {processor.py:179} INFO - Processing /home/airflow/.local/lib/python3.8/site-packages/airflow/example_dags/example_python_operator.py took 0.092 seconds
[2023-11-03T00:25:06.031+0000] {processor.py:157} INFO - Started process (PID=3899) to work on /home/airflow/.local/lib/python3.8/site-packages/airflow/example_dags/example_python_operator.py
[2023-11-03T00:25:06.032+0000] {processor.py:829} INFO - Processing file /home/airflow/.local/lib/python3.8/site-packages/airflow/example_dags/example_python_operator.py for tasks to queue
[2023-11-03T00:25:06.035+0000] {logging_mixin.py:151} INFO - [2023-11-03T00:25:06.034+0000] {dagbag.py:536} INFO - Filling up the DagBag from /home/airflow/.local/lib/python3.8/site-packages/airflow/example_dags/example_python_operator.py
[2023-11-03T00:25:06.048+0000] {processor.py:839} INFO - DAG(s) dict_keys(['example_python_operator']) retrieved from /home/airflow/.local/lib/python3.8/site-packages/airflow/example_dags/example_python_operator.py
[2023-11-03T00:25:06.078+0000] {logging_mixin.py:151} INFO - [2023-11-03T00:25:06.078+0000] {dag.py:2941} INFO - Sync 1 DAGs
[2023-11-03T00:25:06.092+0000] {logging_mixin.py:151} INFO - [2023-11-03T00:25:06.092+0000] {dag.py:3722} INFO - Setting next_dagrun for example_python_operator to None, run_after=None
[2023-11-03T00:25:06.126+0000] {processor.py:179} INFO - Processing /home/airflow/.local/lib/python3.8/site-packages/airflow/example_dags/example_python_operator.py took 0.099 seconds
[2023-11-03T00:25:36.304+0000] {processor.py:157} INFO - Started process (PID=3953) to work on /home/airflow/.local/lib/python3.8/site-packages/airflow/example_dags/example_python_operator.py
[2023-11-03T00:25:36.305+0000] {processor.py:829} INFO - Processing file /home/airflow/.local/lib/python3.8/site-packages/airflow/example_dags/example_python_operator.py for tasks to queue
[2023-11-03T00:25:36.307+0000] {logging_mixin.py:151} INFO - [2023-11-03T00:25:36.307+0000] {dagbag.py:536} INFO - Filling up the DagBag from /home/airflow/.local/lib/python3.8/site-packages/airflow/example_dags/example_python_operator.py
[2023-11-03T00:25:36.319+0000] {processor.py:839} INFO - DAG(s) dict_keys(['example_python_operator']) retrieved from /home/airflow/.local/lib/python3.8/site-packages/airflow/example_dags/example_python_operator.py
[2023-11-03T00:25:36.349+0000] {logging_mixin.py:151} INFO - [2023-11-03T00:25:36.349+0000] {dag.py:2941} INFO - Sync 1 DAGs
[2023-11-03T00:25:36.364+0000] {logging_mixin.py:151} INFO - [2023-11-03T00:25:36.363+0000] {dag.py:3722} INFO - Setting next_dagrun for example_python_operator to None, run_after=None
[2023-11-03T00:25:36.393+0000] {processor.py:179} INFO - Processing /home/airflow/.local/lib/python3.8/site-packages/airflow/example_dags/example_python_operator.py took 0.093 seconds
[2023-11-03T00:26:06.555+0000] {processor.py:157} INFO - Started process (PID=4007) to work on /home/airflow/.local/lib/python3.8/site-packages/airflow/example_dags/example_python_operator.py
[2023-11-03T00:26:06.556+0000] {processor.py:829} INFO - Processing file /home/airflow/.local/lib/python3.8/site-packages/airflow/example_dags/example_python_operator.py for tasks to queue
[2023-11-03T00:26:06.559+0000] {logging_mixin.py:151} INFO - [2023-11-03T00:26:06.558+0000] {dagbag.py:536} INFO - Filling up the DagBag from /home/airflow/.local/lib/python3.8/site-packages/airflow/example_dags/example_python_operator.py
[2023-11-03T00:26:06.571+0000] {processor.py:839} INFO - DAG(s) dict_keys(['example_python_operator']) retrieved from /home/airflow/.local/lib/python3.8/site-packages/airflow/example_dags/example_python_operator.py
[2023-11-03T00:26:06.606+0000] {logging_mixin.py:151} INFO - [2023-11-03T00:26:06.605+0000] {dag.py:2941} INFO - Sync 1 DAGs
[2023-11-03T00:26:06.620+0000] {logging_mixin.py:151} INFO - [2023-11-03T00:26:06.620+0000] {dag.py:3722} INFO - Setting next_dagrun for example_python_operator to None, run_after=None
[2023-11-03T00:26:06.650+0000] {processor.py:179} INFO - Processing /home/airflow/.local/lib/python3.8/site-packages/airflow/example_dags/example_python_operator.py took 0.099 seconds
[2023-11-03T00:26:36.788+0000] {processor.py:157} INFO - Started process (PID=4061) to work on /home/airflow/.local/lib/python3.8/site-packages/airflow/example_dags/example_python_operator.py
[2023-11-03T00:26:36.790+0000] {processor.py:829} INFO - Processing file /home/airflow/.local/lib/python3.8/site-packages/airflow/example_dags/example_python_operator.py for tasks to queue
[2023-11-03T00:26:36.792+0000] {logging_mixin.py:151} INFO - [2023-11-03T00:26:36.792+0000] {dagbag.py:536} INFO - Filling up the DagBag from /home/airflow/.local/lib/python3.8/site-packages/airflow/example_dags/example_python_operator.py
[2023-11-03T00:26:36.801+0000] {processor.py:839} INFO - DAG(s) dict_keys(['example_python_operator']) retrieved from /home/airflow/.local/lib/python3.8/site-packages/airflow/example_dags/example_python_operator.py
[2023-11-03T00:26:36.829+0000] {logging_mixin.py:151} INFO - [2023-11-03T00:26:36.828+0000] {dag.py:2941} INFO - Sync 1 DAGs
[2023-11-03T00:26:36.841+0000] {logging_mixin.py:151} INFO - [2023-11-03T00:26:36.841+0000] {dag.py:3722} INFO - Setting next_dagrun for example_python_operator to None, run_after=None
[2023-11-03T00:26:36.867+0000] {processor.py:179} INFO - Processing /home/airflow/.local/lib/python3.8/site-packages/airflow/example_dags/example_python_operator.py took 0.082 seconds
[2023-11-03T00:27:06.949+0000] {processor.py:157} INFO - Started process (PID=4115) to work on /home/airflow/.local/lib/python3.8/site-packages/airflow/example_dags/example_python_operator.py
[2023-11-03T00:27:06.950+0000] {processor.py:829} INFO - Processing file /home/airflow/.local/lib/python3.8/site-packages/airflow/example_dags/example_python_operator.py for tasks to queue
[2023-11-03T00:27:06.952+0000] {logging_mixin.py:151} INFO - [2023-11-03T00:27:06.952+0000] {dagbag.py:536} INFO - Filling up the DagBag from /home/airflow/.local/lib/python3.8/site-packages/airflow/example_dags/example_python_operator.py
[2023-11-03T00:27:06.963+0000] {processor.py:839} INFO - DAG(s) dict_keys(['example_python_operator']) retrieved from /home/airflow/.local/lib/python3.8/site-packages/airflow/example_dags/example_python_operator.py
[2023-11-03T00:27:06.990+0000] {logging_mixin.py:151} INFO - [2023-11-03T00:27:06.990+0000] {dag.py:2941} INFO - Sync 1 DAGs
[2023-11-03T00:27:07.004+0000] {logging_mixin.py:151} INFO - [2023-11-03T00:27:07.004+0000] {dag.py:3722} INFO - Setting next_dagrun for example_python_operator to None, run_after=None
[2023-11-03T00:27:07.032+0000] {processor.py:179} INFO - Processing /home/airflow/.local/lib/python3.8/site-packages/airflow/example_dags/example_python_operator.py took 0.087 seconds
[2023-11-03T00:27:37.128+0000] {processor.py:157} INFO - Started process (PID=4169) to work on /home/airflow/.local/lib/python3.8/site-packages/airflow/example_dags/example_python_operator.py
[2023-11-03T00:27:37.129+0000] {processor.py:829} INFO - Processing file /home/airflow/.local/lib/python3.8/site-packages/airflow/example_dags/example_python_operator.py for tasks to queue
[2023-11-03T00:27:37.131+0000] {logging_mixin.py:151} INFO - [2023-11-03T00:27:37.131+0000] {dagbag.py:536} INFO - Filling up the DagBag from /home/airflow/.local/lib/python3.8/site-packages/airflow/example_dags/example_python_operator.py
[2023-11-03T00:27:37.141+0000] {processor.py:839} INFO - DAG(s) dict_keys(['example_python_operator']) retrieved from /home/airflow/.local/lib/python3.8/site-packages/airflow/example_dags/example_python_operator.py
[2023-11-03T00:27:37.178+0000] {logging_mixin.py:151} INFO - [2023-11-03T00:27:37.178+0000] {dag.py:2941} INFO - Sync 1 DAGs
[2023-11-03T00:27:37.194+0000] {logging_mixin.py:151} INFO - [2023-11-03T00:27:37.193+0000] {dag.py:3722} INFO - Setting next_dagrun for example_python_operator to None, run_after=None
[2023-11-03T00:27:37.215+0000] {processor.py:179} INFO - Processing /home/airflow/.local/lib/python3.8/site-packages/airflow/example_dags/example_python_operator.py took 0.090 seconds
[2023-11-03T00:28:07.250+0000] {processor.py:157} INFO - Started process (PID=4223) to work on /home/airflow/.local/lib/python3.8/site-packages/airflow/example_dags/example_python_operator.py
[2023-11-03T00:28:07.252+0000] {processor.py:829} INFO - Processing file /home/airflow/.local/lib/python3.8/site-packages/airflow/example_dags/example_python_operator.py for tasks to queue
[2023-11-03T00:28:07.255+0000] {logging_mixin.py:151} INFO - [2023-11-03T00:28:07.254+0000] {dagbag.py:536} INFO - Filling up the DagBag from /home/airflow/.local/lib/python3.8/site-packages/airflow/example_dags/example_python_operator.py
[2023-11-03T00:28:07.266+0000] {processor.py:839} INFO - DAG(s) dict_keys(['example_python_operator']) retrieved from /home/airflow/.local/lib/python3.8/site-packages/airflow/example_dags/example_python_operator.py
[2023-11-03T00:28:07.300+0000] {logging_mixin.py:151} INFO - [2023-11-03T00:28:07.299+0000] {dag.py:2941} INFO - Sync 1 DAGs
[2023-11-03T00:28:07.312+0000] {logging_mixin.py:151} INFO - [2023-11-03T00:28:07.312+0000] {dag.py:3722} INFO - Setting next_dagrun for example_python_operator to None, run_after=None
[2023-11-03T00:28:07.339+0000] {processor.py:179} INFO - Processing /home/airflow/.local/lib/python3.8/site-packages/airflow/example_dags/example_python_operator.py took 0.092 seconds
[2023-11-03T00:28:37.481+0000] {processor.py:157} INFO - Started process (PID=4277) to work on /home/airflow/.local/lib/python3.8/site-packages/airflow/example_dags/example_python_operator.py
[2023-11-03T00:28:37.482+0000] {processor.py:829} INFO - Processing file /home/airflow/.local/lib/python3.8/site-packages/airflow/example_dags/example_python_operator.py for tasks to queue
[2023-11-03T00:28:37.484+0000] {logging_mixin.py:151} INFO - [2023-11-03T00:28:37.483+0000] {dagbag.py:536} INFO - Filling up the DagBag from /home/airflow/.local/lib/python3.8/site-packages/airflow/example_dags/example_python_operator.py
[2023-11-03T00:28:37.494+0000] {processor.py:839} INFO - DAG(s) dict_keys(['example_python_operator']) retrieved from /home/airflow/.local/lib/python3.8/site-packages/airflow/example_dags/example_python_operator.py
[2023-11-03T00:28:37.520+0000] {logging_mixin.py:151} INFO - [2023-11-03T00:28:37.519+0000] {dag.py:2941} INFO - Sync 1 DAGs
[2023-11-03T00:28:37.533+0000] {logging_mixin.py:151} INFO - [2023-11-03T00:28:37.533+0000] {dag.py:3722} INFO - Setting next_dagrun for example_python_operator to None, run_after=None
[2023-11-03T00:28:37.558+0000] {processor.py:179} INFO - Processing /home/airflow/.local/lib/python3.8/site-packages/airflow/example_dags/example_python_operator.py took 0.081 seconds
[2023-11-03T00:29:07.787+0000] {processor.py:157} INFO - Started process (PID=4332) to work on /home/airflow/.local/lib/python3.8/site-packages/airflow/example_dags/example_python_operator.py
[2023-11-03T00:29:07.788+0000] {processor.py:829} INFO - Processing file /home/airflow/.local/lib/python3.8/site-packages/airflow/example_dags/example_python_operator.py for tasks to queue
[2023-11-03T00:29:07.790+0000] {logging_mixin.py:151} INFO - [2023-11-03T00:29:07.790+0000] {dagbag.py:536} INFO - Filling up the DagBag from /home/airflow/.local/lib/python3.8/site-packages/airflow/example_dags/example_python_operator.py
[2023-11-03T00:29:07.801+0000] {processor.py:839} INFO - DAG(s) dict_keys(['example_python_operator']) retrieved from /home/airflow/.local/lib/python3.8/site-packages/airflow/example_dags/example_python_operator.py
[2023-11-03T00:29:07.833+0000] {logging_mixin.py:151} INFO - [2023-11-03T00:29:07.833+0000] {dag.py:2941} INFO - Sync 1 DAGs
[2023-11-03T00:29:07.848+0000] {logging_mixin.py:151} INFO - [2023-11-03T00:29:07.848+0000] {dag.py:3722} INFO - Setting next_dagrun for example_python_operator to None, run_after=None
[2023-11-03T00:29:07.880+0000] {processor.py:179} INFO - Processing /home/airflow/.local/lib/python3.8/site-packages/airflow/example_dags/example_python_operator.py took 0.096 seconds
[2023-11-03T00:29:37.964+0000] {processor.py:157} INFO - Started process (PID=4386) to work on /home/airflow/.local/lib/python3.8/site-packages/airflow/example_dags/example_python_operator.py
[2023-11-03T00:29:37.965+0000] {processor.py:829} INFO - Processing file /home/airflow/.local/lib/python3.8/site-packages/airflow/example_dags/example_python_operator.py for tasks to queue
[2023-11-03T00:29:37.967+0000] {logging_mixin.py:151} INFO - [2023-11-03T00:29:37.967+0000] {dagbag.py:536} INFO - Filling up the DagBag from /home/airflow/.local/lib/python3.8/site-packages/airflow/example_dags/example_python_operator.py
[2023-11-03T00:29:37.977+0000] {processor.py:839} INFO - DAG(s) dict_keys(['example_python_operator']) retrieved from /home/airflow/.local/lib/python3.8/site-packages/airflow/example_dags/example_python_operator.py
[2023-11-03T00:29:38.006+0000] {logging_mixin.py:151} INFO - [2023-11-03T00:29:38.006+0000] {dag.py:2941} INFO - Sync 1 DAGs
[2023-11-03T00:29:38.020+0000] {logging_mixin.py:151} INFO - [2023-11-03T00:29:38.019+0000] {dag.py:3722} INFO - Setting next_dagrun for example_python_operator to None, run_after=None
[2023-11-03T00:29:38.045+0000] {processor.py:179} INFO - Processing /home/airflow/.local/lib/python3.8/site-packages/airflow/example_dags/example_python_operator.py took 0.085 seconds
[2023-11-03T00:30:08.337+0000] {processor.py:157} INFO - Started process (PID=4439) to work on /home/airflow/.local/lib/python3.8/site-packages/airflow/example_dags/example_python_operator.py
[2023-11-03T00:30:08.338+0000] {processor.py:829} INFO - Processing file /home/airflow/.local/lib/python3.8/site-packages/airflow/example_dags/example_python_operator.py for tasks to queue
[2023-11-03T00:30:08.340+0000] {logging_mixin.py:151} INFO - [2023-11-03T00:30:08.340+0000] {dagbag.py:536} INFO - Filling up the DagBag from /home/airflow/.local/lib/python3.8/site-packages/airflow/example_dags/example_python_operator.py
[2023-11-03T00:30:08.352+0000] {processor.py:839} INFO - DAG(s) dict_keys(['example_python_operator']) retrieved from /home/airflow/.local/lib/python3.8/site-packages/airflow/example_dags/example_python_operator.py
[2023-11-03T00:30:08.380+0000] {logging_mixin.py:151} INFO - [2023-11-03T00:30:08.380+0000] {dag.py:2941} INFO - Sync 1 DAGs
[2023-11-03T00:30:08.394+0000] {logging_mixin.py:151} INFO - [2023-11-03T00:30:08.394+0000] {dag.py:3722} INFO - Setting next_dagrun for example_python_operator to None, run_after=None
[2023-11-03T00:30:08.424+0000] {processor.py:179} INFO - Processing /home/airflow/.local/lib/python3.8/site-packages/airflow/example_dags/example_python_operator.py took 0.090 seconds
[2023-11-03T00:30:39.188+0000] {processor.py:157} INFO - Started process (PID=4493) to work on /home/airflow/.local/lib/python3.8/site-packages/airflow/example_dags/example_python_operator.py
[2023-11-03T00:30:39.190+0000] {processor.py:829} INFO - Processing file /home/airflow/.local/lib/python3.8/site-packages/airflow/example_dags/example_python_operator.py for tasks to queue
[2023-11-03T00:30:39.193+0000] {logging_mixin.py:151} INFO - [2023-11-03T00:30:39.192+0000] {dagbag.py:536} INFO - Filling up the DagBag from /home/airflow/.local/lib/python3.8/site-packages/airflow/example_dags/example_python_operator.py
[2023-11-03T00:30:39.203+0000] {processor.py:839} INFO - DAG(s) dict_keys(['example_python_operator']) retrieved from /home/airflow/.local/lib/python3.8/site-packages/airflow/example_dags/example_python_operator.py
[2023-11-03T00:30:39.235+0000] {logging_mixin.py:151} INFO - [2023-11-03T00:30:39.235+0000] {dag.py:2941} INFO - Sync 1 DAGs
[2023-11-03T00:30:39.251+0000] {logging_mixin.py:151} INFO - [2023-11-03T00:30:39.250+0000] {dag.py:3722} INFO - Setting next_dagrun for example_python_operator to None, run_after=None
[2023-11-03T00:30:39.284+0000] {processor.py:179} INFO - Processing /home/airflow/.local/lib/python3.8/site-packages/airflow/example_dags/example_python_operator.py took 0.099 seconds
