[2023-11-03T00:00:09.626+0000] {processor.py:157} INFO - Started process (PID=1247) to work on /home/airflow/.local/lib/python3.8/site-packages/airflow/example_dags/example_branch_operator_decorator.py
[2023-11-03T00:00:09.627+0000] {processor.py:829} INFO - Processing file /home/airflow/.local/lib/python3.8/site-packages/airflow/example_dags/example_branch_operator_decorator.py for tasks to queue
[2023-11-03T00:00:09.629+0000] {logging_mixin.py:151} INFO - [2023-11-03T00:00:09.629+0000] {dagbag.py:536} INFO - Filling up the DagBag from /home/airflow/.local/lib/python3.8/site-packages/airflow/example_dags/example_branch_operator_decorator.py
[2023-11-03T00:00:09.643+0000] {processor.py:839} INFO - DAG(s) dict_keys(['example_branch_python_operator_decorator']) retrieved from /home/airflow/.local/lib/python3.8/site-packages/airflow/example_dags/example_branch_operator_decorator.py
[2023-11-03T00:00:09.686+0000] {logging_mixin.py:151} INFO - [2023-11-03T00:00:09.686+0000] {dag.py:2941} INFO - Sync 1 DAGs
[2023-11-03T00:00:09.719+0000] {logging_mixin.py:151} INFO - [2023-11-03T00:00:09.719+0000] {dag.py:3722} INFO - Setting next_dagrun for example_branch_python_operator_decorator to 2023-11-02T00:00:00+00:00, run_after=2023-11-03T00:00:00+00:00
[2023-11-03T00:00:09.751+0000] {processor.py:179} INFO - Processing /home/airflow/.local/lib/python3.8/site-packages/airflow/example_dags/example_branch_operator_decorator.py took 0.129 seconds
[2023-11-03T00:00:40.820+0000] {processor.py:157} INFO - Started process (PID=1301) to work on /home/airflow/.local/lib/python3.8/site-packages/airflow/example_dags/example_branch_operator_decorator.py
[2023-11-03T00:00:40.822+0000] {processor.py:829} INFO - Processing file /home/airflow/.local/lib/python3.8/site-packages/airflow/example_dags/example_branch_operator_decorator.py for tasks to queue
[2023-11-03T00:00:40.824+0000] {logging_mixin.py:151} INFO - [2023-11-03T00:00:40.824+0000] {dagbag.py:536} INFO - Filling up the DagBag from /home/airflow/.local/lib/python3.8/site-packages/airflow/example_dags/example_branch_operator_decorator.py
[2023-11-03T00:00:40.836+0000] {processor.py:839} INFO - DAG(s) dict_keys(['example_branch_python_operator_decorator']) retrieved from /home/airflow/.local/lib/python3.8/site-packages/airflow/example_dags/example_branch_operator_decorator.py
[2023-11-03T00:00:40.868+0000] {logging_mixin.py:151} INFO - [2023-11-03T00:00:40.868+0000] {dag.py:2941} INFO - Sync 1 DAGs
[2023-11-03T00:00:40.903+0000] {logging_mixin.py:151} INFO - [2023-11-03T00:00:40.902+0000] {dag.py:3722} INFO - Setting next_dagrun for example_branch_python_operator_decorator to 2023-11-02T00:00:00+00:00, run_after=2023-11-03T00:00:00+00:00
[2023-11-03T00:00:40.941+0000] {processor.py:179} INFO - Processing /home/airflow/.local/lib/python3.8/site-packages/airflow/example_dags/example_branch_operator_decorator.py took 0.125 seconds
[2023-11-03T00:01:11.384+0000] {processor.py:157} INFO - Started process (PID=1355) to work on /home/airflow/.local/lib/python3.8/site-packages/airflow/example_dags/example_branch_operator_decorator.py
[2023-11-03T00:01:11.386+0000] {processor.py:829} INFO - Processing file /home/airflow/.local/lib/python3.8/site-packages/airflow/example_dags/example_branch_operator_decorator.py for tasks to queue
[2023-11-03T00:01:11.388+0000] {logging_mixin.py:151} INFO - [2023-11-03T00:01:11.388+0000] {dagbag.py:536} INFO - Filling up the DagBag from /home/airflow/.local/lib/python3.8/site-packages/airflow/example_dags/example_branch_operator_decorator.py
[2023-11-03T00:01:11.398+0000] {processor.py:839} INFO - DAG(s) dict_keys(['example_branch_python_operator_decorator']) retrieved from /home/airflow/.local/lib/python3.8/site-packages/airflow/example_dags/example_branch_operator_decorator.py
[2023-11-03T00:01:11.442+0000] {logging_mixin.py:151} INFO - [2023-11-03T00:01:11.441+0000] {dag.py:2941} INFO - Sync 1 DAGs
[2023-11-03T00:01:11.470+0000] {logging_mixin.py:151} INFO - [2023-11-03T00:01:11.470+0000] {dag.py:3722} INFO - Setting next_dagrun for example_branch_python_operator_decorator to 2023-11-02T00:00:00+00:00, run_after=2023-11-03T00:00:00+00:00
[2023-11-03T00:01:11.493+0000] {processor.py:179} INFO - Processing /home/airflow/.local/lib/python3.8/site-packages/airflow/example_dags/example_branch_operator_decorator.py took 0.112 seconds
[2023-11-03T00:01:41.949+0000] {processor.py:157} INFO - Started process (PID=1409) to work on /home/airflow/.local/lib/python3.8/site-packages/airflow/example_dags/example_branch_operator_decorator.py
[2023-11-03T00:01:41.951+0000] {processor.py:829} INFO - Processing file /home/airflow/.local/lib/python3.8/site-packages/airflow/example_dags/example_branch_operator_decorator.py for tasks to queue
[2023-11-03T00:01:41.953+0000] {logging_mixin.py:151} INFO - [2023-11-03T00:01:41.952+0000] {dagbag.py:536} INFO - Filling up the DagBag from /home/airflow/.local/lib/python3.8/site-packages/airflow/example_dags/example_branch_operator_decorator.py
[2023-11-03T00:01:41.963+0000] {processor.py:839} INFO - DAG(s) dict_keys(['example_branch_python_operator_decorator']) retrieved from /home/airflow/.local/lib/python3.8/site-packages/airflow/example_dags/example_branch_operator_decorator.py
[2023-11-03T00:01:42.000+0000] {logging_mixin.py:151} INFO - [2023-11-03T00:01:42.000+0000] {dag.py:2941} INFO - Sync 1 DAGs
[2023-11-03T00:01:42.034+0000] {logging_mixin.py:151} INFO - [2023-11-03T00:01:42.034+0000] {dag.py:3722} INFO - Setting next_dagrun for example_branch_python_operator_decorator to 2023-11-02T00:00:00+00:00, run_after=2023-11-03T00:00:00+00:00
[2023-11-03T00:01:42.071+0000] {processor.py:179} INFO - Processing /home/airflow/.local/lib/python3.8/site-packages/airflow/example_dags/example_branch_operator_decorator.py took 0.125 seconds
[2023-11-03T00:02:12.649+0000] {processor.py:157} INFO - Started process (PID=1463) to work on /home/airflow/.local/lib/python3.8/site-packages/airflow/example_dags/example_branch_operator_decorator.py
[2023-11-03T00:02:12.650+0000] {processor.py:829} INFO - Processing file /home/airflow/.local/lib/python3.8/site-packages/airflow/example_dags/example_branch_operator_decorator.py for tasks to queue
[2023-11-03T00:02:12.653+0000] {logging_mixin.py:151} INFO - [2023-11-03T00:02:12.652+0000] {dagbag.py:536} INFO - Filling up the DagBag from /home/airflow/.local/lib/python3.8/site-packages/airflow/example_dags/example_branch_operator_decorator.py
[2023-11-03T00:02:12.664+0000] {processor.py:839} INFO - DAG(s) dict_keys(['example_branch_python_operator_decorator']) retrieved from /home/airflow/.local/lib/python3.8/site-packages/airflow/example_dags/example_branch_operator_decorator.py
[2023-11-03T00:02:12.693+0000] {logging_mixin.py:151} INFO - [2023-11-03T00:02:12.693+0000] {dag.py:2941} INFO - Sync 1 DAGs
[2023-11-03T00:02:12.721+0000] {logging_mixin.py:151} INFO - [2023-11-03T00:02:12.721+0000] {dag.py:3722} INFO - Setting next_dagrun for example_branch_python_operator_decorator to 2023-11-02T00:00:00+00:00, run_after=2023-11-03T00:00:00+00:00
[2023-11-03T00:02:12.756+0000] {processor.py:179} INFO - Processing /home/airflow/.local/lib/python3.8/site-packages/airflow/example_dags/example_branch_operator_decorator.py took 0.110 seconds
[2023-11-03T00:02:43.135+0000] {processor.py:157} INFO - Started process (PID=1517) to work on /home/airflow/.local/lib/python3.8/site-packages/airflow/example_dags/example_branch_operator_decorator.py
[2023-11-03T00:02:43.138+0000] {processor.py:829} INFO - Processing file /home/airflow/.local/lib/python3.8/site-packages/airflow/example_dags/example_branch_operator_decorator.py for tasks to queue
[2023-11-03T00:02:43.141+0000] {logging_mixin.py:151} INFO - [2023-11-03T00:02:43.139+0000] {dagbag.py:536} INFO - Filling up the DagBag from /home/airflow/.local/lib/python3.8/site-packages/airflow/example_dags/example_branch_operator_decorator.py
[2023-11-03T00:02:43.153+0000] {processor.py:839} INFO - DAG(s) dict_keys(['example_branch_python_operator_decorator']) retrieved from /home/airflow/.local/lib/python3.8/site-packages/airflow/example_dags/example_branch_operator_decorator.py
[2023-11-03T00:02:43.183+0000] {logging_mixin.py:151} INFO - [2023-11-03T00:02:43.183+0000] {dag.py:2941} INFO - Sync 1 DAGs
[2023-11-03T00:02:43.218+0000] {logging_mixin.py:151} INFO - [2023-11-03T00:02:43.217+0000] {dag.py:3722} INFO - Setting next_dagrun for example_branch_python_operator_decorator to 2023-11-02T00:00:00+00:00, run_after=2023-11-03T00:00:00+00:00
[2023-11-03T00:02:43.240+0000] {processor.py:179} INFO - Processing /home/airflow/.local/lib/python3.8/site-packages/airflow/example_dags/example_branch_operator_decorator.py took 0.113 seconds
[2023-11-03T00:03:13.613+0000] {processor.py:157} INFO - Started process (PID=1571) to work on /home/airflow/.local/lib/python3.8/site-packages/airflow/example_dags/example_branch_operator_decorator.py
[2023-11-03T00:03:13.615+0000] {processor.py:829} INFO - Processing file /home/airflow/.local/lib/python3.8/site-packages/airflow/example_dags/example_branch_operator_decorator.py for tasks to queue
[2023-11-03T00:03:13.617+0000] {logging_mixin.py:151} INFO - [2023-11-03T00:03:13.617+0000] {dagbag.py:536} INFO - Filling up the DagBag from /home/airflow/.local/lib/python3.8/site-packages/airflow/example_dags/example_branch_operator_decorator.py
[2023-11-03T00:03:13.630+0000] {processor.py:839} INFO - DAG(s) dict_keys(['example_branch_python_operator_decorator']) retrieved from /home/airflow/.local/lib/python3.8/site-packages/airflow/example_dags/example_branch_operator_decorator.py
[2023-11-03T00:03:13.667+0000] {logging_mixin.py:151} INFO - [2023-11-03T00:03:13.666+0000] {dag.py:2941} INFO - Sync 1 DAGs
[2023-11-03T00:03:13.694+0000] {logging_mixin.py:151} INFO - [2023-11-03T00:03:13.693+0000] {dag.py:3722} INFO - Setting next_dagrun for example_branch_python_operator_decorator to 2023-11-02T00:00:00+00:00, run_after=2023-11-03T00:00:00+00:00
[2023-11-03T00:03:13.718+0000] {processor.py:179} INFO - Processing /home/airflow/.local/lib/python3.8/site-packages/airflow/example_dags/example_branch_operator_decorator.py took 0.108 seconds
[2023-11-03T00:03:44.071+0000] {processor.py:157} INFO - Started process (PID=1625) to work on /home/airflow/.local/lib/python3.8/site-packages/airflow/example_dags/example_branch_operator_decorator.py
[2023-11-03T00:03:44.072+0000] {processor.py:829} INFO - Processing file /home/airflow/.local/lib/python3.8/site-packages/airflow/example_dags/example_branch_operator_decorator.py for tasks to queue
[2023-11-03T00:03:44.074+0000] {logging_mixin.py:151} INFO - [2023-11-03T00:03:44.074+0000] {dagbag.py:536} INFO - Filling up the DagBag from /home/airflow/.local/lib/python3.8/site-packages/airflow/example_dags/example_branch_operator_decorator.py
[2023-11-03T00:03:44.085+0000] {processor.py:839} INFO - DAG(s) dict_keys(['example_branch_python_operator_decorator']) retrieved from /home/airflow/.local/lib/python3.8/site-packages/airflow/example_dags/example_branch_operator_decorator.py
[2023-11-03T00:03:44.113+0000] {logging_mixin.py:151} INFO - [2023-11-03T00:03:44.113+0000] {dag.py:2941} INFO - Sync 1 DAGs
[2023-11-03T00:03:44.142+0000] {logging_mixin.py:151} INFO - [2023-11-03T00:03:44.142+0000] {dag.py:3722} INFO - Setting next_dagrun for example_branch_python_operator_decorator to 2023-11-02T00:00:00+00:00, run_after=2023-11-03T00:00:00+00:00
[2023-11-03T00:03:44.170+0000] {processor.py:179} INFO - Processing /home/airflow/.local/lib/python3.8/site-packages/airflow/example_dags/example_branch_operator_decorator.py took 0.102 seconds
[2023-11-03T00:04:14.607+0000] {processor.py:157} INFO - Started process (PID=1678) to work on /home/airflow/.local/lib/python3.8/site-packages/airflow/example_dags/example_branch_operator_decorator.py
[2023-11-03T00:04:14.609+0000] {processor.py:829} INFO - Processing file /home/airflow/.local/lib/python3.8/site-packages/airflow/example_dags/example_branch_operator_decorator.py for tasks to queue
[2023-11-03T00:04:14.611+0000] {logging_mixin.py:151} INFO - [2023-11-03T00:04:14.611+0000] {dagbag.py:536} INFO - Filling up the DagBag from /home/airflow/.local/lib/python3.8/site-packages/airflow/example_dags/example_branch_operator_decorator.py
[2023-11-03T00:04:14.622+0000] {processor.py:839} INFO - DAG(s) dict_keys(['example_branch_python_operator_decorator']) retrieved from /home/airflow/.local/lib/python3.8/site-packages/airflow/example_dags/example_branch_operator_decorator.py
[2023-11-03T00:04:14.655+0000] {logging_mixin.py:151} INFO - [2023-11-03T00:04:14.655+0000] {dag.py:2941} INFO - Sync 1 DAGs
[2023-11-03T00:04:14.683+0000] {logging_mixin.py:151} INFO - [2023-11-03T00:04:14.682+0000] {dag.py:3722} INFO - Setting next_dagrun for example_branch_python_operator_decorator to 2023-11-02T00:00:00+00:00, run_after=2023-11-03T00:00:00+00:00
[2023-11-03T00:04:14.714+0000] {processor.py:179} INFO - Processing /home/airflow/.local/lib/python3.8/site-packages/airflow/example_dags/example_branch_operator_decorator.py took 0.110 seconds
[2023-11-03T00:04:45.062+0000] {processor.py:157} INFO - Started process (PID=1732) to work on /home/airflow/.local/lib/python3.8/site-packages/airflow/example_dags/example_branch_operator_decorator.py
[2023-11-03T00:04:45.063+0000] {processor.py:829} INFO - Processing file /home/airflow/.local/lib/python3.8/site-packages/airflow/example_dags/example_branch_operator_decorator.py for tasks to queue
[2023-11-03T00:04:45.065+0000] {logging_mixin.py:151} INFO - [2023-11-03T00:04:45.065+0000] {dagbag.py:536} INFO - Filling up the DagBag from /home/airflow/.local/lib/python3.8/site-packages/airflow/example_dags/example_branch_operator_decorator.py
[2023-11-03T00:04:45.075+0000] {processor.py:839} INFO - DAG(s) dict_keys(['example_branch_python_operator_decorator']) retrieved from /home/airflow/.local/lib/python3.8/site-packages/airflow/example_dags/example_branch_operator_decorator.py
[2023-11-03T00:04:45.105+0000] {logging_mixin.py:151} INFO - [2023-11-03T00:04:45.105+0000] {dag.py:2941} INFO - Sync 1 DAGs
[2023-11-03T00:04:45.134+0000] {logging_mixin.py:151} INFO - [2023-11-03T00:04:45.134+0000] {dag.py:3722} INFO - Setting next_dagrun for example_branch_python_operator_decorator to 2023-11-02T00:00:00+00:00, run_after=2023-11-03T00:00:00+00:00
[2023-11-03T00:04:45.161+0000] {processor.py:179} INFO - Processing /home/airflow/.local/lib/python3.8/site-packages/airflow/example_dags/example_branch_operator_decorator.py took 0.103 seconds
[2023-11-03T00:05:16.141+0000] {processor.py:157} INFO - Started process (PID=1786) to work on /home/airflow/.local/lib/python3.8/site-packages/airflow/example_dags/example_branch_operator_decorator.py
[2023-11-03T00:05:16.142+0000] {processor.py:829} INFO - Processing file /home/airflow/.local/lib/python3.8/site-packages/airflow/example_dags/example_branch_operator_decorator.py for tasks to queue
[2023-11-03T00:05:16.145+0000] {logging_mixin.py:151} INFO - [2023-11-03T00:05:16.144+0000] {dagbag.py:536} INFO - Filling up the DagBag from /home/airflow/.local/lib/python3.8/site-packages/airflow/example_dags/example_branch_operator_decorator.py
[2023-11-03T00:05:16.160+0000] {processor.py:839} INFO - DAG(s) dict_keys(['example_branch_python_operator_decorator']) retrieved from /home/airflow/.local/lib/python3.8/site-packages/airflow/example_dags/example_branch_operator_decorator.py
[2023-11-03T00:05:16.196+0000] {logging_mixin.py:151} INFO - [2023-11-03T00:05:16.196+0000] {dag.py:2941} INFO - Sync 1 DAGs
[2023-11-03T00:05:16.236+0000] {logging_mixin.py:151} INFO - [2023-11-03T00:05:16.236+0000] {dag.py:3722} INFO - Setting next_dagrun for example_branch_python_operator_decorator to 2023-11-02T00:00:00+00:00, run_after=2023-11-03T00:00:00+00:00
[2023-11-03T00:05:16.276+0000] {processor.py:179} INFO - Processing /home/airflow/.local/lib/python3.8/site-packages/airflow/example_dags/example_branch_operator_decorator.py took 0.138 seconds
[2023-11-03T00:05:46.353+0000] {processor.py:157} INFO - Started process (PID=1840) to work on /home/airflow/.local/lib/python3.8/site-packages/airflow/example_dags/example_branch_operator_decorator.py
[2023-11-03T00:05:46.354+0000] {processor.py:829} INFO - Processing file /home/airflow/.local/lib/python3.8/site-packages/airflow/example_dags/example_branch_operator_decorator.py for tasks to queue
[2023-11-03T00:05:46.356+0000] {logging_mixin.py:151} INFO - [2023-11-03T00:05:46.356+0000] {dagbag.py:536} INFO - Filling up the DagBag from /home/airflow/.local/lib/python3.8/site-packages/airflow/example_dags/example_branch_operator_decorator.py
[2023-11-03T00:05:46.367+0000] {processor.py:839} INFO - DAG(s) dict_keys(['example_branch_python_operator_decorator']) retrieved from /home/airflow/.local/lib/python3.8/site-packages/airflow/example_dags/example_branch_operator_decorator.py
[2023-11-03T00:05:46.394+0000] {logging_mixin.py:151} INFO - [2023-11-03T00:05:46.394+0000] {dag.py:2941} INFO - Sync 1 DAGs
[2023-11-03T00:05:46.421+0000] {logging_mixin.py:151} INFO - [2023-11-03T00:05:46.421+0000] {dag.py:3722} INFO - Setting next_dagrun for example_branch_python_operator_decorator to 2023-11-02T00:00:00+00:00, run_after=2023-11-03T00:00:00+00:00
[2023-11-03T00:05:46.448+0000] {processor.py:179} INFO - Processing /home/airflow/.local/lib/python3.8/site-packages/airflow/example_dags/example_branch_operator_decorator.py took 0.098 seconds
[2023-11-03T00:06:16.518+0000] {processor.py:157} INFO - Started process (PID=1894) to work on /home/airflow/.local/lib/python3.8/site-packages/airflow/example_dags/example_branch_operator_decorator.py
[2023-11-03T00:06:16.520+0000] {processor.py:829} INFO - Processing file /home/airflow/.local/lib/python3.8/site-packages/airflow/example_dags/example_branch_operator_decorator.py for tasks to queue
[2023-11-03T00:06:16.521+0000] {logging_mixin.py:151} INFO - [2023-11-03T00:06:16.521+0000] {dagbag.py:536} INFO - Filling up the DagBag from /home/airflow/.local/lib/python3.8/site-packages/airflow/example_dags/example_branch_operator_decorator.py
[2023-11-03T00:06:16.531+0000] {processor.py:839} INFO - DAG(s) dict_keys(['example_branch_python_operator_decorator']) retrieved from /home/airflow/.local/lib/python3.8/site-packages/airflow/example_dags/example_branch_operator_decorator.py
[2023-11-03T00:06:16.560+0000] {logging_mixin.py:151} INFO - [2023-11-03T00:06:16.560+0000] {dag.py:2941} INFO - Sync 1 DAGs
[2023-11-03T00:06:16.588+0000] {logging_mixin.py:151} INFO - [2023-11-03T00:06:16.588+0000] {dag.py:3722} INFO - Setting next_dagrun for example_branch_python_operator_decorator to 2023-11-02T00:00:00+00:00, run_after=2023-11-03T00:00:00+00:00
[2023-11-03T00:06:16.618+0000] {processor.py:179} INFO - Processing /home/airflow/.local/lib/python3.8/site-packages/airflow/example_dags/example_branch_operator_decorator.py took 0.103 seconds
[2023-11-03T00:06:47.026+0000] {processor.py:157} INFO - Started process (PID=1949) to work on /home/airflow/.local/lib/python3.8/site-packages/airflow/example_dags/example_branch_operator_decorator.py
[2023-11-03T00:06:47.027+0000] {processor.py:829} INFO - Processing file /home/airflow/.local/lib/python3.8/site-packages/airflow/example_dags/example_branch_operator_decorator.py for tasks to queue
[2023-11-03T00:06:47.029+0000] {logging_mixin.py:151} INFO - [2023-11-03T00:06:47.029+0000] {dagbag.py:536} INFO - Filling up the DagBag from /home/airflow/.local/lib/python3.8/site-packages/airflow/example_dags/example_branch_operator_decorator.py
[2023-11-03T00:06:47.040+0000] {processor.py:839} INFO - DAG(s) dict_keys(['example_branch_python_operator_decorator']) retrieved from /home/airflow/.local/lib/python3.8/site-packages/airflow/example_dags/example_branch_operator_decorator.py
[2023-11-03T00:06:47.068+0000] {logging_mixin.py:151} INFO - [2023-11-03T00:06:47.068+0000] {dag.py:2941} INFO - Sync 1 DAGs
[2023-11-03T00:06:47.097+0000] {logging_mixin.py:151} INFO - [2023-11-03T00:06:47.097+0000] {dag.py:3722} INFO - Setting next_dagrun for example_branch_python_operator_decorator to 2023-11-02T00:00:00+00:00, run_after=2023-11-03T00:00:00+00:00
[2023-11-03T00:06:47.126+0000] {processor.py:179} INFO - Processing /home/airflow/.local/lib/python3.8/site-packages/airflow/example_dags/example_branch_operator_decorator.py took 0.104 seconds
[2023-11-03T00:07:17.582+0000] {processor.py:157} INFO - Started process (PID=2010) to work on /home/airflow/.local/lib/python3.8/site-packages/airflow/example_dags/example_branch_operator_decorator.py
[2023-11-03T00:07:17.583+0000] {processor.py:829} INFO - Processing file /home/airflow/.local/lib/python3.8/site-packages/airflow/example_dags/example_branch_operator_decorator.py for tasks to queue
[2023-11-03T00:07:17.585+0000] {logging_mixin.py:151} INFO - [2023-11-03T00:07:17.584+0000] {dagbag.py:536} INFO - Filling up the DagBag from /home/airflow/.local/lib/python3.8/site-packages/airflow/example_dags/example_branch_operator_decorator.py
[2023-11-03T00:07:17.595+0000] {processor.py:839} INFO - DAG(s) dict_keys(['example_branch_python_operator_decorator']) retrieved from /home/airflow/.local/lib/python3.8/site-packages/airflow/example_dags/example_branch_operator_decorator.py
[2023-11-03T00:07:17.623+0000] {logging_mixin.py:151} INFO - [2023-11-03T00:07:17.623+0000] {dag.py:2941} INFO - Sync 1 DAGs
[2023-11-03T00:07:17.649+0000] {logging_mixin.py:151} INFO - [2023-11-03T00:07:17.649+0000] {dag.py:3722} INFO - Setting next_dagrun for example_branch_python_operator_decorator to 2023-11-02T00:00:00+00:00, run_after=2023-11-03T00:00:00+00:00
[2023-11-03T00:07:17.678+0000] {processor.py:179} INFO - Processing /home/airflow/.local/lib/python3.8/site-packages/airflow/example_dags/example_branch_operator_decorator.py took 0.102 seconds
[2023-11-03T00:07:48.017+0000] {processor.py:157} INFO - Started process (PID=2064) to work on /home/airflow/.local/lib/python3.8/site-packages/airflow/example_dags/example_branch_operator_decorator.py
[2023-11-03T00:07:48.018+0000] {processor.py:829} INFO - Processing file /home/airflow/.local/lib/python3.8/site-packages/airflow/example_dags/example_branch_operator_decorator.py for tasks to queue
[2023-11-03T00:07:48.021+0000] {logging_mixin.py:151} INFO - [2023-11-03T00:07:48.020+0000] {dagbag.py:536} INFO - Filling up the DagBag from /home/airflow/.local/lib/python3.8/site-packages/airflow/example_dags/example_branch_operator_decorator.py
[2023-11-03T00:07:48.031+0000] {processor.py:839} INFO - DAG(s) dict_keys(['example_branch_python_operator_decorator']) retrieved from /home/airflow/.local/lib/python3.8/site-packages/airflow/example_dags/example_branch_operator_decorator.py
[2023-11-03T00:07:48.087+0000] {logging_mixin.py:151} INFO - [2023-11-03T00:07:48.086+0000] {dag.py:2941} INFO - Sync 1 DAGs
[2023-11-03T00:07:48.119+0000] {logging_mixin.py:151} INFO - [2023-11-03T00:07:48.119+0000] {dag.py:3722} INFO - Setting next_dagrun for example_branch_python_operator_decorator to 2023-11-02T00:00:00+00:00, run_after=2023-11-03T00:00:00+00:00
[2023-11-03T00:07:48.141+0000] {processor.py:179} INFO - Processing /home/airflow/.local/lib/python3.8/site-packages/airflow/example_dags/example_branch_operator_decorator.py took 0.128 seconds
[2023-11-03T00:08:19.480+0000] {processor.py:157} INFO - Started process (PID=2118) to work on /home/airflow/.local/lib/python3.8/site-packages/airflow/example_dags/example_branch_operator_decorator.py
[2023-11-03T00:08:19.482+0000] {processor.py:829} INFO - Processing file /home/airflow/.local/lib/python3.8/site-packages/airflow/example_dags/example_branch_operator_decorator.py for tasks to queue
[2023-11-03T00:08:19.492+0000] {logging_mixin.py:151} INFO - [2023-11-03T00:08:19.492+0000] {dagbag.py:536} INFO - Filling up the DagBag from /home/airflow/.local/lib/python3.8/site-packages/airflow/example_dags/example_branch_operator_decorator.py
[2023-11-03T00:08:19.511+0000] {processor.py:839} INFO - DAG(s) dict_keys(['example_branch_python_operator_decorator']) retrieved from /home/airflow/.local/lib/python3.8/site-packages/airflow/example_dags/example_branch_operator_decorator.py
[2023-11-03T00:08:19.555+0000] {logging_mixin.py:151} INFO - [2023-11-03T00:08:19.554+0000] {dag.py:2941} INFO - Sync 1 DAGs
[2023-11-03T00:08:19.596+0000] {logging_mixin.py:151} INFO - [2023-11-03T00:08:19.595+0000] {dag.py:3722} INFO - Setting next_dagrun for example_branch_python_operator_decorator to 2023-11-02T00:00:00+00:00, run_after=2023-11-03T00:00:00+00:00
[2023-11-03T00:08:19.627+0000] {processor.py:179} INFO - Processing /home/airflow/.local/lib/python3.8/site-packages/airflow/example_dags/example_branch_operator_decorator.py took 0.151 seconds
[2023-11-03T00:08:49.708+0000] {processor.py:157} INFO - Started process (PID=2172) to work on /home/airflow/.local/lib/python3.8/site-packages/airflow/example_dags/example_branch_operator_decorator.py
[2023-11-03T00:08:49.709+0000] {processor.py:829} INFO - Processing file /home/airflow/.local/lib/python3.8/site-packages/airflow/example_dags/example_branch_operator_decorator.py for tasks to queue
[2023-11-03T00:08:49.711+0000] {logging_mixin.py:151} INFO - [2023-11-03T00:08:49.711+0000] {dagbag.py:536} INFO - Filling up the DagBag from /home/airflow/.local/lib/python3.8/site-packages/airflow/example_dags/example_branch_operator_decorator.py
[2023-11-03T00:08:49.723+0000] {processor.py:839} INFO - DAG(s) dict_keys(['example_branch_python_operator_decorator']) retrieved from /home/airflow/.local/lib/python3.8/site-packages/airflow/example_dags/example_branch_operator_decorator.py
[2023-11-03T00:08:49.754+0000] {logging_mixin.py:151} INFO - [2023-11-03T00:08:49.754+0000] {dag.py:2941} INFO - Sync 1 DAGs
[2023-11-03T00:08:49.785+0000] {logging_mixin.py:151} INFO - [2023-11-03T00:08:49.785+0000] {dag.py:3722} INFO - Setting next_dagrun for example_branch_python_operator_decorator to 2023-11-02T00:00:00+00:00, run_after=2023-11-03T00:00:00+00:00
[2023-11-03T00:08:49.826+0000] {processor.py:179} INFO - Processing /home/airflow/.local/lib/python3.8/site-packages/airflow/example_dags/example_branch_operator_decorator.py took 0.122 seconds
[2023-11-03T00:09:20.179+0000] {processor.py:157} INFO - Started process (PID=2226) to work on /home/airflow/.local/lib/python3.8/site-packages/airflow/example_dags/example_branch_operator_decorator.py
[2023-11-03T00:09:20.181+0000] {processor.py:829} INFO - Processing file /home/airflow/.local/lib/python3.8/site-packages/airflow/example_dags/example_branch_operator_decorator.py for tasks to queue
[2023-11-03T00:09:20.183+0000] {logging_mixin.py:151} INFO - [2023-11-03T00:09:20.183+0000] {dagbag.py:536} INFO - Filling up the DagBag from /home/airflow/.local/lib/python3.8/site-packages/airflow/example_dags/example_branch_operator_decorator.py
[2023-11-03T00:09:20.195+0000] {processor.py:839} INFO - DAG(s) dict_keys(['example_branch_python_operator_decorator']) retrieved from /home/airflow/.local/lib/python3.8/site-packages/airflow/example_dags/example_branch_operator_decorator.py
[2023-11-03T00:09:20.234+0000] {logging_mixin.py:151} INFO - [2023-11-03T00:09:20.234+0000] {dag.py:2941} INFO - Sync 1 DAGs
[2023-11-03T00:09:20.265+0000] {logging_mixin.py:151} INFO - [2023-11-03T00:09:20.264+0000] {dag.py:3722} INFO - Setting next_dagrun for example_branch_python_operator_decorator to 2023-11-02T00:00:00+00:00, run_after=2023-11-03T00:00:00+00:00
[2023-11-03T00:09:20.293+0000] {processor.py:179} INFO - Processing /home/airflow/.local/lib/python3.8/site-packages/airflow/example_dags/example_branch_operator_decorator.py took 0.117 seconds
[2023-11-03T00:09:51.007+0000] {processor.py:157} INFO - Started process (PID=2280) to work on /home/airflow/.local/lib/python3.8/site-packages/airflow/example_dags/example_branch_operator_decorator.py
[2023-11-03T00:09:51.008+0000] {processor.py:829} INFO - Processing file /home/airflow/.local/lib/python3.8/site-packages/airflow/example_dags/example_branch_operator_decorator.py for tasks to queue
[2023-11-03T00:09:51.011+0000] {logging_mixin.py:151} INFO - [2023-11-03T00:09:51.010+0000] {dagbag.py:536} INFO - Filling up the DagBag from /home/airflow/.local/lib/python3.8/site-packages/airflow/example_dags/example_branch_operator_decorator.py
[2023-11-03T00:09:51.025+0000] {processor.py:839} INFO - DAG(s) dict_keys(['example_branch_python_operator_decorator']) retrieved from /home/airflow/.local/lib/python3.8/site-packages/airflow/example_dags/example_branch_operator_decorator.py
[2023-11-03T00:09:51.072+0000] {logging_mixin.py:151} INFO - [2023-11-03T00:09:51.072+0000] {dag.py:2941} INFO - Sync 1 DAGs
[2023-11-03T00:09:51.108+0000] {logging_mixin.py:151} INFO - [2023-11-03T00:09:51.108+0000] {dag.py:3722} INFO - Setting next_dagrun for example_branch_python_operator_decorator to 2023-11-02T00:00:00+00:00, run_after=2023-11-03T00:00:00+00:00
[2023-11-03T00:09:51.146+0000] {processor.py:179} INFO - Processing /home/airflow/.local/lib/python3.8/site-packages/airflow/example_dags/example_branch_operator_decorator.py took 0.146 seconds
[2023-11-03T00:10:22.976+0000] {processor.py:157} INFO - Started process (PID=2334) to work on /home/airflow/.local/lib/python3.8/site-packages/airflow/example_dags/example_branch_operator_decorator.py
[2023-11-03T00:10:22.978+0000] {processor.py:829} INFO - Processing file /home/airflow/.local/lib/python3.8/site-packages/airflow/example_dags/example_branch_operator_decorator.py for tasks to queue
[2023-11-03T00:10:22.980+0000] {logging_mixin.py:151} INFO - [2023-11-03T00:10:22.980+0000] {dagbag.py:536} INFO - Filling up the DagBag from /home/airflow/.local/lib/python3.8/site-packages/airflow/example_dags/example_branch_operator_decorator.py
[2023-11-03T00:10:22.995+0000] {processor.py:839} INFO - DAG(s) dict_keys(['example_branch_python_operator_decorator']) retrieved from /home/airflow/.local/lib/python3.8/site-packages/airflow/example_dags/example_branch_operator_decorator.py
[2023-11-03T00:10:23.029+0000] {logging_mixin.py:151} INFO - [2023-11-03T00:10:23.029+0000] {dag.py:2941} INFO - Sync 1 DAGs
[2023-11-03T00:10:23.266+0000] {logging_mixin.py:151} INFO - [2023-11-03T00:10:23.266+0000] {dag.py:3722} INFO - Setting next_dagrun for example_branch_python_operator_decorator to 2023-11-02T00:00:00+00:00, run_after=2023-11-03T00:00:00+00:00
[2023-11-03T00:10:23.304+0000] {processor.py:179} INFO - Processing /home/airflow/.local/lib/python3.8/site-packages/airflow/example_dags/example_branch_operator_decorator.py took 0.333 seconds
[2023-11-03T00:10:54.363+0000] {processor.py:157} INFO - Started process (PID=2388) to work on /home/airflow/.local/lib/python3.8/site-packages/airflow/example_dags/example_branch_operator_decorator.py
[2023-11-03T00:10:54.364+0000] {processor.py:829} INFO - Processing file /home/airflow/.local/lib/python3.8/site-packages/airflow/example_dags/example_branch_operator_decorator.py for tasks to queue
[2023-11-03T00:10:54.367+0000] {logging_mixin.py:151} INFO - [2023-11-03T00:10:54.367+0000] {dagbag.py:536} INFO - Filling up the DagBag from /home/airflow/.local/lib/python3.8/site-packages/airflow/example_dags/example_branch_operator_decorator.py
[2023-11-03T00:10:54.381+0000] {processor.py:839} INFO - DAG(s) dict_keys(['example_branch_python_operator_decorator']) retrieved from /home/airflow/.local/lib/python3.8/site-packages/airflow/example_dags/example_branch_operator_decorator.py
[2023-11-03T00:10:54.422+0000] {logging_mixin.py:151} INFO - [2023-11-03T00:10:54.422+0000] {dag.py:2941} INFO - Sync 1 DAGs
[2023-11-03T00:10:54.464+0000] {logging_mixin.py:151} INFO - [2023-11-03T00:10:54.464+0000] {dag.py:3722} INFO - Setting next_dagrun for example_branch_python_operator_decorator to 2023-11-02T00:00:00+00:00, run_after=2023-11-03T00:00:00+00:00
[2023-11-03T00:10:54.864+0000] {processor.py:179} INFO - Processing /home/airflow/.local/lib/python3.8/site-packages/airflow/example_dags/example_branch_operator_decorator.py took 0.505 seconds
[2023-11-03T00:11:25.735+0000] {processor.py:157} INFO - Started process (PID=2443) to work on /home/airflow/.local/lib/python3.8/site-packages/airflow/example_dags/example_branch_operator_decorator.py
[2023-11-03T00:11:25.737+0000] {processor.py:829} INFO - Processing file /home/airflow/.local/lib/python3.8/site-packages/airflow/example_dags/example_branch_operator_decorator.py for tasks to queue
[2023-11-03T00:11:25.739+0000] {logging_mixin.py:151} INFO - [2023-11-03T00:11:25.739+0000] {dagbag.py:536} INFO - Filling up the DagBag from /home/airflow/.local/lib/python3.8/site-packages/airflow/example_dags/example_branch_operator_decorator.py
[2023-11-03T00:11:25.751+0000] {processor.py:839} INFO - DAG(s) dict_keys(['example_branch_python_operator_decorator']) retrieved from /home/airflow/.local/lib/python3.8/site-packages/airflow/example_dags/example_branch_operator_decorator.py
[2023-11-03T00:11:25.782+0000] {logging_mixin.py:151} INFO - [2023-11-03T00:11:25.781+0000] {dag.py:2941} INFO - Sync 1 DAGs
[2023-11-03T00:11:25.813+0000] {logging_mixin.py:151} INFO - [2023-11-03T00:11:25.813+0000] {dag.py:3722} INFO - Setting next_dagrun for example_branch_python_operator_decorator to 2023-11-02T00:00:00+00:00, run_after=2023-11-03T00:00:00+00:00
[2023-11-03T00:11:25.845+0000] {processor.py:179} INFO - Processing /home/airflow/.local/lib/python3.8/site-packages/airflow/example_dags/example_branch_operator_decorator.py took 0.114 seconds
[2023-11-03T00:11:56.664+0000] {processor.py:157} INFO - Started process (PID=2497) to work on /home/airflow/.local/lib/python3.8/site-packages/airflow/example_dags/example_branch_operator_decorator.py
[2023-11-03T00:11:56.666+0000] {processor.py:829} INFO - Processing file /home/airflow/.local/lib/python3.8/site-packages/airflow/example_dags/example_branch_operator_decorator.py for tasks to queue
[2023-11-03T00:11:56.668+0000] {logging_mixin.py:151} INFO - [2023-11-03T00:11:56.667+0000] {dagbag.py:536} INFO - Filling up the DagBag from /home/airflow/.local/lib/python3.8/site-packages/airflow/example_dags/example_branch_operator_decorator.py
[2023-11-03T00:11:56.679+0000] {processor.py:839} INFO - DAG(s) dict_keys(['example_branch_python_operator_decorator']) retrieved from /home/airflow/.local/lib/python3.8/site-packages/airflow/example_dags/example_branch_operator_decorator.py
[2023-11-03T00:11:56.710+0000] {logging_mixin.py:151} INFO - [2023-11-03T00:11:56.710+0000] {dag.py:2941} INFO - Sync 1 DAGs
[2023-11-03T00:11:56.740+0000] {logging_mixin.py:151} INFO - [2023-11-03T00:11:56.740+0000] {dag.py:3722} INFO - Setting next_dagrun for example_branch_python_operator_decorator to 2023-11-02T00:00:00+00:00, run_after=2023-11-03T00:00:00+00:00
[2023-11-03T00:11:56.767+0000] {processor.py:179} INFO - Processing /home/airflow/.local/lib/python3.8/site-packages/airflow/example_dags/example_branch_operator_decorator.py took 0.106 seconds
[2023-11-03T00:12:27.440+0000] {processor.py:157} INFO - Started process (PID=2552) to work on /home/airflow/.local/lib/python3.8/site-packages/airflow/example_dags/example_branch_operator_decorator.py
[2023-11-03T00:12:27.443+0000] {processor.py:829} INFO - Processing file /home/airflow/.local/lib/python3.8/site-packages/airflow/example_dags/example_branch_operator_decorator.py for tasks to queue
[2023-11-03T00:12:27.446+0000] {logging_mixin.py:151} INFO - [2023-11-03T00:12:27.446+0000] {dagbag.py:536} INFO - Filling up the DagBag from /home/airflow/.local/lib/python3.8/site-packages/airflow/example_dags/example_branch_operator_decorator.py
[2023-11-03T00:12:27.462+0000] {processor.py:839} INFO - DAG(s) dict_keys(['example_branch_python_operator_decorator']) retrieved from /home/airflow/.local/lib/python3.8/site-packages/airflow/example_dags/example_branch_operator_decorator.py
[2023-11-03T00:12:27.499+0000] {logging_mixin.py:151} INFO - [2023-11-03T00:12:27.498+0000] {dag.py:2941} INFO - Sync 1 DAGs
[2023-11-03T00:12:27.751+0000] {logging_mixin.py:151} INFO - [2023-11-03T00:12:27.751+0000] {dag.py:3722} INFO - Setting next_dagrun for example_branch_python_operator_decorator to 2023-11-02T00:00:00+00:00, run_after=2023-11-03T00:00:00+00:00
[2023-11-03T00:12:27.786+0000] {processor.py:179} INFO - Processing /home/airflow/.local/lib/python3.8/site-packages/airflow/example_dags/example_branch_operator_decorator.py took 0.351 seconds
[2023-11-03T00:12:58.294+0000] {processor.py:157} INFO - Started process (PID=2606) to work on /home/airflow/.local/lib/python3.8/site-packages/airflow/example_dags/example_branch_operator_decorator.py
[2023-11-03T00:12:58.296+0000] {processor.py:829} INFO - Processing file /home/airflow/.local/lib/python3.8/site-packages/airflow/example_dags/example_branch_operator_decorator.py for tasks to queue
[2023-11-03T00:12:58.299+0000] {logging_mixin.py:151} INFO - [2023-11-03T00:12:58.299+0000] {dagbag.py:536} INFO - Filling up the DagBag from /home/airflow/.local/lib/python3.8/site-packages/airflow/example_dags/example_branch_operator_decorator.py
[2023-11-03T00:12:58.313+0000] {processor.py:839} INFO - DAG(s) dict_keys(['example_branch_python_operator_decorator']) retrieved from /home/airflow/.local/lib/python3.8/site-packages/airflow/example_dags/example_branch_operator_decorator.py
[2023-11-03T00:12:58.348+0000] {logging_mixin.py:151} INFO - [2023-11-03T00:12:58.348+0000] {dag.py:2941} INFO - Sync 1 DAGs
[2023-11-03T00:12:58.382+0000] {logging_mixin.py:151} INFO - [2023-11-03T00:12:58.382+0000] {dag.py:3722} INFO - Setting next_dagrun for example_branch_python_operator_decorator to 2023-11-02T00:00:00+00:00, run_after=2023-11-03T00:00:00+00:00
[2023-11-03T00:12:58.421+0000] {processor.py:179} INFO - Processing /home/airflow/.local/lib/python3.8/site-packages/airflow/example_dags/example_branch_operator_decorator.py took 0.131 seconds
[2023-11-03T00:13:28.748+0000] {processor.py:157} INFO - Started process (PID=2660) to work on /home/airflow/.local/lib/python3.8/site-packages/airflow/example_dags/example_branch_operator_decorator.py
[2023-11-03T00:13:28.749+0000] {processor.py:829} INFO - Processing file /home/airflow/.local/lib/python3.8/site-packages/airflow/example_dags/example_branch_operator_decorator.py for tasks to queue
[2023-11-03T00:13:28.751+0000] {logging_mixin.py:151} INFO - [2023-11-03T00:13:28.751+0000] {dagbag.py:536} INFO - Filling up the DagBag from /home/airflow/.local/lib/python3.8/site-packages/airflow/example_dags/example_branch_operator_decorator.py
[2023-11-03T00:13:28.766+0000] {processor.py:839} INFO - DAG(s) dict_keys(['example_branch_python_operator_decorator']) retrieved from /home/airflow/.local/lib/python3.8/site-packages/airflow/example_dags/example_branch_operator_decorator.py
[2023-11-03T00:13:29.050+0000] {logging_mixin.py:151} INFO - [2023-11-03T00:13:29.049+0000] {dag.py:2941} INFO - Sync 1 DAGs
[2023-11-03T00:13:29.096+0000] {logging_mixin.py:151} INFO - [2023-11-03T00:13:29.096+0000] {dag.py:3722} INFO - Setting next_dagrun for example_branch_python_operator_decorator to 2023-11-02T00:00:00+00:00, run_after=2023-11-03T00:00:00+00:00
[2023-11-03T00:13:29.140+0000] {processor.py:179} INFO - Processing /home/airflow/.local/lib/python3.8/site-packages/airflow/example_dags/example_branch_operator_decorator.py took 0.397 seconds
[2023-11-03T00:13:59.369+0000] {processor.py:157} INFO - Started process (PID=2713) to work on /home/airflow/.local/lib/python3.8/site-packages/airflow/example_dags/example_branch_operator_decorator.py
[2023-11-03T00:13:59.372+0000] {processor.py:829} INFO - Processing file /home/airflow/.local/lib/python3.8/site-packages/airflow/example_dags/example_branch_operator_decorator.py for tasks to queue
[2023-11-03T00:13:59.375+0000] {logging_mixin.py:151} INFO - [2023-11-03T00:13:59.375+0000] {dagbag.py:536} INFO - Filling up the DagBag from /home/airflow/.local/lib/python3.8/site-packages/airflow/example_dags/example_branch_operator_decorator.py
[2023-11-03T00:13:59.391+0000] {processor.py:839} INFO - DAG(s) dict_keys(['example_branch_python_operator_decorator']) retrieved from /home/airflow/.local/lib/python3.8/site-packages/airflow/example_dags/example_branch_operator_decorator.py
[2023-11-03T00:13:59.442+0000] {logging_mixin.py:151} INFO - [2023-11-03T00:13:59.442+0000] {dag.py:2941} INFO - Sync 1 DAGs
[2023-11-03T00:13:59.496+0000] {logging_mixin.py:151} INFO - [2023-11-03T00:13:59.496+0000] {dag.py:3722} INFO - Setting next_dagrun for example_branch_python_operator_decorator to 2023-11-02T00:00:00+00:00, run_after=2023-11-03T00:00:00+00:00
[2023-11-03T00:13:59.560+0000] {processor.py:179} INFO - Processing /home/airflow/.local/lib/python3.8/site-packages/airflow/example_dags/example_branch_operator_decorator.py took 0.196 seconds
[2023-11-03T00:14:29.716+0000] {processor.py:157} INFO - Started process (PID=2767) to work on /home/airflow/.local/lib/python3.8/site-packages/airflow/example_dags/example_branch_operator_decorator.py
[2023-11-03T00:14:29.716+0000] {processor.py:829} INFO - Processing file /home/airflow/.local/lib/python3.8/site-packages/airflow/example_dags/example_branch_operator_decorator.py for tasks to queue
[2023-11-03T00:14:29.718+0000] {logging_mixin.py:151} INFO - [2023-11-03T00:14:29.718+0000] {dagbag.py:536} INFO - Filling up the DagBag from /home/airflow/.local/lib/python3.8/site-packages/airflow/example_dags/example_branch_operator_decorator.py
[2023-11-03T00:14:29.728+0000] {processor.py:839} INFO - DAG(s) dict_keys(['example_branch_python_operator_decorator']) retrieved from /home/airflow/.local/lib/python3.8/site-packages/airflow/example_dags/example_branch_operator_decorator.py
[2023-11-03T00:14:29.756+0000] {logging_mixin.py:151} INFO - [2023-11-03T00:14:29.756+0000] {dag.py:2941} INFO - Sync 1 DAGs
[2023-11-03T00:14:29.783+0000] {logging_mixin.py:151} INFO - [2023-11-03T00:14:29.783+0000] {dag.py:3722} INFO - Setting next_dagrun for example_branch_python_operator_decorator to 2023-11-02T00:00:00+00:00, run_after=2023-11-03T00:00:00+00:00
[2023-11-03T00:14:29.808+0000] {processor.py:179} INFO - Processing /home/airflow/.local/lib/python3.8/site-packages/airflow/example_dags/example_branch_operator_decorator.py took 0.096 seconds
[2023-11-03T00:15:00.029+0000] {processor.py:157} INFO - Started process (PID=2821) to work on /home/airflow/.local/lib/python3.8/site-packages/airflow/example_dags/example_branch_operator_decorator.py
[2023-11-03T00:15:00.030+0000] {processor.py:829} INFO - Processing file /home/airflow/.local/lib/python3.8/site-packages/airflow/example_dags/example_branch_operator_decorator.py for tasks to queue
[2023-11-03T00:15:00.032+0000] {logging_mixin.py:151} INFO - [2023-11-03T00:15:00.032+0000] {dagbag.py:536} INFO - Filling up the DagBag from /home/airflow/.local/lib/python3.8/site-packages/airflow/example_dags/example_branch_operator_decorator.py
[2023-11-03T00:15:00.042+0000] {processor.py:839} INFO - DAG(s) dict_keys(['example_branch_python_operator_decorator']) retrieved from /home/airflow/.local/lib/python3.8/site-packages/airflow/example_dags/example_branch_operator_decorator.py
[2023-11-03T00:15:00.070+0000] {logging_mixin.py:151} INFO - [2023-11-03T00:15:00.070+0000] {dag.py:2941} INFO - Sync 1 DAGs
[2023-11-03T00:15:00.095+0000] {logging_mixin.py:151} INFO - [2023-11-03T00:15:00.095+0000] {dag.py:3722} INFO - Setting next_dagrun for example_branch_python_operator_decorator to 2023-11-02T00:00:00+00:00, run_after=2023-11-03T00:00:00+00:00
[2023-11-03T00:15:00.123+0000] {processor.py:179} INFO - Processing /home/airflow/.local/lib/python3.8/site-packages/airflow/example_dags/example_branch_operator_decorator.py took 0.098 seconds
[2023-11-03T00:15:30.291+0000] {processor.py:157} INFO - Started process (PID=2875) to work on /home/airflow/.local/lib/python3.8/site-packages/airflow/example_dags/example_branch_operator_decorator.py
[2023-11-03T00:15:30.292+0000] {processor.py:829} INFO - Processing file /home/airflow/.local/lib/python3.8/site-packages/airflow/example_dags/example_branch_operator_decorator.py for tasks to queue
[2023-11-03T00:15:30.294+0000] {logging_mixin.py:151} INFO - [2023-11-03T00:15:30.294+0000] {dagbag.py:536} INFO - Filling up the DagBag from /home/airflow/.local/lib/python3.8/site-packages/airflow/example_dags/example_branch_operator_decorator.py
[2023-11-03T00:15:30.305+0000] {processor.py:839} INFO - DAG(s) dict_keys(['example_branch_python_operator_decorator']) retrieved from /home/airflow/.local/lib/python3.8/site-packages/airflow/example_dags/example_branch_operator_decorator.py
[2023-11-03T00:15:30.334+0000] {logging_mixin.py:151} INFO - [2023-11-03T00:15:30.334+0000] {dag.py:2941} INFO - Sync 1 DAGs
[2023-11-03T00:15:30.361+0000] {logging_mixin.py:151} INFO - [2023-11-03T00:15:30.360+0000] {dag.py:3722} INFO - Setting next_dagrun for example_branch_python_operator_decorator to 2023-11-02T00:00:00+00:00, run_after=2023-11-03T00:00:00+00:00
[2023-11-03T00:15:30.389+0000] {processor.py:179} INFO - Processing /home/airflow/.local/lib/python3.8/site-packages/airflow/example_dags/example_branch_operator_decorator.py took 0.102 seconds
[2023-11-03T00:16:00.645+0000] {processor.py:157} INFO - Started process (PID=2929) to work on /home/airflow/.local/lib/python3.8/site-packages/airflow/example_dags/example_branch_operator_decorator.py
[2023-11-03T00:16:00.646+0000] {processor.py:829} INFO - Processing file /home/airflow/.local/lib/python3.8/site-packages/airflow/example_dags/example_branch_operator_decorator.py for tasks to queue
[2023-11-03T00:16:00.648+0000] {logging_mixin.py:151} INFO - [2023-11-03T00:16:00.648+0000] {dagbag.py:536} INFO - Filling up the DagBag from /home/airflow/.local/lib/python3.8/site-packages/airflow/example_dags/example_branch_operator_decorator.py
[2023-11-03T00:16:00.659+0000] {processor.py:839} INFO - DAG(s) dict_keys(['example_branch_python_operator_decorator']) retrieved from /home/airflow/.local/lib/python3.8/site-packages/airflow/example_dags/example_branch_operator_decorator.py
[2023-11-03T00:16:00.694+0000] {logging_mixin.py:151} INFO - [2023-11-03T00:16:00.693+0000] {dag.py:2941} INFO - Sync 1 DAGs
[2023-11-03T00:16:00.723+0000] {logging_mixin.py:151} INFO - [2023-11-03T00:16:00.722+0000] {dag.py:3722} INFO - Setting next_dagrun for example_branch_python_operator_decorator to 2023-11-02T00:00:00+00:00, run_after=2023-11-03T00:00:00+00:00
[2023-11-03T00:16:00.759+0000] {processor.py:179} INFO - Processing /home/airflow/.local/lib/python3.8/site-packages/airflow/example_dags/example_branch_operator_decorator.py took 0.118 seconds
[2023-11-03T00:16:30.841+0000] {processor.py:157} INFO - Started process (PID=2983) to work on /home/airflow/.local/lib/python3.8/site-packages/airflow/example_dags/example_branch_operator_decorator.py
[2023-11-03T00:16:30.842+0000] {processor.py:829} INFO - Processing file /home/airflow/.local/lib/python3.8/site-packages/airflow/example_dags/example_branch_operator_decorator.py for tasks to queue
[2023-11-03T00:16:30.844+0000] {logging_mixin.py:151} INFO - [2023-11-03T00:16:30.844+0000] {dagbag.py:536} INFO - Filling up the DagBag from /home/airflow/.local/lib/python3.8/site-packages/airflow/example_dags/example_branch_operator_decorator.py
[2023-11-03T00:16:30.854+0000] {processor.py:839} INFO - DAG(s) dict_keys(['example_branch_python_operator_decorator']) retrieved from /home/airflow/.local/lib/python3.8/site-packages/airflow/example_dags/example_branch_operator_decorator.py
[2023-11-03T00:16:30.879+0000] {logging_mixin.py:151} INFO - [2023-11-03T00:16:30.878+0000] {dag.py:2941} INFO - Sync 1 DAGs
[2023-11-03T00:16:30.903+0000] {logging_mixin.py:151} INFO - [2023-11-03T00:16:30.903+0000] {dag.py:3722} INFO - Setting next_dagrun for example_branch_python_operator_decorator to 2023-11-02T00:00:00+00:00, run_after=2023-11-03T00:00:00+00:00
[2023-11-03T00:16:30.925+0000] {processor.py:179} INFO - Processing /home/airflow/.local/lib/python3.8/site-packages/airflow/example_dags/example_branch_operator_decorator.py took 0.087 seconds
[2023-11-03T00:17:01.021+0000] {processor.py:157} INFO - Started process (PID=3037) to work on /home/airflow/.local/lib/python3.8/site-packages/airflow/example_dags/example_branch_operator_decorator.py
[2023-11-03T00:17:01.022+0000] {processor.py:829} INFO - Processing file /home/airflow/.local/lib/python3.8/site-packages/airflow/example_dags/example_branch_operator_decorator.py for tasks to queue
[2023-11-03T00:17:01.024+0000] {logging_mixin.py:151} INFO - [2023-11-03T00:17:01.024+0000] {dagbag.py:536} INFO - Filling up the DagBag from /home/airflow/.local/lib/python3.8/site-packages/airflow/example_dags/example_branch_operator_decorator.py
[2023-11-03T00:17:01.035+0000] {processor.py:839} INFO - DAG(s) dict_keys(['example_branch_python_operator_decorator']) retrieved from /home/airflow/.local/lib/python3.8/site-packages/airflow/example_dags/example_branch_operator_decorator.py
[2023-11-03T00:17:01.072+0000] {logging_mixin.py:151} INFO - [2023-11-03T00:17:01.071+0000] {dag.py:2941} INFO - Sync 1 DAGs
[2023-11-03T00:17:01.105+0000] {logging_mixin.py:151} INFO - [2023-11-03T00:17:01.104+0000] {dag.py:3722} INFO - Setting next_dagrun for example_branch_python_operator_decorator to 2023-11-02T00:00:00+00:00, run_after=2023-11-03T00:00:00+00:00
[2023-11-03T00:17:01.137+0000] {processor.py:179} INFO - Processing /home/airflow/.local/lib/python3.8/site-packages/airflow/example_dags/example_branch_operator_decorator.py took 0.120 seconds
[2023-11-03T00:17:31.257+0000] {processor.py:157} INFO - Started process (PID=3091) to work on /home/airflow/.local/lib/python3.8/site-packages/airflow/example_dags/example_branch_operator_decorator.py
[2023-11-03T00:17:31.258+0000] {processor.py:829} INFO - Processing file /home/airflow/.local/lib/python3.8/site-packages/airflow/example_dags/example_branch_operator_decorator.py for tasks to queue
[2023-11-03T00:17:31.261+0000] {logging_mixin.py:151} INFO - [2023-11-03T00:17:31.260+0000] {dagbag.py:536} INFO - Filling up the DagBag from /home/airflow/.local/lib/python3.8/site-packages/airflow/example_dags/example_branch_operator_decorator.py
[2023-11-03T00:17:31.271+0000] {processor.py:839} INFO - DAG(s) dict_keys(['example_branch_python_operator_decorator']) retrieved from /home/airflow/.local/lib/python3.8/site-packages/airflow/example_dags/example_branch_operator_decorator.py
[2023-11-03T00:17:31.298+0000] {logging_mixin.py:151} INFO - [2023-11-03T00:17:31.297+0000] {dag.py:2941} INFO - Sync 1 DAGs
[2023-11-03T00:17:31.324+0000] {logging_mixin.py:151} INFO - [2023-11-03T00:17:31.324+0000] {dag.py:3722} INFO - Setting next_dagrun for example_branch_python_operator_decorator to 2023-11-02T00:00:00+00:00, run_after=2023-11-03T00:00:00+00:00
[2023-11-03T00:17:31.355+0000] {processor.py:179} INFO - Processing /home/airflow/.local/lib/python3.8/site-packages/airflow/example_dags/example_branch_operator_decorator.py took 0.101 seconds
[2023-11-03T00:18:02.189+0000] {processor.py:157} INFO - Started process (PID=3145) to work on /home/airflow/.local/lib/python3.8/site-packages/airflow/example_dags/example_branch_operator_decorator.py
[2023-11-03T00:18:02.191+0000] {processor.py:829} INFO - Processing file /home/airflow/.local/lib/python3.8/site-packages/airflow/example_dags/example_branch_operator_decorator.py for tasks to queue
[2023-11-03T00:18:02.195+0000] {logging_mixin.py:151} INFO - [2023-11-03T00:18:02.194+0000] {dagbag.py:536} INFO - Filling up the DagBag from /home/airflow/.local/lib/python3.8/site-packages/airflow/example_dags/example_branch_operator_decorator.py
[2023-11-03T00:18:02.206+0000] {processor.py:839} INFO - DAG(s) dict_keys(['example_branch_python_operator_decorator']) retrieved from /home/airflow/.local/lib/python3.8/site-packages/airflow/example_dags/example_branch_operator_decorator.py
[2023-11-03T00:18:02.259+0000] {logging_mixin.py:151} INFO - [2023-11-03T00:18:02.258+0000] {dag.py:2941} INFO - Sync 1 DAGs
[2023-11-03T00:18:02.290+0000] {logging_mixin.py:151} INFO - [2023-11-03T00:18:02.289+0000] {dag.py:3722} INFO - Setting next_dagrun for example_branch_python_operator_decorator to 2023-11-02T00:00:00+00:00, run_after=2023-11-03T00:00:00+00:00
[2023-11-03T00:18:02.328+0000] {processor.py:179} INFO - Processing /home/airflow/.local/lib/python3.8/site-packages/airflow/example_dags/example_branch_operator_decorator.py took 0.142 seconds
[2023-11-03T00:18:32.611+0000] {processor.py:157} INFO - Started process (PID=3199) to work on /home/airflow/.local/lib/python3.8/site-packages/airflow/example_dags/example_branch_operator_decorator.py
[2023-11-03T00:18:32.613+0000] {processor.py:829} INFO - Processing file /home/airflow/.local/lib/python3.8/site-packages/airflow/example_dags/example_branch_operator_decorator.py for tasks to queue
[2023-11-03T00:18:32.617+0000] {logging_mixin.py:151} INFO - [2023-11-03T00:18:32.616+0000] {dagbag.py:536} INFO - Filling up the DagBag from /home/airflow/.local/lib/python3.8/site-packages/airflow/example_dags/example_branch_operator_decorator.py
[2023-11-03T00:18:32.630+0000] {processor.py:839} INFO - DAG(s) dict_keys(['example_branch_python_operator_decorator']) retrieved from /home/airflow/.local/lib/python3.8/site-packages/airflow/example_dags/example_branch_operator_decorator.py
[2023-11-03T00:18:32.654+0000] {logging_mixin.py:151} INFO - [2023-11-03T00:18:32.654+0000] {dag.py:2941} INFO - Sync 1 DAGs
[2023-11-03T00:18:32.681+0000] {logging_mixin.py:151} INFO - [2023-11-03T00:18:32.681+0000] {dag.py:3722} INFO - Setting next_dagrun for example_branch_python_operator_decorator to 2023-11-02T00:00:00+00:00, run_after=2023-11-03T00:00:00+00:00
[2023-11-03T00:18:32.713+0000] {processor.py:179} INFO - Processing /home/airflow/.local/lib/python3.8/site-packages/airflow/example_dags/example_branch_operator_decorator.py took 0.109 seconds
[2023-11-03T00:19:03.321+0000] {processor.py:157} INFO - Started process (PID=3253) to work on /home/airflow/.local/lib/python3.8/site-packages/airflow/example_dags/example_branch_operator_decorator.py
[2023-11-03T00:19:03.323+0000] {processor.py:829} INFO - Processing file /home/airflow/.local/lib/python3.8/site-packages/airflow/example_dags/example_branch_operator_decorator.py for tasks to queue
[2023-11-03T00:19:03.325+0000] {logging_mixin.py:151} INFO - [2023-11-03T00:19:03.324+0000] {dagbag.py:536} INFO - Filling up the DagBag from /home/airflow/.local/lib/python3.8/site-packages/airflow/example_dags/example_branch_operator_decorator.py
[2023-11-03T00:19:03.336+0000] {processor.py:839} INFO - DAG(s) dict_keys(['example_branch_python_operator_decorator']) retrieved from /home/airflow/.local/lib/python3.8/site-packages/airflow/example_dags/example_branch_operator_decorator.py
[2023-11-03T00:19:03.364+0000] {logging_mixin.py:151} INFO - [2023-11-03T00:19:03.364+0000] {dag.py:2941} INFO - Sync 1 DAGs
[2023-11-03T00:19:03.391+0000] {logging_mixin.py:151} INFO - [2023-11-03T00:19:03.391+0000] {dag.py:3722} INFO - Setting next_dagrun for example_branch_python_operator_decorator to 2023-11-02T00:00:00+00:00, run_after=2023-11-03T00:00:00+00:00
[2023-11-03T00:19:03.418+0000] {processor.py:179} INFO - Processing /home/airflow/.local/lib/python3.8/site-packages/airflow/example_dags/example_branch_operator_decorator.py took 0.100 seconds
[2023-11-03T00:19:33.580+0000] {processor.py:157} INFO - Started process (PID=3307) to work on /home/airflow/.local/lib/python3.8/site-packages/airflow/example_dags/example_branch_operator_decorator.py
[2023-11-03T00:19:33.581+0000] {processor.py:829} INFO - Processing file /home/airflow/.local/lib/python3.8/site-packages/airflow/example_dags/example_branch_operator_decorator.py for tasks to queue
[2023-11-03T00:19:33.584+0000] {logging_mixin.py:151} INFO - [2023-11-03T00:19:33.584+0000] {dagbag.py:536} INFO - Filling up the DagBag from /home/airflow/.local/lib/python3.8/site-packages/airflow/example_dags/example_branch_operator_decorator.py
[2023-11-03T00:19:33.595+0000] {processor.py:839} INFO - DAG(s) dict_keys(['example_branch_python_operator_decorator']) retrieved from /home/airflow/.local/lib/python3.8/site-packages/airflow/example_dags/example_branch_operator_decorator.py
[2023-11-03T00:19:33.627+0000] {logging_mixin.py:151} INFO - [2023-11-03T00:19:33.627+0000] {dag.py:2941} INFO - Sync 1 DAGs
[2023-11-03T00:19:33.655+0000] {logging_mixin.py:151} INFO - [2023-11-03T00:19:33.655+0000] {dag.py:3722} INFO - Setting next_dagrun for example_branch_python_operator_decorator to 2023-11-02T00:00:00+00:00, run_after=2023-11-03T00:00:00+00:00
[2023-11-03T00:19:33.686+0000] {processor.py:179} INFO - Processing /home/airflow/.local/lib/python3.8/site-packages/airflow/example_dags/example_branch_operator_decorator.py took 0.109 seconds
[2023-11-03T00:20:03.792+0000] {processor.py:157} INFO - Started process (PID=3361) to work on /home/airflow/.local/lib/python3.8/site-packages/airflow/example_dags/example_branch_operator_decorator.py
[2023-11-03T00:20:03.793+0000] {processor.py:829} INFO - Processing file /home/airflow/.local/lib/python3.8/site-packages/airflow/example_dags/example_branch_operator_decorator.py for tasks to queue
[2023-11-03T00:20:03.796+0000] {logging_mixin.py:151} INFO - [2023-11-03T00:20:03.796+0000] {dagbag.py:536} INFO - Filling up the DagBag from /home/airflow/.local/lib/python3.8/site-packages/airflow/example_dags/example_branch_operator_decorator.py
[2023-11-03T00:20:03.806+0000] {processor.py:839} INFO - DAG(s) dict_keys(['example_branch_python_operator_decorator']) retrieved from /home/airflow/.local/lib/python3.8/site-packages/airflow/example_dags/example_branch_operator_decorator.py
[2023-11-03T00:20:03.843+0000] {logging_mixin.py:151} INFO - [2023-11-03T00:20:03.842+0000] {dag.py:2941} INFO - Sync 1 DAGs
[2023-11-03T00:20:03.871+0000] {logging_mixin.py:151} INFO - [2023-11-03T00:20:03.871+0000] {dag.py:3722} INFO - Setting next_dagrun for example_branch_python_operator_decorator to 2023-11-02T00:00:00+00:00, run_after=2023-11-03T00:00:00+00:00
[2023-11-03T00:20:03.901+0000] {processor.py:179} INFO - Processing /home/airflow/.local/lib/python3.8/site-packages/airflow/example_dags/example_branch_operator_decorator.py took 0.112 seconds
[2023-11-03T00:20:34.203+0000] {processor.py:157} INFO - Started process (PID=3415) to work on /home/airflow/.local/lib/python3.8/site-packages/airflow/example_dags/example_branch_operator_decorator.py
[2023-11-03T00:20:34.205+0000] {processor.py:829} INFO - Processing file /home/airflow/.local/lib/python3.8/site-packages/airflow/example_dags/example_branch_operator_decorator.py for tasks to queue
[2023-11-03T00:20:34.207+0000] {logging_mixin.py:151} INFO - [2023-11-03T00:20:34.207+0000] {dagbag.py:536} INFO - Filling up the DagBag from /home/airflow/.local/lib/python3.8/site-packages/airflow/example_dags/example_branch_operator_decorator.py
[2023-11-03T00:20:34.218+0000] {processor.py:839} INFO - DAG(s) dict_keys(['example_branch_python_operator_decorator']) retrieved from /home/airflow/.local/lib/python3.8/site-packages/airflow/example_dags/example_branch_operator_decorator.py
[2023-11-03T00:20:34.247+0000] {logging_mixin.py:151} INFO - [2023-11-03T00:20:34.247+0000] {dag.py:2941} INFO - Sync 1 DAGs
[2023-11-03T00:20:34.275+0000] {logging_mixin.py:151} INFO - [2023-11-03T00:20:34.274+0000] {dag.py:3722} INFO - Setting next_dagrun for example_branch_python_operator_decorator to 2023-11-02T00:00:00+00:00, run_after=2023-11-03T00:00:00+00:00
[2023-11-03T00:20:34.302+0000] {processor.py:179} INFO - Processing /home/airflow/.local/lib/python3.8/site-packages/airflow/example_dags/example_branch_operator_decorator.py took 0.103 seconds
[2023-11-03T00:21:04.445+0000] {processor.py:157} INFO - Started process (PID=3469) to work on /home/airflow/.local/lib/python3.8/site-packages/airflow/example_dags/example_branch_operator_decorator.py
[2023-11-03T00:21:04.446+0000] {processor.py:829} INFO - Processing file /home/airflow/.local/lib/python3.8/site-packages/airflow/example_dags/example_branch_operator_decorator.py for tasks to queue
[2023-11-03T00:21:04.449+0000] {logging_mixin.py:151} INFO - [2023-11-03T00:21:04.448+0000] {dagbag.py:536} INFO - Filling up the DagBag from /home/airflow/.local/lib/python3.8/site-packages/airflow/example_dags/example_branch_operator_decorator.py
[2023-11-03T00:21:04.459+0000] {processor.py:839} INFO - DAG(s) dict_keys(['example_branch_python_operator_decorator']) retrieved from /home/airflow/.local/lib/python3.8/site-packages/airflow/example_dags/example_branch_operator_decorator.py
[2023-11-03T00:21:04.487+0000] {logging_mixin.py:151} INFO - [2023-11-03T00:21:04.487+0000] {dag.py:2941} INFO - Sync 1 DAGs
[2023-11-03T00:21:04.516+0000] {logging_mixin.py:151} INFO - [2023-11-03T00:21:04.516+0000] {dag.py:3722} INFO - Setting next_dagrun for example_branch_python_operator_decorator to 2023-11-02T00:00:00+00:00, run_after=2023-11-03T00:00:00+00:00
[2023-11-03T00:21:04.552+0000] {processor.py:179} INFO - Processing /home/airflow/.local/lib/python3.8/site-packages/airflow/example_dags/example_branch_operator_decorator.py took 0.111 seconds
[2023-11-03T00:21:34.793+0000] {processor.py:157} INFO - Started process (PID=3523) to work on /home/airflow/.local/lib/python3.8/site-packages/airflow/example_dags/example_branch_operator_decorator.py
[2023-11-03T00:21:34.794+0000] {processor.py:829} INFO - Processing file /home/airflow/.local/lib/python3.8/site-packages/airflow/example_dags/example_branch_operator_decorator.py for tasks to queue
[2023-11-03T00:21:34.797+0000] {logging_mixin.py:151} INFO - [2023-11-03T00:21:34.796+0000] {dagbag.py:536} INFO - Filling up the DagBag from /home/airflow/.local/lib/python3.8/site-packages/airflow/example_dags/example_branch_operator_decorator.py
[2023-11-03T00:21:34.806+0000] {processor.py:839} INFO - DAG(s) dict_keys(['example_branch_python_operator_decorator']) retrieved from /home/airflow/.local/lib/python3.8/site-packages/airflow/example_dags/example_branch_operator_decorator.py
[2023-11-03T00:21:34.837+0000] {logging_mixin.py:151} INFO - [2023-11-03T00:21:34.836+0000] {dag.py:2941} INFO - Sync 1 DAGs
[2023-11-03T00:21:34.864+0000] {logging_mixin.py:151} INFO - [2023-11-03T00:21:34.864+0000] {dag.py:3722} INFO - Setting next_dagrun for example_branch_python_operator_decorator to 2023-11-02T00:00:00+00:00, run_after=2023-11-03T00:00:00+00:00
[2023-11-03T00:21:34.895+0000] {processor.py:179} INFO - Processing /home/airflow/.local/lib/python3.8/site-packages/airflow/example_dags/example_branch_operator_decorator.py took 0.105 seconds
[2023-11-03T00:22:05.201+0000] {processor.py:157} INFO - Started process (PID=3577) to work on /home/airflow/.local/lib/python3.8/site-packages/airflow/example_dags/example_branch_operator_decorator.py
[2023-11-03T00:22:05.202+0000] {processor.py:829} INFO - Processing file /home/airflow/.local/lib/python3.8/site-packages/airflow/example_dags/example_branch_operator_decorator.py for tasks to queue
[2023-11-03T00:22:05.205+0000] {logging_mixin.py:151} INFO - [2023-11-03T00:22:05.205+0000] {dagbag.py:536} INFO - Filling up the DagBag from /home/airflow/.local/lib/python3.8/site-packages/airflow/example_dags/example_branch_operator_decorator.py
[2023-11-03T00:22:05.220+0000] {processor.py:839} INFO - DAG(s) dict_keys(['example_branch_python_operator_decorator']) retrieved from /home/airflow/.local/lib/python3.8/site-packages/airflow/example_dags/example_branch_operator_decorator.py
[2023-11-03T00:22:05.256+0000] {logging_mixin.py:151} INFO - [2023-11-03T00:22:05.256+0000] {dag.py:2941} INFO - Sync 1 DAGs
[2023-11-03T00:22:05.292+0000] {logging_mixin.py:151} INFO - [2023-11-03T00:22:05.292+0000] {dag.py:3722} INFO - Setting next_dagrun for example_branch_python_operator_decorator to 2023-11-02T00:00:00+00:00, run_after=2023-11-03T00:00:00+00:00
[2023-11-03T00:22:05.328+0000] {processor.py:179} INFO - Processing /home/airflow/.local/lib/python3.8/site-packages/airflow/example_dags/example_branch_operator_decorator.py took 0.131 seconds
[2023-11-03T00:22:35.529+0000] {processor.py:157} INFO - Started process (PID=3631) to work on /home/airflow/.local/lib/python3.8/site-packages/airflow/example_dags/example_branch_operator_decorator.py
[2023-11-03T00:22:35.530+0000] {processor.py:829} INFO - Processing file /home/airflow/.local/lib/python3.8/site-packages/airflow/example_dags/example_branch_operator_decorator.py for tasks to queue
[2023-11-03T00:22:35.533+0000] {logging_mixin.py:151} INFO - [2023-11-03T00:22:35.532+0000] {dagbag.py:536} INFO - Filling up the DagBag from /home/airflow/.local/lib/python3.8/site-packages/airflow/example_dags/example_branch_operator_decorator.py
[2023-11-03T00:22:35.544+0000] {processor.py:839} INFO - DAG(s) dict_keys(['example_branch_python_operator_decorator']) retrieved from /home/airflow/.local/lib/python3.8/site-packages/airflow/example_dags/example_branch_operator_decorator.py
[2023-11-03T00:22:35.570+0000] {logging_mixin.py:151} INFO - [2023-11-03T00:22:35.570+0000] {dag.py:2941} INFO - Sync 1 DAGs
[2023-11-03T00:22:35.599+0000] {logging_mixin.py:151} INFO - [2023-11-03T00:22:35.598+0000] {dag.py:3722} INFO - Setting next_dagrun for example_branch_python_operator_decorator to 2023-11-02T00:00:00+00:00, run_after=2023-11-03T00:00:00+00:00
[2023-11-03T00:22:35.628+0000] {processor.py:179} INFO - Processing /home/airflow/.local/lib/python3.8/site-packages/airflow/example_dags/example_branch_operator_decorator.py took 0.102 seconds
[2023-11-03T00:23:05.912+0000] {processor.py:157} INFO - Started process (PID=3685) to work on /home/airflow/.local/lib/python3.8/site-packages/airflow/example_dags/example_branch_operator_decorator.py
[2023-11-03T00:23:05.913+0000] {processor.py:829} INFO - Processing file /home/airflow/.local/lib/python3.8/site-packages/airflow/example_dags/example_branch_operator_decorator.py for tasks to queue
[2023-11-03T00:23:05.916+0000] {logging_mixin.py:151} INFO - [2023-11-03T00:23:05.915+0000] {dagbag.py:536} INFO - Filling up the DagBag from /home/airflow/.local/lib/python3.8/site-packages/airflow/example_dags/example_branch_operator_decorator.py
[2023-11-03T00:23:05.926+0000] {processor.py:839} INFO - DAG(s) dict_keys(['example_branch_python_operator_decorator']) retrieved from /home/airflow/.local/lib/python3.8/site-packages/airflow/example_dags/example_branch_operator_decorator.py
[2023-11-03T00:23:05.956+0000] {logging_mixin.py:151} INFO - [2023-11-03T00:23:05.956+0000] {dag.py:2941} INFO - Sync 1 DAGs
[2023-11-03T00:23:05.984+0000] {logging_mixin.py:151} INFO - [2023-11-03T00:23:05.983+0000] {dag.py:3722} INFO - Setting next_dagrun for example_branch_python_operator_decorator to 2023-11-02T00:00:00+00:00, run_after=2023-11-03T00:00:00+00:00
[2023-11-03T00:23:06.009+0000] {processor.py:179} INFO - Processing /home/airflow/.local/lib/python3.8/site-packages/airflow/example_dags/example_branch_operator_decorator.py took 0.100 seconds
[2023-11-03T00:23:36.573+0000] {processor.py:157} INFO - Started process (PID=3739) to work on /home/airflow/.local/lib/python3.8/site-packages/airflow/example_dags/example_branch_operator_decorator.py
[2023-11-03T00:23:36.574+0000] {processor.py:829} INFO - Processing file /home/airflow/.local/lib/python3.8/site-packages/airflow/example_dags/example_branch_operator_decorator.py for tasks to queue
[2023-11-03T00:23:36.576+0000] {logging_mixin.py:151} INFO - [2023-11-03T00:23:36.576+0000] {dagbag.py:536} INFO - Filling up the DagBag from /home/airflow/.local/lib/python3.8/site-packages/airflow/example_dags/example_branch_operator_decorator.py
[2023-11-03T00:23:36.588+0000] {processor.py:839} INFO - DAG(s) dict_keys(['example_branch_python_operator_decorator']) retrieved from /home/airflow/.local/lib/python3.8/site-packages/airflow/example_dags/example_branch_operator_decorator.py
[2023-11-03T00:23:36.624+0000] {logging_mixin.py:151} INFO - [2023-11-03T00:23:36.623+0000] {dag.py:2941} INFO - Sync 1 DAGs
[2023-11-03T00:23:36.654+0000] {logging_mixin.py:151} INFO - [2023-11-03T00:23:36.653+0000] {dag.py:3722} INFO - Setting next_dagrun for example_branch_python_operator_decorator to 2023-11-02T00:00:00+00:00, run_after=2023-11-03T00:00:00+00:00
[2023-11-03T00:23:36.693+0000] {processor.py:179} INFO - Processing /home/airflow/.local/lib/python3.8/site-packages/airflow/example_dags/example_branch_operator_decorator.py took 0.123 seconds
[2023-11-03T00:24:06.775+0000] {processor.py:157} INFO - Started process (PID=3793) to work on /home/airflow/.local/lib/python3.8/site-packages/airflow/example_dags/example_branch_operator_decorator.py
[2023-11-03T00:24:06.776+0000] {processor.py:829} INFO - Processing file /home/airflow/.local/lib/python3.8/site-packages/airflow/example_dags/example_branch_operator_decorator.py for tasks to queue
[2023-11-03T00:24:06.778+0000] {logging_mixin.py:151} INFO - [2023-11-03T00:24:06.778+0000] {dagbag.py:536} INFO - Filling up the DagBag from /home/airflow/.local/lib/python3.8/site-packages/airflow/example_dags/example_branch_operator_decorator.py
[2023-11-03T00:24:06.789+0000] {processor.py:839} INFO - DAG(s) dict_keys(['example_branch_python_operator_decorator']) retrieved from /home/airflow/.local/lib/python3.8/site-packages/airflow/example_dags/example_branch_operator_decorator.py
[2023-11-03T00:24:06.822+0000] {logging_mixin.py:151} INFO - [2023-11-03T00:24:06.822+0000] {dag.py:2941} INFO - Sync 1 DAGs
[2023-11-03T00:24:06.852+0000] {logging_mixin.py:151} INFO - [2023-11-03T00:24:06.851+0000] {dag.py:3722} INFO - Setting next_dagrun for example_branch_python_operator_decorator to 2023-11-02T00:00:00+00:00, run_after=2023-11-03T00:00:00+00:00
[2023-11-03T00:24:06.885+0000] {processor.py:179} INFO - Processing /home/airflow/.local/lib/python3.8/site-packages/airflow/example_dags/example_branch_operator_decorator.py took 0.114 seconds
[2023-11-03T00:24:37.000+0000] {processor.py:157} INFO - Started process (PID=3848) to work on /home/airflow/.local/lib/python3.8/site-packages/airflow/example_dags/example_branch_operator_decorator.py
[2023-11-03T00:24:37.001+0000] {processor.py:829} INFO - Processing file /home/airflow/.local/lib/python3.8/site-packages/airflow/example_dags/example_branch_operator_decorator.py for tasks to queue
[2023-11-03T00:24:37.003+0000] {logging_mixin.py:151} INFO - [2023-11-03T00:24:37.003+0000] {dagbag.py:536} INFO - Filling up the DagBag from /home/airflow/.local/lib/python3.8/site-packages/airflow/example_dags/example_branch_operator_decorator.py
[2023-11-03T00:24:37.013+0000] {processor.py:839} INFO - DAG(s) dict_keys(['example_branch_python_operator_decorator']) retrieved from /home/airflow/.local/lib/python3.8/site-packages/airflow/example_dags/example_branch_operator_decorator.py
[2023-11-03T00:24:37.050+0000] {logging_mixin.py:151} INFO - [2023-11-03T00:24:37.049+0000] {dag.py:2941} INFO - Sync 1 DAGs
[2023-11-03T00:24:37.077+0000] {logging_mixin.py:151} INFO - [2023-11-03T00:24:37.076+0000] {dag.py:3722} INFO - Setting next_dagrun for example_branch_python_operator_decorator to 2023-11-02T00:00:00+00:00, run_after=2023-11-03T00:00:00+00:00
[2023-11-03T00:24:37.110+0000] {processor.py:179} INFO - Processing /home/airflow/.local/lib/python3.8/site-packages/airflow/example_dags/example_branch_operator_decorator.py took 0.113 seconds
[2023-11-03T00:25:07.163+0000] {processor.py:157} INFO - Started process (PID=3901) to work on /home/airflow/.local/lib/python3.8/site-packages/airflow/example_dags/example_branch_operator_decorator.py
[2023-11-03T00:25:07.165+0000] {processor.py:829} INFO - Processing file /home/airflow/.local/lib/python3.8/site-packages/airflow/example_dags/example_branch_operator_decorator.py for tasks to queue
[2023-11-03T00:25:07.167+0000] {logging_mixin.py:151} INFO - [2023-11-03T00:25:07.167+0000] {dagbag.py:536} INFO - Filling up the DagBag from /home/airflow/.local/lib/python3.8/site-packages/airflow/example_dags/example_branch_operator_decorator.py
[2023-11-03T00:25:07.178+0000] {processor.py:839} INFO - DAG(s) dict_keys(['example_branch_python_operator_decorator']) retrieved from /home/airflow/.local/lib/python3.8/site-packages/airflow/example_dags/example_branch_operator_decorator.py
[2023-11-03T00:25:07.210+0000] {logging_mixin.py:151} INFO - [2023-11-03T00:25:07.210+0000] {dag.py:2941} INFO - Sync 1 DAGs
[2023-11-03T00:25:07.237+0000] {logging_mixin.py:151} INFO - [2023-11-03T00:25:07.237+0000] {dag.py:3722} INFO - Setting next_dagrun for example_branch_python_operator_decorator to 2023-11-02T00:00:00+00:00, run_after=2023-11-03T00:00:00+00:00
[2023-11-03T00:25:07.268+0000] {processor.py:179} INFO - Processing /home/airflow/.local/lib/python3.8/site-packages/airflow/example_dags/example_branch_operator_decorator.py took 0.109 seconds
[2023-11-03T00:25:37.428+0000] {processor.py:157} INFO - Started process (PID=3955) to work on /home/airflow/.local/lib/python3.8/site-packages/airflow/example_dags/example_branch_operator_decorator.py
[2023-11-03T00:25:37.430+0000] {processor.py:829} INFO - Processing file /home/airflow/.local/lib/python3.8/site-packages/airflow/example_dags/example_branch_operator_decorator.py for tasks to queue
[2023-11-03T00:25:37.432+0000] {logging_mixin.py:151} INFO - [2023-11-03T00:25:37.432+0000] {dagbag.py:536} INFO - Filling up the DagBag from /home/airflow/.local/lib/python3.8/site-packages/airflow/example_dags/example_branch_operator_decorator.py
[2023-11-03T00:25:37.443+0000] {processor.py:839} INFO - DAG(s) dict_keys(['example_branch_python_operator_decorator']) retrieved from /home/airflow/.local/lib/python3.8/site-packages/airflow/example_dags/example_branch_operator_decorator.py
[2023-11-03T00:25:37.472+0000] {logging_mixin.py:151} INFO - [2023-11-03T00:25:37.472+0000] {dag.py:2941} INFO - Sync 1 DAGs
[2023-11-03T00:25:37.500+0000] {logging_mixin.py:151} INFO - [2023-11-03T00:25:37.499+0000] {dag.py:3722} INFO - Setting next_dagrun for example_branch_python_operator_decorator to 2023-11-02T00:00:00+00:00, run_after=2023-11-03T00:00:00+00:00
[2023-11-03T00:25:37.531+0000] {processor.py:179} INFO - Processing /home/airflow/.local/lib/python3.8/site-packages/airflow/example_dags/example_branch_operator_decorator.py took 0.106 seconds
[2023-11-03T00:26:07.686+0000] {processor.py:157} INFO - Started process (PID=4009) to work on /home/airflow/.local/lib/python3.8/site-packages/airflow/example_dags/example_branch_operator_decorator.py
[2023-11-03T00:26:07.687+0000] {processor.py:829} INFO - Processing file /home/airflow/.local/lib/python3.8/site-packages/airflow/example_dags/example_branch_operator_decorator.py for tasks to queue
[2023-11-03T00:26:07.689+0000] {logging_mixin.py:151} INFO - [2023-11-03T00:26:07.689+0000] {dagbag.py:536} INFO - Filling up the DagBag from /home/airflow/.local/lib/python3.8/site-packages/airflow/example_dags/example_branch_operator_decorator.py
[2023-11-03T00:26:07.701+0000] {processor.py:839} INFO - DAG(s) dict_keys(['example_branch_python_operator_decorator']) retrieved from /home/airflow/.local/lib/python3.8/site-packages/airflow/example_dags/example_branch_operator_decorator.py
[2023-11-03T00:26:07.731+0000] {logging_mixin.py:151} INFO - [2023-11-03T00:26:07.730+0000] {dag.py:2941} INFO - Sync 1 DAGs
[2023-11-03T00:26:07.759+0000] {logging_mixin.py:151} INFO - [2023-11-03T00:26:07.758+0000] {dag.py:3722} INFO - Setting next_dagrun for example_branch_python_operator_decorator to 2023-11-02T00:00:00+00:00, run_after=2023-11-03T00:00:00+00:00
[2023-11-03T00:26:07.787+0000] {processor.py:179} INFO - Processing /home/airflow/.local/lib/python3.8/site-packages/airflow/example_dags/example_branch_operator_decorator.py took 0.105 seconds
[2023-11-03T00:26:37.902+0000] {processor.py:157} INFO - Started process (PID=4063) to work on /home/airflow/.local/lib/python3.8/site-packages/airflow/example_dags/example_branch_operator_decorator.py
[2023-11-03T00:26:37.904+0000] {processor.py:829} INFO - Processing file /home/airflow/.local/lib/python3.8/site-packages/airflow/example_dags/example_branch_operator_decorator.py for tasks to queue
[2023-11-03T00:26:37.906+0000] {logging_mixin.py:151} INFO - [2023-11-03T00:26:37.905+0000] {dagbag.py:536} INFO - Filling up the DagBag from /home/airflow/.local/lib/python3.8/site-packages/airflow/example_dags/example_branch_operator_decorator.py
[2023-11-03T00:26:37.919+0000] {processor.py:839} INFO - DAG(s) dict_keys(['example_branch_python_operator_decorator']) retrieved from /home/airflow/.local/lib/python3.8/site-packages/airflow/example_dags/example_branch_operator_decorator.py
[2023-11-03T00:26:37.951+0000] {logging_mixin.py:151} INFO - [2023-11-03T00:26:37.951+0000] {dag.py:2941} INFO - Sync 1 DAGs
[2023-11-03T00:26:37.977+0000] {logging_mixin.py:151} INFO - [2023-11-03T00:26:37.977+0000] {dag.py:3722} INFO - Setting next_dagrun for example_branch_python_operator_decorator to 2023-11-02T00:00:00+00:00, run_after=2023-11-03T00:00:00+00:00
[2023-11-03T00:26:38.004+0000] {processor.py:179} INFO - Processing /home/airflow/.local/lib/python3.8/site-packages/airflow/example_dags/example_branch_operator_decorator.py took 0.105 seconds
[2023-11-03T00:27:08.064+0000] {processor.py:157} INFO - Started process (PID=4117) to work on /home/airflow/.local/lib/python3.8/site-packages/airflow/example_dags/example_branch_operator_decorator.py
[2023-11-03T00:27:08.065+0000] {processor.py:829} INFO - Processing file /home/airflow/.local/lib/python3.8/site-packages/airflow/example_dags/example_branch_operator_decorator.py for tasks to queue
[2023-11-03T00:27:08.067+0000] {logging_mixin.py:151} INFO - [2023-11-03T00:27:08.067+0000] {dagbag.py:536} INFO - Filling up the DagBag from /home/airflow/.local/lib/python3.8/site-packages/airflow/example_dags/example_branch_operator_decorator.py
[2023-11-03T00:27:08.078+0000] {processor.py:839} INFO - DAG(s) dict_keys(['example_branch_python_operator_decorator']) retrieved from /home/airflow/.local/lib/python3.8/site-packages/airflow/example_dags/example_branch_operator_decorator.py
[2023-11-03T00:27:08.105+0000] {logging_mixin.py:151} INFO - [2023-11-03T00:27:08.105+0000] {dag.py:2941} INFO - Sync 1 DAGs
[2023-11-03T00:27:08.131+0000] {logging_mixin.py:151} INFO - [2023-11-03T00:27:08.131+0000] {dag.py:3722} INFO - Setting next_dagrun for example_branch_python_operator_decorator to 2023-11-02T00:00:00+00:00, run_after=2023-11-03T00:00:00+00:00
[2023-11-03T00:27:08.165+0000] {processor.py:179} INFO - Processing /home/airflow/.local/lib/python3.8/site-packages/airflow/example_dags/example_branch_operator_decorator.py took 0.105 seconds
[2023-11-03T00:27:38.248+0000] {processor.py:157} INFO - Started process (PID=4171) to work on /home/airflow/.local/lib/python3.8/site-packages/airflow/example_dags/example_branch_operator_decorator.py
[2023-11-03T00:27:38.249+0000] {processor.py:829} INFO - Processing file /home/airflow/.local/lib/python3.8/site-packages/airflow/example_dags/example_branch_operator_decorator.py for tasks to queue
[2023-11-03T00:27:38.251+0000] {logging_mixin.py:151} INFO - [2023-11-03T00:27:38.251+0000] {dagbag.py:536} INFO - Filling up the DagBag from /home/airflow/.local/lib/python3.8/site-packages/airflow/example_dags/example_branch_operator_decorator.py
[2023-11-03T00:27:38.262+0000] {processor.py:839} INFO - DAG(s) dict_keys(['example_branch_python_operator_decorator']) retrieved from /home/airflow/.local/lib/python3.8/site-packages/airflow/example_dags/example_branch_operator_decorator.py
[2023-11-03T00:27:38.290+0000] {logging_mixin.py:151} INFO - [2023-11-03T00:27:38.290+0000] {dag.py:2941} INFO - Sync 1 DAGs
[2023-11-03T00:27:38.315+0000] {logging_mixin.py:151} INFO - [2023-11-03T00:27:38.315+0000] {dag.py:3722} INFO - Setting next_dagrun for example_branch_python_operator_decorator to 2023-11-02T00:00:00+00:00, run_after=2023-11-03T00:00:00+00:00
[2023-11-03T00:27:38.342+0000] {processor.py:179} INFO - Processing /home/airflow/.local/lib/python3.8/site-packages/airflow/example_dags/example_branch_operator_decorator.py took 0.097 seconds
[2023-11-03T00:28:08.374+0000] {processor.py:157} INFO - Started process (PID=4225) to work on /home/airflow/.local/lib/python3.8/site-packages/airflow/example_dags/example_branch_operator_decorator.py
[2023-11-03T00:28:08.376+0000] {processor.py:829} INFO - Processing file /home/airflow/.local/lib/python3.8/site-packages/airflow/example_dags/example_branch_operator_decorator.py for tasks to queue
[2023-11-03T00:28:08.378+0000] {logging_mixin.py:151} INFO - [2023-11-03T00:28:08.378+0000] {dagbag.py:536} INFO - Filling up the DagBag from /home/airflow/.local/lib/python3.8/site-packages/airflow/example_dags/example_branch_operator_decorator.py
[2023-11-03T00:28:08.388+0000] {processor.py:839} INFO - DAG(s) dict_keys(['example_branch_python_operator_decorator']) retrieved from /home/airflow/.local/lib/python3.8/site-packages/airflow/example_dags/example_branch_operator_decorator.py
[2023-11-03T00:28:08.414+0000] {logging_mixin.py:151} INFO - [2023-11-03T00:28:08.414+0000] {dag.py:2941} INFO - Sync 1 DAGs
[2023-11-03T00:28:08.439+0000] {logging_mixin.py:151} INFO - [2023-11-03T00:28:08.438+0000] {dag.py:3722} INFO - Setting next_dagrun for example_branch_python_operator_decorator to 2023-11-02T00:00:00+00:00, run_after=2023-11-03T00:00:00+00:00
[2023-11-03T00:28:08.461+0000] {processor.py:179} INFO - Processing /home/airflow/.local/lib/python3.8/site-packages/airflow/example_dags/example_branch_operator_decorator.py took 0.090 seconds
[2023-11-03T00:28:38.593+0000] {processor.py:157} INFO - Started process (PID=4279) to work on /home/airflow/.local/lib/python3.8/site-packages/airflow/example_dags/example_branch_operator_decorator.py
[2023-11-03T00:28:38.594+0000] {processor.py:829} INFO - Processing file /home/airflow/.local/lib/python3.8/site-packages/airflow/example_dags/example_branch_operator_decorator.py for tasks to queue
[2023-11-03T00:28:38.596+0000] {logging_mixin.py:151} INFO - [2023-11-03T00:28:38.596+0000] {dagbag.py:536} INFO - Filling up the DagBag from /home/airflow/.local/lib/python3.8/site-packages/airflow/example_dags/example_branch_operator_decorator.py
[2023-11-03T00:28:38.606+0000] {processor.py:839} INFO - DAG(s) dict_keys(['example_branch_python_operator_decorator']) retrieved from /home/airflow/.local/lib/python3.8/site-packages/airflow/example_dags/example_branch_operator_decorator.py
[2023-11-03T00:28:38.643+0000] {logging_mixin.py:151} INFO - [2023-11-03T00:28:38.642+0000] {dag.py:2941} INFO - Sync 1 DAGs
[2023-11-03T00:28:38.672+0000] {logging_mixin.py:151} INFO - [2023-11-03T00:28:38.671+0000] {dag.py:3722} INFO - Setting next_dagrun for example_branch_python_operator_decorator to 2023-11-02T00:00:00+00:00, run_after=2023-11-03T00:00:00+00:00
[2023-11-03T00:28:38.699+0000] {processor.py:179} INFO - Processing /home/airflow/.local/lib/python3.8/site-packages/airflow/example_dags/example_branch_operator_decorator.py took 0.109 seconds
[2023-11-03T00:29:08.813+0000] {processor.py:157} INFO - Started process (PID=4334) to work on /home/airflow/.local/lib/python3.8/site-packages/airflow/example_dags/example_branch_operator_decorator.py
[2023-11-03T00:29:08.814+0000] {processor.py:829} INFO - Processing file /home/airflow/.local/lib/python3.8/site-packages/airflow/example_dags/example_branch_operator_decorator.py for tasks to queue
[2023-11-03T00:29:08.816+0000] {logging_mixin.py:151} INFO - [2023-11-03T00:29:08.815+0000] {dagbag.py:536} INFO - Filling up the DagBag from /home/airflow/.local/lib/python3.8/site-packages/airflow/example_dags/example_branch_operator_decorator.py
[2023-11-03T00:29:08.826+0000] {processor.py:839} INFO - DAG(s) dict_keys(['example_branch_python_operator_decorator']) retrieved from /home/airflow/.local/lib/python3.8/site-packages/airflow/example_dags/example_branch_operator_decorator.py
[2023-11-03T00:29:08.854+0000] {logging_mixin.py:151} INFO - [2023-11-03T00:29:08.854+0000] {dag.py:2941} INFO - Sync 1 DAGs
[2023-11-03T00:29:08.882+0000] {logging_mixin.py:151} INFO - [2023-11-03T00:29:08.881+0000] {dag.py:3722} INFO - Setting next_dagrun for example_branch_python_operator_decorator to 2023-11-02T00:00:00+00:00, run_after=2023-11-03T00:00:00+00:00
[2023-11-03T00:29:08.911+0000] {processor.py:179} INFO - Processing /home/airflow/.local/lib/python3.8/site-packages/airflow/example_dags/example_branch_operator_decorator.py took 0.102 seconds
[2023-11-03T00:29:39.079+0000] {processor.py:157} INFO - Started process (PID=4388) to work on /home/airflow/.local/lib/python3.8/site-packages/airflow/example_dags/example_branch_operator_decorator.py
[2023-11-03T00:29:39.080+0000] {processor.py:829} INFO - Processing file /home/airflow/.local/lib/python3.8/site-packages/airflow/example_dags/example_branch_operator_decorator.py for tasks to queue
[2023-11-03T00:29:39.083+0000] {logging_mixin.py:151} INFO - [2023-11-03T00:29:39.082+0000] {dagbag.py:536} INFO - Filling up the DagBag from /home/airflow/.local/lib/python3.8/site-packages/airflow/example_dags/example_branch_operator_decorator.py
[2023-11-03T00:29:39.093+0000] {processor.py:839} INFO - DAG(s) dict_keys(['example_branch_python_operator_decorator']) retrieved from /home/airflow/.local/lib/python3.8/site-packages/airflow/example_dags/example_branch_operator_decorator.py
[2023-11-03T00:29:39.121+0000] {logging_mixin.py:151} INFO - [2023-11-03T00:29:39.121+0000] {dag.py:2941} INFO - Sync 1 DAGs
[2023-11-03T00:29:39.146+0000] {logging_mixin.py:151} INFO - [2023-11-03T00:29:39.145+0000] {dag.py:3722} INFO - Setting next_dagrun for example_branch_python_operator_decorator to 2023-11-02T00:00:00+00:00, run_after=2023-11-03T00:00:00+00:00
[2023-11-03T00:29:39.174+0000] {processor.py:179} INFO - Processing /home/airflow/.local/lib/python3.8/site-packages/airflow/example_dags/example_branch_operator_decorator.py took 0.099 seconds
[2023-11-03T00:30:09.454+0000] {processor.py:157} INFO - Started process (PID=4441) to work on /home/airflow/.local/lib/python3.8/site-packages/airflow/example_dags/example_branch_operator_decorator.py
[2023-11-03T00:30:09.455+0000] {processor.py:829} INFO - Processing file /home/airflow/.local/lib/python3.8/site-packages/airflow/example_dags/example_branch_operator_decorator.py for tasks to queue
[2023-11-03T00:30:09.457+0000] {logging_mixin.py:151} INFO - [2023-11-03T00:30:09.457+0000] {dagbag.py:536} INFO - Filling up the DagBag from /home/airflow/.local/lib/python3.8/site-packages/airflow/example_dags/example_branch_operator_decorator.py
[2023-11-03T00:30:09.467+0000] {processor.py:839} INFO - DAG(s) dict_keys(['example_branch_python_operator_decorator']) retrieved from /home/airflow/.local/lib/python3.8/site-packages/airflow/example_dags/example_branch_operator_decorator.py
[2023-11-03T00:30:09.496+0000] {logging_mixin.py:151} INFO - [2023-11-03T00:30:09.496+0000] {dag.py:2941} INFO - Sync 1 DAGs
[2023-11-03T00:30:09.521+0000] {logging_mixin.py:151} INFO - [2023-11-03T00:30:09.521+0000] {dag.py:3722} INFO - Setting next_dagrun for example_branch_python_operator_decorator to 2023-11-02T00:00:00+00:00, run_after=2023-11-03T00:00:00+00:00
[2023-11-03T00:30:09.542+0000] {processor.py:179} INFO - Processing /home/airflow/.local/lib/python3.8/site-packages/airflow/example_dags/example_branch_operator_decorator.py took 0.091 seconds
[2023-11-03T00:30:40.209+0000] {processor.py:157} INFO - Started process (PID=4495) to work on /home/airflow/.local/lib/python3.8/site-packages/airflow/example_dags/example_branch_operator_decorator.py
[2023-11-03T00:30:40.211+0000] {processor.py:829} INFO - Processing file /home/airflow/.local/lib/python3.8/site-packages/airflow/example_dags/example_branch_operator_decorator.py for tasks to queue
[2023-11-03T00:30:40.213+0000] {logging_mixin.py:151} INFO - [2023-11-03T00:30:40.212+0000] {dagbag.py:536} INFO - Filling up the DagBag from /home/airflow/.local/lib/python3.8/site-packages/airflow/example_dags/example_branch_operator_decorator.py
[2023-11-03T00:30:40.223+0000] {processor.py:839} INFO - DAG(s) dict_keys(['example_branch_python_operator_decorator']) retrieved from /home/airflow/.local/lib/python3.8/site-packages/airflow/example_dags/example_branch_operator_decorator.py
[2023-11-03T00:30:40.253+0000] {logging_mixin.py:151} INFO - [2023-11-03T00:30:40.253+0000] {dag.py:2941} INFO - Sync 1 DAGs
[2023-11-03T00:30:40.278+0000] {logging_mixin.py:151} INFO - [2023-11-03T00:30:40.278+0000] {dag.py:3722} INFO - Setting next_dagrun for example_branch_python_operator_decorator to 2023-11-02T00:00:00+00:00, run_after=2023-11-03T00:00:00+00:00
[2023-11-03T00:30:40.307+0000] {processor.py:179} INFO - Processing /home/airflow/.local/lib/python3.8/site-packages/airflow/example_dags/example_branch_operator_decorator.py took 0.101 seconds
