[2023-11-03T00:00:05.594+0000] {processor.py:157} INFO - Started process (PID=1222) to work on /home/airflow/.local/lib/python3.8/site-packages/airflow/example_dags/example_local_kubernetes_executor.py
[2023-11-03T00:00:05.595+0000] {processor.py:829} INFO - Processing file /home/airflow/.local/lib/python3.8/site-packages/airflow/example_dags/example_local_kubernetes_executor.py for tasks to queue
[2023-11-03T00:00:05.597+0000] {logging_mixin.py:151} INFO - [2023-11-03T00:00:05.596+0000] {dagbag.py:536} INFO - Filling up the DagBag from /home/airflow/.local/lib/python3.8/site-packages/airflow/example_dags/example_local_kubernetes_executor.py
[2023-11-03T00:00:05.604+0000] {processor.py:839} INFO - DAG(s) dict_keys(['example_local_kubernetes_executor']) retrieved from /home/airflow/.local/lib/python3.8/site-packages/airflow/example_dags/example_local_kubernetes_executor.py
[2023-11-03T00:00:05.648+0000] {logging_mixin.py:151} INFO - [2023-11-03T00:00:05.648+0000] {dag.py:2941} INFO - Sync 1 DAGs
[2023-11-03T00:00:05.677+0000] {logging_mixin.py:151} INFO - [2023-11-03T00:00:05.676+0000] {dag.py:3722} INFO - Setting next_dagrun for example_local_kubernetes_executor to None, run_after=None
[2023-11-03T00:00:05.757+0000] {processor.py:179} INFO - Processing /home/airflow/.local/lib/python3.8/site-packages/airflow/example_dags/example_local_kubernetes_executor.py took 0.167 seconds
[2023-11-03T00:00:36.452+0000] {processor.py:157} INFO - Started process (PID=1276) to work on /home/airflow/.local/lib/python3.8/site-packages/airflow/example_dags/example_local_kubernetes_executor.py
[2023-11-03T00:00:36.454+0000] {processor.py:829} INFO - Processing file /home/airflow/.local/lib/python3.8/site-packages/airflow/example_dags/example_local_kubernetes_executor.py for tasks to queue
[2023-11-03T00:00:36.457+0000] {logging_mixin.py:151} INFO - [2023-11-03T00:00:36.457+0000] {dagbag.py:536} INFO - Filling up the DagBag from /home/airflow/.local/lib/python3.8/site-packages/airflow/example_dags/example_local_kubernetes_executor.py
[2023-11-03T00:00:36.471+0000] {processor.py:839} INFO - DAG(s) dict_keys(['example_local_kubernetes_executor']) retrieved from /home/airflow/.local/lib/python3.8/site-packages/airflow/example_dags/example_local_kubernetes_executor.py
[2023-11-03T00:00:36.523+0000] {logging_mixin.py:151} INFO - [2023-11-03T00:00:36.523+0000] {dag.py:2941} INFO - Sync 1 DAGs
[2023-11-03T00:00:36.550+0000] {logging_mixin.py:151} INFO - [2023-11-03T00:00:36.546+0000] {dag.py:3722} INFO - Setting next_dagrun for example_local_kubernetes_executor to None, run_after=None
[2023-11-03T00:00:36.591+0000] {processor.py:179} INFO - Processing /home/airflow/.local/lib/python3.8/site-packages/airflow/example_dags/example_local_kubernetes_executor.py took 0.144 seconds
[2023-11-03T00:01:06.815+0000] {processor.py:157} INFO - Started process (PID=1330) to work on /home/airflow/.local/lib/python3.8/site-packages/airflow/example_dags/example_local_kubernetes_executor.py
[2023-11-03T00:01:06.816+0000] {processor.py:829} INFO - Processing file /home/airflow/.local/lib/python3.8/site-packages/airflow/example_dags/example_local_kubernetes_executor.py for tasks to queue
[2023-11-03T00:01:06.819+0000] {logging_mixin.py:151} INFO - [2023-11-03T00:01:06.818+0000] {dagbag.py:536} INFO - Filling up the DagBag from /home/airflow/.local/lib/python3.8/site-packages/airflow/example_dags/example_local_kubernetes_executor.py
[2023-11-03T00:01:06.831+0000] {processor.py:839} INFO - DAG(s) dict_keys(['example_local_kubernetes_executor']) retrieved from /home/airflow/.local/lib/python3.8/site-packages/airflow/example_dags/example_local_kubernetes_executor.py
[2023-11-03T00:01:06.903+0000] {logging_mixin.py:151} INFO - [2023-11-03T00:01:06.903+0000] {dag.py:2941} INFO - Sync 1 DAGs
[2023-11-03T00:01:06.928+0000] {logging_mixin.py:151} INFO - [2023-11-03T00:01:06.927+0000] {dag.py:3722} INFO - Setting next_dagrun for example_local_kubernetes_executor to None, run_after=None
[2023-11-03T00:01:06.956+0000] {processor.py:179} INFO - Processing /home/airflow/.local/lib/python3.8/site-packages/airflow/example_dags/example_local_kubernetes_executor.py took 0.145 seconds
[2023-11-03T00:01:37.068+0000] {processor.py:157} INFO - Started process (PID=1384) to work on /home/airflow/.local/lib/python3.8/site-packages/airflow/example_dags/example_local_kubernetes_executor.py
[2023-11-03T00:01:37.070+0000] {processor.py:829} INFO - Processing file /home/airflow/.local/lib/python3.8/site-packages/airflow/example_dags/example_local_kubernetes_executor.py for tasks to queue
[2023-11-03T00:01:37.072+0000] {logging_mixin.py:151} INFO - [2023-11-03T00:01:37.072+0000] {dagbag.py:536} INFO - Filling up the DagBag from /home/airflow/.local/lib/python3.8/site-packages/airflow/example_dags/example_local_kubernetes_executor.py
[2023-11-03T00:01:37.080+0000] {processor.py:839} INFO - DAG(s) dict_keys(['example_local_kubernetes_executor']) retrieved from /home/airflow/.local/lib/python3.8/site-packages/airflow/example_dags/example_local_kubernetes_executor.py
[2023-11-03T00:01:37.120+0000] {logging_mixin.py:151} INFO - [2023-11-03T00:01:37.120+0000] {dag.py:2941} INFO - Sync 1 DAGs
[2023-11-03T00:01:37.136+0000] {logging_mixin.py:151} INFO - [2023-11-03T00:01:37.135+0000] {dag.py:3722} INFO - Setting next_dagrun for example_local_kubernetes_executor to None, run_after=None
[2023-11-03T00:01:37.167+0000] {processor.py:179} INFO - Processing /home/airflow/.local/lib/python3.8/site-packages/airflow/example_dags/example_local_kubernetes_executor.py took 0.102 seconds
[2023-11-03T00:02:07.914+0000] {processor.py:157} INFO - Started process (PID=1438) to work on /home/airflow/.local/lib/python3.8/site-packages/airflow/example_dags/example_local_kubernetes_executor.py
[2023-11-03T00:02:07.915+0000] {processor.py:829} INFO - Processing file /home/airflow/.local/lib/python3.8/site-packages/airflow/example_dags/example_local_kubernetes_executor.py for tasks to queue
[2023-11-03T00:02:07.917+0000] {logging_mixin.py:151} INFO - [2023-11-03T00:02:07.917+0000] {dagbag.py:536} INFO - Filling up the DagBag from /home/airflow/.local/lib/python3.8/site-packages/airflow/example_dags/example_local_kubernetes_executor.py
[2023-11-03T00:02:07.927+0000] {processor.py:839} INFO - DAG(s) dict_keys(['example_local_kubernetes_executor']) retrieved from /home/airflow/.local/lib/python3.8/site-packages/airflow/example_dags/example_local_kubernetes_executor.py
[2023-11-03T00:02:07.977+0000] {logging_mixin.py:151} INFO - [2023-11-03T00:02:07.977+0000] {dag.py:2941} INFO - Sync 1 DAGs
[2023-11-03T00:02:07.996+0000] {logging_mixin.py:151} INFO - [2023-11-03T00:02:07.995+0000] {dag.py:3722} INFO - Setting next_dagrun for example_local_kubernetes_executor to None, run_after=None
[2023-11-03T00:02:08.032+0000] {processor.py:179} INFO - Processing /home/airflow/.local/lib/python3.8/site-packages/airflow/example_dags/example_local_kubernetes_executor.py took 0.122 seconds
[2023-11-03T00:02:38.355+0000] {processor.py:157} INFO - Started process (PID=1492) to work on /home/airflow/.local/lib/python3.8/site-packages/airflow/example_dags/example_local_kubernetes_executor.py
[2023-11-03T00:02:38.356+0000] {processor.py:829} INFO - Processing file /home/airflow/.local/lib/python3.8/site-packages/airflow/example_dags/example_local_kubernetes_executor.py for tasks to queue
[2023-11-03T00:02:38.359+0000] {logging_mixin.py:151} INFO - [2023-11-03T00:02:38.358+0000] {dagbag.py:536} INFO - Filling up the DagBag from /home/airflow/.local/lib/python3.8/site-packages/airflow/example_dags/example_local_kubernetes_executor.py
[2023-11-03T00:02:38.367+0000] {processor.py:839} INFO - DAG(s) dict_keys(['example_local_kubernetes_executor']) retrieved from /home/airflow/.local/lib/python3.8/site-packages/airflow/example_dags/example_local_kubernetes_executor.py
[2023-11-03T00:02:38.405+0000] {logging_mixin.py:151} INFO - [2023-11-03T00:02:38.405+0000] {dag.py:2941} INFO - Sync 1 DAGs
[2023-11-03T00:02:38.420+0000] {logging_mixin.py:151} INFO - [2023-11-03T00:02:38.420+0000] {dag.py:3722} INFO - Setting next_dagrun for example_local_kubernetes_executor to None, run_after=None
[2023-11-03T00:02:38.447+0000] {processor.py:179} INFO - Processing /home/airflow/.local/lib/python3.8/site-packages/airflow/example_dags/example_local_kubernetes_executor.py took 0.095 seconds
[2023-11-03T00:03:08.839+0000] {processor.py:157} INFO - Started process (PID=1546) to work on /home/airflow/.local/lib/python3.8/site-packages/airflow/example_dags/example_local_kubernetes_executor.py
[2023-11-03T00:03:08.841+0000] {processor.py:829} INFO - Processing file /home/airflow/.local/lib/python3.8/site-packages/airflow/example_dags/example_local_kubernetes_executor.py for tasks to queue
[2023-11-03T00:03:08.843+0000] {logging_mixin.py:151} INFO - [2023-11-03T00:03:08.843+0000] {dagbag.py:536} INFO - Filling up the DagBag from /home/airflow/.local/lib/python3.8/site-packages/airflow/example_dags/example_local_kubernetes_executor.py
[2023-11-03T00:03:08.851+0000] {processor.py:839} INFO - DAG(s) dict_keys(['example_local_kubernetes_executor']) retrieved from /home/airflow/.local/lib/python3.8/site-packages/airflow/example_dags/example_local_kubernetes_executor.py
[2023-11-03T00:03:08.890+0000] {logging_mixin.py:151} INFO - [2023-11-03T00:03:08.890+0000] {dag.py:2941} INFO - Sync 1 DAGs
[2023-11-03T00:03:08.904+0000] {logging_mixin.py:151} INFO - [2023-11-03T00:03:08.904+0000] {dag.py:3722} INFO - Setting next_dagrun for example_local_kubernetes_executor to None, run_after=None
[2023-11-03T00:03:08.931+0000] {processor.py:179} INFO - Processing /home/airflow/.local/lib/python3.8/site-packages/airflow/example_dags/example_local_kubernetes_executor.py took 0.095 seconds
[2023-11-03T00:03:39.446+0000] {processor.py:157} INFO - Started process (PID=1600) to work on /home/airflow/.local/lib/python3.8/site-packages/airflow/example_dags/example_local_kubernetes_executor.py
[2023-11-03T00:03:39.448+0000] {processor.py:829} INFO - Processing file /home/airflow/.local/lib/python3.8/site-packages/airflow/example_dags/example_local_kubernetes_executor.py for tasks to queue
[2023-11-03T00:03:39.450+0000] {logging_mixin.py:151} INFO - [2023-11-03T00:03:39.450+0000] {dagbag.py:536} INFO - Filling up the DagBag from /home/airflow/.local/lib/python3.8/site-packages/airflow/example_dags/example_local_kubernetes_executor.py
[2023-11-03T00:03:39.458+0000] {processor.py:839} INFO - DAG(s) dict_keys(['example_local_kubernetes_executor']) retrieved from /home/airflow/.local/lib/python3.8/site-packages/airflow/example_dags/example_local_kubernetes_executor.py
[2023-11-03T00:03:39.500+0000] {logging_mixin.py:151} INFO - [2023-11-03T00:03:39.500+0000] {dag.py:2941} INFO - Sync 1 DAGs
[2023-11-03T00:03:39.515+0000] {logging_mixin.py:151} INFO - [2023-11-03T00:03:39.515+0000] {dag.py:3722} INFO - Setting next_dagrun for example_local_kubernetes_executor to None, run_after=None
[2023-11-03T00:03:39.543+0000] {processor.py:179} INFO - Processing /home/airflow/.local/lib/python3.8/site-packages/airflow/example_dags/example_local_kubernetes_executor.py took 0.101 seconds
[2023-11-03T00:04:09.847+0000] {processor.py:157} INFO - Started process (PID=1653) to work on /home/airflow/.local/lib/python3.8/site-packages/airflow/example_dags/example_local_kubernetes_executor.py
[2023-11-03T00:04:09.848+0000] {processor.py:829} INFO - Processing file /home/airflow/.local/lib/python3.8/site-packages/airflow/example_dags/example_local_kubernetes_executor.py for tasks to queue
[2023-11-03T00:04:09.850+0000] {logging_mixin.py:151} INFO - [2023-11-03T00:04:09.850+0000] {dagbag.py:536} INFO - Filling up the DagBag from /home/airflow/.local/lib/python3.8/site-packages/airflow/example_dags/example_local_kubernetes_executor.py
[2023-11-03T00:04:09.858+0000] {processor.py:839} INFO - DAG(s) dict_keys(['example_local_kubernetes_executor']) retrieved from /home/airflow/.local/lib/python3.8/site-packages/airflow/example_dags/example_local_kubernetes_executor.py
[2023-11-03T00:04:09.894+0000] {logging_mixin.py:151} INFO - [2023-11-03T00:04:09.894+0000] {dag.py:2941} INFO - Sync 1 DAGs
[2023-11-03T00:04:09.911+0000] {logging_mixin.py:151} INFO - [2023-11-03T00:04:09.910+0000] {dag.py:3722} INFO - Setting next_dagrun for example_local_kubernetes_executor to None, run_after=None
[2023-11-03T00:04:09.938+0000] {processor.py:179} INFO - Processing /home/airflow/.local/lib/python3.8/site-packages/airflow/example_dags/example_local_kubernetes_executor.py took 0.095 seconds
[2023-11-03T00:04:40.343+0000] {processor.py:157} INFO - Started process (PID=1707) to work on /home/airflow/.local/lib/python3.8/site-packages/airflow/example_dags/example_local_kubernetes_executor.py
[2023-11-03T00:04:40.344+0000] {processor.py:829} INFO - Processing file /home/airflow/.local/lib/python3.8/site-packages/airflow/example_dags/example_local_kubernetes_executor.py for tasks to queue
[2023-11-03T00:04:40.347+0000] {logging_mixin.py:151} INFO - [2023-11-03T00:04:40.346+0000] {dagbag.py:536} INFO - Filling up the DagBag from /home/airflow/.local/lib/python3.8/site-packages/airflow/example_dags/example_local_kubernetes_executor.py
[2023-11-03T00:04:40.355+0000] {processor.py:839} INFO - DAG(s) dict_keys(['example_local_kubernetes_executor']) retrieved from /home/airflow/.local/lib/python3.8/site-packages/airflow/example_dags/example_local_kubernetes_executor.py
[2023-11-03T00:04:40.397+0000] {logging_mixin.py:151} INFO - [2023-11-03T00:04:40.397+0000] {dag.py:2941} INFO - Sync 1 DAGs
[2023-11-03T00:04:40.412+0000] {logging_mixin.py:151} INFO - [2023-11-03T00:04:40.412+0000] {dag.py:3722} INFO - Setting next_dagrun for example_local_kubernetes_executor to None, run_after=None
[2023-11-03T00:04:40.442+0000] {processor.py:179} INFO - Processing /home/airflow/.local/lib/python3.8/site-packages/airflow/example_dags/example_local_kubernetes_executor.py took 0.102 seconds
[2023-11-03T00:05:10.991+0000] {processor.py:157} INFO - Started process (PID=1761) to work on /home/airflow/.local/lib/python3.8/site-packages/airflow/example_dags/example_local_kubernetes_executor.py
[2023-11-03T00:05:10.994+0000] {processor.py:829} INFO - Processing file /home/airflow/.local/lib/python3.8/site-packages/airflow/example_dags/example_local_kubernetes_executor.py for tasks to queue
[2023-11-03T00:05:10.999+0000] {logging_mixin.py:151} INFO - [2023-11-03T00:05:10.997+0000] {dagbag.py:536} INFO - Filling up the DagBag from /home/airflow/.local/lib/python3.8/site-packages/airflow/example_dags/example_local_kubernetes_executor.py
[2023-11-03T00:05:11.010+0000] {processor.py:839} INFO - DAG(s) dict_keys(['example_local_kubernetes_executor']) retrieved from /home/airflow/.local/lib/python3.8/site-packages/airflow/example_dags/example_local_kubernetes_executor.py
[2023-11-03T00:05:11.067+0000] {logging_mixin.py:151} INFO - [2023-11-03T00:05:11.066+0000] {dag.py:2941} INFO - Sync 1 DAGs
[2023-11-03T00:05:11.091+0000] {logging_mixin.py:151} INFO - [2023-11-03T00:05:11.091+0000] {dag.py:3722} INFO - Setting next_dagrun for example_local_kubernetes_executor to None, run_after=None
[2023-11-03T00:05:11.135+0000] {processor.py:179} INFO - Processing /home/airflow/.local/lib/python3.8/site-packages/airflow/example_dags/example_local_kubernetes_executor.py took 0.148 seconds
[2023-11-03T00:05:41.377+0000] {processor.py:157} INFO - Started process (PID=1815) to work on /home/airflow/.local/lib/python3.8/site-packages/airflow/example_dags/example_local_kubernetes_executor.py
[2023-11-03T00:05:41.378+0000] {processor.py:829} INFO - Processing file /home/airflow/.local/lib/python3.8/site-packages/airflow/example_dags/example_local_kubernetes_executor.py for tasks to queue
[2023-11-03T00:05:41.380+0000] {logging_mixin.py:151} INFO - [2023-11-03T00:05:41.380+0000] {dagbag.py:536} INFO - Filling up the DagBag from /home/airflow/.local/lib/python3.8/site-packages/airflow/example_dags/example_local_kubernetes_executor.py
[2023-11-03T00:05:41.389+0000] {processor.py:839} INFO - DAG(s) dict_keys(['example_local_kubernetes_executor']) retrieved from /home/airflow/.local/lib/python3.8/site-packages/airflow/example_dags/example_local_kubernetes_executor.py
[2023-11-03T00:05:41.432+0000] {logging_mixin.py:151} INFO - [2023-11-03T00:05:41.431+0000] {dag.py:2941} INFO - Sync 1 DAGs
[2023-11-03T00:05:41.446+0000] {logging_mixin.py:151} INFO - [2023-11-03T00:05:41.446+0000] {dag.py:3722} INFO - Setting next_dagrun for example_local_kubernetes_executor to None, run_after=None
[2023-11-03T00:05:41.480+0000] {processor.py:179} INFO - Processing /home/airflow/.local/lib/python3.8/site-packages/airflow/example_dags/example_local_kubernetes_executor.py took 0.106 seconds
[2023-11-03T00:06:11.866+0000] {processor.py:157} INFO - Started process (PID=1869) to work on /home/airflow/.local/lib/python3.8/site-packages/airflow/example_dags/example_local_kubernetes_executor.py
[2023-11-03T00:06:11.866+0000] {processor.py:829} INFO - Processing file /home/airflow/.local/lib/python3.8/site-packages/airflow/example_dags/example_local_kubernetes_executor.py for tasks to queue
[2023-11-03T00:06:11.868+0000] {logging_mixin.py:151} INFO - [2023-11-03T00:06:11.868+0000] {dagbag.py:536} INFO - Filling up the DagBag from /home/airflow/.local/lib/python3.8/site-packages/airflow/example_dags/example_local_kubernetes_executor.py
[2023-11-03T00:06:11.876+0000] {processor.py:839} INFO - DAG(s) dict_keys(['example_local_kubernetes_executor']) retrieved from /home/airflow/.local/lib/python3.8/site-packages/airflow/example_dags/example_local_kubernetes_executor.py
[2023-11-03T00:06:11.918+0000] {logging_mixin.py:151} INFO - [2023-11-03T00:06:11.917+0000] {dag.py:2941} INFO - Sync 1 DAGs
[2023-11-03T00:06:11.935+0000] {logging_mixin.py:151} INFO - [2023-11-03T00:06:11.934+0000] {dag.py:3722} INFO - Setting next_dagrun for example_local_kubernetes_executor to None, run_after=None
[2023-11-03T00:06:11.962+0000] {processor.py:179} INFO - Processing /home/airflow/.local/lib/python3.8/site-packages/airflow/example_dags/example_local_kubernetes_executor.py took 0.100 seconds
[2023-11-03T00:06:42.264+0000] {processor.py:157} INFO - Started process (PID=1924) to work on /home/airflow/.local/lib/python3.8/site-packages/airflow/example_dags/example_local_kubernetes_executor.py
[2023-11-03T00:06:42.266+0000] {processor.py:829} INFO - Processing file /home/airflow/.local/lib/python3.8/site-packages/airflow/example_dags/example_local_kubernetes_executor.py for tasks to queue
[2023-11-03T00:06:42.268+0000] {logging_mixin.py:151} INFO - [2023-11-03T00:06:42.267+0000] {dagbag.py:536} INFO - Filling up the DagBag from /home/airflow/.local/lib/python3.8/site-packages/airflow/example_dags/example_local_kubernetes_executor.py
[2023-11-03T00:06:42.275+0000] {processor.py:839} INFO - DAG(s) dict_keys(['example_local_kubernetes_executor']) retrieved from /home/airflow/.local/lib/python3.8/site-packages/airflow/example_dags/example_local_kubernetes_executor.py
[2023-11-03T00:06:42.318+0000] {logging_mixin.py:151} INFO - [2023-11-03T00:06:42.318+0000] {dag.py:2941} INFO - Sync 1 DAGs
[2023-11-03T00:06:42.334+0000] {logging_mixin.py:151} INFO - [2023-11-03T00:06:42.333+0000] {dag.py:3722} INFO - Setting next_dagrun for example_local_kubernetes_executor to None, run_after=None
[2023-11-03T00:06:42.363+0000] {processor.py:179} INFO - Processing /home/airflow/.local/lib/python3.8/site-packages/airflow/example_dags/example_local_kubernetes_executor.py took 0.104 seconds
[2023-11-03T00:07:12.836+0000] {processor.py:157} INFO - Started process (PID=1978) to work on /home/airflow/.local/lib/python3.8/site-packages/airflow/example_dags/example_local_kubernetes_executor.py
[2023-11-03T00:07:12.838+0000] {processor.py:829} INFO - Processing file /home/airflow/.local/lib/python3.8/site-packages/airflow/example_dags/example_local_kubernetes_executor.py for tasks to queue
[2023-11-03T00:07:12.840+0000] {logging_mixin.py:151} INFO - [2023-11-03T00:07:12.840+0000] {dagbag.py:536} INFO - Filling up the DagBag from /home/airflow/.local/lib/python3.8/site-packages/airflow/example_dags/example_local_kubernetes_executor.py
[2023-11-03T00:07:12.849+0000] {processor.py:839} INFO - DAG(s) dict_keys(['example_local_kubernetes_executor']) retrieved from /home/airflow/.local/lib/python3.8/site-packages/airflow/example_dags/example_local_kubernetes_executor.py
[2023-11-03T00:07:12.889+0000] {logging_mixin.py:151} INFO - [2023-11-03T00:07:12.889+0000] {dag.py:2941} INFO - Sync 1 DAGs
[2023-11-03T00:07:12.904+0000] {logging_mixin.py:151} INFO - [2023-11-03T00:07:12.904+0000] {dag.py:3722} INFO - Setting next_dagrun for example_local_kubernetes_executor to None, run_after=None
[2023-11-03T00:07:12.943+0000] {processor.py:179} INFO - Processing /home/airflow/.local/lib/python3.8/site-packages/airflow/example_dags/example_local_kubernetes_executor.py took 0.111 seconds
[2023-11-03T00:07:43.315+0000] {processor.py:157} INFO - Started process (PID=2032) to work on /home/airflow/.local/lib/python3.8/site-packages/airflow/example_dags/example_local_kubernetes_executor.py
[2023-11-03T00:07:43.316+0000] {processor.py:829} INFO - Processing file /home/airflow/.local/lib/python3.8/site-packages/airflow/example_dags/example_local_kubernetes_executor.py for tasks to queue
[2023-11-03T00:07:43.318+0000] {logging_mixin.py:151} INFO - [2023-11-03T00:07:43.318+0000] {dagbag.py:536} INFO - Filling up the DagBag from /home/airflow/.local/lib/python3.8/site-packages/airflow/example_dags/example_local_kubernetes_executor.py
[2023-11-03T00:07:43.326+0000] {processor.py:839} INFO - DAG(s) dict_keys(['example_local_kubernetes_executor']) retrieved from /home/airflow/.local/lib/python3.8/site-packages/airflow/example_dags/example_local_kubernetes_executor.py
[2023-11-03T00:07:43.384+0000] {logging_mixin.py:151} INFO - [2023-11-03T00:07:43.383+0000] {dag.py:2941} INFO - Sync 1 DAGs
[2023-11-03T00:07:43.397+0000] {logging_mixin.py:151} INFO - [2023-11-03T00:07:43.397+0000] {dag.py:3722} INFO - Setting next_dagrun for example_local_kubernetes_executor to None, run_after=None
[2023-11-03T00:07:43.425+0000] {processor.py:179} INFO - Processing /home/airflow/.local/lib/python3.8/site-packages/airflow/example_dags/example_local_kubernetes_executor.py took 0.114 seconds
[2023-11-03T00:08:13.806+0000] {processor.py:157} INFO - Started process (PID=2086) to work on /home/airflow/.local/lib/python3.8/site-packages/airflow/example_dags/example_local_kubernetes_executor.py
[2023-11-03T00:08:13.808+0000] {processor.py:829} INFO - Processing file /home/airflow/.local/lib/python3.8/site-packages/airflow/example_dags/example_local_kubernetes_executor.py for tasks to queue
[2023-11-03T00:08:13.811+0000] {logging_mixin.py:151} INFO - [2023-11-03T00:08:13.810+0000] {dagbag.py:536} INFO - Filling up the DagBag from /home/airflow/.local/lib/python3.8/site-packages/airflow/example_dags/example_local_kubernetes_executor.py
[2023-11-03T00:08:13.827+0000] {processor.py:839} INFO - DAG(s) dict_keys(['example_local_kubernetes_executor']) retrieved from /home/airflow/.local/lib/python3.8/site-packages/airflow/example_dags/example_local_kubernetes_executor.py
[2023-11-03T00:08:13.878+0000] {logging_mixin.py:151} INFO - [2023-11-03T00:08:13.878+0000] {dag.py:2941} INFO - Sync 1 DAGs
[2023-11-03T00:08:13.897+0000] {logging_mixin.py:151} INFO - [2023-11-03T00:08:13.897+0000] {dag.py:3722} INFO - Setting next_dagrun for example_local_kubernetes_executor to None, run_after=None
[2023-11-03T00:08:13.928+0000] {processor.py:179} INFO - Processing /home/airflow/.local/lib/python3.8/site-packages/airflow/example_dags/example_local_kubernetes_executor.py took 0.124 seconds
[2023-11-03T00:08:44.459+0000] {processor.py:157} INFO - Started process (PID=2140) to work on /home/airflow/.local/lib/python3.8/site-packages/airflow/example_dags/example_local_kubernetes_executor.py
[2023-11-03T00:08:44.460+0000] {processor.py:829} INFO - Processing file /home/airflow/.local/lib/python3.8/site-packages/airflow/example_dags/example_local_kubernetes_executor.py for tasks to queue
[2023-11-03T00:08:44.462+0000] {logging_mixin.py:151} INFO - [2023-11-03T00:08:44.462+0000] {dagbag.py:536} INFO - Filling up the DagBag from /home/airflow/.local/lib/python3.8/site-packages/airflow/example_dags/example_local_kubernetes_executor.py
[2023-11-03T00:08:44.471+0000] {processor.py:839} INFO - DAG(s) dict_keys(['example_local_kubernetes_executor']) retrieved from /home/airflow/.local/lib/python3.8/site-packages/airflow/example_dags/example_local_kubernetes_executor.py
[2023-11-03T00:08:44.510+0000] {logging_mixin.py:151} INFO - [2023-11-03T00:08:44.510+0000] {dag.py:2941} INFO - Sync 1 DAGs
[2023-11-03T00:08:44.527+0000] {logging_mixin.py:151} INFO - [2023-11-03T00:08:44.526+0000] {dag.py:3722} INFO - Setting next_dagrun for example_local_kubernetes_executor to None, run_after=None
[2023-11-03T00:08:44.553+0000] {processor.py:179} INFO - Processing /home/airflow/.local/lib/python3.8/site-packages/airflow/example_dags/example_local_kubernetes_executor.py took 0.098 seconds
[2023-11-03T00:09:15.507+0000] {processor.py:157} INFO - Started process (PID=2194) to work on /home/airflow/.local/lib/python3.8/site-packages/airflow/example_dags/example_local_kubernetes_executor.py
[2023-11-03T00:09:15.509+0000] {processor.py:829} INFO - Processing file /home/airflow/.local/lib/python3.8/site-packages/airflow/example_dags/example_local_kubernetes_executor.py for tasks to queue
[2023-11-03T00:09:15.511+0000] {logging_mixin.py:151} INFO - [2023-11-03T00:09:15.511+0000] {dagbag.py:536} INFO - Filling up the DagBag from /home/airflow/.local/lib/python3.8/site-packages/airflow/example_dags/example_local_kubernetes_executor.py
[2023-11-03T00:09:15.520+0000] {processor.py:839} INFO - DAG(s) dict_keys(['example_local_kubernetes_executor']) retrieved from /home/airflow/.local/lib/python3.8/site-packages/airflow/example_dags/example_local_kubernetes_executor.py
[2023-11-03T00:09:15.556+0000] {logging_mixin.py:151} INFO - [2023-11-03T00:09:15.556+0000] {dag.py:2941} INFO - Sync 1 DAGs
[2023-11-03T00:09:15.571+0000] {logging_mixin.py:151} INFO - [2023-11-03T00:09:15.571+0000] {dag.py:3722} INFO - Setting next_dagrun for example_local_kubernetes_executor to None, run_after=None
[2023-11-03T00:09:15.595+0000] {processor.py:179} INFO - Processing /home/airflow/.local/lib/python3.8/site-packages/airflow/example_dags/example_local_kubernetes_executor.py took 0.091 seconds
[2023-11-03T00:09:46.426+0000] {processor.py:157} INFO - Started process (PID=2248) to work on /home/airflow/.local/lib/python3.8/site-packages/airflow/example_dags/example_local_kubernetes_executor.py
[2023-11-03T00:09:46.427+0000] {processor.py:829} INFO - Processing file /home/airflow/.local/lib/python3.8/site-packages/airflow/example_dags/example_local_kubernetes_executor.py for tasks to queue
[2023-11-03T00:09:46.430+0000] {logging_mixin.py:151} INFO - [2023-11-03T00:09:46.430+0000] {dagbag.py:536} INFO - Filling up the DagBag from /home/airflow/.local/lib/python3.8/site-packages/airflow/example_dags/example_local_kubernetes_executor.py
[2023-11-03T00:09:46.442+0000] {processor.py:839} INFO - DAG(s) dict_keys(['example_local_kubernetes_executor']) retrieved from /home/airflow/.local/lib/python3.8/site-packages/airflow/example_dags/example_local_kubernetes_executor.py
[2023-11-03T00:09:46.709+0000] {logging_mixin.py:151} INFO - [2023-11-03T00:09:46.709+0000] {dag.py:2941} INFO - Sync 1 DAGs
[2023-11-03T00:09:46.727+0000] {logging_mixin.py:151} INFO - [2023-11-03T00:09:46.726+0000] {dag.py:3722} INFO - Setting next_dagrun for example_local_kubernetes_executor to None, run_after=None
[2023-11-03T00:09:46.764+0000] {processor.py:179} INFO - Processing /home/airflow/.local/lib/python3.8/site-packages/airflow/example_dags/example_local_kubernetes_executor.py took 0.341 seconds
[2023-11-03T00:10:17.441+0000] {processor.py:157} INFO - Started process (PID=2302) to work on /home/airflow/.local/lib/python3.8/site-packages/airflow/example_dags/example_local_kubernetes_executor.py
[2023-11-03T00:10:17.443+0000] {processor.py:829} INFO - Processing file /home/airflow/.local/lib/python3.8/site-packages/airflow/example_dags/example_local_kubernetes_executor.py for tasks to queue
[2023-11-03T00:10:17.446+0000] {logging_mixin.py:151} INFO - [2023-11-03T00:10:17.446+0000] {dagbag.py:536} INFO - Filling up the DagBag from /home/airflow/.local/lib/python3.8/site-packages/airflow/example_dags/example_local_kubernetes_executor.py
[2023-11-03T00:10:17.459+0000] {processor.py:839} INFO - DAG(s) dict_keys(['example_local_kubernetes_executor']) retrieved from /home/airflow/.local/lib/python3.8/site-packages/airflow/example_dags/example_local_kubernetes_executor.py
[2023-11-03T00:10:17.519+0000] {logging_mixin.py:151} INFO - [2023-11-03T00:10:17.518+0000] {dag.py:2941} INFO - Sync 1 DAGs
[2023-11-03T00:10:17.780+0000] {logging_mixin.py:151} INFO - [2023-11-03T00:10:17.780+0000] {dag.py:3722} INFO - Setting next_dagrun for example_local_kubernetes_executor to None, run_after=None
[2023-11-03T00:10:17.824+0000] {processor.py:179} INFO - Processing /home/airflow/.local/lib/python3.8/site-packages/airflow/example_dags/example_local_kubernetes_executor.py took 0.387 seconds
[2023-11-03T00:10:48.012+0000] {processor.py:157} INFO - Started process (PID=2356) to work on /home/airflow/.local/lib/python3.8/site-packages/airflow/example_dags/example_local_kubernetes_executor.py
[2023-11-03T00:10:48.014+0000] {processor.py:829} INFO - Processing file /home/airflow/.local/lib/python3.8/site-packages/airflow/example_dags/example_local_kubernetes_executor.py for tasks to queue
[2023-11-03T00:10:48.017+0000] {logging_mixin.py:151} INFO - [2023-11-03T00:10:48.016+0000] {dagbag.py:536} INFO - Filling up the DagBag from /home/airflow/.local/lib/python3.8/site-packages/airflow/example_dags/example_local_kubernetes_executor.py
[2023-11-03T00:10:48.027+0000] {processor.py:839} INFO - DAG(s) dict_keys(['example_local_kubernetes_executor']) retrieved from /home/airflow/.local/lib/python3.8/site-packages/airflow/example_dags/example_local_kubernetes_executor.py
[2023-11-03T00:10:48.087+0000] {logging_mixin.py:151} INFO - [2023-11-03T00:10:48.086+0000] {dag.py:2941} INFO - Sync 1 DAGs
[2023-11-03T00:10:48.109+0000] {logging_mixin.py:151} INFO - [2023-11-03T00:10:48.108+0000] {dag.py:3722} INFO - Setting next_dagrun for example_local_kubernetes_executor to None, run_after=None
[2023-11-03T00:10:48.150+0000] {processor.py:179} INFO - Processing /home/airflow/.local/lib/python3.8/site-packages/airflow/example_dags/example_local_kubernetes_executor.py took 0.142 seconds
[2023-11-03T00:11:18.699+0000] {processor.py:157} INFO - Started process (PID=2416) to work on /home/airflow/.local/lib/python3.8/site-packages/airflow/example_dags/example_local_kubernetes_executor.py
[2023-11-03T00:11:18.701+0000] {processor.py:829} INFO - Processing file /home/airflow/.local/lib/python3.8/site-packages/airflow/example_dags/example_local_kubernetes_executor.py for tasks to queue
[2023-11-03T00:11:18.704+0000] {logging_mixin.py:151} INFO - [2023-11-03T00:11:18.703+0000] {dagbag.py:536} INFO - Filling up the DagBag from /home/airflow/.local/lib/python3.8/site-packages/airflow/example_dags/example_local_kubernetes_executor.py
[2023-11-03T00:11:18.728+0000] {processor.py:839} INFO - DAG(s) dict_keys(['example_local_kubernetes_executor']) retrieved from /home/airflow/.local/lib/python3.8/site-packages/airflow/example_dags/example_local_kubernetes_executor.py
[2023-11-03T00:11:18.807+0000] {logging_mixin.py:151} INFO - [2023-11-03T00:11:18.807+0000] {dag.py:2941} INFO - Sync 1 DAGs
[2023-11-03T00:11:18.830+0000] {logging_mixin.py:151} INFO - [2023-11-03T00:11:18.830+0000] {dag.py:3722} INFO - Setting next_dagrun for example_local_kubernetes_executor to None, run_after=None
[2023-11-03T00:11:18.886+0000] {processor.py:179} INFO - Processing /home/airflow/.local/lib/python3.8/site-packages/airflow/example_dags/example_local_kubernetes_executor.py took 0.194 seconds
[2023-11-03T00:11:49.675+0000] {processor.py:157} INFO - Started process (PID=2471) to work on /home/airflow/.local/lib/python3.8/site-packages/airflow/example_dags/example_local_kubernetes_executor.py
[2023-11-03T00:11:49.677+0000] {processor.py:829} INFO - Processing file /home/airflow/.local/lib/python3.8/site-packages/airflow/example_dags/example_local_kubernetes_executor.py for tasks to queue
[2023-11-03T00:11:49.679+0000] {logging_mixin.py:151} INFO - [2023-11-03T00:11:49.679+0000] {dagbag.py:536} INFO - Filling up the DagBag from /home/airflow/.local/lib/python3.8/site-packages/airflow/example_dags/example_local_kubernetes_executor.py
[2023-11-03T00:11:49.688+0000] {processor.py:839} INFO - DAG(s) dict_keys(['example_local_kubernetes_executor']) retrieved from /home/airflow/.local/lib/python3.8/site-packages/airflow/example_dags/example_local_kubernetes_executor.py
[2023-11-03T00:11:49.942+0000] {logging_mixin.py:151} INFO - [2023-11-03T00:11:49.942+0000] {dag.py:2941} INFO - Sync 1 DAGs
[2023-11-03T00:11:49.956+0000] {logging_mixin.py:151} INFO - [2023-11-03T00:11:49.956+0000] {dag.py:3722} INFO - Setting next_dagrun for example_local_kubernetes_executor to None, run_after=None
[2023-11-03T00:11:49.987+0000] {processor.py:179} INFO - Processing /home/airflow/.local/lib/python3.8/site-packages/airflow/example_dags/example_local_kubernetes_executor.py took 0.316 seconds
[2023-11-03T00:12:20.040+0000] {processor.py:157} INFO - Started process (PID=2526) to work on /home/airflow/.local/lib/python3.8/site-packages/airflow/example_dags/example_local_kubernetes_executor.py
[2023-11-03T00:12:20.041+0000] {processor.py:829} INFO - Processing file /home/airflow/.local/lib/python3.8/site-packages/airflow/example_dags/example_local_kubernetes_executor.py for tasks to queue
[2023-11-03T00:12:20.044+0000] {logging_mixin.py:151} INFO - [2023-11-03T00:12:20.043+0000] {dagbag.py:536} INFO - Filling up the DagBag from /home/airflow/.local/lib/python3.8/site-packages/airflow/example_dags/example_local_kubernetes_executor.py
[2023-11-03T00:12:20.053+0000] {processor.py:839} INFO - DAG(s) dict_keys(['example_local_kubernetes_executor']) retrieved from /home/airflow/.local/lib/python3.8/site-packages/airflow/example_dags/example_local_kubernetes_executor.py
[2023-11-03T00:12:20.134+0000] {logging_mixin.py:151} INFO - [2023-11-03T00:12:20.134+0000] {dag.py:2941} INFO - Sync 1 DAGs
[2023-11-03T00:12:20.368+0000] {logging_mixin.py:151} INFO - [2023-11-03T00:12:20.367+0000] {dag.py:3722} INFO - Setting next_dagrun for example_local_kubernetes_executor to None, run_after=None
[2023-11-03T00:12:20.399+0000] {processor.py:179} INFO - Processing /home/airflow/.local/lib/python3.8/site-packages/airflow/example_dags/example_local_kubernetes_executor.py took 0.363 seconds
[2023-11-03T00:12:50.541+0000] {processor.py:157} INFO - Started process (PID=2580) to work on /home/airflow/.local/lib/python3.8/site-packages/airflow/example_dags/example_local_kubernetes_executor.py
[2023-11-03T00:12:50.542+0000] {processor.py:829} INFO - Processing file /home/airflow/.local/lib/python3.8/site-packages/airflow/example_dags/example_local_kubernetes_executor.py for tasks to queue
[2023-11-03T00:12:50.544+0000] {logging_mixin.py:151} INFO - [2023-11-03T00:12:50.544+0000] {dagbag.py:536} INFO - Filling up the DagBag from /home/airflow/.local/lib/python3.8/site-packages/airflow/example_dags/example_local_kubernetes_executor.py
[2023-11-03T00:12:50.552+0000] {processor.py:839} INFO - DAG(s) dict_keys(['example_local_kubernetes_executor']) retrieved from /home/airflow/.local/lib/python3.8/site-packages/airflow/example_dags/example_local_kubernetes_executor.py
[2023-11-03T00:12:50.597+0000] {logging_mixin.py:151} INFO - [2023-11-03T00:12:50.597+0000] {dag.py:2941} INFO - Sync 1 DAGs
[2023-11-03T00:12:50.612+0000] {logging_mixin.py:151} INFO - [2023-11-03T00:12:50.612+0000] {dag.py:3722} INFO - Setting next_dagrun for example_local_kubernetes_executor to None, run_after=None
[2023-11-03T00:12:50.641+0000] {processor.py:179} INFO - Processing /home/airflow/.local/lib/python3.8/site-packages/airflow/example_dags/example_local_kubernetes_executor.py took 0.104 seconds
[2023-11-03T00:13:21.374+0000] {processor.py:157} INFO - Started process (PID=2634) to work on /home/airflow/.local/lib/python3.8/site-packages/airflow/example_dags/example_local_kubernetes_executor.py
[2023-11-03T00:13:21.376+0000] {processor.py:829} INFO - Processing file /home/airflow/.local/lib/python3.8/site-packages/airflow/example_dags/example_local_kubernetes_executor.py for tasks to queue
[2023-11-03T00:13:21.379+0000] {logging_mixin.py:151} INFO - [2023-11-03T00:13:21.378+0000] {dagbag.py:536} INFO - Filling up the DagBag from /home/airflow/.local/lib/python3.8/site-packages/airflow/example_dags/example_local_kubernetes_executor.py
[2023-11-03T00:13:21.390+0000] {processor.py:839} INFO - DAG(s) dict_keys(['example_local_kubernetes_executor']) retrieved from /home/airflow/.local/lib/python3.8/site-packages/airflow/example_dags/example_local_kubernetes_executor.py
[2023-11-03T00:13:21.699+0000] {logging_mixin.py:151} INFO - [2023-11-03T00:13:21.699+0000] {dag.py:2941} INFO - Sync 1 DAGs
[2023-11-03T00:13:21.715+0000] {logging_mixin.py:151} INFO - [2023-11-03T00:13:21.715+0000] {dag.py:3722} INFO - Setting next_dagrun for example_local_kubernetes_executor to None, run_after=None
[2023-11-03T00:13:21.755+0000] {processor.py:179} INFO - Processing /home/airflow/.local/lib/python3.8/site-packages/airflow/example_dags/example_local_kubernetes_executor.py took 0.386 seconds
[2023-11-03T00:13:52.559+0000] {processor.py:157} INFO - Started process (PID=2688) to work on /home/airflow/.local/lib/python3.8/site-packages/airflow/example_dags/example_local_kubernetes_executor.py
[2023-11-03T00:13:52.560+0000] {processor.py:829} INFO - Processing file /home/airflow/.local/lib/python3.8/site-packages/airflow/example_dags/example_local_kubernetes_executor.py for tasks to queue
[2023-11-03T00:13:52.562+0000] {logging_mixin.py:151} INFO - [2023-11-03T00:13:52.562+0000] {dagbag.py:536} INFO - Filling up the DagBag from /home/airflow/.local/lib/python3.8/site-packages/airflow/example_dags/example_local_kubernetes_executor.py
[2023-11-03T00:13:52.569+0000] {processor.py:839} INFO - DAG(s) dict_keys(['example_local_kubernetes_executor']) retrieved from /home/airflow/.local/lib/python3.8/site-packages/airflow/example_dags/example_local_kubernetes_executor.py
[2023-11-03T00:13:52.612+0000] {logging_mixin.py:151} INFO - [2023-11-03T00:13:52.611+0000] {dag.py:2941} INFO - Sync 1 DAGs
[2023-11-03T00:13:52.629+0000] {logging_mixin.py:151} INFO - [2023-11-03T00:13:52.629+0000] {dag.py:3722} INFO - Setting next_dagrun for example_local_kubernetes_executor to None, run_after=None
[2023-11-03T00:13:52.658+0000] {processor.py:179} INFO - Processing /home/airflow/.local/lib/python3.8/site-packages/airflow/example_dags/example_local_kubernetes_executor.py took 0.103 seconds
[2023-11-03T00:14:23.197+0000] {processor.py:157} INFO - Started process (PID=2742) to work on /home/airflow/.local/lib/python3.8/site-packages/airflow/example_dags/example_local_kubernetes_executor.py
[2023-11-03T00:14:23.198+0000] {processor.py:829} INFO - Processing file /home/airflow/.local/lib/python3.8/site-packages/airflow/example_dags/example_local_kubernetes_executor.py for tasks to queue
[2023-11-03T00:14:23.200+0000] {logging_mixin.py:151} INFO - [2023-11-03T00:14:23.200+0000] {dagbag.py:536} INFO - Filling up the DagBag from /home/airflow/.local/lib/python3.8/site-packages/airflow/example_dags/example_local_kubernetes_executor.py
[2023-11-03T00:14:23.208+0000] {processor.py:839} INFO - DAG(s) dict_keys(['example_local_kubernetes_executor']) retrieved from /home/airflow/.local/lib/python3.8/site-packages/airflow/example_dags/example_local_kubernetes_executor.py
[2023-11-03T00:14:23.252+0000] {logging_mixin.py:151} INFO - [2023-11-03T00:14:23.251+0000] {dag.py:2941} INFO - Sync 1 DAGs
[2023-11-03T00:14:23.267+0000] {logging_mixin.py:151} INFO - [2023-11-03T00:14:23.267+0000] {dag.py:3722} INFO - Setting next_dagrun for example_local_kubernetes_executor to None, run_after=None
[2023-11-03T00:14:23.299+0000] {processor.py:179} INFO - Processing /home/airflow/.local/lib/python3.8/site-packages/airflow/example_dags/example_local_kubernetes_executor.py took 0.106 seconds
[2023-11-03T00:14:53.402+0000] {processor.py:157} INFO - Started process (PID=2796) to work on /home/airflow/.local/lib/python3.8/site-packages/airflow/example_dags/example_local_kubernetes_executor.py
[2023-11-03T00:14:53.403+0000] {processor.py:829} INFO - Processing file /home/airflow/.local/lib/python3.8/site-packages/airflow/example_dags/example_local_kubernetes_executor.py for tasks to queue
[2023-11-03T00:14:53.406+0000] {logging_mixin.py:151} INFO - [2023-11-03T00:14:53.405+0000] {dagbag.py:536} INFO - Filling up the DagBag from /home/airflow/.local/lib/python3.8/site-packages/airflow/example_dags/example_local_kubernetes_executor.py
[2023-11-03T00:14:53.413+0000] {processor.py:839} INFO - DAG(s) dict_keys(['example_local_kubernetes_executor']) retrieved from /home/airflow/.local/lib/python3.8/site-packages/airflow/example_dags/example_local_kubernetes_executor.py
[2023-11-03T00:14:53.461+0000] {logging_mixin.py:151} INFO - [2023-11-03T00:14:53.461+0000] {dag.py:2941} INFO - Sync 1 DAGs
[2023-11-03T00:14:53.475+0000] {logging_mixin.py:151} INFO - [2023-11-03T00:14:53.475+0000] {dag.py:3722} INFO - Setting next_dagrun for example_local_kubernetes_executor to None, run_after=None
[2023-11-03T00:14:53.499+0000] {processor.py:179} INFO - Processing /home/airflow/.local/lib/python3.8/site-packages/airflow/example_dags/example_local_kubernetes_executor.py took 0.101 seconds
[2023-11-03T00:15:23.766+0000] {processor.py:157} INFO - Started process (PID=2850) to work on /home/airflow/.local/lib/python3.8/site-packages/airflow/example_dags/example_local_kubernetes_executor.py
[2023-11-03T00:15:23.768+0000] {processor.py:829} INFO - Processing file /home/airflow/.local/lib/python3.8/site-packages/airflow/example_dags/example_local_kubernetes_executor.py for tasks to queue
[2023-11-03T00:15:23.770+0000] {logging_mixin.py:151} INFO - [2023-11-03T00:15:23.769+0000] {dagbag.py:536} INFO - Filling up the DagBag from /home/airflow/.local/lib/python3.8/site-packages/airflow/example_dags/example_local_kubernetes_executor.py
[2023-11-03T00:15:23.778+0000] {processor.py:839} INFO - DAG(s) dict_keys(['example_local_kubernetes_executor']) retrieved from /home/airflow/.local/lib/python3.8/site-packages/airflow/example_dags/example_local_kubernetes_executor.py
[2023-11-03T00:15:23.824+0000] {logging_mixin.py:151} INFO - [2023-11-03T00:15:23.824+0000] {dag.py:2941} INFO - Sync 1 DAGs
[2023-11-03T00:15:23.842+0000] {logging_mixin.py:151} INFO - [2023-11-03T00:15:23.841+0000] {dag.py:3722} INFO - Setting next_dagrun for example_local_kubernetes_executor to None, run_after=None
[2023-11-03T00:15:23.874+0000] {processor.py:179} INFO - Processing /home/airflow/.local/lib/python3.8/site-packages/airflow/example_dags/example_local_kubernetes_executor.py took 0.112 seconds
[2023-11-03T00:15:53.970+0000] {processor.py:157} INFO - Started process (PID=2904) to work on /home/airflow/.local/lib/python3.8/site-packages/airflow/example_dags/example_local_kubernetes_executor.py
[2023-11-03T00:15:53.971+0000] {processor.py:829} INFO - Processing file /home/airflow/.local/lib/python3.8/site-packages/airflow/example_dags/example_local_kubernetes_executor.py for tasks to queue
[2023-11-03T00:15:53.973+0000] {logging_mixin.py:151} INFO - [2023-11-03T00:15:53.973+0000] {dagbag.py:536} INFO - Filling up the DagBag from /home/airflow/.local/lib/python3.8/site-packages/airflow/example_dags/example_local_kubernetes_executor.py
[2023-11-03T00:15:53.980+0000] {processor.py:839} INFO - DAG(s) dict_keys(['example_local_kubernetes_executor']) retrieved from /home/airflow/.local/lib/python3.8/site-packages/airflow/example_dags/example_local_kubernetes_executor.py
[2023-11-03T00:15:54.020+0000] {logging_mixin.py:151} INFO - [2023-11-03T00:15:54.020+0000] {dag.py:2941} INFO - Sync 1 DAGs
[2023-11-03T00:15:54.035+0000] {logging_mixin.py:151} INFO - [2023-11-03T00:15:54.035+0000] {dag.py:3722} INFO - Setting next_dagrun for example_local_kubernetes_executor to None, run_after=None
[2023-11-03T00:15:54.062+0000] {processor.py:179} INFO - Processing /home/airflow/.local/lib/python3.8/site-packages/airflow/example_dags/example_local_kubernetes_executor.py took 0.095 seconds
[2023-11-03T00:16:24.130+0000] {processor.py:157} INFO - Started process (PID=2958) to work on /home/airflow/.local/lib/python3.8/site-packages/airflow/example_dags/example_local_kubernetes_executor.py
[2023-11-03T00:16:24.131+0000] {processor.py:829} INFO - Processing file /home/airflow/.local/lib/python3.8/site-packages/airflow/example_dags/example_local_kubernetes_executor.py for tasks to queue
[2023-11-03T00:16:24.134+0000] {logging_mixin.py:151} INFO - [2023-11-03T00:16:24.134+0000] {dagbag.py:536} INFO - Filling up the DagBag from /home/airflow/.local/lib/python3.8/site-packages/airflow/example_dags/example_local_kubernetes_executor.py
[2023-11-03T00:16:24.142+0000] {processor.py:839} INFO - DAG(s) dict_keys(['example_local_kubernetes_executor']) retrieved from /home/airflow/.local/lib/python3.8/site-packages/airflow/example_dags/example_local_kubernetes_executor.py
[2023-11-03T00:16:24.188+0000] {logging_mixin.py:151} INFO - [2023-11-03T00:16:24.188+0000] {dag.py:2941} INFO - Sync 1 DAGs
[2023-11-03T00:16:24.202+0000] {logging_mixin.py:151} INFO - [2023-11-03T00:16:24.202+0000] {dag.py:3722} INFO - Setting next_dagrun for example_local_kubernetes_executor to None, run_after=None
[2023-11-03T00:16:24.230+0000] {processor.py:179} INFO - Processing /home/airflow/.local/lib/python3.8/site-packages/airflow/example_dags/example_local_kubernetes_executor.py took 0.104 seconds
[2023-11-03T00:16:54.449+0000] {processor.py:157} INFO - Started process (PID=3012) to work on /home/airflow/.local/lib/python3.8/site-packages/airflow/example_dags/example_local_kubernetes_executor.py
[2023-11-03T00:16:54.450+0000] {processor.py:829} INFO - Processing file /home/airflow/.local/lib/python3.8/site-packages/airflow/example_dags/example_local_kubernetes_executor.py for tasks to queue
[2023-11-03T00:16:54.452+0000] {logging_mixin.py:151} INFO - [2023-11-03T00:16:54.452+0000] {dagbag.py:536} INFO - Filling up the DagBag from /home/airflow/.local/lib/python3.8/site-packages/airflow/example_dags/example_local_kubernetes_executor.py
[2023-11-03T00:16:54.460+0000] {processor.py:839} INFO - DAG(s) dict_keys(['example_local_kubernetes_executor']) retrieved from /home/airflow/.local/lib/python3.8/site-packages/airflow/example_dags/example_local_kubernetes_executor.py
[2023-11-03T00:16:54.500+0000] {logging_mixin.py:151} INFO - [2023-11-03T00:16:54.499+0000] {dag.py:2941} INFO - Sync 1 DAGs
[2023-11-03T00:16:54.515+0000] {logging_mixin.py:151} INFO - [2023-11-03T00:16:54.515+0000] {dag.py:3722} INFO - Setting next_dagrun for example_local_kubernetes_executor to None, run_after=None
[2023-11-03T00:16:54.544+0000] {processor.py:179} INFO - Processing /home/airflow/.local/lib/python3.8/site-packages/airflow/example_dags/example_local_kubernetes_executor.py took 0.098 seconds
[2023-11-03T00:17:24.676+0000] {processor.py:157} INFO - Started process (PID=3066) to work on /home/airflow/.local/lib/python3.8/site-packages/airflow/example_dags/example_local_kubernetes_executor.py
[2023-11-03T00:17:24.677+0000] {processor.py:829} INFO - Processing file /home/airflow/.local/lib/python3.8/site-packages/airflow/example_dags/example_local_kubernetes_executor.py for tasks to queue
[2023-11-03T00:17:24.679+0000] {logging_mixin.py:151} INFO - [2023-11-03T00:17:24.679+0000] {dagbag.py:536} INFO - Filling up the DagBag from /home/airflow/.local/lib/python3.8/site-packages/airflow/example_dags/example_local_kubernetes_executor.py
[2023-11-03T00:17:24.688+0000] {processor.py:839} INFO - DAG(s) dict_keys(['example_local_kubernetes_executor']) retrieved from /home/airflow/.local/lib/python3.8/site-packages/airflow/example_dags/example_local_kubernetes_executor.py
[2023-11-03T00:17:24.742+0000] {logging_mixin.py:151} INFO - [2023-11-03T00:17:24.742+0000] {dag.py:2941} INFO - Sync 1 DAGs
[2023-11-03T00:17:24.756+0000] {logging_mixin.py:151} INFO - [2023-11-03T00:17:24.756+0000] {dag.py:3722} INFO - Setting next_dagrun for example_local_kubernetes_executor to None, run_after=None
[2023-11-03T00:17:24.787+0000] {processor.py:179} INFO - Processing /home/airflow/.local/lib/python3.8/site-packages/airflow/example_dags/example_local_kubernetes_executor.py took 0.114 seconds
[2023-11-03T00:17:55.172+0000] {processor.py:157} INFO - Started process (PID=3120) to work on /home/airflow/.local/lib/python3.8/site-packages/airflow/example_dags/example_local_kubernetes_executor.py
[2023-11-03T00:17:55.176+0000] {processor.py:829} INFO - Processing file /home/airflow/.local/lib/python3.8/site-packages/airflow/example_dags/example_local_kubernetes_executor.py for tasks to queue
[2023-11-03T00:17:55.181+0000] {logging_mixin.py:151} INFO - [2023-11-03T00:17:55.181+0000] {dagbag.py:536} INFO - Filling up the DagBag from /home/airflow/.local/lib/python3.8/site-packages/airflow/example_dags/example_local_kubernetes_executor.py
[2023-11-03T00:17:55.203+0000] {processor.py:839} INFO - DAG(s) dict_keys(['example_local_kubernetes_executor']) retrieved from /home/airflow/.local/lib/python3.8/site-packages/airflow/example_dags/example_local_kubernetes_executor.py
[2023-11-03T00:17:55.298+0000] {logging_mixin.py:151} INFO - [2023-11-03T00:17:55.297+0000] {dag.py:2941} INFO - Sync 1 DAGs
[2023-11-03T00:17:55.316+0000] {logging_mixin.py:151} INFO - [2023-11-03T00:17:55.316+0000] {dag.py:3722} INFO - Setting next_dagrun for example_local_kubernetes_executor to None, run_after=None
[2023-11-03T00:17:55.363+0000] {processor.py:179} INFO - Processing /home/airflow/.local/lib/python3.8/site-packages/airflow/example_dags/example_local_kubernetes_executor.py took 0.196 seconds
[2023-11-03T00:18:26.056+0000] {processor.py:157} INFO - Started process (PID=3174) to work on /home/airflow/.local/lib/python3.8/site-packages/airflow/example_dags/example_local_kubernetes_executor.py
[2023-11-03T00:18:26.058+0000] {processor.py:829} INFO - Processing file /home/airflow/.local/lib/python3.8/site-packages/airflow/example_dags/example_local_kubernetes_executor.py for tasks to queue
[2023-11-03T00:18:26.060+0000] {logging_mixin.py:151} INFO - [2023-11-03T00:18:26.060+0000] {dagbag.py:536} INFO - Filling up the DagBag from /home/airflow/.local/lib/python3.8/site-packages/airflow/example_dags/example_local_kubernetes_executor.py
[2023-11-03T00:18:26.068+0000] {processor.py:839} INFO - DAG(s) dict_keys(['example_local_kubernetes_executor']) retrieved from /home/airflow/.local/lib/python3.8/site-packages/airflow/example_dags/example_local_kubernetes_executor.py
[2023-11-03T00:18:26.113+0000] {logging_mixin.py:151} INFO - [2023-11-03T00:18:26.112+0000] {dag.py:2941} INFO - Sync 1 DAGs
[2023-11-03T00:18:26.126+0000] {logging_mixin.py:151} INFO - [2023-11-03T00:18:26.126+0000] {dag.py:3722} INFO - Setting next_dagrun for example_local_kubernetes_executor to None, run_after=None
[2023-11-03T00:18:26.154+0000] {processor.py:179} INFO - Processing /home/airflow/.local/lib/python3.8/site-packages/airflow/example_dags/example_local_kubernetes_executor.py took 0.102 seconds
[2023-11-03T00:18:56.268+0000] {processor.py:157} INFO - Started process (PID=3228) to work on /home/airflow/.local/lib/python3.8/site-packages/airflow/example_dags/example_local_kubernetes_executor.py
[2023-11-03T00:18:56.270+0000] {processor.py:829} INFO - Processing file /home/airflow/.local/lib/python3.8/site-packages/airflow/example_dags/example_local_kubernetes_executor.py for tasks to queue
[2023-11-03T00:18:56.272+0000] {logging_mixin.py:151} INFO - [2023-11-03T00:18:56.272+0000] {dagbag.py:536} INFO - Filling up the DagBag from /home/airflow/.local/lib/python3.8/site-packages/airflow/example_dags/example_local_kubernetes_executor.py
[2023-11-03T00:18:56.281+0000] {processor.py:839} INFO - DAG(s) dict_keys(['example_local_kubernetes_executor']) retrieved from /home/airflow/.local/lib/python3.8/site-packages/airflow/example_dags/example_local_kubernetes_executor.py
[2023-11-03T00:18:56.328+0000] {logging_mixin.py:151} INFO - [2023-11-03T00:18:56.328+0000] {dag.py:2941} INFO - Sync 1 DAGs
[2023-11-03T00:18:56.346+0000] {logging_mixin.py:151} INFO - [2023-11-03T00:18:56.345+0000] {dag.py:3722} INFO - Setting next_dagrun for example_local_kubernetes_executor to None, run_after=None
[2023-11-03T00:18:56.376+0000] {processor.py:179} INFO - Processing /home/airflow/.local/lib/python3.8/site-packages/airflow/example_dags/example_local_kubernetes_executor.py took 0.111 seconds
[2023-11-03T00:19:26.851+0000] {processor.py:157} INFO - Started process (PID=3282) to work on /home/airflow/.local/lib/python3.8/site-packages/airflow/example_dags/example_local_kubernetes_executor.py
[2023-11-03T00:19:26.852+0000] {processor.py:829} INFO - Processing file /home/airflow/.local/lib/python3.8/site-packages/airflow/example_dags/example_local_kubernetes_executor.py for tasks to queue
[2023-11-03T00:19:26.854+0000] {logging_mixin.py:151} INFO - [2023-11-03T00:19:26.854+0000] {dagbag.py:536} INFO - Filling up the DagBag from /home/airflow/.local/lib/python3.8/site-packages/airflow/example_dags/example_local_kubernetes_executor.py
[2023-11-03T00:19:26.862+0000] {processor.py:839} INFO - DAG(s) dict_keys(['example_local_kubernetes_executor']) retrieved from /home/airflow/.local/lib/python3.8/site-packages/airflow/example_dags/example_local_kubernetes_executor.py
[2023-11-03T00:19:26.903+0000] {logging_mixin.py:151} INFO - [2023-11-03T00:19:26.903+0000] {dag.py:2941} INFO - Sync 1 DAGs
[2023-11-03T00:19:26.918+0000] {logging_mixin.py:151} INFO - [2023-11-03T00:19:26.918+0000] {dag.py:3722} INFO - Setting next_dagrun for example_local_kubernetes_executor to None, run_after=None
[2023-11-03T00:19:26.941+0000] {processor.py:179} INFO - Processing /home/airflow/.local/lib/python3.8/site-packages/airflow/example_dags/example_local_kubernetes_executor.py took 0.093 seconds
[2023-11-03T00:19:57.135+0000] {processor.py:157} INFO - Started process (PID=3336) to work on /home/airflow/.local/lib/python3.8/site-packages/airflow/example_dags/example_local_kubernetes_executor.py
[2023-11-03T00:19:57.136+0000] {processor.py:829} INFO - Processing file /home/airflow/.local/lib/python3.8/site-packages/airflow/example_dags/example_local_kubernetes_executor.py for tasks to queue
[2023-11-03T00:19:57.139+0000] {logging_mixin.py:151} INFO - [2023-11-03T00:19:57.138+0000] {dagbag.py:536} INFO - Filling up the DagBag from /home/airflow/.local/lib/python3.8/site-packages/airflow/example_dags/example_local_kubernetes_executor.py
[2023-11-03T00:19:57.147+0000] {processor.py:839} INFO - DAG(s) dict_keys(['example_local_kubernetes_executor']) retrieved from /home/airflow/.local/lib/python3.8/site-packages/airflow/example_dags/example_local_kubernetes_executor.py
[2023-11-03T00:19:57.192+0000] {logging_mixin.py:151} INFO - [2023-11-03T00:19:57.192+0000] {dag.py:2941} INFO - Sync 1 DAGs
[2023-11-03T00:19:57.208+0000] {logging_mixin.py:151} INFO - [2023-11-03T00:19:57.208+0000] {dag.py:3722} INFO - Setting next_dagrun for example_local_kubernetes_executor to None, run_after=None
[2023-11-03T00:19:57.244+0000] {processor.py:179} INFO - Processing /home/airflow/.local/lib/python3.8/site-packages/airflow/example_dags/example_local_kubernetes_executor.py took 0.113 seconds
[2023-11-03T00:20:27.439+0000] {processor.py:157} INFO - Started process (PID=3390) to work on /home/airflow/.local/lib/python3.8/site-packages/airflow/example_dags/example_local_kubernetes_executor.py
[2023-11-03T00:20:27.440+0000] {processor.py:829} INFO - Processing file /home/airflow/.local/lib/python3.8/site-packages/airflow/example_dags/example_local_kubernetes_executor.py for tasks to queue
[2023-11-03T00:20:27.443+0000] {logging_mixin.py:151} INFO - [2023-11-03T00:20:27.442+0000] {dagbag.py:536} INFO - Filling up the DagBag from /home/airflow/.local/lib/python3.8/site-packages/airflow/example_dags/example_local_kubernetes_executor.py
[2023-11-03T00:20:27.452+0000] {processor.py:839} INFO - DAG(s) dict_keys(['example_local_kubernetes_executor']) retrieved from /home/airflow/.local/lib/python3.8/site-packages/airflow/example_dags/example_local_kubernetes_executor.py
[2023-11-03T00:20:27.515+0000] {logging_mixin.py:151} INFO - [2023-11-03T00:20:27.515+0000] {dag.py:2941} INFO - Sync 1 DAGs
[2023-11-03T00:20:27.533+0000] {logging_mixin.py:151} INFO - [2023-11-03T00:20:27.533+0000] {dag.py:3722} INFO - Setting next_dagrun for example_local_kubernetes_executor to None, run_after=None
[2023-11-03T00:20:27.571+0000] {processor.py:179} INFO - Processing /home/airflow/.local/lib/python3.8/site-packages/airflow/example_dags/example_local_kubernetes_executor.py took 0.135 seconds
[2023-11-03T00:20:57.709+0000] {processor.py:157} INFO - Started process (PID=3444) to work on /home/airflow/.local/lib/python3.8/site-packages/airflow/example_dags/example_local_kubernetes_executor.py
[2023-11-03T00:20:57.711+0000] {processor.py:829} INFO - Processing file /home/airflow/.local/lib/python3.8/site-packages/airflow/example_dags/example_local_kubernetes_executor.py for tasks to queue
[2023-11-03T00:20:57.713+0000] {logging_mixin.py:151} INFO - [2023-11-03T00:20:57.712+0000] {dagbag.py:536} INFO - Filling up the DagBag from /home/airflow/.local/lib/python3.8/site-packages/airflow/example_dags/example_local_kubernetes_executor.py
[2023-11-03T00:20:57.721+0000] {processor.py:839} INFO - DAG(s) dict_keys(['example_local_kubernetes_executor']) retrieved from /home/airflow/.local/lib/python3.8/site-packages/airflow/example_dags/example_local_kubernetes_executor.py
[2023-11-03T00:20:57.769+0000] {logging_mixin.py:151} INFO - [2023-11-03T00:20:57.768+0000] {dag.py:2941} INFO - Sync 1 DAGs
[2023-11-03T00:20:57.787+0000] {logging_mixin.py:151} INFO - [2023-11-03T00:20:57.787+0000] {dag.py:3722} INFO - Setting next_dagrun for example_local_kubernetes_executor to None, run_after=None
[2023-11-03T00:20:57.820+0000] {processor.py:179} INFO - Processing /home/airflow/.local/lib/python3.8/site-packages/airflow/example_dags/example_local_kubernetes_executor.py took 0.115 seconds
[2023-11-03T00:21:27.969+0000] {processor.py:157} INFO - Started process (PID=3498) to work on /home/airflow/.local/lib/python3.8/site-packages/airflow/example_dags/example_local_kubernetes_executor.py
[2023-11-03T00:21:27.969+0000] {processor.py:829} INFO - Processing file /home/airflow/.local/lib/python3.8/site-packages/airflow/example_dags/example_local_kubernetes_executor.py for tasks to queue
[2023-11-03T00:21:27.972+0000] {logging_mixin.py:151} INFO - [2023-11-03T00:21:27.971+0000] {dagbag.py:536} INFO - Filling up the DagBag from /home/airflow/.local/lib/python3.8/site-packages/airflow/example_dags/example_local_kubernetes_executor.py
[2023-11-03T00:21:27.982+0000] {processor.py:839} INFO - DAG(s) dict_keys(['example_local_kubernetes_executor']) retrieved from /home/airflow/.local/lib/python3.8/site-packages/airflow/example_dags/example_local_kubernetes_executor.py
[2023-11-03T00:21:28.030+0000] {logging_mixin.py:151} INFO - [2023-11-03T00:21:28.029+0000] {dag.py:2941} INFO - Sync 1 DAGs
[2023-11-03T00:21:28.044+0000] {logging_mixin.py:151} INFO - [2023-11-03T00:21:28.044+0000] {dag.py:3722} INFO - Setting next_dagrun for example_local_kubernetes_executor to None, run_after=None
[2023-11-03T00:21:28.072+0000] {processor.py:179} INFO - Processing /home/airflow/.local/lib/python3.8/site-packages/airflow/example_dags/example_local_kubernetes_executor.py took 0.106 seconds
[2023-11-03T00:21:58.335+0000] {processor.py:157} INFO - Started process (PID=3552) to work on /home/airflow/.local/lib/python3.8/site-packages/airflow/example_dags/example_local_kubernetes_executor.py
[2023-11-03T00:21:58.337+0000] {processor.py:829} INFO - Processing file /home/airflow/.local/lib/python3.8/site-packages/airflow/example_dags/example_local_kubernetes_executor.py for tasks to queue
[2023-11-03T00:21:58.339+0000] {logging_mixin.py:151} INFO - [2023-11-03T00:21:58.339+0000] {dagbag.py:536} INFO - Filling up the DagBag from /home/airflow/.local/lib/python3.8/site-packages/airflow/example_dags/example_local_kubernetes_executor.py
[2023-11-03T00:21:58.348+0000] {processor.py:839} INFO - DAG(s) dict_keys(['example_local_kubernetes_executor']) retrieved from /home/airflow/.local/lib/python3.8/site-packages/airflow/example_dags/example_local_kubernetes_executor.py
[2023-11-03T00:21:58.401+0000] {logging_mixin.py:151} INFO - [2023-11-03T00:21:58.400+0000] {dag.py:2941} INFO - Sync 1 DAGs
[2023-11-03T00:21:58.422+0000] {logging_mixin.py:151} INFO - [2023-11-03T00:21:58.421+0000] {dag.py:3722} INFO - Setting next_dagrun for example_local_kubernetes_executor to None, run_after=None
[2023-11-03T00:21:58.458+0000] {processor.py:179} INFO - Processing /home/airflow/.local/lib/python3.8/site-packages/airflow/example_dags/example_local_kubernetes_executor.py took 0.126 seconds
[2023-11-03T00:22:28.715+0000] {processor.py:157} INFO - Started process (PID=3606) to work on /home/airflow/.local/lib/python3.8/site-packages/airflow/example_dags/example_local_kubernetes_executor.py
[2023-11-03T00:22:28.716+0000] {processor.py:829} INFO - Processing file /home/airflow/.local/lib/python3.8/site-packages/airflow/example_dags/example_local_kubernetes_executor.py for tasks to queue
[2023-11-03T00:22:28.719+0000] {logging_mixin.py:151} INFO - [2023-11-03T00:22:28.718+0000] {dagbag.py:536} INFO - Filling up the DagBag from /home/airflow/.local/lib/python3.8/site-packages/airflow/example_dags/example_local_kubernetes_executor.py
[2023-11-03T00:22:28.727+0000] {processor.py:839} INFO - DAG(s) dict_keys(['example_local_kubernetes_executor']) retrieved from /home/airflow/.local/lib/python3.8/site-packages/airflow/example_dags/example_local_kubernetes_executor.py
[2023-11-03T00:22:28.768+0000] {logging_mixin.py:151} INFO - [2023-11-03T00:22:28.768+0000] {dag.py:2941} INFO - Sync 1 DAGs
[2023-11-03T00:22:28.782+0000] {logging_mixin.py:151} INFO - [2023-11-03T00:22:28.782+0000] {dag.py:3722} INFO - Setting next_dagrun for example_local_kubernetes_executor to None, run_after=None
[2023-11-03T00:22:28.810+0000] {processor.py:179} INFO - Processing /home/airflow/.local/lib/python3.8/site-packages/airflow/example_dags/example_local_kubernetes_executor.py took 0.099 seconds
[2023-11-03T00:22:59.240+0000] {processor.py:157} INFO - Started process (PID=3660) to work on /home/airflow/.local/lib/python3.8/site-packages/airflow/example_dags/example_local_kubernetes_executor.py
[2023-11-03T00:22:59.241+0000] {processor.py:829} INFO - Processing file /home/airflow/.local/lib/python3.8/site-packages/airflow/example_dags/example_local_kubernetes_executor.py for tasks to queue
[2023-11-03T00:22:59.243+0000] {logging_mixin.py:151} INFO - [2023-11-03T00:22:59.243+0000] {dagbag.py:536} INFO - Filling up the DagBag from /home/airflow/.local/lib/python3.8/site-packages/airflow/example_dags/example_local_kubernetes_executor.py
[2023-11-03T00:22:59.252+0000] {processor.py:839} INFO - DAG(s) dict_keys(['example_local_kubernetes_executor']) retrieved from /home/airflow/.local/lib/python3.8/site-packages/airflow/example_dags/example_local_kubernetes_executor.py
[2023-11-03T00:22:59.298+0000] {logging_mixin.py:151} INFO - [2023-11-03T00:22:59.298+0000] {dag.py:2941} INFO - Sync 1 DAGs
[2023-11-03T00:22:59.311+0000] {logging_mixin.py:151} INFO - [2023-11-03T00:22:59.311+0000] {dag.py:3722} INFO - Setting next_dagrun for example_local_kubernetes_executor to None, run_after=None
[2023-11-03T00:22:59.339+0000] {processor.py:179} INFO - Processing /home/airflow/.local/lib/python3.8/site-packages/airflow/example_dags/example_local_kubernetes_executor.py took 0.102 seconds
[2023-11-03T00:23:29.656+0000] {processor.py:157} INFO - Started process (PID=3714) to work on /home/airflow/.local/lib/python3.8/site-packages/airflow/example_dags/example_local_kubernetes_executor.py
[2023-11-03T00:23:29.658+0000] {processor.py:829} INFO - Processing file /home/airflow/.local/lib/python3.8/site-packages/airflow/example_dags/example_local_kubernetes_executor.py for tasks to queue
[2023-11-03T00:23:29.660+0000] {logging_mixin.py:151} INFO - [2023-11-03T00:23:29.660+0000] {dagbag.py:536} INFO - Filling up the DagBag from /home/airflow/.local/lib/python3.8/site-packages/airflow/example_dags/example_local_kubernetes_executor.py
[2023-11-03T00:23:29.669+0000] {processor.py:839} INFO - DAG(s) dict_keys(['example_local_kubernetes_executor']) retrieved from /home/airflow/.local/lib/python3.8/site-packages/airflow/example_dags/example_local_kubernetes_executor.py
[2023-11-03T00:23:29.708+0000] {logging_mixin.py:151} INFO - [2023-11-03T00:23:29.708+0000] {dag.py:2941} INFO - Sync 1 DAGs
[2023-11-03T00:23:29.726+0000] {logging_mixin.py:151} INFO - [2023-11-03T00:23:29.725+0000] {dag.py:3722} INFO - Setting next_dagrun for example_local_kubernetes_executor to None, run_after=None
[2023-11-03T00:23:29.756+0000] {processor.py:179} INFO - Processing /home/airflow/.local/lib/python3.8/site-packages/airflow/example_dags/example_local_kubernetes_executor.py took 0.104 seconds
[2023-11-03T00:24:00.068+0000] {processor.py:157} INFO - Started process (PID=3768) to work on /home/airflow/.local/lib/python3.8/site-packages/airflow/example_dags/example_local_kubernetes_executor.py
[2023-11-03T00:24:00.069+0000] {processor.py:829} INFO - Processing file /home/airflow/.local/lib/python3.8/site-packages/airflow/example_dags/example_local_kubernetes_executor.py for tasks to queue
[2023-11-03T00:24:00.072+0000] {logging_mixin.py:151} INFO - [2023-11-03T00:24:00.071+0000] {dagbag.py:536} INFO - Filling up the DagBag from /home/airflow/.local/lib/python3.8/site-packages/airflow/example_dags/example_local_kubernetes_executor.py
[2023-11-03T00:24:00.085+0000] {processor.py:839} INFO - DAG(s) dict_keys(['example_local_kubernetes_executor']) retrieved from /home/airflow/.local/lib/python3.8/site-packages/airflow/example_dags/example_local_kubernetes_executor.py
[2023-11-03T00:24:00.131+0000] {logging_mixin.py:151} INFO - [2023-11-03T00:24:00.131+0000] {dag.py:2941} INFO - Sync 1 DAGs
[2023-11-03T00:24:00.147+0000] {logging_mixin.py:151} INFO - [2023-11-03T00:24:00.147+0000] {dag.py:3722} INFO - Setting next_dagrun for example_local_kubernetes_executor to None, run_after=None
[2023-11-03T00:24:00.174+0000] {processor.py:179} INFO - Processing /home/airflow/.local/lib/python3.8/site-packages/airflow/example_dags/example_local_kubernetes_executor.py took 0.110 seconds
[2023-11-03T00:24:30.248+0000] {processor.py:157} INFO - Started process (PID=3823) to work on /home/airflow/.local/lib/python3.8/site-packages/airflow/example_dags/example_local_kubernetes_executor.py
[2023-11-03T00:24:30.249+0000] {processor.py:829} INFO - Processing file /home/airflow/.local/lib/python3.8/site-packages/airflow/example_dags/example_local_kubernetes_executor.py for tasks to queue
[2023-11-03T00:24:30.252+0000] {logging_mixin.py:151} INFO - [2023-11-03T00:24:30.252+0000] {dagbag.py:536} INFO - Filling up the DagBag from /home/airflow/.local/lib/python3.8/site-packages/airflow/example_dags/example_local_kubernetes_executor.py
[2023-11-03T00:24:30.261+0000] {processor.py:839} INFO - DAG(s) dict_keys(['example_local_kubernetes_executor']) retrieved from /home/airflow/.local/lib/python3.8/site-packages/airflow/example_dags/example_local_kubernetes_executor.py
[2023-11-03T00:24:30.304+0000] {logging_mixin.py:151} INFO - [2023-11-03T00:24:30.304+0000] {dag.py:2941} INFO - Sync 1 DAGs
[2023-11-03T00:24:30.319+0000] {logging_mixin.py:151} INFO - [2023-11-03T00:24:30.319+0000] {dag.py:3722} INFO - Setting next_dagrun for example_local_kubernetes_executor to None, run_after=None
[2023-11-03T00:24:30.344+0000] {processor.py:179} INFO - Processing /home/airflow/.local/lib/python3.8/site-packages/airflow/example_dags/example_local_kubernetes_executor.py took 0.101 seconds
[2023-11-03T00:25:00.517+0000] {processor.py:157} INFO - Started process (PID=3876) to work on /home/airflow/.local/lib/python3.8/site-packages/airflow/example_dags/example_local_kubernetes_executor.py
[2023-11-03T00:25:00.519+0000] {processor.py:829} INFO - Processing file /home/airflow/.local/lib/python3.8/site-packages/airflow/example_dags/example_local_kubernetes_executor.py for tasks to queue
[2023-11-03T00:25:00.521+0000] {logging_mixin.py:151} INFO - [2023-11-03T00:25:00.521+0000] {dagbag.py:536} INFO - Filling up the DagBag from /home/airflow/.local/lib/python3.8/site-packages/airflow/example_dags/example_local_kubernetes_executor.py
[2023-11-03T00:25:00.530+0000] {processor.py:839} INFO - DAG(s) dict_keys(['example_local_kubernetes_executor']) retrieved from /home/airflow/.local/lib/python3.8/site-packages/airflow/example_dags/example_local_kubernetes_executor.py
[2023-11-03T00:25:00.570+0000] {logging_mixin.py:151} INFO - [2023-11-03T00:25:00.570+0000] {dag.py:2941} INFO - Sync 1 DAGs
[2023-11-03T00:25:00.585+0000] {logging_mixin.py:151} INFO - [2023-11-03T00:25:00.585+0000] {dag.py:3722} INFO - Setting next_dagrun for example_local_kubernetes_executor to None, run_after=None
[2023-11-03T00:25:00.611+0000] {processor.py:179} INFO - Processing /home/airflow/.local/lib/python3.8/site-packages/airflow/example_dags/example_local_kubernetes_executor.py took 0.098 seconds
[2023-11-03T00:25:30.745+0000] {processor.py:157} INFO - Started process (PID=3930) to work on /home/airflow/.local/lib/python3.8/site-packages/airflow/example_dags/example_local_kubernetes_executor.py
[2023-11-03T00:25:30.747+0000] {processor.py:829} INFO - Processing file /home/airflow/.local/lib/python3.8/site-packages/airflow/example_dags/example_local_kubernetes_executor.py for tasks to queue
[2023-11-03T00:25:30.750+0000] {logging_mixin.py:151} INFO - [2023-11-03T00:25:30.749+0000] {dagbag.py:536} INFO - Filling up the DagBag from /home/airflow/.local/lib/python3.8/site-packages/airflow/example_dags/example_local_kubernetes_executor.py
[2023-11-03T00:25:30.757+0000] {processor.py:839} INFO - DAG(s) dict_keys(['example_local_kubernetes_executor']) retrieved from /home/airflow/.local/lib/python3.8/site-packages/airflow/example_dags/example_local_kubernetes_executor.py
[2023-11-03T00:25:30.800+0000] {logging_mixin.py:151} INFO - [2023-11-03T00:25:30.799+0000] {dag.py:2941} INFO - Sync 1 DAGs
[2023-11-03T00:25:30.816+0000] {logging_mixin.py:151} INFO - [2023-11-03T00:25:30.816+0000] {dag.py:3722} INFO - Setting next_dagrun for example_local_kubernetes_executor to None, run_after=None
[2023-11-03T00:25:30.848+0000] {processor.py:179} INFO - Processing /home/airflow/.local/lib/python3.8/site-packages/airflow/example_dags/example_local_kubernetes_executor.py took 0.107 seconds
[2023-11-03T00:26:00.917+0000] {processor.py:157} INFO - Started process (PID=3984) to work on /home/airflow/.local/lib/python3.8/site-packages/airflow/example_dags/example_local_kubernetes_executor.py
[2023-11-03T00:26:00.919+0000] {processor.py:829} INFO - Processing file /home/airflow/.local/lib/python3.8/site-packages/airflow/example_dags/example_local_kubernetes_executor.py for tasks to queue
[2023-11-03T00:26:00.921+0000] {logging_mixin.py:151} INFO - [2023-11-03T00:26:00.920+0000] {dagbag.py:536} INFO - Filling up the DagBag from /home/airflow/.local/lib/python3.8/site-packages/airflow/example_dags/example_local_kubernetes_executor.py
[2023-11-03T00:26:00.929+0000] {processor.py:839} INFO - DAG(s) dict_keys(['example_local_kubernetes_executor']) retrieved from /home/airflow/.local/lib/python3.8/site-packages/airflow/example_dags/example_local_kubernetes_executor.py
[2023-11-03T00:26:00.979+0000] {logging_mixin.py:151} INFO - [2023-11-03T00:26:00.979+0000] {dag.py:2941} INFO - Sync 1 DAGs
[2023-11-03T00:26:00.997+0000] {logging_mixin.py:151} INFO - [2023-11-03T00:26:00.997+0000] {dag.py:3722} INFO - Setting next_dagrun for example_local_kubernetes_executor to None, run_after=None
[2023-11-03T00:26:01.029+0000] {processor.py:179} INFO - Processing /home/airflow/.local/lib/python3.8/site-packages/airflow/example_dags/example_local_kubernetes_executor.py took 0.115 seconds
[2023-11-03T00:26:31.138+0000] {processor.py:157} INFO - Started process (PID=4038) to work on /home/airflow/.local/lib/python3.8/site-packages/airflow/example_dags/example_local_kubernetes_executor.py
[2023-11-03T00:26:31.140+0000] {processor.py:829} INFO - Processing file /home/airflow/.local/lib/python3.8/site-packages/airflow/example_dags/example_local_kubernetes_executor.py for tasks to queue
[2023-11-03T00:26:31.142+0000] {logging_mixin.py:151} INFO - [2023-11-03T00:26:31.142+0000] {dagbag.py:536} INFO - Filling up the DagBag from /home/airflow/.local/lib/python3.8/site-packages/airflow/example_dags/example_local_kubernetes_executor.py
[2023-11-03T00:26:31.150+0000] {processor.py:839} INFO - DAG(s) dict_keys(['example_local_kubernetes_executor']) retrieved from /home/airflow/.local/lib/python3.8/site-packages/airflow/example_dags/example_local_kubernetes_executor.py
[2023-11-03T00:26:31.191+0000] {logging_mixin.py:151} INFO - [2023-11-03T00:26:31.190+0000] {dag.py:2941} INFO - Sync 1 DAGs
[2023-11-03T00:26:31.206+0000] {logging_mixin.py:151} INFO - [2023-11-03T00:26:31.206+0000] {dag.py:3722} INFO - Setting next_dagrun for example_local_kubernetes_executor to None, run_after=None
[2023-11-03T00:26:31.234+0000] {processor.py:179} INFO - Processing /home/airflow/.local/lib/python3.8/site-packages/airflow/example_dags/example_local_kubernetes_executor.py took 0.100 seconds
[2023-11-03T00:27:01.333+0000] {processor.py:157} INFO - Started process (PID=4092) to work on /home/airflow/.local/lib/python3.8/site-packages/airflow/example_dags/example_local_kubernetes_executor.py
[2023-11-03T00:27:01.334+0000] {processor.py:829} INFO - Processing file /home/airflow/.local/lib/python3.8/site-packages/airflow/example_dags/example_local_kubernetes_executor.py for tasks to queue
[2023-11-03T00:27:01.336+0000] {logging_mixin.py:151} INFO - [2023-11-03T00:27:01.336+0000] {dagbag.py:536} INFO - Filling up the DagBag from /home/airflow/.local/lib/python3.8/site-packages/airflow/example_dags/example_local_kubernetes_executor.py
[2023-11-03T00:27:01.344+0000] {processor.py:839} INFO - DAG(s) dict_keys(['example_local_kubernetes_executor']) retrieved from /home/airflow/.local/lib/python3.8/site-packages/airflow/example_dags/example_local_kubernetes_executor.py
[2023-11-03T00:27:01.384+0000] {logging_mixin.py:151} INFO - [2023-11-03T00:27:01.384+0000] {dag.py:2941} INFO - Sync 1 DAGs
[2023-11-03T00:27:01.399+0000] {logging_mixin.py:151} INFO - [2023-11-03T00:27:01.399+0000] {dag.py:3722} INFO - Setting next_dagrun for example_local_kubernetes_executor to None, run_after=None
[2023-11-03T00:27:01.429+0000] {processor.py:179} INFO - Processing /home/airflow/.local/lib/python3.8/site-packages/airflow/example_dags/example_local_kubernetes_executor.py took 0.100 seconds
[2023-11-03T00:27:31.510+0000] {processor.py:157} INFO - Started process (PID=4146) to work on /home/airflow/.local/lib/python3.8/site-packages/airflow/example_dags/example_local_kubernetes_executor.py
[2023-11-03T00:27:31.511+0000] {processor.py:829} INFO - Processing file /home/airflow/.local/lib/python3.8/site-packages/airflow/example_dags/example_local_kubernetes_executor.py for tasks to queue
[2023-11-03T00:27:31.513+0000] {logging_mixin.py:151} INFO - [2023-11-03T00:27:31.513+0000] {dagbag.py:536} INFO - Filling up the DagBag from /home/airflow/.local/lib/python3.8/site-packages/airflow/example_dags/example_local_kubernetes_executor.py
[2023-11-03T00:27:31.520+0000] {processor.py:839} INFO - DAG(s) dict_keys(['example_local_kubernetes_executor']) retrieved from /home/airflow/.local/lib/python3.8/site-packages/airflow/example_dags/example_local_kubernetes_executor.py
[2023-11-03T00:27:31.559+0000] {logging_mixin.py:151} INFO - [2023-11-03T00:27:31.558+0000] {dag.py:2941} INFO - Sync 1 DAGs
[2023-11-03T00:27:31.572+0000] {logging_mixin.py:151} INFO - [2023-11-03T00:27:31.572+0000] {dag.py:3722} INFO - Setting next_dagrun for example_local_kubernetes_executor to None, run_after=None
[2023-11-03T00:27:31.599+0000] {processor.py:179} INFO - Processing /home/airflow/.local/lib/python3.8/site-packages/airflow/example_dags/example_local_kubernetes_executor.py took 0.092 seconds
[2023-11-03T00:28:01.715+0000] {processor.py:157} INFO - Started process (PID=4200) to work on /home/airflow/.local/lib/python3.8/site-packages/airflow/example_dags/example_local_kubernetes_executor.py
[2023-11-03T00:28:01.716+0000] {processor.py:829} INFO - Processing file /home/airflow/.local/lib/python3.8/site-packages/airflow/example_dags/example_local_kubernetes_executor.py for tasks to queue
[2023-11-03T00:28:01.718+0000] {logging_mixin.py:151} INFO - [2023-11-03T00:28:01.718+0000] {dagbag.py:536} INFO - Filling up the DagBag from /home/airflow/.local/lib/python3.8/site-packages/airflow/example_dags/example_local_kubernetes_executor.py
[2023-11-03T00:28:01.725+0000] {processor.py:839} INFO - DAG(s) dict_keys(['example_local_kubernetes_executor']) retrieved from /home/airflow/.local/lib/python3.8/site-packages/airflow/example_dags/example_local_kubernetes_executor.py
[2023-11-03T00:28:01.767+0000] {logging_mixin.py:151} INFO - [2023-11-03T00:28:01.767+0000] {dag.py:2941} INFO - Sync 1 DAGs
[2023-11-03T00:28:01.781+0000] {logging_mixin.py:151} INFO - [2023-11-03T00:28:01.781+0000] {dag.py:3722} INFO - Setting next_dagrun for example_local_kubernetes_executor to None, run_after=None
[2023-11-03T00:28:01.808+0000] {processor.py:179} INFO - Processing /home/airflow/.local/lib/python3.8/site-packages/airflow/example_dags/example_local_kubernetes_executor.py took 0.097 seconds
[2023-11-03T00:28:32.009+0000] {processor.py:157} INFO - Started process (PID=4254) to work on /home/airflow/.local/lib/python3.8/site-packages/airflow/example_dags/example_local_kubernetes_executor.py
[2023-11-03T00:28:32.010+0000] {processor.py:829} INFO - Processing file /home/airflow/.local/lib/python3.8/site-packages/airflow/example_dags/example_local_kubernetes_executor.py for tasks to queue
[2023-11-03T00:28:32.012+0000] {logging_mixin.py:151} INFO - [2023-11-03T00:28:32.012+0000] {dagbag.py:536} INFO - Filling up the DagBag from /home/airflow/.local/lib/python3.8/site-packages/airflow/example_dags/example_local_kubernetes_executor.py
[2023-11-03T00:28:32.020+0000] {processor.py:839} INFO - DAG(s) dict_keys(['example_local_kubernetes_executor']) retrieved from /home/airflow/.local/lib/python3.8/site-packages/airflow/example_dags/example_local_kubernetes_executor.py
[2023-11-03T00:28:32.059+0000] {logging_mixin.py:151} INFO - [2023-11-03T00:28:32.059+0000] {dag.py:2941} INFO - Sync 1 DAGs
[2023-11-03T00:28:32.072+0000] {logging_mixin.py:151} INFO - [2023-11-03T00:28:32.072+0000] {dag.py:3722} INFO - Setting next_dagrun for example_local_kubernetes_executor to None, run_after=None
[2023-11-03T00:28:32.098+0000] {processor.py:179} INFO - Processing /home/airflow/.local/lib/python3.8/site-packages/airflow/example_dags/example_local_kubernetes_executor.py took 0.093 seconds
[2023-11-03T00:29:02.361+0000] {processor.py:157} INFO - Started process (PID=4309) to work on /home/airflow/.local/lib/python3.8/site-packages/airflow/example_dags/example_local_kubernetes_executor.py
[2023-11-03T00:29:02.363+0000] {processor.py:829} INFO - Processing file /home/airflow/.local/lib/python3.8/site-packages/airflow/example_dags/example_local_kubernetes_executor.py for tasks to queue
[2023-11-03T00:29:02.365+0000] {logging_mixin.py:151} INFO - [2023-11-03T00:29:02.364+0000] {dagbag.py:536} INFO - Filling up the DagBag from /home/airflow/.local/lib/python3.8/site-packages/airflow/example_dags/example_local_kubernetes_executor.py
[2023-11-03T00:29:02.373+0000] {processor.py:839} INFO - DAG(s) dict_keys(['example_local_kubernetes_executor']) retrieved from /home/airflow/.local/lib/python3.8/site-packages/airflow/example_dags/example_local_kubernetes_executor.py
[2023-11-03T00:29:02.423+0000] {logging_mixin.py:151} INFO - [2023-11-03T00:29:02.422+0000] {dag.py:2941} INFO - Sync 1 DAGs
[2023-11-03T00:29:02.442+0000] {logging_mixin.py:151} INFO - [2023-11-03T00:29:02.442+0000] {dag.py:3722} INFO - Setting next_dagrun for example_local_kubernetes_executor to None, run_after=None
[2023-11-03T00:29:02.476+0000] {processor.py:179} INFO - Processing /home/airflow/.local/lib/python3.8/site-packages/airflow/example_dags/example_local_kubernetes_executor.py took 0.118 seconds
[2023-11-03T00:29:32.593+0000] {processor.py:157} INFO - Started process (PID=4364) to work on /home/airflow/.local/lib/python3.8/site-packages/airflow/example_dags/example_local_kubernetes_executor.py
[2023-11-03T00:29:32.594+0000] {processor.py:829} INFO - Processing file /home/airflow/.local/lib/python3.8/site-packages/airflow/example_dags/example_local_kubernetes_executor.py for tasks to queue
[2023-11-03T00:29:32.596+0000] {logging_mixin.py:151} INFO - [2023-11-03T00:29:32.595+0000] {dagbag.py:536} INFO - Filling up the DagBag from /home/airflow/.local/lib/python3.8/site-packages/airflow/example_dags/example_local_kubernetes_executor.py
[2023-11-03T00:29:32.603+0000] {processor.py:839} INFO - DAG(s) dict_keys(['example_local_kubernetes_executor']) retrieved from /home/airflow/.local/lib/python3.8/site-packages/airflow/example_dags/example_local_kubernetes_executor.py
[2023-11-03T00:29:32.641+0000] {logging_mixin.py:151} INFO - [2023-11-03T00:29:32.641+0000] {dag.py:2941} INFO - Sync 1 DAGs
[2023-11-03T00:29:32.655+0000] {logging_mixin.py:151} INFO - [2023-11-03T00:29:32.654+0000] {dag.py:3722} INFO - Setting next_dagrun for example_local_kubernetes_executor to None, run_after=None
[2023-11-03T00:29:32.679+0000] {processor.py:179} INFO - Processing /home/airflow/.local/lib/python3.8/site-packages/airflow/example_dags/example_local_kubernetes_executor.py took 0.090 seconds
[2023-11-03T00:30:03.421+0000] {processor.py:157} INFO - Started process (PID=4414) to work on /home/airflow/.local/lib/python3.8/site-packages/airflow/example_dags/example_local_kubernetes_executor.py
[2023-11-03T00:30:03.423+0000] {processor.py:829} INFO - Processing file /home/airflow/.local/lib/python3.8/site-packages/airflow/example_dags/example_local_kubernetes_executor.py for tasks to queue
[2023-11-03T00:30:03.425+0000] {logging_mixin.py:151} INFO - [2023-11-03T00:30:03.425+0000] {dagbag.py:536} INFO - Filling up the DagBag from /home/airflow/.local/lib/python3.8/site-packages/airflow/example_dags/example_local_kubernetes_executor.py
[2023-11-03T00:30:03.439+0000] {processor.py:839} INFO - DAG(s) dict_keys(['example_local_kubernetes_executor']) retrieved from /home/airflow/.local/lib/python3.8/site-packages/airflow/example_dags/example_local_kubernetes_executor.py
[2023-11-03T00:30:03.498+0000] {logging_mixin.py:151} INFO - [2023-11-03T00:30:03.497+0000] {dag.py:2941} INFO - Sync 1 DAGs
[2023-11-03T00:30:03.514+0000] {logging_mixin.py:151} INFO - [2023-11-03T00:30:03.514+0000] {dag.py:3722} INFO - Setting next_dagrun for example_local_kubernetes_executor to None, run_after=None
[2023-11-03T00:30:03.541+0000] {processor.py:179} INFO - Processing /home/airflow/.local/lib/python3.8/site-packages/airflow/example_dags/example_local_kubernetes_executor.py took 0.124 seconds
[2023-11-03T00:30:33.727+0000] {processor.py:157} INFO - Started process (PID=4468) to work on /home/airflow/.local/lib/python3.8/site-packages/airflow/example_dags/example_local_kubernetes_executor.py
[2023-11-03T00:30:33.728+0000] {processor.py:829} INFO - Processing file /home/airflow/.local/lib/python3.8/site-packages/airflow/example_dags/example_local_kubernetes_executor.py for tasks to queue
[2023-11-03T00:30:33.730+0000] {logging_mixin.py:151} INFO - [2023-11-03T00:30:33.730+0000] {dagbag.py:536} INFO - Filling up the DagBag from /home/airflow/.local/lib/python3.8/site-packages/airflow/example_dags/example_local_kubernetes_executor.py
[2023-11-03T00:30:33.738+0000] {processor.py:839} INFO - DAG(s) dict_keys(['example_local_kubernetes_executor']) retrieved from /home/airflow/.local/lib/python3.8/site-packages/airflow/example_dags/example_local_kubernetes_executor.py
[2023-11-03T00:30:33.779+0000] {logging_mixin.py:151} INFO - [2023-11-03T00:30:33.779+0000] {dag.py:2941} INFO - Sync 1 DAGs
[2023-11-03T00:30:33.792+0000] {logging_mixin.py:151} INFO - [2023-11-03T00:30:33.792+0000] {dag.py:3722} INFO - Setting next_dagrun for example_local_kubernetes_executor to None, run_after=None
[2023-11-03T00:30:33.827+0000] {processor.py:179} INFO - Processing /home/airflow/.local/lib/python3.8/site-packages/airflow/example_dags/example_local_kubernetes_executor.py took 0.103 seconds
