[2023-11-03T00:00:06.220+0000] {processor.py:157} INFO - Started process (PID=1227) to work on /home/airflow/.local/lib/python3.8/site-packages/airflow/example_dags/example_short_circuit_decorator.py
[2023-11-03T00:00:06.221+0000] {processor.py:829} INFO - Processing file /home/airflow/.local/lib/python3.8/site-packages/airflow/example_dags/example_short_circuit_decorator.py for tasks to queue
[2023-11-03T00:00:06.223+0000] {logging_mixin.py:151} INFO - [2023-11-03T00:00:06.223+0000] {dagbag.py:536} INFO - Filling up the DagBag from /home/airflow/.local/lib/python3.8/site-packages/airflow/example_dags/example_short_circuit_decorator.py
[2023-11-03T00:00:06.233+0000] {processor.py:839} INFO - DAG(s) dict_keys(['example_short_circuit_decorator']) retrieved from /home/airflow/.local/lib/python3.8/site-packages/airflow/example_dags/example_short_circuit_decorator.py
[2023-11-03T00:00:06.262+0000] {logging_mixin.py:151} INFO - [2023-11-03T00:00:06.262+0000] {dag.py:2941} INFO - Sync 1 DAGs
[2023-11-03T00:00:06.290+0000] {logging_mixin.py:151} INFO - [2023-11-03T00:00:06.289+0000] {dag.py:3722} INFO - Setting next_dagrun for example_short_circuit_decorator to 2023-11-02T00:00:06.289637+00:00, run_after=2023-11-03T00:00:06.289637+00:00
[2023-11-03T00:00:06.319+0000] {processor.py:179} INFO - Processing /home/airflow/.local/lib/python3.8/site-packages/airflow/example_dags/example_short_circuit_decorator.py took 0.102 seconds
[2023-11-03T00:00:36.892+0000] {processor.py:157} INFO - Started process (PID=1281) to work on /home/airflow/.local/lib/python3.8/site-packages/airflow/example_dags/example_short_circuit_decorator.py
[2023-11-03T00:00:36.894+0000] {processor.py:829} INFO - Processing file /home/airflow/.local/lib/python3.8/site-packages/airflow/example_dags/example_short_circuit_decorator.py for tasks to queue
[2023-11-03T00:00:36.897+0000] {logging_mixin.py:151} INFO - [2023-11-03T00:00:36.897+0000] {dagbag.py:536} INFO - Filling up the DagBag from /home/airflow/.local/lib/python3.8/site-packages/airflow/example_dags/example_short_circuit_decorator.py
[2023-11-03T00:00:36.909+0000] {processor.py:839} INFO - DAG(s) dict_keys(['example_short_circuit_decorator']) retrieved from /home/airflow/.local/lib/python3.8/site-packages/airflow/example_dags/example_short_circuit_decorator.py
[2023-11-03T00:00:36.943+0000] {logging_mixin.py:151} INFO - [2023-11-03T00:00:36.942+0000] {dag.py:2941} INFO - Sync 1 DAGs
[2023-11-03T00:00:36.979+0000] {logging_mixin.py:151} INFO - [2023-11-03T00:00:36.979+0000] {dag.py:3722} INFO - Setting next_dagrun for example_short_circuit_decorator to 2023-11-02T00:00:36.979253+00:00, run_after=2023-11-03T00:00:36.979253+00:00
[2023-11-03T00:00:37.014+0000] {processor.py:179} INFO - Processing /home/airflow/.local/lib/python3.8/site-packages/airflow/example_dags/example_short_circuit_decorator.py took 0.125 seconds
[2023-11-03T00:01:07.165+0000] {processor.py:157} INFO - Started process (PID=1335) to work on /home/airflow/.local/lib/python3.8/site-packages/airflow/example_dags/example_short_circuit_decorator.py
[2023-11-03T00:01:07.166+0000] {processor.py:829} INFO - Processing file /home/airflow/.local/lib/python3.8/site-packages/airflow/example_dags/example_short_circuit_decorator.py for tasks to queue
[2023-11-03T00:01:07.168+0000] {logging_mixin.py:151} INFO - [2023-11-03T00:01:07.168+0000] {dagbag.py:536} INFO - Filling up the DagBag from /home/airflow/.local/lib/python3.8/site-packages/airflow/example_dags/example_short_circuit_decorator.py
[2023-11-03T00:01:07.178+0000] {processor.py:839} INFO - DAG(s) dict_keys(['example_short_circuit_decorator']) retrieved from /home/airflow/.local/lib/python3.8/site-packages/airflow/example_dags/example_short_circuit_decorator.py
[2023-11-03T00:01:07.206+0000] {logging_mixin.py:151} INFO - [2023-11-03T00:01:07.205+0000] {dag.py:2941} INFO - Sync 1 DAGs
[2023-11-03T00:01:07.231+0000] {logging_mixin.py:151} INFO - [2023-11-03T00:01:07.230+0000] {dag.py:3722} INFO - Setting next_dagrun for example_short_circuit_decorator to 2023-11-02T00:01:07.230349+00:00, run_after=2023-11-03T00:01:07.230349+00:00
[2023-11-03T00:01:07.254+0000] {processor.py:179} INFO - Processing /home/airflow/.local/lib/python3.8/site-packages/airflow/example_dags/example_short_circuit_decorator.py took 0.092 seconds
[2023-11-03T00:01:37.404+0000] {processor.py:157} INFO - Started process (PID=1389) to work on /home/airflow/.local/lib/python3.8/site-packages/airflow/example_dags/example_short_circuit_decorator.py
[2023-11-03T00:01:37.406+0000] {processor.py:829} INFO - Processing file /home/airflow/.local/lib/python3.8/site-packages/airflow/example_dags/example_short_circuit_decorator.py for tasks to queue
[2023-11-03T00:01:37.408+0000] {logging_mixin.py:151} INFO - [2023-11-03T00:01:37.408+0000] {dagbag.py:536} INFO - Filling up the DagBag from /home/airflow/.local/lib/python3.8/site-packages/airflow/example_dags/example_short_circuit_decorator.py
[2023-11-03T00:01:37.419+0000] {processor.py:839} INFO - DAG(s) dict_keys(['example_short_circuit_decorator']) retrieved from /home/airflow/.local/lib/python3.8/site-packages/airflow/example_dags/example_short_circuit_decorator.py
[2023-11-03T00:01:37.451+0000] {logging_mixin.py:151} INFO - [2023-11-03T00:01:37.451+0000] {dag.py:2941} INFO - Sync 1 DAGs
[2023-11-03T00:01:37.477+0000] {logging_mixin.py:151} INFO - [2023-11-03T00:01:37.477+0000] {dag.py:3722} INFO - Setting next_dagrun for example_short_circuit_decorator to 2023-11-02T00:01:37.477299+00:00, run_after=2023-11-03T00:01:37.477299+00:00
[2023-11-03T00:01:37.505+0000] {processor.py:179} INFO - Processing /home/airflow/.local/lib/python3.8/site-packages/airflow/example_dags/example_short_circuit_decorator.py took 0.104 seconds
[2023-11-03T00:02:08.286+0000] {processor.py:157} INFO - Started process (PID=1443) to work on /home/airflow/.local/lib/python3.8/site-packages/airflow/example_dags/example_short_circuit_decorator.py
[2023-11-03T00:02:08.288+0000] {processor.py:829} INFO - Processing file /home/airflow/.local/lib/python3.8/site-packages/airflow/example_dags/example_short_circuit_decorator.py for tasks to queue
[2023-11-03T00:02:08.290+0000] {logging_mixin.py:151} INFO - [2023-11-03T00:02:08.289+0000] {dagbag.py:536} INFO - Filling up the DagBag from /home/airflow/.local/lib/python3.8/site-packages/airflow/example_dags/example_short_circuit_decorator.py
[2023-11-03T00:02:08.301+0000] {processor.py:839} INFO - DAG(s) dict_keys(['example_short_circuit_decorator']) retrieved from /home/airflow/.local/lib/python3.8/site-packages/airflow/example_dags/example_short_circuit_decorator.py
[2023-11-03T00:02:08.332+0000] {logging_mixin.py:151} INFO - [2023-11-03T00:02:08.332+0000] {dag.py:2941} INFO - Sync 1 DAGs
[2023-11-03T00:02:08.358+0000] {logging_mixin.py:151} INFO - [2023-11-03T00:02:08.358+0000] {dag.py:3722} INFO - Setting next_dagrun for example_short_circuit_decorator to 2023-11-02T00:02:08.357893+00:00, run_after=2023-11-03T00:02:08.357893+00:00
[2023-11-03T00:02:08.393+0000] {processor.py:179} INFO - Processing /home/airflow/.local/lib/python3.8/site-packages/airflow/example_dags/example_short_circuit_decorator.py took 0.110 seconds
[2023-11-03T00:02:38.670+0000] {processor.py:157} INFO - Started process (PID=1497) to work on /home/airflow/.local/lib/python3.8/site-packages/airflow/example_dags/example_short_circuit_decorator.py
[2023-11-03T00:02:38.671+0000] {processor.py:829} INFO - Processing file /home/airflow/.local/lib/python3.8/site-packages/airflow/example_dags/example_short_circuit_decorator.py for tasks to queue
[2023-11-03T00:02:38.674+0000] {logging_mixin.py:151} INFO - [2023-11-03T00:02:38.674+0000] {dagbag.py:536} INFO - Filling up the DagBag from /home/airflow/.local/lib/python3.8/site-packages/airflow/example_dags/example_short_circuit_decorator.py
[2023-11-03T00:02:38.684+0000] {processor.py:839} INFO - DAG(s) dict_keys(['example_short_circuit_decorator']) retrieved from /home/airflow/.local/lib/python3.8/site-packages/airflow/example_dags/example_short_circuit_decorator.py
[2023-11-03T00:02:38.715+0000] {logging_mixin.py:151} INFO - [2023-11-03T00:02:38.715+0000] {dag.py:2941} INFO - Sync 1 DAGs
[2023-11-03T00:02:38.740+0000] {logging_mixin.py:151} INFO - [2023-11-03T00:02:38.739+0000] {dag.py:3722} INFO - Setting next_dagrun for example_short_circuit_decorator to 2023-11-02T00:02:38.739722+00:00, run_after=2023-11-03T00:02:38.739722+00:00
[2023-11-03T00:02:38.768+0000] {processor.py:179} INFO - Processing /home/airflow/.local/lib/python3.8/site-packages/airflow/example_dags/example_short_circuit_decorator.py took 0.102 seconds
[2023-11-03T00:03:09.140+0000] {processor.py:157} INFO - Started process (PID=1551) to work on /home/airflow/.local/lib/python3.8/site-packages/airflow/example_dags/example_short_circuit_decorator.py
[2023-11-03T00:03:09.141+0000] {processor.py:829} INFO - Processing file /home/airflow/.local/lib/python3.8/site-packages/airflow/example_dags/example_short_circuit_decorator.py for tasks to queue
[2023-11-03T00:03:09.143+0000] {logging_mixin.py:151} INFO - [2023-11-03T00:03:09.143+0000] {dagbag.py:536} INFO - Filling up the DagBag from /home/airflow/.local/lib/python3.8/site-packages/airflow/example_dags/example_short_circuit_decorator.py
[2023-11-03T00:03:09.152+0000] {processor.py:839} INFO - DAG(s) dict_keys(['example_short_circuit_decorator']) retrieved from /home/airflow/.local/lib/python3.8/site-packages/airflow/example_dags/example_short_circuit_decorator.py
[2023-11-03T00:03:09.181+0000] {logging_mixin.py:151} INFO - [2023-11-03T00:03:09.181+0000] {dag.py:2941} INFO - Sync 1 DAGs
[2023-11-03T00:03:09.208+0000] {logging_mixin.py:151} INFO - [2023-11-03T00:03:09.208+0000] {dag.py:3722} INFO - Setting next_dagrun for example_short_circuit_decorator to 2023-11-02T00:03:09.207831+00:00, run_after=2023-11-03T00:03:09.207831+00:00
[2023-11-03T00:03:09.236+0000] {processor.py:179} INFO - Processing /home/airflow/.local/lib/python3.8/site-packages/airflow/example_dags/example_short_circuit_decorator.py took 0.099 seconds
[2023-11-03T00:03:39.781+0000] {processor.py:157} INFO - Started process (PID=1605) to work on /home/airflow/.local/lib/python3.8/site-packages/airflow/example_dags/example_short_circuit_decorator.py
[2023-11-03T00:03:39.782+0000] {processor.py:829} INFO - Processing file /home/airflow/.local/lib/python3.8/site-packages/airflow/example_dags/example_short_circuit_decorator.py for tasks to queue
[2023-11-03T00:03:39.785+0000] {logging_mixin.py:151} INFO - [2023-11-03T00:03:39.784+0000] {dagbag.py:536} INFO - Filling up the DagBag from /home/airflow/.local/lib/python3.8/site-packages/airflow/example_dags/example_short_circuit_decorator.py
[2023-11-03T00:03:39.794+0000] {processor.py:839} INFO - DAG(s) dict_keys(['example_short_circuit_decorator']) retrieved from /home/airflow/.local/lib/python3.8/site-packages/airflow/example_dags/example_short_circuit_decorator.py
[2023-11-03T00:03:39.824+0000] {logging_mixin.py:151} INFO - [2023-11-03T00:03:39.824+0000] {dag.py:2941} INFO - Sync 1 DAGs
[2023-11-03T00:03:39.851+0000] {logging_mixin.py:151} INFO - [2023-11-03T00:03:39.851+0000] {dag.py:3722} INFO - Setting next_dagrun for example_short_circuit_decorator to 2023-11-02T00:03:39.851064+00:00, run_after=2023-11-03T00:03:39.851064+00:00
[2023-11-03T00:03:39.875+0000] {processor.py:179} INFO - Processing /home/airflow/.local/lib/python3.8/site-packages/airflow/example_dags/example_short_circuit_decorator.py took 0.098 seconds
[2023-11-03T00:04:10.174+0000] {processor.py:157} INFO - Started process (PID=1658) to work on /home/airflow/.local/lib/python3.8/site-packages/airflow/example_dags/example_short_circuit_decorator.py
[2023-11-03T00:04:10.176+0000] {processor.py:829} INFO - Processing file /home/airflow/.local/lib/python3.8/site-packages/airflow/example_dags/example_short_circuit_decorator.py for tasks to queue
[2023-11-03T00:04:10.178+0000] {logging_mixin.py:151} INFO - [2023-11-03T00:04:10.178+0000] {dagbag.py:536} INFO - Filling up the DagBag from /home/airflow/.local/lib/python3.8/site-packages/airflow/example_dags/example_short_circuit_decorator.py
[2023-11-03T00:04:10.191+0000] {processor.py:839} INFO - DAG(s) dict_keys(['example_short_circuit_decorator']) retrieved from /home/airflow/.local/lib/python3.8/site-packages/airflow/example_dags/example_short_circuit_decorator.py
[2023-11-03T00:04:10.225+0000] {logging_mixin.py:151} INFO - [2023-11-03T00:04:10.224+0000] {dag.py:2941} INFO - Sync 1 DAGs
[2023-11-03T00:04:10.259+0000] {logging_mixin.py:151} INFO - [2023-11-03T00:04:10.258+0000] {dag.py:3722} INFO - Setting next_dagrun for example_short_circuit_decorator to 2023-11-02T00:04:10.258308+00:00, run_after=2023-11-03T00:04:10.258308+00:00
[2023-11-03T00:04:10.294+0000] {processor.py:179} INFO - Processing /home/airflow/.local/lib/python3.8/site-packages/airflow/example_dags/example_short_circuit_decorator.py took 0.124 seconds
[2023-11-03T00:04:40.643+0000] {processor.py:157} INFO - Started process (PID=1712) to work on /home/airflow/.local/lib/python3.8/site-packages/airflow/example_dags/example_short_circuit_decorator.py
[2023-11-03T00:04:40.644+0000] {processor.py:829} INFO - Processing file /home/airflow/.local/lib/python3.8/site-packages/airflow/example_dags/example_short_circuit_decorator.py for tasks to queue
[2023-11-03T00:04:40.647+0000] {logging_mixin.py:151} INFO - [2023-11-03T00:04:40.647+0000] {dagbag.py:536} INFO - Filling up the DagBag from /home/airflow/.local/lib/python3.8/site-packages/airflow/example_dags/example_short_circuit_decorator.py
[2023-11-03T00:04:40.656+0000] {processor.py:839} INFO - DAG(s) dict_keys(['example_short_circuit_decorator']) retrieved from /home/airflow/.local/lib/python3.8/site-packages/airflow/example_dags/example_short_circuit_decorator.py
[2023-11-03T00:04:40.687+0000] {logging_mixin.py:151} INFO - [2023-11-03T00:04:40.686+0000] {dag.py:2941} INFO - Sync 1 DAGs
[2023-11-03T00:04:40.713+0000] {logging_mixin.py:151} INFO - [2023-11-03T00:04:40.713+0000] {dag.py:3722} INFO - Setting next_dagrun for example_short_circuit_decorator to 2023-11-02T00:04:40.713154+00:00, run_after=2023-11-03T00:04:40.713154+00:00
[2023-11-03T00:04:40.745+0000] {processor.py:179} INFO - Processing /home/airflow/.local/lib/python3.8/site-packages/airflow/example_dags/example_short_circuit_decorator.py took 0.105 seconds
[2023-11-03T00:05:11.381+0000] {processor.py:157} INFO - Started process (PID=1766) to work on /home/airflow/.local/lib/python3.8/site-packages/airflow/example_dags/example_short_circuit_decorator.py
[2023-11-03T00:05:11.383+0000] {processor.py:829} INFO - Processing file /home/airflow/.local/lib/python3.8/site-packages/airflow/example_dags/example_short_circuit_decorator.py for tasks to queue
[2023-11-03T00:05:11.385+0000] {logging_mixin.py:151} INFO - [2023-11-03T00:05:11.385+0000] {dagbag.py:536} INFO - Filling up the DagBag from /home/airflow/.local/lib/python3.8/site-packages/airflow/example_dags/example_short_circuit_decorator.py
[2023-11-03T00:05:11.396+0000] {processor.py:839} INFO - DAG(s) dict_keys(['example_short_circuit_decorator']) retrieved from /home/airflow/.local/lib/python3.8/site-packages/airflow/example_dags/example_short_circuit_decorator.py
[2023-11-03T00:05:11.442+0000] {logging_mixin.py:151} INFO - [2023-11-03T00:05:11.441+0000] {dag.py:2941} INFO - Sync 1 DAGs
[2023-11-03T00:05:11.472+0000] {logging_mixin.py:151} INFO - [2023-11-03T00:05:11.472+0000] {dag.py:3722} INFO - Setting next_dagrun for example_short_circuit_decorator to 2023-11-02T00:05:11.471802+00:00, run_after=2023-11-03T00:05:11.471802+00:00
[2023-11-03T00:05:11.505+0000] {processor.py:179} INFO - Processing /home/airflow/.local/lib/python3.8/site-packages/airflow/example_dags/example_short_circuit_decorator.py took 0.129 seconds
[2023-11-03T00:05:41.723+0000] {processor.py:157} INFO - Started process (PID=1820) to work on /home/airflow/.local/lib/python3.8/site-packages/airflow/example_dags/example_short_circuit_decorator.py
[2023-11-03T00:05:41.725+0000] {processor.py:829} INFO - Processing file /home/airflow/.local/lib/python3.8/site-packages/airflow/example_dags/example_short_circuit_decorator.py for tasks to queue
[2023-11-03T00:05:41.728+0000] {logging_mixin.py:151} INFO - [2023-11-03T00:05:41.728+0000] {dagbag.py:536} INFO - Filling up the DagBag from /home/airflow/.local/lib/python3.8/site-packages/airflow/example_dags/example_short_circuit_decorator.py
[2023-11-03T00:05:41.737+0000] {processor.py:839} INFO - DAG(s) dict_keys(['example_short_circuit_decorator']) retrieved from /home/airflow/.local/lib/python3.8/site-packages/airflow/example_dags/example_short_circuit_decorator.py
[2023-11-03T00:05:41.768+0000] {logging_mixin.py:151} INFO - [2023-11-03T00:05:41.768+0000] {dag.py:2941} INFO - Sync 1 DAGs
[2023-11-03T00:05:41.796+0000] {logging_mixin.py:151} INFO - [2023-11-03T00:05:41.796+0000] {dag.py:3722} INFO - Setting next_dagrun for example_short_circuit_decorator to 2023-11-02T00:05:41.796154+00:00, run_after=2023-11-03T00:05:41.796154+00:00
[2023-11-03T00:05:41.830+0000] {processor.py:179} INFO - Processing /home/airflow/.local/lib/python3.8/site-packages/airflow/example_dags/example_short_circuit_decorator.py took 0.110 seconds
[2023-11-03T00:06:12.182+0000] {processor.py:157} INFO - Started process (PID=1874) to work on /home/airflow/.local/lib/python3.8/site-packages/airflow/example_dags/example_short_circuit_decorator.py
[2023-11-03T00:06:12.182+0000] {processor.py:829} INFO - Processing file /home/airflow/.local/lib/python3.8/site-packages/airflow/example_dags/example_short_circuit_decorator.py for tasks to queue
[2023-11-03T00:06:12.184+0000] {logging_mixin.py:151} INFO - [2023-11-03T00:06:12.184+0000] {dagbag.py:536} INFO - Filling up the DagBag from /home/airflow/.local/lib/python3.8/site-packages/airflow/example_dags/example_short_circuit_decorator.py
[2023-11-03T00:06:12.193+0000] {processor.py:839} INFO - DAG(s) dict_keys(['example_short_circuit_decorator']) retrieved from /home/airflow/.local/lib/python3.8/site-packages/airflow/example_dags/example_short_circuit_decorator.py
[2023-11-03T00:06:12.222+0000] {logging_mixin.py:151} INFO - [2023-11-03T00:06:12.221+0000] {dag.py:2941} INFO - Sync 1 DAGs
[2023-11-03T00:06:12.252+0000] {logging_mixin.py:151} INFO - [2023-11-03T00:06:12.250+0000] {dag.py:3722} INFO - Setting next_dagrun for example_short_circuit_decorator to 2023-11-02T00:06:12.250622+00:00, run_after=2023-11-03T00:06:12.250622+00:00
[2023-11-03T00:06:12.282+0000] {processor.py:179} INFO - Processing /home/airflow/.local/lib/python3.8/site-packages/airflow/example_dags/example_short_circuit_decorator.py took 0.103 seconds
[2023-11-03T00:06:42.696+0000] {processor.py:157} INFO - Started process (PID=1929) to work on /home/airflow/.local/lib/python3.8/site-packages/airflow/example_dags/example_short_circuit_decorator.py
[2023-11-03T00:06:42.698+0000] {processor.py:829} INFO - Processing file /home/airflow/.local/lib/python3.8/site-packages/airflow/example_dags/example_short_circuit_decorator.py for tasks to queue
[2023-11-03T00:06:42.700+0000] {logging_mixin.py:151} INFO - [2023-11-03T00:06:42.700+0000] {dagbag.py:536} INFO - Filling up the DagBag from /home/airflow/.local/lib/python3.8/site-packages/airflow/example_dags/example_short_circuit_decorator.py
[2023-11-03T00:06:42.710+0000] {processor.py:839} INFO - DAG(s) dict_keys(['example_short_circuit_decorator']) retrieved from /home/airflow/.local/lib/python3.8/site-packages/airflow/example_dags/example_short_circuit_decorator.py
[2023-11-03T00:06:42.738+0000] {logging_mixin.py:151} INFO - [2023-11-03T00:06:42.738+0000] {dag.py:2941} INFO - Sync 1 DAGs
[2023-11-03T00:06:42.764+0000] {logging_mixin.py:151} INFO - [2023-11-03T00:06:42.764+0000] {dag.py:3722} INFO - Setting next_dagrun for example_short_circuit_decorator to 2023-11-02T00:06:42.764343+00:00, run_after=2023-11-03T00:06:42.764343+00:00
[2023-11-03T00:06:42.791+0000] {processor.py:179} INFO - Processing /home/airflow/.local/lib/python3.8/site-packages/airflow/example_dags/example_short_circuit_decorator.py took 0.098 seconds
[2023-11-03T00:07:13.214+0000] {processor.py:157} INFO - Started process (PID=1983) to work on /home/airflow/.local/lib/python3.8/site-packages/airflow/example_dags/example_short_circuit_decorator.py
[2023-11-03T00:07:13.215+0000] {processor.py:829} INFO - Processing file /home/airflow/.local/lib/python3.8/site-packages/airflow/example_dags/example_short_circuit_decorator.py for tasks to queue
[2023-11-03T00:07:13.217+0000] {logging_mixin.py:151} INFO - [2023-11-03T00:07:13.217+0000] {dagbag.py:536} INFO - Filling up the DagBag from /home/airflow/.local/lib/python3.8/site-packages/airflow/example_dags/example_short_circuit_decorator.py
[2023-11-03T00:07:13.234+0000] {processor.py:839} INFO - DAG(s) dict_keys(['example_short_circuit_decorator']) retrieved from /home/airflow/.local/lib/python3.8/site-packages/airflow/example_dags/example_short_circuit_decorator.py
[2023-11-03T00:07:13.266+0000] {logging_mixin.py:151} INFO - [2023-11-03T00:07:13.266+0000] {dag.py:2941} INFO - Sync 1 DAGs
[2023-11-03T00:07:13.294+0000] {logging_mixin.py:151} INFO - [2023-11-03T00:07:13.293+0000] {dag.py:3722} INFO - Setting next_dagrun for example_short_circuit_decorator to 2023-11-02T00:07:13.293405+00:00, run_after=2023-11-03T00:07:13.293405+00:00
[2023-11-03T00:07:13.325+0000] {processor.py:179} INFO - Processing /home/airflow/.local/lib/python3.8/site-packages/airflow/example_dags/example_short_circuit_decorator.py took 0.114 seconds
[2023-11-03T00:07:43.618+0000] {processor.py:157} INFO - Started process (PID=2037) to work on /home/airflow/.local/lib/python3.8/site-packages/airflow/example_dags/example_short_circuit_decorator.py
[2023-11-03T00:07:43.620+0000] {processor.py:829} INFO - Processing file /home/airflow/.local/lib/python3.8/site-packages/airflow/example_dags/example_short_circuit_decorator.py for tasks to queue
[2023-11-03T00:07:43.622+0000] {logging_mixin.py:151} INFO - [2023-11-03T00:07:43.621+0000] {dagbag.py:536} INFO - Filling up the DagBag from /home/airflow/.local/lib/python3.8/site-packages/airflow/example_dags/example_short_circuit_decorator.py
[2023-11-03T00:07:43.631+0000] {processor.py:839} INFO - DAG(s) dict_keys(['example_short_circuit_decorator']) retrieved from /home/airflow/.local/lib/python3.8/site-packages/airflow/example_dags/example_short_circuit_decorator.py
[2023-11-03T00:07:43.660+0000] {logging_mixin.py:151} INFO - [2023-11-03T00:07:43.659+0000] {dag.py:2941} INFO - Sync 1 DAGs
[2023-11-03T00:07:43.688+0000] {logging_mixin.py:151} INFO - [2023-11-03T00:07:43.687+0000] {dag.py:3722} INFO - Setting next_dagrun for example_short_circuit_decorator to 2023-11-02T00:07:43.687525+00:00, run_after=2023-11-03T00:07:43.687525+00:00
[2023-11-03T00:07:43.719+0000] {processor.py:179} INFO - Processing /home/airflow/.local/lib/python3.8/site-packages/airflow/example_dags/example_short_circuit_decorator.py took 0.105 seconds
[2023-11-03T00:08:14.144+0000] {processor.py:157} INFO - Started process (PID=2091) to work on /home/airflow/.local/lib/python3.8/site-packages/airflow/example_dags/example_short_circuit_decorator.py
[2023-11-03T00:08:14.146+0000] {processor.py:829} INFO - Processing file /home/airflow/.local/lib/python3.8/site-packages/airflow/example_dags/example_short_circuit_decorator.py for tasks to queue
[2023-11-03T00:08:14.150+0000] {logging_mixin.py:151} INFO - [2023-11-03T00:08:14.149+0000] {dagbag.py:536} INFO - Filling up the DagBag from /home/airflow/.local/lib/python3.8/site-packages/airflow/example_dags/example_short_circuit_decorator.py
[2023-11-03T00:08:14.164+0000] {processor.py:839} INFO - DAG(s) dict_keys(['example_short_circuit_decorator']) retrieved from /home/airflow/.local/lib/python3.8/site-packages/airflow/example_dags/example_short_circuit_decorator.py
[2023-11-03T00:08:14.217+0000] {logging_mixin.py:151} INFO - [2023-11-03T00:08:14.216+0000] {dag.py:2941} INFO - Sync 1 DAGs
[2023-11-03T00:08:14.256+0000] {logging_mixin.py:151} INFO - [2023-11-03T00:08:14.256+0000] {dag.py:3722} INFO - Setting next_dagrun for example_short_circuit_decorator to 2023-11-02T00:08:14.256373+00:00, run_after=2023-11-03T00:08:14.256373+00:00
[2023-11-03T00:08:14.714+0000] {processor.py:179} INFO - Processing /home/airflow/.local/lib/python3.8/site-packages/airflow/example_dags/example_short_circuit_decorator.py took 0.574 seconds
[2023-11-03T00:08:44.809+0000] {processor.py:157} INFO - Started process (PID=2145) to work on /home/airflow/.local/lib/python3.8/site-packages/airflow/example_dags/example_short_circuit_decorator.py
[2023-11-03T00:08:44.810+0000] {processor.py:829} INFO - Processing file /home/airflow/.local/lib/python3.8/site-packages/airflow/example_dags/example_short_circuit_decorator.py for tasks to queue
[2023-11-03T00:08:44.812+0000] {logging_mixin.py:151} INFO - [2023-11-03T00:08:44.812+0000] {dagbag.py:536} INFO - Filling up the DagBag from /home/airflow/.local/lib/python3.8/site-packages/airflow/example_dags/example_short_circuit_decorator.py
[2023-11-03T00:08:44.823+0000] {processor.py:839} INFO - DAG(s) dict_keys(['example_short_circuit_decorator']) retrieved from /home/airflow/.local/lib/python3.8/site-packages/airflow/example_dags/example_short_circuit_decorator.py
[2023-11-03T00:08:44.868+0000] {logging_mixin.py:151} INFO - [2023-11-03T00:08:44.868+0000] {dag.py:2941} INFO - Sync 1 DAGs
[2023-11-03T00:08:44.895+0000] {logging_mixin.py:151} INFO - [2023-11-03T00:08:44.895+0000] {dag.py:3722} INFO - Setting next_dagrun for example_short_circuit_decorator to 2023-11-02T00:08:44.895368+00:00, run_after=2023-11-03T00:08:44.895368+00:00
[2023-11-03T00:08:44.924+0000] {processor.py:179} INFO - Processing /home/airflow/.local/lib/python3.8/site-packages/airflow/example_dags/example_short_circuit_decorator.py took 0.119 seconds
[2023-11-03T00:09:15.851+0000] {processor.py:157} INFO - Started process (PID=2199) to work on /home/airflow/.local/lib/python3.8/site-packages/airflow/example_dags/example_short_circuit_decorator.py
[2023-11-03T00:09:15.852+0000] {processor.py:829} INFO - Processing file /home/airflow/.local/lib/python3.8/site-packages/airflow/example_dags/example_short_circuit_decorator.py for tasks to queue
[2023-11-03T00:09:15.855+0000] {logging_mixin.py:151} INFO - [2023-11-03T00:09:15.854+0000] {dagbag.py:536} INFO - Filling up the DagBag from /home/airflow/.local/lib/python3.8/site-packages/airflow/example_dags/example_short_circuit_decorator.py
[2023-11-03T00:09:15.864+0000] {processor.py:839} INFO - DAG(s) dict_keys(['example_short_circuit_decorator']) retrieved from /home/airflow/.local/lib/python3.8/site-packages/airflow/example_dags/example_short_circuit_decorator.py
[2023-11-03T00:09:15.892+0000] {logging_mixin.py:151} INFO - [2023-11-03T00:09:15.892+0000] {dag.py:2941} INFO - Sync 1 DAGs
[2023-11-03T00:09:15.922+0000] {logging_mixin.py:151} INFO - [2023-11-03T00:09:15.921+0000] {dag.py:3722} INFO - Setting next_dagrun for example_short_circuit_decorator to 2023-11-02T00:09:15.921581+00:00, run_after=2023-11-03T00:09:15.921581+00:00
[2023-11-03T00:09:15.953+0000] {processor.py:179} INFO - Processing /home/airflow/.local/lib/python3.8/site-packages/airflow/example_dags/example_short_circuit_decorator.py took 0.106 seconds
[2023-11-03T00:09:47.190+0000] {processor.py:157} INFO - Started process (PID=2253) to work on /home/airflow/.local/lib/python3.8/site-packages/airflow/example_dags/example_short_circuit_decorator.py
[2023-11-03T00:09:47.192+0000] {processor.py:829} INFO - Processing file /home/airflow/.local/lib/python3.8/site-packages/airflow/example_dags/example_short_circuit_decorator.py for tasks to queue
[2023-11-03T00:09:47.195+0000] {logging_mixin.py:151} INFO - [2023-11-03T00:09:47.195+0000] {dagbag.py:536} INFO - Filling up the DagBag from /home/airflow/.local/lib/python3.8/site-packages/airflow/example_dags/example_short_circuit_decorator.py
[2023-11-03T00:09:47.210+0000] {processor.py:839} INFO - DAG(s) dict_keys(['example_short_circuit_decorator']) retrieved from /home/airflow/.local/lib/python3.8/site-packages/airflow/example_dags/example_short_circuit_decorator.py
[2023-11-03T00:09:47.254+0000] {logging_mixin.py:151} INFO - [2023-11-03T00:09:47.254+0000] {dag.py:2941} INFO - Sync 1 DAGs
[2023-11-03T00:09:47.291+0000] {logging_mixin.py:151} INFO - [2023-11-03T00:09:47.290+0000] {dag.py:3722} INFO - Setting next_dagrun for example_short_circuit_decorator to 2023-11-02T00:09:47.290636+00:00, run_after=2023-11-03T00:09:47.290636+00:00
[2023-11-03T00:09:47.372+0000] {processor.py:179} INFO - Processing /home/airflow/.local/lib/python3.8/site-packages/airflow/example_dags/example_short_circuit_decorator.py took 0.186 seconds
[2023-11-03T00:10:18.555+0000] {processor.py:157} INFO - Started process (PID=2314) to work on /home/airflow/.local/lib/python3.8/site-packages/airflow/example_dags/example_short_circuit_decorator.py
[2023-11-03T00:10:18.557+0000] {processor.py:829} INFO - Processing file /home/airflow/.local/lib/python3.8/site-packages/airflow/example_dags/example_short_circuit_decorator.py for tasks to queue
[2023-11-03T00:10:18.559+0000] {logging_mixin.py:151} INFO - [2023-11-03T00:10:18.559+0000] {dagbag.py:536} INFO - Filling up the DagBag from /home/airflow/.local/lib/python3.8/site-packages/airflow/example_dags/example_short_circuit_decorator.py
[2023-11-03T00:10:18.571+0000] {processor.py:839} INFO - DAG(s) dict_keys(['example_short_circuit_decorator']) retrieved from /home/airflow/.local/lib/python3.8/site-packages/airflow/example_dags/example_short_circuit_decorator.py
[2023-11-03T00:10:18.607+0000] {logging_mixin.py:151} INFO - [2023-11-03T00:10:18.606+0000] {dag.py:2941} INFO - Sync 1 DAGs
[2023-11-03T00:10:18.640+0000] {logging_mixin.py:151} INFO - [2023-11-03T00:10:18.640+0000] {dag.py:3722} INFO - Setting next_dagrun for example_short_circuit_decorator to 2023-11-02T00:10:18.640339+00:00, run_after=2023-11-03T00:10:18.640339+00:00
[2023-11-03T00:10:18.873+0000] {processor.py:179} INFO - Processing /home/airflow/.local/lib/python3.8/site-packages/airflow/example_dags/example_short_circuit_decorator.py took 0.323 seconds
[2023-11-03T00:10:49.506+0000] {processor.py:157} INFO - Started process (PID=2368) to work on /home/airflow/.local/lib/python3.8/site-packages/airflow/example_dags/example_short_circuit_decorator.py
[2023-11-03T00:10:49.508+0000] {processor.py:829} INFO - Processing file /home/airflow/.local/lib/python3.8/site-packages/airflow/example_dags/example_short_circuit_decorator.py for tasks to queue
[2023-11-03T00:10:49.511+0000] {logging_mixin.py:151} INFO - [2023-11-03T00:10:49.510+0000] {dagbag.py:536} INFO - Filling up the DagBag from /home/airflow/.local/lib/python3.8/site-packages/airflow/example_dags/example_short_circuit_decorator.py
[2023-11-03T00:10:49.525+0000] {processor.py:839} INFO - DAG(s) dict_keys(['example_short_circuit_decorator']) retrieved from /home/airflow/.local/lib/python3.8/site-packages/airflow/example_dags/example_short_circuit_decorator.py
[2023-11-03T00:10:49.569+0000] {logging_mixin.py:151} INFO - [2023-11-03T00:10:49.568+0000] {dag.py:2941} INFO - Sync 1 DAGs
[2023-11-03T00:10:49.598+0000] {logging_mixin.py:151} INFO - [2023-11-03T00:10:49.598+0000] {dag.py:3722} INFO - Setting next_dagrun for example_short_circuit_decorator to 2023-11-02T00:10:49.597637+00:00, run_after=2023-11-03T00:10:49.597637+00:00
[2023-11-03T00:10:49.636+0000] {processor.py:179} INFO - Processing /home/airflow/.local/lib/python3.8/site-packages/airflow/example_dags/example_short_circuit_decorator.py took 0.134 seconds
[2023-11-03T00:11:20.165+0000] {processor.py:157} INFO - Started process (PID=2422) to work on /home/airflow/.local/lib/python3.8/site-packages/airflow/example_dags/example_short_circuit_decorator.py
[2023-11-03T00:11:20.166+0000] {processor.py:829} INFO - Processing file /home/airflow/.local/lib/python3.8/site-packages/airflow/example_dags/example_short_circuit_decorator.py for tasks to queue
[2023-11-03T00:11:20.169+0000] {logging_mixin.py:151} INFO - [2023-11-03T00:11:20.168+0000] {dagbag.py:536} INFO - Filling up the DagBag from /home/airflow/.local/lib/python3.8/site-packages/airflow/example_dags/example_short_circuit_decorator.py
[2023-11-03T00:11:20.182+0000] {processor.py:839} INFO - DAG(s) dict_keys(['example_short_circuit_decorator']) retrieved from /home/airflow/.local/lib/python3.8/site-packages/airflow/example_dags/example_short_circuit_decorator.py
[2023-11-03T00:11:20.227+0000] {logging_mixin.py:151} INFO - [2023-11-03T00:11:20.227+0000] {dag.py:2941} INFO - Sync 1 DAGs
[2023-11-03T00:11:20.257+0000] {logging_mixin.py:151} INFO - [2023-11-03T00:11:20.257+0000] {dag.py:3722} INFO - Setting next_dagrun for example_short_circuit_decorator to 2023-11-02T00:11:20.256911+00:00, run_after=2023-11-03T00:11:20.256911+00:00
[2023-11-03T00:11:20.292+0000] {processor.py:179} INFO - Processing /home/airflow/.local/lib/python3.8/site-packages/airflow/example_dags/example_short_circuit_decorator.py took 0.131 seconds
[2023-11-03T00:11:50.627+0000] {processor.py:157} INFO - Started process (PID=2476) to work on /home/airflow/.local/lib/python3.8/site-packages/airflow/example_dags/example_short_circuit_decorator.py
[2023-11-03T00:11:50.628+0000] {processor.py:829} INFO - Processing file /home/airflow/.local/lib/python3.8/site-packages/airflow/example_dags/example_short_circuit_decorator.py for tasks to queue
[2023-11-03T00:11:50.631+0000] {logging_mixin.py:151} INFO - [2023-11-03T00:11:50.630+0000] {dagbag.py:536} INFO - Filling up the DagBag from /home/airflow/.local/lib/python3.8/site-packages/airflow/example_dags/example_short_circuit_decorator.py
[2023-11-03T00:11:50.642+0000] {processor.py:839} INFO - DAG(s) dict_keys(['example_short_circuit_decorator']) retrieved from /home/airflow/.local/lib/python3.8/site-packages/airflow/example_dags/example_short_circuit_decorator.py
[2023-11-03T00:11:50.675+0000] {logging_mixin.py:151} INFO - [2023-11-03T00:11:50.675+0000] {dag.py:2941} INFO - Sync 1 DAGs
[2023-11-03T00:11:50.920+0000] {logging_mixin.py:151} INFO - [2023-11-03T00:11:50.920+0000] {dag.py:3722} INFO - Setting next_dagrun for example_short_circuit_decorator to 2023-11-02T00:11:50.920441+00:00, run_after=2023-11-03T00:11:50.920441+00:00
[2023-11-03T00:11:50.950+0000] {processor.py:179} INFO - Processing /home/airflow/.local/lib/python3.8/site-packages/airflow/example_dags/example_short_circuit_decorator.py took 0.327 seconds
[2023-11-03T00:12:21.811+0000] {processor.py:157} INFO - Started process (PID=2531) to work on /home/airflow/.local/lib/python3.8/site-packages/airflow/example_dags/example_short_circuit_decorator.py
[2023-11-03T00:12:21.812+0000] {processor.py:829} INFO - Processing file /home/airflow/.local/lib/python3.8/site-packages/airflow/example_dags/example_short_circuit_decorator.py for tasks to queue
[2023-11-03T00:12:21.814+0000] {logging_mixin.py:151} INFO - [2023-11-03T00:12:21.813+0000] {dagbag.py:536} INFO - Filling up the DagBag from /home/airflow/.local/lib/python3.8/site-packages/airflow/example_dags/example_short_circuit_decorator.py
[2023-11-03T00:12:21.825+0000] {processor.py:839} INFO - DAG(s) dict_keys(['example_short_circuit_decorator']) retrieved from /home/airflow/.local/lib/python3.8/site-packages/airflow/example_dags/example_short_circuit_decorator.py
[2023-11-03T00:12:21.859+0000] {logging_mixin.py:151} INFO - [2023-11-03T00:12:21.859+0000] {dag.py:2941} INFO - Sync 1 DAGs
[2023-11-03T00:12:21.899+0000] {logging_mixin.py:151} INFO - [2023-11-03T00:12:21.898+0000] {dag.py:3722} INFO - Setting next_dagrun for example_short_circuit_decorator to 2023-11-02T00:12:21.898021+00:00, run_after=2023-11-03T00:12:21.898021+00:00
[2023-11-03T00:12:22.158+0000] {processor.py:179} INFO - Processing /home/airflow/.local/lib/python3.8/site-packages/airflow/example_dags/example_short_circuit_decorator.py took 0.352 seconds
[2023-11-03T00:12:52.938+0000] {processor.py:157} INFO - Started process (PID=2585) to work on /home/airflow/.local/lib/python3.8/site-packages/airflow/example_dags/example_short_circuit_decorator.py
[2023-11-03T00:12:52.939+0000] {processor.py:829} INFO - Processing file /home/airflow/.local/lib/python3.8/site-packages/airflow/example_dags/example_short_circuit_decorator.py for tasks to queue
[2023-11-03T00:12:52.941+0000] {logging_mixin.py:151} INFO - [2023-11-03T00:12:52.941+0000] {dagbag.py:536} INFO - Filling up the DagBag from /home/airflow/.local/lib/python3.8/site-packages/airflow/example_dags/example_short_circuit_decorator.py
[2023-11-03T00:12:52.960+0000] {processor.py:839} INFO - DAG(s) dict_keys(['example_short_circuit_decorator']) retrieved from /home/airflow/.local/lib/python3.8/site-packages/airflow/example_dags/example_short_circuit_decorator.py
[2023-11-03T00:12:52.992+0000] {logging_mixin.py:151} INFO - [2023-11-03T00:12:52.991+0000] {dag.py:2941} INFO - Sync 1 DAGs
[2023-11-03T00:12:53.020+0000] {logging_mixin.py:151} INFO - [2023-11-03T00:12:53.020+0000] {dag.py:3722} INFO - Setting next_dagrun for example_short_circuit_decorator to 2023-11-02T00:12:53.019676+00:00, run_after=2023-11-03T00:12:53.019676+00:00
[2023-11-03T00:12:53.049+0000] {processor.py:179} INFO - Processing /home/airflow/.local/lib/python3.8/site-packages/airflow/example_dags/example_short_circuit_decorator.py took 0.115 seconds
[2023-11-03T00:13:24.194+0000] {processor.py:157} INFO - Started process (PID=2639) to work on /home/airflow/.local/lib/python3.8/site-packages/airflow/example_dags/example_short_circuit_decorator.py
[2023-11-03T00:13:24.195+0000] {processor.py:829} INFO - Processing file /home/airflow/.local/lib/python3.8/site-packages/airflow/example_dags/example_short_circuit_decorator.py for tasks to queue
[2023-11-03T00:13:24.198+0000] {logging_mixin.py:151} INFO - [2023-11-03T00:13:24.198+0000] {dagbag.py:536} INFO - Filling up the DagBag from /home/airflow/.local/lib/python3.8/site-packages/airflow/example_dags/example_short_circuit_decorator.py
[2023-11-03T00:13:24.210+0000] {processor.py:839} INFO - DAG(s) dict_keys(['example_short_circuit_decorator']) retrieved from /home/airflow/.local/lib/python3.8/site-packages/airflow/example_dags/example_short_circuit_decorator.py
[2023-11-03T00:13:24.247+0000] {logging_mixin.py:151} INFO - [2023-11-03T00:13:24.246+0000] {dag.py:2941} INFO - Sync 1 DAGs
[2023-11-03T00:13:24.459+0000] {logging_mixin.py:151} INFO - [2023-11-03T00:13:24.458+0000] {dag.py:3722} INFO - Setting next_dagrun for example_short_circuit_decorator to 2023-11-02T00:13:24.458801+00:00, run_after=2023-11-03T00:13:24.458801+00:00
[2023-11-03T00:13:24.492+0000] {processor.py:179} INFO - Processing /home/airflow/.local/lib/python3.8/site-packages/airflow/example_dags/example_short_circuit_decorator.py took 0.301 seconds
[2023-11-03T00:13:54.936+0000] {processor.py:157} INFO - Started process (PID=2693) to work on /home/airflow/.local/lib/python3.8/site-packages/airflow/example_dags/example_short_circuit_decorator.py
[2023-11-03T00:13:54.937+0000] {processor.py:829} INFO - Processing file /home/airflow/.local/lib/python3.8/site-packages/airflow/example_dags/example_short_circuit_decorator.py for tasks to queue
[2023-11-03T00:13:54.940+0000] {logging_mixin.py:151} INFO - [2023-11-03T00:13:54.939+0000] {dagbag.py:536} INFO - Filling up the DagBag from /home/airflow/.local/lib/python3.8/site-packages/airflow/example_dags/example_short_circuit_decorator.py
[2023-11-03T00:13:54.948+0000] {processor.py:839} INFO - DAG(s) dict_keys(['example_short_circuit_decorator']) retrieved from /home/airflow/.local/lib/python3.8/site-packages/airflow/example_dags/example_short_circuit_decorator.py
[2023-11-03T00:13:54.975+0000] {logging_mixin.py:151} INFO - [2023-11-03T00:13:54.975+0000] {dag.py:2941} INFO - Sync 1 DAGs
[2023-11-03T00:13:55.000+0000] {logging_mixin.py:151} INFO - [2023-11-03T00:13:55.000+0000] {dag.py:3722} INFO - Setting next_dagrun for example_short_circuit_decorator to 2023-11-02T00:13:54.999752+00:00, run_after=2023-11-03T00:13:54.999752+00:00
[2023-11-03T00:13:55.030+0000] {processor.py:179} INFO - Processing /home/airflow/.local/lib/python3.8/site-packages/airflow/example_dags/example_short_circuit_decorator.py took 0.097 seconds
[2023-11-03T00:14:25.583+0000] {processor.py:157} INFO - Started process (PID=2747) to work on /home/airflow/.local/lib/python3.8/site-packages/airflow/example_dags/example_short_circuit_decorator.py
[2023-11-03T00:14:25.584+0000] {processor.py:829} INFO - Processing file /home/airflow/.local/lib/python3.8/site-packages/airflow/example_dags/example_short_circuit_decorator.py for tasks to queue
[2023-11-03T00:14:25.587+0000] {logging_mixin.py:151} INFO - [2023-11-03T00:14:25.586+0000] {dagbag.py:536} INFO - Filling up the DagBag from /home/airflow/.local/lib/python3.8/site-packages/airflow/example_dags/example_short_circuit_decorator.py
[2023-11-03T00:14:25.604+0000] {processor.py:839} INFO - DAG(s) dict_keys(['example_short_circuit_decorator']) retrieved from /home/airflow/.local/lib/python3.8/site-packages/airflow/example_dags/example_short_circuit_decorator.py
[2023-11-03T00:14:25.653+0000] {logging_mixin.py:151} INFO - [2023-11-03T00:14:25.652+0000] {dag.py:2941} INFO - Sync 1 DAGs
[2023-11-03T00:14:25.684+0000] {logging_mixin.py:151} INFO - [2023-11-03T00:14:25.683+0000] {dag.py:3722} INFO - Setting next_dagrun for example_short_circuit_decorator to 2023-11-02T00:14:25.683515+00:00, run_after=2023-11-03T00:14:25.683515+00:00
[2023-11-03T00:14:25.712+0000] {processor.py:179} INFO - Processing /home/airflow/.local/lib/python3.8/site-packages/airflow/example_dags/example_short_circuit_decorator.py took 0.133 seconds
[2023-11-03T00:14:55.757+0000] {processor.py:157} INFO - Started process (PID=2801) to work on /home/airflow/.local/lib/python3.8/site-packages/airflow/example_dags/example_short_circuit_decorator.py
[2023-11-03T00:14:55.758+0000] {processor.py:829} INFO - Processing file /home/airflow/.local/lib/python3.8/site-packages/airflow/example_dags/example_short_circuit_decorator.py for tasks to queue
[2023-11-03T00:14:55.761+0000] {logging_mixin.py:151} INFO - [2023-11-03T00:14:55.760+0000] {dagbag.py:536} INFO - Filling up the DagBag from /home/airflow/.local/lib/python3.8/site-packages/airflow/example_dags/example_short_circuit_decorator.py
[2023-11-03T00:14:55.770+0000] {processor.py:839} INFO - DAG(s) dict_keys(['example_short_circuit_decorator']) retrieved from /home/airflow/.local/lib/python3.8/site-packages/airflow/example_dags/example_short_circuit_decorator.py
[2023-11-03T00:14:55.810+0000] {logging_mixin.py:151} INFO - [2023-11-03T00:14:55.810+0000] {dag.py:2941} INFO - Sync 1 DAGs
[2023-11-03T00:14:55.843+0000] {logging_mixin.py:151} INFO - [2023-11-03T00:14:55.843+0000] {dag.py:3722} INFO - Setting next_dagrun for example_short_circuit_decorator to 2023-11-02T00:14:55.842879+00:00, run_after=2023-11-03T00:14:55.842879+00:00
[2023-11-03T00:14:55.878+0000] {processor.py:179} INFO - Processing /home/airflow/.local/lib/python3.8/site-packages/airflow/example_dags/example_short_circuit_decorator.py took 0.125 seconds
[2023-11-03T00:15:26.130+0000] {processor.py:157} INFO - Started process (PID=2856) to work on /home/airflow/.local/lib/python3.8/site-packages/airflow/example_dags/example_short_circuit_decorator.py
[2023-11-03T00:15:26.131+0000] {processor.py:829} INFO - Processing file /home/airflow/.local/lib/python3.8/site-packages/airflow/example_dags/example_short_circuit_decorator.py for tasks to queue
[2023-11-03T00:15:26.133+0000] {logging_mixin.py:151} INFO - [2023-11-03T00:15:26.132+0000] {dagbag.py:536} INFO - Filling up the DagBag from /home/airflow/.local/lib/python3.8/site-packages/airflow/example_dags/example_short_circuit_decorator.py
[2023-11-03T00:15:26.142+0000] {processor.py:839} INFO - DAG(s) dict_keys(['example_short_circuit_decorator']) retrieved from /home/airflow/.local/lib/python3.8/site-packages/airflow/example_dags/example_short_circuit_decorator.py
[2023-11-03T00:15:26.169+0000] {logging_mixin.py:151} INFO - [2023-11-03T00:15:26.169+0000] {dag.py:2941} INFO - Sync 1 DAGs
[2023-11-03T00:15:26.194+0000] {logging_mixin.py:151} INFO - [2023-11-03T00:15:26.194+0000] {dag.py:3722} INFO - Setting next_dagrun for example_short_circuit_decorator to 2023-11-02T00:15:26.194283+00:00, run_after=2023-11-03T00:15:26.194283+00:00
[2023-11-03T00:15:26.220+0000] {processor.py:179} INFO - Processing /home/airflow/.local/lib/python3.8/site-packages/airflow/example_dags/example_short_circuit_decorator.py took 0.094 seconds
[2023-11-03T00:15:56.423+0000] {processor.py:157} INFO - Started process (PID=2910) to work on /home/airflow/.local/lib/python3.8/site-packages/airflow/example_dags/example_short_circuit_decorator.py
[2023-11-03T00:15:56.425+0000] {processor.py:829} INFO - Processing file /home/airflow/.local/lib/python3.8/site-packages/airflow/example_dags/example_short_circuit_decorator.py for tasks to queue
[2023-11-03T00:15:56.427+0000] {logging_mixin.py:151} INFO - [2023-11-03T00:15:56.427+0000] {dagbag.py:536} INFO - Filling up the DagBag from /home/airflow/.local/lib/python3.8/site-packages/airflow/example_dags/example_short_circuit_decorator.py
[2023-11-03T00:15:56.435+0000] {processor.py:839} INFO - DAG(s) dict_keys(['example_short_circuit_decorator']) retrieved from /home/airflow/.local/lib/python3.8/site-packages/airflow/example_dags/example_short_circuit_decorator.py
[2023-11-03T00:15:56.462+0000] {logging_mixin.py:151} INFO - [2023-11-03T00:15:56.462+0000] {dag.py:2941} INFO - Sync 1 DAGs
[2023-11-03T00:15:56.486+0000] {logging_mixin.py:151} INFO - [2023-11-03T00:15:56.486+0000] {dag.py:3722} INFO - Setting next_dagrun for example_short_circuit_decorator to 2023-11-02T00:15:56.486282+00:00, run_after=2023-11-03T00:15:56.486282+00:00
[2023-11-03T00:15:56.514+0000] {processor.py:179} INFO - Processing /home/airflow/.local/lib/python3.8/site-packages/airflow/example_dags/example_short_circuit_decorator.py took 0.094 seconds
[2023-11-03T00:16:26.582+0000] {processor.py:157} INFO - Started process (PID=2964) to work on /home/airflow/.local/lib/python3.8/site-packages/airflow/example_dags/example_short_circuit_decorator.py
[2023-11-03T00:16:26.583+0000] {processor.py:829} INFO - Processing file /home/airflow/.local/lib/python3.8/site-packages/airflow/example_dags/example_short_circuit_decorator.py for tasks to queue
[2023-11-03T00:16:26.585+0000] {logging_mixin.py:151} INFO - [2023-11-03T00:16:26.585+0000] {dagbag.py:536} INFO - Filling up the DagBag from /home/airflow/.local/lib/python3.8/site-packages/airflow/example_dags/example_short_circuit_decorator.py
[2023-11-03T00:16:26.594+0000] {processor.py:839} INFO - DAG(s) dict_keys(['example_short_circuit_decorator']) retrieved from /home/airflow/.local/lib/python3.8/site-packages/airflow/example_dags/example_short_circuit_decorator.py
[2023-11-03T00:16:26.624+0000] {logging_mixin.py:151} INFO - [2023-11-03T00:16:26.624+0000] {dag.py:2941} INFO - Sync 1 DAGs
[2023-11-03T00:16:26.652+0000] {logging_mixin.py:151} INFO - [2023-11-03T00:16:26.652+0000] {dag.py:3722} INFO - Setting next_dagrun for example_short_circuit_decorator to 2023-11-02T00:16:26.652324+00:00, run_after=2023-11-03T00:16:26.652324+00:00
[2023-11-03T00:16:26.684+0000] {processor.py:179} INFO - Processing /home/airflow/.local/lib/python3.8/site-packages/airflow/example_dags/example_short_circuit_decorator.py took 0.105 seconds
[2023-11-03T00:16:56.892+0000] {processor.py:157} INFO - Started process (PID=3019) to work on /home/airflow/.local/lib/python3.8/site-packages/airflow/example_dags/example_short_circuit_decorator.py
[2023-11-03T00:16:56.893+0000] {processor.py:829} INFO - Processing file /home/airflow/.local/lib/python3.8/site-packages/airflow/example_dags/example_short_circuit_decorator.py for tasks to queue
[2023-11-03T00:16:56.895+0000] {logging_mixin.py:151} INFO - [2023-11-03T00:16:56.895+0000] {dagbag.py:536} INFO - Filling up the DagBag from /home/airflow/.local/lib/python3.8/site-packages/airflow/example_dags/example_short_circuit_decorator.py
[2023-11-03T00:16:56.908+0000] {processor.py:839} INFO - DAG(s) dict_keys(['example_short_circuit_decorator']) retrieved from /home/airflow/.local/lib/python3.8/site-packages/airflow/example_dags/example_short_circuit_decorator.py
[2023-11-03T00:16:56.941+0000] {logging_mixin.py:151} INFO - [2023-11-03T00:16:56.941+0000] {dag.py:2941} INFO - Sync 1 DAGs
[2023-11-03T00:16:56.966+0000] {logging_mixin.py:151} INFO - [2023-11-03T00:16:56.966+0000] {dag.py:3722} INFO - Setting next_dagrun for example_short_circuit_decorator to 2023-11-02T00:16:56.965991+00:00, run_after=2023-11-03T00:16:56.965991+00:00
[2023-11-03T00:16:56.995+0000] {processor.py:179} INFO - Processing /home/airflow/.local/lib/python3.8/site-packages/airflow/example_dags/example_short_circuit_decorator.py took 0.107 seconds
[2023-11-03T00:17:27.084+0000] {processor.py:157} INFO - Started process (PID=3072) to work on /home/airflow/.local/lib/python3.8/site-packages/airflow/example_dags/example_short_circuit_decorator.py
[2023-11-03T00:17:27.086+0000] {processor.py:829} INFO - Processing file /home/airflow/.local/lib/python3.8/site-packages/airflow/example_dags/example_short_circuit_decorator.py for tasks to queue
[2023-11-03T00:17:27.088+0000] {logging_mixin.py:151} INFO - [2023-11-03T00:17:27.087+0000] {dagbag.py:536} INFO - Filling up the DagBag from /home/airflow/.local/lib/python3.8/site-packages/airflow/example_dags/example_short_circuit_decorator.py
[2023-11-03T00:17:27.097+0000] {processor.py:839} INFO - DAG(s) dict_keys(['example_short_circuit_decorator']) retrieved from /home/airflow/.local/lib/python3.8/site-packages/airflow/example_dags/example_short_circuit_decorator.py
[2023-11-03T00:17:27.125+0000] {logging_mixin.py:151} INFO - [2023-11-03T00:17:27.125+0000] {dag.py:2941} INFO - Sync 1 DAGs
[2023-11-03T00:17:27.149+0000] {logging_mixin.py:151} INFO - [2023-11-03T00:17:27.149+0000] {dag.py:3722} INFO - Setting next_dagrun for example_short_circuit_decorator to 2023-11-02T00:17:27.148920+00:00, run_after=2023-11-03T00:17:27.148920+00:00
[2023-11-03T00:17:27.176+0000] {processor.py:179} INFO - Processing /home/airflow/.local/lib/python3.8/site-packages/airflow/example_dags/example_short_circuit_decorator.py took 0.094 seconds
[2023-11-03T00:17:57.591+0000] {processor.py:157} INFO - Started process (PID=3125) to work on /home/airflow/.local/lib/python3.8/site-packages/airflow/example_dags/example_short_circuit_decorator.py
[2023-11-03T00:17:57.592+0000] {processor.py:829} INFO - Processing file /home/airflow/.local/lib/python3.8/site-packages/airflow/example_dags/example_short_circuit_decorator.py for tasks to queue
[2023-11-03T00:17:57.595+0000] {logging_mixin.py:151} INFO - [2023-11-03T00:17:57.595+0000] {dagbag.py:536} INFO - Filling up the DagBag from /home/airflow/.local/lib/python3.8/site-packages/airflow/example_dags/example_short_circuit_decorator.py
[2023-11-03T00:17:57.608+0000] {processor.py:839} INFO - DAG(s) dict_keys(['example_short_circuit_decorator']) retrieved from /home/airflow/.local/lib/python3.8/site-packages/airflow/example_dags/example_short_circuit_decorator.py
[2023-11-03T00:17:57.650+0000] {logging_mixin.py:151} INFO - [2023-11-03T00:17:57.650+0000] {dag.py:2941} INFO - Sync 1 DAGs
[2023-11-03T00:17:57.685+0000] {logging_mixin.py:151} INFO - [2023-11-03T00:17:57.685+0000] {dag.py:3722} INFO - Setting next_dagrun for example_short_circuit_decorator to 2023-11-02T00:17:57.685102+00:00, run_after=2023-11-03T00:17:57.685102+00:00
[2023-11-03T00:17:57.721+0000] {processor.py:179} INFO - Processing /home/airflow/.local/lib/python3.8/site-packages/airflow/example_dags/example_short_circuit_decorator.py took 0.134 seconds
[2023-11-03T00:18:28.281+0000] {processor.py:157} INFO - Started process (PID=3179) to work on /home/airflow/.local/lib/python3.8/site-packages/airflow/example_dags/example_short_circuit_decorator.py
[2023-11-03T00:18:28.282+0000] {processor.py:829} INFO - Processing file /home/airflow/.local/lib/python3.8/site-packages/airflow/example_dags/example_short_circuit_decorator.py for tasks to queue
[2023-11-03T00:18:28.283+0000] {logging_mixin.py:151} INFO - [2023-11-03T00:18:28.283+0000] {dagbag.py:536} INFO - Filling up the DagBag from /home/airflow/.local/lib/python3.8/site-packages/airflow/example_dags/example_short_circuit_decorator.py
[2023-11-03T00:18:28.294+0000] {processor.py:839} INFO - DAG(s) dict_keys(['example_short_circuit_decorator']) retrieved from /home/airflow/.local/lib/python3.8/site-packages/airflow/example_dags/example_short_circuit_decorator.py
[2023-11-03T00:18:28.322+0000] {logging_mixin.py:151} INFO - [2023-11-03T00:18:28.321+0000] {dag.py:2941} INFO - Sync 1 DAGs
[2023-11-03T00:18:28.348+0000] {logging_mixin.py:151} INFO - [2023-11-03T00:18:28.347+0000] {dag.py:3722} INFO - Setting next_dagrun for example_short_circuit_decorator to 2023-11-02T00:18:28.347494+00:00, run_after=2023-11-03T00:18:28.347494+00:00
[2023-11-03T00:18:28.381+0000] {processor.py:179} INFO - Processing /home/airflow/.local/lib/python3.8/site-packages/airflow/example_dags/example_short_circuit_decorator.py took 0.103 seconds
[2023-11-03T00:18:58.698+0000] {processor.py:157} INFO - Started process (PID=3233) to work on /home/airflow/.local/lib/python3.8/site-packages/airflow/example_dags/example_short_circuit_decorator.py
[2023-11-03T00:18:58.699+0000] {processor.py:829} INFO - Processing file /home/airflow/.local/lib/python3.8/site-packages/airflow/example_dags/example_short_circuit_decorator.py for tasks to queue
[2023-11-03T00:18:58.702+0000] {logging_mixin.py:151} INFO - [2023-11-03T00:18:58.701+0000] {dagbag.py:536} INFO - Filling up the DagBag from /home/airflow/.local/lib/python3.8/site-packages/airflow/example_dags/example_short_circuit_decorator.py
[2023-11-03T00:18:58.713+0000] {processor.py:839} INFO - DAG(s) dict_keys(['example_short_circuit_decorator']) retrieved from /home/airflow/.local/lib/python3.8/site-packages/airflow/example_dags/example_short_circuit_decorator.py
[2023-11-03T00:18:58.745+0000] {logging_mixin.py:151} INFO - [2023-11-03T00:18:58.745+0000] {dag.py:2941} INFO - Sync 1 DAGs
[2023-11-03T00:18:58.778+0000] {logging_mixin.py:151} INFO - [2023-11-03T00:18:58.778+0000] {dag.py:3722} INFO - Setting next_dagrun for example_short_circuit_decorator to 2023-11-02T00:18:58.778004+00:00, run_after=2023-11-03T00:18:58.778004+00:00
[2023-11-03T00:18:58.813+0000] {processor.py:179} INFO - Processing /home/airflow/.local/lib/python3.8/site-packages/airflow/example_dags/example_short_circuit_decorator.py took 0.118 seconds
[2023-11-03T00:19:29.193+0000] {processor.py:157} INFO - Started process (PID=3287) to work on /home/airflow/.local/lib/python3.8/site-packages/airflow/example_dags/example_short_circuit_decorator.py
[2023-11-03T00:19:29.194+0000] {processor.py:829} INFO - Processing file /home/airflow/.local/lib/python3.8/site-packages/airflow/example_dags/example_short_circuit_decorator.py for tasks to queue
[2023-11-03T00:19:29.196+0000] {logging_mixin.py:151} INFO - [2023-11-03T00:19:29.196+0000] {dagbag.py:536} INFO - Filling up the DagBag from /home/airflow/.local/lib/python3.8/site-packages/airflow/example_dags/example_short_circuit_decorator.py
[2023-11-03T00:19:29.206+0000] {processor.py:839} INFO - DAG(s) dict_keys(['example_short_circuit_decorator']) retrieved from /home/airflow/.local/lib/python3.8/site-packages/airflow/example_dags/example_short_circuit_decorator.py
[2023-11-03T00:19:29.233+0000] {logging_mixin.py:151} INFO - [2023-11-03T00:19:29.233+0000] {dag.py:2941} INFO - Sync 1 DAGs
[2023-11-03T00:19:29.260+0000] {logging_mixin.py:151} INFO - [2023-11-03T00:19:29.260+0000] {dag.py:3722} INFO - Setting next_dagrun for example_short_circuit_decorator to 2023-11-02T00:19:29.259705+00:00, run_after=2023-11-03T00:19:29.259705+00:00
[2023-11-03T00:19:29.289+0000] {processor.py:179} INFO - Processing /home/airflow/.local/lib/python3.8/site-packages/airflow/example_dags/example_short_circuit_decorator.py took 0.099 seconds
[2023-11-03T00:19:59.421+0000] {processor.py:157} INFO - Started process (PID=3342) to work on /home/airflow/.local/lib/python3.8/site-packages/airflow/example_dags/example_short_circuit_decorator.py
[2023-11-03T00:19:59.423+0000] {processor.py:829} INFO - Processing file /home/airflow/.local/lib/python3.8/site-packages/airflow/example_dags/example_short_circuit_decorator.py for tasks to queue
[2023-11-03T00:19:59.425+0000] {logging_mixin.py:151} INFO - [2023-11-03T00:19:59.424+0000] {dagbag.py:536} INFO - Filling up the DagBag from /home/airflow/.local/lib/python3.8/site-packages/airflow/example_dags/example_short_circuit_decorator.py
[2023-11-03T00:19:59.434+0000] {processor.py:839} INFO - DAG(s) dict_keys(['example_short_circuit_decorator']) retrieved from /home/airflow/.local/lib/python3.8/site-packages/airflow/example_dags/example_short_circuit_decorator.py
[2023-11-03T00:19:59.462+0000] {logging_mixin.py:151} INFO - [2023-11-03T00:19:59.461+0000] {dag.py:2941} INFO - Sync 1 DAGs
[2023-11-03T00:19:59.487+0000] {logging_mixin.py:151} INFO - [2023-11-03T00:19:59.487+0000] {dag.py:3722} INFO - Setting next_dagrun for example_short_circuit_decorator to 2023-11-02T00:19:59.487240+00:00, run_after=2023-11-03T00:19:59.487240+00:00
[2023-11-03T00:19:59.515+0000] {processor.py:179} INFO - Processing /home/airflow/.local/lib/python3.8/site-packages/airflow/example_dags/example_short_circuit_decorator.py took 0.097 seconds
[2023-11-03T00:20:29.849+0000] {processor.py:157} INFO - Started process (PID=3395) to work on /home/airflow/.local/lib/python3.8/site-packages/airflow/example_dags/example_short_circuit_decorator.py
[2023-11-03T00:20:29.850+0000] {processor.py:829} INFO - Processing file /home/airflow/.local/lib/python3.8/site-packages/airflow/example_dags/example_short_circuit_decorator.py for tasks to queue
[2023-11-03T00:20:29.852+0000] {logging_mixin.py:151} INFO - [2023-11-03T00:20:29.852+0000] {dagbag.py:536} INFO - Filling up the DagBag from /home/airflow/.local/lib/python3.8/site-packages/airflow/example_dags/example_short_circuit_decorator.py
[2023-11-03T00:20:29.862+0000] {processor.py:839} INFO - DAG(s) dict_keys(['example_short_circuit_decorator']) retrieved from /home/airflow/.local/lib/python3.8/site-packages/airflow/example_dags/example_short_circuit_decorator.py
[2023-11-03T00:20:29.892+0000] {logging_mixin.py:151} INFO - [2023-11-03T00:20:29.892+0000] {dag.py:2941} INFO - Sync 1 DAGs
[2023-11-03T00:20:29.919+0000] {logging_mixin.py:151} INFO - [2023-11-03T00:20:29.919+0000] {dag.py:3722} INFO - Setting next_dagrun for example_short_circuit_decorator to 2023-11-02T00:20:29.918894+00:00, run_after=2023-11-03T00:20:29.918894+00:00
[2023-11-03T00:20:29.949+0000] {processor.py:179} INFO - Processing /home/airflow/.local/lib/python3.8/site-packages/airflow/example_dags/example_short_circuit_decorator.py took 0.103 seconds
[2023-11-03T00:21:00.119+0000] {processor.py:157} INFO - Started process (PID=3449) to work on /home/airflow/.local/lib/python3.8/site-packages/airflow/example_dags/example_short_circuit_decorator.py
[2023-11-03T00:21:00.121+0000] {processor.py:829} INFO - Processing file /home/airflow/.local/lib/python3.8/site-packages/airflow/example_dags/example_short_circuit_decorator.py for tasks to queue
[2023-11-03T00:21:00.123+0000] {logging_mixin.py:151} INFO - [2023-11-03T00:21:00.123+0000] {dagbag.py:536} INFO - Filling up the DagBag from /home/airflow/.local/lib/python3.8/site-packages/airflow/example_dags/example_short_circuit_decorator.py
[2023-11-03T00:21:00.135+0000] {processor.py:839} INFO - DAG(s) dict_keys(['example_short_circuit_decorator']) retrieved from /home/airflow/.local/lib/python3.8/site-packages/airflow/example_dags/example_short_circuit_decorator.py
[2023-11-03T00:21:00.174+0000] {logging_mixin.py:151} INFO - [2023-11-03T00:21:00.173+0000] {dag.py:2941} INFO - Sync 1 DAGs
[2023-11-03T00:21:00.202+0000] {logging_mixin.py:151} INFO - [2023-11-03T00:21:00.201+0000] {dag.py:3722} INFO - Setting next_dagrun for example_short_circuit_decorator to 2023-11-02T00:21:00.201757+00:00, run_after=2023-11-03T00:21:00.201757+00:00
[2023-11-03T00:21:00.251+0000] {processor.py:179} INFO - Processing /home/airflow/.local/lib/python3.8/site-packages/airflow/example_dags/example_short_circuit_decorator.py took 0.136 seconds
[2023-11-03T00:21:30.362+0000] {processor.py:157} INFO - Started process (PID=3504) to work on /home/airflow/.local/lib/python3.8/site-packages/airflow/example_dags/example_short_circuit_decorator.py
[2023-11-03T00:21:30.363+0000] {processor.py:829} INFO - Processing file /home/airflow/.local/lib/python3.8/site-packages/airflow/example_dags/example_short_circuit_decorator.py for tasks to queue
[2023-11-03T00:21:30.366+0000] {logging_mixin.py:151} INFO - [2023-11-03T00:21:30.366+0000] {dagbag.py:536} INFO - Filling up the DagBag from /home/airflow/.local/lib/python3.8/site-packages/airflow/example_dags/example_short_circuit_decorator.py
[2023-11-03T00:21:30.376+0000] {processor.py:839} INFO - DAG(s) dict_keys(['example_short_circuit_decorator']) retrieved from /home/airflow/.local/lib/python3.8/site-packages/airflow/example_dags/example_short_circuit_decorator.py
[2023-11-03T00:21:30.403+0000] {logging_mixin.py:151} INFO - [2023-11-03T00:21:30.403+0000] {dag.py:2941} INFO - Sync 1 DAGs
[2023-11-03T00:21:30.427+0000] {logging_mixin.py:151} INFO - [2023-11-03T00:21:30.427+0000] {dag.py:3722} INFO - Setting next_dagrun for example_short_circuit_decorator to 2023-11-02T00:21:30.426830+00:00, run_after=2023-11-03T00:21:30.426830+00:00
[2023-11-03T00:21:30.457+0000] {processor.py:179} INFO - Processing /home/airflow/.local/lib/python3.8/site-packages/airflow/example_dags/example_short_circuit_decorator.py took 0.098 seconds
[2023-11-03T00:22:00.839+0000] {processor.py:157} INFO - Started process (PID=3558) to work on /home/airflow/.local/lib/python3.8/site-packages/airflow/example_dags/example_short_circuit_decorator.py
[2023-11-03T00:22:00.840+0000] {processor.py:829} INFO - Processing file /home/airflow/.local/lib/python3.8/site-packages/airflow/example_dags/example_short_circuit_decorator.py for tasks to queue
[2023-11-03T00:22:00.843+0000] {logging_mixin.py:151} INFO - [2023-11-03T00:22:00.843+0000] {dagbag.py:536} INFO - Filling up the DagBag from /home/airflow/.local/lib/python3.8/site-packages/airflow/example_dags/example_short_circuit_decorator.py
[2023-11-03T00:22:00.853+0000] {processor.py:839} INFO - DAG(s) dict_keys(['example_short_circuit_decorator']) retrieved from /home/airflow/.local/lib/python3.8/site-packages/airflow/example_dags/example_short_circuit_decorator.py
[2023-11-03T00:22:00.884+0000] {logging_mixin.py:151} INFO - [2023-11-03T00:22:00.883+0000] {dag.py:2941} INFO - Sync 1 DAGs
[2023-11-03T00:22:00.909+0000] {logging_mixin.py:151} INFO - [2023-11-03T00:22:00.908+0000] {dag.py:3722} INFO - Setting next_dagrun for example_short_circuit_decorator to 2023-11-02T00:22:00.908624+00:00, run_after=2023-11-03T00:22:00.908624+00:00
[2023-11-03T00:22:00.936+0000] {processor.py:179} INFO - Processing /home/airflow/.local/lib/python3.8/site-packages/airflow/example_dags/example_short_circuit_decorator.py took 0.101 seconds
[2023-11-03T00:22:31.052+0000] {processor.py:157} INFO - Started process (PID=3611) to work on /home/airflow/.local/lib/python3.8/site-packages/airflow/example_dags/example_short_circuit_decorator.py
[2023-11-03T00:22:31.054+0000] {processor.py:829} INFO - Processing file /home/airflow/.local/lib/python3.8/site-packages/airflow/example_dags/example_short_circuit_decorator.py for tasks to queue
[2023-11-03T00:22:31.057+0000] {logging_mixin.py:151} INFO - [2023-11-03T00:22:31.057+0000] {dagbag.py:536} INFO - Filling up the DagBag from /home/airflow/.local/lib/python3.8/site-packages/airflow/example_dags/example_short_circuit_decorator.py
[2023-11-03T00:22:31.070+0000] {processor.py:839} INFO - DAG(s) dict_keys(['example_short_circuit_decorator']) retrieved from /home/airflow/.local/lib/python3.8/site-packages/airflow/example_dags/example_short_circuit_decorator.py
[2023-11-03T00:22:31.103+0000] {logging_mixin.py:151} INFO - [2023-11-03T00:22:31.103+0000] {dag.py:2941} INFO - Sync 1 DAGs
[2023-11-03T00:22:31.134+0000] {logging_mixin.py:151} INFO - [2023-11-03T00:22:31.134+0000] {dag.py:3722} INFO - Setting next_dagrun for example_short_circuit_decorator to 2023-11-02T00:22:31.134166+00:00, run_after=2023-11-03T00:22:31.134166+00:00
[2023-11-03T00:22:31.165+0000] {processor.py:179} INFO - Processing /home/airflow/.local/lib/python3.8/site-packages/airflow/example_dags/example_short_circuit_decorator.py took 0.117 seconds
[2023-11-03T00:23:01.619+0000] {processor.py:157} INFO - Started process (PID=3665) to work on /home/airflow/.local/lib/python3.8/site-packages/airflow/example_dags/example_short_circuit_decorator.py
[2023-11-03T00:23:01.620+0000] {processor.py:829} INFO - Processing file /home/airflow/.local/lib/python3.8/site-packages/airflow/example_dags/example_short_circuit_decorator.py for tasks to queue
[2023-11-03T00:23:01.622+0000] {logging_mixin.py:151} INFO - [2023-11-03T00:23:01.621+0000] {dagbag.py:536} INFO - Filling up the DagBag from /home/airflow/.local/lib/python3.8/site-packages/airflow/example_dags/example_short_circuit_decorator.py
[2023-11-03T00:23:01.632+0000] {processor.py:839} INFO - DAG(s) dict_keys(['example_short_circuit_decorator']) retrieved from /home/airflow/.local/lib/python3.8/site-packages/airflow/example_dags/example_short_circuit_decorator.py
[2023-11-03T00:23:01.669+0000] {logging_mixin.py:151} INFO - [2023-11-03T00:23:01.669+0000] {dag.py:2941} INFO - Sync 1 DAGs
[2023-11-03T00:23:01.698+0000] {logging_mixin.py:151} INFO - [2023-11-03T00:23:01.697+0000] {dag.py:3722} INFO - Setting next_dagrun for example_short_circuit_decorator to 2023-11-02T00:23:01.697568+00:00, run_after=2023-11-03T00:23:01.697568+00:00
[2023-11-03T00:23:01.737+0000] {processor.py:179} INFO - Processing /home/airflow/.local/lib/python3.8/site-packages/airflow/example_dags/example_short_circuit_decorator.py took 0.121 seconds
[2023-11-03T00:23:32.032+0000] {processor.py:157} INFO - Started process (PID=3719) to work on /home/airflow/.local/lib/python3.8/site-packages/airflow/example_dags/example_short_circuit_decorator.py
[2023-11-03T00:23:32.034+0000] {processor.py:829} INFO - Processing file /home/airflow/.local/lib/python3.8/site-packages/airflow/example_dags/example_short_circuit_decorator.py for tasks to queue
[2023-11-03T00:23:32.036+0000] {logging_mixin.py:151} INFO - [2023-11-03T00:23:32.036+0000] {dagbag.py:536} INFO - Filling up the DagBag from /home/airflow/.local/lib/python3.8/site-packages/airflow/example_dags/example_short_circuit_decorator.py
[2023-11-03T00:23:32.047+0000] {processor.py:839} INFO - DAG(s) dict_keys(['example_short_circuit_decorator']) retrieved from /home/airflow/.local/lib/python3.8/site-packages/airflow/example_dags/example_short_circuit_decorator.py
[2023-11-03T00:23:32.088+0000] {logging_mixin.py:151} INFO - [2023-11-03T00:23:32.088+0000] {dag.py:2941} INFO - Sync 1 DAGs
[2023-11-03T00:23:32.120+0000] {logging_mixin.py:151} INFO - [2023-11-03T00:23:32.119+0000] {dag.py:3722} INFO - Setting next_dagrun for example_short_circuit_decorator to 2023-11-02T00:23:32.119506+00:00, run_after=2023-11-03T00:23:32.119506+00:00
[2023-11-03T00:23:32.162+0000] {processor.py:179} INFO - Processing /home/airflow/.local/lib/python3.8/site-packages/airflow/example_dags/example_short_circuit_decorator.py took 0.136 seconds
[2023-11-03T00:24:02.473+0000] {processor.py:157} INFO - Started process (PID=3773) to work on /home/airflow/.local/lib/python3.8/site-packages/airflow/example_dags/example_short_circuit_decorator.py
[2023-11-03T00:24:02.474+0000] {processor.py:829} INFO - Processing file /home/airflow/.local/lib/python3.8/site-packages/airflow/example_dags/example_short_circuit_decorator.py for tasks to queue
[2023-11-03T00:24:02.476+0000] {logging_mixin.py:151} INFO - [2023-11-03T00:24:02.476+0000] {dagbag.py:536} INFO - Filling up the DagBag from /home/airflow/.local/lib/python3.8/site-packages/airflow/example_dags/example_short_circuit_decorator.py
[2023-11-03T00:24:02.485+0000] {processor.py:839} INFO - DAG(s) dict_keys(['example_short_circuit_decorator']) retrieved from /home/airflow/.local/lib/python3.8/site-packages/airflow/example_dags/example_short_circuit_decorator.py
[2023-11-03T00:24:02.511+0000] {logging_mixin.py:151} INFO - [2023-11-03T00:24:02.511+0000] {dag.py:2941} INFO - Sync 1 DAGs
[2023-11-03T00:24:02.535+0000] {logging_mixin.py:151} INFO - [2023-11-03T00:24:02.535+0000] {dag.py:3722} INFO - Setting next_dagrun for example_short_circuit_decorator to 2023-11-02T00:24:02.535237+00:00, run_after=2023-11-03T00:24:02.535237+00:00
[2023-11-03T00:24:02.561+0000] {processor.py:179} INFO - Processing /home/airflow/.local/lib/python3.8/site-packages/airflow/example_dags/example_short_circuit_decorator.py took 0.091 seconds
[2023-11-03T00:24:32.632+0000] {processor.py:157} INFO - Started process (PID=3828) to work on /home/airflow/.local/lib/python3.8/site-packages/airflow/example_dags/example_short_circuit_decorator.py
[2023-11-03T00:24:32.633+0000] {processor.py:829} INFO - Processing file /home/airflow/.local/lib/python3.8/site-packages/airflow/example_dags/example_short_circuit_decorator.py for tasks to queue
[2023-11-03T00:24:32.635+0000] {logging_mixin.py:151} INFO - [2023-11-03T00:24:32.635+0000] {dagbag.py:536} INFO - Filling up the DagBag from /home/airflow/.local/lib/python3.8/site-packages/airflow/example_dags/example_short_circuit_decorator.py
[2023-11-03T00:24:32.645+0000] {processor.py:839} INFO - DAG(s) dict_keys(['example_short_circuit_decorator']) retrieved from /home/airflow/.local/lib/python3.8/site-packages/airflow/example_dags/example_short_circuit_decorator.py
[2023-11-03T00:24:32.675+0000] {logging_mixin.py:151} INFO - [2023-11-03T00:24:32.675+0000] {dag.py:2941} INFO - Sync 1 DAGs
[2023-11-03T00:24:32.701+0000] {logging_mixin.py:151} INFO - [2023-11-03T00:24:32.701+0000] {dag.py:3722} INFO - Setting next_dagrun for example_short_circuit_decorator to 2023-11-02T00:24:32.701461+00:00, run_after=2023-11-03T00:24:32.701461+00:00
[2023-11-03T00:24:32.726+0000] {processor.py:179} INFO - Processing /home/airflow/.local/lib/python3.8/site-packages/airflow/example_dags/example_short_circuit_decorator.py took 0.097 seconds
[2023-11-03T00:25:02.884+0000] {processor.py:157} INFO - Started process (PID=3881) to work on /home/airflow/.local/lib/python3.8/site-packages/airflow/example_dags/example_short_circuit_decorator.py
[2023-11-03T00:25:02.885+0000] {processor.py:829} INFO - Processing file /home/airflow/.local/lib/python3.8/site-packages/airflow/example_dags/example_short_circuit_decorator.py for tasks to queue
[2023-11-03T00:25:02.888+0000] {logging_mixin.py:151} INFO - [2023-11-03T00:25:02.887+0000] {dagbag.py:536} INFO - Filling up the DagBag from /home/airflow/.local/lib/python3.8/site-packages/airflow/example_dags/example_short_circuit_decorator.py
[2023-11-03T00:25:02.898+0000] {processor.py:839} INFO - DAG(s) dict_keys(['example_short_circuit_decorator']) retrieved from /home/airflow/.local/lib/python3.8/site-packages/airflow/example_dags/example_short_circuit_decorator.py
[2023-11-03T00:25:02.930+0000] {logging_mixin.py:151} INFO - [2023-11-03T00:25:02.930+0000] {dag.py:2941} INFO - Sync 1 DAGs
[2023-11-03T00:25:02.955+0000] {logging_mixin.py:151} INFO - [2023-11-03T00:25:02.955+0000] {dag.py:3722} INFO - Setting next_dagrun for example_short_circuit_decorator to 2023-11-02T00:25:02.955394+00:00, run_after=2023-11-03T00:25:02.955394+00:00
[2023-11-03T00:25:02.985+0000] {processor.py:179} INFO - Processing /home/airflow/.local/lib/python3.8/site-packages/airflow/example_dags/example_short_circuit_decorator.py took 0.106 seconds
[2023-11-03T00:25:33.129+0000] {processor.py:157} INFO - Started process (PID=3935) to work on /home/airflow/.local/lib/python3.8/site-packages/airflow/example_dags/example_short_circuit_decorator.py
[2023-11-03T00:25:33.131+0000] {processor.py:829} INFO - Processing file /home/airflow/.local/lib/python3.8/site-packages/airflow/example_dags/example_short_circuit_decorator.py for tasks to queue
[2023-11-03T00:25:33.133+0000] {logging_mixin.py:151} INFO - [2023-11-03T00:25:33.133+0000] {dagbag.py:536} INFO - Filling up the DagBag from /home/airflow/.local/lib/python3.8/site-packages/airflow/example_dags/example_short_circuit_decorator.py
[2023-11-03T00:25:33.145+0000] {processor.py:839} INFO - DAG(s) dict_keys(['example_short_circuit_decorator']) retrieved from /home/airflow/.local/lib/python3.8/site-packages/airflow/example_dags/example_short_circuit_decorator.py
[2023-11-03T00:25:33.181+0000] {logging_mixin.py:151} INFO - [2023-11-03T00:25:33.181+0000] {dag.py:2941} INFO - Sync 1 DAGs
[2023-11-03T00:25:33.210+0000] {logging_mixin.py:151} INFO - [2023-11-03T00:25:33.210+0000] {dag.py:3722} INFO - Setting next_dagrun for example_short_circuit_decorator to 2023-11-02T00:25:33.209628+00:00, run_after=2023-11-03T00:25:33.209628+00:00
[2023-11-03T00:25:33.242+0000] {processor.py:179} INFO - Processing /home/airflow/.local/lib/python3.8/site-packages/airflow/example_dags/example_short_circuit_decorator.py took 0.117 seconds
[2023-11-03T00:26:03.298+0000] {processor.py:157} INFO - Started process (PID=3989) to work on /home/airflow/.local/lib/python3.8/site-packages/airflow/example_dags/example_short_circuit_decorator.py
[2023-11-03T00:26:03.299+0000] {processor.py:829} INFO - Processing file /home/airflow/.local/lib/python3.8/site-packages/airflow/example_dags/example_short_circuit_decorator.py for tasks to queue
[2023-11-03T00:26:03.301+0000] {logging_mixin.py:151} INFO - [2023-11-03T00:26:03.301+0000] {dagbag.py:536} INFO - Filling up the DagBag from /home/airflow/.local/lib/python3.8/site-packages/airflow/example_dags/example_short_circuit_decorator.py
[2023-11-03T00:26:03.311+0000] {processor.py:839} INFO - DAG(s) dict_keys(['example_short_circuit_decorator']) retrieved from /home/airflow/.local/lib/python3.8/site-packages/airflow/example_dags/example_short_circuit_decorator.py
[2023-11-03T00:26:03.342+0000] {logging_mixin.py:151} INFO - [2023-11-03T00:26:03.341+0000] {dag.py:2941} INFO - Sync 1 DAGs
[2023-11-03T00:26:03.369+0000] {logging_mixin.py:151} INFO - [2023-11-03T00:26:03.369+0000] {dag.py:3722} INFO - Setting next_dagrun for example_short_circuit_decorator to 2023-11-02T00:26:03.368998+00:00, run_after=2023-11-03T00:26:03.368998+00:00
[2023-11-03T00:26:03.400+0000] {processor.py:179} INFO - Processing /home/airflow/.local/lib/python3.8/site-packages/airflow/example_dags/example_short_circuit_decorator.py took 0.105 seconds
[2023-11-03T00:26:33.506+0000] {processor.py:157} INFO - Started process (PID=4044) to work on /home/airflow/.local/lib/python3.8/site-packages/airflow/example_dags/example_short_circuit_decorator.py
[2023-11-03T00:26:33.507+0000] {processor.py:829} INFO - Processing file /home/airflow/.local/lib/python3.8/site-packages/airflow/example_dags/example_short_circuit_decorator.py for tasks to queue
[2023-11-03T00:26:33.509+0000] {logging_mixin.py:151} INFO - [2023-11-03T00:26:33.509+0000] {dagbag.py:536} INFO - Filling up the DagBag from /home/airflow/.local/lib/python3.8/site-packages/airflow/example_dags/example_short_circuit_decorator.py
[2023-11-03T00:26:33.518+0000] {processor.py:839} INFO - DAG(s) dict_keys(['example_short_circuit_decorator']) retrieved from /home/airflow/.local/lib/python3.8/site-packages/airflow/example_dags/example_short_circuit_decorator.py
[2023-11-03T00:26:33.548+0000] {logging_mixin.py:151} INFO - [2023-11-03T00:26:33.548+0000] {dag.py:2941} INFO - Sync 1 DAGs
[2023-11-03T00:26:33.574+0000] {logging_mixin.py:151} INFO - [2023-11-03T00:26:33.573+0000] {dag.py:3722} INFO - Setting next_dagrun for example_short_circuit_decorator to 2023-11-02T00:26:33.573638+00:00, run_after=2023-11-03T00:26:33.573638+00:00
[2023-11-03T00:26:33.602+0000] {processor.py:179} INFO - Processing /home/airflow/.local/lib/python3.8/site-packages/airflow/example_dags/example_short_circuit_decorator.py took 0.100 seconds
[2023-11-03T00:27:03.795+0000] {processor.py:157} INFO - Started process (PID=4098) to work on /home/airflow/.local/lib/python3.8/site-packages/airflow/example_dags/example_short_circuit_decorator.py
[2023-11-03T00:27:03.797+0000] {processor.py:829} INFO - Processing file /home/airflow/.local/lib/python3.8/site-packages/airflow/example_dags/example_short_circuit_decorator.py for tasks to queue
[2023-11-03T00:27:03.799+0000] {logging_mixin.py:151} INFO - [2023-11-03T00:27:03.799+0000] {dagbag.py:536} INFO - Filling up the DagBag from /home/airflow/.local/lib/python3.8/site-packages/airflow/example_dags/example_short_circuit_decorator.py
[2023-11-03T00:27:03.808+0000] {processor.py:839} INFO - DAG(s) dict_keys(['example_short_circuit_decorator']) retrieved from /home/airflow/.local/lib/python3.8/site-packages/airflow/example_dags/example_short_circuit_decorator.py
[2023-11-03T00:27:03.836+0000] {logging_mixin.py:151} INFO - [2023-11-03T00:27:03.836+0000] {dag.py:2941} INFO - Sync 1 DAGs
[2023-11-03T00:27:03.860+0000] {logging_mixin.py:151} INFO - [2023-11-03T00:27:03.860+0000] {dag.py:3722} INFO - Setting next_dagrun for example_short_circuit_decorator to 2023-11-02T00:27:03.860528+00:00, run_after=2023-11-03T00:27:03.860528+00:00
[2023-11-03T00:27:03.895+0000] {processor.py:179} INFO - Processing /home/airflow/.local/lib/python3.8/site-packages/airflow/example_dags/example_short_circuit_decorator.py took 0.103 seconds
[2023-11-03T00:27:33.962+0000] {processor.py:157} INFO - Started process (PID=4152) to work on /home/airflow/.local/lib/python3.8/site-packages/airflow/example_dags/example_short_circuit_decorator.py
[2023-11-03T00:27:33.964+0000] {processor.py:829} INFO - Processing file /home/airflow/.local/lib/python3.8/site-packages/airflow/example_dags/example_short_circuit_decorator.py for tasks to queue
[2023-11-03T00:27:33.966+0000] {logging_mixin.py:151} INFO - [2023-11-03T00:27:33.966+0000] {dagbag.py:536} INFO - Filling up the DagBag from /home/airflow/.local/lib/python3.8/site-packages/airflow/example_dags/example_short_circuit_decorator.py
[2023-11-03T00:27:33.975+0000] {processor.py:839} INFO - DAG(s) dict_keys(['example_short_circuit_decorator']) retrieved from /home/airflow/.local/lib/python3.8/site-packages/airflow/example_dags/example_short_circuit_decorator.py
[2023-11-03T00:27:33.999+0000] {logging_mixin.py:151} INFO - [2023-11-03T00:27:33.999+0000] {dag.py:2941} INFO - Sync 1 DAGs
[2023-11-03T00:27:34.023+0000] {logging_mixin.py:151} INFO - [2023-11-03T00:27:34.023+0000] {dag.py:3722} INFO - Setting next_dagrun for example_short_circuit_decorator to 2023-11-02T00:27:34.023385+00:00, run_after=2023-11-03T00:27:34.023385+00:00
[2023-11-03T00:27:34.051+0000] {processor.py:179} INFO - Processing /home/airflow/.local/lib/python3.8/site-packages/airflow/example_dags/example_short_circuit_decorator.py took 0.091 seconds
[2023-11-03T00:28:04.082+0000] {processor.py:157} INFO - Started process (PID=4206) to work on /home/airflow/.local/lib/python3.8/site-packages/airflow/example_dags/example_short_circuit_decorator.py
[2023-11-03T00:28:04.084+0000] {processor.py:829} INFO - Processing file /home/airflow/.local/lib/python3.8/site-packages/airflow/example_dags/example_short_circuit_decorator.py for tasks to queue
[2023-11-03T00:28:04.085+0000] {logging_mixin.py:151} INFO - [2023-11-03T00:28:04.085+0000] {dagbag.py:536} INFO - Filling up the DagBag from /home/airflow/.local/lib/python3.8/site-packages/airflow/example_dags/example_short_circuit_decorator.py
[2023-11-03T00:28:04.094+0000] {processor.py:839} INFO - DAG(s) dict_keys(['example_short_circuit_decorator']) retrieved from /home/airflow/.local/lib/python3.8/site-packages/airflow/example_dags/example_short_circuit_decorator.py
[2023-11-03T00:28:04.122+0000] {logging_mixin.py:151} INFO - [2023-11-03T00:28:04.121+0000] {dag.py:2941} INFO - Sync 1 DAGs
[2023-11-03T00:28:04.144+0000] {logging_mixin.py:151} INFO - [2023-11-03T00:28:04.144+0000] {dag.py:3722} INFO - Setting next_dagrun for example_short_circuit_decorator to 2023-11-02T00:28:04.144350+00:00, run_after=2023-11-03T00:28:04.144350+00:00
[2023-11-03T00:28:04.170+0000] {processor.py:179} INFO - Processing /home/airflow/.local/lib/python3.8/site-packages/airflow/example_dags/example_short_circuit_decorator.py took 0.091 seconds
[2023-11-03T00:28:34.412+0000] {processor.py:157} INFO - Started process (PID=4260) to work on /home/airflow/.local/lib/python3.8/site-packages/airflow/example_dags/example_short_circuit_decorator.py
[2023-11-03T00:28:34.414+0000] {processor.py:829} INFO - Processing file /home/airflow/.local/lib/python3.8/site-packages/airflow/example_dags/example_short_circuit_decorator.py for tasks to queue
[2023-11-03T00:28:34.415+0000] {logging_mixin.py:151} INFO - [2023-11-03T00:28:34.415+0000] {dagbag.py:536} INFO - Filling up the DagBag from /home/airflow/.local/lib/python3.8/site-packages/airflow/example_dags/example_short_circuit_decorator.py
[2023-11-03T00:28:34.425+0000] {processor.py:839} INFO - DAG(s) dict_keys(['example_short_circuit_decorator']) retrieved from /home/airflow/.local/lib/python3.8/site-packages/airflow/example_dags/example_short_circuit_decorator.py
[2023-11-03T00:28:34.452+0000] {logging_mixin.py:151} INFO - [2023-11-03T00:28:34.451+0000] {dag.py:2941} INFO - Sync 1 DAGs
[2023-11-03T00:28:34.477+0000] {logging_mixin.py:151} INFO - [2023-11-03T00:28:34.476+0000] {dag.py:3722} INFO - Setting next_dagrun for example_short_circuit_decorator to 2023-11-02T00:28:34.476668+00:00, run_after=2023-11-03T00:28:34.476668+00:00
[2023-11-03T00:28:34.503+0000] {processor.py:179} INFO - Processing /home/airflow/.local/lib/python3.8/site-packages/airflow/example_dags/example_short_circuit_decorator.py took 0.094 seconds
[2023-11-03T00:29:04.748+0000] {processor.py:157} INFO - Started process (PID=4315) to work on /home/airflow/.local/lib/python3.8/site-packages/airflow/example_dags/example_short_circuit_decorator.py
[2023-11-03T00:29:04.748+0000] {processor.py:829} INFO - Processing file /home/airflow/.local/lib/python3.8/site-packages/airflow/example_dags/example_short_circuit_decorator.py for tasks to queue
[2023-11-03T00:29:04.750+0000] {logging_mixin.py:151} INFO - [2023-11-03T00:29:04.750+0000] {dagbag.py:536} INFO - Filling up the DagBag from /home/airflow/.local/lib/python3.8/site-packages/airflow/example_dags/example_short_circuit_decorator.py
[2023-11-03T00:29:04.759+0000] {processor.py:839} INFO - DAG(s) dict_keys(['example_short_circuit_decorator']) retrieved from /home/airflow/.local/lib/python3.8/site-packages/airflow/example_dags/example_short_circuit_decorator.py
[2023-11-03T00:29:04.786+0000] {logging_mixin.py:151} INFO - [2023-11-03T00:29:04.786+0000] {dag.py:2941} INFO - Sync 1 DAGs
[2023-11-03T00:29:04.810+0000] {logging_mixin.py:151} INFO - [2023-11-03T00:29:04.810+0000] {dag.py:3722} INFO - Setting next_dagrun for example_short_circuit_decorator to 2023-11-02T00:29:04.810391+00:00, run_after=2023-11-03T00:29:04.810391+00:00
[2023-11-03T00:29:04.835+0000] {processor.py:179} INFO - Processing /home/airflow/.local/lib/python3.8/site-packages/airflow/example_dags/example_short_circuit_decorator.py took 0.090 seconds
[2023-11-03T00:29:34.969+0000] {processor.py:157} INFO - Started process (PID=4368) to work on /home/airflow/.local/lib/python3.8/site-packages/airflow/example_dags/example_short_circuit_decorator.py
[2023-11-03T00:29:34.971+0000] {processor.py:829} INFO - Processing file /home/airflow/.local/lib/python3.8/site-packages/airflow/example_dags/example_short_circuit_decorator.py for tasks to queue
[2023-11-03T00:29:34.973+0000] {logging_mixin.py:151} INFO - [2023-11-03T00:29:34.973+0000] {dagbag.py:536} INFO - Filling up the DagBag from /home/airflow/.local/lib/python3.8/site-packages/airflow/example_dags/example_short_circuit_decorator.py
[2023-11-03T00:29:34.983+0000] {processor.py:839} INFO - DAG(s) dict_keys(['example_short_circuit_decorator']) retrieved from /home/airflow/.local/lib/python3.8/site-packages/airflow/example_dags/example_short_circuit_decorator.py
[2023-11-03T00:29:35.016+0000] {logging_mixin.py:151} INFO - [2023-11-03T00:29:35.016+0000] {dag.py:2941} INFO - Sync 1 DAGs
[2023-11-03T00:29:35.048+0000] {logging_mixin.py:151} INFO - [2023-11-03T00:29:35.048+0000] {dag.py:3722} INFO - Setting next_dagrun for example_short_circuit_decorator to 2023-11-02T00:29:35.047915+00:00, run_after=2023-11-03T00:29:35.047915+00:00
[2023-11-03T00:29:35.082+0000] {processor.py:179} INFO - Processing /home/airflow/.local/lib/python3.8/site-packages/airflow/example_dags/example_short_circuit_decorator.py took 0.116 seconds
[2023-11-03T00:30:05.301+0000] {processor.py:157} INFO - Started process (PID=4421) to work on /home/airflow/.local/lib/python3.8/site-packages/airflow/example_dags/example_short_circuit_decorator.py
[2023-11-03T00:30:05.303+0000] {processor.py:829} INFO - Processing file /home/airflow/.local/lib/python3.8/site-packages/airflow/example_dags/example_short_circuit_decorator.py for tasks to queue
[2023-11-03T00:30:05.305+0000] {logging_mixin.py:151} INFO - [2023-11-03T00:30:05.305+0000] {dagbag.py:536} INFO - Filling up the DagBag from /home/airflow/.local/lib/python3.8/site-packages/airflow/example_dags/example_short_circuit_decorator.py
[2023-11-03T00:30:05.316+0000] {processor.py:839} INFO - DAG(s) dict_keys(['example_short_circuit_decorator']) retrieved from /home/airflow/.local/lib/python3.8/site-packages/airflow/example_dags/example_short_circuit_decorator.py
[2023-11-03T00:30:05.349+0000] {logging_mixin.py:151} INFO - [2023-11-03T00:30:05.349+0000] {dag.py:2941} INFO - Sync 1 DAGs
[2023-11-03T00:30:05.386+0000] {logging_mixin.py:151} INFO - [2023-11-03T00:30:05.385+0000] {dag.py:3722} INFO - Setting next_dagrun for example_short_circuit_decorator to 2023-11-02T00:30:05.385485+00:00, run_after=2023-11-03T00:30:05.385485+00:00
[2023-11-03T00:30:05.419+0000] {processor.py:179} INFO - Processing /home/airflow/.local/lib/python3.8/site-packages/airflow/example_dags/example_short_circuit_decorator.py took 0.121 seconds
[2023-11-03T00:30:36.101+0000] {processor.py:157} INFO - Started process (PID=4475) to work on /home/airflow/.local/lib/python3.8/site-packages/airflow/example_dags/example_short_circuit_decorator.py
[2023-11-03T00:30:36.102+0000] {processor.py:829} INFO - Processing file /home/airflow/.local/lib/python3.8/site-packages/airflow/example_dags/example_short_circuit_decorator.py for tasks to queue
[2023-11-03T00:30:36.106+0000] {logging_mixin.py:151} INFO - [2023-11-03T00:30:36.105+0000] {dagbag.py:536} INFO - Filling up the DagBag from /home/airflow/.local/lib/python3.8/site-packages/airflow/example_dags/example_short_circuit_decorator.py
[2023-11-03T00:30:36.116+0000] {processor.py:839} INFO - DAG(s) dict_keys(['example_short_circuit_decorator']) retrieved from /home/airflow/.local/lib/python3.8/site-packages/airflow/example_dags/example_short_circuit_decorator.py
[2023-11-03T00:30:36.165+0000] {logging_mixin.py:151} INFO - [2023-11-03T00:30:36.165+0000] {dag.py:2941} INFO - Sync 1 DAGs
[2023-11-03T00:30:36.190+0000] {logging_mixin.py:151} INFO - [2023-11-03T00:30:36.190+0000] {dag.py:3722} INFO - Setting next_dagrun for example_short_circuit_decorator to 2023-11-02T00:30:36.190269+00:00, run_after=2023-11-03T00:30:36.190269+00:00
[2023-11-03T00:30:36.219+0000] {processor.py:179} INFO - Processing /home/airflow/.local/lib/python3.8/site-packages/airflow/example_dags/example_short_circuit_decorator.py took 0.121 seconds
