[2023-11-03T00:00:08.637+0000] {processor.py:157} INFO - Started process (PID=1235) to work on /home/airflow/.local/lib/python3.8/site-packages/airflow/example_dags/example_nested_branch_dag.py
[2023-11-03T00:00:08.637+0000] {processor.py:829} INFO - Processing file /home/airflow/.local/lib/python3.8/site-packages/airflow/example_dags/example_nested_branch_dag.py for tasks to queue
[2023-11-03T00:00:08.640+0000] {logging_mixin.py:151} INFO - [2023-11-03T00:00:08.639+0000] {dagbag.py:536} INFO - Filling up the DagBag from /home/airflow/.local/lib/python3.8/site-packages/airflow/example_dags/example_nested_branch_dag.py
[2023-11-03T00:00:08.648+0000] {processor.py:839} INFO - DAG(s) dict_keys(['example_nested_branch_dag']) retrieved from /home/airflow/.local/lib/python3.8/site-packages/airflow/example_dags/example_nested_branch_dag.py
[2023-11-03T00:00:08.675+0000] {logging_mixin.py:151} INFO - [2023-11-03T00:00:08.675+0000] {dag.py:2941} INFO - Sync 1 DAGs
[2023-11-03T00:00:08.703+0000] {logging_mixin.py:151} INFO - [2023-11-03T00:00:08.703+0000] {dag.py:3722} INFO - Setting next_dagrun for example_nested_branch_dag to 2023-11-02T00:00:00+00:00, run_after=2023-11-03T00:00:00+00:00
[2023-11-03T00:00:08.727+0000] {processor.py:179} INFO - Processing /home/airflow/.local/lib/python3.8/site-packages/airflow/example_dags/example_nested_branch_dag.py took 0.093 seconds
[2023-11-03T00:00:39.464+0000] {processor.py:157} INFO - Started process (PID=1289) to work on /home/airflow/.local/lib/python3.8/site-packages/airflow/example_dags/example_nested_branch_dag.py
[2023-11-03T00:00:39.465+0000] {processor.py:829} INFO - Processing file /home/airflow/.local/lib/python3.8/site-packages/airflow/example_dags/example_nested_branch_dag.py for tasks to queue
[2023-11-03T00:00:39.469+0000] {logging_mixin.py:151} INFO - [2023-11-03T00:00:39.469+0000] {dagbag.py:536} INFO - Filling up the DagBag from /home/airflow/.local/lib/python3.8/site-packages/airflow/example_dags/example_nested_branch_dag.py
[2023-11-03T00:00:39.486+0000] {processor.py:839} INFO - DAG(s) dict_keys(['example_nested_branch_dag']) retrieved from /home/airflow/.local/lib/python3.8/site-packages/airflow/example_dags/example_nested_branch_dag.py
[2023-11-03T00:00:39.537+0000] {logging_mixin.py:151} INFO - [2023-11-03T00:00:39.536+0000] {dag.py:2941} INFO - Sync 1 DAGs
[2023-11-03T00:00:39.598+0000] {logging_mixin.py:151} INFO - [2023-11-03T00:00:39.598+0000] {dag.py:3722} INFO - Setting next_dagrun for example_nested_branch_dag to 2023-11-02T00:00:00+00:00, run_after=2023-11-03T00:00:00+00:00
[2023-11-03T00:00:39.664+0000] {processor.py:179} INFO - Processing /home/airflow/.local/lib/python3.8/site-packages/airflow/example_dags/example_nested_branch_dag.py took 0.205 seconds
[2023-11-03T00:01:10.601+0000] {processor.py:157} INFO - Started process (PID=1343) to work on /home/airflow/.local/lib/python3.8/site-packages/airflow/example_dags/example_nested_branch_dag.py
[2023-11-03T00:01:10.602+0000] {processor.py:829} INFO - Processing file /home/airflow/.local/lib/python3.8/site-packages/airflow/example_dags/example_nested_branch_dag.py for tasks to queue
[2023-11-03T00:01:10.605+0000] {logging_mixin.py:151} INFO - [2023-11-03T00:01:10.604+0000] {dagbag.py:536} INFO - Filling up the DagBag from /home/airflow/.local/lib/python3.8/site-packages/airflow/example_dags/example_nested_branch_dag.py
[2023-11-03T00:01:10.618+0000] {processor.py:839} INFO - DAG(s) dict_keys(['example_nested_branch_dag']) retrieved from /home/airflow/.local/lib/python3.8/site-packages/airflow/example_dags/example_nested_branch_dag.py
[2023-11-03T00:01:10.647+0000] {logging_mixin.py:151} INFO - [2023-11-03T00:01:10.647+0000] {dag.py:2941} INFO - Sync 1 DAGs
[2023-11-03T00:01:10.676+0000] {logging_mixin.py:151} INFO - [2023-11-03T00:01:10.676+0000] {dag.py:3722} INFO - Setting next_dagrun for example_nested_branch_dag to 2023-11-02T00:00:00+00:00, run_after=2023-11-03T00:00:00+00:00
[2023-11-03T00:01:10.707+0000] {processor.py:179} INFO - Processing /home/airflow/.local/lib/python3.8/site-packages/airflow/example_dags/example_nested_branch_dag.py took 0.110 seconds
[2023-11-03T00:01:40.907+0000] {processor.py:157} INFO - Started process (PID=1397) to work on /home/airflow/.local/lib/python3.8/site-packages/airflow/example_dags/example_nested_branch_dag.py
[2023-11-03T00:01:40.908+0000] {processor.py:829} INFO - Processing file /home/airflow/.local/lib/python3.8/site-packages/airflow/example_dags/example_nested_branch_dag.py for tasks to queue
[2023-11-03T00:01:40.911+0000] {logging_mixin.py:151} INFO - [2023-11-03T00:01:40.910+0000] {dagbag.py:536} INFO - Filling up the DagBag from /home/airflow/.local/lib/python3.8/site-packages/airflow/example_dags/example_nested_branch_dag.py
[2023-11-03T00:01:40.921+0000] {processor.py:839} INFO - DAG(s) dict_keys(['example_nested_branch_dag']) retrieved from /home/airflow/.local/lib/python3.8/site-packages/airflow/example_dags/example_nested_branch_dag.py
[2023-11-03T00:01:40.947+0000] {logging_mixin.py:151} INFO - [2023-11-03T00:01:40.946+0000] {dag.py:2941} INFO - Sync 1 DAGs
[2023-11-03T00:01:40.973+0000] {logging_mixin.py:151} INFO - [2023-11-03T00:01:40.973+0000] {dag.py:3722} INFO - Setting next_dagrun for example_nested_branch_dag to 2023-11-02T00:00:00+00:00, run_after=2023-11-03T00:00:00+00:00
[2023-11-03T00:01:41.001+0000] {processor.py:179} INFO - Processing /home/airflow/.local/lib/python3.8/site-packages/airflow/example_dags/example_nested_branch_dag.py took 0.098 seconds
[2023-11-03T00:02:11.795+0000] {processor.py:157} INFO - Started process (PID=1451) to work on /home/airflow/.local/lib/python3.8/site-packages/airflow/example_dags/example_nested_branch_dag.py
[2023-11-03T00:02:11.797+0000] {processor.py:829} INFO - Processing file /home/airflow/.local/lib/python3.8/site-packages/airflow/example_dags/example_nested_branch_dag.py for tasks to queue
[2023-11-03T00:02:11.800+0000] {logging_mixin.py:151} INFO - [2023-11-03T00:02:11.800+0000] {dagbag.py:536} INFO - Filling up the DagBag from /home/airflow/.local/lib/python3.8/site-packages/airflow/example_dags/example_nested_branch_dag.py
[2023-11-03T00:02:11.812+0000] {processor.py:839} INFO - DAG(s) dict_keys(['example_nested_branch_dag']) retrieved from /home/airflow/.local/lib/python3.8/site-packages/airflow/example_dags/example_nested_branch_dag.py
[2023-11-03T00:02:11.839+0000] {logging_mixin.py:151} INFO - [2023-11-03T00:02:11.839+0000] {dag.py:2941} INFO - Sync 1 DAGs
[2023-11-03T00:02:11.867+0000] {logging_mixin.py:151} INFO - [2023-11-03T00:02:11.867+0000] {dag.py:3722} INFO - Setting next_dagrun for example_nested_branch_dag to 2023-11-02T00:00:00+00:00, run_after=2023-11-03T00:00:00+00:00
[2023-11-03T00:02:11.898+0000] {processor.py:179} INFO - Processing /home/airflow/.local/lib/python3.8/site-packages/airflow/example_dags/example_nested_branch_dag.py took 0.106 seconds
[2023-11-03T00:02:42.103+0000] {processor.py:157} INFO - Started process (PID=1505) to work on /home/airflow/.local/lib/python3.8/site-packages/airflow/example_dags/example_nested_branch_dag.py
[2023-11-03T00:02:42.104+0000] {processor.py:829} INFO - Processing file /home/airflow/.local/lib/python3.8/site-packages/airflow/example_dags/example_nested_branch_dag.py for tasks to queue
[2023-11-03T00:02:42.107+0000] {logging_mixin.py:151} INFO - [2023-11-03T00:02:42.107+0000] {dagbag.py:536} INFO - Filling up the DagBag from /home/airflow/.local/lib/python3.8/site-packages/airflow/example_dags/example_nested_branch_dag.py
[2023-11-03T00:02:42.118+0000] {processor.py:839} INFO - DAG(s) dict_keys(['example_nested_branch_dag']) retrieved from /home/airflow/.local/lib/python3.8/site-packages/airflow/example_dags/example_nested_branch_dag.py
[2023-11-03T00:02:42.141+0000] {logging_mixin.py:151} INFO - [2023-11-03T00:02:42.140+0000] {dag.py:2941} INFO - Sync 1 DAGs
[2023-11-03T00:02:42.168+0000] {logging_mixin.py:151} INFO - [2023-11-03T00:02:42.168+0000] {dag.py:3722} INFO - Setting next_dagrun for example_nested_branch_dag to 2023-11-02T00:00:00+00:00, run_after=2023-11-03T00:00:00+00:00
[2023-11-03T00:02:42.195+0000] {processor.py:179} INFO - Processing /home/airflow/.local/lib/python3.8/site-packages/airflow/example_dags/example_nested_branch_dag.py took 0.096 seconds
[2023-11-03T00:03:12.570+0000] {processor.py:157} INFO - Started process (PID=1559) to work on /home/airflow/.local/lib/python3.8/site-packages/airflow/example_dags/example_nested_branch_dag.py
[2023-11-03T00:03:12.571+0000] {processor.py:829} INFO - Processing file /home/airflow/.local/lib/python3.8/site-packages/airflow/example_dags/example_nested_branch_dag.py for tasks to queue
[2023-11-03T00:03:12.574+0000] {logging_mixin.py:151} INFO - [2023-11-03T00:03:12.574+0000] {dagbag.py:536} INFO - Filling up the DagBag from /home/airflow/.local/lib/python3.8/site-packages/airflow/example_dags/example_nested_branch_dag.py
[2023-11-03T00:03:12.584+0000] {processor.py:839} INFO - DAG(s) dict_keys(['example_nested_branch_dag']) retrieved from /home/airflow/.local/lib/python3.8/site-packages/airflow/example_dags/example_nested_branch_dag.py
[2023-11-03T00:03:12.613+0000] {logging_mixin.py:151} INFO - [2023-11-03T00:03:12.612+0000] {dag.py:2941} INFO - Sync 1 DAGs
[2023-11-03T00:03:12.647+0000] {logging_mixin.py:151} INFO - [2023-11-03T00:03:12.647+0000] {dag.py:3722} INFO - Setting next_dagrun for example_nested_branch_dag to 2023-11-02T00:00:00+00:00, run_after=2023-11-03T00:00:00+00:00
[2023-11-03T00:03:12.676+0000] {processor.py:179} INFO - Processing /home/airflow/.local/lib/python3.8/site-packages/airflow/example_dags/example_nested_branch_dag.py took 0.110 seconds
[2023-11-03T00:03:43.250+0000] {processor.py:157} INFO - Started process (PID=1613) to work on /home/airflow/.local/lib/python3.8/site-packages/airflow/example_dags/example_nested_branch_dag.py
[2023-11-03T00:03:43.252+0000] {processor.py:829} INFO - Processing file /home/airflow/.local/lib/python3.8/site-packages/airflow/example_dags/example_nested_branch_dag.py for tasks to queue
[2023-11-03T00:03:43.254+0000] {logging_mixin.py:151} INFO - [2023-11-03T00:03:43.254+0000] {dagbag.py:536} INFO - Filling up the DagBag from /home/airflow/.local/lib/python3.8/site-packages/airflow/example_dags/example_nested_branch_dag.py
[2023-11-03T00:03:43.266+0000] {processor.py:839} INFO - DAG(s) dict_keys(['example_nested_branch_dag']) retrieved from /home/airflow/.local/lib/python3.8/site-packages/airflow/example_dags/example_nested_branch_dag.py
[2023-11-03T00:03:43.302+0000] {logging_mixin.py:151} INFO - [2023-11-03T00:03:43.301+0000] {dag.py:2941} INFO - Sync 1 DAGs
[2023-11-03T00:03:43.329+0000] {logging_mixin.py:151} INFO - [2023-11-03T00:03:43.329+0000] {dag.py:3722} INFO - Setting next_dagrun for example_nested_branch_dag to 2023-11-02T00:00:00+00:00, run_after=2023-11-03T00:00:00+00:00
[2023-11-03T00:03:43.362+0000] {processor.py:179} INFO - Processing /home/airflow/.local/lib/python3.8/site-packages/airflow/example_dags/example_nested_branch_dag.py took 0.114 seconds
[2023-11-03T00:04:13.671+0000] {processor.py:157} INFO - Started process (PID=1666) to work on /home/airflow/.local/lib/python3.8/site-packages/airflow/example_dags/example_nested_branch_dag.py
[2023-11-03T00:04:13.673+0000] {processor.py:829} INFO - Processing file /home/airflow/.local/lib/python3.8/site-packages/airflow/example_dags/example_nested_branch_dag.py for tasks to queue
[2023-11-03T00:04:13.675+0000] {logging_mixin.py:151} INFO - [2023-11-03T00:04:13.675+0000] {dagbag.py:536} INFO - Filling up the DagBag from /home/airflow/.local/lib/python3.8/site-packages/airflow/example_dags/example_nested_branch_dag.py
[2023-11-03T00:04:13.685+0000] {processor.py:839} INFO - DAG(s) dict_keys(['example_nested_branch_dag']) retrieved from /home/airflow/.local/lib/python3.8/site-packages/airflow/example_dags/example_nested_branch_dag.py
[2023-11-03T00:04:13.727+0000] {logging_mixin.py:151} INFO - [2023-11-03T00:04:13.727+0000] {dag.py:2941} INFO - Sync 1 DAGs
[2023-11-03T00:04:13.757+0000] {logging_mixin.py:151} INFO - [2023-11-03T00:04:13.757+0000] {dag.py:3722} INFO - Setting next_dagrun for example_nested_branch_dag to 2023-11-02T00:00:00+00:00, run_after=2023-11-03T00:00:00+00:00
[2023-11-03T00:04:13.784+0000] {processor.py:179} INFO - Processing /home/airflow/.local/lib/python3.8/site-packages/airflow/example_dags/example_nested_branch_dag.py took 0.115 seconds
[2023-11-03T00:04:44.089+0000] {processor.py:157} INFO - Started process (PID=1720) to work on /home/airflow/.local/lib/python3.8/site-packages/airflow/example_dags/example_nested_branch_dag.py
[2023-11-03T00:04:44.090+0000] {processor.py:829} INFO - Processing file /home/airflow/.local/lib/python3.8/site-packages/airflow/example_dags/example_nested_branch_dag.py for tasks to queue
[2023-11-03T00:04:44.093+0000] {logging_mixin.py:151} INFO - [2023-11-03T00:04:44.093+0000] {dagbag.py:536} INFO - Filling up the DagBag from /home/airflow/.local/lib/python3.8/site-packages/airflow/example_dags/example_nested_branch_dag.py
[2023-11-03T00:04:44.104+0000] {processor.py:839} INFO - DAG(s) dict_keys(['example_nested_branch_dag']) retrieved from /home/airflow/.local/lib/python3.8/site-packages/airflow/example_dags/example_nested_branch_dag.py
[2023-11-03T00:04:44.131+0000] {logging_mixin.py:151} INFO - [2023-11-03T00:04:44.130+0000] {dag.py:2941} INFO - Sync 1 DAGs
[2023-11-03T00:04:44.157+0000] {logging_mixin.py:151} INFO - [2023-11-03T00:04:44.157+0000] {dag.py:3722} INFO - Setting next_dagrun for example_nested_branch_dag to 2023-11-02T00:00:00+00:00, run_after=2023-11-03T00:00:00+00:00
[2023-11-03T00:04:44.190+0000] {processor.py:179} INFO - Processing /home/airflow/.local/lib/python3.8/site-packages/airflow/example_dags/example_nested_branch_dag.py took 0.104 seconds
[2023-11-03T00:05:14.937+0000] {processor.py:157} INFO - Started process (PID=1774) to work on /home/airflow/.local/lib/python3.8/site-packages/airflow/example_dags/example_nested_branch_dag.py
[2023-11-03T00:05:14.938+0000] {processor.py:829} INFO - Processing file /home/airflow/.local/lib/python3.8/site-packages/airflow/example_dags/example_nested_branch_dag.py for tasks to queue
[2023-11-03T00:05:14.941+0000] {logging_mixin.py:151} INFO - [2023-11-03T00:05:14.941+0000] {dagbag.py:536} INFO - Filling up the DagBag from /home/airflow/.local/lib/python3.8/site-packages/airflow/example_dags/example_nested_branch_dag.py
[2023-11-03T00:05:14.955+0000] {processor.py:839} INFO - DAG(s) dict_keys(['example_nested_branch_dag']) retrieved from /home/airflow/.local/lib/python3.8/site-packages/airflow/example_dags/example_nested_branch_dag.py
[2023-11-03T00:05:14.995+0000] {logging_mixin.py:151} INFO - [2023-11-03T00:05:14.994+0000] {dag.py:2941} INFO - Sync 1 DAGs
[2023-11-03T00:05:15.027+0000] {logging_mixin.py:151} INFO - [2023-11-03T00:05:15.027+0000] {dag.py:3722} INFO - Setting next_dagrun for example_nested_branch_dag to 2023-11-02T00:00:00+00:00, run_after=2023-11-03T00:00:00+00:00
[2023-11-03T00:05:15.062+0000] {processor.py:179} INFO - Processing /home/airflow/.local/lib/python3.8/site-packages/airflow/example_dags/example_nested_branch_dag.py took 0.129 seconds
[2023-11-03T00:05:45.141+0000] {processor.py:157} INFO - Started process (PID=1828) to work on /home/airflow/.local/lib/python3.8/site-packages/airflow/example_dags/example_nested_branch_dag.py
[2023-11-03T00:05:45.143+0000] {processor.py:829} INFO - Processing file /home/airflow/.local/lib/python3.8/site-packages/airflow/example_dags/example_nested_branch_dag.py for tasks to queue
[2023-11-03T00:05:45.148+0000] {logging_mixin.py:151} INFO - [2023-11-03T00:05:45.148+0000] {dagbag.py:536} INFO - Filling up the DagBag from /home/airflow/.local/lib/python3.8/site-packages/airflow/example_dags/example_nested_branch_dag.py
[2023-11-03T00:05:45.165+0000] {processor.py:839} INFO - DAG(s) dict_keys(['example_nested_branch_dag']) retrieved from /home/airflow/.local/lib/python3.8/site-packages/airflow/example_dags/example_nested_branch_dag.py
[2023-11-03T00:05:45.193+0000] {logging_mixin.py:151} INFO - [2023-11-03T00:05:45.193+0000] {dag.py:2941} INFO - Sync 1 DAGs
[2023-11-03T00:05:45.220+0000] {logging_mixin.py:151} INFO - [2023-11-03T00:05:45.220+0000] {dag.py:3722} INFO - Setting next_dagrun for example_nested_branch_dag to 2023-11-02T00:00:00+00:00, run_after=2023-11-03T00:00:00+00:00
[2023-11-03T00:05:45.249+0000] {processor.py:179} INFO - Processing /home/airflow/.local/lib/python3.8/site-packages/airflow/example_dags/example_nested_branch_dag.py took 0.112 seconds
[2023-11-03T00:06:15.636+0000] {processor.py:157} INFO - Started process (PID=1882) to work on /home/airflow/.local/lib/python3.8/site-packages/airflow/example_dags/example_nested_branch_dag.py
[2023-11-03T00:06:15.637+0000] {processor.py:829} INFO - Processing file /home/airflow/.local/lib/python3.8/site-packages/airflow/example_dags/example_nested_branch_dag.py for tasks to queue
[2023-11-03T00:06:15.640+0000] {logging_mixin.py:151} INFO - [2023-11-03T00:06:15.640+0000] {dagbag.py:536} INFO - Filling up the DagBag from /home/airflow/.local/lib/python3.8/site-packages/airflow/example_dags/example_nested_branch_dag.py
[2023-11-03T00:06:15.652+0000] {processor.py:839} INFO - DAG(s) dict_keys(['example_nested_branch_dag']) retrieved from /home/airflow/.local/lib/python3.8/site-packages/airflow/example_dags/example_nested_branch_dag.py
[2023-11-03T00:06:15.679+0000] {logging_mixin.py:151} INFO - [2023-11-03T00:06:15.679+0000] {dag.py:2941} INFO - Sync 1 DAGs
[2023-11-03T00:06:15.707+0000] {logging_mixin.py:151} INFO - [2023-11-03T00:06:15.706+0000] {dag.py:3722} INFO - Setting next_dagrun for example_nested_branch_dag to 2023-11-02T00:00:00+00:00, run_after=2023-11-03T00:00:00+00:00
[2023-11-03T00:06:15.735+0000] {processor.py:179} INFO - Processing /home/airflow/.local/lib/python3.8/site-packages/airflow/example_dags/example_nested_branch_dag.py took 0.102 seconds
[2023-11-03T00:06:46.172+0000] {processor.py:157} INFO - Started process (PID=1937) to work on /home/airflow/.local/lib/python3.8/site-packages/airflow/example_dags/example_nested_branch_dag.py
[2023-11-03T00:06:46.173+0000] {processor.py:829} INFO - Processing file /home/airflow/.local/lib/python3.8/site-packages/airflow/example_dags/example_nested_branch_dag.py for tasks to queue
[2023-11-03T00:06:46.176+0000] {logging_mixin.py:151} INFO - [2023-11-03T00:06:46.176+0000] {dagbag.py:536} INFO - Filling up the DagBag from /home/airflow/.local/lib/python3.8/site-packages/airflow/example_dags/example_nested_branch_dag.py
[2023-11-03T00:06:46.188+0000] {processor.py:839} INFO - DAG(s) dict_keys(['example_nested_branch_dag']) retrieved from /home/airflow/.local/lib/python3.8/site-packages/airflow/example_dags/example_nested_branch_dag.py
[2023-11-03T00:06:46.215+0000] {logging_mixin.py:151} INFO - [2023-11-03T00:06:46.215+0000] {dag.py:2941} INFO - Sync 1 DAGs
[2023-11-03T00:06:46.241+0000] {logging_mixin.py:151} INFO - [2023-11-03T00:06:46.240+0000] {dag.py:3722} INFO - Setting next_dagrun for example_nested_branch_dag to 2023-11-02T00:00:00+00:00, run_after=2023-11-03T00:00:00+00:00
[2023-11-03T00:06:46.271+0000] {processor.py:179} INFO - Processing /home/airflow/.local/lib/python3.8/site-packages/airflow/example_dags/example_nested_branch_dag.py took 0.102 seconds
[2023-11-03T00:07:16.665+0000] {processor.py:157} INFO - Started process (PID=1991) to work on /home/airflow/.local/lib/python3.8/site-packages/airflow/example_dags/example_nested_branch_dag.py
[2023-11-03T00:07:16.666+0000] {processor.py:829} INFO - Processing file /home/airflow/.local/lib/python3.8/site-packages/airflow/example_dags/example_nested_branch_dag.py for tasks to queue
[2023-11-03T00:07:16.669+0000] {logging_mixin.py:151} INFO - [2023-11-03T00:07:16.668+0000] {dagbag.py:536} INFO - Filling up the DagBag from /home/airflow/.local/lib/python3.8/site-packages/airflow/example_dags/example_nested_branch_dag.py
[2023-11-03T00:07:16.678+0000] {processor.py:839} INFO - DAG(s) dict_keys(['example_nested_branch_dag']) retrieved from /home/airflow/.local/lib/python3.8/site-packages/airflow/example_dags/example_nested_branch_dag.py
[2023-11-03T00:07:16.708+0000] {logging_mixin.py:151} INFO - [2023-11-03T00:07:16.707+0000] {dag.py:2941} INFO - Sync 1 DAGs
[2023-11-03T00:07:16.734+0000] {logging_mixin.py:151} INFO - [2023-11-03T00:07:16.734+0000] {dag.py:3722} INFO - Setting next_dagrun for example_nested_branch_dag to 2023-11-02T00:00:00+00:00, run_after=2023-11-03T00:00:00+00:00
[2023-11-03T00:07:16.761+0000] {processor.py:179} INFO - Processing /home/airflow/.local/lib/python3.8/site-packages/airflow/example_dags/example_nested_branch_dag.py took 0.099 seconds
[2023-11-03T00:07:47.071+0000] {processor.py:157} INFO - Started process (PID=2045) to work on /home/airflow/.local/lib/python3.8/site-packages/airflow/example_dags/example_nested_branch_dag.py
[2023-11-03T00:07:47.072+0000] {processor.py:829} INFO - Processing file /home/airflow/.local/lib/python3.8/site-packages/airflow/example_dags/example_nested_branch_dag.py for tasks to queue
[2023-11-03T00:07:47.075+0000] {logging_mixin.py:151} INFO - [2023-11-03T00:07:47.074+0000] {dagbag.py:536} INFO - Filling up the DagBag from /home/airflow/.local/lib/python3.8/site-packages/airflow/example_dags/example_nested_branch_dag.py
[2023-11-03T00:07:47.085+0000] {processor.py:839} INFO - DAG(s) dict_keys(['example_nested_branch_dag']) retrieved from /home/airflow/.local/lib/python3.8/site-packages/airflow/example_dags/example_nested_branch_dag.py
[2023-11-03T00:07:47.110+0000] {logging_mixin.py:151} INFO - [2023-11-03T00:07:47.110+0000] {dag.py:2941} INFO - Sync 1 DAGs
[2023-11-03T00:07:47.136+0000] {logging_mixin.py:151} INFO - [2023-11-03T00:07:47.135+0000] {dag.py:3722} INFO - Setting next_dagrun for example_nested_branch_dag to 2023-11-02T00:00:00+00:00, run_after=2023-11-03T00:00:00+00:00
[2023-11-03T00:07:47.159+0000] {processor.py:179} INFO - Processing /home/airflow/.local/lib/python3.8/site-packages/airflow/example_dags/example_nested_branch_dag.py took 0.091 seconds
[2023-11-03T00:08:17.513+0000] {processor.py:157} INFO - Started process (PID=2099) to work on /home/airflow/.local/lib/python3.8/site-packages/airflow/example_dags/example_nested_branch_dag.py
[2023-11-03T00:08:17.515+0000] {processor.py:829} INFO - Processing file /home/airflow/.local/lib/python3.8/site-packages/airflow/example_dags/example_nested_branch_dag.py for tasks to queue
[2023-11-03T00:08:17.518+0000] {logging_mixin.py:151} INFO - [2023-11-03T00:08:17.517+0000] {dagbag.py:536} INFO - Filling up the DagBag from /home/airflow/.local/lib/python3.8/site-packages/airflow/example_dags/example_nested_branch_dag.py
[2023-11-03T00:08:17.560+0000] {processor.py:839} INFO - DAG(s) dict_keys(['example_nested_branch_dag']) retrieved from /home/airflow/.local/lib/python3.8/site-packages/airflow/example_dags/example_nested_branch_dag.py
[2023-11-03T00:08:17.619+0000] {logging_mixin.py:151} INFO - [2023-11-03T00:08:17.618+0000] {dag.py:2941} INFO - Sync 1 DAGs
[2023-11-03T00:08:17.661+0000] {logging_mixin.py:151} INFO - [2023-11-03T00:08:17.660+0000] {dag.py:3722} INFO - Setting next_dagrun for example_nested_branch_dag to 2023-11-02T00:00:00+00:00, run_after=2023-11-03T00:00:00+00:00
[2023-11-03T00:08:18.041+0000] {processor.py:179} INFO - Processing /home/airflow/.local/lib/python3.8/site-packages/airflow/example_dags/example_nested_branch_dag.py took 0.532 seconds
[2023-11-03T00:08:48.285+0000] {processor.py:157} INFO - Started process (PID=2160) to work on /home/airflow/.local/lib/python3.8/site-packages/airflow/example_dags/example_nested_branch_dag.py
[2023-11-03T00:08:48.286+0000] {processor.py:829} INFO - Processing file /home/airflow/.local/lib/python3.8/site-packages/airflow/example_dags/example_nested_branch_dag.py for tasks to queue
[2023-11-03T00:08:48.289+0000] {logging_mixin.py:151} INFO - [2023-11-03T00:08:48.289+0000] {dagbag.py:536} INFO - Filling up the DagBag from /home/airflow/.local/lib/python3.8/site-packages/airflow/example_dags/example_nested_branch_dag.py
[2023-11-03T00:08:48.300+0000] {processor.py:839} INFO - DAG(s) dict_keys(['example_nested_branch_dag']) retrieved from /home/airflow/.local/lib/python3.8/site-packages/airflow/example_dags/example_nested_branch_dag.py
[2023-11-03T00:08:48.332+0000] {logging_mixin.py:151} INFO - [2023-11-03T00:08:48.332+0000] {dag.py:2941} INFO - Sync 1 DAGs
[2023-11-03T00:08:48.361+0000] {logging_mixin.py:151} INFO - [2023-11-03T00:08:48.361+0000] {dag.py:3722} INFO - Setting next_dagrun for example_nested_branch_dag to 2023-11-02T00:00:00+00:00, run_after=2023-11-03T00:00:00+00:00
[2023-11-03T00:08:48.398+0000] {processor.py:179} INFO - Processing /home/airflow/.local/lib/python3.8/site-packages/airflow/example_dags/example_nested_branch_dag.py took 0.117 seconds
[2023-11-03T00:09:19.258+0000] {processor.py:157} INFO - Started process (PID=2214) to work on /home/airflow/.local/lib/python3.8/site-packages/airflow/example_dags/example_nested_branch_dag.py
[2023-11-03T00:09:19.260+0000] {processor.py:829} INFO - Processing file /home/airflow/.local/lib/python3.8/site-packages/airflow/example_dags/example_nested_branch_dag.py for tasks to queue
[2023-11-03T00:09:19.263+0000] {logging_mixin.py:151} INFO - [2023-11-03T00:09:19.262+0000] {dagbag.py:536} INFO - Filling up the DagBag from /home/airflow/.local/lib/python3.8/site-packages/airflow/example_dags/example_nested_branch_dag.py
[2023-11-03T00:09:19.274+0000] {processor.py:839} INFO - DAG(s) dict_keys(['example_nested_branch_dag']) retrieved from /home/airflow/.local/lib/python3.8/site-packages/airflow/example_dags/example_nested_branch_dag.py
[2023-11-03T00:09:19.303+0000] {logging_mixin.py:151} INFO - [2023-11-03T00:09:19.302+0000] {dag.py:2941} INFO - Sync 1 DAGs
[2023-11-03T00:09:19.332+0000] {logging_mixin.py:151} INFO - [2023-11-03T00:09:19.331+0000] {dag.py:3722} INFO - Setting next_dagrun for example_nested_branch_dag to 2023-11-02T00:00:00+00:00, run_after=2023-11-03T00:00:00+00:00
[2023-11-03T00:09:19.360+0000] {processor.py:179} INFO - Processing /home/airflow/.local/lib/python3.8/site-packages/airflow/example_dags/example_nested_branch_dag.py took 0.105 seconds
[2023-11-03T00:09:49.856+0000] {processor.py:157} INFO - Started process (PID=2268) to work on /home/airflow/.local/lib/python3.8/site-packages/airflow/example_dags/example_nested_branch_dag.py
[2023-11-03T00:09:49.861+0000] {processor.py:829} INFO - Processing file /home/airflow/.local/lib/python3.8/site-packages/airflow/example_dags/example_nested_branch_dag.py for tasks to queue
[2023-11-03T00:09:49.873+0000] {logging_mixin.py:151} INFO - [2023-11-03T00:09:49.873+0000] {dagbag.py:536} INFO - Filling up the DagBag from /home/airflow/.local/lib/python3.8/site-packages/airflow/example_dags/example_nested_branch_dag.py
[2023-11-03T00:09:49.890+0000] {processor.py:839} INFO - DAG(s) dict_keys(['example_nested_branch_dag']) retrieved from /home/airflow/.local/lib/python3.8/site-packages/airflow/example_dags/example_nested_branch_dag.py
[2023-11-03T00:09:49.940+0000] {logging_mixin.py:151} INFO - [2023-11-03T00:09:49.940+0000] {dag.py:2941} INFO - Sync 1 DAGs
[2023-11-03T00:09:49.981+0000] {logging_mixin.py:151} INFO - [2023-11-03T00:09:49.980+0000] {dag.py:3722} INFO - Setting next_dagrun for example_nested_branch_dag to 2023-11-02T00:00:00+00:00, run_after=2023-11-03T00:00:00+00:00
[2023-11-03T00:09:50.043+0000] {processor.py:179} INFO - Processing /home/airflow/.local/lib/python3.8/site-packages/airflow/example_dags/example_nested_branch_dag.py took 0.193 seconds
[2023-11-03T00:10:20.511+0000] {processor.py:157} INFO - Started process (PID=2322) to work on /home/airflow/.local/lib/python3.8/site-packages/airflow/example_dags/example_nested_branch_dag.py
[2023-11-03T00:10:20.512+0000] {processor.py:829} INFO - Processing file /home/airflow/.local/lib/python3.8/site-packages/airflow/example_dags/example_nested_branch_dag.py for tasks to queue
[2023-11-03T00:10:20.515+0000] {logging_mixin.py:151} INFO - [2023-11-03T00:10:20.515+0000] {dagbag.py:536} INFO - Filling up the DagBag from /home/airflow/.local/lib/python3.8/site-packages/airflow/example_dags/example_nested_branch_dag.py
[2023-11-03T00:10:20.528+0000] {processor.py:839} INFO - DAG(s) dict_keys(['example_nested_branch_dag']) retrieved from /home/airflow/.local/lib/python3.8/site-packages/airflow/example_dags/example_nested_branch_dag.py
[2023-11-03T00:10:20.564+0000] {logging_mixin.py:151} INFO - [2023-11-03T00:10:20.564+0000] {dag.py:2941} INFO - Sync 1 DAGs
[2023-11-03T00:10:20.799+0000] {logging_mixin.py:151} INFO - [2023-11-03T00:10:20.798+0000] {dag.py:3722} INFO - Setting next_dagrun for example_nested_branch_dag to 2023-11-02T00:00:00+00:00, run_after=2023-11-03T00:00:00+00:00
[2023-11-03T00:10:20.845+0000] {processor.py:179} INFO - Processing /home/airflow/.local/lib/python3.8/site-packages/airflow/example_dags/example_nested_branch_dag.py took 0.338 seconds
[2023-11-03T00:10:50.979+0000] {processor.py:157} INFO - Started process (PID=2376) to work on /home/airflow/.local/lib/python3.8/site-packages/airflow/example_dags/example_nested_branch_dag.py
[2023-11-03T00:10:50.981+0000] {processor.py:829} INFO - Processing file /home/airflow/.local/lib/python3.8/site-packages/airflow/example_dags/example_nested_branch_dag.py for tasks to queue
[2023-11-03T00:10:50.983+0000] {logging_mixin.py:151} INFO - [2023-11-03T00:10:50.983+0000] {dagbag.py:536} INFO - Filling up the DagBag from /home/airflow/.local/lib/python3.8/site-packages/airflow/example_dags/example_nested_branch_dag.py
[2023-11-03T00:10:50.995+0000] {processor.py:839} INFO - DAG(s) dict_keys(['example_nested_branch_dag']) retrieved from /home/airflow/.local/lib/python3.8/site-packages/airflow/example_dags/example_nested_branch_dag.py
[2023-11-03T00:10:51.027+0000] {logging_mixin.py:151} INFO - [2023-11-03T00:10:51.027+0000] {dag.py:2941} INFO - Sync 1 DAGs
[2023-11-03T00:10:51.059+0000] {logging_mixin.py:151} INFO - [2023-11-03T00:10:51.059+0000] {dag.py:3722} INFO - Setting next_dagrun for example_nested_branch_dag to 2023-11-02T00:00:00+00:00, run_after=2023-11-03T00:00:00+00:00
[2023-11-03T00:10:51.096+0000] {processor.py:179} INFO - Processing /home/airflow/.local/lib/python3.8/site-packages/airflow/example_dags/example_nested_branch_dag.py took 0.120 seconds
[2023-11-03T00:11:21.742+0000] {processor.py:157} INFO - Started process (PID=2430) to work on /home/airflow/.local/lib/python3.8/site-packages/airflow/example_dags/example_nested_branch_dag.py
[2023-11-03T00:11:21.743+0000] {processor.py:829} INFO - Processing file /home/airflow/.local/lib/python3.8/site-packages/airflow/example_dags/example_nested_branch_dag.py for tasks to queue
[2023-11-03T00:11:21.746+0000] {logging_mixin.py:151} INFO - [2023-11-03T00:11:21.746+0000] {dagbag.py:536} INFO - Filling up the DagBag from /home/airflow/.local/lib/python3.8/site-packages/airflow/example_dags/example_nested_branch_dag.py
[2023-11-03T00:11:21.757+0000] {processor.py:839} INFO - DAG(s) dict_keys(['example_nested_branch_dag']) retrieved from /home/airflow/.local/lib/python3.8/site-packages/airflow/example_dags/example_nested_branch_dag.py
[2023-11-03T00:11:21.785+0000] {logging_mixin.py:151} INFO - [2023-11-03T00:11:21.784+0000] {dag.py:2941} INFO - Sync 1 DAGs
[2023-11-03T00:11:21.818+0000] {logging_mixin.py:151} INFO - [2023-11-03T00:11:21.817+0000] {dag.py:3722} INFO - Setting next_dagrun for example_nested_branch_dag to 2023-11-02T00:00:00+00:00, run_after=2023-11-03T00:00:00+00:00
[2023-11-03T00:11:21.856+0000] {processor.py:179} INFO - Processing /home/airflow/.local/lib/python3.8/site-packages/airflow/example_dags/example_nested_branch_dag.py took 0.118 seconds
[2023-11-03T00:11:52.219+0000] {processor.py:157} INFO - Started process (PID=2484) to work on /home/airflow/.local/lib/python3.8/site-packages/airflow/example_dags/example_nested_branch_dag.py
[2023-11-03T00:11:52.221+0000] {processor.py:829} INFO - Processing file /home/airflow/.local/lib/python3.8/site-packages/airflow/example_dags/example_nested_branch_dag.py for tasks to queue
[2023-11-03T00:11:52.225+0000] {logging_mixin.py:151} INFO - [2023-11-03T00:11:52.225+0000] {dagbag.py:536} INFO - Filling up the DagBag from /home/airflow/.local/lib/python3.8/site-packages/airflow/example_dags/example_nested_branch_dag.py
[2023-11-03T00:11:52.246+0000] {processor.py:839} INFO - DAG(s) dict_keys(['example_nested_branch_dag']) retrieved from /home/airflow/.local/lib/python3.8/site-packages/airflow/example_dags/example_nested_branch_dag.py
[2023-11-03T00:11:52.280+0000] {logging_mixin.py:151} INFO - [2023-11-03T00:11:52.280+0000] {dag.py:2941} INFO - Sync 1 DAGs
[2023-11-03T00:11:52.483+0000] {logging_mixin.py:151} INFO - [2023-11-03T00:11:52.482+0000] {dag.py:3722} INFO - Setting next_dagrun for example_nested_branch_dag to 2023-11-02T00:00:00+00:00, run_after=2023-11-03T00:00:00+00:00
[2023-11-03T00:11:52.509+0000] {processor.py:179} INFO - Processing /home/airflow/.local/lib/python3.8/site-packages/airflow/example_dags/example_nested_branch_dag.py took 0.295 seconds
[2023-11-03T00:12:23.271+0000] {processor.py:157} INFO - Started process (PID=2539) to work on /home/airflow/.local/lib/python3.8/site-packages/airflow/example_dags/example_nested_branch_dag.py
[2023-11-03T00:12:23.272+0000] {processor.py:829} INFO - Processing file /home/airflow/.local/lib/python3.8/site-packages/airflow/example_dags/example_nested_branch_dag.py for tasks to queue
[2023-11-03T00:12:23.275+0000] {logging_mixin.py:151} INFO - [2023-11-03T00:12:23.274+0000] {dagbag.py:536} INFO - Filling up the DagBag from /home/airflow/.local/lib/python3.8/site-packages/airflow/example_dags/example_nested_branch_dag.py
[2023-11-03T00:12:23.284+0000] {processor.py:839} INFO - DAG(s) dict_keys(['example_nested_branch_dag']) retrieved from /home/airflow/.local/lib/python3.8/site-packages/airflow/example_dags/example_nested_branch_dag.py
[2023-11-03T00:12:23.313+0000] {logging_mixin.py:151} INFO - [2023-11-03T00:12:23.312+0000] {dag.py:2941} INFO - Sync 1 DAGs
[2023-11-03T00:12:23.589+0000] {logging_mixin.py:151} INFO - [2023-11-03T00:12:23.589+0000] {dag.py:3722} INFO - Setting next_dagrun for example_nested_branch_dag to 2023-11-02T00:00:00+00:00, run_after=2023-11-03T00:00:00+00:00
[2023-11-03T00:12:23.620+0000] {processor.py:179} INFO - Processing /home/airflow/.local/lib/python3.8/site-packages/airflow/example_dags/example_nested_branch_dag.py took 0.353 seconds
[2023-11-03T00:12:54.429+0000] {processor.py:157} INFO - Started process (PID=2593) to work on /home/airflow/.local/lib/python3.8/site-packages/airflow/example_dags/example_nested_branch_dag.py
[2023-11-03T00:12:54.430+0000] {processor.py:829} INFO - Processing file /home/airflow/.local/lib/python3.8/site-packages/airflow/example_dags/example_nested_branch_dag.py for tasks to queue
[2023-11-03T00:12:54.433+0000] {logging_mixin.py:151} INFO - [2023-11-03T00:12:54.432+0000] {dagbag.py:536} INFO - Filling up the DagBag from /home/airflow/.local/lib/python3.8/site-packages/airflow/example_dags/example_nested_branch_dag.py
[2023-11-03T00:12:54.442+0000] {processor.py:839} INFO - DAG(s) dict_keys(['example_nested_branch_dag']) retrieved from /home/airflow/.local/lib/python3.8/site-packages/airflow/example_dags/example_nested_branch_dag.py
[2023-11-03T00:12:54.472+0000] {logging_mixin.py:151} INFO - [2023-11-03T00:12:54.472+0000] {dag.py:2941} INFO - Sync 1 DAGs
[2023-11-03T00:12:54.501+0000] {logging_mixin.py:151} INFO - [2023-11-03T00:12:54.501+0000] {dag.py:3722} INFO - Setting next_dagrun for example_nested_branch_dag to 2023-11-02T00:00:00+00:00, run_after=2023-11-03T00:00:00+00:00
[2023-11-03T00:12:54.531+0000] {processor.py:179} INFO - Processing /home/airflow/.local/lib/python3.8/site-packages/airflow/example_dags/example_nested_branch_dag.py took 0.106 seconds
[2023-11-03T00:13:25.541+0000] {processor.py:157} INFO - Started process (PID=2647) to work on /home/airflow/.local/lib/python3.8/site-packages/airflow/example_dags/example_nested_branch_dag.py
[2023-11-03T00:13:25.542+0000] {processor.py:829} INFO - Processing file /home/airflow/.local/lib/python3.8/site-packages/airflow/example_dags/example_nested_branch_dag.py for tasks to queue
[2023-11-03T00:13:25.545+0000] {logging_mixin.py:151} INFO - [2023-11-03T00:13:25.544+0000] {dagbag.py:536} INFO - Filling up the DagBag from /home/airflow/.local/lib/python3.8/site-packages/airflow/example_dags/example_nested_branch_dag.py
[2023-11-03T00:13:25.559+0000] {processor.py:839} INFO - DAG(s) dict_keys(['example_nested_branch_dag']) retrieved from /home/airflow/.local/lib/python3.8/site-packages/airflow/example_dags/example_nested_branch_dag.py
[2023-11-03T00:13:25.774+0000] {logging_mixin.py:151} INFO - [2023-11-03T00:13:25.773+0000] {dag.py:2941} INFO - Sync 1 DAGs
[2023-11-03T00:13:25.803+0000] {logging_mixin.py:151} INFO - [2023-11-03T00:13:25.803+0000] {dag.py:3722} INFO - Setting next_dagrun for example_nested_branch_dag to 2023-11-02T00:00:00+00:00, run_after=2023-11-03T00:00:00+00:00
[2023-11-03T00:13:25.839+0000] {processor.py:179} INFO - Processing /home/airflow/.local/lib/python3.8/site-packages/airflow/example_dags/example_nested_branch_dag.py took 0.303 seconds
[2023-11-03T00:13:56.430+0000] {processor.py:157} INFO - Started process (PID=2701) to work on /home/airflow/.local/lib/python3.8/site-packages/airflow/example_dags/example_nested_branch_dag.py
[2023-11-03T00:13:56.432+0000] {processor.py:829} INFO - Processing file /home/airflow/.local/lib/python3.8/site-packages/airflow/example_dags/example_nested_branch_dag.py for tasks to queue
[2023-11-03T00:13:56.434+0000] {logging_mixin.py:151} INFO - [2023-11-03T00:13:56.434+0000] {dagbag.py:536} INFO - Filling up the DagBag from /home/airflow/.local/lib/python3.8/site-packages/airflow/example_dags/example_nested_branch_dag.py
[2023-11-03T00:13:56.445+0000] {processor.py:839} INFO - DAG(s) dict_keys(['example_nested_branch_dag']) retrieved from /home/airflow/.local/lib/python3.8/site-packages/airflow/example_dags/example_nested_branch_dag.py
[2023-11-03T00:13:56.474+0000] {logging_mixin.py:151} INFO - [2023-11-03T00:13:56.473+0000] {dag.py:2941} INFO - Sync 1 DAGs
[2023-11-03T00:13:56.502+0000] {logging_mixin.py:151} INFO - [2023-11-03T00:13:56.502+0000] {dag.py:3722} INFO - Setting next_dagrun for example_nested_branch_dag to 2023-11-02T00:00:00+00:00, run_after=2023-11-03T00:00:00+00:00
[2023-11-03T00:13:56.531+0000] {processor.py:179} INFO - Processing /home/airflow/.local/lib/python3.8/site-packages/airflow/example_dags/example_nested_branch_dag.py took 0.104 seconds
[2023-11-03T00:14:26.992+0000] {processor.py:157} INFO - Started process (PID=2755) to work on /home/airflow/.local/lib/python3.8/site-packages/airflow/example_dags/example_nested_branch_dag.py
[2023-11-03T00:14:26.993+0000] {processor.py:829} INFO - Processing file /home/airflow/.local/lib/python3.8/site-packages/airflow/example_dags/example_nested_branch_dag.py for tasks to queue
[2023-11-03T00:14:26.996+0000] {logging_mixin.py:151} INFO - [2023-11-03T00:14:26.995+0000] {dagbag.py:536} INFO - Filling up the DagBag from /home/airflow/.local/lib/python3.8/site-packages/airflow/example_dags/example_nested_branch_dag.py
[2023-11-03T00:14:27.006+0000] {processor.py:839} INFO - DAG(s) dict_keys(['example_nested_branch_dag']) retrieved from /home/airflow/.local/lib/python3.8/site-packages/airflow/example_dags/example_nested_branch_dag.py
[2023-11-03T00:14:27.033+0000] {logging_mixin.py:151} INFO - [2023-11-03T00:14:27.033+0000] {dag.py:2941} INFO - Sync 1 DAGs
[2023-11-03T00:14:27.061+0000] {logging_mixin.py:151} INFO - [2023-11-03T00:14:27.061+0000] {dag.py:3722} INFO - Setting next_dagrun for example_nested_branch_dag to 2023-11-02T00:00:00+00:00, run_after=2023-11-03T00:00:00+00:00
[2023-11-03T00:14:27.090+0000] {processor.py:179} INFO - Processing /home/airflow/.local/lib/python3.8/site-packages/airflow/example_dags/example_nested_branch_dag.py took 0.101 seconds
[2023-11-03T00:14:57.185+0000] {processor.py:157} INFO - Started process (PID=2809) to work on /home/airflow/.local/lib/python3.8/site-packages/airflow/example_dags/example_nested_branch_dag.py
[2023-11-03T00:14:57.187+0000] {processor.py:829} INFO - Processing file /home/airflow/.local/lib/python3.8/site-packages/airflow/example_dags/example_nested_branch_dag.py for tasks to queue
[2023-11-03T00:14:57.189+0000] {logging_mixin.py:151} INFO - [2023-11-03T00:14:57.189+0000] {dagbag.py:536} INFO - Filling up the DagBag from /home/airflow/.local/lib/python3.8/site-packages/airflow/example_dags/example_nested_branch_dag.py
[2023-11-03T00:14:57.200+0000] {processor.py:839} INFO - DAG(s) dict_keys(['example_nested_branch_dag']) retrieved from /home/airflow/.local/lib/python3.8/site-packages/airflow/example_dags/example_nested_branch_dag.py
[2023-11-03T00:14:57.228+0000] {logging_mixin.py:151} INFO - [2023-11-03T00:14:57.227+0000] {dag.py:2941} INFO - Sync 1 DAGs
[2023-11-03T00:14:57.254+0000] {logging_mixin.py:151} INFO - [2023-11-03T00:14:57.254+0000] {dag.py:3722} INFO - Setting next_dagrun for example_nested_branch_dag to 2023-11-02T00:00:00+00:00, run_after=2023-11-03T00:00:00+00:00
[2023-11-03T00:14:57.284+0000] {processor.py:179} INFO - Processing /home/airflow/.local/lib/python3.8/site-packages/airflow/example_dags/example_nested_branch_dag.py took 0.102 seconds
[2023-11-03T00:15:27.508+0000] {processor.py:157} INFO - Started process (PID=2863) to work on /home/airflow/.local/lib/python3.8/site-packages/airflow/example_dags/example_nested_branch_dag.py
[2023-11-03T00:15:27.509+0000] {processor.py:829} INFO - Processing file /home/airflow/.local/lib/python3.8/site-packages/airflow/example_dags/example_nested_branch_dag.py for tasks to queue
[2023-11-03T00:15:27.511+0000] {logging_mixin.py:151} INFO - [2023-11-03T00:15:27.511+0000] {dagbag.py:536} INFO - Filling up the DagBag from /home/airflow/.local/lib/python3.8/site-packages/airflow/example_dags/example_nested_branch_dag.py
[2023-11-03T00:15:27.520+0000] {processor.py:839} INFO - DAG(s) dict_keys(['example_nested_branch_dag']) retrieved from /home/airflow/.local/lib/python3.8/site-packages/airflow/example_dags/example_nested_branch_dag.py
[2023-11-03T00:15:27.549+0000] {logging_mixin.py:151} INFO - [2023-11-03T00:15:27.549+0000] {dag.py:2941} INFO - Sync 1 DAGs
[2023-11-03T00:15:27.577+0000] {logging_mixin.py:151} INFO - [2023-11-03T00:15:27.577+0000] {dag.py:3722} INFO - Setting next_dagrun for example_nested_branch_dag to 2023-11-02T00:00:00+00:00, run_after=2023-11-03T00:00:00+00:00
[2023-11-03T00:15:27.607+0000] {processor.py:179} INFO - Processing /home/airflow/.local/lib/python3.8/site-packages/airflow/example_dags/example_nested_branch_dag.py took 0.102 seconds
[2023-11-03T00:15:57.779+0000] {processor.py:157} INFO - Started process (PID=2917) to work on /home/airflow/.local/lib/python3.8/site-packages/airflow/example_dags/example_nested_branch_dag.py
[2023-11-03T00:15:57.781+0000] {processor.py:829} INFO - Processing file /home/airflow/.local/lib/python3.8/site-packages/airflow/example_dags/example_nested_branch_dag.py for tasks to queue
[2023-11-03T00:15:57.783+0000] {logging_mixin.py:151} INFO - [2023-11-03T00:15:57.783+0000] {dagbag.py:536} INFO - Filling up the DagBag from /home/airflow/.local/lib/python3.8/site-packages/airflow/example_dags/example_nested_branch_dag.py
[2023-11-03T00:15:57.794+0000] {processor.py:839} INFO - DAG(s) dict_keys(['example_nested_branch_dag']) retrieved from /home/airflow/.local/lib/python3.8/site-packages/airflow/example_dags/example_nested_branch_dag.py
[2023-11-03T00:15:57.820+0000] {logging_mixin.py:151} INFO - [2023-11-03T00:15:57.820+0000] {dag.py:2941} INFO - Sync 1 DAGs
[2023-11-03T00:15:57.848+0000] {logging_mixin.py:151} INFO - [2023-11-03T00:15:57.847+0000] {dag.py:3722} INFO - Setting next_dagrun for example_nested_branch_dag to 2023-11-02T00:00:00+00:00, run_after=2023-11-03T00:00:00+00:00
[2023-11-03T00:15:57.873+0000] {processor.py:179} INFO - Processing /home/airflow/.local/lib/python3.8/site-packages/airflow/example_dags/example_nested_branch_dag.py took 0.097 seconds
[2023-11-03T00:16:27.932+0000] {processor.py:157} INFO - Started process (PID=2971) to work on /home/airflow/.local/lib/python3.8/site-packages/airflow/example_dags/example_nested_branch_dag.py
[2023-11-03T00:16:27.933+0000] {processor.py:829} INFO - Processing file /home/airflow/.local/lib/python3.8/site-packages/airflow/example_dags/example_nested_branch_dag.py for tasks to queue
[2023-11-03T00:16:27.936+0000] {logging_mixin.py:151} INFO - [2023-11-03T00:16:27.935+0000] {dagbag.py:536} INFO - Filling up the DagBag from /home/airflow/.local/lib/python3.8/site-packages/airflow/example_dags/example_nested_branch_dag.py
[2023-11-03T00:16:27.946+0000] {processor.py:839} INFO - DAG(s) dict_keys(['example_nested_branch_dag']) retrieved from /home/airflow/.local/lib/python3.8/site-packages/airflow/example_dags/example_nested_branch_dag.py
[2023-11-03T00:16:27.969+0000] {logging_mixin.py:151} INFO - [2023-11-03T00:16:27.968+0000] {dag.py:2941} INFO - Sync 1 DAGs
[2023-11-03T00:16:27.992+0000] {logging_mixin.py:151} INFO - [2023-11-03T00:16:27.992+0000] {dag.py:3722} INFO - Setting next_dagrun for example_nested_branch_dag to 2023-11-02T00:00:00+00:00, run_after=2023-11-03T00:00:00+00:00
[2023-11-03T00:16:28.014+0000] {processor.py:179} INFO - Processing /home/airflow/.local/lib/python3.8/site-packages/airflow/example_dags/example_nested_branch_dag.py took 0.084 seconds
[2023-11-03T00:16:58.155+0000] {processor.py:157} INFO - Started process (PID=3025) to work on /home/airflow/.local/lib/python3.8/site-packages/airflow/example_dags/example_nested_branch_dag.py
[2023-11-03T00:16:58.156+0000] {processor.py:829} INFO - Processing file /home/airflow/.local/lib/python3.8/site-packages/airflow/example_dags/example_nested_branch_dag.py for tasks to queue
[2023-11-03T00:16:58.159+0000] {logging_mixin.py:151} INFO - [2023-11-03T00:16:58.158+0000] {dagbag.py:536} INFO - Filling up the DagBag from /home/airflow/.local/lib/python3.8/site-packages/airflow/example_dags/example_nested_branch_dag.py
[2023-11-03T00:16:58.168+0000] {processor.py:839} INFO - DAG(s) dict_keys(['example_nested_branch_dag']) retrieved from /home/airflow/.local/lib/python3.8/site-packages/airflow/example_dags/example_nested_branch_dag.py
[2023-11-03T00:16:58.198+0000] {logging_mixin.py:151} INFO - [2023-11-03T00:16:58.198+0000] {dag.py:2941} INFO - Sync 1 DAGs
[2023-11-03T00:16:58.225+0000] {logging_mixin.py:151} INFO - [2023-11-03T00:16:58.224+0000] {dag.py:3722} INFO - Setting next_dagrun for example_nested_branch_dag to 2023-11-02T00:00:00+00:00, run_after=2023-11-03T00:00:00+00:00
[2023-11-03T00:16:58.248+0000] {processor.py:179} INFO - Processing /home/airflow/.local/lib/python3.8/site-packages/airflow/example_dags/example_nested_branch_dag.py took 0.097 seconds
[2023-11-03T00:17:28.507+0000] {processor.py:157} INFO - Started process (PID=3079) to work on /home/airflow/.local/lib/python3.8/site-packages/airflow/example_dags/example_nested_branch_dag.py
[2023-11-03T00:17:28.508+0000] {processor.py:829} INFO - Processing file /home/airflow/.local/lib/python3.8/site-packages/airflow/example_dags/example_nested_branch_dag.py for tasks to queue
[2023-11-03T00:17:28.512+0000] {logging_mixin.py:151} INFO - [2023-11-03T00:17:28.512+0000] {dagbag.py:536} INFO - Filling up the DagBag from /home/airflow/.local/lib/python3.8/site-packages/airflow/example_dags/example_nested_branch_dag.py
[2023-11-03T00:17:28.521+0000] {processor.py:839} INFO - DAG(s) dict_keys(['example_nested_branch_dag']) retrieved from /home/airflow/.local/lib/python3.8/site-packages/airflow/example_dags/example_nested_branch_dag.py
[2023-11-03T00:17:28.550+0000] {logging_mixin.py:151} INFO - [2023-11-03T00:17:28.549+0000] {dag.py:2941} INFO - Sync 1 DAGs
[2023-11-03T00:17:28.578+0000] {logging_mixin.py:151} INFO - [2023-11-03T00:17:28.578+0000] {dag.py:3722} INFO - Setting next_dagrun for example_nested_branch_dag to 2023-11-02T00:00:00+00:00, run_after=2023-11-03T00:00:00+00:00
[2023-11-03T00:17:28.608+0000] {processor.py:179} INFO - Processing /home/airflow/.local/lib/python3.8/site-packages/airflow/example_dags/example_nested_branch_dag.py took 0.104 seconds
[2023-11-03T00:17:59.258+0000] {processor.py:157} INFO - Started process (PID=3133) to work on /home/airflow/.local/lib/python3.8/site-packages/airflow/example_dags/example_nested_branch_dag.py
[2023-11-03T00:17:59.260+0000] {processor.py:829} INFO - Processing file /home/airflow/.local/lib/python3.8/site-packages/airflow/example_dags/example_nested_branch_dag.py for tasks to queue
[2023-11-03T00:17:59.263+0000] {logging_mixin.py:151} INFO - [2023-11-03T00:17:59.263+0000] {dagbag.py:536} INFO - Filling up the DagBag from /home/airflow/.local/lib/python3.8/site-packages/airflow/example_dags/example_nested_branch_dag.py
[2023-11-03T00:17:59.274+0000] {processor.py:839} INFO - DAG(s) dict_keys(['example_nested_branch_dag']) retrieved from /home/airflow/.local/lib/python3.8/site-packages/airflow/example_dags/example_nested_branch_dag.py
[2023-11-03T00:17:59.316+0000] {logging_mixin.py:151} INFO - [2023-11-03T00:17:59.316+0000] {dag.py:2941} INFO - Sync 1 DAGs
[2023-11-03T00:17:59.355+0000] {logging_mixin.py:151} INFO - [2023-11-03T00:17:59.354+0000] {dag.py:3722} INFO - Setting next_dagrun for example_nested_branch_dag to 2023-11-02T00:00:00+00:00, run_after=2023-11-03T00:00:00+00:00
[2023-11-03T00:17:59.400+0000] {processor.py:179} INFO - Processing /home/airflow/.local/lib/python3.8/site-packages/airflow/example_dags/example_nested_branch_dag.py took 0.145 seconds
[2023-11-03T00:18:29.856+0000] {processor.py:157} INFO - Started process (PID=3187) to work on /home/airflow/.local/lib/python3.8/site-packages/airflow/example_dags/example_nested_branch_dag.py
[2023-11-03T00:18:29.856+0000] {processor.py:829} INFO - Processing file /home/airflow/.local/lib/python3.8/site-packages/airflow/example_dags/example_nested_branch_dag.py for tasks to queue
[2023-11-03T00:18:29.859+0000] {logging_mixin.py:151} INFO - [2023-11-03T00:18:29.859+0000] {dagbag.py:536} INFO - Filling up the DagBag from /home/airflow/.local/lib/python3.8/site-packages/airflow/example_dags/example_nested_branch_dag.py
[2023-11-03T00:18:29.869+0000] {processor.py:839} INFO - DAG(s) dict_keys(['example_nested_branch_dag']) retrieved from /home/airflow/.local/lib/python3.8/site-packages/airflow/example_dags/example_nested_branch_dag.py
[2023-11-03T00:18:29.901+0000] {logging_mixin.py:151} INFO - [2023-11-03T00:18:29.900+0000] {dag.py:2941} INFO - Sync 1 DAGs
[2023-11-03T00:18:29.928+0000] {logging_mixin.py:151} INFO - [2023-11-03T00:18:29.928+0000] {dag.py:3722} INFO - Setting next_dagrun for example_nested_branch_dag to 2023-11-02T00:00:00+00:00, run_after=2023-11-03T00:00:00+00:00
[2023-11-03T00:18:29.960+0000] {processor.py:179} INFO - Processing /home/airflow/.local/lib/python3.8/site-packages/airflow/example_dags/example_nested_branch_dag.py took 0.107 seconds
[2023-11-03T00:19:00.383+0000] {processor.py:157} INFO - Started process (PID=3241) to work on /home/airflow/.local/lib/python3.8/site-packages/airflow/example_dags/example_nested_branch_dag.py
[2023-11-03T00:19:00.385+0000] {processor.py:829} INFO - Processing file /home/airflow/.local/lib/python3.8/site-packages/airflow/example_dags/example_nested_branch_dag.py for tasks to queue
[2023-11-03T00:19:00.388+0000] {logging_mixin.py:151} INFO - [2023-11-03T00:19:00.388+0000] {dagbag.py:536} INFO - Filling up the DagBag from /home/airflow/.local/lib/python3.8/site-packages/airflow/example_dags/example_nested_branch_dag.py
[2023-11-03T00:19:00.403+0000] {processor.py:839} INFO - DAG(s) dict_keys(['example_nested_branch_dag']) retrieved from /home/airflow/.local/lib/python3.8/site-packages/airflow/example_dags/example_nested_branch_dag.py
[2023-11-03T00:19:00.440+0000] {logging_mixin.py:151} INFO - [2023-11-03T00:19:00.439+0000] {dag.py:2941} INFO - Sync 1 DAGs
[2023-11-03T00:19:00.485+0000] {logging_mixin.py:151} INFO - [2023-11-03T00:19:00.485+0000] {dag.py:3722} INFO - Setting next_dagrun for example_nested_branch_dag to 2023-11-02T00:00:00+00:00, run_after=2023-11-03T00:00:00+00:00
[2023-11-03T00:19:00.523+0000] {processor.py:179} INFO - Processing /home/airflow/.local/lib/python3.8/site-packages/airflow/example_dags/example_nested_branch_dag.py took 0.144 seconds
[2023-11-03T00:19:30.790+0000] {processor.py:157} INFO - Started process (PID=3295) to work on /home/airflow/.local/lib/python3.8/site-packages/airflow/example_dags/example_nested_branch_dag.py
[2023-11-03T00:19:30.791+0000] {processor.py:829} INFO - Processing file /home/airflow/.local/lib/python3.8/site-packages/airflow/example_dags/example_nested_branch_dag.py for tasks to queue
[2023-11-03T00:19:30.793+0000] {logging_mixin.py:151} INFO - [2023-11-03T00:19:30.793+0000] {dagbag.py:536} INFO - Filling up the DagBag from /home/airflow/.local/lib/python3.8/site-packages/airflow/example_dags/example_nested_branch_dag.py
[2023-11-03T00:19:30.803+0000] {processor.py:839} INFO - DAG(s) dict_keys(['example_nested_branch_dag']) retrieved from /home/airflow/.local/lib/python3.8/site-packages/airflow/example_dags/example_nested_branch_dag.py
[2023-11-03T00:19:30.833+0000] {logging_mixin.py:151} INFO - [2023-11-03T00:19:30.833+0000] {dag.py:2941} INFO - Sync 1 DAGs
[2023-11-03T00:19:30.862+0000] {logging_mixin.py:151} INFO - [2023-11-03T00:19:30.862+0000] {dag.py:3722} INFO - Setting next_dagrun for example_nested_branch_dag to 2023-11-02T00:00:00+00:00, run_after=2023-11-03T00:00:00+00:00
[2023-11-03T00:19:30.894+0000] {processor.py:179} INFO - Processing /home/airflow/.local/lib/python3.8/site-packages/airflow/example_dags/example_nested_branch_dag.py took 0.108 seconds
[2023-11-03T00:20:00.927+0000] {processor.py:157} INFO - Started process (PID=3349) to work on /home/airflow/.local/lib/python3.8/site-packages/airflow/example_dags/example_nested_branch_dag.py
[2023-11-03T00:20:00.928+0000] {processor.py:829} INFO - Processing file /home/airflow/.local/lib/python3.8/site-packages/airflow/example_dags/example_nested_branch_dag.py for tasks to queue
[2023-11-03T00:20:00.931+0000] {logging_mixin.py:151} INFO - [2023-11-03T00:20:00.931+0000] {dagbag.py:536} INFO - Filling up the DagBag from /home/airflow/.local/lib/python3.8/site-packages/airflow/example_dags/example_nested_branch_dag.py
[2023-11-03T00:20:00.945+0000] {processor.py:839} INFO - DAG(s) dict_keys(['example_nested_branch_dag']) retrieved from /home/airflow/.local/lib/python3.8/site-packages/airflow/example_dags/example_nested_branch_dag.py
[2023-11-03T00:20:00.981+0000] {logging_mixin.py:151} INFO - [2023-11-03T00:20:00.981+0000] {dag.py:2941} INFO - Sync 1 DAGs
[2023-11-03T00:20:01.012+0000] {logging_mixin.py:151} INFO - [2023-11-03T00:20:01.012+0000] {dag.py:3722} INFO - Setting next_dagrun for example_nested_branch_dag to 2023-11-02T00:00:00+00:00, run_after=2023-11-03T00:00:00+00:00
[2023-11-03T00:20:01.044+0000] {processor.py:179} INFO - Processing /home/airflow/.local/lib/python3.8/site-packages/airflow/example_dags/example_nested_branch_dag.py took 0.121 seconds
[2023-11-03T00:20:31.338+0000] {processor.py:157} INFO - Started process (PID=3403) to work on /home/airflow/.local/lib/python3.8/site-packages/airflow/example_dags/example_nested_branch_dag.py
[2023-11-03T00:20:31.340+0000] {processor.py:829} INFO - Processing file /home/airflow/.local/lib/python3.8/site-packages/airflow/example_dags/example_nested_branch_dag.py for tasks to queue
[2023-11-03T00:20:31.342+0000] {logging_mixin.py:151} INFO - [2023-11-03T00:20:31.342+0000] {dagbag.py:536} INFO - Filling up the DagBag from /home/airflow/.local/lib/python3.8/site-packages/airflow/example_dags/example_nested_branch_dag.py
[2023-11-03T00:20:31.353+0000] {processor.py:839} INFO - DAG(s) dict_keys(['example_nested_branch_dag']) retrieved from /home/airflow/.local/lib/python3.8/site-packages/airflow/example_dags/example_nested_branch_dag.py
[2023-11-03T00:20:31.383+0000] {logging_mixin.py:151} INFO - [2023-11-03T00:20:31.383+0000] {dag.py:2941} INFO - Sync 1 DAGs
[2023-11-03T00:20:31.411+0000] {logging_mixin.py:151} INFO - [2023-11-03T00:20:31.411+0000] {dag.py:3722} INFO - Setting next_dagrun for example_nested_branch_dag to 2023-11-02T00:00:00+00:00, run_after=2023-11-03T00:00:00+00:00
[2023-11-03T00:20:31.440+0000] {processor.py:179} INFO - Processing /home/airflow/.local/lib/python3.8/site-packages/airflow/example_dags/example_nested_branch_dag.py took 0.105 seconds
[2023-11-03T00:21:01.600+0000] {processor.py:157} INFO - Started process (PID=3457) to work on /home/airflow/.local/lib/python3.8/site-packages/airflow/example_dags/example_nested_branch_dag.py
[2023-11-03T00:21:01.602+0000] {processor.py:829} INFO - Processing file /home/airflow/.local/lib/python3.8/site-packages/airflow/example_dags/example_nested_branch_dag.py for tasks to queue
[2023-11-03T00:21:01.605+0000] {logging_mixin.py:151} INFO - [2023-11-03T00:21:01.605+0000] {dagbag.py:536} INFO - Filling up the DagBag from /home/airflow/.local/lib/python3.8/site-packages/airflow/example_dags/example_nested_branch_dag.py
[2023-11-03T00:21:01.616+0000] {processor.py:839} INFO - DAG(s) dict_keys(['example_nested_branch_dag']) retrieved from /home/airflow/.local/lib/python3.8/site-packages/airflow/example_dags/example_nested_branch_dag.py
[2023-11-03T00:21:01.647+0000] {logging_mixin.py:151} INFO - [2023-11-03T00:21:01.647+0000] {dag.py:2941} INFO - Sync 1 DAGs
[2023-11-03T00:21:01.685+0000] {logging_mixin.py:151} INFO - [2023-11-03T00:21:01.685+0000] {dag.py:3722} INFO - Setting next_dagrun for example_nested_branch_dag to 2023-11-02T00:00:00+00:00, run_after=2023-11-03T00:00:00+00:00
[2023-11-03T00:21:01.725+0000] {processor.py:179} INFO - Processing /home/airflow/.local/lib/python3.8/site-packages/airflow/example_dags/example_nested_branch_dag.py took 0.129 seconds
[2023-11-03T00:21:31.770+0000] {processor.py:157} INFO - Started process (PID=3511) to work on /home/airflow/.local/lib/python3.8/site-packages/airflow/example_dags/example_nested_branch_dag.py
[2023-11-03T00:21:31.770+0000] {processor.py:829} INFO - Processing file /home/airflow/.local/lib/python3.8/site-packages/airflow/example_dags/example_nested_branch_dag.py for tasks to queue
[2023-11-03T00:21:31.773+0000] {logging_mixin.py:151} INFO - [2023-11-03T00:21:31.773+0000] {dagbag.py:536} INFO - Filling up the DagBag from /home/airflow/.local/lib/python3.8/site-packages/airflow/example_dags/example_nested_branch_dag.py
[2023-11-03T00:21:31.784+0000] {processor.py:839} INFO - DAG(s) dict_keys(['example_nested_branch_dag']) retrieved from /home/airflow/.local/lib/python3.8/site-packages/airflow/example_dags/example_nested_branch_dag.py
[2023-11-03T00:21:31.819+0000] {logging_mixin.py:151} INFO - [2023-11-03T00:21:31.818+0000] {dag.py:2941} INFO - Sync 1 DAGs
[2023-11-03T00:21:31.868+0000] {logging_mixin.py:151} INFO - [2023-11-03T00:21:31.867+0000] {dag.py:3722} INFO - Setting next_dagrun for example_nested_branch_dag to 2023-11-02T00:00:00+00:00, run_after=2023-11-03T00:00:00+00:00
[2023-11-03T00:21:31.897+0000] {processor.py:179} INFO - Processing /home/airflow/.local/lib/python3.8/site-packages/airflow/example_dags/example_nested_branch_dag.py took 0.130 seconds
[2023-11-03T00:22:02.236+0000] {processor.py:157} INFO - Started process (PID=3565) to work on /home/airflow/.local/lib/python3.8/site-packages/airflow/example_dags/example_nested_branch_dag.py
[2023-11-03T00:22:02.237+0000] {processor.py:829} INFO - Processing file /home/airflow/.local/lib/python3.8/site-packages/airflow/example_dags/example_nested_branch_dag.py for tasks to queue
[2023-11-03T00:22:02.240+0000] {logging_mixin.py:151} INFO - [2023-11-03T00:22:02.240+0000] {dagbag.py:536} INFO - Filling up the DagBag from /home/airflow/.local/lib/python3.8/site-packages/airflow/example_dags/example_nested_branch_dag.py
[2023-11-03T00:22:02.251+0000] {processor.py:839} INFO - DAG(s) dict_keys(['example_nested_branch_dag']) retrieved from /home/airflow/.local/lib/python3.8/site-packages/airflow/example_dags/example_nested_branch_dag.py
[2023-11-03T00:22:02.282+0000] {logging_mixin.py:151} INFO - [2023-11-03T00:22:02.282+0000] {dag.py:2941} INFO - Sync 1 DAGs
[2023-11-03T00:22:02.309+0000] {logging_mixin.py:151} INFO - [2023-11-03T00:22:02.309+0000] {dag.py:3722} INFO - Setting next_dagrun for example_nested_branch_dag to 2023-11-02T00:00:00+00:00, run_after=2023-11-03T00:00:00+00:00
[2023-11-03T00:22:02.342+0000] {processor.py:179} INFO - Processing /home/airflow/.local/lib/python3.8/site-packages/airflow/example_dags/example_nested_branch_dag.py took 0.110 seconds
[2023-11-03T00:22:32.668+0000] {processor.py:157} INFO - Started process (PID=3619) to work on /home/airflow/.local/lib/python3.8/site-packages/airflow/example_dags/example_nested_branch_dag.py
[2023-11-03T00:22:32.668+0000] {processor.py:829} INFO - Processing file /home/airflow/.local/lib/python3.8/site-packages/airflow/example_dags/example_nested_branch_dag.py for tasks to queue
[2023-11-03T00:22:32.671+0000] {logging_mixin.py:151} INFO - [2023-11-03T00:22:32.671+0000] {dagbag.py:536} INFO - Filling up the DagBag from /home/airflow/.local/lib/python3.8/site-packages/airflow/example_dags/example_nested_branch_dag.py
[2023-11-03T00:22:32.680+0000] {processor.py:839} INFO - DAG(s) dict_keys(['example_nested_branch_dag']) retrieved from /home/airflow/.local/lib/python3.8/site-packages/airflow/example_dags/example_nested_branch_dag.py
[2023-11-03T00:22:32.708+0000] {logging_mixin.py:151} INFO - [2023-11-03T00:22:32.707+0000] {dag.py:2941} INFO - Sync 1 DAGs
[2023-11-03T00:22:32.737+0000] {logging_mixin.py:151} INFO - [2023-11-03T00:22:32.736+0000] {dag.py:3722} INFO - Setting next_dagrun for example_nested_branch_dag to 2023-11-02T00:00:00+00:00, run_after=2023-11-03T00:00:00+00:00
[2023-11-03T00:22:32.764+0000] {processor.py:179} INFO - Processing /home/airflow/.local/lib/python3.8/site-packages/airflow/example_dags/example_nested_branch_dag.py took 0.100 seconds
[2023-11-03T00:23:03.065+0000] {processor.py:157} INFO - Started process (PID=3673) to work on /home/airflow/.local/lib/python3.8/site-packages/airflow/example_dags/example_nested_branch_dag.py
[2023-11-03T00:23:03.067+0000] {processor.py:829} INFO - Processing file /home/airflow/.local/lib/python3.8/site-packages/airflow/example_dags/example_nested_branch_dag.py for tasks to queue
[2023-11-03T00:23:03.070+0000] {logging_mixin.py:151} INFO - [2023-11-03T00:23:03.070+0000] {dagbag.py:536} INFO - Filling up the DagBag from /home/airflow/.local/lib/python3.8/site-packages/airflow/example_dags/example_nested_branch_dag.py
[2023-11-03T00:23:03.081+0000] {processor.py:839} INFO - DAG(s) dict_keys(['example_nested_branch_dag']) retrieved from /home/airflow/.local/lib/python3.8/site-packages/airflow/example_dags/example_nested_branch_dag.py
[2023-11-03T00:23:03.116+0000] {logging_mixin.py:151} INFO - [2023-11-03T00:23:03.116+0000] {dag.py:2941} INFO - Sync 1 DAGs
[2023-11-03T00:23:03.153+0000] {logging_mixin.py:151} INFO - [2023-11-03T00:23:03.153+0000] {dag.py:3722} INFO - Setting next_dagrun for example_nested_branch_dag to 2023-11-02T00:00:00+00:00, run_after=2023-11-03T00:00:00+00:00
[2023-11-03T00:23:03.186+0000] {processor.py:179} INFO - Processing /home/airflow/.local/lib/python3.8/site-packages/airflow/example_dags/example_nested_branch_dag.py took 0.125 seconds
[2023-11-03T00:23:33.742+0000] {processor.py:157} INFO - Started process (PID=3727) to work on /home/airflow/.local/lib/python3.8/site-packages/airflow/example_dags/example_nested_branch_dag.py
[2023-11-03T00:23:33.742+0000] {processor.py:829} INFO - Processing file /home/airflow/.local/lib/python3.8/site-packages/airflow/example_dags/example_nested_branch_dag.py for tasks to queue
[2023-11-03T00:23:33.745+0000] {logging_mixin.py:151} INFO - [2023-11-03T00:23:33.744+0000] {dagbag.py:536} INFO - Filling up the DagBag from /home/airflow/.local/lib/python3.8/site-packages/airflow/example_dags/example_nested_branch_dag.py
[2023-11-03T00:23:33.755+0000] {processor.py:839} INFO - DAG(s) dict_keys(['example_nested_branch_dag']) retrieved from /home/airflow/.local/lib/python3.8/site-packages/airflow/example_dags/example_nested_branch_dag.py
[2023-11-03T00:23:33.784+0000] {logging_mixin.py:151} INFO - [2023-11-03T00:23:33.783+0000] {dag.py:2941} INFO - Sync 1 DAGs
[2023-11-03T00:23:33.814+0000] {logging_mixin.py:151} INFO - [2023-11-03T00:23:33.814+0000] {dag.py:3722} INFO - Setting next_dagrun for example_nested_branch_dag to 2023-11-02T00:00:00+00:00, run_after=2023-11-03T00:00:00+00:00
[2023-11-03T00:23:33.845+0000] {processor.py:179} INFO - Processing /home/airflow/.local/lib/python3.8/site-packages/airflow/example_dags/example_nested_branch_dag.py took 0.107 seconds
[2023-11-03T00:24:03.958+0000] {processor.py:157} INFO - Started process (PID=3781) to work on /home/airflow/.local/lib/python3.8/site-packages/airflow/example_dags/example_nested_branch_dag.py
[2023-11-03T00:24:03.959+0000] {processor.py:829} INFO - Processing file /home/airflow/.local/lib/python3.8/site-packages/airflow/example_dags/example_nested_branch_dag.py for tasks to queue
[2023-11-03T00:24:03.963+0000] {logging_mixin.py:151} INFO - [2023-11-03T00:24:03.962+0000] {dagbag.py:536} INFO - Filling up the DagBag from /home/airflow/.local/lib/python3.8/site-packages/airflow/example_dags/example_nested_branch_dag.py
[2023-11-03T00:24:03.974+0000] {processor.py:839} INFO - DAG(s) dict_keys(['example_nested_branch_dag']) retrieved from /home/airflow/.local/lib/python3.8/site-packages/airflow/example_dags/example_nested_branch_dag.py
[2023-11-03T00:24:04.003+0000] {logging_mixin.py:151} INFO - [2023-11-03T00:24:04.002+0000] {dag.py:2941} INFO - Sync 1 DAGs
[2023-11-03T00:24:04.030+0000] {logging_mixin.py:151} INFO - [2023-11-03T00:24:04.029+0000] {dag.py:3722} INFO - Setting next_dagrun for example_nested_branch_dag to 2023-11-02T00:00:00+00:00, run_after=2023-11-03T00:00:00+00:00
[2023-11-03T00:24:04.060+0000] {processor.py:179} INFO - Processing /home/airflow/.local/lib/python3.8/site-packages/airflow/example_dags/example_nested_branch_dag.py took 0.105 seconds
[2023-11-03T00:24:34.218+0000] {processor.py:157} INFO - Started process (PID=3836) to work on /home/airflow/.local/lib/python3.8/site-packages/airflow/example_dags/example_nested_branch_dag.py
[2023-11-03T00:24:34.219+0000] {processor.py:829} INFO - Processing file /home/airflow/.local/lib/python3.8/site-packages/airflow/example_dags/example_nested_branch_dag.py for tasks to queue
[2023-11-03T00:24:34.221+0000] {logging_mixin.py:151} INFO - [2023-11-03T00:24:34.221+0000] {dagbag.py:536} INFO - Filling up the DagBag from /home/airflow/.local/lib/python3.8/site-packages/airflow/example_dags/example_nested_branch_dag.py
[2023-11-03T00:24:34.233+0000] {processor.py:839} INFO - DAG(s) dict_keys(['example_nested_branch_dag']) retrieved from /home/airflow/.local/lib/python3.8/site-packages/airflow/example_dags/example_nested_branch_dag.py
[2023-11-03T00:24:34.268+0000] {logging_mixin.py:151} INFO - [2023-11-03T00:24:34.268+0000] {dag.py:2941} INFO - Sync 1 DAGs
[2023-11-03T00:24:34.296+0000] {logging_mixin.py:151} INFO - [2023-11-03T00:24:34.296+0000] {dag.py:3722} INFO - Setting next_dagrun for example_nested_branch_dag to 2023-11-02T00:00:00+00:00, run_after=2023-11-03T00:00:00+00:00
[2023-11-03T00:24:34.325+0000] {processor.py:179} INFO - Processing /home/airflow/.local/lib/python3.8/site-packages/airflow/example_dags/example_nested_branch_dag.py took 0.110 seconds
[2023-11-03T00:25:04.375+0000] {processor.py:157} INFO - Started process (PID=3889) to work on /home/airflow/.local/lib/python3.8/site-packages/airflow/example_dags/example_nested_branch_dag.py
[2023-11-03T00:25:04.377+0000] {processor.py:829} INFO - Processing file /home/airflow/.local/lib/python3.8/site-packages/airflow/example_dags/example_nested_branch_dag.py for tasks to queue
[2023-11-03T00:25:04.379+0000] {logging_mixin.py:151} INFO - [2023-11-03T00:25:04.378+0000] {dagbag.py:536} INFO - Filling up the DagBag from /home/airflow/.local/lib/python3.8/site-packages/airflow/example_dags/example_nested_branch_dag.py
[2023-11-03T00:25:04.388+0000] {processor.py:839} INFO - DAG(s) dict_keys(['example_nested_branch_dag']) retrieved from /home/airflow/.local/lib/python3.8/site-packages/airflow/example_dags/example_nested_branch_dag.py
[2023-11-03T00:25:04.416+0000] {logging_mixin.py:151} INFO - [2023-11-03T00:25:04.415+0000] {dag.py:2941} INFO - Sync 1 DAGs
[2023-11-03T00:25:04.441+0000] {logging_mixin.py:151} INFO - [2023-11-03T00:25:04.441+0000] {dag.py:3722} INFO - Setting next_dagrun for example_nested_branch_dag to 2023-11-02T00:00:00+00:00, run_after=2023-11-03T00:00:00+00:00
[2023-11-03T00:25:04.470+0000] {processor.py:179} INFO - Processing /home/airflow/.local/lib/python3.8/site-packages/airflow/example_dags/example_nested_branch_dag.py took 0.098 seconds
[2023-11-03T00:25:34.640+0000] {processor.py:157} INFO - Started process (PID=3943) to work on /home/airflow/.local/lib/python3.8/site-packages/airflow/example_dags/example_nested_branch_dag.py
[2023-11-03T00:25:34.642+0000] {processor.py:829} INFO - Processing file /home/airflow/.local/lib/python3.8/site-packages/airflow/example_dags/example_nested_branch_dag.py for tasks to queue
[2023-11-03T00:25:34.644+0000] {logging_mixin.py:151} INFO - [2023-11-03T00:25:34.644+0000] {dagbag.py:536} INFO - Filling up the DagBag from /home/airflow/.local/lib/python3.8/site-packages/airflow/example_dags/example_nested_branch_dag.py
[2023-11-03T00:25:34.653+0000] {processor.py:839} INFO - DAG(s) dict_keys(['example_nested_branch_dag']) retrieved from /home/airflow/.local/lib/python3.8/site-packages/airflow/example_dags/example_nested_branch_dag.py
[2023-11-03T00:25:34.684+0000] {logging_mixin.py:151} INFO - [2023-11-03T00:25:34.684+0000] {dag.py:2941} INFO - Sync 1 DAGs
[2023-11-03T00:25:34.711+0000] {logging_mixin.py:151} INFO - [2023-11-03T00:25:34.710+0000] {dag.py:3722} INFO - Setting next_dagrun for example_nested_branch_dag to 2023-11-02T00:00:00+00:00, run_after=2023-11-03T00:00:00+00:00
[2023-11-03T00:25:34.743+0000] {processor.py:179} INFO - Processing /home/airflow/.local/lib/python3.8/site-packages/airflow/example_dags/example_nested_branch_dag.py took 0.105 seconds
[2023-11-03T00:26:04.788+0000] {processor.py:157} INFO - Started process (PID=3997) to work on /home/airflow/.local/lib/python3.8/site-packages/airflow/example_dags/example_nested_branch_dag.py
[2023-11-03T00:26:04.789+0000] {processor.py:829} INFO - Processing file /home/airflow/.local/lib/python3.8/site-packages/airflow/example_dags/example_nested_branch_dag.py for tasks to queue
[2023-11-03T00:26:04.792+0000] {logging_mixin.py:151} INFO - [2023-11-03T00:26:04.792+0000] {dagbag.py:536} INFO - Filling up the DagBag from /home/airflow/.local/lib/python3.8/site-packages/airflow/example_dags/example_nested_branch_dag.py
[2023-11-03T00:26:04.802+0000] {processor.py:839} INFO - DAG(s) dict_keys(['example_nested_branch_dag']) retrieved from /home/airflow/.local/lib/python3.8/site-packages/airflow/example_dags/example_nested_branch_dag.py
[2023-11-03T00:26:04.833+0000] {logging_mixin.py:151} INFO - [2023-11-03T00:26:04.832+0000] {dag.py:2941} INFO - Sync 1 DAGs
[2023-11-03T00:26:04.861+0000] {logging_mixin.py:151} INFO - [2023-11-03T00:26:04.861+0000] {dag.py:3722} INFO - Setting next_dagrun for example_nested_branch_dag to 2023-11-02T00:00:00+00:00, run_after=2023-11-03T00:00:00+00:00
[2023-11-03T00:26:04.886+0000] {processor.py:179} INFO - Processing /home/airflow/.local/lib/python3.8/site-packages/airflow/example_dags/example_nested_branch_dag.py took 0.101 seconds
[2023-11-03T00:26:34.964+0000] {processor.py:157} INFO - Started process (PID=4051) to work on /home/airflow/.local/lib/python3.8/site-packages/airflow/example_dags/example_nested_branch_dag.py
[2023-11-03T00:26:34.965+0000] {processor.py:829} INFO - Processing file /home/airflow/.local/lib/python3.8/site-packages/airflow/example_dags/example_nested_branch_dag.py for tasks to queue
[2023-11-03T00:26:34.968+0000] {logging_mixin.py:151} INFO - [2023-11-03T00:26:34.967+0000] {dagbag.py:536} INFO - Filling up the DagBag from /home/airflow/.local/lib/python3.8/site-packages/airflow/example_dags/example_nested_branch_dag.py
[2023-11-03T00:26:34.977+0000] {processor.py:839} INFO - DAG(s) dict_keys(['example_nested_branch_dag']) retrieved from /home/airflow/.local/lib/python3.8/site-packages/airflow/example_dags/example_nested_branch_dag.py
[2023-11-03T00:26:35.003+0000] {logging_mixin.py:151} INFO - [2023-11-03T00:26:35.003+0000] {dag.py:2941} INFO - Sync 1 DAGs
[2023-11-03T00:26:35.027+0000] {logging_mixin.py:151} INFO - [2023-11-03T00:26:35.026+0000] {dag.py:3722} INFO - Setting next_dagrun for example_nested_branch_dag to 2023-11-02T00:00:00+00:00, run_after=2023-11-03T00:00:00+00:00
[2023-11-03T00:26:35.048+0000] {processor.py:179} INFO - Processing /home/airflow/.local/lib/python3.8/site-packages/airflow/example_dags/example_nested_branch_dag.py took 0.087 seconds
[2023-11-03T00:27:05.153+0000] {processor.py:157} INFO - Started process (PID=4105) to work on /home/airflow/.local/lib/python3.8/site-packages/airflow/example_dags/example_nested_branch_dag.py
[2023-11-03T00:27:05.154+0000] {processor.py:829} INFO - Processing file /home/airflow/.local/lib/python3.8/site-packages/airflow/example_dags/example_nested_branch_dag.py for tasks to queue
[2023-11-03T00:27:05.157+0000] {logging_mixin.py:151} INFO - [2023-11-03T00:27:05.157+0000] {dagbag.py:536} INFO - Filling up the DagBag from /home/airflow/.local/lib/python3.8/site-packages/airflow/example_dags/example_nested_branch_dag.py
[2023-11-03T00:27:05.167+0000] {processor.py:839} INFO - DAG(s) dict_keys(['example_nested_branch_dag']) retrieved from /home/airflow/.local/lib/python3.8/site-packages/airflow/example_dags/example_nested_branch_dag.py
[2023-11-03T00:27:05.194+0000] {logging_mixin.py:151} INFO - [2023-11-03T00:27:05.194+0000] {dag.py:2941} INFO - Sync 1 DAGs
[2023-11-03T00:27:05.219+0000] {logging_mixin.py:151} INFO - [2023-11-03T00:27:05.219+0000] {dag.py:3722} INFO - Setting next_dagrun for example_nested_branch_dag to 2023-11-02T00:00:00+00:00, run_after=2023-11-03T00:00:00+00:00
[2023-11-03T00:27:05.246+0000] {processor.py:179} INFO - Processing /home/airflow/.local/lib/python3.8/site-packages/airflow/example_dags/example_nested_branch_dag.py took 0.097 seconds
[2023-11-03T00:27:35.420+0000] {processor.py:157} INFO - Started process (PID=4159) to work on /home/airflow/.local/lib/python3.8/site-packages/airflow/example_dags/example_nested_branch_dag.py
[2023-11-03T00:27:35.421+0000] {processor.py:829} INFO - Processing file /home/airflow/.local/lib/python3.8/site-packages/airflow/example_dags/example_nested_branch_dag.py for tasks to queue
[2023-11-03T00:27:35.423+0000] {logging_mixin.py:151} INFO - [2023-11-03T00:27:35.423+0000] {dagbag.py:536} INFO - Filling up the DagBag from /home/airflow/.local/lib/python3.8/site-packages/airflow/example_dags/example_nested_branch_dag.py
[2023-11-03T00:27:35.432+0000] {processor.py:839} INFO - DAG(s) dict_keys(['example_nested_branch_dag']) retrieved from /home/airflow/.local/lib/python3.8/site-packages/airflow/example_dags/example_nested_branch_dag.py
[2023-11-03T00:27:35.458+0000] {logging_mixin.py:151} INFO - [2023-11-03T00:27:35.457+0000] {dag.py:2941} INFO - Sync 1 DAGs
[2023-11-03T00:27:35.480+0000] {logging_mixin.py:151} INFO - [2023-11-03T00:27:35.480+0000] {dag.py:3722} INFO - Setting next_dagrun for example_nested_branch_dag to 2023-11-02T00:00:00+00:00, run_after=2023-11-03T00:00:00+00:00
[2023-11-03T00:27:35.505+0000] {processor.py:179} INFO - Processing /home/airflow/.local/lib/python3.8/site-packages/airflow/example_dags/example_nested_branch_dag.py took 0.088 seconds
[2023-11-03T00:28:05.638+0000] {processor.py:157} INFO - Started process (PID=4213) to work on /home/airflow/.local/lib/python3.8/site-packages/airflow/example_dags/example_nested_branch_dag.py
[2023-11-03T00:28:05.639+0000] {processor.py:829} INFO - Processing file /home/airflow/.local/lib/python3.8/site-packages/airflow/example_dags/example_nested_branch_dag.py for tasks to queue
[2023-11-03T00:28:05.641+0000] {logging_mixin.py:151} INFO - [2023-11-03T00:28:05.641+0000] {dagbag.py:536} INFO - Filling up the DagBag from /home/airflow/.local/lib/python3.8/site-packages/airflow/example_dags/example_nested_branch_dag.py
[2023-11-03T00:28:05.650+0000] {processor.py:839} INFO - DAG(s) dict_keys(['example_nested_branch_dag']) retrieved from /home/airflow/.local/lib/python3.8/site-packages/airflow/example_dags/example_nested_branch_dag.py
[2023-11-03T00:28:05.675+0000] {logging_mixin.py:151} INFO - [2023-11-03T00:28:05.674+0000] {dag.py:2941} INFO - Sync 1 DAGs
[2023-11-03T00:28:05.701+0000] {logging_mixin.py:151} INFO - [2023-11-03T00:28:05.701+0000] {dag.py:3722} INFO - Setting next_dagrun for example_nested_branch_dag to 2023-11-02T00:00:00+00:00, run_after=2023-11-03T00:00:00+00:00
[2023-11-03T00:28:05.725+0000] {processor.py:179} INFO - Processing /home/airflow/.local/lib/python3.8/site-packages/airflow/example_dags/example_nested_branch_dag.py took 0.090 seconds
[2023-11-03T00:28:35.877+0000] {processor.py:157} INFO - Started process (PID=4267) to work on /home/airflow/.local/lib/python3.8/site-packages/airflow/example_dags/example_nested_branch_dag.py
[2023-11-03T00:28:35.879+0000] {processor.py:829} INFO - Processing file /home/airflow/.local/lib/python3.8/site-packages/airflow/example_dags/example_nested_branch_dag.py for tasks to queue
[2023-11-03T00:28:35.881+0000] {logging_mixin.py:151} INFO - [2023-11-03T00:28:35.881+0000] {dagbag.py:536} INFO - Filling up the DagBag from /home/airflow/.local/lib/python3.8/site-packages/airflow/example_dags/example_nested_branch_dag.py
[2023-11-03T00:28:35.890+0000] {processor.py:839} INFO - DAG(s) dict_keys(['example_nested_branch_dag']) retrieved from /home/airflow/.local/lib/python3.8/site-packages/airflow/example_dags/example_nested_branch_dag.py
[2023-11-03T00:28:35.918+0000] {logging_mixin.py:151} INFO - [2023-11-03T00:28:35.918+0000] {dag.py:2941} INFO - Sync 1 DAGs
[2023-11-03T00:28:35.944+0000] {logging_mixin.py:151} INFO - [2023-11-03T00:28:35.944+0000] {dag.py:3722} INFO - Setting next_dagrun for example_nested_branch_dag to 2023-11-02T00:00:00+00:00, run_after=2023-11-03T00:00:00+00:00
[2023-11-03T00:28:35.974+0000] {processor.py:179} INFO - Processing /home/airflow/.local/lib/python3.8/site-packages/airflow/example_dags/example_nested_branch_dag.py took 0.100 seconds
[2023-11-03T00:29:06.213+0000] {processor.py:157} INFO - Started process (PID=4322) to work on /home/airflow/.local/lib/python3.8/site-packages/airflow/example_dags/example_nested_branch_dag.py
[2023-11-03T00:29:06.214+0000] {processor.py:829} INFO - Processing file /home/airflow/.local/lib/python3.8/site-packages/airflow/example_dags/example_nested_branch_dag.py for tasks to queue
[2023-11-03T00:29:06.216+0000] {logging_mixin.py:151} INFO - [2023-11-03T00:29:06.216+0000] {dagbag.py:536} INFO - Filling up the DagBag from /home/airflow/.local/lib/python3.8/site-packages/airflow/example_dags/example_nested_branch_dag.py
[2023-11-03T00:29:06.226+0000] {processor.py:839} INFO - DAG(s) dict_keys(['example_nested_branch_dag']) retrieved from /home/airflow/.local/lib/python3.8/site-packages/airflow/example_dags/example_nested_branch_dag.py
[2023-11-03T00:29:06.253+0000] {logging_mixin.py:151} INFO - [2023-11-03T00:29:06.252+0000] {dag.py:2941} INFO - Sync 1 DAGs
[2023-11-03T00:29:06.279+0000] {logging_mixin.py:151} INFO - [2023-11-03T00:29:06.278+0000] {dag.py:3722} INFO - Setting next_dagrun for example_nested_branch_dag to 2023-11-02T00:00:00+00:00, run_after=2023-11-03T00:00:00+00:00
[2023-11-03T00:29:06.304+0000] {processor.py:179} INFO - Processing /home/airflow/.local/lib/python3.8/site-packages/airflow/example_dags/example_nested_branch_dag.py took 0.095 seconds
[2023-11-03T00:29:36.365+0000] {processor.py:157} INFO - Started process (PID=4376) to work on /home/airflow/.local/lib/python3.8/site-packages/airflow/example_dags/example_nested_branch_dag.py
[2023-11-03T00:29:36.366+0000] {processor.py:829} INFO - Processing file /home/airflow/.local/lib/python3.8/site-packages/airflow/example_dags/example_nested_branch_dag.py for tasks to queue
[2023-11-03T00:29:36.369+0000] {logging_mixin.py:151} INFO - [2023-11-03T00:29:36.369+0000] {dagbag.py:536} INFO - Filling up the DagBag from /home/airflow/.local/lib/python3.8/site-packages/airflow/example_dags/example_nested_branch_dag.py
[2023-11-03T00:29:36.378+0000] {processor.py:839} INFO - DAG(s) dict_keys(['example_nested_branch_dag']) retrieved from /home/airflow/.local/lib/python3.8/site-packages/airflow/example_dags/example_nested_branch_dag.py
[2023-11-03T00:29:36.407+0000] {logging_mixin.py:151} INFO - [2023-11-03T00:29:36.407+0000] {dag.py:2941} INFO - Sync 1 DAGs
[2023-11-03T00:29:36.432+0000] {logging_mixin.py:151} INFO - [2023-11-03T00:29:36.432+0000] {dag.py:3722} INFO - Setting next_dagrun for example_nested_branch_dag to 2023-11-02T00:00:00+00:00, run_after=2023-11-03T00:00:00+00:00
[2023-11-03T00:29:36.453+0000] {processor.py:179} INFO - Processing /home/airflow/.local/lib/python3.8/site-packages/airflow/example_dags/example_nested_branch_dag.py took 0.092 seconds
[2023-11-03T00:30:06.728+0000] {processor.py:157} INFO - Started process (PID=4429) to work on /home/airflow/.local/lib/python3.8/site-packages/airflow/example_dags/example_nested_branch_dag.py
[2023-11-03T00:30:06.729+0000] {processor.py:829} INFO - Processing file /home/airflow/.local/lib/python3.8/site-packages/airflow/example_dags/example_nested_branch_dag.py for tasks to queue
[2023-11-03T00:30:06.732+0000] {logging_mixin.py:151} INFO - [2023-11-03T00:30:06.732+0000] {dagbag.py:536} INFO - Filling up the DagBag from /home/airflow/.local/lib/python3.8/site-packages/airflow/example_dags/example_nested_branch_dag.py
[2023-11-03T00:30:06.743+0000] {processor.py:839} INFO - DAG(s) dict_keys(['example_nested_branch_dag']) retrieved from /home/airflow/.local/lib/python3.8/site-packages/airflow/example_dags/example_nested_branch_dag.py
[2023-11-03T00:30:06.772+0000] {logging_mixin.py:151} INFO - [2023-11-03T00:30:06.772+0000] {dag.py:2941} INFO - Sync 1 DAGs
[2023-11-03T00:30:06.808+0000] {logging_mixin.py:151} INFO - [2023-11-03T00:30:06.808+0000] {dag.py:3722} INFO - Setting next_dagrun for example_nested_branch_dag to 2023-11-02T00:00:00+00:00, run_after=2023-11-03T00:00:00+00:00
[2023-11-03T00:30:06.835+0000] {processor.py:179} INFO - Processing /home/airflow/.local/lib/python3.8/site-packages/airflow/example_dags/example_nested_branch_dag.py took 0.115 seconds
[2023-11-03T00:30:37.538+0000] {processor.py:157} INFO - Started process (PID=4483) to work on /home/airflow/.local/lib/python3.8/site-packages/airflow/example_dags/example_nested_branch_dag.py
[2023-11-03T00:30:37.539+0000] {processor.py:829} INFO - Processing file /home/airflow/.local/lib/python3.8/site-packages/airflow/example_dags/example_nested_branch_dag.py for tasks to queue
[2023-11-03T00:30:37.542+0000] {logging_mixin.py:151} INFO - [2023-11-03T00:30:37.541+0000] {dagbag.py:536} INFO - Filling up the DagBag from /home/airflow/.local/lib/python3.8/site-packages/airflow/example_dags/example_nested_branch_dag.py
[2023-11-03T00:30:37.552+0000] {processor.py:839} INFO - DAG(s) dict_keys(['example_nested_branch_dag']) retrieved from /home/airflow/.local/lib/python3.8/site-packages/airflow/example_dags/example_nested_branch_dag.py
[2023-11-03T00:30:37.587+0000] {logging_mixin.py:151} INFO - [2023-11-03T00:30:37.587+0000] {dag.py:2941} INFO - Sync 1 DAGs
[2023-11-03T00:30:37.619+0000] {logging_mixin.py:151} INFO - [2023-11-03T00:30:37.618+0000] {dag.py:3722} INFO - Setting next_dagrun for example_nested_branch_dag to 2023-11-02T00:00:00+00:00, run_after=2023-11-03T00:00:00+00:00
[2023-11-03T00:30:37.647+0000] {processor.py:179} INFO - Processing /home/airflow/.local/lib/python3.8/site-packages/airflow/example_dags/example_nested_branch_dag.py took 0.112 seconds
