[2023-11-03T00:00:07.397+0000] {processor.py:157} INFO - Started process (PID=1230) to work on /home/airflow/.local/lib/python3.8/site-packages/airflow/example_dags/example_external_task_marker_dag.py
[2023-11-03T00:00:07.398+0000] {processor.py:829} INFO - Processing file /home/airflow/.local/lib/python3.8/site-packages/airflow/example_dags/example_external_task_marker_dag.py for tasks to queue
[2023-11-03T00:00:07.400+0000] {logging_mixin.py:151} INFO - [2023-11-03T00:00:07.400+0000] {dagbag.py:536} INFO - Filling up the DagBag from /home/airflow/.local/lib/python3.8/site-packages/airflow/example_dags/example_external_task_marker_dag.py
[2023-11-03T00:00:07.406+0000] {processor.py:839} INFO - DAG(s) dict_keys(['example_external_task_marker_parent', 'example_external_task_marker_child']) retrieved from /home/airflow/.local/lib/python3.8/site-packages/airflow/example_dags/example_external_task_marker_dag.py
[2023-11-03T00:00:07.440+0000] {logging_mixin.py:151} INFO - [2023-11-03T00:00:07.439+0000] {dag.py:2941} INFO - Sync 2 DAGs
[2023-11-03T00:00:07.454+0000] {logging_mixin.py:151} INFO - [2023-11-03T00:00:07.454+0000] {dag.py:3722} INFO - Setting next_dagrun for example_external_task_marker_child to None, run_after=None
[2023-11-03T00:00:07.458+0000] {logging_mixin.py:151} INFO - [2023-11-03T00:00:07.458+0000] {dag.py:3722} INFO - Setting next_dagrun for example_external_task_marker_parent to None, run_after=None
[2023-11-03T00:00:07.480+0000] {processor.py:179} INFO - Processing /home/airflow/.local/lib/python3.8/site-packages/airflow/example_dags/example_external_task_marker_dag.py took 0.086 seconds
[2023-11-03T00:00:38.149+0000] {processor.py:157} INFO - Started process (PID=1284) to work on /home/airflow/.local/lib/python3.8/site-packages/airflow/example_dags/example_external_task_marker_dag.py
[2023-11-03T00:00:38.151+0000] {processor.py:829} INFO - Processing file /home/airflow/.local/lib/python3.8/site-packages/airflow/example_dags/example_external_task_marker_dag.py for tasks to queue
[2023-11-03T00:00:38.153+0000] {logging_mixin.py:151} INFO - [2023-11-03T00:00:38.153+0000] {dagbag.py:536} INFO - Filling up the DagBag from /home/airflow/.local/lib/python3.8/site-packages/airflow/example_dags/example_external_task_marker_dag.py
[2023-11-03T00:00:38.159+0000] {processor.py:839} INFO - DAG(s) dict_keys(['example_external_task_marker_child', 'example_external_task_marker_parent']) retrieved from /home/airflow/.local/lib/python3.8/site-packages/airflow/example_dags/example_external_task_marker_dag.py
[2023-11-03T00:00:38.203+0000] {logging_mixin.py:151} INFO - [2023-11-03T00:00:38.203+0000] {dag.py:2941} INFO - Sync 2 DAGs
[2023-11-03T00:00:38.219+0000] {logging_mixin.py:151} INFO - [2023-11-03T00:00:38.219+0000] {dag.py:3722} INFO - Setting next_dagrun for example_external_task_marker_child to None, run_after=None
[2023-11-03T00:00:38.223+0000] {logging_mixin.py:151} INFO - [2023-11-03T00:00:38.223+0000] {dag.py:3722} INFO - Setting next_dagrun for example_external_task_marker_parent to None, run_after=None
[2023-11-03T00:00:38.258+0000] {processor.py:179} INFO - Processing /home/airflow/.local/lib/python3.8/site-packages/airflow/example_dags/example_external_task_marker_dag.py took 0.114 seconds
[2023-11-03T00:01:08.352+0000] {processor.py:157} INFO - Started process (PID=1338) to work on /home/airflow/.local/lib/python3.8/site-packages/airflow/example_dags/example_external_task_marker_dag.py
[2023-11-03T00:01:08.354+0000] {processor.py:829} INFO - Processing file /home/airflow/.local/lib/python3.8/site-packages/airflow/example_dags/example_external_task_marker_dag.py for tasks to queue
[2023-11-03T00:01:08.356+0000] {logging_mixin.py:151} INFO - [2023-11-03T00:01:08.355+0000] {dagbag.py:536} INFO - Filling up the DagBag from /home/airflow/.local/lib/python3.8/site-packages/airflow/example_dags/example_external_task_marker_dag.py
[2023-11-03T00:01:08.362+0000] {processor.py:839} INFO - DAG(s) dict_keys(['example_external_task_marker_child', 'example_external_task_marker_parent']) retrieved from /home/airflow/.local/lib/python3.8/site-packages/airflow/example_dags/example_external_task_marker_dag.py
[2023-11-03T00:01:08.395+0000] {logging_mixin.py:151} INFO - [2023-11-03T00:01:08.394+0000] {dag.py:2941} INFO - Sync 2 DAGs
[2023-11-03T00:01:08.409+0000] {logging_mixin.py:151} INFO - [2023-11-03T00:01:08.409+0000] {dag.py:3722} INFO - Setting next_dagrun for example_external_task_marker_child to None, run_after=None
[2023-11-03T00:01:08.414+0000] {logging_mixin.py:151} INFO - [2023-11-03T00:01:08.414+0000] {dag.py:3722} INFO - Setting next_dagrun for example_external_task_marker_parent to None, run_after=None
[2023-11-03T00:01:08.441+0000] {processor.py:179} INFO - Processing /home/airflow/.local/lib/python3.8/site-packages/airflow/example_dags/example_external_task_marker_dag.py took 0.092 seconds
[2023-11-03T00:01:38.651+0000] {processor.py:157} INFO - Started process (PID=1392) to work on /home/airflow/.local/lib/python3.8/site-packages/airflow/example_dags/example_external_task_marker_dag.py
[2023-11-03T00:01:38.653+0000] {processor.py:829} INFO - Processing file /home/airflow/.local/lib/python3.8/site-packages/airflow/example_dags/example_external_task_marker_dag.py for tasks to queue
[2023-11-03T00:01:38.655+0000] {logging_mixin.py:151} INFO - [2023-11-03T00:01:38.655+0000] {dagbag.py:536} INFO - Filling up the DagBag from /home/airflow/.local/lib/python3.8/site-packages/airflow/example_dags/example_external_task_marker_dag.py
[2023-11-03T00:01:38.661+0000] {processor.py:839} INFO - DAG(s) dict_keys(['example_external_task_marker_parent', 'example_external_task_marker_child']) retrieved from /home/airflow/.local/lib/python3.8/site-packages/airflow/example_dags/example_external_task_marker_dag.py
[2023-11-03T00:01:38.697+0000] {logging_mixin.py:151} INFO - [2023-11-03T00:01:38.697+0000] {dag.py:2941} INFO - Sync 2 DAGs
[2023-11-03T00:01:38.713+0000] {logging_mixin.py:151} INFO - [2023-11-03T00:01:38.713+0000] {dag.py:3722} INFO - Setting next_dagrun for example_external_task_marker_child to None, run_after=None
[2023-11-03T00:01:38.718+0000] {logging_mixin.py:151} INFO - [2023-11-03T00:01:38.718+0000] {dag.py:3722} INFO - Setting next_dagrun for example_external_task_marker_parent to None, run_after=None
[2023-11-03T00:01:38.749+0000] {processor.py:179} INFO - Processing /home/airflow/.local/lib/python3.8/site-packages/airflow/example_dags/example_external_task_marker_dag.py took 0.101 seconds
[2023-11-03T00:02:09.507+0000] {processor.py:157} INFO - Started process (PID=1446) to work on /home/airflow/.local/lib/python3.8/site-packages/airflow/example_dags/example_external_task_marker_dag.py
[2023-11-03T00:02:09.509+0000] {processor.py:829} INFO - Processing file /home/airflow/.local/lib/python3.8/site-packages/airflow/example_dags/example_external_task_marker_dag.py for tasks to queue
[2023-11-03T00:02:09.511+0000] {logging_mixin.py:151} INFO - [2023-11-03T00:02:09.511+0000] {dagbag.py:536} INFO - Filling up the DagBag from /home/airflow/.local/lib/python3.8/site-packages/airflow/example_dags/example_external_task_marker_dag.py
[2023-11-03T00:02:09.518+0000] {processor.py:839} INFO - DAG(s) dict_keys(['example_external_task_marker_child', 'example_external_task_marker_parent']) retrieved from /home/airflow/.local/lib/python3.8/site-packages/airflow/example_dags/example_external_task_marker_dag.py
[2023-11-03T00:02:09.563+0000] {logging_mixin.py:151} INFO - [2023-11-03T00:02:09.562+0000] {dag.py:2941} INFO - Sync 2 DAGs
[2023-11-03T00:02:09.580+0000] {logging_mixin.py:151} INFO - [2023-11-03T00:02:09.580+0000] {dag.py:3722} INFO - Setting next_dagrun for example_external_task_marker_child to None, run_after=None
[2023-11-03T00:02:09.588+0000] {logging_mixin.py:151} INFO - [2023-11-03T00:02:09.587+0000] {dag.py:3722} INFO - Setting next_dagrun for example_external_task_marker_parent to None, run_after=None
[2023-11-03T00:02:09.625+0000] {processor.py:179} INFO - Processing /home/airflow/.local/lib/python3.8/site-packages/airflow/example_dags/example_external_task_marker_dag.py took 0.122 seconds
[2023-11-03T00:02:39.855+0000] {processor.py:157} INFO - Started process (PID=1500) to work on /home/airflow/.local/lib/python3.8/site-packages/airflow/example_dags/example_external_task_marker_dag.py
[2023-11-03T00:02:39.857+0000] {processor.py:829} INFO - Processing file /home/airflow/.local/lib/python3.8/site-packages/airflow/example_dags/example_external_task_marker_dag.py for tasks to queue
[2023-11-03T00:02:39.859+0000] {logging_mixin.py:151} INFO - [2023-11-03T00:02:39.859+0000] {dagbag.py:536} INFO - Filling up the DagBag from /home/airflow/.local/lib/python3.8/site-packages/airflow/example_dags/example_external_task_marker_dag.py
[2023-11-03T00:02:39.866+0000] {processor.py:839} INFO - DAG(s) dict_keys(['example_external_task_marker_child', 'example_external_task_marker_parent']) retrieved from /home/airflow/.local/lib/python3.8/site-packages/airflow/example_dags/example_external_task_marker_dag.py
[2023-11-03T00:02:39.898+0000] {logging_mixin.py:151} INFO - [2023-11-03T00:02:39.897+0000] {dag.py:2941} INFO - Sync 2 DAGs
[2023-11-03T00:02:39.913+0000] {logging_mixin.py:151} INFO - [2023-11-03T00:02:39.913+0000] {dag.py:3722} INFO - Setting next_dagrun for example_external_task_marker_child to None, run_after=None
[2023-11-03T00:02:39.917+0000] {logging_mixin.py:151} INFO - [2023-11-03T00:02:39.917+0000] {dag.py:3722} INFO - Setting next_dagrun for example_external_task_marker_parent to None, run_after=None
[2023-11-03T00:02:39.944+0000] {processor.py:179} INFO - Processing /home/airflow/.local/lib/python3.8/site-packages/airflow/example_dags/example_external_task_marker_dag.py took 0.092 seconds
[2023-11-03T00:03:10.324+0000] {processor.py:157} INFO - Started process (PID=1554) to work on /home/airflow/.local/lib/python3.8/site-packages/airflow/example_dags/example_external_task_marker_dag.py
[2023-11-03T00:03:10.326+0000] {processor.py:829} INFO - Processing file /home/airflow/.local/lib/python3.8/site-packages/airflow/example_dags/example_external_task_marker_dag.py for tasks to queue
[2023-11-03T00:03:10.328+0000] {logging_mixin.py:151} INFO - [2023-11-03T00:03:10.328+0000] {dagbag.py:536} INFO - Filling up the DagBag from /home/airflow/.local/lib/python3.8/site-packages/airflow/example_dags/example_external_task_marker_dag.py
[2023-11-03T00:03:10.333+0000] {processor.py:839} INFO - DAG(s) dict_keys(['example_external_task_marker_child', 'example_external_task_marker_parent']) retrieved from /home/airflow/.local/lib/python3.8/site-packages/airflow/example_dags/example_external_task_marker_dag.py
[2023-11-03T00:03:10.366+0000] {logging_mixin.py:151} INFO - [2023-11-03T00:03:10.365+0000] {dag.py:2941} INFO - Sync 2 DAGs
[2023-11-03T00:03:10.381+0000] {logging_mixin.py:151} INFO - [2023-11-03T00:03:10.381+0000] {dag.py:3722} INFO - Setting next_dagrun for example_external_task_marker_child to None, run_after=None
[2023-11-03T00:03:10.387+0000] {logging_mixin.py:151} INFO - [2023-11-03T00:03:10.386+0000] {dag.py:3722} INFO - Setting next_dagrun for example_external_task_marker_parent to None, run_after=None
[2023-11-03T00:03:10.412+0000] {processor.py:179} INFO - Processing /home/airflow/.local/lib/python3.8/site-packages/airflow/example_dags/example_external_task_marker_dag.py took 0.091 seconds
[2023-11-03T00:03:40.980+0000] {processor.py:157} INFO - Started process (PID=1608) to work on /home/airflow/.local/lib/python3.8/site-packages/airflow/example_dags/example_external_task_marker_dag.py
[2023-11-03T00:03:40.981+0000] {processor.py:829} INFO - Processing file /home/airflow/.local/lib/python3.8/site-packages/airflow/example_dags/example_external_task_marker_dag.py for tasks to queue
[2023-11-03T00:03:40.983+0000] {logging_mixin.py:151} INFO - [2023-11-03T00:03:40.983+0000] {dagbag.py:536} INFO - Filling up the DagBag from /home/airflow/.local/lib/python3.8/site-packages/airflow/example_dags/example_external_task_marker_dag.py
[2023-11-03T00:03:40.989+0000] {processor.py:839} INFO - DAG(s) dict_keys(['example_external_task_marker_parent', 'example_external_task_marker_child']) retrieved from /home/airflow/.local/lib/python3.8/site-packages/airflow/example_dags/example_external_task_marker_dag.py
[2023-11-03T00:03:41.023+0000] {logging_mixin.py:151} INFO - [2023-11-03T00:03:41.023+0000] {dag.py:2941} INFO - Sync 2 DAGs
[2023-11-03T00:03:41.040+0000] {logging_mixin.py:151} INFO - [2023-11-03T00:03:41.039+0000] {dag.py:3722} INFO - Setting next_dagrun for example_external_task_marker_child to None, run_after=None
[2023-11-03T00:03:41.044+0000] {logging_mixin.py:151} INFO - [2023-11-03T00:03:41.044+0000] {dag.py:3722} INFO - Setting next_dagrun for example_external_task_marker_parent to None, run_after=None
[2023-11-03T00:03:41.068+0000] {processor.py:179} INFO - Processing /home/airflow/.local/lib/python3.8/site-packages/airflow/example_dags/example_external_task_marker_dag.py took 0.092 seconds
[2023-11-03T00:04:11.412+0000] {processor.py:157} INFO - Started process (PID=1661) to work on /home/airflow/.local/lib/python3.8/site-packages/airflow/example_dags/example_external_task_marker_dag.py
[2023-11-03T00:04:11.413+0000] {processor.py:829} INFO - Processing file /home/airflow/.local/lib/python3.8/site-packages/airflow/example_dags/example_external_task_marker_dag.py for tasks to queue
[2023-11-03T00:04:11.415+0000] {logging_mixin.py:151} INFO - [2023-11-03T00:04:11.415+0000] {dagbag.py:536} INFO - Filling up the DagBag from /home/airflow/.local/lib/python3.8/site-packages/airflow/example_dags/example_external_task_marker_dag.py
[2023-11-03T00:04:11.421+0000] {processor.py:839} INFO - DAG(s) dict_keys(['example_external_task_marker_child', 'example_external_task_marker_parent']) retrieved from /home/airflow/.local/lib/python3.8/site-packages/airflow/example_dags/example_external_task_marker_dag.py
[2023-11-03T00:04:11.461+0000] {logging_mixin.py:151} INFO - [2023-11-03T00:04:11.460+0000] {dag.py:2941} INFO - Sync 2 DAGs
[2023-11-03T00:04:11.476+0000] {logging_mixin.py:151} INFO - [2023-11-03T00:04:11.476+0000] {dag.py:3722} INFO - Setting next_dagrun for example_external_task_marker_child to None, run_after=None
[2023-11-03T00:04:11.481+0000] {logging_mixin.py:151} INFO - [2023-11-03T00:04:11.480+0000] {dag.py:3722} INFO - Setting next_dagrun for example_external_task_marker_parent to None, run_after=None
[2023-11-03T00:04:11.510+0000] {processor.py:179} INFO - Processing /home/airflow/.local/lib/python3.8/site-packages/airflow/example_dags/example_external_task_marker_dag.py took 0.102 seconds
[2023-11-03T00:04:41.844+0000] {processor.py:157} INFO - Started process (PID=1715) to work on /home/airflow/.local/lib/python3.8/site-packages/airflow/example_dags/example_external_task_marker_dag.py
[2023-11-03T00:04:41.846+0000] {processor.py:829} INFO - Processing file /home/airflow/.local/lib/python3.8/site-packages/airflow/example_dags/example_external_task_marker_dag.py for tasks to queue
[2023-11-03T00:04:41.848+0000] {logging_mixin.py:151} INFO - [2023-11-03T00:04:41.848+0000] {dagbag.py:536} INFO - Filling up the DagBag from /home/airflow/.local/lib/python3.8/site-packages/airflow/example_dags/example_external_task_marker_dag.py
[2023-11-03T00:04:41.855+0000] {processor.py:839} INFO - DAG(s) dict_keys(['example_external_task_marker_parent', 'example_external_task_marker_child']) retrieved from /home/airflow/.local/lib/python3.8/site-packages/airflow/example_dags/example_external_task_marker_dag.py
[2023-11-03T00:04:41.889+0000] {logging_mixin.py:151} INFO - [2023-11-03T00:04:41.889+0000] {dag.py:2941} INFO - Sync 2 DAGs
[2023-11-03T00:04:41.904+0000] {logging_mixin.py:151} INFO - [2023-11-03T00:04:41.904+0000] {dag.py:3722} INFO - Setting next_dagrun for example_external_task_marker_child to None, run_after=None
[2023-11-03T00:04:41.908+0000] {logging_mixin.py:151} INFO - [2023-11-03T00:04:41.908+0000] {dag.py:3722} INFO - Setting next_dagrun for example_external_task_marker_parent to None, run_after=None
[2023-11-03T00:04:41.934+0000] {processor.py:179} INFO - Processing /home/airflow/.local/lib/python3.8/site-packages/airflow/example_dags/example_external_task_marker_dag.py took 0.094 seconds
[2023-11-03T00:05:12.620+0000] {processor.py:157} INFO - Started process (PID=1769) to work on /home/airflow/.local/lib/python3.8/site-packages/airflow/example_dags/example_external_task_marker_dag.py
[2023-11-03T00:05:12.622+0000] {processor.py:829} INFO - Processing file /home/airflow/.local/lib/python3.8/site-packages/airflow/example_dags/example_external_task_marker_dag.py for tasks to queue
[2023-11-03T00:05:12.625+0000] {logging_mixin.py:151} INFO - [2023-11-03T00:05:12.624+0000] {dagbag.py:536} INFO - Filling up the DagBag from /home/airflow/.local/lib/python3.8/site-packages/airflow/example_dags/example_external_task_marker_dag.py
[2023-11-03T00:05:12.634+0000] {processor.py:839} INFO - DAG(s) dict_keys(['example_external_task_marker_child', 'example_external_task_marker_parent']) retrieved from /home/airflow/.local/lib/python3.8/site-packages/airflow/example_dags/example_external_task_marker_dag.py
[2023-11-03T00:05:12.676+0000] {logging_mixin.py:151} INFO - [2023-11-03T00:05:12.676+0000] {dag.py:2941} INFO - Sync 2 DAGs
[2023-11-03T00:05:12.694+0000] {logging_mixin.py:151} INFO - [2023-11-03T00:05:12.694+0000] {dag.py:3722} INFO - Setting next_dagrun for example_external_task_marker_child to None, run_after=None
[2023-11-03T00:05:12.704+0000] {logging_mixin.py:151} INFO - [2023-11-03T00:05:12.704+0000] {dag.py:3722} INFO - Setting next_dagrun for example_external_task_marker_parent to None, run_after=None
[2023-11-03T00:05:12.737+0000] {processor.py:179} INFO - Processing /home/airflow/.local/lib/python3.8/site-packages/airflow/example_dags/example_external_task_marker_dag.py took 0.122 seconds
[2023-11-03T00:05:42.896+0000] {processor.py:157} INFO - Started process (PID=1823) to work on /home/airflow/.local/lib/python3.8/site-packages/airflow/example_dags/example_external_task_marker_dag.py
[2023-11-03T00:05:42.898+0000] {processor.py:829} INFO - Processing file /home/airflow/.local/lib/python3.8/site-packages/airflow/example_dags/example_external_task_marker_dag.py for tasks to queue
[2023-11-03T00:05:42.900+0000] {logging_mixin.py:151} INFO - [2023-11-03T00:05:42.899+0000] {dagbag.py:536} INFO - Filling up the DagBag from /home/airflow/.local/lib/python3.8/site-packages/airflow/example_dags/example_external_task_marker_dag.py
[2023-11-03T00:05:42.906+0000] {processor.py:839} INFO - DAG(s) dict_keys(['example_external_task_marker_child', 'example_external_task_marker_parent']) retrieved from /home/airflow/.local/lib/python3.8/site-packages/airflow/example_dags/example_external_task_marker_dag.py
[2023-11-03T00:05:42.939+0000] {logging_mixin.py:151} INFO - [2023-11-03T00:05:42.938+0000] {dag.py:2941} INFO - Sync 2 DAGs
[2023-11-03T00:05:42.953+0000] {logging_mixin.py:151} INFO - [2023-11-03T00:05:42.953+0000] {dag.py:3722} INFO - Setting next_dagrun for example_external_task_marker_child to None, run_after=None
[2023-11-03T00:05:42.957+0000] {logging_mixin.py:151} INFO - [2023-11-03T00:05:42.957+0000] {dag.py:3722} INFO - Setting next_dagrun for example_external_task_marker_parent to None, run_after=None
[2023-11-03T00:05:42.983+0000] {processor.py:179} INFO - Processing /home/airflow/.local/lib/python3.8/site-packages/airflow/example_dags/example_external_task_marker_dag.py took 0.091 seconds
[2023-11-03T00:06:13.385+0000] {processor.py:157} INFO - Started process (PID=1877) to work on /home/airflow/.local/lib/python3.8/site-packages/airflow/example_dags/example_external_task_marker_dag.py
[2023-11-03T00:06:13.386+0000] {processor.py:829} INFO - Processing file /home/airflow/.local/lib/python3.8/site-packages/airflow/example_dags/example_external_task_marker_dag.py for tasks to queue
[2023-11-03T00:06:13.388+0000] {logging_mixin.py:151} INFO - [2023-11-03T00:06:13.388+0000] {dagbag.py:536} INFO - Filling up the DagBag from /home/airflow/.local/lib/python3.8/site-packages/airflow/example_dags/example_external_task_marker_dag.py
[2023-11-03T00:06:13.394+0000] {processor.py:839} INFO - DAG(s) dict_keys(['example_external_task_marker_parent', 'example_external_task_marker_child']) retrieved from /home/airflow/.local/lib/python3.8/site-packages/airflow/example_dags/example_external_task_marker_dag.py
[2023-11-03T00:06:13.427+0000] {logging_mixin.py:151} INFO - [2023-11-03T00:06:13.427+0000] {dag.py:2941} INFO - Sync 2 DAGs
[2023-11-03T00:06:13.443+0000] {logging_mixin.py:151} INFO - [2023-11-03T00:06:13.443+0000] {dag.py:3722} INFO - Setting next_dagrun for example_external_task_marker_child to None, run_after=None
[2023-11-03T00:06:13.448+0000] {logging_mixin.py:151} INFO - [2023-11-03T00:06:13.447+0000] {dag.py:3722} INFO - Setting next_dagrun for example_external_task_marker_parent to None, run_after=None
[2023-11-03T00:06:13.474+0000] {processor.py:179} INFO - Processing /home/airflow/.local/lib/python3.8/site-packages/airflow/example_dags/example_external_task_marker_dag.py took 0.093 seconds
[2023-11-03T00:06:43.920+0000] {processor.py:157} INFO - Started process (PID=1932) to work on /home/airflow/.local/lib/python3.8/site-packages/airflow/example_dags/example_external_task_marker_dag.py
[2023-11-03T00:06:43.921+0000] {processor.py:829} INFO - Processing file /home/airflow/.local/lib/python3.8/site-packages/airflow/example_dags/example_external_task_marker_dag.py for tasks to queue
[2023-11-03T00:06:43.924+0000] {logging_mixin.py:151} INFO - [2023-11-03T00:06:43.924+0000] {dagbag.py:536} INFO - Filling up the DagBag from /home/airflow/.local/lib/python3.8/site-packages/airflow/example_dags/example_external_task_marker_dag.py
[2023-11-03T00:06:43.931+0000] {processor.py:839} INFO - DAG(s) dict_keys(['example_external_task_marker_child', 'example_external_task_marker_parent']) retrieved from /home/airflow/.local/lib/python3.8/site-packages/airflow/example_dags/example_external_task_marker_dag.py
[2023-11-03T00:06:43.964+0000] {logging_mixin.py:151} INFO - [2023-11-03T00:06:43.963+0000] {dag.py:2941} INFO - Sync 2 DAGs
[2023-11-03T00:06:43.979+0000] {logging_mixin.py:151} INFO - [2023-11-03T00:06:43.978+0000] {dag.py:3722} INFO - Setting next_dagrun for example_external_task_marker_child to None, run_after=None
[2023-11-03T00:06:43.983+0000] {logging_mixin.py:151} INFO - [2023-11-03T00:06:43.983+0000] {dag.py:3722} INFO - Setting next_dagrun for example_external_task_marker_parent to None, run_after=None
[2023-11-03T00:06:44.009+0000] {processor.py:179} INFO - Processing /home/airflow/.local/lib/python3.8/site-packages/airflow/example_dags/example_external_task_marker_dag.py took 0.092 seconds
[2023-11-03T00:07:14.395+0000] {processor.py:157} INFO - Started process (PID=1986) to work on /home/airflow/.local/lib/python3.8/site-packages/airflow/example_dags/example_external_task_marker_dag.py
[2023-11-03T00:07:14.396+0000] {processor.py:829} INFO - Processing file /home/airflow/.local/lib/python3.8/site-packages/airflow/example_dags/example_external_task_marker_dag.py for tasks to queue
[2023-11-03T00:07:14.398+0000] {logging_mixin.py:151} INFO - [2023-11-03T00:07:14.398+0000] {dagbag.py:536} INFO - Filling up the DagBag from /home/airflow/.local/lib/python3.8/site-packages/airflow/example_dags/example_external_task_marker_dag.py
[2023-11-03T00:07:14.405+0000] {processor.py:839} INFO - DAG(s) dict_keys(['example_external_task_marker_child', 'example_external_task_marker_parent']) retrieved from /home/airflow/.local/lib/python3.8/site-packages/airflow/example_dags/example_external_task_marker_dag.py
[2023-11-03T00:07:14.436+0000] {logging_mixin.py:151} INFO - [2023-11-03T00:07:14.436+0000] {dag.py:2941} INFO - Sync 2 DAGs
[2023-11-03T00:07:14.452+0000] {logging_mixin.py:151} INFO - [2023-11-03T00:07:14.452+0000] {dag.py:3722} INFO - Setting next_dagrun for example_external_task_marker_child to None, run_after=None
[2023-11-03T00:07:14.456+0000] {logging_mixin.py:151} INFO - [2023-11-03T00:07:14.456+0000] {dag.py:3722} INFO - Setting next_dagrun for example_external_task_marker_parent to None, run_after=None
[2023-11-03T00:07:14.484+0000] {processor.py:179} INFO - Processing /home/airflow/.local/lib/python3.8/site-packages/airflow/example_dags/example_external_task_marker_dag.py took 0.093 seconds
[2023-11-03T00:07:44.820+0000] {processor.py:157} INFO - Started process (PID=2040) to work on /home/airflow/.local/lib/python3.8/site-packages/airflow/example_dags/example_external_task_marker_dag.py
[2023-11-03T00:07:44.821+0000] {processor.py:829} INFO - Processing file /home/airflow/.local/lib/python3.8/site-packages/airflow/example_dags/example_external_task_marker_dag.py for tasks to queue
[2023-11-03T00:07:44.824+0000] {logging_mixin.py:151} INFO - [2023-11-03T00:07:44.824+0000] {dagbag.py:536} INFO - Filling up the DagBag from /home/airflow/.local/lib/python3.8/site-packages/airflow/example_dags/example_external_task_marker_dag.py
[2023-11-03T00:07:44.831+0000] {processor.py:839} INFO - DAG(s) dict_keys(['example_external_task_marker_parent', 'example_external_task_marker_child']) retrieved from /home/airflow/.local/lib/python3.8/site-packages/airflow/example_dags/example_external_task_marker_dag.py
[2023-11-03T00:07:44.864+0000] {logging_mixin.py:151} INFO - [2023-11-03T00:07:44.864+0000] {dag.py:2941} INFO - Sync 2 DAGs
[2023-11-03T00:07:44.880+0000] {logging_mixin.py:151} INFO - [2023-11-03T00:07:44.880+0000] {dag.py:3722} INFO - Setting next_dagrun for example_external_task_marker_child to None, run_after=None
[2023-11-03T00:07:44.884+0000] {logging_mixin.py:151} INFO - [2023-11-03T00:07:44.884+0000] {dag.py:3722} INFO - Setting next_dagrun for example_external_task_marker_parent to None, run_after=None
[2023-11-03T00:07:44.911+0000] {processor.py:179} INFO - Processing /home/airflow/.local/lib/python3.8/site-packages/airflow/example_dags/example_external_task_marker_dag.py took 0.094 seconds
[2023-11-03T00:08:14.972+0000] {processor.py:157} INFO - Started process (PID=2094) to work on /home/airflow/.local/lib/python3.8/site-packages/airflow/example_dags/example_external_task_marker_dag.py
[2023-11-03T00:08:14.974+0000] {processor.py:829} INFO - Processing file /home/airflow/.local/lib/python3.8/site-packages/airflow/example_dags/example_external_task_marker_dag.py for tasks to queue
[2023-11-03T00:08:14.976+0000] {logging_mixin.py:151} INFO - [2023-11-03T00:08:14.976+0000] {dagbag.py:536} INFO - Filling up the DagBag from /home/airflow/.local/lib/python3.8/site-packages/airflow/example_dags/example_external_task_marker_dag.py
[2023-11-03T00:08:14.983+0000] {processor.py:839} INFO - DAG(s) dict_keys(['example_external_task_marker_parent', 'example_external_task_marker_child']) retrieved from /home/airflow/.local/lib/python3.8/site-packages/airflow/example_dags/example_external_task_marker_dag.py
[2023-11-03T00:08:15.024+0000] {logging_mixin.py:151} INFO - [2023-11-03T00:08:15.023+0000] {dag.py:2941} INFO - Sync 2 DAGs
[2023-11-03T00:08:15.041+0000] {logging_mixin.py:151} INFO - [2023-11-03T00:08:15.040+0000] {dag.py:3722} INFO - Setting next_dagrun for example_external_task_marker_child to None, run_after=None
[2023-11-03T00:08:15.046+0000] {logging_mixin.py:151} INFO - [2023-11-03T00:08:15.046+0000] {dag.py:3722} INFO - Setting next_dagrun for example_external_task_marker_parent to None, run_after=None
[2023-11-03T00:08:15.076+0000] {processor.py:179} INFO - Processing /home/airflow/.local/lib/python3.8/site-packages/airflow/example_dags/example_external_task_marker_dag.py took 0.107 seconds
[2023-11-03T00:08:45.113+0000] {processor.py:157} INFO - Started process (PID=2148) to work on /home/airflow/.local/lib/python3.8/site-packages/airflow/example_dags/example_external_task_marker_dag.py
[2023-11-03T00:08:45.115+0000] {processor.py:829} INFO - Processing file /home/airflow/.local/lib/python3.8/site-packages/airflow/example_dags/example_external_task_marker_dag.py for tasks to queue
[2023-11-03T00:08:45.117+0000] {logging_mixin.py:151} INFO - [2023-11-03T00:08:45.117+0000] {dagbag.py:536} INFO - Filling up the DagBag from /home/airflow/.local/lib/python3.8/site-packages/airflow/example_dags/example_external_task_marker_dag.py
[2023-11-03T00:08:45.124+0000] {processor.py:839} INFO - DAG(s) dict_keys(['example_external_task_marker_parent', 'example_external_task_marker_child']) retrieved from /home/airflow/.local/lib/python3.8/site-packages/airflow/example_dags/example_external_task_marker_dag.py
[2023-11-03T00:08:45.158+0000] {logging_mixin.py:151} INFO - [2023-11-03T00:08:45.158+0000] {dag.py:2941} INFO - Sync 2 DAGs
[2023-11-03T00:08:45.175+0000] {logging_mixin.py:151} INFO - [2023-11-03T00:08:45.174+0000] {dag.py:3722} INFO - Setting next_dagrun for example_external_task_marker_child to None, run_after=None
[2023-11-03T00:08:45.179+0000] {logging_mixin.py:151} INFO - [2023-11-03T00:08:45.179+0000] {dag.py:3722} INFO - Setting next_dagrun for example_external_task_marker_parent to None, run_after=None
[2023-11-03T00:08:45.207+0000] {processor.py:179} INFO - Processing /home/airflow/.local/lib/python3.8/site-packages/airflow/example_dags/example_external_task_marker_dag.py took 0.097 seconds
[2023-11-03T00:09:16.044+0000] {processor.py:157} INFO - Started process (PID=2202) to work on /home/airflow/.local/lib/python3.8/site-packages/airflow/example_dags/example_external_task_marker_dag.py
[2023-11-03T00:09:16.046+0000] {processor.py:829} INFO - Processing file /home/airflow/.local/lib/python3.8/site-packages/airflow/example_dags/example_external_task_marker_dag.py for tasks to queue
[2023-11-03T00:09:16.048+0000] {logging_mixin.py:151} INFO - [2023-11-03T00:09:16.048+0000] {dagbag.py:536} INFO - Filling up the DagBag from /home/airflow/.local/lib/python3.8/site-packages/airflow/example_dags/example_external_task_marker_dag.py
[2023-11-03T00:09:16.058+0000] {processor.py:839} INFO - DAG(s) dict_keys(['example_external_task_marker_child', 'example_external_task_marker_parent']) retrieved from /home/airflow/.local/lib/python3.8/site-packages/airflow/example_dags/example_external_task_marker_dag.py
[2023-11-03T00:09:16.100+0000] {logging_mixin.py:151} INFO - [2023-11-03T00:09:16.099+0000] {dag.py:2941} INFO - Sync 2 DAGs
[2023-11-03T00:09:16.115+0000] {logging_mixin.py:151} INFO - [2023-11-03T00:09:16.115+0000] {dag.py:3722} INFO - Setting next_dagrun for example_external_task_marker_child to None, run_after=None
[2023-11-03T00:09:16.120+0000] {logging_mixin.py:151} INFO - [2023-11-03T00:09:16.120+0000] {dag.py:3722} INFO - Setting next_dagrun for example_external_task_marker_parent to None, run_after=None
[2023-11-03T00:09:16.146+0000] {processor.py:179} INFO - Processing /home/airflow/.local/lib/python3.8/site-packages/airflow/example_dags/example_external_task_marker_dag.py took 0.106 seconds
[2023-11-03T00:09:47.464+0000] {processor.py:157} INFO - Started process (PID=2256) to work on /home/airflow/.local/lib/python3.8/site-packages/airflow/example_dags/example_external_task_marker_dag.py
[2023-11-03T00:09:47.466+0000] {processor.py:829} INFO - Processing file /home/airflow/.local/lib/python3.8/site-packages/airflow/example_dags/example_external_task_marker_dag.py for tasks to queue
[2023-11-03T00:09:47.470+0000] {logging_mixin.py:151} INFO - [2023-11-03T00:09:47.470+0000] {dagbag.py:536} INFO - Filling up the DagBag from /home/airflow/.local/lib/python3.8/site-packages/airflow/example_dags/example_external_task_marker_dag.py
[2023-11-03T00:09:47.481+0000] {processor.py:839} INFO - DAG(s) dict_keys(['example_external_task_marker_parent', 'example_external_task_marker_child']) retrieved from /home/airflow/.local/lib/python3.8/site-packages/airflow/example_dags/example_external_task_marker_dag.py
[2023-11-03T00:09:47.569+0000] {logging_mixin.py:151} INFO - [2023-11-03T00:09:47.569+0000] {dag.py:2941} INFO - Sync 2 DAGs
[2023-11-03T00:09:47.592+0000] {logging_mixin.py:151} INFO - [2023-11-03T00:09:47.592+0000] {dag.py:3722} INFO - Setting next_dagrun for example_external_task_marker_child to None, run_after=None
[2023-11-03T00:09:47.598+0000] {logging_mixin.py:151} INFO - [2023-11-03T00:09:47.598+0000] {dag.py:3722} INFO - Setting next_dagrun for example_external_task_marker_parent to None, run_after=None
[2023-11-03T00:09:47.632+0000] {processor.py:179} INFO - Processing /home/airflow/.local/lib/python3.8/site-packages/airflow/example_dags/example_external_task_marker_dag.py took 0.173 seconds
[2023-11-03T00:10:18.996+0000] {processor.py:157} INFO - Started process (PID=2317) to work on /home/airflow/.local/lib/python3.8/site-packages/airflow/example_dags/example_external_task_marker_dag.py
[2023-11-03T00:10:18.998+0000] {processor.py:829} INFO - Processing file /home/airflow/.local/lib/python3.8/site-packages/airflow/example_dags/example_external_task_marker_dag.py for tasks to queue
[2023-11-03T00:10:19.002+0000] {logging_mixin.py:151} INFO - [2023-11-03T00:10:19.001+0000] {dagbag.py:536} INFO - Filling up the DagBag from /home/airflow/.local/lib/python3.8/site-packages/airflow/example_dags/example_external_task_marker_dag.py
[2023-11-03T00:10:19.010+0000] {processor.py:839} INFO - DAG(s) dict_keys(['example_external_task_marker_child', 'example_external_task_marker_parent']) retrieved from /home/airflow/.local/lib/python3.8/site-packages/airflow/example_dags/example_external_task_marker_dag.py
[2023-11-03T00:10:19.056+0000] {logging_mixin.py:151} INFO - [2023-11-03T00:10:19.055+0000] {dag.py:2941} INFO - Sync 2 DAGs
[2023-11-03T00:10:19.078+0000] {logging_mixin.py:151} INFO - [2023-11-03T00:10:19.078+0000] {dag.py:3722} INFO - Setting next_dagrun for example_external_task_marker_child to None, run_after=None
[2023-11-03T00:10:19.083+0000] {logging_mixin.py:151} INFO - [2023-11-03T00:10:19.083+0000] {dag.py:3722} INFO - Setting next_dagrun for example_external_task_marker_parent to None, run_after=None
[2023-11-03T00:10:19.122+0000] {processor.py:179} INFO - Processing /home/airflow/.local/lib/python3.8/site-packages/airflow/example_dags/example_external_task_marker_dag.py took 0.131 seconds
[2023-11-03T00:10:49.669+0000] {processor.py:157} INFO - Started process (PID=2371) to work on /home/airflow/.local/lib/python3.8/site-packages/airflow/example_dags/example_external_task_marker_dag.py
[2023-11-03T00:10:49.672+0000] {processor.py:829} INFO - Processing file /home/airflow/.local/lib/python3.8/site-packages/airflow/example_dags/example_external_task_marker_dag.py for tasks to queue
[2023-11-03T00:10:49.674+0000] {logging_mixin.py:151} INFO - [2023-11-03T00:10:49.674+0000] {dagbag.py:536} INFO - Filling up the DagBag from /home/airflow/.local/lib/python3.8/site-packages/airflow/example_dags/example_external_task_marker_dag.py
[2023-11-03T00:10:49.682+0000] {processor.py:839} INFO - DAG(s) dict_keys(['example_external_task_marker_child', 'example_external_task_marker_parent']) retrieved from /home/airflow/.local/lib/python3.8/site-packages/airflow/example_dags/example_external_task_marker_dag.py
[2023-11-03T00:10:49.719+0000] {logging_mixin.py:151} INFO - [2023-11-03T00:10:49.719+0000] {dag.py:2941} INFO - Sync 2 DAGs
[2023-11-03T00:10:49.738+0000] {logging_mixin.py:151} INFO - [2023-11-03T00:10:49.737+0000] {dag.py:3722} INFO - Setting next_dagrun for example_external_task_marker_child to None, run_after=None
[2023-11-03T00:10:49.744+0000] {logging_mixin.py:151} INFO - [2023-11-03T00:10:49.743+0000] {dag.py:3722} INFO - Setting next_dagrun for example_external_task_marker_parent to None, run_after=None
[2023-11-03T00:10:49.777+0000] {processor.py:179} INFO - Processing /home/airflow/.local/lib/python3.8/site-packages/airflow/example_dags/example_external_task_marker_dag.py took 0.112 seconds
[2023-11-03T00:11:20.423+0000] {processor.py:157} INFO - Started process (PID=2425) to work on /home/airflow/.local/lib/python3.8/site-packages/airflow/example_dags/example_external_task_marker_dag.py
[2023-11-03T00:11:20.432+0000] {processor.py:829} INFO - Processing file /home/airflow/.local/lib/python3.8/site-packages/airflow/example_dags/example_external_task_marker_dag.py for tasks to queue
[2023-11-03T00:11:20.436+0000] {logging_mixin.py:151} INFO - [2023-11-03T00:11:20.435+0000] {dagbag.py:536} INFO - Filling up the DagBag from /home/airflow/.local/lib/python3.8/site-packages/airflow/example_dags/example_external_task_marker_dag.py
[2023-11-03T00:11:20.448+0000] {processor.py:839} INFO - DAG(s) dict_keys(['example_external_task_marker_child', 'example_external_task_marker_parent']) retrieved from /home/airflow/.local/lib/python3.8/site-packages/airflow/example_dags/example_external_task_marker_dag.py
[2023-11-03T00:11:20.497+0000] {logging_mixin.py:151} INFO - [2023-11-03T00:11:20.496+0000] {dag.py:2941} INFO - Sync 2 DAGs
[2023-11-03T00:11:20.514+0000] {logging_mixin.py:151} INFO - [2023-11-03T00:11:20.513+0000] {dag.py:3722} INFO - Setting next_dagrun for example_external_task_marker_child to None, run_after=None
[2023-11-03T00:11:20.518+0000] {logging_mixin.py:151} INFO - [2023-11-03T00:11:20.518+0000] {dag.py:3722} INFO - Setting next_dagrun for example_external_task_marker_parent to None, run_after=None
[2023-11-03T00:11:20.554+0000] {processor.py:179} INFO - Processing /home/airflow/.local/lib/python3.8/site-packages/airflow/example_dags/example_external_task_marker_dag.py took 0.171 seconds
[2023-11-03T00:11:51.268+0000] {processor.py:157} INFO - Started process (PID=2479) to work on /home/airflow/.local/lib/python3.8/site-packages/airflow/example_dags/example_external_task_marker_dag.py
[2023-11-03T00:11:51.270+0000] {processor.py:829} INFO - Processing file /home/airflow/.local/lib/python3.8/site-packages/airflow/example_dags/example_external_task_marker_dag.py for tasks to queue
[2023-11-03T00:11:51.272+0000] {logging_mixin.py:151} INFO - [2023-11-03T00:11:51.272+0000] {dagbag.py:536} INFO - Filling up the DagBag from /home/airflow/.local/lib/python3.8/site-packages/airflow/example_dags/example_external_task_marker_dag.py
[2023-11-03T00:11:51.281+0000] {processor.py:839} INFO - DAG(s) dict_keys(['example_external_task_marker_parent', 'example_external_task_marker_child']) retrieved from /home/airflow/.local/lib/python3.8/site-packages/airflow/example_dags/example_external_task_marker_dag.py
[2023-11-03T00:11:51.313+0000] {logging_mixin.py:151} INFO - [2023-11-03T00:11:51.313+0000] {dag.py:2941} INFO - Sync 2 DAGs
[2023-11-03T00:11:51.503+0000] {logging_mixin.py:151} INFO - [2023-11-03T00:11:51.503+0000] {dag.py:3722} INFO - Setting next_dagrun for example_external_task_marker_child to None, run_after=None
[2023-11-03T00:11:51.508+0000] {logging_mixin.py:151} INFO - [2023-11-03T00:11:51.508+0000] {dag.py:3722} INFO - Setting next_dagrun for example_external_task_marker_parent to None, run_after=None
[2023-11-03T00:11:51.530+0000] {processor.py:179} INFO - Processing /home/airflow/.local/lib/python3.8/site-packages/airflow/example_dags/example_external_task_marker_dag.py took 0.266 seconds
[2023-11-03T00:12:22.294+0000] {processor.py:157} INFO - Started process (PID=2534) to work on /home/airflow/.local/lib/python3.8/site-packages/airflow/example_dags/example_external_task_marker_dag.py
[2023-11-03T00:12:22.295+0000] {processor.py:829} INFO - Processing file /home/airflow/.local/lib/python3.8/site-packages/airflow/example_dags/example_external_task_marker_dag.py for tasks to queue
[2023-11-03T00:12:22.298+0000] {logging_mixin.py:151} INFO - [2023-11-03T00:12:22.297+0000] {dagbag.py:536} INFO - Filling up the DagBag from /home/airflow/.local/lib/python3.8/site-packages/airflow/example_dags/example_external_task_marker_dag.py
[2023-11-03T00:12:22.309+0000] {processor.py:839} INFO - DAG(s) dict_keys(['example_external_task_marker_child', 'example_external_task_marker_parent']) retrieved from /home/airflow/.local/lib/python3.8/site-packages/airflow/example_dags/example_external_task_marker_dag.py
[2023-11-03T00:12:22.356+0000] {logging_mixin.py:151} INFO - [2023-11-03T00:12:22.355+0000] {dag.py:2941} INFO - Sync 2 DAGs
[2023-11-03T00:12:22.375+0000] {logging_mixin.py:151} INFO - [2023-11-03T00:12:22.375+0000] {dag.py:3722} INFO - Setting next_dagrun for example_external_task_marker_child to None, run_after=None
[2023-11-03T00:12:22.381+0000] {logging_mixin.py:151} INFO - [2023-11-03T00:12:22.380+0000] {dag.py:3722} INFO - Setting next_dagrun for example_external_task_marker_parent to None, run_after=None
[2023-11-03T00:12:22.421+0000] {processor.py:179} INFO - Processing /home/airflow/.local/lib/python3.8/site-packages/airflow/example_dags/example_external_task_marker_dag.py took 0.130 seconds
[2023-11-03T00:12:53.079+0000] {processor.py:157} INFO - Started process (PID=2588) to work on /home/airflow/.local/lib/python3.8/site-packages/airflow/example_dags/example_external_task_marker_dag.py
[2023-11-03T00:12:53.080+0000] {processor.py:829} INFO - Processing file /home/airflow/.local/lib/python3.8/site-packages/airflow/example_dags/example_external_task_marker_dag.py for tasks to queue
[2023-11-03T00:12:53.082+0000] {logging_mixin.py:151} INFO - [2023-11-03T00:12:53.082+0000] {dagbag.py:536} INFO - Filling up the DagBag from /home/airflow/.local/lib/python3.8/site-packages/airflow/example_dags/example_external_task_marker_dag.py
[2023-11-03T00:12:53.089+0000] {processor.py:839} INFO - DAG(s) dict_keys(['example_external_task_marker_parent', 'example_external_task_marker_child']) retrieved from /home/airflow/.local/lib/python3.8/site-packages/airflow/example_dags/example_external_task_marker_dag.py
[2023-11-03T00:12:53.125+0000] {logging_mixin.py:151} INFO - [2023-11-03T00:12:53.125+0000] {dag.py:2941} INFO - Sync 2 DAGs
[2023-11-03T00:12:53.140+0000] {logging_mixin.py:151} INFO - [2023-11-03T00:12:53.140+0000] {dag.py:3722} INFO - Setting next_dagrun for example_external_task_marker_child to None, run_after=None
[2023-11-03T00:12:53.144+0000] {logging_mixin.py:151} INFO - [2023-11-03T00:12:53.144+0000] {dag.py:3722} INFO - Setting next_dagrun for example_external_task_marker_parent to None, run_after=None
[2023-11-03T00:12:53.172+0000] {processor.py:179} INFO - Processing /home/airflow/.local/lib/python3.8/site-packages/airflow/example_dags/example_external_task_marker_dag.py took 0.097 seconds
[2023-11-03T00:13:24.833+0000] {processor.py:157} INFO - Started process (PID=2642) to work on /home/airflow/.local/lib/python3.8/site-packages/airflow/example_dags/example_external_task_marker_dag.py
[2023-11-03T00:13:24.834+0000] {processor.py:829} INFO - Processing file /home/airflow/.local/lib/python3.8/site-packages/airflow/example_dags/example_external_task_marker_dag.py for tasks to queue
[2023-11-03T00:13:24.836+0000] {logging_mixin.py:151} INFO - [2023-11-03T00:13:24.835+0000] {dagbag.py:536} INFO - Filling up the DagBag from /home/airflow/.local/lib/python3.8/site-packages/airflow/example_dags/example_external_task_marker_dag.py
[2023-11-03T00:13:24.845+0000] {processor.py:839} INFO - DAG(s) dict_keys(['example_external_task_marker_child', 'example_external_task_marker_parent']) retrieved from /home/airflow/.local/lib/python3.8/site-packages/airflow/example_dags/example_external_task_marker_dag.py
[2023-11-03T00:13:24.886+0000] {logging_mixin.py:151} INFO - [2023-11-03T00:13:24.886+0000] {dag.py:2941} INFO - Sync 2 DAGs
[2023-11-03T00:13:25.099+0000] {logging_mixin.py:151} INFO - [2023-11-03T00:13:25.098+0000] {dag.py:3722} INFO - Setting next_dagrun for example_external_task_marker_child to None, run_after=None
[2023-11-03T00:13:25.103+0000] {logging_mixin.py:151} INFO - [2023-11-03T00:13:25.103+0000] {dag.py:3722} INFO - Setting next_dagrun for example_external_task_marker_parent to None, run_after=None
[2023-11-03T00:13:25.138+0000] {processor.py:179} INFO - Processing /home/airflow/.local/lib/python3.8/site-packages/airflow/example_dags/example_external_task_marker_dag.py took 0.308 seconds
[2023-11-03T00:13:55.170+0000] {processor.py:157} INFO - Started process (PID=2696) to work on /home/airflow/.local/lib/python3.8/site-packages/airflow/example_dags/example_external_task_marker_dag.py
[2023-11-03T00:13:55.172+0000] {processor.py:829} INFO - Processing file /home/airflow/.local/lib/python3.8/site-packages/airflow/example_dags/example_external_task_marker_dag.py for tasks to queue
[2023-11-03T00:13:55.174+0000] {logging_mixin.py:151} INFO - [2023-11-03T00:13:55.174+0000] {dagbag.py:536} INFO - Filling up the DagBag from /home/airflow/.local/lib/python3.8/site-packages/airflow/example_dags/example_external_task_marker_dag.py
[2023-11-03T00:13:55.180+0000] {processor.py:839} INFO - DAG(s) dict_keys(['example_external_task_marker_child', 'example_external_task_marker_parent']) retrieved from /home/airflow/.local/lib/python3.8/site-packages/airflow/example_dags/example_external_task_marker_dag.py
[2023-11-03T00:13:55.210+0000] {logging_mixin.py:151} INFO - [2023-11-03T00:13:55.210+0000] {dag.py:2941} INFO - Sync 2 DAGs
[2023-11-03T00:13:55.225+0000] {logging_mixin.py:151} INFO - [2023-11-03T00:13:55.225+0000] {dag.py:3722} INFO - Setting next_dagrun for example_external_task_marker_child to None, run_after=None
[2023-11-03T00:13:55.229+0000] {logging_mixin.py:151} INFO - [2023-11-03T00:13:55.229+0000] {dag.py:3722} INFO - Setting next_dagrun for example_external_task_marker_parent to None, run_after=None
[2023-11-03T00:13:55.252+0000] {processor.py:179} INFO - Processing /home/airflow/.local/lib/python3.8/site-packages/airflow/example_dags/example_external_task_marker_dag.py took 0.085 seconds
[2023-11-03T00:14:25.741+0000] {processor.py:157} INFO - Started process (PID=2750) to work on /home/airflow/.local/lib/python3.8/site-packages/airflow/example_dags/example_external_task_marker_dag.py
[2023-11-03T00:14:25.742+0000] {processor.py:829} INFO - Processing file /home/airflow/.local/lib/python3.8/site-packages/airflow/example_dags/example_external_task_marker_dag.py for tasks to queue
[2023-11-03T00:14:25.744+0000] {logging_mixin.py:151} INFO - [2023-11-03T00:14:25.744+0000] {dagbag.py:536} INFO - Filling up the DagBag from /home/airflow/.local/lib/python3.8/site-packages/airflow/example_dags/example_external_task_marker_dag.py
[2023-11-03T00:14:25.750+0000] {processor.py:839} INFO - DAG(s) dict_keys(['example_external_task_marker_parent', 'example_external_task_marker_child']) retrieved from /home/airflow/.local/lib/python3.8/site-packages/airflow/example_dags/example_external_task_marker_dag.py
[2023-11-03T00:14:25.781+0000] {logging_mixin.py:151} INFO - [2023-11-03T00:14:25.781+0000] {dag.py:2941} INFO - Sync 2 DAGs
[2023-11-03T00:14:25.795+0000] {logging_mixin.py:151} INFO - [2023-11-03T00:14:25.795+0000] {dag.py:3722} INFO - Setting next_dagrun for example_external_task_marker_child to None, run_after=None
[2023-11-03T00:14:25.799+0000] {logging_mixin.py:151} INFO - [2023-11-03T00:14:25.799+0000] {dag.py:3722} INFO - Setting next_dagrun for example_external_task_marker_parent to None, run_after=None
[2023-11-03T00:14:25.821+0000] {processor.py:179} INFO - Processing /home/airflow/.local/lib/python3.8/site-packages/airflow/example_dags/example_external_task_marker_dag.py took 0.084 seconds
[2023-11-03T00:14:55.918+0000] {processor.py:157} INFO - Started process (PID=2804) to work on /home/airflow/.local/lib/python3.8/site-packages/airflow/example_dags/example_external_task_marker_dag.py
[2023-11-03T00:14:55.920+0000] {processor.py:829} INFO - Processing file /home/airflow/.local/lib/python3.8/site-packages/airflow/example_dags/example_external_task_marker_dag.py for tasks to queue
[2023-11-03T00:14:55.922+0000] {logging_mixin.py:151} INFO - [2023-11-03T00:14:55.922+0000] {dagbag.py:536} INFO - Filling up the DagBag from /home/airflow/.local/lib/python3.8/site-packages/airflow/example_dags/example_external_task_marker_dag.py
[2023-11-03T00:14:55.928+0000] {processor.py:839} INFO - DAG(s) dict_keys(['example_external_task_marker_child', 'example_external_task_marker_parent']) retrieved from /home/airflow/.local/lib/python3.8/site-packages/airflow/example_dags/example_external_task_marker_dag.py
[2023-11-03T00:14:55.961+0000] {logging_mixin.py:151} INFO - [2023-11-03T00:14:55.961+0000] {dag.py:2941} INFO - Sync 2 DAGs
[2023-11-03T00:14:55.976+0000] {logging_mixin.py:151} INFO - [2023-11-03T00:14:55.976+0000] {dag.py:3722} INFO - Setting next_dagrun for example_external_task_marker_child to None, run_after=None
[2023-11-03T00:14:55.981+0000] {logging_mixin.py:151} INFO - [2023-11-03T00:14:55.981+0000] {dag.py:3722} INFO - Setting next_dagrun for example_external_task_marker_parent to None, run_after=None
[2023-11-03T00:14:56.009+0000] {processor.py:179} INFO - Processing /home/airflow/.local/lib/python3.8/site-packages/airflow/example_dags/example_external_task_marker_dag.py took 0.094 seconds
[2023-11-03T00:15:26.244+0000] {processor.py:157} INFO - Started process (PID=2858) to work on /home/airflow/.local/lib/python3.8/site-packages/airflow/example_dags/example_external_task_marker_dag.py
[2023-11-03T00:15:26.245+0000] {processor.py:829} INFO - Processing file /home/airflow/.local/lib/python3.8/site-packages/airflow/example_dags/example_external_task_marker_dag.py for tasks to queue
[2023-11-03T00:15:26.247+0000] {logging_mixin.py:151} INFO - [2023-11-03T00:15:26.247+0000] {dagbag.py:536} INFO - Filling up the DagBag from /home/airflow/.local/lib/python3.8/site-packages/airflow/example_dags/example_external_task_marker_dag.py
[2023-11-03T00:15:26.252+0000] {processor.py:839} INFO - DAG(s) dict_keys(['example_external_task_marker_parent', 'example_external_task_marker_child']) retrieved from /home/airflow/.local/lib/python3.8/site-packages/airflow/example_dags/example_external_task_marker_dag.py
[2023-11-03T00:15:26.281+0000] {logging_mixin.py:151} INFO - [2023-11-03T00:15:26.281+0000] {dag.py:2941} INFO - Sync 2 DAGs
[2023-11-03T00:15:26.294+0000] {logging_mixin.py:151} INFO - [2023-11-03T00:15:26.294+0000] {dag.py:3722} INFO - Setting next_dagrun for example_external_task_marker_child to None, run_after=None
[2023-11-03T00:15:26.298+0000] {logging_mixin.py:151} INFO - [2023-11-03T00:15:26.298+0000] {dag.py:3722} INFO - Setting next_dagrun for example_external_task_marker_parent to None, run_after=None
[2023-11-03T00:15:26.320+0000] {processor.py:179} INFO - Processing /home/airflow/.local/lib/python3.8/site-packages/airflow/example_dags/example_external_task_marker_dag.py took 0.079 seconds
[2023-11-03T00:15:56.534+0000] {processor.py:157} INFO - Started process (PID=2912) to work on /home/airflow/.local/lib/python3.8/site-packages/airflow/example_dags/example_external_task_marker_dag.py
[2023-11-03T00:15:56.535+0000] {processor.py:829} INFO - Processing file /home/airflow/.local/lib/python3.8/site-packages/airflow/example_dags/example_external_task_marker_dag.py for tasks to queue
[2023-11-03T00:15:56.537+0000] {logging_mixin.py:151} INFO - [2023-11-03T00:15:56.537+0000] {dagbag.py:536} INFO - Filling up the DagBag from /home/airflow/.local/lib/python3.8/site-packages/airflow/example_dags/example_external_task_marker_dag.py
[2023-11-03T00:15:56.543+0000] {processor.py:839} INFO - DAG(s) dict_keys(['example_external_task_marker_child', 'example_external_task_marker_parent']) retrieved from /home/airflow/.local/lib/python3.8/site-packages/airflow/example_dags/example_external_task_marker_dag.py
[2023-11-03T00:15:56.571+0000] {logging_mixin.py:151} INFO - [2023-11-03T00:15:56.571+0000] {dag.py:2941} INFO - Sync 2 DAGs
[2023-11-03T00:15:56.583+0000] {logging_mixin.py:151} INFO - [2023-11-03T00:15:56.583+0000] {dag.py:3722} INFO - Setting next_dagrun for example_external_task_marker_child to None, run_after=None
[2023-11-03T00:15:56.586+0000] {logging_mixin.py:151} INFO - [2023-11-03T00:15:56.586+0000] {dag.py:3722} INFO - Setting next_dagrun for example_external_task_marker_parent to None, run_after=None
[2023-11-03T00:15:56.603+0000] {processor.py:179} INFO - Processing /home/airflow/.local/lib/python3.8/site-packages/airflow/example_dags/example_external_task_marker_dag.py took 0.072 seconds
[2023-11-03T00:16:26.685+0000] {processor.py:157} INFO - Started process (PID=2966) to work on /home/airflow/.local/lib/python3.8/site-packages/airflow/example_dags/example_external_task_marker_dag.py
[2023-11-03T00:16:26.686+0000] {processor.py:829} INFO - Processing file /home/airflow/.local/lib/python3.8/site-packages/airflow/example_dags/example_external_task_marker_dag.py for tasks to queue
[2023-11-03T00:16:26.688+0000] {logging_mixin.py:151} INFO - [2023-11-03T00:16:26.688+0000] {dagbag.py:536} INFO - Filling up the DagBag from /home/airflow/.local/lib/python3.8/site-packages/airflow/example_dags/example_external_task_marker_dag.py
[2023-11-03T00:16:26.694+0000] {processor.py:839} INFO - DAG(s) dict_keys(['example_external_task_marker_child', 'example_external_task_marker_parent']) retrieved from /home/airflow/.local/lib/python3.8/site-packages/airflow/example_dags/example_external_task_marker_dag.py
[2023-11-03T00:16:26.721+0000] {logging_mixin.py:151} INFO - [2023-11-03T00:16:26.721+0000] {dag.py:2941} INFO - Sync 2 DAGs
[2023-11-03T00:16:26.733+0000] {logging_mixin.py:151} INFO - [2023-11-03T00:16:26.733+0000] {dag.py:3722} INFO - Setting next_dagrun for example_external_task_marker_child to None, run_after=None
[2023-11-03T00:16:26.737+0000] {logging_mixin.py:151} INFO - [2023-11-03T00:16:26.737+0000] {dag.py:3722} INFO - Setting next_dagrun for example_external_task_marker_parent to None, run_after=None
[2023-11-03T00:16:26.760+0000] {processor.py:179} INFO - Processing /home/airflow/.local/lib/python3.8/site-packages/airflow/example_dags/example_external_task_marker_dag.py took 0.078 seconds
[2023-11-03T00:16:56.899+0000] {processor.py:157} INFO - Started process (PID=3020) to work on /home/airflow/.local/lib/python3.8/site-packages/airflow/example_dags/example_external_task_marker_dag.py
[2023-11-03T00:16:56.900+0000] {processor.py:829} INFO - Processing file /home/airflow/.local/lib/python3.8/site-packages/airflow/example_dags/example_external_task_marker_dag.py for tasks to queue
[2023-11-03T00:16:56.902+0000] {logging_mixin.py:151} INFO - [2023-11-03T00:16:56.902+0000] {dagbag.py:536} INFO - Filling up the DagBag from /home/airflow/.local/lib/python3.8/site-packages/airflow/example_dags/example_external_task_marker_dag.py
[2023-11-03T00:16:56.908+0000] {processor.py:839} INFO - DAG(s) dict_keys(['example_external_task_marker_parent', 'example_external_task_marker_child']) retrieved from /home/airflow/.local/lib/python3.8/site-packages/airflow/example_dags/example_external_task_marker_dag.py
[2023-11-03T00:16:56.941+0000] {logging_mixin.py:151} INFO - [2023-11-03T00:16:56.941+0000] {dag.py:2941} INFO - Sync 2 DAGs
[2023-11-03T00:16:56.955+0000] {logging_mixin.py:151} INFO - [2023-11-03T00:16:56.955+0000] {dag.py:3722} INFO - Setting next_dagrun for example_external_task_marker_child to None, run_after=None
[2023-11-03T00:16:56.959+0000] {logging_mixin.py:151} INFO - [2023-11-03T00:16:56.959+0000] {dag.py:3722} INFO - Setting next_dagrun for example_external_task_marker_parent to None, run_after=None
[2023-11-03T00:16:56.983+0000] {processor.py:179} INFO - Processing /home/airflow/.local/lib/python3.8/site-packages/airflow/example_dags/example_external_task_marker_dag.py took 0.088 seconds
[2023-11-03T00:17:27.209+0000] {processor.py:157} INFO - Started process (PID=3074) to work on /home/airflow/.local/lib/python3.8/site-packages/airflow/example_dags/example_external_task_marker_dag.py
[2023-11-03T00:17:27.211+0000] {processor.py:829} INFO - Processing file /home/airflow/.local/lib/python3.8/site-packages/airflow/example_dags/example_external_task_marker_dag.py for tasks to queue
[2023-11-03T00:17:27.213+0000] {logging_mixin.py:151} INFO - [2023-11-03T00:17:27.212+0000] {dagbag.py:536} INFO - Filling up the DagBag from /home/airflow/.local/lib/python3.8/site-packages/airflow/example_dags/example_external_task_marker_dag.py
[2023-11-03T00:17:27.219+0000] {processor.py:839} INFO - DAG(s) dict_keys(['example_external_task_marker_parent', 'example_external_task_marker_child']) retrieved from /home/airflow/.local/lib/python3.8/site-packages/airflow/example_dags/example_external_task_marker_dag.py
[2023-11-03T00:17:27.254+0000] {logging_mixin.py:151} INFO - [2023-11-03T00:17:27.253+0000] {dag.py:2941} INFO - Sync 2 DAGs
[2023-11-03T00:17:27.269+0000] {logging_mixin.py:151} INFO - [2023-11-03T00:17:27.268+0000] {dag.py:3722} INFO - Setting next_dagrun for example_external_task_marker_child to None, run_after=None
[2023-11-03T00:17:27.273+0000] {logging_mixin.py:151} INFO - [2023-11-03T00:17:27.273+0000] {dag.py:3722} INFO - Setting next_dagrun for example_external_task_marker_parent to None, run_after=None
[2023-11-03T00:17:27.303+0000] {processor.py:179} INFO - Processing /home/airflow/.local/lib/python3.8/site-packages/airflow/example_dags/example_external_task_marker_dag.py took 0.098 seconds
[2023-11-03T00:17:57.895+0000] {processor.py:157} INFO - Started process (PID=3128) to work on /home/airflow/.local/lib/python3.8/site-packages/airflow/example_dags/example_external_task_marker_dag.py
[2023-11-03T00:17:57.897+0000] {processor.py:829} INFO - Processing file /home/airflow/.local/lib/python3.8/site-packages/airflow/example_dags/example_external_task_marker_dag.py for tasks to queue
[2023-11-03T00:17:57.902+0000] {logging_mixin.py:151} INFO - [2023-11-03T00:17:57.901+0000] {dagbag.py:536} INFO - Filling up the DagBag from /home/airflow/.local/lib/python3.8/site-packages/airflow/example_dags/example_external_task_marker_dag.py
[2023-11-03T00:17:57.919+0000] {processor.py:839} INFO - DAG(s) dict_keys(['example_external_task_marker_child', 'example_external_task_marker_parent']) retrieved from /home/airflow/.local/lib/python3.8/site-packages/airflow/example_dags/example_external_task_marker_dag.py
[2023-11-03T00:17:57.977+0000] {logging_mixin.py:151} INFO - [2023-11-03T00:17:57.976+0000] {dag.py:2941} INFO - Sync 2 DAGs
[2023-11-03T00:17:57.998+0000] {logging_mixin.py:151} INFO - [2023-11-03T00:17:57.997+0000] {dag.py:3722} INFO - Setting next_dagrun for example_external_task_marker_child to None, run_after=None
[2023-11-03T00:17:58.004+0000] {logging_mixin.py:151} INFO - [2023-11-03T00:17:58.003+0000] {dag.py:3722} INFO - Setting next_dagrun for example_external_task_marker_parent to None, run_after=None
[2023-11-03T00:17:58.043+0000] {processor.py:179} INFO - Processing /home/airflow/.local/lib/python3.8/site-packages/airflow/example_dags/example_external_task_marker_dag.py took 0.155 seconds
[2023-11-03T00:18:28.511+0000] {processor.py:157} INFO - Started process (PID=3182) to work on /home/airflow/.local/lib/python3.8/site-packages/airflow/example_dags/example_external_task_marker_dag.py
[2023-11-03T00:18:28.512+0000] {processor.py:829} INFO - Processing file /home/airflow/.local/lib/python3.8/site-packages/airflow/example_dags/example_external_task_marker_dag.py for tasks to queue
[2023-11-03T00:18:28.514+0000] {logging_mixin.py:151} INFO - [2023-11-03T00:18:28.514+0000] {dagbag.py:536} INFO - Filling up the DagBag from /home/airflow/.local/lib/python3.8/site-packages/airflow/example_dags/example_external_task_marker_dag.py
[2023-11-03T00:18:28.519+0000] {processor.py:839} INFO - DAG(s) dict_keys(['example_external_task_marker_parent', 'example_external_task_marker_child']) retrieved from /home/airflow/.local/lib/python3.8/site-packages/airflow/example_dags/example_external_task_marker_dag.py
[2023-11-03T00:18:28.548+0000] {logging_mixin.py:151} INFO - [2023-11-03T00:18:28.548+0000] {dag.py:2941} INFO - Sync 2 DAGs
[2023-11-03T00:18:28.564+0000] {logging_mixin.py:151} INFO - [2023-11-03T00:18:28.564+0000] {dag.py:3722} INFO - Setting next_dagrun for example_external_task_marker_child to None, run_after=None
[2023-11-03T00:18:28.568+0000] {logging_mixin.py:151} INFO - [2023-11-03T00:18:28.568+0000] {dag.py:3722} INFO - Setting next_dagrun for example_external_task_marker_parent to None, run_after=None
[2023-11-03T00:18:28.591+0000] {processor.py:179} INFO - Processing /home/airflow/.local/lib/python3.8/site-packages/airflow/example_dags/example_external_task_marker_dag.py took 0.084 seconds
[2023-11-03T00:18:58.959+0000] {processor.py:157} INFO - Started process (PID=3236) to work on /home/airflow/.local/lib/python3.8/site-packages/airflow/example_dags/example_external_task_marker_dag.py
[2023-11-03T00:18:58.960+0000] {processor.py:829} INFO - Processing file /home/airflow/.local/lib/python3.8/site-packages/airflow/example_dags/example_external_task_marker_dag.py for tasks to queue
[2023-11-03T00:18:58.963+0000] {logging_mixin.py:151} INFO - [2023-11-03T00:18:58.962+0000] {dagbag.py:536} INFO - Filling up the DagBag from /home/airflow/.local/lib/python3.8/site-packages/airflow/example_dags/example_external_task_marker_dag.py
[2023-11-03T00:18:58.969+0000] {processor.py:839} INFO - DAG(s) dict_keys(['example_external_task_marker_child', 'example_external_task_marker_parent']) retrieved from /home/airflow/.local/lib/python3.8/site-packages/airflow/example_dags/example_external_task_marker_dag.py
[2023-11-03T00:18:59.014+0000] {logging_mixin.py:151} INFO - [2023-11-03T00:18:59.013+0000] {dag.py:2941} INFO - Sync 2 DAGs
[2023-11-03T00:18:59.032+0000] {logging_mixin.py:151} INFO - [2023-11-03T00:18:59.032+0000] {dag.py:3722} INFO - Setting next_dagrun for example_external_task_marker_child to None, run_after=None
[2023-11-03T00:18:59.037+0000] {logging_mixin.py:151} INFO - [2023-11-03T00:18:59.036+0000] {dag.py:3722} INFO - Setting next_dagrun for example_external_task_marker_parent to None, run_after=None
[2023-11-03T00:18:59.066+0000] {processor.py:179} INFO - Processing /home/airflow/.local/lib/python3.8/site-packages/airflow/example_dags/example_external_task_marker_dag.py took 0.112 seconds
[2023-11-03T00:19:29.407+0000] {processor.py:157} INFO - Started process (PID=3290) to work on /home/airflow/.local/lib/python3.8/site-packages/airflow/example_dags/example_external_task_marker_dag.py
[2023-11-03T00:19:29.407+0000] {processor.py:829} INFO - Processing file /home/airflow/.local/lib/python3.8/site-packages/airflow/example_dags/example_external_task_marker_dag.py for tasks to queue
[2023-11-03T00:19:29.410+0000] {logging_mixin.py:151} INFO - [2023-11-03T00:19:29.409+0000] {dagbag.py:536} INFO - Filling up the DagBag from /home/airflow/.local/lib/python3.8/site-packages/airflow/example_dags/example_external_task_marker_dag.py
[2023-11-03T00:19:29.416+0000] {processor.py:839} INFO - DAG(s) dict_keys(['example_external_task_marker_parent', 'example_external_task_marker_child']) retrieved from /home/airflow/.local/lib/python3.8/site-packages/airflow/example_dags/example_external_task_marker_dag.py
[2023-11-03T00:19:29.455+0000] {logging_mixin.py:151} INFO - [2023-11-03T00:19:29.455+0000] {dag.py:2941} INFO - Sync 2 DAGs
[2023-11-03T00:19:29.470+0000] {logging_mixin.py:151} INFO - [2023-11-03T00:19:29.470+0000] {dag.py:3722} INFO - Setting next_dagrun for example_external_task_marker_child to None, run_after=None
[2023-11-03T00:19:29.475+0000] {logging_mixin.py:151} INFO - [2023-11-03T00:19:29.474+0000] {dag.py:3722} INFO - Setting next_dagrun for example_external_task_marker_parent to None, run_after=None
[2023-11-03T00:19:29.501+0000] {processor.py:179} INFO - Processing /home/airflow/.local/lib/python3.8/site-packages/airflow/example_dags/example_external_task_marker_dag.py took 0.098 seconds
[2023-11-03T00:19:59.641+0000] {processor.py:157} INFO - Started process (PID=3344) to work on /home/airflow/.local/lib/python3.8/site-packages/airflow/example_dags/example_external_task_marker_dag.py
[2023-11-03T00:19:59.643+0000] {processor.py:829} INFO - Processing file /home/airflow/.local/lib/python3.8/site-packages/airflow/example_dags/example_external_task_marker_dag.py for tasks to queue
[2023-11-03T00:19:59.645+0000] {logging_mixin.py:151} INFO - [2023-11-03T00:19:59.645+0000] {dagbag.py:536} INFO - Filling up the DagBag from /home/airflow/.local/lib/python3.8/site-packages/airflow/example_dags/example_external_task_marker_dag.py
[2023-11-03T00:19:59.652+0000] {processor.py:839} INFO - DAG(s) dict_keys(['example_external_task_marker_parent', 'example_external_task_marker_child']) retrieved from /home/airflow/.local/lib/python3.8/site-packages/airflow/example_dags/example_external_task_marker_dag.py
[2023-11-03T00:19:59.689+0000] {logging_mixin.py:151} INFO - [2023-11-03T00:19:59.689+0000] {dag.py:2941} INFO - Sync 2 DAGs
[2023-11-03T00:19:59.705+0000] {logging_mixin.py:151} INFO - [2023-11-03T00:19:59.705+0000] {dag.py:3722} INFO - Setting next_dagrun for example_external_task_marker_child to None, run_after=None
[2023-11-03T00:19:59.711+0000] {logging_mixin.py:151} INFO - [2023-11-03T00:19:59.711+0000] {dag.py:3722} INFO - Setting next_dagrun for example_external_task_marker_parent to None, run_after=None
[2023-11-03T00:19:59.733+0000] {processor.py:179} INFO - Processing /home/airflow/.local/lib/python3.8/site-packages/airflow/example_dags/example_external_task_marker_dag.py took 0.095 seconds
[2023-11-03T00:20:30.067+0000] {processor.py:157} INFO - Started process (PID=3398) to work on /home/airflow/.local/lib/python3.8/site-packages/airflow/example_dags/example_external_task_marker_dag.py
[2023-11-03T00:20:30.068+0000] {processor.py:829} INFO - Processing file /home/airflow/.local/lib/python3.8/site-packages/airflow/example_dags/example_external_task_marker_dag.py for tasks to queue
[2023-11-03T00:20:30.070+0000] {logging_mixin.py:151} INFO - [2023-11-03T00:20:30.070+0000] {dagbag.py:536} INFO - Filling up the DagBag from /home/airflow/.local/lib/python3.8/site-packages/airflow/example_dags/example_external_task_marker_dag.py
[2023-11-03T00:20:30.076+0000] {processor.py:839} INFO - DAG(s) dict_keys(['example_external_task_marker_child', 'example_external_task_marker_parent']) retrieved from /home/airflow/.local/lib/python3.8/site-packages/airflow/example_dags/example_external_task_marker_dag.py
[2023-11-03T00:20:30.114+0000] {logging_mixin.py:151} INFO - [2023-11-03T00:20:30.114+0000] {dag.py:2941} INFO - Sync 2 DAGs
[2023-11-03T00:20:30.129+0000] {logging_mixin.py:151} INFO - [2023-11-03T00:20:30.128+0000] {dag.py:3722} INFO - Setting next_dagrun for example_external_task_marker_child to None, run_after=None
[2023-11-03T00:20:30.133+0000] {logging_mixin.py:151} INFO - [2023-11-03T00:20:30.133+0000] {dag.py:3722} INFO - Setting next_dagrun for example_external_task_marker_parent to None, run_after=None
[2023-11-03T00:20:30.158+0000] {processor.py:179} INFO - Processing /home/airflow/.local/lib/python3.8/site-packages/airflow/example_dags/example_external_task_marker_dag.py took 0.095 seconds
[2023-11-03T00:21:00.286+0000] {processor.py:157} INFO - Started process (PID=3452) to work on /home/airflow/.local/lib/python3.8/site-packages/airflow/example_dags/example_external_task_marker_dag.py
[2023-11-03T00:21:00.287+0000] {processor.py:829} INFO - Processing file /home/airflow/.local/lib/python3.8/site-packages/airflow/example_dags/example_external_task_marker_dag.py for tasks to queue
[2023-11-03T00:21:00.290+0000] {logging_mixin.py:151} INFO - [2023-11-03T00:21:00.289+0000] {dagbag.py:536} INFO - Filling up the DagBag from /home/airflow/.local/lib/python3.8/site-packages/airflow/example_dags/example_external_task_marker_dag.py
[2023-11-03T00:21:00.298+0000] {processor.py:839} INFO - DAG(s) dict_keys(['example_external_task_marker_child', 'example_external_task_marker_parent']) retrieved from /home/airflow/.local/lib/python3.8/site-packages/airflow/example_dags/example_external_task_marker_dag.py
[2023-11-03T00:21:00.332+0000] {logging_mixin.py:151} INFO - [2023-11-03T00:21:00.332+0000] {dag.py:2941} INFO - Sync 2 DAGs
[2023-11-03T00:21:00.349+0000] {logging_mixin.py:151} INFO - [2023-11-03T00:21:00.348+0000] {dag.py:3722} INFO - Setting next_dagrun for example_external_task_marker_child to None, run_after=None
[2023-11-03T00:21:00.353+0000] {logging_mixin.py:151} INFO - [2023-11-03T00:21:00.353+0000] {dag.py:3722} INFO - Setting next_dagrun for example_external_task_marker_parent to None, run_after=None
[2023-11-03T00:21:00.392+0000] {processor.py:179} INFO - Processing /home/airflow/.local/lib/python3.8/site-packages/airflow/example_dags/example_external_task_marker_dag.py took 0.110 seconds
[2023-11-03T00:21:30.489+0000] {processor.py:157} INFO - Started process (PID=3506) to work on /home/airflow/.local/lib/python3.8/site-packages/airflow/example_dags/example_external_task_marker_dag.py
[2023-11-03T00:21:30.490+0000] {processor.py:829} INFO - Processing file /home/airflow/.local/lib/python3.8/site-packages/airflow/example_dags/example_external_task_marker_dag.py for tasks to queue
[2023-11-03T00:21:30.492+0000] {logging_mixin.py:151} INFO - [2023-11-03T00:21:30.492+0000] {dagbag.py:536} INFO - Filling up the DagBag from /home/airflow/.local/lib/python3.8/site-packages/airflow/example_dags/example_external_task_marker_dag.py
[2023-11-03T00:21:30.500+0000] {processor.py:839} INFO - DAG(s) dict_keys(['example_external_task_marker_child', 'example_external_task_marker_parent']) retrieved from /home/airflow/.local/lib/python3.8/site-packages/airflow/example_dags/example_external_task_marker_dag.py
[2023-11-03T00:21:30.535+0000] {logging_mixin.py:151} INFO - [2023-11-03T00:21:30.535+0000] {dag.py:2941} INFO - Sync 2 DAGs
[2023-11-03T00:21:30.550+0000] {logging_mixin.py:151} INFO - [2023-11-03T00:21:30.549+0000] {dag.py:3722} INFO - Setting next_dagrun for example_external_task_marker_child to None, run_after=None
[2023-11-03T00:21:30.554+0000] {logging_mixin.py:151} INFO - [2023-11-03T00:21:30.554+0000] {dag.py:3722} INFO - Setting next_dagrun for example_external_task_marker_parent to None, run_after=None
[2023-11-03T00:21:30.578+0000] {processor.py:179} INFO - Processing /home/airflow/.local/lib/python3.8/site-packages/airflow/example_dags/example_external_task_marker_dag.py took 0.092 seconds
[2023-11-03T00:22:00.950+0000] {processor.py:157} INFO - Started process (PID=3560) to work on /home/airflow/.local/lib/python3.8/site-packages/airflow/example_dags/example_external_task_marker_dag.py
[2023-11-03T00:22:00.952+0000] {processor.py:829} INFO - Processing file /home/airflow/.local/lib/python3.8/site-packages/airflow/example_dags/example_external_task_marker_dag.py for tasks to queue
[2023-11-03T00:22:00.954+0000] {logging_mixin.py:151} INFO - [2023-11-03T00:22:00.954+0000] {dagbag.py:536} INFO - Filling up the DagBag from /home/airflow/.local/lib/python3.8/site-packages/airflow/example_dags/example_external_task_marker_dag.py
[2023-11-03T00:22:00.963+0000] {processor.py:839} INFO - DAG(s) dict_keys(['example_external_task_marker_child', 'example_external_task_marker_parent']) retrieved from /home/airflow/.local/lib/python3.8/site-packages/airflow/example_dags/example_external_task_marker_dag.py
[2023-11-03T00:22:01.004+0000] {logging_mixin.py:151} INFO - [2023-11-03T00:22:01.004+0000] {dag.py:2941} INFO - Sync 2 DAGs
[2023-11-03T00:22:01.023+0000] {logging_mixin.py:151} INFO - [2023-11-03T00:22:01.023+0000] {dag.py:3722} INFO - Setting next_dagrun for example_external_task_marker_child to None, run_after=None
[2023-11-03T00:22:01.029+0000] {logging_mixin.py:151} INFO - [2023-11-03T00:22:01.029+0000] {dag.py:3722} INFO - Setting next_dagrun for example_external_task_marker_parent to None, run_after=None
[2023-11-03T00:22:01.059+0000] {processor.py:179} INFO - Processing /home/airflow/.local/lib/python3.8/site-packages/airflow/example_dags/example_external_task_marker_dag.py took 0.114 seconds
[2023-11-03T00:22:31.296+0000] {processor.py:157} INFO - Started process (PID=3614) to work on /home/airflow/.local/lib/python3.8/site-packages/airflow/example_dags/example_external_task_marker_dag.py
[2023-11-03T00:22:31.298+0000] {processor.py:829} INFO - Processing file /home/airflow/.local/lib/python3.8/site-packages/airflow/example_dags/example_external_task_marker_dag.py for tasks to queue
[2023-11-03T00:22:31.301+0000] {logging_mixin.py:151} INFO - [2023-11-03T00:22:31.300+0000] {dagbag.py:536} INFO - Filling up the DagBag from /home/airflow/.local/lib/python3.8/site-packages/airflow/example_dags/example_external_task_marker_dag.py
[2023-11-03T00:22:31.307+0000] {processor.py:839} INFO - DAG(s) dict_keys(['example_external_task_marker_child', 'example_external_task_marker_parent']) retrieved from /home/airflow/.local/lib/python3.8/site-packages/airflow/example_dags/example_external_task_marker_dag.py
[2023-11-03T00:22:31.339+0000] {logging_mixin.py:151} INFO - [2023-11-03T00:22:31.339+0000] {dag.py:2941} INFO - Sync 2 DAGs
[2023-11-03T00:22:31.353+0000] {logging_mixin.py:151} INFO - [2023-11-03T00:22:31.353+0000] {dag.py:3722} INFO - Setting next_dagrun for example_external_task_marker_child to None, run_after=None
[2023-11-03T00:22:31.358+0000] {logging_mixin.py:151} INFO - [2023-11-03T00:22:31.358+0000] {dag.py:3722} INFO - Setting next_dagrun for example_external_task_marker_parent to None, run_after=None
[2023-11-03T00:22:31.387+0000] {processor.py:179} INFO - Processing /home/airflow/.local/lib/python3.8/site-packages/airflow/example_dags/example_external_task_marker_dag.py took 0.094 seconds
[2023-11-03T00:23:01.768+0000] {processor.py:157} INFO - Started process (PID=3668) to work on /home/airflow/.local/lib/python3.8/site-packages/airflow/example_dags/example_external_task_marker_dag.py
[2023-11-03T00:23:01.769+0000] {processor.py:829} INFO - Processing file /home/airflow/.local/lib/python3.8/site-packages/airflow/example_dags/example_external_task_marker_dag.py for tasks to queue
[2023-11-03T00:23:01.772+0000] {logging_mixin.py:151} INFO - [2023-11-03T00:23:01.771+0000] {dagbag.py:536} INFO - Filling up the DagBag from /home/airflow/.local/lib/python3.8/site-packages/airflow/example_dags/example_external_task_marker_dag.py
[2023-11-03T00:23:01.777+0000] {processor.py:839} INFO - DAG(s) dict_keys(['example_external_task_marker_parent', 'example_external_task_marker_child']) retrieved from /home/airflow/.local/lib/python3.8/site-packages/airflow/example_dags/example_external_task_marker_dag.py
[2023-11-03T00:23:01.812+0000] {logging_mixin.py:151} INFO - [2023-11-03T00:23:01.812+0000] {dag.py:2941} INFO - Sync 2 DAGs
[2023-11-03T00:23:01.827+0000] {logging_mixin.py:151} INFO - [2023-11-03T00:23:01.827+0000] {dag.py:3722} INFO - Setting next_dagrun for example_external_task_marker_child to None, run_after=None
[2023-11-03T00:23:01.832+0000] {logging_mixin.py:151} INFO - [2023-11-03T00:23:01.831+0000] {dag.py:3722} INFO - Setting next_dagrun for example_external_task_marker_parent to None, run_after=None
[2023-11-03T00:23:01.861+0000] {processor.py:179} INFO - Processing /home/airflow/.local/lib/python3.8/site-packages/airflow/example_dags/example_external_task_marker_dag.py took 0.097 seconds
[2023-11-03T00:23:32.310+0000] {processor.py:157} INFO - Started process (PID=3722) to work on /home/airflow/.local/lib/python3.8/site-packages/airflow/example_dags/example_external_task_marker_dag.py
[2023-11-03T00:23:32.312+0000] {processor.py:829} INFO - Processing file /home/airflow/.local/lib/python3.8/site-packages/airflow/example_dags/example_external_task_marker_dag.py for tasks to queue
[2023-11-03T00:23:32.315+0000] {logging_mixin.py:151} INFO - [2023-11-03T00:23:32.315+0000] {dagbag.py:536} INFO - Filling up the DagBag from /home/airflow/.local/lib/python3.8/site-packages/airflow/example_dags/example_external_task_marker_dag.py
[2023-11-03T00:23:32.323+0000] {processor.py:839} INFO - DAG(s) dict_keys(['example_external_task_marker_parent', 'example_external_task_marker_child']) retrieved from /home/airflow/.local/lib/python3.8/site-packages/airflow/example_dags/example_external_task_marker_dag.py
[2023-11-03T00:23:32.375+0000] {logging_mixin.py:151} INFO - [2023-11-03T00:23:32.374+0000] {dag.py:2941} INFO - Sync 2 DAGs
[2023-11-03T00:23:32.401+0000] {logging_mixin.py:151} INFO - [2023-11-03T00:23:32.400+0000] {dag.py:3722} INFO - Setting next_dagrun for example_external_task_marker_child to None, run_after=None
[2023-11-03T00:23:32.407+0000] {logging_mixin.py:151} INFO - [2023-11-03T00:23:32.407+0000] {dag.py:3722} INFO - Setting next_dagrun for example_external_task_marker_parent to None, run_after=None
[2023-11-03T00:23:32.445+0000] {processor.py:179} INFO - Processing /home/airflow/.local/lib/python3.8/site-packages/airflow/example_dags/example_external_task_marker_dag.py took 0.139 seconds
[2023-11-03T00:24:02.693+0000] {processor.py:157} INFO - Started process (PID=3776) to work on /home/airflow/.local/lib/python3.8/site-packages/airflow/example_dags/example_external_task_marker_dag.py
[2023-11-03T00:24:02.694+0000] {processor.py:829} INFO - Processing file /home/airflow/.local/lib/python3.8/site-packages/airflow/example_dags/example_external_task_marker_dag.py for tasks to queue
[2023-11-03T00:24:02.696+0000] {logging_mixin.py:151} INFO - [2023-11-03T00:24:02.695+0000] {dagbag.py:536} INFO - Filling up the DagBag from /home/airflow/.local/lib/python3.8/site-packages/airflow/example_dags/example_external_task_marker_dag.py
[2023-11-03T00:24:02.702+0000] {processor.py:839} INFO - DAG(s) dict_keys(['example_external_task_marker_child', 'example_external_task_marker_parent']) retrieved from /home/airflow/.local/lib/python3.8/site-packages/airflow/example_dags/example_external_task_marker_dag.py
[2023-11-03T00:24:02.735+0000] {logging_mixin.py:151} INFO - [2023-11-03T00:24:02.735+0000] {dag.py:2941} INFO - Sync 2 DAGs
[2023-11-03T00:24:02.750+0000] {logging_mixin.py:151} INFO - [2023-11-03T00:24:02.750+0000] {dag.py:3722} INFO - Setting next_dagrun for example_external_task_marker_child to None, run_after=None
[2023-11-03T00:24:02.754+0000] {logging_mixin.py:151} INFO - [2023-11-03T00:24:02.754+0000] {dag.py:3722} INFO - Setting next_dagrun for example_external_task_marker_parent to None, run_after=None
[2023-11-03T00:24:02.781+0000] {processor.py:179} INFO - Processing /home/airflow/.local/lib/python3.8/site-packages/airflow/example_dags/example_external_task_marker_dag.py took 0.092 seconds
[2023-11-03T00:24:32.857+0000] {processor.py:157} INFO - Started process (PID=3831) to work on /home/airflow/.local/lib/python3.8/site-packages/airflow/example_dags/example_external_task_marker_dag.py
[2023-11-03T00:24:32.858+0000] {processor.py:829} INFO - Processing file /home/airflow/.local/lib/python3.8/site-packages/airflow/example_dags/example_external_task_marker_dag.py for tasks to queue
[2023-11-03T00:24:32.860+0000] {logging_mixin.py:151} INFO - [2023-11-03T00:24:32.860+0000] {dagbag.py:536} INFO - Filling up the DagBag from /home/airflow/.local/lib/python3.8/site-packages/airflow/example_dags/example_external_task_marker_dag.py
[2023-11-03T00:24:32.865+0000] {processor.py:839} INFO - DAG(s) dict_keys(['example_external_task_marker_parent', 'example_external_task_marker_child']) retrieved from /home/airflow/.local/lib/python3.8/site-packages/airflow/example_dags/example_external_task_marker_dag.py
[2023-11-03T00:24:32.896+0000] {logging_mixin.py:151} INFO - [2023-11-03T00:24:32.896+0000] {dag.py:2941} INFO - Sync 2 DAGs
[2023-11-03T00:24:32.911+0000] {logging_mixin.py:151} INFO - [2023-11-03T00:24:32.911+0000] {dag.py:3722} INFO - Setting next_dagrun for example_external_task_marker_child to None, run_after=None
[2023-11-03T00:24:32.915+0000] {logging_mixin.py:151} INFO - [2023-11-03T00:24:32.915+0000] {dag.py:3722} INFO - Setting next_dagrun for example_external_task_marker_parent to None, run_after=None
[2023-11-03T00:24:32.939+0000] {processor.py:179} INFO - Processing /home/airflow/.local/lib/python3.8/site-packages/airflow/example_dags/example_external_task_marker_dag.py took 0.085 seconds
[2023-11-03T00:25:03.102+0000] {processor.py:157} INFO - Started process (PID=3884) to work on /home/airflow/.local/lib/python3.8/site-packages/airflow/example_dags/example_external_task_marker_dag.py
[2023-11-03T00:25:03.104+0000] {processor.py:829} INFO - Processing file /home/airflow/.local/lib/python3.8/site-packages/airflow/example_dags/example_external_task_marker_dag.py for tasks to queue
[2023-11-03T00:25:03.106+0000] {logging_mixin.py:151} INFO - [2023-11-03T00:25:03.105+0000] {dagbag.py:536} INFO - Filling up the DagBag from /home/airflow/.local/lib/python3.8/site-packages/airflow/example_dags/example_external_task_marker_dag.py
[2023-11-03T00:25:03.112+0000] {processor.py:839} INFO - DAG(s) dict_keys(['example_external_task_marker_child', 'example_external_task_marker_parent']) retrieved from /home/airflow/.local/lib/python3.8/site-packages/airflow/example_dags/example_external_task_marker_dag.py
[2023-11-03T00:25:03.150+0000] {logging_mixin.py:151} INFO - [2023-11-03T00:25:03.149+0000] {dag.py:2941} INFO - Sync 2 DAGs
[2023-11-03T00:25:03.163+0000] {logging_mixin.py:151} INFO - [2023-11-03T00:25:03.163+0000] {dag.py:3722} INFO - Setting next_dagrun for example_external_task_marker_child to None, run_after=None
[2023-11-03T00:25:03.167+0000] {logging_mixin.py:151} INFO - [2023-11-03T00:25:03.167+0000] {dag.py:3722} INFO - Setting next_dagrun for example_external_task_marker_parent to None, run_after=None
[2023-11-03T00:25:03.200+0000] {processor.py:179} INFO - Processing /home/airflow/.local/lib/python3.8/site-packages/airflow/example_dags/example_external_task_marker_dag.py took 0.101 seconds
[2023-11-03T00:25:33.274+0000] {processor.py:157} INFO - Started process (PID=3938) to work on /home/airflow/.local/lib/python3.8/site-packages/airflow/example_dags/example_external_task_marker_dag.py
[2023-11-03T00:25:33.275+0000] {processor.py:829} INFO - Processing file /home/airflow/.local/lib/python3.8/site-packages/airflow/example_dags/example_external_task_marker_dag.py for tasks to queue
[2023-11-03T00:25:33.278+0000] {logging_mixin.py:151} INFO - [2023-11-03T00:25:33.277+0000] {dagbag.py:536} INFO - Filling up the DagBag from /home/airflow/.local/lib/python3.8/site-packages/airflow/example_dags/example_external_task_marker_dag.py
[2023-11-03T00:25:33.284+0000] {processor.py:839} INFO - DAG(s) dict_keys(['example_external_task_marker_parent', 'example_external_task_marker_child']) retrieved from /home/airflow/.local/lib/python3.8/site-packages/airflow/example_dags/example_external_task_marker_dag.py
[2023-11-03T00:25:33.317+0000] {logging_mixin.py:151} INFO - [2023-11-03T00:25:33.317+0000] {dag.py:2941} INFO - Sync 2 DAGs
[2023-11-03T00:25:33.332+0000] {logging_mixin.py:151} INFO - [2023-11-03T00:25:33.332+0000] {dag.py:3722} INFO - Setting next_dagrun for example_external_task_marker_child to None, run_after=None
[2023-11-03T00:25:33.337+0000] {logging_mixin.py:151} INFO - [2023-11-03T00:25:33.337+0000] {dag.py:3722} INFO - Setting next_dagrun for example_external_task_marker_parent to None, run_after=None
[2023-11-03T00:25:33.368+0000] {processor.py:179} INFO - Processing /home/airflow/.local/lib/python3.8/site-packages/airflow/example_dags/example_external_task_marker_dag.py took 0.098 seconds
[2023-11-03T00:26:03.429+0000] {processor.py:157} INFO - Started process (PID=3992) to work on /home/airflow/.local/lib/python3.8/site-packages/airflow/example_dags/example_external_task_marker_dag.py
[2023-11-03T00:26:03.430+0000] {processor.py:829} INFO - Processing file /home/airflow/.local/lib/python3.8/site-packages/airflow/example_dags/example_external_task_marker_dag.py for tasks to queue
[2023-11-03T00:26:03.433+0000] {logging_mixin.py:151} INFO - [2023-11-03T00:26:03.433+0000] {dagbag.py:536} INFO - Filling up the DagBag from /home/airflow/.local/lib/python3.8/site-packages/airflow/example_dags/example_external_task_marker_dag.py
[2023-11-03T00:26:03.439+0000] {processor.py:839} INFO - DAG(s) dict_keys(['example_external_task_marker_child', 'example_external_task_marker_parent']) retrieved from /home/airflow/.local/lib/python3.8/site-packages/airflow/example_dags/example_external_task_marker_dag.py
[2023-11-03T00:26:03.471+0000] {logging_mixin.py:151} INFO - [2023-11-03T00:26:03.471+0000] {dag.py:2941} INFO - Sync 2 DAGs
[2023-11-03T00:26:03.485+0000] {logging_mixin.py:151} INFO - [2023-11-03T00:26:03.485+0000] {dag.py:3722} INFO - Setting next_dagrun for example_external_task_marker_child to None, run_after=None
[2023-11-03T00:26:03.490+0000] {logging_mixin.py:151} INFO - [2023-11-03T00:26:03.489+0000] {dag.py:3722} INFO - Setting next_dagrun for example_external_task_marker_parent to None, run_after=None
[2023-11-03T00:26:03.518+0000] {processor.py:179} INFO - Processing /home/airflow/.local/lib/python3.8/site-packages/airflow/example_dags/example_external_task_marker_dag.py took 0.093 seconds
[2023-11-03T00:26:33.621+0000] {processor.py:157} INFO - Started process (PID=4046) to work on /home/airflow/.local/lib/python3.8/site-packages/airflow/example_dags/example_external_task_marker_dag.py
[2023-11-03T00:26:33.622+0000] {processor.py:829} INFO - Processing file /home/airflow/.local/lib/python3.8/site-packages/airflow/example_dags/example_external_task_marker_dag.py for tasks to queue
[2023-11-03T00:26:33.624+0000] {logging_mixin.py:151} INFO - [2023-11-03T00:26:33.624+0000] {dagbag.py:536} INFO - Filling up the DagBag from /home/airflow/.local/lib/python3.8/site-packages/airflow/example_dags/example_external_task_marker_dag.py
[2023-11-03T00:26:33.630+0000] {processor.py:839} INFO - DAG(s) dict_keys(['example_external_task_marker_child', 'example_external_task_marker_parent']) retrieved from /home/airflow/.local/lib/python3.8/site-packages/airflow/example_dags/example_external_task_marker_dag.py
[2023-11-03T00:26:33.660+0000] {logging_mixin.py:151} INFO - [2023-11-03T00:26:33.660+0000] {dag.py:2941} INFO - Sync 2 DAGs
[2023-11-03T00:26:33.674+0000] {logging_mixin.py:151} INFO - [2023-11-03T00:26:33.674+0000] {dag.py:3722} INFO - Setting next_dagrun for example_external_task_marker_child to None, run_after=None
[2023-11-03T00:26:33.678+0000] {logging_mixin.py:151} INFO - [2023-11-03T00:26:33.678+0000] {dag.py:3722} INFO - Setting next_dagrun for example_external_task_marker_parent to None, run_after=None
[2023-11-03T00:26:33.703+0000] {processor.py:179} INFO - Processing /home/airflow/.local/lib/python3.8/site-packages/airflow/example_dags/example_external_task_marker_dag.py took 0.086 seconds
[2023-11-03T00:27:03.908+0000] {processor.py:157} INFO - Started process (PID=4100) to work on /home/airflow/.local/lib/python3.8/site-packages/airflow/example_dags/example_external_task_marker_dag.py
[2023-11-03T00:27:03.909+0000] {processor.py:829} INFO - Processing file /home/airflow/.local/lib/python3.8/site-packages/airflow/example_dags/example_external_task_marker_dag.py for tasks to queue
[2023-11-03T00:27:03.911+0000] {logging_mixin.py:151} INFO - [2023-11-03T00:27:03.911+0000] {dagbag.py:536} INFO - Filling up the DagBag from /home/airflow/.local/lib/python3.8/site-packages/airflow/example_dags/example_external_task_marker_dag.py
[2023-11-03T00:27:03.917+0000] {processor.py:839} INFO - DAG(s) dict_keys(['example_external_task_marker_child', 'example_external_task_marker_parent']) retrieved from /home/airflow/.local/lib/python3.8/site-packages/airflow/example_dags/example_external_task_marker_dag.py
[2023-11-03T00:27:03.948+0000] {logging_mixin.py:151} INFO - [2023-11-03T00:27:03.948+0000] {dag.py:2941} INFO - Sync 2 DAGs
[2023-11-03T00:27:03.963+0000] {logging_mixin.py:151} INFO - [2023-11-03T00:27:03.962+0000] {dag.py:3722} INFO - Setting next_dagrun for example_external_task_marker_child to None, run_after=None
[2023-11-03T00:27:03.967+0000] {logging_mixin.py:151} INFO - [2023-11-03T00:27:03.967+0000] {dag.py:3722} INFO - Setting next_dagrun for example_external_task_marker_parent to None, run_after=None
[2023-11-03T00:27:03.991+0000] {processor.py:179} INFO - Processing /home/airflow/.local/lib/python3.8/site-packages/airflow/example_dags/example_external_task_marker_dag.py took 0.087 seconds
[2023-11-03T00:27:34.066+0000] {processor.py:157} INFO - Started process (PID=4154) to work on /home/airflow/.local/lib/python3.8/site-packages/airflow/example_dags/example_external_task_marker_dag.py
[2023-11-03T00:27:34.067+0000] {processor.py:829} INFO - Processing file /home/airflow/.local/lib/python3.8/site-packages/airflow/example_dags/example_external_task_marker_dag.py for tasks to queue
[2023-11-03T00:27:34.069+0000] {logging_mixin.py:151} INFO - [2023-11-03T00:27:34.069+0000] {dagbag.py:536} INFO - Filling up the DagBag from /home/airflow/.local/lib/python3.8/site-packages/airflow/example_dags/example_external_task_marker_dag.py
[2023-11-03T00:27:34.075+0000] {processor.py:839} INFO - DAG(s) dict_keys(['example_external_task_marker_child', 'example_external_task_marker_parent']) retrieved from /home/airflow/.local/lib/python3.8/site-packages/airflow/example_dags/example_external_task_marker_dag.py
[2023-11-03T00:27:34.109+0000] {logging_mixin.py:151} INFO - [2023-11-03T00:27:34.109+0000] {dag.py:2941} INFO - Sync 2 DAGs
[2023-11-03T00:27:34.124+0000] {logging_mixin.py:151} INFO - [2023-11-03T00:27:34.123+0000] {dag.py:3722} INFO - Setting next_dagrun for example_external_task_marker_child to None, run_after=None
[2023-11-03T00:27:34.128+0000] {logging_mixin.py:151} INFO - [2023-11-03T00:27:34.128+0000] {dag.py:3722} INFO - Setting next_dagrun for example_external_task_marker_parent to None, run_after=None
[2023-11-03T00:27:34.152+0000] {processor.py:179} INFO - Processing /home/airflow/.local/lib/python3.8/site-packages/airflow/example_dags/example_external_task_marker_dag.py took 0.089 seconds
[2023-11-03T00:28:04.288+0000] {processor.py:157} INFO - Started process (PID=4208) to work on /home/airflow/.local/lib/python3.8/site-packages/airflow/example_dags/example_external_task_marker_dag.py
[2023-11-03T00:28:04.290+0000] {processor.py:829} INFO - Processing file /home/airflow/.local/lib/python3.8/site-packages/airflow/example_dags/example_external_task_marker_dag.py for tasks to queue
[2023-11-03T00:28:04.292+0000] {logging_mixin.py:151} INFO - [2023-11-03T00:28:04.291+0000] {dagbag.py:536} INFO - Filling up the DagBag from /home/airflow/.local/lib/python3.8/site-packages/airflow/example_dags/example_external_task_marker_dag.py
[2023-11-03T00:28:04.297+0000] {processor.py:839} INFO - DAG(s) dict_keys(['example_external_task_marker_parent', 'example_external_task_marker_child']) retrieved from /home/airflow/.local/lib/python3.8/site-packages/airflow/example_dags/example_external_task_marker_dag.py
[2023-11-03T00:28:04.329+0000] {logging_mixin.py:151} INFO - [2023-11-03T00:28:04.329+0000] {dag.py:2941} INFO - Sync 2 DAGs
[2023-11-03T00:28:04.344+0000] {logging_mixin.py:151} INFO - [2023-11-03T00:28:04.344+0000] {dag.py:3722} INFO - Setting next_dagrun for example_external_task_marker_child to None, run_after=None
[2023-11-03T00:28:04.349+0000] {logging_mixin.py:151} INFO - [2023-11-03T00:28:04.348+0000] {dag.py:3722} INFO - Setting next_dagrun for example_external_task_marker_parent to None, run_after=None
[2023-11-03T00:28:04.376+0000] {processor.py:179} INFO - Processing /home/airflow/.local/lib/python3.8/site-packages/airflow/example_dags/example_external_task_marker_dag.py took 0.091 seconds
[2023-11-03T00:28:34.529+0000] {processor.py:157} INFO - Started process (PID=4262) to work on /home/airflow/.local/lib/python3.8/site-packages/airflow/example_dags/example_external_task_marker_dag.py
[2023-11-03T00:28:34.530+0000] {processor.py:829} INFO - Processing file /home/airflow/.local/lib/python3.8/site-packages/airflow/example_dags/example_external_task_marker_dag.py for tasks to queue
[2023-11-03T00:28:34.532+0000] {logging_mixin.py:151} INFO - [2023-11-03T00:28:34.531+0000] {dagbag.py:536} INFO - Filling up the DagBag from /home/airflow/.local/lib/python3.8/site-packages/airflow/example_dags/example_external_task_marker_dag.py
[2023-11-03T00:28:34.537+0000] {processor.py:839} INFO - DAG(s) dict_keys(['example_external_task_marker_parent', 'example_external_task_marker_child']) retrieved from /home/airflow/.local/lib/python3.8/site-packages/airflow/example_dags/example_external_task_marker_dag.py
[2023-11-03T00:28:34.566+0000] {logging_mixin.py:151} INFO - [2023-11-03T00:28:34.565+0000] {dag.py:2941} INFO - Sync 2 DAGs
[2023-11-03T00:28:34.579+0000] {logging_mixin.py:151} INFO - [2023-11-03T00:28:34.579+0000] {dag.py:3722} INFO - Setting next_dagrun for example_external_task_marker_child to None, run_after=None
[2023-11-03T00:28:34.583+0000] {logging_mixin.py:151} INFO - [2023-11-03T00:28:34.583+0000] {dag.py:3722} INFO - Setting next_dagrun for example_external_task_marker_parent to None, run_after=None
[2023-11-03T00:28:34.606+0000] {processor.py:179} INFO - Processing /home/airflow/.local/lib/python3.8/site-packages/airflow/example_dags/example_external_task_marker_dag.py took 0.081 seconds
[2023-11-03T00:29:04.867+0000] {processor.py:157} INFO - Started process (PID=4317) to work on /home/airflow/.local/lib/python3.8/site-packages/airflow/example_dags/example_external_task_marker_dag.py
[2023-11-03T00:29:04.868+0000] {processor.py:829} INFO - Processing file /home/airflow/.local/lib/python3.8/site-packages/airflow/example_dags/example_external_task_marker_dag.py for tasks to queue
[2023-11-03T00:29:04.870+0000] {logging_mixin.py:151} INFO - [2023-11-03T00:29:04.869+0000] {dagbag.py:536} INFO - Filling up the DagBag from /home/airflow/.local/lib/python3.8/site-packages/airflow/example_dags/example_external_task_marker_dag.py
[2023-11-03T00:29:04.877+0000] {processor.py:839} INFO - DAG(s) dict_keys(['example_external_task_marker_child', 'example_external_task_marker_parent']) retrieved from /home/airflow/.local/lib/python3.8/site-packages/airflow/example_dags/example_external_task_marker_dag.py
[2023-11-03T00:29:04.907+0000] {logging_mixin.py:151} INFO - [2023-11-03T00:29:04.906+0000] {dag.py:2941} INFO - Sync 2 DAGs
[2023-11-03T00:29:04.920+0000] {logging_mixin.py:151} INFO - [2023-11-03T00:29:04.920+0000] {dag.py:3722} INFO - Setting next_dagrun for example_external_task_marker_child to None, run_after=None
[2023-11-03T00:29:04.924+0000] {logging_mixin.py:151} INFO - [2023-11-03T00:29:04.924+0000] {dag.py:3722} INFO - Setting next_dagrun for example_external_task_marker_parent to None, run_after=None
[2023-11-03T00:29:04.947+0000] {processor.py:179} INFO - Processing /home/airflow/.local/lib/python3.8/site-packages/airflow/example_dags/example_external_task_marker_dag.py took 0.084 seconds
[2023-11-03T00:29:35.113+0000] {processor.py:157} INFO - Started process (PID=4371) to work on /home/airflow/.local/lib/python3.8/site-packages/airflow/example_dags/example_external_task_marker_dag.py
[2023-11-03T00:29:35.115+0000] {processor.py:829} INFO - Processing file /home/airflow/.local/lib/python3.8/site-packages/airflow/example_dags/example_external_task_marker_dag.py for tasks to queue
[2023-11-03T00:29:35.117+0000] {logging_mixin.py:151} INFO - [2023-11-03T00:29:35.117+0000] {dagbag.py:536} INFO - Filling up the DagBag from /home/airflow/.local/lib/python3.8/site-packages/airflow/example_dags/example_external_task_marker_dag.py
[2023-11-03T00:29:35.124+0000] {processor.py:839} INFO - DAG(s) dict_keys(['example_external_task_marker_child', 'example_external_task_marker_parent']) retrieved from /home/airflow/.local/lib/python3.8/site-packages/airflow/example_dags/example_external_task_marker_dag.py
[2023-11-03T00:29:35.153+0000] {logging_mixin.py:151} INFO - [2023-11-03T00:29:35.153+0000] {dag.py:2941} INFO - Sync 2 DAGs
[2023-11-03T00:29:35.168+0000] {logging_mixin.py:151} INFO - [2023-11-03T00:29:35.168+0000] {dag.py:3722} INFO - Setting next_dagrun for example_external_task_marker_child to None, run_after=None
[2023-11-03T00:29:35.172+0000] {logging_mixin.py:151} INFO - [2023-11-03T00:29:35.172+0000] {dag.py:3722} INFO - Setting next_dagrun for example_external_task_marker_parent to None, run_after=None
[2023-11-03T00:29:35.200+0000] {processor.py:179} INFO - Processing /home/airflow/.local/lib/python3.8/site-packages/airflow/example_dags/example_external_task_marker_dag.py took 0.091 seconds
[2023-11-03T00:30:05.446+0000] {processor.py:157} INFO - Started process (PID=4424) to work on /home/airflow/.local/lib/python3.8/site-packages/airflow/example_dags/example_external_task_marker_dag.py
[2023-11-03T00:30:05.448+0000] {processor.py:829} INFO - Processing file /home/airflow/.local/lib/python3.8/site-packages/airflow/example_dags/example_external_task_marker_dag.py for tasks to queue
[2023-11-03T00:30:05.450+0000] {logging_mixin.py:151} INFO - [2023-11-03T00:30:05.450+0000] {dagbag.py:536} INFO - Filling up the DagBag from /home/airflow/.local/lib/python3.8/site-packages/airflow/example_dags/example_external_task_marker_dag.py
[2023-11-03T00:30:05.456+0000] {processor.py:839} INFO - DAG(s) dict_keys(['example_external_task_marker_parent', 'example_external_task_marker_child']) retrieved from /home/airflow/.local/lib/python3.8/site-packages/airflow/example_dags/example_external_task_marker_dag.py
[2023-11-03T00:30:05.489+0000] {logging_mixin.py:151} INFO - [2023-11-03T00:30:05.489+0000] {dag.py:2941} INFO - Sync 2 DAGs
[2023-11-03T00:30:05.504+0000] {logging_mixin.py:151} INFO - [2023-11-03T00:30:05.504+0000] {dag.py:3722} INFO - Setting next_dagrun for example_external_task_marker_child to None, run_after=None
[2023-11-03T00:30:05.509+0000] {logging_mixin.py:151} INFO - [2023-11-03T00:30:05.509+0000] {dag.py:3722} INFO - Setting next_dagrun for example_external_task_marker_parent to None, run_after=None
[2023-11-03T00:30:05.541+0000] {processor.py:179} INFO - Processing /home/airflow/.local/lib/python3.8/site-packages/airflow/example_dags/example_external_task_marker_dag.py took 0.098 seconds
[2023-11-03T00:30:36.249+0000] {processor.py:157} INFO - Started process (PID=4478) to work on /home/airflow/.local/lib/python3.8/site-packages/airflow/example_dags/example_external_task_marker_dag.py
[2023-11-03T00:30:36.250+0000] {processor.py:829} INFO - Processing file /home/airflow/.local/lib/python3.8/site-packages/airflow/example_dags/example_external_task_marker_dag.py for tasks to queue
[2023-11-03T00:30:36.252+0000] {logging_mixin.py:151} INFO - [2023-11-03T00:30:36.252+0000] {dagbag.py:536} INFO - Filling up the DagBag from /home/airflow/.local/lib/python3.8/site-packages/airflow/example_dags/example_external_task_marker_dag.py
[2023-11-03T00:30:36.259+0000] {processor.py:839} INFO - DAG(s) dict_keys(['example_external_task_marker_child', 'example_external_task_marker_parent']) retrieved from /home/airflow/.local/lib/python3.8/site-packages/airflow/example_dags/example_external_task_marker_dag.py
[2023-11-03T00:30:36.293+0000] {logging_mixin.py:151} INFO - [2023-11-03T00:30:36.292+0000] {dag.py:2941} INFO - Sync 2 DAGs
[2023-11-03T00:30:36.309+0000] {logging_mixin.py:151} INFO - [2023-11-03T00:30:36.308+0000] {dag.py:3722} INFO - Setting next_dagrun for example_external_task_marker_child to None, run_after=None
[2023-11-03T00:30:36.314+0000] {logging_mixin.py:151} INFO - [2023-11-03T00:30:36.313+0000] {dag.py:3722} INFO - Setting next_dagrun for example_external_task_marker_parent to None, run_after=None
[2023-11-03T00:30:36.350+0000] {processor.py:179} INFO - Processing /home/airflow/.local/lib/python3.8/site-packages/airflow/example_dags/example_external_task_marker_dag.py took 0.105 seconds
