[2023-11-03T00:00:05.677+0000] {processor.py:157} INFO - Started process (PID=1223) to work on /home/airflow/.local/lib/python3.8/site-packages/airflow/example_dags/tutorial_dag.py
[2023-11-03T00:00:05.680+0000] {processor.py:829} INFO - Processing file /home/airflow/.local/lib/python3.8/site-packages/airflow/example_dags/tutorial_dag.py for tasks to queue
[2023-11-03T00:00:05.724+0000] {logging_mixin.py:151} INFO - [2023-11-03T00:00:05.723+0000] {dagbag.py:536} INFO - Filling up the DagBag from /home/airflow/.local/lib/python3.8/site-packages/airflow/example_dags/tutorial_dag.py
[2023-11-03T00:00:05.742+0000] {processor.py:839} INFO - DAG(s) dict_keys(['tutorial_dag']) retrieved from /home/airflow/.local/lib/python3.8/site-packages/airflow/example_dags/tutorial_dag.py
[2023-11-03T00:00:05.806+0000] {logging_mixin.py:151} INFO - [2023-11-03T00:00:05.805+0000] {dag.py:2941} INFO - Sync 1 DAGs
[2023-11-03T00:00:05.852+0000] {logging_mixin.py:151} INFO - [2023-11-03T00:00:05.851+0000] {dag.py:3722} INFO - Setting next_dagrun for tutorial_dag to None, run_after=None
[2023-11-03T00:00:05.949+0000] {processor.py:179} INFO - Processing /home/airflow/.local/lib/python3.8/site-packages/airflow/example_dags/tutorial_dag.py took 0.283 seconds
[2023-11-03T00:00:36.562+0000] {processor.py:157} INFO - Started process (PID=1277) to work on /home/airflow/.local/lib/python3.8/site-packages/airflow/example_dags/tutorial_dag.py
[2023-11-03T00:00:36.565+0000] {processor.py:829} INFO - Processing file /home/airflow/.local/lib/python3.8/site-packages/airflow/example_dags/tutorial_dag.py for tasks to queue
[2023-11-03T00:00:36.568+0000] {logging_mixin.py:151} INFO - [2023-11-03T00:00:36.567+0000] {dagbag.py:536} INFO - Filling up the DagBag from /home/airflow/.local/lib/python3.8/site-packages/airflow/example_dags/tutorial_dag.py
[2023-11-03T00:00:36.575+0000] {processor.py:839} INFO - DAG(s) dict_keys(['tutorial_dag']) retrieved from /home/airflow/.local/lib/python3.8/site-packages/airflow/example_dags/tutorial_dag.py
[2023-11-03T00:00:36.618+0000] {logging_mixin.py:151} INFO - [2023-11-03T00:00:36.617+0000] {dag.py:2941} INFO - Sync 1 DAGs
[2023-11-03T00:00:36.636+0000] {logging_mixin.py:151} INFO - [2023-11-03T00:00:36.636+0000] {dag.py:3722} INFO - Setting next_dagrun for tutorial_dag to None, run_after=None
[2023-11-03T00:00:36.674+0000] {processor.py:179} INFO - Processing /home/airflow/.local/lib/python3.8/site-packages/airflow/example_dags/tutorial_dag.py took 0.116 seconds
[2023-11-03T00:01:06.919+0000] {processor.py:157} INFO - Started process (PID=1331) to work on /home/airflow/.local/lib/python3.8/site-packages/airflow/example_dags/tutorial_dag.py
[2023-11-03T00:01:06.921+0000] {processor.py:829} INFO - Processing file /home/airflow/.local/lib/python3.8/site-packages/airflow/example_dags/tutorial_dag.py for tasks to queue
[2023-11-03T00:01:06.926+0000] {logging_mixin.py:151} INFO - [2023-11-03T00:01:06.926+0000] {dagbag.py:536} INFO - Filling up the DagBag from /home/airflow/.local/lib/python3.8/site-packages/airflow/example_dags/tutorial_dag.py
[2023-11-03T00:01:06.932+0000] {processor.py:839} INFO - DAG(s) dict_keys(['tutorial_dag']) retrieved from /home/airflow/.local/lib/python3.8/site-packages/airflow/example_dags/tutorial_dag.py
[2023-11-03T00:01:06.960+0000] {logging_mixin.py:151} INFO - [2023-11-03T00:01:06.959+0000] {dag.py:2941} INFO - Sync 1 DAGs
[2023-11-03T00:01:06.976+0000] {logging_mixin.py:151} INFO - [2023-11-03T00:01:06.975+0000] {dag.py:3722} INFO - Setting next_dagrun for tutorial_dag to None, run_after=None
[2023-11-03T00:01:07.006+0000] {processor.py:179} INFO - Processing /home/airflow/.local/lib/python3.8/site-packages/airflow/example_dags/tutorial_dag.py took 0.093 seconds
[2023-11-03T00:01:37.107+0000] {processor.py:157} INFO - Started process (PID=1385) to work on /home/airflow/.local/lib/python3.8/site-packages/airflow/example_dags/tutorial_dag.py
[2023-11-03T00:01:37.109+0000] {processor.py:829} INFO - Processing file /home/airflow/.local/lib/python3.8/site-packages/airflow/example_dags/tutorial_dag.py for tasks to queue
[2023-11-03T00:01:37.111+0000] {logging_mixin.py:151} INFO - [2023-11-03T00:01:37.111+0000] {dagbag.py:536} INFO - Filling up the DagBag from /home/airflow/.local/lib/python3.8/site-packages/airflow/example_dags/tutorial_dag.py
[2023-11-03T00:01:37.117+0000] {processor.py:839} INFO - DAG(s) dict_keys(['tutorial_dag']) retrieved from /home/airflow/.local/lib/python3.8/site-packages/airflow/example_dags/tutorial_dag.py
[2023-11-03T00:01:37.145+0000] {logging_mixin.py:151} INFO - [2023-11-03T00:01:37.145+0000] {dag.py:2941} INFO - Sync 1 DAGs
[2023-11-03T00:01:37.161+0000] {logging_mixin.py:151} INFO - [2023-11-03T00:01:37.161+0000] {dag.py:3722} INFO - Setting next_dagrun for tutorial_dag to None, run_after=None
[2023-11-03T00:01:37.192+0000] {processor.py:179} INFO - Processing /home/airflow/.local/lib/python3.8/site-packages/airflow/example_dags/tutorial_dag.py took 0.088 seconds
[2023-11-03T00:02:08.001+0000] {processor.py:157} INFO - Started process (PID=1439) to work on /home/airflow/.local/lib/python3.8/site-packages/airflow/example_dags/tutorial_dag.py
[2023-11-03T00:02:08.003+0000] {processor.py:829} INFO - Processing file /home/airflow/.local/lib/python3.8/site-packages/airflow/example_dags/tutorial_dag.py for tasks to queue
[2023-11-03T00:02:08.005+0000] {logging_mixin.py:151} INFO - [2023-11-03T00:02:08.005+0000] {dagbag.py:536} INFO - Filling up the DagBag from /home/airflow/.local/lib/python3.8/site-packages/airflow/example_dags/tutorial_dag.py
[2023-11-03T00:02:08.011+0000] {processor.py:839} INFO - DAG(s) dict_keys(['tutorial_dag']) retrieved from /home/airflow/.local/lib/python3.8/site-packages/airflow/example_dags/tutorial_dag.py
[2023-11-03T00:02:08.042+0000] {logging_mixin.py:151} INFO - [2023-11-03T00:02:08.041+0000] {dag.py:2941} INFO - Sync 1 DAGs
[2023-11-03T00:02:08.061+0000] {logging_mixin.py:151} INFO - [2023-11-03T00:02:08.061+0000] {dag.py:3722} INFO - Setting next_dagrun for tutorial_dag to None, run_after=None
[2023-11-03T00:02:08.090+0000] {processor.py:179} INFO - Processing /home/airflow/.local/lib/python3.8/site-packages/airflow/example_dags/tutorial_dag.py took 0.092 seconds
[2023-11-03T00:02:38.416+0000] {processor.py:157} INFO - Started process (PID=1493) to work on /home/airflow/.local/lib/python3.8/site-packages/airflow/example_dags/tutorial_dag.py
[2023-11-03T00:02:38.417+0000] {processor.py:829} INFO - Processing file /home/airflow/.local/lib/python3.8/site-packages/airflow/example_dags/tutorial_dag.py for tasks to queue
[2023-11-03T00:02:38.419+0000] {logging_mixin.py:151} INFO - [2023-11-03T00:02:38.419+0000] {dagbag.py:536} INFO - Filling up the DagBag from /home/airflow/.local/lib/python3.8/site-packages/airflow/example_dags/tutorial_dag.py
[2023-11-03T00:02:38.425+0000] {processor.py:839} INFO - DAG(s) dict_keys(['tutorial_dag']) retrieved from /home/airflow/.local/lib/python3.8/site-packages/airflow/example_dags/tutorial_dag.py
[2023-11-03T00:02:38.456+0000] {logging_mixin.py:151} INFO - [2023-11-03T00:02:38.456+0000] {dag.py:2941} INFO - Sync 1 DAGs
[2023-11-03T00:02:38.473+0000] {logging_mixin.py:151} INFO - [2023-11-03T00:02:38.473+0000] {dag.py:3722} INFO - Setting next_dagrun for tutorial_dag to None, run_after=None
[2023-11-03T00:02:38.499+0000] {processor.py:179} INFO - Processing /home/airflow/.local/lib/python3.8/site-packages/airflow/example_dags/tutorial_dag.py took 0.086 seconds
[2023-11-03T00:03:08.906+0000] {processor.py:157} INFO - Started process (PID=1547) to work on /home/airflow/.local/lib/python3.8/site-packages/airflow/example_dags/tutorial_dag.py
[2023-11-03T00:03:08.908+0000] {processor.py:829} INFO - Processing file /home/airflow/.local/lib/python3.8/site-packages/airflow/example_dags/tutorial_dag.py for tasks to queue
[2023-11-03T00:03:08.910+0000] {logging_mixin.py:151} INFO - [2023-11-03T00:03:08.909+0000] {dagbag.py:536} INFO - Filling up the DagBag from /home/airflow/.local/lib/python3.8/site-packages/airflow/example_dags/tutorial_dag.py
[2023-11-03T00:03:08.915+0000] {processor.py:839} INFO - DAG(s) dict_keys(['tutorial_dag']) retrieved from /home/airflow/.local/lib/python3.8/site-packages/airflow/example_dags/tutorial_dag.py
[2023-11-03T00:03:08.940+0000] {logging_mixin.py:151} INFO - [2023-11-03T00:03:08.939+0000] {dag.py:2941} INFO - Sync 1 DAGs
[2023-11-03T00:03:08.954+0000] {logging_mixin.py:151} INFO - [2023-11-03T00:03:08.954+0000] {dag.py:3722} INFO - Setting next_dagrun for tutorial_dag to None, run_after=None
[2023-11-03T00:03:08.983+0000] {processor.py:179} INFO - Processing /home/airflow/.local/lib/python3.8/site-packages/airflow/example_dags/tutorial_dag.py took 0.079 seconds
[2023-11-03T00:03:39.509+0000] {processor.py:157} INFO - Started process (PID=1601) to work on /home/airflow/.local/lib/python3.8/site-packages/airflow/example_dags/tutorial_dag.py
[2023-11-03T00:03:39.510+0000] {processor.py:829} INFO - Processing file /home/airflow/.local/lib/python3.8/site-packages/airflow/example_dags/tutorial_dag.py for tasks to queue
[2023-11-03T00:03:39.513+0000] {logging_mixin.py:151} INFO - [2023-11-03T00:03:39.512+0000] {dagbag.py:536} INFO - Filling up the DagBag from /home/airflow/.local/lib/python3.8/site-packages/airflow/example_dags/tutorial_dag.py
[2023-11-03T00:03:39.518+0000] {processor.py:839} INFO - DAG(s) dict_keys(['tutorial_dag']) retrieved from /home/airflow/.local/lib/python3.8/site-packages/airflow/example_dags/tutorial_dag.py
[2023-11-03T00:03:39.545+0000] {logging_mixin.py:151} INFO - [2023-11-03T00:03:39.544+0000] {dag.py:2941} INFO - Sync 1 DAGs
[2023-11-03T00:03:39.559+0000] {logging_mixin.py:151} INFO - [2023-11-03T00:03:39.559+0000] {dag.py:3722} INFO - Setting next_dagrun for tutorial_dag to None, run_after=None
[2023-11-03T00:03:39.588+0000] {processor.py:179} INFO - Processing /home/airflow/.local/lib/python3.8/site-packages/airflow/example_dags/tutorial_dag.py took 0.083 seconds
[2023-11-03T00:04:09.905+0000] {processor.py:157} INFO - Started process (PID=1654) to work on /home/airflow/.local/lib/python3.8/site-packages/airflow/example_dags/tutorial_dag.py
[2023-11-03T00:04:09.907+0000] {processor.py:829} INFO - Processing file /home/airflow/.local/lib/python3.8/site-packages/airflow/example_dags/tutorial_dag.py for tasks to queue
[2023-11-03T00:04:09.909+0000] {logging_mixin.py:151} INFO - [2023-11-03T00:04:09.908+0000] {dagbag.py:536} INFO - Filling up the DagBag from /home/airflow/.local/lib/python3.8/site-packages/airflow/example_dags/tutorial_dag.py
[2023-11-03T00:04:09.914+0000] {processor.py:839} INFO - DAG(s) dict_keys(['tutorial_dag']) retrieved from /home/airflow/.local/lib/python3.8/site-packages/airflow/example_dags/tutorial_dag.py
[2023-11-03T00:04:09.940+0000] {logging_mixin.py:151} INFO - [2023-11-03T00:04:09.940+0000] {dag.py:2941} INFO - Sync 1 DAGs
[2023-11-03T00:04:09.956+0000] {logging_mixin.py:151} INFO - [2023-11-03T00:04:09.955+0000] {dag.py:3722} INFO - Setting next_dagrun for tutorial_dag to None, run_after=None
[2023-11-03T00:04:09.985+0000] {processor.py:179} INFO - Processing /home/airflow/.local/lib/python3.8/site-packages/airflow/example_dags/tutorial_dag.py took 0.082 seconds
[2023-11-03T00:04:40.402+0000] {processor.py:157} INFO - Started process (PID=1708) to work on /home/airflow/.local/lib/python3.8/site-packages/airflow/example_dags/tutorial_dag.py
[2023-11-03T00:04:40.403+0000] {processor.py:829} INFO - Processing file /home/airflow/.local/lib/python3.8/site-packages/airflow/example_dags/tutorial_dag.py for tasks to queue
[2023-11-03T00:04:40.406+0000] {logging_mixin.py:151} INFO - [2023-11-03T00:04:40.405+0000] {dagbag.py:536} INFO - Filling up the DagBag from /home/airflow/.local/lib/python3.8/site-packages/airflow/example_dags/tutorial_dag.py
[2023-11-03T00:04:40.412+0000] {processor.py:839} INFO - DAG(s) dict_keys(['tutorial_dag']) retrieved from /home/airflow/.local/lib/python3.8/site-packages/airflow/example_dags/tutorial_dag.py
[2023-11-03T00:04:40.438+0000] {logging_mixin.py:151} INFO - [2023-11-03T00:04:40.438+0000] {dag.py:2941} INFO - Sync 1 DAGs
[2023-11-03T00:04:40.453+0000] {logging_mixin.py:151} INFO - [2023-11-03T00:04:40.453+0000] {dag.py:3722} INFO - Setting next_dagrun for tutorial_dag to None, run_after=None
[2023-11-03T00:04:40.481+0000] {processor.py:179} INFO - Processing /home/airflow/.local/lib/python3.8/site-packages/airflow/example_dags/tutorial_dag.py took 0.083 seconds
[2023-11-03T00:05:11.077+0000] {processor.py:157} INFO - Started process (PID=1762) to work on /home/airflow/.local/lib/python3.8/site-packages/airflow/example_dags/tutorial_dag.py
[2023-11-03T00:05:11.079+0000] {processor.py:829} INFO - Processing file /home/airflow/.local/lib/python3.8/site-packages/airflow/example_dags/tutorial_dag.py for tasks to queue
[2023-11-03T00:05:11.084+0000] {logging_mixin.py:151} INFO - [2023-11-03T00:05:11.083+0000] {dagbag.py:536} INFO - Filling up the DagBag from /home/airflow/.local/lib/python3.8/site-packages/airflow/example_dags/tutorial_dag.py
[2023-11-03T00:05:11.092+0000] {processor.py:839} INFO - DAG(s) dict_keys(['tutorial_dag']) retrieved from /home/airflow/.local/lib/python3.8/site-packages/airflow/example_dags/tutorial_dag.py
[2023-11-03T00:05:11.129+0000] {logging_mixin.py:151} INFO - [2023-11-03T00:05:11.129+0000] {dag.py:2941} INFO - Sync 1 DAGs
[2023-11-03T00:05:11.154+0000] {logging_mixin.py:151} INFO - [2023-11-03T00:05:11.154+0000] {dag.py:3722} INFO - Setting next_dagrun for tutorial_dag to None, run_after=None
[2023-11-03T00:05:11.182+0000] {processor.py:179} INFO - Processing /home/airflow/.local/lib/python3.8/site-packages/airflow/example_dags/tutorial_dag.py took 0.109 seconds
[2023-11-03T00:05:41.451+0000] {processor.py:157} INFO - Started process (PID=1816) to work on /home/airflow/.local/lib/python3.8/site-packages/airflow/example_dags/tutorial_dag.py
[2023-11-03T00:05:41.453+0000] {processor.py:829} INFO - Processing file /home/airflow/.local/lib/python3.8/site-packages/airflow/example_dags/tutorial_dag.py for tasks to queue
[2023-11-03T00:05:41.455+0000] {logging_mixin.py:151} INFO - [2023-11-03T00:05:41.454+0000] {dagbag.py:536} INFO - Filling up the DagBag from /home/airflow/.local/lib/python3.8/site-packages/airflow/example_dags/tutorial_dag.py
[2023-11-03T00:05:41.460+0000] {processor.py:839} INFO - DAG(s) dict_keys(['tutorial_dag']) retrieved from /home/airflow/.local/lib/python3.8/site-packages/airflow/example_dags/tutorial_dag.py
[2023-11-03T00:05:41.483+0000] {logging_mixin.py:151} INFO - [2023-11-03T00:05:41.483+0000] {dag.py:2941} INFO - Sync 1 DAGs
[2023-11-03T00:05:41.504+0000] {logging_mixin.py:151} INFO - [2023-11-03T00:05:41.503+0000] {dag.py:3722} INFO - Setting next_dagrun for tutorial_dag to None, run_after=None
[2023-11-03T00:05:41.536+0000] {processor.py:179} INFO - Processing /home/airflow/.local/lib/python3.8/site-packages/airflow/example_dags/tutorial_dag.py took 0.089 seconds
[2023-11-03T00:06:11.933+0000] {processor.py:157} INFO - Started process (PID=1870) to work on /home/airflow/.local/lib/python3.8/site-packages/airflow/example_dags/tutorial_dag.py
[2023-11-03T00:06:11.934+0000] {processor.py:829} INFO - Processing file /home/airflow/.local/lib/python3.8/site-packages/airflow/example_dags/tutorial_dag.py for tasks to queue
[2023-11-03T00:06:11.936+0000] {logging_mixin.py:151} INFO - [2023-11-03T00:06:11.936+0000] {dagbag.py:536} INFO - Filling up the DagBag from /home/airflow/.local/lib/python3.8/site-packages/airflow/example_dags/tutorial_dag.py
[2023-11-03T00:06:11.942+0000] {processor.py:839} INFO - DAG(s) dict_keys(['tutorial_dag']) retrieved from /home/airflow/.local/lib/python3.8/site-packages/airflow/example_dags/tutorial_dag.py
[2023-11-03T00:06:11.972+0000] {logging_mixin.py:151} INFO - [2023-11-03T00:06:11.972+0000] {dag.py:2941} INFO - Sync 1 DAGs
[2023-11-03T00:06:11.987+0000] {logging_mixin.py:151} INFO - [2023-11-03T00:06:11.987+0000] {dag.py:3722} INFO - Setting next_dagrun for tutorial_dag to None, run_after=None
[2023-11-03T00:06:12.018+0000] {processor.py:179} INFO - Processing /home/airflow/.local/lib/python3.8/site-packages/airflow/example_dags/tutorial_dag.py took 0.088 seconds
[2023-11-03T00:06:42.320+0000] {processor.py:157} INFO - Started process (PID=1925) to work on /home/airflow/.local/lib/python3.8/site-packages/airflow/example_dags/tutorial_dag.py
[2023-11-03T00:06:42.322+0000] {processor.py:829} INFO - Processing file /home/airflow/.local/lib/python3.8/site-packages/airflow/example_dags/tutorial_dag.py for tasks to queue
[2023-11-03T00:06:42.324+0000] {logging_mixin.py:151} INFO - [2023-11-03T00:06:42.323+0000] {dagbag.py:536} INFO - Filling up the DagBag from /home/airflow/.local/lib/python3.8/site-packages/airflow/example_dags/tutorial_dag.py
[2023-11-03T00:06:42.329+0000] {processor.py:839} INFO - DAG(s) dict_keys(['tutorial_dag']) retrieved from /home/airflow/.local/lib/python3.8/site-packages/airflow/example_dags/tutorial_dag.py
[2023-11-03T00:06:42.362+0000] {logging_mixin.py:151} INFO - [2023-11-03T00:06:42.362+0000] {dag.py:2941} INFO - Sync 1 DAGs
[2023-11-03T00:06:42.380+0000] {logging_mixin.py:151} INFO - [2023-11-03T00:06:42.380+0000] {dag.py:3722} INFO - Setting next_dagrun for tutorial_dag to None, run_after=None
[2023-11-03T00:06:42.412+0000] {processor.py:179} INFO - Processing /home/airflow/.local/lib/python3.8/site-packages/airflow/example_dags/tutorial_dag.py took 0.095 seconds
[2023-11-03T00:07:12.925+0000] {processor.py:157} INFO - Started process (PID=1979) to work on /home/airflow/.local/lib/python3.8/site-packages/airflow/example_dags/tutorial_dag.py
[2023-11-03T00:07:12.926+0000] {processor.py:829} INFO - Processing file /home/airflow/.local/lib/python3.8/site-packages/airflow/example_dags/tutorial_dag.py for tasks to queue
[2023-11-03T00:07:12.928+0000] {logging_mixin.py:151} INFO - [2023-11-03T00:07:12.928+0000] {dagbag.py:536} INFO - Filling up the DagBag from /home/airflow/.local/lib/python3.8/site-packages/airflow/example_dags/tutorial_dag.py
[2023-11-03T00:07:12.935+0000] {processor.py:839} INFO - DAG(s) dict_keys(['tutorial_dag']) retrieved from /home/airflow/.local/lib/python3.8/site-packages/airflow/example_dags/tutorial_dag.py
[2023-11-03T00:07:12.960+0000] {logging_mixin.py:151} INFO - [2023-11-03T00:07:12.960+0000] {dag.py:2941} INFO - Sync 1 DAGs
[2023-11-03T00:07:12.976+0000] {logging_mixin.py:151} INFO - [2023-11-03T00:07:12.975+0000] {dag.py:3722} INFO - Setting next_dagrun for tutorial_dag to None, run_after=None
[2023-11-03T00:07:13.002+0000] {processor.py:179} INFO - Processing /home/airflow/.local/lib/python3.8/site-packages/airflow/example_dags/tutorial_dag.py took 0.080 seconds
[2023-11-03T00:07:43.379+0000] {processor.py:157} INFO - Started process (PID=2033) to work on /home/airflow/.local/lib/python3.8/site-packages/airflow/example_dags/tutorial_dag.py
[2023-11-03T00:07:43.380+0000] {processor.py:829} INFO - Processing file /home/airflow/.local/lib/python3.8/site-packages/airflow/example_dags/tutorial_dag.py for tasks to queue
[2023-11-03T00:07:43.382+0000] {logging_mixin.py:151} INFO - [2023-11-03T00:07:43.382+0000] {dagbag.py:536} INFO - Filling up the DagBag from /home/airflow/.local/lib/python3.8/site-packages/airflow/example_dags/tutorial_dag.py
[2023-11-03T00:07:43.388+0000] {processor.py:839} INFO - DAG(s) dict_keys(['tutorial_dag']) retrieved from /home/airflow/.local/lib/python3.8/site-packages/airflow/example_dags/tutorial_dag.py
[2023-11-03T00:07:43.414+0000] {logging_mixin.py:151} INFO - [2023-11-03T00:07:43.414+0000] {dag.py:2941} INFO - Sync 1 DAGs
[2023-11-03T00:07:43.429+0000] {logging_mixin.py:151} INFO - [2023-11-03T00:07:43.429+0000] {dag.py:3722} INFO - Setting next_dagrun for tutorial_dag to None, run_after=None
[2023-11-03T00:07:43.459+0000] {processor.py:179} INFO - Processing /home/airflow/.local/lib/python3.8/site-packages/airflow/example_dags/tutorial_dag.py took 0.083 seconds
[2023-11-03T00:08:13.868+0000] {processor.py:157} INFO - Started process (PID=2087) to work on /home/airflow/.local/lib/python3.8/site-packages/airflow/example_dags/tutorial_dag.py
[2023-11-03T00:08:13.869+0000] {processor.py:829} INFO - Processing file /home/airflow/.local/lib/python3.8/site-packages/airflow/example_dags/tutorial_dag.py for tasks to queue
[2023-11-03T00:08:13.872+0000] {logging_mixin.py:151} INFO - [2023-11-03T00:08:13.872+0000] {dagbag.py:536} INFO - Filling up the DagBag from /home/airflow/.local/lib/python3.8/site-packages/airflow/example_dags/tutorial_dag.py
[2023-11-03T00:08:13.878+0000] {processor.py:839} INFO - DAG(s) dict_keys(['tutorial_dag']) retrieved from /home/airflow/.local/lib/python3.8/site-packages/airflow/example_dags/tutorial_dag.py
[2023-11-03T00:08:13.909+0000] {logging_mixin.py:151} INFO - [2023-11-03T00:08:13.909+0000] {dag.py:2941} INFO - Sync 1 DAGs
[2023-11-03T00:08:13.924+0000] {logging_mixin.py:151} INFO - [2023-11-03T00:08:13.924+0000] {dag.py:3722} INFO - Setting next_dagrun for tutorial_dag to None, run_after=None
[2023-11-03T00:08:13.956+0000] {processor.py:179} INFO - Processing /home/airflow/.local/lib/python3.8/site-packages/airflow/example_dags/tutorial_dag.py took 0.091 seconds
[2023-11-03T00:08:44.532+0000] {processor.py:157} INFO - Started process (PID=2141) to work on /home/airflow/.local/lib/python3.8/site-packages/airflow/example_dags/tutorial_dag.py
[2023-11-03T00:08:44.534+0000] {processor.py:829} INFO - Processing file /home/airflow/.local/lib/python3.8/site-packages/airflow/example_dags/tutorial_dag.py for tasks to queue
[2023-11-03T00:08:44.536+0000] {logging_mixin.py:151} INFO - [2023-11-03T00:08:44.536+0000] {dagbag.py:536} INFO - Filling up the DagBag from /home/airflow/.local/lib/python3.8/site-packages/airflow/example_dags/tutorial_dag.py
[2023-11-03T00:08:44.542+0000] {processor.py:839} INFO - DAG(s) dict_keys(['tutorial_dag']) retrieved from /home/airflow/.local/lib/python3.8/site-packages/airflow/example_dags/tutorial_dag.py
[2023-11-03T00:08:44.571+0000] {logging_mixin.py:151} INFO - [2023-11-03T00:08:44.571+0000] {dag.py:2941} INFO - Sync 1 DAGs
[2023-11-03T00:08:44.587+0000] {logging_mixin.py:151} INFO - [2023-11-03T00:08:44.587+0000] {dag.py:3722} INFO - Setting next_dagrun for tutorial_dag to None, run_after=None
[2023-11-03T00:08:44.628+0000] {processor.py:179} INFO - Processing /home/airflow/.local/lib/python3.8/site-packages/airflow/example_dags/tutorial_dag.py took 0.100 seconds
[2023-11-03T00:09:15.587+0000] {processor.py:157} INFO - Started process (PID=2195) to work on /home/airflow/.local/lib/python3.8/site-packages/airflow/example_dags/tutorial_dag.py
[2023-11-03T00:09:15.588+0000] {processor.py:829} INFO - Processing file /home/airflow/.local/lib/python3.8/site-packages/airflow/example_dags/tutorial_dag.py for tasks to queue
[2023-11-03T00:09:15.590+0000] {logging_mixin.py:151} INFO - [2023-11-03T00:09:15.590+0000] {dagbag.py:536} INFO - Filling up the DagBag from /home/airflow/.local/lib/python3.8/site-packages/airflow/example_dags/tutorial_dag.py
[2023-11-03T00:09:15.596+0000] {processor.py:839} INFO - DAG(s) dict_keys(['tutorial_dag']) retrieved from /home/airflow/.local/lib/python3.8/site-packages/airflow/example_dags/tutorial_dag.py
[2023-11-03T00:09:15.622+0000] {logging_mixin.py:151} INFO - [2023-11-03T00:09:15.622+0000] {dag.py:2941} INFO - Sync 1 DAGs
[2023-11-03T00:09:15.638+0000] {logging_mixin.py:151} INFO - [2023-11-03T00:09:15.637+0000] {dag.py:3722} INFO - Setting next_dagrun for tutorial_dag to None, run_after=None
[2023-11-03T00:09:15.672+0000] {processor.py:179} INFO - Processing /home/airflow/.local/lib/python3.8/site-packages/airflow/example_dags/tutorial_dag.py took 0.089 seconds
[2023-11-03T00:09:46.529+0000] {processor.py:157} INFO - Started process (PID=2249) to work on /home/airflow/.local/lib/python3.8/site-packages/airflow/example_dags/tutorial_dag.py
[2023-11-03T00:09:46.530+0000] {processor.py:829} INFO - Processing file /home/airflow/.local/lib/python3.8/site-packages/airflow/example_dags/tutorial_dag.py for tasks to queue
[2023-11-03T00:09:46.532+0000] {logging_mixin.py:151} INFO - [2023-11-03T00:09:46.532+0000] {dagbag.py:536} INFO - Filling up the DagBag from /home/airflow/.local/lib/python3.8/site-packages/airflow/example_dags/tutorial_dag.py
[2023-11-03T00:09:46.541+0000] {processor.py:839} INFO - DAG(s) dict_keys(['tutorial_dag']) retrieved from /home/airflow/.local/lib/python3.8/site-packages/airflow/example_dags/tutorial_dag.py
[2023-11-03T00:09:46.576+0000] {logging_mixin.py:151} INFO - [2023-11-03T00:09:46.575+0000] {dag.py:2941} INFO - Sync 1 DAGs
[2023-11-03T00:09:46.806+0000] {logging_mixin.py:151} INFO - [2023-11-03T00:09:46.806+0000] {dag.py:3722} INFO - Setting next_dagrun for tutorial_dag to None, run_after=None
[2023-11-03T00:09:46.840+0000] {processor.py:179} INFO - Processing /home/airflow/.local/lib/python3.8/site-packages/airflow/example_dags/tutorial_dag.py took 0.316 seconds
[2023-11-03T00:10:17.743+0000] {processor.py:157} INFO - Started process (PID=2303) to work on /home/airflow/.local/lib/python3.8/site-packages/airflow/example_dags/tutorial_dag.py
[2023-11-03T00:10:17.747+0000] {processor.py:829} INFO - Processing file /home/airflow/.local/lib/python3.8/site-packages/airflow/example_dags/tutorial_dag.py for tasks to queue
[2023-11-03T00:10:17.749+0000] {logging_mixin.py:151} INFO - [2023-11-03T00:10:17.749+0000] {dagbag.py:536} INFO - Filling up the DagBag from /home/airflow/.local/lib/python3.8/site-packages/airflow/example_dags/tutorial_dag.py
[2023-11-03T00:10:17.763+0000] {processor.py:839} INFO - DAG(s) dict_keys(['tutorial_dag']) retrieved from /home/airflow/.local/lib/python3.8/site-packages/airflow/example_dags/tutorial_dag.py
[2023-11-03T00:10:17.821+0000] {logging_mixin.py:151} INFO - [2023-11-03T00:10:17.820+0000] {dag.py:2941} INFO - Sync 1 DAGs
[2023-11-03T00:10:17.856+0000] {logging_mixin.py:151} INFO - [2023-11-03T00:10:17.856+0000] {dag.py:3722} INFO - Setting next_dagrun for tutorial_dag to None, run_after=None
[2023-11-03T00:10:17.908+0000] {processor.py:179} INFO - Processing /home/airflow/.local/lib/python3.8/site-packages/airflow/example_dags/tutorial_dag.py took 0.176 seconds
[2023-11-03T00:10:48.085+0000] {processor.py:157} INFO - Started process (PID=2357) to work on /home/airflow/.local/lib/python3.8/site-packages/airflow/example_dags/tutorial_dag.py
[2023-11-03T00:10:48.087+0000] {processor.py:829} INFO - Processing file /home/airflow/.local/lib/python3.8/site-packages/airflow/example_dags/tutorial_dag.py for tasks to queue
[2023-11-03T00:10:48.090+0000] {logging_mixin.py:151} INFO - [2023-11-03T00:10:48.090+0000] {dagbag.py:536} INFO - Filling up the DagBag from /home/airflow/.local/lib/python3.8/site-packages/airflow/example_dags/tutorial_dag.py
[2023-11-03T00:10:48.098+0000] {processor.py:839} INFO - DAG(s) dict_keys(['tutorial_dag']) retrieved from /home/airflow/.local/lib/python3.8/site-packages/airflow/example_dags/tutorial_dag.py
[2023-11-03T00:10:48.129+0000] {logging_mixin.py:151} INFO - [2023-11-03T00:10:48.129+0000] {dag.py:2941} INFO - Sync 1 DAGs
[2023-11-03T00:10:48.145+0000] {logging_mixin.py:151} INFO - [2023-11-03T00:10:48.144+0000] {dag.py:3722} INFO - Setting next_dagrun for tutorial_dag to None, run_after=None
[2023-11-03T00:10:48.184+0000] {processor.py:179} INFO - Processing /home/airflow/.local/lib/python3.8/site-packages/airflow/example_dags/tutorial_dag.py took 0.104 seconds
[2023-11-03T00:11:18.923+0000] {processor.py:157} INFO - Started process (PID=2418) to work on /home/airflow/.local/lib/python3.8/site-packages/airflow/example_dags/tutorial_dag.py
[2023-11-03T00:11:18.925+0000] {processor.py:829} INFO - Processing file /home/airflow/.local/lib/python3.8/site-packages/airflow/example_dags/tutorial_dag.py for tasks to queue
[2023-11-03T00:11:18.927+0000] {logging_mixin.py:151} INFO - [2023-11-03T00:11:18.927+0000] {dagbag.py:536} INFO - Filling up the DagBag from /home/airflow/.local/lib/python3.8/site-packages/airflow/example_dags/tutorial_dag.py
[2023-11-03T00:11:18.937+0000] {processor.py:839} INFO - DAG(s) dict_keys(['tutorial_dag']) retrieved from /home/airflow/.local/lib/python3.8/site-packages/airflow/example_dags/tutorial_dag.py
[2023-11-03T00:11:18.975+0000] {logging_mixin.py:151} INFO - [2023-11-03T00:11:18.973+0000] {dag.py:2941} INFO - Sync 1 DAGs
[2023-11-03T00:11:18.993+0000] {logging_mixin.py:151} INFO - [2023-11-03T00:11:18.993+0000] {dag.py:3722} INFO - Setting next_dagrun for tutorial_dag to None, run_after=None
[2023-11-03T00:11:19.025+0000] {processor.py:179} INFO - Processing /home/airflow/.local/lib/python3.8/site-packages/airflow/example_dags/tutorial_dag.py took 0.108 seconds
[2023-11-03T00:11:49.986+0000] {processor.py:157} INFO - Started process (PID=2472) to work on /home/airflow/.local/lib/python3.8/site-packages/airflow/example_dags/tutorial_dag.py
[2023-11-03T00:11:49.988+0000] {processor.py:829} INFO - Processing file /home/airflow/.local/lib/python3.8/site-packages/airflow/example_dags/tutorial_dag.py for tasks to queue
[2023-11-03T00:11:49.990+0000] {logging_mixin.py:151} INFO - [2023-11-03T00:11:49.990+0000] {dagbag.py:536} INFO - Filling up the DagBag from /home/airflow/.local/lib/python3.8/site-packages/airflow/example_dags/tutorial_dag.py
[2023-11-03T00:11:49.996+0000] {processor.py:839} INFO - DAG(s) dict_keys(['tutorial_dag']) retrieved from /home/airflow/.local/lib/python3.8/site-packages/airflow/example_dags/tutorial_dag.py
[2023-11-03T00:11:50.020+0000] {logging_mixin.py:151} INFO - [2023-11-03T00:11:50.019+0000] {dag.py:2941} INFO - Sync 1 DAGs
[2023-11-03T00:11:50.182+0000] {logging_mixin.py:151} INFO - [2023-11-03T00:11:50.182+0000] {dag.py:3722} INFO - Setting next_dagrun for tutorial_dag to None, run_after=None
[2023-11-03T00:11:50.213+0000] {processor.py:179} INFO - Processing /home/airflow/.local/lib/python3.8/site-packages/airflow/example_dags/tutorial_dag.py took 0.230 seconds
[2023-11-03T00:12:20.420+0000] {processor.py:157} INFO - Started process (PID=2527) to work on /home/airflow/.local/lib/python3.8/site-packages/airflow/example_dags/tutorial_dag.py
[2023-11-03T00:12:20.422+0000] {processor.py:829} INFO - Processing file /home/airflow/.local/lib/python3.8/site-packages/airflow/example_dags/tutorial_dag.py for tasks to queue
[2023-11-03T00:12:20.424+0000] {logging_mixin.py:151} INFO - [2023-11-03T00:12:20.424+0000] {dagbag.py:536} INFO - Filling up the DagBag from /home/airflow/.local/lib/python3.8/site-packages/airflow/example_dags/tutorial_dag.py
[2023-11-03T00:12:20.430+0000] {processor.py:839} INFO - DAG(s) dict_keys(['tutorial_dag']) retrieved from /home/airflow/.local/lib/python3.8/site-packages/airflow/example_dags/tutorial_dag.py
[2023-11-03T00:12:20.458+0000] {logging_mixin.py:151} INFO - [2023-11-03T00:12:20.457+0000] {dag.py:2941} INFO - Sync 1 DAGs
[2023-11-03T00:12:20.473+0000] {logging_mixin.py:151} INFO - [2023-11-03T00:12:20.473+0000] {dag.py:3722} INFO - Setting next_dagrun for tutorial_dag to None, run_after=None
[2023-11-03T00:12:20.505+0000] {processor.py:179} INFO - Processing /home/airflow/.local/lib/python3.8/site-packages/airflow/example_dags/tutorial_dag.py took 0.088 seconds
[2023-11-03T00:12:50.548+0000] {processor.py:157} INFO - Started process (PID=2581) to work on /home/airflow/.local/lib/python3.8/site-packages/airflow/example_dags/tutorial_dag.py
[2023-11-03T00:12:50.548+0000] {processor.py:829} INFO - Processing file /home/airflow/.local/lib/python3.8/site-packages/airflow/example_dags/tutorial_dag.py for tasks to queue
[2023-11-03T00:12:50.550+0000] {logging_mixin.py:151} INFO - [2023-11-03T00:12:50.550+0000] {dagbag.py:536} INFO - Filling up the DagBag from /home/airflow/.local/lib/python3.8/site-packages/airflow/example_dags/tutorial_dag.py
[2023-11-03T00:12:50.558+0000] {processor.py:839} INFO - DAG(s) dict_keys(['tutorial_dag']) retrieved from /home/airflow/.local/lib/python3.8/site-packages/airflow/example_dags/tutorial_dag.py
[2023-11-03T00:12:50.585+0000] {logging_mixin.py:151} INFO - [2023-11-03T00:12:50.584+0000] {dag.py:2941} INFO - Sync 1 DAGs
[2023-11-03T00:12:50.600+0000] {logging_mixin.py:151} INFO - [2023-11-03T00:12:50.600+0000] {dag.py:3722} INFO - Setting next_dagrun for tutorial_dag to None, run_after=None
[2023-11-03T00:12:50.629+0000] {processor.py:179} INFO - Processing /home/airflow/.local/lib/python3.8/site-packages/airflow/example_dags/tutorial_dag.py took 0.085 seconds
[2023-11-03T00:13:21.404+0000] {processor.py:157} INFO - Started process (PID=2635) to work on /home/airflow/.local/lib/python3.8/site-packages/airflow/example_dags/tutorial_dag.py
[2023-11-03T00:13:21.405+0000] {processor.py:829} INFO - Processing file /home/airflow/.local/lib/python3.8/site-packages/airflow/example_dags/tutorial_dag.py for tasks to queue
[2023-11-03T00:13:21.408+0000] {logging_mixin.py:151} INFO - [2023-11-03T00:13:21.408+0000] {dagbag.py:536} INFO - Filling up the DagBag from /home/airflow/.local/lib/python3.8/site-packages/airflow/example_dags/tutorial_dag.py
[2023-11-03T00:13:21.416+0000] {processor.py:839} INFO - DAG(s) dict_keys(['tutorial_dag']) retrieved from /home/airflow/.local/lib/python3.8/site-packages/airflow/example_dags/tutorial_dag.py
[2023-11-03T00:13:21.456+0000] {logging_mixin.py:151} INFO - [2023-11-03T00:13:21.455+0000] {dag.py:2941} INFO - Sync 1 DAGs
[2023-11-03T00:13:21.728+0000] {logging_mixin.py:151} INFO - [2023-11-03T00:13:21.728+0000] {dag.py:3722} INFO - Setting next_dagrun for tutorial_dag to None, run_after=None
[2023-11-03T00:13:21.770+0000] {processor.py:179} INFO - Processing /home/airflow/.local/lib/python3.8/site-packages/airflow/example_dags/tutorial_dag.py took 0.371 seconds
[2023-11-03T00:13:52.566+0000] {processor.py:157} INFO - Started process (PID=2689) to work on /home/airflow/.local/lib/python3.8/site-packages/airflow/example_dags/tutorial_dag.py
[2023-11-03T00:13:52.567+0000] {processor.py:829} INFO - Processing file /home/airflow/.local/lib/python3.8/site-packages/airflow/example_dags/tutorial_dag.py for tasks to queue
[2023-11-03T00:13:52.569+0000] {logging_mixin.py:151} INFO - [2023-11-03T00:13:52.569+0000] {dagbag.py:536} INFO - Filling up the DagBag from /home/airflow/.local/lib/python3.8/site-packages/airflow/example_dags/tutorial_dag.py
[2023-11-03T00:13:52.575+0000] {processor.py:839} INFO - DAG(s) dict_keys(['tutorial_dag']) retrieved from /home/airflow/.local/lib/python3.8/site-packages/airflow/example_dags/tutorial_dag.py
[2023-11-03T00:13:52.606+0000] {logging_mixin.py:151} INFO - [2023-11-03T00:13:52.606+0000] {dag.py:2941} INFO - Sync 1 DAGs
[2023-11-03T00:13:52.621+0000] {logging_mixin.py:151} INFO - [2023-11-03T00:13:52.620+0000] {dag.py:3722} INFO - Setting next_dagrun for tutorial_dag to None, run_after=None
[2023-11-03T00:13:52.653+0000] {processor.py:179} INFO - Processing /home/airflow/.local/lib/python3.8/site-packages/airflow/example_dags/tutorial_dag.py took 0.090 seconds
[2023-11-03T00:14:23.205+0000] {processor.py:157} INFO - Started process (PID=2743) to work on /home/airflow/.local/lib/python3.8/site-packages/airflow/example_dags/tutorial_dag.py
[2023-11-03T00:14:23.207+0000] {processor.py:829} INFO - Processing file /home/airflow/.local/lib/python3.8/site-packages/airflow/example_dags/tutorial_dag.py for tasks to queue
[2023-11-03T00:14:23.210+0000] {logging_mixin.py:151} INFO - [2023-11-03T00:14:23.209+0000] {dagbag.py:536} INFO - Filling up the DagBag from /home/airflow/.local/lib/python3.8/site-packages/airflow/example_dags/tutorial_dag.py
[2023-11-03T00:14:23.217+0000] {processor.py:839} INFO - DAG(s) dict_keys(['tutorial_dag']) retrieved from /home/airflow/.local/lib/python3.8/site-packages/airflow/example_dags/tutorial_dag.py
[2023-11-03T00:14:23.241+0000] {logging_mixin.py:151} INFO - [2023-11-03T00:14:23.241+0000] {dag.py:2941} INFO - Sync 1 DAGs
[2023-11-03T00:14:23.257+0000] {logging_mixin.py:151} INFO - [2023-11-03T00:14:23.257+0000] {dag.py:3722} INFO - Setting next_dagrun for tutorial_dag to None, run_after=None
[2023-11-03T00:14:23.284+0000] {processor.py:179} INFO - Processing /home/airflow/.local/lib/python3.8/site-packages/airflow/example_dags/tutorial_dag.py took 0.082 seconds
[2023-11-03T00:14:53.410+0000] {processor.py:157} INFO - Started process (PID=2797) to work on /home/airflow/.local/lib/python3.8/site-packages/airflow/example_dags/tutorial_dag.py
[2023-11-03T00:14:53.411+0000] {processor.py:829} INFO - Processing file /home/airflow/.local/lib/python3.8/site-packages/airflow/example_dags/tutorial_dag.py for tasks to queue
[2023-11-03T00:14:53.413+0000] {logging_mixin.py:151} INFO - [2023-11-03T00:14:53.413+0000] {dagbag.py:536} INFO - Filling up the DagBag from /home/airflow/.local/lib/python3.8/site-packages/airflow/example_dags/tutorial_dag.py
[2023-11-03T00:14:53.419+0000] {processor.py:839} INFO - DAG(s) dict_keys(['tutorial_dag']) retrieved from /home/airflow/.local/lib/python3.8/site-packages/airflow/example_dags/tutorial_dag.py
[2023-11-03T00:14:53.444+0000] {logging_mixin.py:151} INFO - [2023-11-03T00:14:53.444+0000] {dag.py:2941} INFO - Sync 1 DAGs
[2023-11-03T00:14:53.458+0000] {logging_mixin.py:151} INFO - [2023-11-03T00:14:53.457+0000] {dag.py:3722} INFO - Setting next_dagrun for tutorial_dag to None, run_after=None
[2023-11-03T00:14:53.492+0000] {processor.py:179} INFO - Processing /home/airflow/.local/lib/python3.8/site-packages/airflow/example_dags/tutorial_dag.py took 0.084 seconds
[2023-11-03T00:15:23.773+0000] {processor.py:157} INFO - Started process (PID=2851) to work on /home/airflow/.local/lib/python3.8/site-packages/airflow/example_dags/tutorial_dag.py
[2023-11-03T00:15:23.775+0000] {processor.py:829} INFO - Processing file /home/airflow/.local/lib/python3.8/site-packages/airflow/example_dags/tutorial_dag.py for tasks to queue
[2023-11-03T00:15:23.777+0000] {logging_mixin.py:151} INFO - [2023-11-03T00:15:23.776+0000] {dagbag.py:536} INFO - Filling up the DagBag from /home/airflow/.local/lib/python3.8/site-packages/airflow/example_dags/tutorial_dag.py
[2023-11-03T00:15:23.783+0000] {processor.py:839} INFO - DAG(s) dict_keys(['tutorial_dag']) retrieved from /home/airflow/.local/lib/python3.8/site-packages/airflow/example_dags/tutorial_dag.py
[2023-11-03T00:15:23.808+0000] {logging_mixin.py:151} INFO - [2023-11-03T00:15:23.808+0000] {dag.py:2941} INFO - Sync 1 DAGs
[2023-11-03T00:15:23.823+0000] {logging_mixin.py:151} INFO - [2023-11-03T00:15:23.823+0000] {dag.py:3722} INFO - Setting next_dagrun for tutorial_dag to None, run_after=None
[2023-11-03T00:15:23.850+0000] {processor.py:179} INFO - Processing /home/airflow/.local/lib/python3.8/site-packages/airflow/example_dags/tutorial_dag.py took 0.080 seconds
[2023-11-03T00:15:53.978+0000] {processor.py:157} INFO - Started process (PID=2905) to work on /home/airflow/.local/lib/python3.8/site-packages/airflow/example_dags/tutorial_dag.py
[2023-11-03T00:15:53.979+0000] {processor.py:829} INFO - Processing file /home/airflow/.local/lib/python3.8/site-packages/airflow/example_dags/tutorial_dag.py for tasks to queue
[2023-11-03T00:15:53.981+0000] {logging_mixin.py:151} INFO - [2023-11-03T00:15:53.981+0000] {dagbag.py:536} INFO - Filling up the DagBag from /home/airflow/.local/lib/python3.8/site-packages/airflow/example_dags/tutorial_dag.py
[2023-11-03T00:15:53.986+0000] {processor.py:839} INFO - DAG(s) dict_keys(['tutorial_dag']) retrieved from /home/airflow/.local/lib/python3.8/site-packages/airflow/example_dags/tutorial_dag.py
[2023-11-03T00:15:54.008+0000] {logging_mixin.py:151} INFO - [2023-11-03T00:15:54.008+0000] {dag.py:2941} INFO - Sync 1 DAGs
[2023-11-03T00:15:54.022+0000] {logging_mixin.py:151} INFO - [2023-11-03T00:15:54.021+0000] {dag.py:3722} INFO - Setting next_dagrun for tutorial_dag to None, run_after=None
[2023-11-03T00:15:54.050+0000] {processor.py:179} INFO - Processing /home/airflow/.local/lib/python3.8/site-packages/airflow/example_dags/tutorial_dag.py took 0.075 seconds
[2023-11-03T00:16:24.137+0000] {processor.py:157} INFO - Started process (PID=2959) to work on /home/airflow/.local/lib/python3.8/site-packages/airflow/example_dags/tutorial_dag.py
[2023-11-03T00:16:24.139+0000] {processor.py:829} INFO - Processing file /home/airflow/.local/lib/python3.8/site-packages/airflow/example_dags/tutorial_dag.py for tasks to queue
[2023-11-03T00:16:24.141+0000] {logging_mixin.py:151} INFO - [2023-11-03T00:16:24.140+0000] {dagbag.py:536} INFO - Filling up the DagBag from /home/airflow/.local/lib/python3.8/site-packages/airflow/example_dags/tutorial_dag.py
[2023-11-03T00:16:24.147+0000] {processor.py:839} INFO - DAG(s) dict_keys(['tutorial_dag']) retrieved from /home/airflow/.local/lib/python3.8/site-packages/airflow/example_dags/tutorial_dag.py
[2023-11-03T00:16:24.172+0000] {logging_mixin.py:151} INFO - [2023-11-03T00:16:24.172+0000] {dag.py:2941} INFO - Sync 1 DAGs
[2023-11-03T00:16:24.188+0000] {logging_mixin.py:151} INFO - [2023-11-03T00:16:24.188+0000] {dag.py:3722} INFO - Setting next_dagrun for tutorial_dag to None, run_after=None
[2023-11-03T00:16:24.215+0000] {processor.py:179} INFO - Processing /home/airflow/.local/lib/python3.8/site-packages/airflow/example_dags/tutorial_dag.py took 0.081 seconds
[2023-11-03T00:16:54.457+0000] {processor.py:157} INFO - Started process (PID=3013) to work on /home/airflow/.local/lib/python3.8/site-packages/airflow/example_dags/tutorial_dag.py
[2023-11-03T00:16:54.458+0000] {processor.py:829} INFO - Processing file /home/airflow/.local/lib/python3.8/site-packages/airflow/example_dags/tutorial_dag.py for tasks to queue
[2023-11-03T00:16:54.460+0000] {logging_mixin.py:151} INFO - [2023-11-03T00:16:54.460+0000] {dagbag.py:536} INFO - Filling up the DagBag from /home/airflow/.local/lib/python3.8/site-packages/airflow/example_dags/tutorial_dag.py
[2023-11-03T00:16:54.466+0000] {processor.py:839} INFO - DAG(s) dict_keys(['tutorial_dag']) retrieved from /home/airflow/.local/lib/python3.8/site-packages/airflow/example_dags/tutorial_dag.py
[2023-11-03T00:16:54.487+0000] {logging_mixin.py:151} INFO - [2023-11-03T00:16:54.486+0000] {dag.py:2941} INFO - Sync 1 DAGs
[2023-11-03T00:16:54.500+0000] {logging_mixin.py:151} INFO - [2023-11-03T00:16:54.499+0000] {dag.py:3722} INFO - Setting next_dagrun for tutorial_dag to None, run_after=None
[2023-11-03T00:16:54.522+0000] {processor.py:179} INFO - Processing /home/airflow/.local/lib/python3.8/site-packages/airflow/example_dags/tutorial_dag.py took 0.068 seconds
[2023-11-03T00:17:24.687+0000] {processor.py:157} INFO - Started process (PID=3067) to work on /home/airflow/.local/lib/python3.8/site-packages/airflow/example_dags/tutorial_dag.py
[2023-11-03T00:17:24.688+0000] {processor.py:829} INFO - Processing file /home/airflow/.local/lib/python3.8/site-packages/airflow/example_dags/tutorial_dag.py for tasks to queue
[2023-11-03T00:17:24.690+0000] {logging_mixin.py:151} INFO - [2023-11-03T00:17:24.690+0000] {dagbag.py:536} INFO - Filling up the DagBag from /home/airflow/.local/lib/python3.8/site-packages/airflow/example_dags/tutorial_dag.py
[2023-11-03T00:17:24.698+0000] {processor.py:839} INFO - DAG(s) dict_keys(['tutorial_dag']) retrieved from /home/airflow/.local/lib/python3.8/site-packages/airflow/example_dags/tutorial_dag.py
[2023-11-03T00:17:24.731+0000] {logging_mixin.py:151} INFO - [2023-11-03T00:17:24.731+0000] {dag.py:2941} INFO - Sync 1 DAGs
[2023-11-03T00:17:24.747+0000] {logging_mixin.py:151} INFO - [2023-11-03T00:17:24.747+0000] {dag.py:3722} INFO - Setting next_dagrun for tutorial_dag to None, run_after=None
[2023-11-03T00:17:24.775+0000] {processor.py:179} INFO - Processing /home/airflow/.local/lib/python3.8/site-packages/airflow/example_dags/tutorial_dag.py took 0.094 seconds
[2023-11-03T00:17:55.187+0000] {processor.py:157} INFO - Started process (PID=3121) to work on /home/airflow/.local/lib/python3.8/site-packages/airflow/example_dags/tutorial_dag.py
[2023-11-03T00:17:55.192+0000] {processor.py:829} INFO - Processing file /home/airflow/.local/lib/python3.8/site-packages/airflow/example_dags/tutorial_dag.py for tasks to queue
[2023-11-03T00:17:55.200+0000] {logging_mixin.py:151} INFO - [2023-11-03T00:17:55.199+0000] {dagbag.py:536} INFO - Filling up the DagBag from /home/airflow/.local/lib/python3.8/site-packages/airflow/example_dags/tutorial_dag.py
[2023-11-03T00:17:55.218+0000] {processor.py:839} INFO - DAG(s) dict_keys(['tutorial_dag']) retrieved from /home/airflow/.local/lib/python3.8/site-packages/airflow/example_dags/tutorial_dag.py
[2023-11-03T00:17:55.284+0000] {logging_mixin.py:151} INFO - [2023-11-03T00:17:55.284+0000] {dag.py:2941} INFO - Sync 1 DAGs
[2023-11-03T00:17:55.306+0000] {logging_mixin.py:151} INFO - [2023-11-03T00:17:55.306+0000] {dag.py:3722} INFO - Setting next_dagrun for tutorial_dag to None, run_after=None
[2023-11-03T00:17:55.350+0000] {processor.py:179} INFO - Processing /home/airflow/.local/lib/python3.8/site-packages/airflow/example_dags/tutorial_dag.py took 0.169 seconds
[2023-11-03T00:18:26.064+0000] {processor.py:157} INFO - Started process (PID=3175) to work on /home/airflow/.local/lib/python3.8/site-packages/airflow/example_dags/tutorial_dag.py
[2023-11-03T00:18:26.066+0000] {processor.py:829} INFO - Processing file /home/airflow/.local/lib/python3.8/site-packages/airflow/example_dags/tutorial_dag.py for tasks to queue
[2023-11-03T00:18:26.069+0000] {logging_mixin.py:151} INFO - [2023-11-03T00:18:26.068+0000] {dagbag.py:536} INFO - Filling up the DagBag from /home/airflow/.local/lib/python3.8/site-packages/airflow/example_dags/tutorial_dag.py
[2023-11-03T00:18:26.076+0000] {processor.py:839} INFO - DAG(s) dict_keys(['tutorial_dag']) retrieved from /home/airflow/.local/lib/python3.8/site-packages/airflow/example_dags/tutorial_dag.py
[2023-11-03T00:18:26.106+0000] {logging_mixin.py:151} INFO - [2023-11-03T00:18:26.105+0000] {dag.py:2941} INFO - Sync 1 DAGs
[2023-11-03T00:18:26.121+0000] {logging_mixin.py:151} INFO - [2023-11-03T00:18:26.121+0000] {dag.py:3722} INFO - Setting next_dagrun for tutorial_dag to None, run_after=None
[2023-11-03T00:18:26.154+0000] {processor.py:179} INFO - Processing /home/airflow/.local/lib/python3.8/site-packages/airflow/example_dags/tutorial_dag.py took 0.093 seconds
[2023-11-03T00:18:56.277+0000] {processor.py:157} INFO - Started process (PID=3229) to work on /home/airflow/.local/lib/python3.8/site-packages/airflow/example_dags/tutorial_dag.py
[2023-11-03T00:18:56.279+0000] {processor.py:829} INFO - Processing file /home/airflow/.local/lib/python3.8/site-packages/airflow/example_dags/tutorial_dag.py for tasks to queue
[2023-11-03T00:18:56.281+0000] {logging_mixin.py:151} INFO - [2023-11-03T00:18:56.281+0000] {dagbag.py:536} INFO - Filling up the DagBag from /home/airflow/.local/lib/python3.8/site-packages/airflow/example_dags/tutorial_dag.py
[2023-11-03T00:18:56.288+0000] {processor.py:839} INFO - DAG(s) dict_keys(['tutorial_dag']) retrieved from /home/airflow/.local/lib/python3.8/site-packages/airflow/example_dags/tutorial_dag.py
[2023-11-03T00:18:56.313+0000] {logging_mixin.py:151} INFO - [2023-11-03T00:18:56.312+0000] {dag.py:2941} INFO - Sync 1 DAGs
[2023-11-03T00:18:56.327+0000] {logging_mixin.py:151} INFO - [2023-11-03T00:18:56.327+0000] {dag.py:3722} INFO - Setting next_dagrun for tutorial_dag to None, run_after=None
[2023-11-03T00:18:56.356+0000] {processor.py:179} INFO - Processing /home/airflow/.local/lib/python3.8/site-packages/airflow/example_dags/tutorial_dag.py took 0.083 seconds
[2023-11-03T00:19:26.859+0000] {processor.py:157} INFO - Started process (PID=3283) to work on /home/airflow/.local/lib/python3.8/site-packages/airflow/example_dags/tutorial_dag.py
[2023-11-03T00:19:26.860+0000] {processor.py:829} INFO - Processing file /home/airflow/.local/lib/python3.8/site-packages/airflow/example_dags/tutorial_dag.py for tasks to queue
[2023-11-03T00:19:26.862+0000] {logging_mixin.py:151} INFO - [2023-11-03T00:19:26.862+0000] {dagbag.py:536} INFO - Filling up the DagBag from /home/airflow/.local/lib/python3.8/site-packages/airflow/example_dags/tutorial_dag.py
[2023-11-03T00:19:26.869+0000] {processor.py:839} INFO - DAG(s) dict_keys(['tutorial_dag']) retrieved from /home/airflow/.local/lib/python3.8/site-packages/airflow/example_dags/tutorial_dag.py
[2023-11-03T00:19:26.896+0000] {logging_mixin.py:151} INFO - [2023-11-03T00:19:26.896+0000] {dag.py:2941} INFO - Sync 1 DAGs
[2023-11-03T00:19:26.915+0000] {logging_mixin.py:151} INFO - [2023-11-03T00:19:26.914+0000] {dag.py:3722} INFO - Setting next_dagrun for tutorial_dag to None, run_after=None
[2023-11-03T00:19:26.943+0000] {processor.py:179} INFO - Processing /home/airflow/.local/lib/python3.8/site-packages/airflow/example_dags/tutorial_dag.py took 0.088 seconds
[2023-11-03T00:19:57.143+0000] {processor.py:157} INFO - Started process (PID=3337) to work on /home/airflow/.local/lib/python3.8/site-packages/airflow/example_dags/tutorial_dag.py
[2023-11-03T00:19:57.146+0000] {processor.py:829} INFO - Processing file /home/airflow/.local/lib/python3.8/site-packages/airflow/example_dags/tutorial_dag.py for tasks to queue
[2023-11-03T00:19:57.148+0000] {logging_mixin.py:151} INFO - [2023-11-03T00:19:57.147+0000] {dagbag.py:536} INFO - Filling up the DagBag from /home/airflow/.local/lib/python3.8/site-packages/airflow/example_dags/tutorial_dag.py
[2023-11-03T00:19:57.154+0000] {processor.py:839} INFO - DAG(s) dict_keys(['tutorial_dag']) retrieved from /home/airflow/.local/lib/python3.8/site-packages/airflow/example_dags/tutorial_dag.py
[2023-11-03T00:19:57.186+0000] {logging_mixin.py:151} INFO - [2023-11-03T00:19:57.185+0000] {dag.py:2941} INFO - Sync 1 DAGs
[2023-11-03T00:19:57.202+0000] {logging_mixin.py:151} INFO - [2023-11-03T00:19:57.201+0000] {dag.py:3722} INFO - Setting next_dagrun for tutorial_dag to None, run_after=None
[2023-11-03T00:19:57.240+0000] {processor.py:179} INFO - Processing /home/airflow/.local/lib/python3.8/site-packages/airflow/example_dags/tutorial_dag.py took 0.100 seconds
[2023-11-03T00:20:27.448+0000] {processor.py:157} INFO - Started process (PID=3391) to work on /home/airflow/.local/lib/python3.8/site-packages/airflow/example_dags/tutorial_dag.py
[2023-11-03T00:20:27.449+0000] {processor.py:829} INFO - Processing file /home/airflow/.local/lib/python3.8/site-packages/airflow/example_dags/tutorial_dag.py for tasks to queue
[2023-11-03T00:20:27.451+0000] {logging_mixin.py:151} INFO - [2023-11-03T00:20:27.451+0000] {dagbag.py:536} INFO - Filling up the DagBag from /home/airflow/.local/lib/python3.8/site-packages/airflow/example_dags/tutorial_dag.py
[2023-11-03T00:20:27.458+0000] {processor.py:839} INFO - DAG(s) dict_keys(['tutorial_dag']) retrieved from /home/airflow/.local/lib/python3.8/site-packages/airflow/example_dags/tutorial_dag.py
[2023-11-03T00:20:27.508+0000] {logging_mixin.py:151} INFO - [2023-11-03T00:20:27.507+0000] {dag.py:2941} INFO - Sync 1 DAGs
[2023-11-03T00:20:27.522+0000] {logging_mixin.py:151} INFO - [2023-11-03T00:20:27.522+0000] {dag.py:3722} INFO - Setting next_dagrun for tutorial_dag to None, run_after=None
[2023-11-03T00:20:27.551+0000] {processor.py:179} INFO - Processing /home/airflow/.local/lib/python3.8/site-packages/airflow/example_dags/tutorial_dag.py took 0.107 seconds
[2023-11-03T00:20:57.717+0000] {processor.py:157} INFO - Started process (PID=3445) to work on /home/airflow/.local/lib/python3.8/site-packages/airflow/example_dags/tutorial_dag.py
[2023-11-03T00:20:57.718+0000] {processor.py:829} INFO - Processing file /home/airflow/.local/lib/python3.8/site-packages/airflow/example_dags/tutorial_dag.py for tasks to queue
[2023-11-03T00:20:57.720+0000] {logging_mixin.py:151} INFO - [2023-11-03T00:20:57.720+0000] {dagbag.py:536} INFO - Filling up the DagBag from /home/airflow/.local/lib/python3.8/site-packages/airflow/example_dags/tutorial_dag.py
[2023-11-03T00:20:57.726+0000] {processor.py:839} INFO - DAG(s) dict_keys(['tutorial_dag']) retrieved from /home/airflow/.local/lib/python3.8/site-packages/airflow/example_dags/tutorial_dag.py
[2023-11-03T00:20:57.753+0000] {logging_mixin.py:151} INFO - [2023-11-03T00:20:57.753+0000] {dag.py:2941} INFO - Sync 1 DAGs
[2023-11-03T00:20:57.768+0000] {logging_mixin.py:151} INFO - [2023-11-03T00:20:57.768+0000] {dag.py:3722} INFO - Setting next_dagrun for tutorial_dag to None, run_after=None
[2023-11-03T00:20:57.797+0000] {processor.py:179} INFO - Processing /home/airflow/.local/lib/python3.8/site-packages/airflow/example_dags/tutorial_dag.py took 0.084 seconds
[2023-11-03T00:21:27.977+0000] {processor.py:157} INFO - Started process (PID=3499) to work on /home/airflow/.local/lib/python3.8/site-packages/airflow/example_dags/tutorial_dag.py
[2023-11-03T00:21:27.979+0000] {processor.py:829} INFO - Processing file /home/airflow/.local/lib/python3.8/site-packages/airflow/example_dags/tutorial_dag.py for tasks to queue
[2023-11-03T00:21:27.981+0000] {logging_mixin.py:151} INFO - [2023-11-03T00:21:27.981+0000] {dagbag.py:536} INFO - Filling up the DagBag from /home/airflow/.local/lib/python3.8/site-packages/airflow/example_dags/tutorial_dag.py
[2023-11-03T00:21:27.988+0000] {processor.py:839} INFO - DAG(s) dict_keys(['tutorial_dag']) retrieved from /home/airflow/.local/lib/python3.8/site-packages/airflow/example_dags/tutorial_dag.py
[2023-11-03T00:21:28.018+0000] {logging_mixin.py:151} INFO - [2023-11-03T00:21:28.018+0000] {dag.py:2941} INFO - Sync 1 DAGs
[2023-11-03T00:21:28.031+0000] {logging_mixin.py:151} INFO - [2023-11-03T00:21:28.031+0000] {dag.py:3722} INFO - Setting next_dagrun for tutorial_dag to None, run_after=None
[2023-11-03T00:21:28.059+0000] {processor.py:179} INFO - Processing /home/airflow/.local/lib/python3.8/site-packages/airflow/example_dags/tutorial_dag.py took 0.085 seconds
[2023-11-03T00:21:58.344+0000] {processor.py:157} INFO - Started process (PID=3553) to work on /home/airflow/.local/lib/python3.8/site-packages/airflow/example_dags/tutorial_dag.py
[2023-11-03T00:21:58.345+0000] {processor.py:829} INFO - Processing file /home/airflow/.local/lib/python3.8/site-packages/airflow/example_dags/tutorial_dag.py for tasks to queue
[2023-11-03T00:21:58.348+0000] {logging_mixin.py:151} INFO - [2023-11-03T00:21:58.347+0000] {dagbag.py:536} INFO - Filling up the DagBag from /home/airflow/.local/lib/python3.8/site-packages/airflow/example_dags/tutorial_dag.py
[2023-11-03T00:21:58.354+0000] {processor.py:839} INFO - DAG(s) dict_keys(['tutorial_dag']) retrieved from /home/airflow/.local/lib/python3.8/site-packages/airflow/example_dags/tutorial_dag.py
[2023-11-03T00:21:58.386+0000] {logging_mixin.py:151} INFO - [2023-11-03T00:21:58.385+0000] {dag.py:2941} INFO - Sync 1 DAGs
[2023-11-03T00:21:58.400+0000] {logging_mixin.py:151} INFO - [2023-11-03T00:21:58.400+0000] {dag.py:3722} INFO - Setting next_dagrun for tutorial_dag to None, run_after=None
[2023-11-03T00:21:58.433+0000] {processor.py:179} INFO - Processing /home/airflow/.local/lib/python3.8/site-packages/airflow/example_dags/tutorial_dag.py took 0.093 seconds
[2023-11-03T00:22:28.723+0000] {processor.py:157} INFO - Started process (PID=3607) to work on /home/airflow/.local/lib/python3.8/site-packages/airflow/example_dags/tutorial_dag.py
[2023-11-03T00:22:28.725+0000] {processor.py:829} INFO - Processing file /home/airflow/.local/lib/python3.8/site-packages/airflow/example_dags/tutorial_dag.py for tasks to queue
[2023-11-03T00:22:28.727+0000] {logging_mixin.py:151} INFO - [2023-11-03T00:22:28.727+0000] {dagbag.py:536} INFO - Filling up the DagBag from /home/airflow/.local/lib/python3.8/site-packages/airflow/example_dags/tutorial_dag.py
[2023-11-03T00:22:28.734+0000] {processor.py:839} INFO - DAG(s) dict_keys(['tutorial_dag']) retrieved from /home/airflow/.local/lib/python3.8/site-packages/airflow/example_dags/tutorial_dag.py
[2023-11-03T00:22:28.763+0000] {logging_mixin.py:151} INFO - [2023-11-03T00:22:28.763+0000] {dag.py:2941} INFO - Sync 1 DAGs
[2023-11-03T00:22:28.777+0000] {logging_mixin.py:151} INFO - [2023-11-03T00:22:28.777+0000] {dag.py:3722} INFO - Setting next_dagrun for tutorial_dag to None, run_after=None
[2023-11-03T00:22:28.806+0000] {processor.py:179} INFO - Processing /home/airflow/.local/lib/python3.8/site-packages/airflow/example_dags/tutorial_dag.py took 0.086 seconds
[2023-11-03T00:22:59.248+0000] {processor.py:157} INFO - Started process (PID=3661) to work on /home/airflow/.local/lib/python3.8/site-packages/airflow/example_dags/tutorial_dag.py
[2023-11-03T00:22:59.249+0000] {processor.py:829} INFO - Processing file /home/airflow/.local/lib/python3.8/site-packages/airflow/example_dags/tutorial_dag.py for tasks to queue
[2023-11-03T00:22:59.251+0000] {logging_mixin.py:151} INFO - [2023-11-03T00:22:59.251+0000] {dagbag.py:536} INFO - Filling up the DagBag from /home/airflow/.local/lib/python3.8/site-packages/airflow/example_dags/tutorial_dag.py
[2023-11-03T00:22:59.257+0000] {processor.py:839} INFO - DAG(s) dict_keys(['tutorial_dag']) retrieved from /home/airflow/.local/lib/python3.8/site-packages/airflow/example_dags/tutorial_dag.py
[2023-11-03T00:22:59.283+0000] {logging_mixin.py:151} INFO - [2023-11-03T00:22:59.282+0000] {dag.py:2941} INFO - Sync 1 DAGs
[2023-11-03T00:22:59.297+0000] {logging_mixin.py:151} INFO - [2023-11-03T00:22:59.297+0000] {dag.py:3722} INFO - Setting next_dagrun for tutorial_dag to None, run_after=None
[2023-11-03T00:22:59.326+0000] {processor.py:179} INFO - Processing /home/airflow/.local/lib/python3.8/site-packages/airflow/example_dags/tutorial_dag.py took 0.081 seconds
[2023-11-03T00:23:29.664+0000] {processor.py:157} INFO - Started process (PID=3715) to work on /home/airflow/.local/lib/python3.8/site-packages/airflow/example_dags/tutorial_dag.py
[2023-11-03T00:23:29.665+0000] {processor.py:829} INFO - Processing file /home/airflow/.local/lib/python3.8/site-packages/airflow/example_dags/tutorial_dag.py for tasks to queue
[2023-11-03T00:23:29.667+0000] {logging_mixin.py:151} INFO - [2023-11-03T00:23:29.667+0000] {dagbag.py:536} INFO - Filling up the DagBag from /home/airflow/.local/lib/python3.8/site-packages/airflow/example_dags/tutorial_dag.py
[2023-11-03T00:23:29.673+0000] {processor.py:839} INFO - DAG(s) dict_keys(['tutorial_dag']) retrieved from /home/airflow/.local/lib/python3.8/site-packages/airflow/example_dags/tutorial_dag.py
[2023-11-03T00:23:29.701+0000] {logging_mixin.py:151} INFO - [2023-11-03T00:23:29.701+0000] {dag.py:2941} INFO - Sync 1 DAGs
[2023-11-03T00:23:29.716+0000] {logging_mixin.py:151} INFO - [2023-11-03T00:23:29.716+0000] {dag.py:3722} INFO - Setting next_dagrun for tutorial_dag to None, run_after=None
[2023-11-03T00:23:29.745+0000] {processor.py:179} INFO - Processing /home/airflow/.local/lib/python3.8/site-packages/airflow/example_dags/tutorial_dag.py took 0.085 seconds
[2023-11-03T00:24:00.076+0000] {processor.py:157} INFO - Started process (PID=3769) to work on /home/airflow/.local/lib/python3.8/site-packages/airflow/example_dags/tutorial_dag.py
[2023-11-03T00:24:00.078+0000] {processor.py:829} INFO - Processing file /home/airflow/.local/lib/python3.8/site-packages/airflow/example_dags/tutorial_dag.py for tasks to queue
[2023-11-03T00:24:00.082+0000] {logging_mixin.py:151} INFO - [2023-11-03T00:24:00.082+0000] {dagbag.py:536} INFO - Filling up the DagBag from /home/airflow/.local/lib/python3.8/site-packages/airflow/example_dags/tutorial_dag.py
[2023-11-03T00:24:00.088+0000] {processor.py:839} INFO - DAG(s) dict_keys(['tutorial_dag']) retrieved from /home/airflow/.local/lib/python3.8/site-packages/airflow/example_dags/tutorial_dag.py
[2023-11-03T00:24:00.128+0000] {logging_mixin.py:151} INFO - [2023-11-03T00:24:00.128+0000] {dag.py:2941} INFO - Sync 1 DAGs
[2023-11-03T00:24:00.146+0000] {logging_mixin.py:151} INFO - [2023-11-03T00:24:00.146+0000] {dag.py:3722} INFO - Setting next_dagrun for tutorial_dag to None, run_after=None
[2023-11-03T00:24:00.181+0000] {processor.py:179} INFO - Processing /home/airflow/.local/lib/python3.8/site-packages/airflow/example_dags/tutorial_dag.py took 0.109 seconds
[2023-11-03T00:24:30.257+0000] {processor.py:157} INFO - Started process (PID=3824) to work on /home/airflow/.local/lib/python3.8/site-packages/airflow/example_dags/tutorial_dag.py
[2023-11-03T00:24:30.258+0000] {processor.py:829} INFO - Processing file /home/airflow/.local/lib/python3.8/site-packages/airflow/example_dags/tutorial_dag.py for tasks to queue
[2023-11-03T00:24:30.261+0000] {logging_mixin.py:151} INFO - [2023-11-03T00:24:30.261+0000] {dagbag.py:536} INFO - Filling up the DagBag from /home/airflow/.local/lib/python3.8/site-packages/airflow/example_dags/tutorial_dag.py
[2023-11-03T00:24:30.268+0000] {processor.py:839} INFO - DAG(s) dict_keys(['tutorial_dag']) retrieved from /home/airflow/.local/lib/python3.8/site-packages/airflow/example_dags/tutorial_dag.py
[2023-11-03T00:24:30.297+0000] {logging_mixin.py:151} INFO - [2023-11-03T00:24:30.297+0000] {dag.py:2941} INFO - Sync 1 DAGs
[2023-11-03T00:24:30.313+0000] {logging_mixin.py:151} INFO - [2023-11-03T00:24:30.313+0000] {dag.py:3722} INFO - Setting next_dagrun for tutorial_dag to None, run_after=None
[2023-11-03T00:24:30.342+0000] {processor.py:179} INFO - Processing /home/airflow/.local/lib/python3.8/site-packages/airflow/example_dags/tutorial_dag.py took 0.089 seconds
[2023-11-03T00:25:00.526+0000] {processor.py:157} INFO - Started process (PID=3877) to work on /home/airflow/.local/lib/python3.8/site-packages/airflow/example_dags/tutorial_dag.py
[2023-11-03T00:25:00.528+0000] {processor.py:829} INFO - Processing file /home/airflow/.local/lib/python3.8/site-packages/airflow/example_dags/tutorial_dag.py for tasks to queue
[2023-11-03T00:25:00.530+0000] {logging_mixin.py:151} INFO - [2023-11-03T00:25:00.530+0000] {dagbag.py:536} INFO - Filling up the DagBag from /home/airflow/.local/lib/python3.8/site-packages/airflow/example_dags/tutorial_dag.py
[2023-11-03T00:25:00.537+0000] {processor.py:839} INFO - DAG(s) dict_keys(['tutorial_dag']) retrieved from /home/airflow/.local/lib/python3.8/site-packages/airflow/example_dags/tutorial_dag.py
[2023-11-03T00:25:00.568+0000] {logging_mixin.py:151} INFO - [2023-11-03T00:25:00.568+0000] {dag.py:2941} INFO - Sync 1 DAGs
[2023-11-03T00:25:00.584+0000] {logging_mixin.py:151} INFO - [2023-11-03T00:25:00.583+0000] {dag.py:3722} INFO - Setting next_dagrun for tutorial_dag to None, run_after=None
[2023-11-03T00:25:00.616+0000] {processor.py:179} INFO - Processing /home/airflow/.local/lib/python3.8/site-packages/airflow/example_dags/tutorial_dag.py took 0.094 seconds
[2023-11-03T00:25:30.755+0000] {processor.py:157} INFO - Started process (PID=3931) to work on /home/airflow/.local/lib/python3.8/site-packages/airflow/example_dags/tutorial_dag.py
[2023-11-03T00:25:30.756+0000] {processor.py:829} INFO - Processing file /home/airflow/.local/lib/python3.8/site-packages/airflow/example_dags/tutorial_dag.py for tasks to queue
[2023-11-03T00:25:30.759+0000] {logging_mixin.py:151} INFO - [2023-11-03T00:25:30.759+0000] {dagbag.py:536} INFO - Filling up the DagBag from /home/airflow/.local/lib/python3.8/site-packages/airflow/example_dags/tutorial_dag.py
[2023-11-03T00:25:30.766+0000] {processor.py:839} INFO - DAG(s) dict_keys(['tutorial_dag']) retrieved from /home/airflow/.local/lib/python3.8/site-packages/airflow/example_dags/tutorial_dag.py
[2023-11-03T00:25:30.794+0000] {logging_mixin.py:151} INFO - [2023-11-03T00:25:30.794+0000] {dag.py:2941} INFO - Sync 1 DAGs
[2023-11-03T00:25:30.807+0000] {logging_mixin.py:151} INFO - [2023-11-03T00:25:30.807+0000] {dag.py:3722} INFO - Setting next_dagrun for tutorial_dag to None, run_after=None
[2023-11-03T00:25:30.837+0000] {processor.py:179} INFO - Processing /home/airflow/.local/lib/python3.8/site-packages/airflow/example_dags/tutorial_dag.py took 0.086 seconds
[2023-11-03T00:26:00.926+0000] {processor.py:157} INFO - Started process (PID=3985) to work on /home/airflow/.local/lib/python3.8/site-packages/airflow/example_dags/tutorial_dag.py
[2023-11-03T00:26:00.927+0000] {processor.py:829} INFO - Processing file /home/airflow/.local/lib/python3.8/site-packages/airflow/example_dags/tutorial_dag.py for tasks to queue
[2023-11-03T00:26:00.930+0000] {logging_mixin.py:151} INFO - [2023-11-03T00:26:00.930+0000] {dagbag.py:536} INFO - Filling up the DagBag from /home/airflow/.local/lib/python3.8/site-packages/airflow/example_dags/tutorial_dag.py
[2023-11-03T00:26:00.936+0000] {processor.py:839} INFO - DAG(s) dict_keys(['tutorial_dag']) retrieved from /home/airflow/.local/lib/python3.8/site-packages/airflow/example_dags/tutorial_dag.py
[2023-11-03T00:26:00.962+0000] {logging_mixin.py:151} INFO - [2023-11-03T00:26:00.962+0000] {dag.py:2941} INFO - Sync 1 DAGs
[2023-11-03T00:26:00.977+0000] {logging_mixin.py:151} INFO - [2023-11-03T00:26:00.977+0000] {dag.py:3722} INFO - Setting next_dagrun for tutorial_dag to None, run_after=None
[2023-11-03T00:26:01.006+0000] {processor.py:179} INFO - Processing /home/airflow/.local/lib/python3.8/site-packages/airflow/example_dags/tutorial_dag.py took 0.084 seconds
[2023-11-03T00:26:31.146+0000] {processor.py:157} INFO - Started process (PID=4039) to work on /home/airflow/.local/lib/python3.8/site-packages/airflow/example_dags/tutorial_dag.py
[2023-11-03T00:26:31.148+0000] {processor.py:829} INFO - Processing file /home/airflow/.local/lib/python3.8/site-packages/airflow/example_dags/tutorial_dag.py for tasks to queue
[2023-11-03T00:26:31.150+0000] {logging_mixin.py:151} INFO - [2023-11-03T00:26:31.149+0000] {dagbag.py:536} INFO - Filling up the DagBag from /home/airflow/.local/lib/python3.8/site-packages/airflow/example_dags/tutorial_dag.py
[2023-11-03T00:26:31.157+0000] {processor.py:839} INFO - DAG(s) dict_keys(['tutorial_dag']) retrieved from /home/airflow/.local/lib/python3.8/site-packages/airflow/example_dags/tutorial_dag.py
[2023-11-03T00:26:31.184+0000] {logging_mixin.py:151} INFO - [2023-11-03T00:26:31.184+0000] {dag.py:2941} INFO - Sync 1 DAGs
[2023-11-03T00:26:31.198+0000] {logging_mixin.py:151} INFO - [2023-11-03T00:26:31.198+0000] {dag.py:3722} INFO - Setting next_dagrun for tutorial_dag to None, run_after=None
[2023-11-03T00:26:31.224+0000] {processor.py:179} INFO - Processing /home/airflow/.local/lib/python3.8/site-packages/airflow/example_dags/tutorial_dag.py took 0.081 seconds
[2023-11-03T00:27:01.340+0000] {processor.py:157} INFO - Started process (PID=4093) to work on /home/airflow/.local/lib/python3.8/site-packages/airflow/example_dags/tutorial_dag.py
[2023-11-03T00:27:01.341+0000] {processor.py:829} INFO - Processing file /home/airflow/.local/lib/python3.8/site-packages/airflow/example_dags/tutorial_dag.py for tasks to queue
[2023-11-03T00:27:01.343+0000] {logging_mixin.py:151} INFO - [2023-11-03T00:27:01.343+0000] {dagbag.py:536} INFO - Filling up the DagBag from /home/airflow/.local/lib/python3.8/site-packages/airflow/example_dags/tutorial_dag.py
[2023-11-03T00:27:01.349+0000] {processor.py:839} INFO - DAG(s) dict_keys(['tutorial_dag']) retrieved from /home/airflow/.local/lib/python3.8/site-packages/airflow/example_dags/tutorial_dag.py
[2023-11-03T00:27:01.376+0000] {logging_mixin.py:151} INFO - [2023-11-03T00:27:01.375+0000] {dag.py:2941} INFO - Sync 1 DAGs
[2023-11-03T00:27:01.391+0000] {logging_mixin.py:151} INFO - [2023-11-03T00:27:01.390+0000] {dag.py:3722} INFO - Setting next_dagrun for tutorial_dag to None, run_after=None
[2023-11-03T00:27:01.418+0000] {processor.py:179} INFO - Processing /home/airflow/.local/lib/python3.8/site-packages/airflow/example_dags/tutorial_dag.py took 0.081 seconds
[2023-11-03T00:27:31.517+0000] {processor.py:157} INFO - Started process (PID=4147) to work on /home/airflow/.local/lib/python3.8/site-packages/airflow/example_dags/tutorial_dag.py
[2023-11-03T00:27:31.519+0000] {processor.py:829} INFO - Processing file /home/airflow/.local/lib/python3.8/site-packages/airflow/example_dags/tutorial_dag.py for tasks to queue
[2023-11-03T00:27:31.521+0000] {logging_mixin.py:151} INFO - [2023-11-03T00:27:31.520+0000] {dagbag.py:536} INFO - Filling up the DagBag from /home/airflow/.local/lib/python3.8/site-packages/airflow/example_dags/tutorial_dag.py
[2023-11-03T00:27:31.526+0000] {processor.py:839} INFO - DAG(s) dict_keys(['tutorial_dag']) retrieved from /home/airflow/.local/lib/python3.8/site-packages/airflow/example_dags/tutorial_dag.py
[2023-11-03T00:27:31.555+0000] {logging_mixin.py:151} INFO - [2023-11-03T00:27:31.555+0000] {dag.py:2941} INFO - Sync 1 DAGs
[2023-11-03T00:27:31.569+0000] {logging_mixin.py:151} INFO - [2023-11-03T00:27:31.569+0000] {dag.py:3722} INFO - Setting next_dagrun for tutorial_dag to None, run_after=None
[2023-11-03T00:27:31.596+0000] {processor.py:179} INFO - Processing /home/airflow/.local/lib/python3.8/site-packages/airflow/example_dags/tutorial_dag.py took 0.081 seconds
[2023-11-03T00:28:01.723+0000] {processor.py:157} INFO - Started process (PID=4201) to work on /home/airflow/.local/lib/python3.8/site-packages/airflow/example_dags/tutorial_dag.py
[2023-11-03T00:28:01.724+0000] {processor.py:829} INFO - Processing file /home/airflow/.local/lib/python3.8/site-packages/airflow/example_dags/tutorial_dag.py for tasks to queue
[2023-11-03T00:28:01.727+0000] {logging_mixin.py:151} INFO - [2023-11-03T00:28:01.726+0000] {dagbag.py:536} INFO - Filling up the DagBag from /home/airflow/.local/lib/python3.8/site-packages/airflow/example_dags/tutorial_dag.py
[2023-11-03T00:28:01.733+0000] {processor.py:839} INFO - DAG(s) dict_keys(['tutorial_dag']) retrieved from /home/airflow/.local/lib/python3.8/site-packages/airflow/example_dags/tutorial_dag.py
[2023-11-03T00:28:01.756+0000] {logging_mixin.py:151} INFO - [2023-11-03T00:28:01.756+0000] {dag.py:2941} INFO - Sync 1 DAGs
[2023-11-03T00:28:01.772+0000] {logging_mixin.py:151} INFO - [2023-11-03T00:28:01.772+0000] {dag.py:3722} INFO - Setting next_dagrun for tutorial_dag to None, run_after=None
[2023-11-03T00:28:01.799+0000] {processor.py:179} INFO - Processing /home/airflow/.local/lib/python3.8/site-packages/airflow/example_dags/tutorial_dag.py took 0.080 seconds
[2023-11-03T00:28:32.016+0000] {processor.py:157} INFO - Started process (PID=4255) to work on /home/airflow/.local/lib/python3.8/site-packages/airflow/example_dags/tutorial_dag.py
[2023-11-03T00:28:32.018+0000] {processor.py:829} INFO - Processing file /home/airflow/.local/lib/python3.8/site-packages/airflow/example_dags/tutorial_dag.py for tasks to queue
[2023-11-03T00:28:32.020+0000] {logging_mixin.py:151} INFO - [2023-11-03T00:28:32.019+0000] {dagbag.py:536} INFO - Filling up the DagBag from /home/airflow/.local/lib/python3.8/site-packages/airflow/example_dags/tutorial_dag.py
[2023-11-03T00:28:32.026+0000] {processor.py:839} INFO - DAG(s) dict_keys(['tutorial_dag']) retrieved from /home/airflow/.local/lib/python3.8/site-packages/airflow/example_dags/tutorial_dag.py
[2023-11-03T00:28:32.052+0000] {logging_mixin.py:151} INFO - [2023-11-03T00:28:32.052+0000] {dag.py:2941} INFO - Sync 1 DAGs
[2023-11-03T00:28:32.067+0000] {logging_mixin.py:151} INFO - [2023-11-03T00:28:32.067+0000] {dag.py:3722} INFO - Setting next_dagrun for tutorial_dag to None, run_after=None
[2023-11-03T00:28:32.098+0000] {processor.py:179} INFO - Processing /home/airflow/.local/lib/python3.8/site-packages/airflow/example_dags/tutorial_dag.py took 0.085 seconds
[2023-11-03T00:29:02.369+0000] {processor.py:157} INFO - Started process (PID=4310) to work on /home/airflow/.local/lib/python3.8/site-packages/airflow/example_dags/tutorial_dag.py
[2023-11-03T00:29:02.371+0000] {processor.py:829} INFO - Processing file /home/airflow/.local/lib/python3.8/site-packages/airflow/example_dags/tutorial_dag.py for tasks to queue
[2023-11-03T00:29:02.373+0000] {logging_mixin.py:151} INFO - [2023-11-03T00:29:02.373+0000] {dagbag.py:536} INFO - Filling up the DagBag from /home/airflow/.local/lib/python3.8/site-packages/airflow/example_dags/tutorial_dag.py
[2023-11-03T00:29:02.378+0000] {processor.py:839} INFO - DAG(s) dict_keys(['tutorial_dag']) retrieved from /home/airflow/.local/lib/python3.8/site-packages/airflow/example_dags/tutorial_dag.py
[2023-11-03T00:29:02.404+0000] {logging_mixin.py:151} INFO - [2023-11-03T00:29:02.404+0000] {dag.py:2941} INFO - Sync 1 DAGs
[2023-11-03T00:29:02.418+0000] {logging_mixin.py:151} INFO - [2023-11-03T00:29:02.418+0000] {dag.py:3722} INFO - Setting next_dagrun for tutorial_dag to None, run_after=None
[2023-11-03T00:29:02.445+0000] {processor.py:179} INFO - Processing /home/airflow/.local/lib/python3.8/site-packages/airflow/example_dags/tutorial_dag.py took 0.079 seconds
[2023-11-03T00:29:32.491+0000] {processor.py:157} INFO - Started process (PID=4363) to work on /home/airflow/.local/lib/python3.8/site-packages/airflow/example_dags/tutorial_dag.py
[2023-11-03T00:29:32.491+0000] {processor.py:829} INFO - Processing file /home/airflow/.local/lib/python3.8/site-packages/airflow/example_dags/tutorial_dag.py for tasks to queue
[2023-11-03T00:29:32.493+0000] {logging_mixin.py:151} INFO - [2023-11-03T00:29:32.493+0000] {dagbag.py:536} INFO - Filling up the DagBag from /home/airflow/.local/lib/python3.8/site-packages/airflow/example_dags/tutorial_dag.py
[2023-11-03T00:29:32.499+0000] {processor.py:839} INFO - DAG(s) dict_keys(['tutorial_dag']) retrieved from /home/airflow/.local/lib/python3.8/site-packages/airflow/example_dags/tutorial_dag.py
[2023-11-03T00:29:32.525+0000] {logging_mixin.py:151} INFO - [2023-11-03T00:29:32.525+0000] {dag.py:2941} INFO - Sync 1 DAGs
[2023-11-03T00:29:32.539+0000] {logging_mixin.py:151} INFO - [2023-11-03T00:29:32.539+0000] {dag.py:3722} INFO - Setting next_dagrun for tutorial_dag to None, run_after=None
[2023-11-03T00:29:32.567+0000] {processor.py:179} INFO - Processing /home/airflow/.local/lib/python3.8/site-packages/airflow/example_dags/tutorial_dag.py took 0.080 seconds
[2023-11-03T00:30:03.433+0000] {processor.py:157} INFO - Started process (PID=4415) to work on /home/airflow/.local/lib/python3.8/site-packages/airflow/example_dags/tutorial_dag.py
[2023-11-03T00:30:03.442+0000] {processor.py:829} INFO - Processing file /home/airflow/.local/lib/python3.8/site-packages/airflow/example_dags/tutorial_dag.py for tasks to queue
[2023-11-03T00:30:03.445+0000] {logging_mixin.py:151} INFO - [2023-11-03T00:30:03.444+0000] {dagbag.py:536} INFO - Filling up the DagBag from /home/airflow/.local/lib/python3.8/site-packages/airflow/example_dags/tutorial_dag.py
[2023-11-03T00:30:03.459+0000] {processor.py:839} INFO - DAG(s) dict_keys(['tutorial_dag']) retrieved from /home/airflow/.local/lib/python3.8/site-packages/airflow/example_dags/tutorial_dag.py
[2023-11-03T00:30:03.516+0000] {logging_mixin.py:151} INFO - [2023-11-03T00:30:03.516+0000] {dag.py:2941} INFO - Sync 1 DAGs
[2023-11-03T00:30:03.534+0000] {logging_mixin.py:151} INFO - [2023-11-03T00:30:03.533+0000] {dag.py:3722} INFO - Setting next_dagrun for tutorial_dag to None, run_after=None
[2023-11-03T00:30:03.589+0000] {processor.py:179} INFO - Processing /home/airflow/.local/lib/python3.8/site-packages/airflow/example_dags/tutorial_dag.py took 0.162 seconds
[2023-11-03T00:30:33.736+0000] {processor.py:157} INFO - Started process (PID=4469) to work on /home/airflow/.local/lib/python3.8/site-packages/airflow/example_dags/tutorial_dag.py
[2023-11-03T00:30:33.737+0000] {processor.py:829} INFO - Processing file /home/airflow/.local/lib/python3.8/site-packages/airflow/example_dags/tutorial_dag.py for tasks to queue
[2023-11-03T00:30:33.739+0000] {logging_mixin.py:151} INFO - [2023-11-03T00:30:33.739+0000] {dagbag.py:536} INFO - Filling up the DagBag from /home/airflow/.local/lib/python3.8/site-packages/airflow/example_dags/tutorial_dag.py
[2023-11-03T00:30:33.745+0000] {processor.py:839} INFO - DAG(s) dict_keys(['tutorial_dag']) retrieved from /home/airflow/.local/lib/python3.8/site-packages/airflow/example_dags/tutorial_dag.py
[2023-11-03T00:30:33.778+0000] {logging_mixin.py:151} INFO - [2023-11-03T00:30:33.777+0000] {dag.py:2941} INFO - Sync 1 DAGs
[2023-11-03T00:30:33.791+0000] {logging_mixin.py:151} INFO - [2023-11-03T00:30:33.790+0000] {dag.py:3722} INFO - Setting next_dagrun for tutorial_dag to None, run_after=None
[2023-11-03T00:30:33.825+0000] {processor.py:179} INFO - Processing /home/airflow/.local/lib/python3.8/site-packages/airflow/example_dags/tutorial_dag.py took 0.092 seconds
